<?xml version="1.0" encoding="utf-8"?>
<AnalysisProgramOfRegionAnalysisSessionString xmlns:xsd="http://www.w3.org/2001/XMLSchema" xmlns:xsi="http://www.w3.org/2001/XMLSchema-instance">
  <SaveName>BuildFailureReason/Java/square@retrofit</SaveName>
  <LearningData>
    <InputPaths>
      <string>Java/square@retrofit/failed/403602199.log</string>
      <string>Java/square@retrofit/failed/456148330.log</string>
      <string>Java/square@retrofit/failed/457858424.log</string>
      <string>Java/square@retrofit/failed/482509524.log</string>
      <string>Java/square@retrofit/failed/482520685.log</string>
      <string>Java/square@retrofit/failed/484944937.log</string>
      <string>Java/square@retrofit/failed/484991823.log</string>
      <string>Java/square@retrofit/failed/485715287.log</string>
      <string>Java/square@retrofit/failed/494086613.log</string>
      <string>Java/square@retrofit/failed/553410971.log</string>
    </InputPaths>
    <Examples>
      <ExampleDataOfString>
        <InputPath>Java/square@retrofit/failed/403602199.log</InputPath>
        <Output>malformedContentTypeHeaderThrows(retrofit2.RequestFactoryTest)  Time elapsed: 0.02 sec  &lt;&lt;&lt; FAILURE!
java.lang.AssertionError: 
Expecting message:
 &lt;"Malformed content type: hello, world!
    for method Example.method">
but was:
 &lt;"No subtype found for: "hello, world!"">
  at retrofit2.RequestFactoryTest.malformedContentTypeHeaderThrows(RequestFactoryTest.java:2505)
  at sun.reflect.NativeMethodAccessorImpl.invoke0(Native Method)
  at sun.reflect.NativeMethodAccessorImpl.invoke(NativeMethodAccessorImpl.java:62)
  at sun.reflect.DelegatingMethodAccessorImpl.invoke(DelegatingMethodAccessorImpl.java:43)
  at java.lang.reflect.Method.invoke(Method.java:498)
  at org.junit.runners.model.FrameworkMethod$1.runReflectiveCall(FrameworkMethod.java:50)
  at org.junit.internal.runners.model.ReflectiveCallable.run(ReflectiveCallable.java:12)
  at org.junit.runners.model.FrameworkMethod.invokeExplosively(FrameworkMethod.java:47)
  at org.junit.internal.runners.statements.InvokeMethod.evaluate(InvokeMethod.java:17)
  at org.junit.runners.ParentRunner.runLeaf(ParentRunner.java:325)
  at org.junit.runners.BlockJUnit4ClassRunner.runChild(BlockJUnit4ClassRunner.java:78)
  at org.junit.runners.BlockJUnit4ClassRunner.runChild(BlockJUnit4ClassRunner.java:57)
  at org.junit.runners.ParentRunner$3.run(ParentRunner.java:290)
  at org.junit.runners.ParentRunner$1.schedule(ParentRunner.java:71)
  at org.junit.runners.ParentRunner.runChildren(ParentRunner.java:288)
  at org.junit.runners.ParentRunner.access$000(ParentRunner.java:58)
  at org.junit.runners.ParentRunner$2.evaluate(ParentRunner.java:268)
  at org.junit.runners.ParentRunner.run(ParentRunner.java:363)
  at org.apache.maven.surefire.junit4.JUnit4Provider.execute(JUnit4Provider.java:252)
  at org.apache.maven.surefire.junit4.JUnit4Provider.executeTestSet(JUnit4Provider.java:141)
  at org.apache.maven.surefire.junit4.JUnit4Provider.invoke(JUnit4Provider.java:112)
  at sun.reflect.NativeMethodAccessorImpl.invoke0(Native Method)
  at sun.reflect.NativeMethodAccessorImpl.invoke(NativeMethodAccessorImpl.java:62)
  at sun.reflect.DelegatingMethodAccessorImpl.invoke(DelegatingMethodAccessorImpl.java:43)
  at java.lang.reflect.Method.invoke(Method.java:498)
  at org.apache.maven.surefire.util.ReflectionUtils.invokeMethodWithArray(ReflectionUtils.java:189)
  at org.apache.maven.surefire.booter.ProviderFactory$ProviderProxy.invoke(ProviderFactory.java:165)
  at org.apache.maven.surefire.booter.ProviderFactory.invokeProvider(ProviderFactory.java:85)
  at org.apache.maven.surefire.booter.ForkedBooter.runSuitesInProcess(ForkedBooter.java:115)
  at org.apache.maven.surefire.booter.ForkedBooter.main(ForkedBooter.java:75)

malformedContentTypeParameterThrows(retrofit2.RequestFactoryTest)  Time elapsed: 0.003 sec  &lt;&lt;&lt; FAILURE!
java.lang.AssertionError: 
Expecting message:
 &lt;"Malformed content type: hello, world!">
but was:
 &lt;"No subtype found for: "hello, world!"">
  at retrofit2.RequestFactoryTest.malformedContentTypeParameterThrows(RequestFactoryTest.java:2546)
  at sun.reflect.NativeMethodAccessorImpl.invoke0(Native Method)
  at sun.reflect.NativeMethodAccessorImpl.invoke(NativeMethodAccessorImpl.java:62)
  at sun.reflect.DelegatingMethodAccessorImpl.invoke(DelegatingMethodAccessorImpl.java:43)
  at java.lang.reflect.Method.invoke(Method.java:498)
  at org.junit.runners.model.FrameworkMethod$1.runReflectiveCall(FrameworkMethod.java:50)
  at org.junit.internal.runners.model.ReflectiveCallable.run(ReflectiveCallable.java:12)
  at org.junit.runners.model.FrameworkMethod.invokeExplosively(FrameworkMethod.java:47)
  at org.junit.internal.runners.statements.InvokeMethod.evaluate(InvokeMethod.java:17)
  at org.junit.runners.ParentRunner.runLeaf(ParentRunner.java:325)
  at org.junit.runners.BlockJUnit4ClassRunner.runChild(BlockJUnit4ClassRunner.java:78)
  at org.junit.runners.BlockJUnit4ClassRunner.runChild(BlockJUnit4ClassRunner.java:57)
  at org.junit.runners.ParentRunner$3.run(ParentRunner.java:290)
  at org.junit.runners.ParentRunner$1.schedule(ParentRunner.java:71)
  at org.junit.runners.ParentRunner.runChildren(ParentRunner.java:288)
  at org.junit.runners.ParentRunner.access$000(ParentRunner.java:58)
  at org.junit.runners.ParentRunner$2.evaluate(ParentRunner.java:268)
  at org.junit.runners.ParentRunner.run(ParentRunner.java:363)
  at org.apache.maven.surefire.junit4.JUnit4Provider.execute(JUnit4Provider.java:252)
  at org.apache.maven.surefire.junit4.JUnit4Provider.executeTestSet(JUnit4Provider.java:141)
  at org.apache.maven.surefire.junit4.JUnit4Provider.invoke(JUnit4Provider.java:112)
  at sun.reflect.NativeMethodAccessorImpl.invoke0(Native Method)
  at sun.reflect.NativeMethodAccessorImpl.invoke(NativeMethodAccessorImpl.java:62)
  at sun.reflect.DelegatingMethodAccessorImpl.invoke(DelegatingMethodAccessorImpl.java:43)
  at java.lang.reflect.Method.invoke(Method.java:498)
  at org.apache.maven.surefire.util.ReflectionUtils.invokeMethodWithArray(ReflectionUtils.java:189)
  at org.apache.maven.surefire.booter.ProviderFactory$ProviderProxy.invoke(ProviderFactory.java:165)
  at org.apache.maven.surefire.booter.ProviderFactory.invokeProvider(ProviderFactory.java:85)
  at org.apache.maven.surefire.booter.ForkedBooter.runSuitesInProcess(ForkedBooter.java:115)
  at org.apache.maven.surefire.booter.ForkedBooter.main(ForkedBooter.java:75)</Output>
      </ExampleDataOfString>
      <ExampleDataOfString>
        <InputPath>Java/square@retrofit/failed/456148330.log</InputPath>
        <Output>Cloning into 'square/retrofit'...
warning: Could not find remote branch jakew/readmes/2018-11-16 to clone.
fatal: Remote branch jakew/readmes/2018-11-16 not found in upstream origin

[31;1mThe command "eval git clone --depth=50 --branch=jakew/readmes/2018-11-16 https://github.com/square/retrofit.git square/retrofit " failed. Retrying, 2 of 3.[0m

Cloning into 'square/retrofit'...
warning: Could not find remote branch jakew/readmes/2018-11-16 to clone.
fatal: Remote branch jakew/readmes/2018-11-16 not found in upstream origin

[31;1mThe command "eval git clone --depth=50 --branch=jakew/readmes/2018-11-16 https://github.com/square/retrofit.git square/retrofit " failed. Retrying, 3 of 3.[0m

Cloning into 'square/retrofit'...
warning: Could not find remote branch jakew/readmes/2018-11-16 to clone.
fatal: Remote branch jakew/readmes/2018-11-16 not found in upstream origin

[31;1mThe command "eval git clone --depth=50 --branch=jakew/readmes/2018-11-16 https://github.com/square/retrofit.git square/retrofit " failed 3 times.</Output>
      </ExampleDataOfString>
      <ExampleDataOfString>
        <InputPath>Java/square@retrofit/failed/457858424.log</InputPath>
        <Output>pathParametersAndPathTraversal(retrofit2.RequestFactoryTest)  Time elapsed: 0.006 sec  &lt;&lt;&lt; ERROR!
java.lang.IllegalArgumentException: @Path parameters shouldn't perform path traversal ('.' or '..'): ./a
  at retrofit2.RequestBuilder.addPathParam(RequestBuilder.java:113)
  at retrofit2.ParameterHandler$Path.apply(ParameterHandler.java:99)
  at retrofit2.RequestFactory.create(RequestFactory.java:108)
  at retrofit2.RequestFactoryTest.buildRequest(RequestFactoryTest.java:2887)
  at retrofit2.RequestFactoryTest.buildRequest(RequestFactoryTest.java:2900)
  at retrofit2.RequestFactoryTest.pathParametersAndPathTraversal(RequestFactoryTest.java:892)
  at sun.reflect.NativeMethodAccessorImpl.invoke0(Native Method)
  at sun.reflect.NativeMethodAccessorImpl.invoke(NativeMethodAccessorImpl.java:62)
  at sun.reflect.DelegatingMethodAccessorImpl.invoke(DelegatingMethodAccessorImpl.java:43)
  at java.lang.reflect.Method.invoke(Method.java:498)
  at org.junit.runners.model.FrameworkMethod$1.runReflectiveCall(FrameworkMethod.java:50)
  at org.junit.internal.runners.model.ReflectiveCallable.run(ReflectiveCallable.java:12)
  at org.junit.runners.model.FrameworkMethod.invokeExplosively(FrameworkMethod.java:47)
  at org.junit.internal.runners.statements.InvokeMethod.evaluate(InvokeMethod.java:17)
  at org.junit.runners.ParentRunner.runLeaf(ParentRunner.java:325)
  at org.junit.runners.BlockJUnit4ClassRunner.runChild(BlockJUnit4ClassRunner.java:78)
  at org.junit.runners.BlockJUnit4ClassRunner.runChild(BlockJUnit4ClassRunner.java:57)
  at org.junit.runners.ParentRunner$3.run(ParentRunner.java:290)
  at org.junit.runners.ParentRunner$1.schedule(ParentRunner.java:71)
  at org.junit.runners.ParentRunner.runChildren(ParentRunner.java:288)
  at org.junit.runners.ParentRunner.access$000(ParentRunner.java:58)
  at org.junit.runners.ParentRunner$2.evaluate(ParentRunner.java:268)
  at org.junit.runners.ParentRunner.run(ParentRunner.java:363)
  at org.apache.maven.surefire.junit4.JUnit4Provider.execute(JUnit4Provider.java:252)
  at org.apache.maven.surefire.junit4.JUnit4Provider.executeTestSet(JUnit4Provider.java:141)
  at org.apache.maven.surefire.junit4.JUnit4Provider.invoke(JUnit4Provider.java:112)
  at sun.reflect.NativeMethodAccessorImpl.invoke0(Native Method)
  at sun.reflect.NativeMethodAccessorImpl.invoke(NativeMethodAccessorImpl.java:62)
  at sun.reflect.DelegatingMethodAccessorImpl.invoke(DelegatingMethodAccessorImpl.java:43)
  at java.lang.reflect.Method.invoke(Method.java:498)
  at org.apache.maven.surefire.util.ReflectionUtils.invokeMethodWithArray(ReflectionUtils.java:189)
  at org.apache.maven.surefire.booter.ProviderFactory$ProviderProxy.invoke(ProviderFactory.java:165)
  at org.apache.maven.surefire.booter.ProviderFactory.invokeProvider(ProviderFactory.java:85)
  at org.apache.maven.surefire.booter.ForkedBooter.runSuitesInProcess(ForkedBooter.java:115)
  at org.apache.maven.surefire.booter.ForkedBooter.main(ForkedBooter.java:75)

getWithUnencodedPathSegmentsPreventsRequestSplitting(retrofit2.RequestFactoryTest)  Time elapsed: 0.007 sec  &lt;&lt;&lt; FAILURE!
org.junit.ComparisonFailure: expected:&lt;...mple.com/foo/bar/baz[%2F]%0D%0Aheader:%20blue...> but was:&lt;...mple.com/foo/bar/baz[/]%0D%0Aheader:%20blue...>
  at sun.reflect.NativeConstructorAccessorImpl.newInstance0(Native Method)
  at sun.reflect.NativeConstructorAccessorImpl.newInstance(NativeConstructorAccessorImpl.java:62)
  at sun.reflect.DelegatingConstructorAccessorImpl.newInstance(DelegatingConstructorAccessorImpl.java:45)
  at retrofit2.RequestFactoryTest.getWithUnencodedPathSegmentsPreventsRequestSplitting(RequestFactoryTest.java:863)
  at sun.reflect.NativeMethodAccessorImpl.invoke0(Native Method)
  at sun.reflect.NativeMethodAccessorImpl.invoke(NativeMethodAccessorImpl.java:62)
  at sun.reflect.DelegatingMethodAccessorImpl.invoke(DelegatingMethodAccessorImpl.java:43)
  at java.lang.reflect.Method.invoke(Method.java:498)
  at org.junit.runners.model.FrameworkMethod$1.runReflectiveCall(FrameworkMethod.java:50)
  at org.junit.internal.runners.model.ReflectiveCallable.run(ReflectiveCallable.java:12)
  at org.junit.runners.model.FrameworkMethod.invokeExplosively(FrameworkMethod.java:47)
  at org.junit.internal.runners.statements.InvokeMethod.evaluate(InvokeMethod.java:17)
  at org.junit.runners.ParentRunner.runLeaf(ParentRunner.java:325)
  at org.junit.runners.BlockJUnit4ClassRunner.runChild(BlockJUnit4ClassRunner.java:78)
  at org.junit.runners.BlockJUnit4ClassRunner.runChild(BlockJUnit4ClassRunner.java:57)
  at org.junit.runners.ParentRunner$3.run(ParentRunner.java:290)
  at org.junit.runners.ParentRunner$1.schedule(ParentRunner.java:71)
  at org.junit.runners.ParentRunner.runChildren(ParentRunner.java:288)
  at org.junit.runners.ParentRunner.access$000(ParentRunner.java:58)
  at org.junit.runners.ParentRunner$2.evaluate(ParentRunner.java:268)
  at org.junit.runners.ParentRunner.run(ParentRunner.java:363)
  at org.apache.maven.surefire.junit4.JUnit4Provider.execute(JUnit4Provider.java:252)
  at org.apache.maven.surefire.junit4.JUnit4Provider.executeTestSet(JUnit4Provider.java:141)
  at org.apache.maven.surefire.junit4.JUnit4Provider.invoke(JUnit4Provider.java:112)
  at sun.reflect.NativeMethodAccessorImpl.invoke0(Native Method)
  at sun.reflect.NativeMethodAccessorImpl.invoke(NativeMethodAccessorImpl.java:62)
  at sun.reflect.DelegatingMethodAccessorImpl.invoke(DelegatingMethodAccessorImpl.java:43)
  at java.lang.reflect.Method.invoke(Method.java:498)
  at org.apache.maven.surefire.util.ReflectionUtils.invokeMethodWithArray(ReflectionUtils.java:189)
  at org.apache.maven.surefire.booter.ProviderFactory$ProviderProxy.invoke(ProviderFactory.java:165)
  at org.apache.maven.surefire.booter.ProviderFactory.invokeProvider(ProviderFactory.java:85)
  at org.apache.maven.surefire.booter.ForkedBooter.runSuitesInProcess(ForkedBooter.java:115)
  at org.apache.maven.surefire.booter.ForkedBooter.main(ForkedBooter.java:75)</Output>
      </ExampleDataOfString>
      <ExampleDataOfString>
        <InputPath>Java/square@retrofit/failed/482509524.log</InputPath>
        <Output>getWithNullUrl(retrofit2.RequestFactoryTest)  Time elapsed: 0.007 sec  &lt;&lt;&lt; ERROR!
java.lang.IllegalArgumentException: @Url parameter is null. (parameter #1)
    for method Example.method
  at retrofit2.Utils.methodError(Utils.java:52)
  at retrofit2.Utils.parameterError(Utils.java:57)
  at retrofit2.ParameterHandler$RelativeUrl.apply(ParameterHandler.java:71)
  at retrofit2.RequestFactory.create(RequestFactory.java:108)
  at retrofit2.RequestFactoryTest.buildRequest(RequestFactoryTest.java:2887)
  at retrofit2.RequestFactoryTest.buildRequest(RequestFactoryTest.java:2900)
  at retrofit2.RequestFactoryTest.getWithNullUrl(RequestFactoryTest.java:1457)
  at sun.reflect.NativeMethodAccessorImpl.invoke0(Native Method)
  at sun.reflect.NativeMethodAccessorImpl.invoke(NativeMethodAccessorImpl.java:62)
  at sun.reflect.DelegatingMethodAccessorImpl.invoke(DelegatingMethodAccessorImpl.java:43)
  at java.lang.reflect.Method.invoke(Method.java:498)
  at org.junit.runners.model.FrameworkMethod$1.runReflectiveCall(FrameworkMethod.java:50)
  at org.junit.internal.runners.model.ReflectiveCallable.run(ReflectiveCallable.java:12)
  at org.junit.runners.model.FrameworkMethod.invokeExplosively(FrameworkMethod.java:47)
  at org.junit.internal.runners.statements.InvokeMethod.evaluate(InvokeMethod.java:17)
  at org.junit.runners.ParentRunner.runLeaf(ParentRunner.java:325)
  at org.junit.runners.BlockJUnit4ClassRunner.runChild(BlockJUnit4ClassRunner.java:78)
  at org.junit.runners.BlockJUnit4ClassRunner.runChild(BlockJUnit4ClassRunner.java:57)
  at org.junit.runners.ParentRunner$3.run(ParentRunner.java:290)
  at org.junit.runners.ParentRunner$1.schedule(ParentRunner.java:71)
  at org.junit.runners.ParentRunner.runChildren(ParentRunner.java:288)
  at org.junit.runners.ParentRunner.access$000(ParentRunner.java:58)
  at org.junit.runners.ParentRunner$2.evaluate(ParentRunner.java:268)
  at org.junit.runners.ParentRunner.run(ParentRunner.java:363)
  at org.apache.maven.surefire.junit4.JUnit4Provider.execute(JUnit4Provider.java:252)
  at org.apache.maven.surefire.junit4.JUnit4Provider.executeTestSet(JUnit4Provider.java:141)
  at org.apache.maven.surefire.junit4.JUnit4Provider.invoke(JUnit4Provider.java:112)
  at sun.reflect.NativeMethodAccessorImpl.invoke0(Native Method)
  at sun.reflect.NativeMethodAccessorImpl.invoke(NativeMethodAccessorImpl.java:62)
  at sun.reflect.DelegatingMethodAccessorImpl.invoke(DelegatingMethodAccessorImpl.java:43)
  at java.lang.reflect.Method.invoke(Method.java:498)
  at org.apache.maven.surefire.util.ReflectionUtils.invokeMethodWithArray(ReflectionUtils.java:189)
  at org.apache.maven.surefire.booter.ProviderFactory$ProviderProxy.invoke(ProviderFactory.java:165)
  at org.apache.maven.surefire.booter.ProviderFactory.invokeProvider(ProviderFactory.java:85)
  at org.apache.maven.surefire.booter.ForkedBooter.runSuitesInProcess(ForkedBooter.java:115)
  at org.apache.maven.surefire.booter.ForkedBooter.main(ForkedBooter.java:75)
Caused by: java.lang.NullPointerException: @Url parameter is null.
  at retrofit2.Utils.checkNotNull(Utils.java:304)
  at retrofit2.ParameterHandler$RelativeUrl.apply(ParameterHandler.java:69)
  ... 33 more

pathParamRequired(retrofit2.RequestFactoryTest)  Time elapsed: 0.007 sec  &lt;&lt;&lt; FAILURE!
org.junit.ComparisonFailure: expected:&lt;...ue must not be null.[]"> but was:&lt;...ue must not be null.[ (parameter #1)
    for method Example.method]">
  at sun.reflect.NativeConstructorAccessorImpl.newInstance0(Native Method)
  at sun.reflect.NativeConstructorAccessorImpl.newInstance(NativeConstructorAccessorImpl.java:62)
  at sun.reflect.DelegatingConstructorAccessorImpl.newInstance(DelegatingConstructorAccessorImpl.java:45)
  at retrofit2.RequestFactoryTest.pathParamRequired(RequestFactoryTest.java:974)
  at sun.reflect.NativeMethodAccessorImpl.invoke0(Native Method)
  at sun.reflect.NativeMethodAccessorImpl.invoke(NativeMethodAccessorImpl.java:62)
  at sun.reflect.DelegatingMethodAccessorImpl.invoke(DelegatingMethodAccessorImpl.java:43)
  at java.lang.reflect.Method.invoke(Method.java:498)
  at org.junit.runners.model.FrameworkMethod$1.runReflectiveCall(FrameworkMethod.java:50)
  at org.junit.internal.runners.model.ReflectiveCallable.run(ReflectiveCallable.java:12)
  at org.junit.runners.model.FrameworkMethod.invokeExplosively(FrameworkMethod.java:47)
  at org.junit.internal.runners.statements.InvokeMethod.evaluate(InvokeMethod.java:17)
  at org.junit.runners.ParentRunner.runLeaf(ParentRunner.java:325)
  at org.junit.runners.BlockJUnit4ClassRunner.runChild(BlockJUnit4ClassRunner.java:78)
  at org.junit.runners.BlockJUnit4ClassRunner.runChild(BlockJUnit4ClassRunner.java:57)
  at org.junit.runners.ParentRunner$3.run(ParentRunner.java:290)
  at org.junit.runners.ParentRunner$1.schedule(ParentRunner.java:71)
  at org.junit.runners.ParentRunner.runChildren(ParentRunner.java:288)
  at org.junit.runners.ParentRunner.access$000(ParentRunner.java:58)
  at org.junit.runners.ParentRunner$2.evaluate(ParentRunner.java:268)
  at org.junit.runners.ParentRunner.run(ParentRunner.java:363)
  at org.apache.maven.surefire.junit4.JUnit4Provider.execute(JUnit4Provider.java:252)
  at org.apache.maven.surefire.junit4.JUnit4Provider.executeTestSet(JUnit4Provider.java:141)
  at org.apache.maven.surefire.junit4.JUnit4Provider.invoke(JUnit4Provider.java:112)
  at sun.reflect.NativeMethodAccessorImpl.invoke0(Native Method)
  at sun.reflect.NativeMethodAccessorImpl.invoke(NativeMethodAccessorImpl.java:62)
  at sun.reflect.DelegatingMethodAccessorImpl.invoke(DelegatingMethodAccessorImpl.java:43)
  at java.lang.reflect.Method.invoke(Method.java:498)
  at org.apache.maven.surefire.util.ReflectionUtils.invokeMethodWithArray(ReflectionUtils.java:189)
  at org.apache.maven.surefire.booter.ProviderFactory$ProviderProxy.invoke(ProviderFactory.java:165)
  at org.apache.maven.surefire.booter.ProviderFactory.invokeProvider(ProviderFactory.java:85)
  at org.apache.maven.surefire.booter.ForkedBooter.runSuitesInProcess(ForkedBooter.java:115)
  at org.apache.maven.surefire.booter.ForkedBooter.main(ForkedBooter.java:75)

headerMapRejectsNull(retrofit2.RequestFactoryTest)  Time elapsed: 0.005 sec  &lt;&lt;&lt; FAILURE!
java.lang.AssertionError: 
Expecting message:
 &lt;"Header map was null.">
but was:
 &lt;"Header map was null. (parameter #1)
    for method Example.method">
  at retrofit2.RequestFactoryTest.headerMapRejectsNull(RequestFactoryTest.java:604)
  at sun.reflect.NativeMethodAccessorImpl.invoke0(Native Method)
  at sun.reflect.NativeMethodAccessorImpl.invoke(NativeMethodAccessorImpl.java:62)
  at sun.reflect.DelegatingMethodAccessorImpl.invoke(DelegatingMethodAccessorImpl.java:43)
  at java.lang.reflect.Method.invoke(Method.java:498)
  at org.junit.runners.model.FrameworkMethod$1.runReflectiveCall(FrameworkMethod.java:50)
  at org.junit.internal.runners.model.ReflectiveCallable.run(ReflectiveCallable.java:12)
  at org.junit.runners.model.FrameworkMethod.invokeExplosively(FrameworkMethod.java:47)
  at org.junit.internal.runners.statements.InvokeMethod.evaluate(InvokeMethod.java:17)
  at org.junit.runners.ParentRunner.runLeaf(ParentRunner.java:325)
  at org.junit.runners.BlockJUnit4ClassRunner.runChild(BlockJUnit4ClassRunner.java:78)
  at org.junit.runners.BlockJUnit4ClassRunner.runChild(BlockJUnit4ClassRunner.java:57)
  at org.junit.runners.ParentRunner$3.run(ParentRunner.java:290)
  at org.junit.runners.ParentRunner$1.schedule(ParentRunner.java:71)
  at org.junit.runners.ParentRunner.runChildren(ParentRunner.java:288)
  at org.junit.runners.ParentRunner.access$000(ParentRunner.java:58)
  at org.junit.runners.ParentRunner$2.evaluate(ParentRunner.java:268)
  at org.junit.runners.ParentRunner.run(ParentRunner.java:363)
  at org.apache.maven.surefire.junit4.JUnit4Provider.execute(JUnit4Provider.java:252)
  at org.apache.maven.surefire.junit4.JUnit4Provider.executeTestSet(JUnit4Provider.java:141)
  at org.apache.maven.surefire.junit4.JUnit4Provider.invoke(JUnit4Provider.java:112)
  at sun.reflect.NativeMethodAccessorImpl.invoke0(Native Method)
  at sun.reflect.NativeMethodAccessorImpl.invoke(NativeMethodAccessorImpl.java:62)
  at sun.reflect.DelegatingMethodAccessorImpl.invoke(DelegatingMethodAccessorImpl.java:43)
  at java.lang.reflect.Method.invoke(Method.java:498)
  at org.apache.maven.surefire.util.ReflectionUtils.invokeMethodWithArray(ReflectionUtils.java:189)
  at org.apache.maven.surefire.booter.ProviderFactory$ProviderProxy.invoke(ProviderFactory.java:165)
  at org.apache.maven.surefire.booter.ProviderFactory.invokeProvider(ProviderFactory.java:85)
  at org.apache.maven.surefire.booter.ForkedBooter.runSuitesInProcess(ForkedBooter.java:115)
  at org.apache.maven.surefire.booter.ForkedBooter.main(ForkedBooter.java:75)

multipartPartMapRejectsNullKeys(retrofit2.RequestFactoryTest)  Time elapsed: 0.002 sec  &lt;&lt;&lt; FAILURE!
java.lang.AssertionError: 
Expecting message:
 &lt;"Part map contained null key.">
but was:
 &lt;"Part map contained null key. (parameter #1)
    for method Example.method">
  at retrofit2.RequestFactoryTest.multipartPartMapRejectsNullKeys(RequestFactoryTest.java:2206)
  at sun.reflect.NativeMethodAccessorImpl.invoke0(Native Method)
  at sun.reflect.NativeMethodAccessorImpl.invoke(NativeMethodAccessorImpl.java:62)
  at sun.reflect.DelegatingMethodAccessorImpl.invoke(DelegatingMethodAccessorImpl.java:43)
  at java.lang.reflect.Method.invoke(Method.java:498)
  at org.junit.runners.model.FrameworkMethod$1.runReflectiveCall(FrameworkMethod.java:50)
  at org.junit.internal.runners.model.ReflectiveCallable.run(ReflectiveCallable.java:12)
  at org.junit.runners.model.FrameworkMethod.invokeExplosively(FrameworkMethod.java:47)
  at org.junit.internal.runners.statements.InvokeMethod.evaluate(InvokeMethod.java:17)
  at org.junit.runners.ParentRunner.runLeaf(ParentRunner.java:325)
  at org.junit.runners.BlockJUnit4ClassRunner.runChild(BlockJUnit4ClassRunner.java:78)
  at org.junit.runners.BlockJUnit4ClassRunner.runChild(BlockJUnit4ClassRunner.java:57)
  at org.junit.runners.ParentRunner$3.run(ParentRunner.java:290)
  at org.junit.runners.ParentRunner$1.schedule(ParentRunner.java:71)
  at org.junit.runners.ParentRunner.runChildren(ParentRunner.java:288)
  at org.junit.runners.ParentRunner.access$000(ParentRunner.java:58)
  at org.junit.runners.ParentRunner$2.evaluate(ParentRunner.java:268)
  at org.junit.runners.ParentRunner.run(ParentRunner.java:363)
  at org.apache.maven.surefire.junit4.JUnit4Provider.execute(JUnit4Provider.java:252)
  at org.apache.maven.surefire.junit4.JUnit4Provider.executeTestSet(JUnit4Provider.java:141)
  at org.apache.maven.surefire.junit4.JUnit4Provider.invoke(JUnit4Provider.java:112)
  at sun.reflect.NativeMethodAccessorImpl.invoke0(Native Method)
  at sun.reflect.NativeMethodAccessorImpl.invoke(NativeMethodAccessorImpl.java:62)
  at sun.reflect.DelegatingMethodAccessorImpl.invoke(DelegatingMethodAccessorImpl.java:43)
  at java.lang.reflect.Method.invoke(Method.java:498)
  at org.apache.maven.surefire.util.ReflectionUtils.invokeMethodWithArray(ReflectionUtils.java:189)
  at org.apache.maven.surefire.booter.ProviderFactory$ProviderProxy.invoke(ProviderFactory.java:165)
  at org.apache.maven.surefire.booter.ProviderFactory.invokeProvider(ProviderFactory.java:85)
  at org.apache.maven.surefire.booter.ForkedBooter.runSuitesInProcess(ForkedBooter.java:115)
  at org.apache.maven.surefire.booter.ForkedBooter.main(ForkedBooter.java:75)

queryMapRejectsNull(retrofit2.RequestFactoryTest)  Time elapsed: 0.002 sec  &lt;&lt;&lt; FAILURE!
java.lang.AssertionError: 
Expecting message:
 &lt;"Query map was null.">
but was:
 &lt;"Query map was null (parameter #1)
    for method Example.method">
  at retrofit2.RequestFactoryTest.queryMapRejectsNull(RequestFactoryTest.java:491)
  at sun.reflect.NativeMethodAccessorImpl.invoke0(Native Method)
  at sun.reflect.NativeMethodAccessorImpl.invoke(NativeMethodAccessorImpl.java:62)
  at sun.reflect.DelegatingMethodAccessorImpl.invoke(DelegatingMethodAccessorImpl.java:43)
  at java.lang.reflect.Method.invoke(Method.java:498)
  at org.junit.runners.model.FrameworkMethod$1.runReflectiveCall(FrameworkMethod.java:50)
  at org.junit.internal.runners.model.ReflectiveCallable.run(ReflectiveCallable.java:12)
  at org.junit.runners.model.FrameworkMethod.invokeExplosively(FrameworkMethod.java:47)
  at org.junit.internal.runners.statements.InvokeMethod.evaluate(InvokeMethod.java:17)
  at org.junit.runners.ParentRunner.runLeaf(ParentRunner.java:325)
  at org.junit.runners.BlockJUnit4ClassRunner.runChild(BlockJUnit4ClassRunner.java:78)
  at org.junit.runners.BlockJUnit4ClassRunner.runChild(BlockJUnit4ClassRunner.java:57)
  at org.junit.runners.ParentRunner$3.run(ParentRunner.java:290)
  at org.junit.runners.ParentRunner$1.schedule(ParentRunner.java:71)
  at org.junit.runners.ParentRunner.runChildren(ParentRunner.java:288)
  at org.junit.runners.ParentRunner.access$000(ParentRunner.java:58)
  at org.junit.runners.ParentRunner$2.evaluate(ParentRunner.java:268)
  at org.junit.runners.ParentRunner.run(ParentRunner.java:363)
  at org.apache.maven.surefire.junit4.JUnit4Provider.execute(JUnit4Provider.java:252)
  at org.apache.maven.surefire.junit4.JUnit4Provider.executeTestSet(JUnit4Provider.java:141)
  at org.apache.maven.surefire.junit4.JUnit4Provider.invoke(JUnit4Provider.java:112)
  at sun.reflect.NativeMethodAccessorImpl.invoke0(Native Method)
  at sun.reflect.NativeMethodAccessorImpl.invoke(NativeMethodAccessorImpl.java:62)
  at sun.reflect.DelegatingMethodAccessorImpl.invoke(DelegatingMethodAccessorImpl.java:43)
  at java.lang.reflect.Method.invoke(Method.java:498)
  at org.apache.maven.surefire.util.ReflectionUtils.invokeMethodWithArray(ReflectionUtils.java:189)
  at org.apache.maven.surefire.booter.ProviderFactory$ProviderProxy.invoke(ProviderFactory.java:165)
  at org.apache.maven.surefire.booter.ProviderFactory.invokeProvider(ProviderFactory.java:85)
  at org.apache.maven.surefire.booter.ForkedBooter.runSuitesInProcess(ForkedBooter.java:115)
  at org.apache.maven.surefire.booter.ForkedBooter.main(ForkedBooter.java:75)

bodyRequired(retrofit2.RequestFactoryTest)  Time elapsed: 0.001 sec  &lt;&lt;&lt; FAILURE!
org.junit.ComparisonFailure: expected:&lt;...ue must not be null.[]"> but was:&lt;...ue must not be null.[ (parameter #1)
    for method Example.method]">
  at sun.reflect.NativeConstructorAccessorImpl.newInstance0(Native Method)
  at sun.reflect.NativeConstructorAccessorImpl.newInstance(NativeConstructorAccessorImpl.java:62)
  at sun.reflect.DelegatingConstructorAccessorImpl.newInstance(DelegatingConstructorAccessorImpl.java:45)
  at retrofit2.RequestFactoryTest.bodyRequired(RequestFactoryTest.java:1685)
  at sun.reflect.NativeMethodAccessorImpl.invoke0(Native Method)
  at sun.reflect.NativeMethodAccessorImpl.invoke(NativeMethodAccessorImpl.java:62)
  at sun.reflect.DelegatingMethodAccessorImpl.invoke(DelegatingMethodAccessorImpl.java:43)
  at java.lang.reflect.Method.invoke(Method.java:498)
  at org.junit.runners.model.FrameworkMethod$1.runReflectiveCall(FrameworkMethod.java:50)
  at org.junit.internal.runners.model.ReflectiveCallable.run(ReflectiveCallable.java:12)
  at org.junit.runners.model.FrameworkMethod.invokeExplosively(FrameworkMethod.java:47)
  at org.junit.internal.runners.statements.InvokeMethod.evaluate(InvokeMethod.java:17)
  at org.junit.runners.ParentRunner.runLeaf(ParentRunner.java:325)
  at org.junit.runners.BlockJUnit4ClassRunner.runChild(BlockJUnit4ClassRunner.java:78)
  at org.junit.runners.BlockJUnit4ClassRunner.runChild(BlockJUnit4ClassRunner.java:57)
  at org.junit.runners.ParentRunner$3.run(ParentRunner.java:290)
  at org.junit.runners.ParentRunner$1.schedule(ParentRunner.java:71)
  at org.junit.runners.ParentRunner.runChildren(ParentRunner.java:288)
  at org.junit.runners.ParentRunner.access$000(ParentRunner.java:58)
  at org.junit.runners.ParentRunner$2.evaluate(ParentRunner.java:268)
  at org.junit.runners.ParentRunner.run(ParentRunner.java:363)
  at org.apache.maven.surefire.junit4.JUnit4Provider.execute(JUnit4Provider.java:252)
  at org.apache.maven.surefire.junit4.JUnit4Provider.executeTestSet(JUnit4Provider.java:141)
  at org.apache.maven.surefire.junit4.JUnit4Provider.invoke(JUnit4Provider.java:112)
  at sun.reflect.NativeMethodAccessorImpl.invoke0(Native Method)
  at sun.reflect.NativeMethodAccessorImpl.invoke(NativeMethodAccessorImpl.java:62)
  at sun.reflect.DelegatingMethodAccessorImpl.invoke(DelegatingMethodAccessorImpl.java:43)
  at java.lang.reflect.Method.invoke(Method.java:498)
  at org.apache.maven.surefire.util.ReflectionUtils.invokeMethodWithArray(ReflectionUtils.java:189)
  at org.apache.maven.surefire.booter.ProviderFactory$ProviderProxy.invoke(ProviderFactory.java:165)
  at org.apache.maven.surefire.booter.ProviderFactory.invokeProvider(ProviderFactory.java:85)
  at org.apache.maven.surefire.booter.ForkedBooter.runSuitesInProcess(ForkedBooter.java:115)
  at org.apache.maven.surefire.booter.ForkedBooter.main(ForkedBooter.java:75)

queryMapRejectsNullValues(retrofit2.RequestFactoryTest)  Time elapsed: 0.002 sec  &lt;&lt;&lt; FAILURE!
java.lang.AssertionError: 
Expecting message:
 &lt;"Query map contained null value for key 'kit'.">
but was:
 &lt;"Query map contained null value for key 'kit'. (parameter #1)
    for method Example.method">
  at retrofit2.RequestFactoryTest.queryMapRejectsNullValues(RequestFactoryTest.java:531)
  at sun.reflect.NativeMethodAccessorImpl.invoke0(Native Method)
  at sun.reflect.NativeMethodAccessorImpl.invoke(NativeMethodAccessorImpl.java:62)
  at sun.reflect.DelegatingMethodAccessorImpl.invoke(DelegatingMethodAccessorImpl.java:43)
  at java.lang.reflect.Method.invoke(Method.java:498)
  at org.junit.runners.model.FrameworkMethod$1.runReflectiveCall(FrameworkMethod.java:50)
  at org.junit.internal.runners.model.ReflectiveCallable.run(ReflectiveCallable.java:12)
  at org.junit.runners.model.FrameworkMethod.invokeExplosively(FrameworkMethod.java:47)
  at org.junit.internal.runners.statements.InvokeMethod.evaluate(InvokeMethod.java:17)
  at org.junit.runners.ParentRunner.runLeaf(ParentRunner.java:325)
  at org.junit.runners.BlockJUnit4ClassRunner.runChild(BlockJUnit4ClassRunner.java:78)
  at org.junit.runners.BlockJUnit4ClassRunner.runChild(BlockJUnit4ClassRunner.java:57)
  at org.junit.runners.ParentRunner$3.run(ParentRunner.java:290)
  at org.junit.runners.ParentRunner$1.schedule(ParentRunner.java:71)
  at org.junit.runners.ParentRunner.runChildren(ParentRunner.java:288)
  at org.junit.runners.ParentRunner.access$000(ParentRunner.java:58)
  at org.junit.runners.ParentRunner$2.evaluate(ParentRunner.java:268)
  at org.junit.runners.ParentRunner.run(ParentRunner.java:363)
  at org.apache.maven.surefire.junit4.JUnit4Provider.execute(JUnit4Provider.java:252)
  at org.apache.maven.surefire.junit4.JUnit4Provider.executeTestSet(JUnit4Provider.java:141)
  at org.apache.maven.surefire.junit4.JUnit4Provider.invoke(JUnit4Provider.java:112)
  at sun.reflect.NativeMethodAccessorImpl.invoke0(Native Method)
  at sun.reflect.NativeMethodAccessorImpl.invoke(NativeMethodAccessorImpl.java:62)
  at sun.reflect.DelegatingMethodAccessorImpl.invoke(DelegatingMethodAccessorImpl.java:43)
  at java.lang.reflect.Method.invoke(Method.java:498)
  at org.apache.maven.surefire.util.ReflectionUtils.invokeMethodWithArray(ReflectionUtils.java:189)
  at org.apache.maven.surefire.booter.ProviderFactory$ProviderProxy.invoke(ProviderFactory.java:165)
  at org.apache.maven.surefire.booter.ProviderFactory.invokeProvider(ProviderFactory.java:85)
  at org.apache.maven.surefire.booter.ForkedBooter.runSuitesInProcess(ForkedBooter.java:115)
  at org.apache.maven.surefire.booter.ForkedBooter.main(ForkedBooter.java:75)

headerMapRejectsNullKeys(retrofit2.RequestFactoryTest)  Time elapsed: 0.005 sec  &lt;&lt;&lt; FAILURE!
java.lang.AssertionError: 
Expecting message:
 &lt;"Header map contained null key.">
but was:
 &lt;"Header map contained null key. (parameter #1)
    for method Example.method">
  at retrofit2.RequestFactoryTest.headerMapRejectsNullKeys(RequestFactoryTest.java:624)
  at sun.reflect.NativeMethodAccessorImpl.invoke0(Native Method)
  at sun.reflect.NativeMethodAccessorImpl.invoke(NativeMethodAccessorImpl.java:62)
  at sun.reflect.DelegatingMethodAccessorImpl.invoke(DelegatingMethodAccessorImpl.java:43)
  at java.lang.reflect.Method.invoke(Method.java:498)
  at org.junit.runners.model.FrameworkMethod$1.runReflectiveCall(FrameworkMethod.java:50)
  at org.junit.internal.runners.model.ReflectiveCallable.run(ReflectiveCallable.java:12)
  at org.junit.runners.model.FrameworkMethod.invokeExplosively(FrameworkMethod.java:47)
  at org.junit.internal.runners.statements.InvokeMethod.evaluate(InvokeMethod.java:17)
  at org.junit.runners.ParentRunner.runLeaf(ParentRunner.java:325)
  at org.junit.runners.BlockJUnit4ClassRunner.runChild(BlockJUnit4ClassRunner.java:78)
  at org.junit.runners.BlockJUnit4ClassRunner.runChild(BlockJUnit4ClassRunner.java:57)
  at org.junit.runners.ParentRunner$3.run(ParentRunner.java:290)
  at org.junit.runners.ParentRunner$1.schedule(ParentRunner.java:71)
  at org.junit.runners.ParentRunner.runChildren(ParentRunner.java:288)
  at org.junit.runners.ParentRunner.access$000(ParentRunner.java:58)
  at org.junit.runners.ParentRunner$2.evaluate(ParentRunner.java:268)
  at org.junit.runners.ParentRunner.run(ParentRunner.java:363)
  at org.apache.maven.surefire.junit4.JUnit4Provider.execute(JUnit4Provider.java:252)
  at org.apache.maven.surefire.junit4.JUnit4Provider.executeTestSet(JUnit4Provider.java:141)
  at org.apache.maven.surefire.junit4.JUnit4Provider.invoke(JUnit4Provider.java:112)
  at sun.reflect.NativeMethodAccessorImpl.invoke0(Native Method)
  at sun.reflect.NativeMethodAccessorImpl.invoke(NativeMethodAccessorImpl.java:62)
  at sun.reflect.DelegatingMethodAccessorImpl.invoke(DelegatingMethodAccessorImpl.java:43)
  at java.lang.reflect.Method.invoke(Method.java:498)
  at org.apache.maven.surefire.util.ReflectionUtils.invokeMethodWithArray(ReflectionUtils.java:189)
  at org.apache.maven.surefire.booter.ProviderFactory$ProviderProxy.invoke(ProviderFactory.java:165)
  at org.apache.maven.surefire.booter.ProviderFactory.invokeProvider(ProviderFactory.java:85)
  at org.apache.maven.surefire.booter.ForkedBooter.runSuitesInProcess(ForkedBooter.java:115)
  at org.apache.maven.surefire.booter.ForkedBooter.main(ForkedBooter.java:75)

fieldMapRejectsNull(retrofit2.RequestFactoryTest)  Time elapsed: 0.003 sec  &lt;&lt;&lt; FAILURE!
java.lang.AssertionError: 
Expecting message:
 &lt;"Field map was null.">
but was:
 &lt;"Field map was null. (parameter #1)
    for method Example.method">
  at retrofit2.RequestFactoryTest.fieldMapRejectsNull(RequestFactoryTest.java:2440)
  at sun.reflect.NativeMethodAccessorImpl.invoke0(Native Method)
  at sun.reflect.NativeMethodAccessorImpl.invoke(NativeMethodAccessorImpl.java:62)
  at sun.reflect.DelegatingMethodAccessorImpl.invoke(DelegatingMethodAccessorImpl.java:43)
  at java.lang.reflect.Method.invoke(Method.java:498)
  at org.junit.runners.model.FrameworkMethod$1.runReflectiveCall(FrameworkMethod.java:50)
  at org.junit.internal.runners.model.ReflectiveCallable.run(ReflectiveCallable.java:12)
  at org.junit.runners.model.FrameworkMethod.invokeExplosively(FrameworkMethod.java:47)
  at org.junit.internal.runners.statements.InvokeMethod.evaluate(InvokeMethod.java:17)
  at org.junit.runners.ParentRunner.runLeaf(ParentRunner.java:325)
  at org.junit.runners.BlockJUnit4ClassRunner.runChild(BlockJUnit4ClassRunner.java:78)
  at org.junit.runners.BlockJUnit4ClassRunner.runChild(BlockJUnit4ClassRunner.java:57)
  at org.junit.runners.ParentRunner$3.run(ParentRunner.java:290)
  at org.junit.runners.ParentRunner$1.schedule(ParentRunner.java:71)
  at org.junit.runners.ParentRunner.runChildren(ParentRunner.java:288)
  at org.junit.runners.ParentRunner.access$000(ParentRunner.java:58)
  at org.junit.runners.ParentRunner$2.evaluate(ParentRunner.java:268)
  at org.junit.runners.ParentRunner.run(ParentRunner.java:363)
  at org.apache.maven.surefire.junit4.JUnit4Provider.execute(JUnit4Provider.java:252)
  at org.apache.maven.surefire.junit4.JUnit4Provider.executeTestSet(JUnit4Provider.java:141)
  at org.apache.maven.surefire.junit4.JUnit4Provider.invoke(JUnit4Provider.java:112)
  at sun.reflect.NativeMethodAccessorImpl.invoke0(Native Method)
  at sun.reflect.NativeMethodAccessorImpl.invoke(NativeMethodAccessorImpl.java:62)
  at sun.reflect.DelegatingMethodAccessorImpl.invoke(DelegatingMethodAccessorImpl.java:43)
  at java.lang.reflect.Method.invoke(Method.java:498)
  at org.apache.maven.surefire.util.ReflectionUtils.invokeMethodWithArray(ReflectionUtils.java:189)
  at org.apache.maven.surefire.booter.ProviderFactory$ProviderProxy.invoke(ProviderFactory.java:165)
  at org.apache.maven.surefire.booter.ProviderFactory.invokeProvider(ProviderFactory.java:85)
  at org.apache.maven.surefire.booter.ForkedBooter.runSuitesInProcess(ForkedBooter.java:115)
  at org.apache.maven.surefire.booter.ForkedBooter.main(ForkedBooter.java:75)

queryMapRejectsNullKeys(retrofit2.RequestFactoryTest)  Time elapsed: 0.001 sec  &lt;&lt;&lt; FAILURE!
java.lang.AssertionError: 
Expecting message:
 &lt;"Query map contained null key.">
but was:
 &lt;"Query map contained null key. (parameter #1)
    for method Example.method">
  at retrofit2.RequestFactoryTest.queryMapRejectsNullKeys(RequestFactoryTest.java:511)
  at sun.reflect.NativeMethodAccessorImpl.invoke0(Native Method)
  at sun.reflect.NativeMethodAccessorImpl.invoke(NativeMethodAccessorImpl.java:62)
  at sun.reflect.DelegatingMethodAccessorImpl.invoke(DelegatingMethodAccessorImpl.java:43)
  at java.lang.reflect.Method.invoke(Method.java:498)
  at org.junit.runners.model.FrameworkMethod$1.runReflectiveCall(FrameworkMethod.java:50)
  at org.junit.internal.runners.model.ReflectiveCallable.run(ReflectiveCallable.java:12)
  at org.junit.runners.model.FrameworkMethod.invokeExplosively(FrameworkMethod.java:47)
  at org.junit.internal.runners.statements.InvokeMethod.evaluate(InvokeMethod.java:17)
  at org.junit.runners.ParentRunner.runLeaf(ParentRunner.java:325)
  at org.junit.runners.BlockJUnit4ClassRunner.runChild(BlockJUnit4ClassRunner.java:78)
  at org.junit.runners.BlockJUnit4ClassRunner.runChild(BlockJUnit4ClassRunner.java:57)
  at org.junit.runners.ParentRunner$3.run(ParentRunner.java:290)
  at org.junit.runners.ParentRunner$1.schedule(ParentRunner.java:71)
  at org.junit.runners.ParentRunner.runChildren(ParentRunner.java:288)
  at org.junit.runners.ParentRunner.access$000(ParentRunner.java:58)
  at org.junit.runners.ParentRunner$2.evaluate(ParentRunner.java:268)
  at org.junit.runners.ParentRunner.run(ParentRunner.java:363)
  at org.apache.maven.surefire.junit4.JUnit4Provider.execute(JUnit4Provider.java:252)
  at org.apache.maven.surefire.junit4.JUnit4Provider.executeTestSet(JUnit4Provider.java:141)
  at org.apache.maven.surefire.junit4.JUnit4Provider.invoke(JUnit4Provider.java:112)
  at sun.reflect.NativeMethodAccessorImpl.invoke0(Native Method)
  at sun.reflect.NativeMethodAccessorImpl.invoke(NativeMethodAccessorImpl.java:62)
  at sun.reflect.DelegatingMethodAccessorImpl.invoke(DelegatingMethodAccessorImpl.java:43)
  at java.lang.reflect.Method.invoke(Method.java:498)
  at org.apache.maven.surefire.util.ReflectionUtils.invokeMethodWithArray(ReflectionUtils.java:189)
  at org.apache.maven.surefire.booter.ProviderFactory$ProviderProxy.invoke(ProviderFactory.java:165)
  at org.apache.maven.surefire.booter.ProviderFactory.invokeProvider(ProviderFactory.java:85)
  at org.apache.maven.surefire.booter.ForkedBooter.runSuitesInProcess(ForkedBooter.java:115)
  at org.apache.maven.surefire.booter.ForkedBooter.main(ForkedBooter.java:75)

multipartPartMapRejectsNull(retrofit2.RequestFactoryTest)  Time elapsed: 0.001 sec  &lt;&lt;&lt; FAILURE!
java.lang.AssertionError: 
Expecting message:
 &lt;"Part map was null.">
but was:
 &lt;"Part map was null. (parameter #1)
    for method Example.method">
  at retrofit2.RequestFactoryTest.multipartPartMapRejectsNull(RequestFactoryTest.java:2185)
  at sun.reflect.NativeMethodAccessorImpl.invoke0(Native Method)
  at sun.reflect.NativeMethodAccessorImpl.invoke(NativeMethodAccessorImpl.java:62)
  at sun.reflect.DelegatingMethodAccessorImpl.invoke(DelegatingMethodAccessorImpl.java:43)
  at java.lang.reflect.Method.invoke(Method.java:498)
  at org.junit.runners.model.FrameworkMethod$1.runReflectiveCall(FrameworkMethod.java:50)
  at org.junit.internal.runners.model.ReflectiveCallable.run(ReflectiveCallable.java:12)
  at org.junit.runners.model.FrameworkMethod.invokeExplosively(FrameworkMethod.java:47)
  at org.junit.internal.runners.statements.InvokeMethod.evaluate(InvokeMethod.java:17)
  at org.junit.runners.ParentRunner.runLeaf(ParentRunner.java:325)
  at org.junit.runners.BlockJUnit4ClassRunner.runChild(BlockJUnit4ClassRunner.java:78)
  at org.junit.runners.BlockJUnit4ClassRunner.runChild(BlockJUnit4ClassRunner.java:57)
  at org.junit.runners.ParentRunner$3.run(ParentRunner.java:290)
  at org.junit.runners.ParentRunner$1.schedule(ParentRunner.java:71)
  at org.junit.runners.ParentRunner.runChildren(ParentRunner.java:288)
  at org.junit.runners.ParentRunner.access$000(ParentRunner.java:58)
  at org.junit.runners.ParentRunner$2.evaluate(ParentRunner.java:268)
  at org.junit.runners.ParentRunner.run(ParentRunner.java:363)
  at org.apache.maven.surefire.junit4.JUnit4Provider.execute(JUnit4Provider.java:252)
  at org.apache.maven.surefire.junit4.JUnit4Provider.executeTestSet(JUnit4Provider.java:141)
  at org.apache.maven.surefire.junit4.JUnit4Provider.invoke(JUnit4Provider.java:112)
  at sun.reflect.NativeMethodAccessorImpl.invoke0(Native Method)
  at sun.reflect.NativeMethodAccessorImpl.invoke(NativeMethodAccessorImpl.java:62)
  at sun.reflect.DelegatingMethodAccessorImpl.invoke(DelegatingMethodAccessorImpl.java:43)
  at java.lang.reflect.Method.invoke(Method.java:498)
  at org.apache.maven.surefire.util.ReflectionUtils.invokeMethodWithArray(ReflectionUtils.java:189)
  at org.apache.maven.surefire.booter.ProviderFactory$ProviderProxy.invoke(ProviderFactory.java:165)
  at org.apache.maven.surefire.booter.ProviderFactory.invokeProvider(ProviderFactory.java:85)
  at org.apache.maven.surefire.booter.ForkedBooter.runSuitesInProcess(ForkedBooter.java:115)
  at org.apache.maven.surefire.booter.ForkedBooter.main(ForkedBooter.java:75)

fieldMapRejectsNullValues(retrofit2.RequestFactoryTest)  Time elapsed: 0.004 sec  &lt;&lt;&lt; FAILURE!
java.lang.AssertionError: 
Expecting message:
 &lt;"Field map contained null value for key 'foo'.">
but was:
 &lt;"Field map contained null value for key 'foo'. (parameter #1)
    for method Example.method">
  at retrofit2.RequestFactoryTest.fieldMapRejectsNullValues(RequestFactoryTest.java:2482)
  at sun.reflect.NativeMethodAccessorImpl.invoke0(Native Method)
  at sun.reflect.NativeMethodAccessorImpl.invoke(NativeMethodAccessorImpl.java:62)
  at sun.reflect.DelegatingMethodAccessorImpl.invoke(DelegatingMethodAccessorImpl.java:43)
  at java.lang.reflect.Method.invoke(Method.java:498)
  at org.junit.runners.model.FrameworkMethod$1.runReflectiveCall(FrameworkMethod.java:50)
  at org.junit.internal.runners.model.ReflectiveCallable.run(ReflectiveCallable.java:12)
  at org.junit.runners.model.FrameworkMethod.invokeExplosively(FrameworkMethod.java:47)
  at org.junit.internal.runners.statements.InvokeMethod.evaluate(InvokeMethod.java:17)
  at org.junit.runners.ParentRunner.runLeaf(ParentRunner.java:325)
  at org.junit.runners.BlockJUnit4ClassRunner.runChild(BlockJUnit4ClassRunner.java:78)
  at org.junit.runners.BlockJUnit4ClassRunner.runChild(BlockJUnit4ClassRunner.java:57)
  at org.junit.runners.ParentRunner$3.run(ParentRunner.java:290)
  at org.junit.runners.ParentRunner$1.schedule(ParentRunner.java:71)
  at org.junit.runners.ParentRunner.runChildren(ParentRunner.java:288)
  at org.junit.runners.ParentRunner.access$000(ParentRunner.java:58)
  at org.junit.runners.ParentRunner$2.evaluate(ParentRunner.java:268)
  at org.junit.runners.ParentRunner.run(ParentRunner.java:363)
  at org.apache.maven.surefire.junit4.JUnit4Provider.execute(JUnit4Provider.java:252)
  at org.apache.maven.surefire.junit4.JUnit4Provider.executeTestSet(JUnit4Provider.java:141)
  at org.apache.maven.surefire.junit4.JUnit4Provider.invoke(JUnit4Provider.java:112)
  at sun.reflect.NativeMethodAccessorImpl.invoke0(Native Method)
  at sun.reflect.NativeMethodAccessorImpl.invoke(NativeMethodAccessorImpl.java:62)
  at sun.reflect.DelegatingMethodAccessorImpl.invoke(DelegatingMethodAccessorImpl.java:43)
  at java.lang.reflect.Method.invoke(Method.java:498)
  at org.apache.maven.surefire.util.ReflectionUtils.invokeMethodWithArray(ReflectionUtils.java:189)
  at org.apache.maven.surefire.booter.ProviderFactory$ProviderProxy.invoke(ProviderFactory.java:165)
  at org.apache.maven.surefire.booter.ProviderFactory.invokeProvider(ProviderFactory.java:85)
  at org.apache.maven.surefire.booter.ForkedBooter.runSuitesInProcess(ForkedBooter.java:115)
  at org.apache.maven.surefire.booter.ForkedBooter.main(ForkedBooter.java:75)

fieldMapRejectsNullKeys(retrofit2.RequestFactoryTest)  Time elapsed: 0.002 sec  &lt;&lt;&lt; FAILURE!
java.lang.AssertionError: 
Expecting message:
 &lt;"Field map contained null key.">
but was:
 &lt;"Field map contained null key. (parameter #1)
    for method Example.method">
  at retrofit2.RequestFactoryTest.fieldMapRejectsNullKeys(RequestFactoryTest.java:2461)
  at sun.reflect.NativeMethodAccessorImpl.invoke0(Native Method)
  at sun.reflect.NativeMethodAccessorImpl.invoke(NativeMethodAccessorImpl.java:62)
  at sun.reflect.DelegatingMethodAccessorImpl.invoke(DelegatingMethodAccessorImpl.java:43)
  at java.lang.reflect.Method.invoke(Method.java:498)
  at org.junit.runners.model.FrameworkMethod$1.runReflectiveCall(FrameworkMethod.java:50)
  at org.junit.internal.runners.model.ReflectiveCallable.run(ReflectiveCallable.java:12)
  at org.junit.runners.model.FrameworkMethod.invokeExplosively(FrameworkMethod.java:47)
  at org.junit.internal.runners.statements.InvokeMethod.evaluate(InvokeMethod.java:17)
  at org.junit.runners.ParentRunner.runLeaf(ParentRunner.java:325)
  at org.junit.runners.BlockJUnit4ClassRunner.runChild(BlockJUnit4ClassRunner.java:78)
  at org.junit.runners.BlockJUnit4ClassRunner.runChild(BlockJUnit4ClassRunner.java:57)
  at org.junit.runners.ParentRunner$3.run(ParentRunner.java:290)
  at org.junit.runners.ParentRunner$1.schedule(ParentRunner.java:71)
  at org.junit.runners.ParentRunner.runChildren(ParentRunner.java:288)
  at org.junit.runners.ParentRunner.access$000(ParentRunner.java:58)
  at org.junit.runners.ParentRunner$2.evaluate(ParentRunner.java:268)
  at org.junit.runners.ParentRunner.run(ParentRunner.java:363)
  at org.apache.maven.surefire.junit4.JUnit4Provider.execute(JUnit4Provider.java:252)
  at org.apache.maven.surefire.junit4.JUnit4Provider.executeTestSet(JUnit4Provider.java:141)
  at org.apache.maven.surefire.junit4.JUnit4Provider.invoke(JUnit4Provider.java:112)
  at sun.reflect.NativeMethodAccessorImpl.invoke0(Native Method)
  at sun.reflect.NativeMethodAccessorImpl.invoke(NativeMethodAccessorImpl.java:62)
  at sun.reflect.DelegatingMethodAccessorImpl.invoke(DelegatingMethodAccessorImpl.java:43)
  at java.lang.reflect.Method.invoke(Method.java:498)
  at org.apache.maven.surefire.util.ReflectionUtils.invokeMethodWithArray(ReflectionUtils.java:189)
  at org.apache.maven.surefire.booter.ProviderFactory$ProviderProxy.invoke(ProviderFactory.java:165)
  at org.apache.maven.surefire.booter.ProviderFactory.invokeProvider(ProviderFactory.java:85)
  at org.apache.maven.surefire.booter.ForkedBooter.runSuitesInProcess(ForkedBooter.java:115)
  at org.apache.maven.surefire.booter.ForkedBooter.main(ForkedBooter.java:75)

headerMapRejectsNullValues(retrofit2.RequestFactoryTest)  Time elapsed: 0.001 sec  &lt;&lt;&lt; FAILURE!
java.lang.AssertionError: 
Expecting message:
 &lt;"Header map contained null value for key 'Accept-Charset'.">
but was:
 &lt;"Header map contained null value for key 'Accept-Charset'. (parameter #1)
    for method Example.method">
  at retrofit2.RequestFactoryTest.headerMapRejectsNullValues(RequestFactoryTest.java:644)
  at sun.reflect.NativeMethodAccessorImpl.invoke0(Native Method)
  at sun.reflect.NativeMethodAccessorImpl.invoke(NativeMethodAccessorImpl.java:62)
  at sun.reflect.DelegatingMethodAccessorImpl.invoke(DelegatingMethodAccessorImpl.java:43)
  at java.lang.reflect.Method.invoke(Method.java:498)
  at org.junit.runners.model.FrameworkMethod$1.runReflectiveCall(FrameworkMethod.java:50)
  at org.junit.internal.runners.model.ReflectiveCallable.run(ReflectiveCallable.java:12)
  at org.junit.runners.model.FrameworkMethod.invokeExplosively(FrameworkMethod.java:47)
  at org.junit.internal.runners.statements.InvokeMethod.evaluate(InvokeMethod.java:17)
  at org.junit.runners.ParentRunner.runLeaf(ParentRunner.java:325)
  at org.junit.runners.BlockJUnit4ClassRunner.runChild(BlockJUnit4ClassRunner.java:78)
  at org.junit.runners.BlockJUnit4ClassRunner.runChild(BlockJUnit4ClassRunner.java:57)
  at org.junit.runners.ParentRunner$3.run(ParentRunner.java:290)
  at org.junit.runners.ParentRunner$1.schedule(ParentRunner.java:71)
  at org.junit.runners.ParentRunner.runChildren(ParentRunner.java:288)
  at org.junit.runners.ParentRunner.access$000(ParentRunner.java:58)
  at org.junit.runners.ParentRunner$2.evaluate(ParentRunner.java:268)
  at org.junit.runners.ParentRunner.run(ParentRunner.java:363)
  at org.apache.maven.surefire.junit4.JUnit4Provider.execute(JUnit4Provider.java:252)
  at org.apache.maven.surefire.junit4.JUnit4Provider.executeTestSet(JUnit4Provider.java:141)
  at org.apache.maven.surefire.junit4.JUnit4Provider.invoke(JUnit4Provider.java:112)
  at sun.reflect.NativeMethodAccessorImpl.invoke0(Native Method)
  at sun.reflect.NativeMethodAccessorImpl.invoke(NativeMethodAccessorImpl.java:62)
  at sun.reflect.DelegatingMethodAccessorImpl.invoke(DelegatingMethodAccessorImpl.java:43)
  at java.lang.reflect.Method.invoke(Method.java:498)
  at org.apache.maven.surefire.util.ReflectionUtils.invokeMethodWithArray(ReflectionUtils.java:189)
  at org.apache.maven.surefire.booter.ProviderFactory$ProviderProxy.invoke(ProviderFactory.java:165)
  at org.apache.maven.surefire.booter.ProviderFactory.invokeProvider(ProviderFactory.java:85)
  at org.apache.maven.surefire.booter.ForkedBooter.runSuitesInProcess(ForkedBooter.java:115)
  at org.apache.maven.surefire.booter.ForkedBooter.main(ForkedBooter.java:75)

multipartPartMapRejectsNullValues(retrofit2.RequestFactoryTest)  Time elapsed: 0.002 sec  &lt;&lt;&lt; FAILURE!
java.lang.AssertionError: 
Expecting message:
 &lt;"Part map contained null value for key 'kit'.">
but was:
 &lt;"Part map contained null value for key 'kit'. (parameter #1)
    for method Example.method">
  at retrofit2.RequestFactoryTest.multipartPartMapRejectsNullValues(RequestFactoryTest.java:2227)
  at sun.reflect.NativeMethodAccessorImpl.invoke0(Native Method)
  at sun.reflect.NativeMethodAccessorImpl.invoke(NativeMethodAccessorImpl.java:62)
  at sun.reflect.DelegatingMethodAccessorImpl.invoke(DelegatingMethodAccessorImpl.java:43)
  at java.lang.reflect.Method.invoke(Method.java:498)
  at org.junit.runners.model.FrameworkMethod$1.runReflectiveCall(FrameworkMethod.java:50)
  at org.junit.internal.runners.model.ReflectiveCallable.run(ReflectiveCallable.java:12)
  at org.junit.runners.model.FrameworkMethod.invokeExplosively(FrameworkMethod.java:47)
  at org.junit.internal.runners.statements.InvokeMethod.evaluate(InvokeMethod.java:17)
  at org.junit.runners.ParentRunner.runLeaf(ParentRunner.java:325)
  at org.junit.runners.BlockJUnit4ClassRunner.runChild(BlockJUnit4ClassRunner.java:78)
  at org.junit.runners.BlockJUnit4ClassRunner.runChild(BlockJUnit4ClassRunner.java:57)
  at org.junit.runners.ParentRunner$3.run(ParentRunner.java:290)
  at org.junit.runners.ParentRunner$1.schedule(ParentRunner.java:71)
  at org.junit.runners.ParentRunner.runChildren(ParentRunner.java:288)
  at org.junit.runners.ParentRunner.access$000(ParentRunner.java:58)
  at org.junit.runners.ParentRunner$2.evaluate(ParentRunner.java:268)
  at org.junit.runners.ParentRunner.run(ParentRunner.java:363)
  at org.apache.maven.surefire.junit4.JUnit4Provider.execute(JUnit4Provider.java:252)
  at org.apache.maven.surefire.junit4.JUnit4Provider.executeTestSet(JUnit4Provider.java:141)
  at org.apache.maven.surefire.junit4.JUnit4Provider.invoke(JUnit4Provider.java:112)
  at sun.reflect.NativeMethodAccessorImpl.invoke0(Native Method)
  at sun.reflect.NativeMethodAccessorImpl.invoke(NativeMethodAccessorImpl.java:62)
  at sun.reflect.DelegatingMethodAccessorImpl.invoke(DelegatingMethodAccessorImpl.java:43)
  at java.lang.reflect.Method.invoke(Method.java:498)
  at org.apache.maven.surefire.util.ReflectionUtils.invokeMethodWithArray(ReflectionUtils.java:189)
  at org.apache.maven.surefire.booter.ProviderFactory$ProviderProxy.invoke(ProviderFactory.java:165)
  at org.apache.maven.surefire.booter.ProviderFactory.invokeProvider(ProviderFactory.java:85)
  at org.apache.maven.surefire.booter.ForkedBooter.runSuitesInProcess(ForkedBooter.java:115)
  at org.apache.maven.surefire.booter.ForkedBooter.main(ForkedBooter.java:75)</Output>
      </ExampleDataOfString>
      <ExampleDataOfString>
        <InputPath>Java/square@retrofit/failed/482520685.log</InputPath>
        <Output>pathParamRequired(retrofit2.RequestFactoryTest)  Time elapsed: 0.018 sec  &lt;&lt;&lt; FAILURE!
org.junit.ComparisonFailure: expected:&lt;...ue must not be null.[]"> but was:&lt;...ue must not be null.[ (parameter #1)
    for method Example.method]">
  at sun.reflect.NativeConstructorAccessorImpl.newInstance0(Native Method)
  at sun.reflect.NativeConstructorAccessorImpl.newInstance(NativeConstructorAccessorImpl.java:62)
  at sun.reflect.DelegatingConstructorAccessorImpl.newInstance(DelegatingConstructorAccessorImpl.java:45)
  at retrofit2.RequestFactoryTest.pathParamRequired(RequestFactoryTest.java:974)
  at sun.reflect.NativeMethodAccessorImpl.invoke0(Native Method)
  at sun.reflect.NativeMethodAccessorImpl.invoke(NativeMethodAccessorImpl.java:62)
  at sun.reflect.DelegatingMethodAccessorImpl.invoke(DelegatingMethodAccessorImpl.java:43)
  at java.lang.reflect.Method.invoke(Method.java:498)
  at org.junit.runners.model.FrameworkMethod$1.runReflectiveCall(FrameworkMethod.java:50)
  at org.junit.internal.runners.model.ReflectiveCallable.run(ReflectiveCallable.java:12)
  at org.junit.runners.model.FrameworkMethod.invokeExplosively(FrameworkMethod.java:47)
  at org.junit.internal.runners.statements.InvokeMethod.evaluate(InvokeMethod.java:17)
  at org.junit.runners.ParentRunner.runLeaf(ParentRunner.java:325)
  at org.junit.runners.BlockJUnit4ClassRunner.runChild(BlockJUnit4ClassRunner.java:78)
  at org.junit.runners.BlockJUnit4ClassRunner.runChild(BlockJUnit4ClassRunner.java:57)
  at org.junit.runners.ParentRunner$3.run(ParentRunner.java:290)
  at org.junit.runners.ParentRunner$1.schedule(ParentRunner.java:71)
  at org.junit.runners.ParentRunner.runChildren(ParentRunner.java:288)
  at org.junit.runners.ParentRunner.access$000(ParentRunner.java:58)
  at org.junit.runners.ParentRunner$2.evaluate(ParentRunner.java:268)
  at org.junit.runners.ParentRunner.run(ParentRunner.java:363)
  at org.apache.maven.surefire.junit4.JUnit4Provider.execute(JUnit4Provider.java:252)
  at org.apache.maven.surefire.junit4.JUnit4Provider.executeTestSet(JUnit4Provider.java:141)
  at org.apache.maven.surefire.junit4.JUnit4Provider.invoke(JUnit4Provider.java:112)
  at sun.reflect.NativeMethodAccessorImpl.invoke0(Native Method)
  at sun.reflect.NativeMethodAccessorImpl.invoke(NativeMethodAccessorImpl.java:62)
  at sun.reflect.DelegatingMethodAccessorImpl.invoke(DelegatingMethodAccessorImpl.java:43)
  at java.lang.reflect.Method.invoke(Method.java:498)
  at org.apache.maven.surefire.util.ReflectionUtils.invokeMethodWithArray(ReflectionUtils.java:189)
  at org.apache.maven.surefire.booter.ProviderFactory$ProviderProxy.invoke(ProviderFactory.java:165)
  at org.apache.maven.surefire.booter.ProviderFactory.invokeProvider(ProviderFactory.java:85)
  at org.apache.maven.surefire.booter.ForkedBooter.runSuitesInProcess(ForkedBooter.java:115)
  at org.apache.maven.surefire.booter.ForkedBooter.main(ForkedBooter.java:75)

headerMapRejectsNull(retrofit2.RequestFactoryTest)  Time elapsed: 0.003 sec  &lt;&lt;&lt; FAILURE!
java.lang.AssertionError: 
Expecting message:
 &lt;"Header map was null.">
but was:
 &lt;"Header map was null. (parameter #1)
    for method Example.method">
  at retrofit2.RequestFactoryTest.headerMapRejectsNull(RequestFactoryTest.java:604)
  at sun.reflect.NativeMethodAccessorImpl.invoke0(Native Method)
  at sun.reflect.NativeMethodAccessorImpl.invoke(NativeMethodAccessorImpl.java:62)
  at sun.reflect.DelegatingMethodAccessorImpl.invoke(DelegatingMethodAccessorImpl.java:43)
  at java.lang.reflect.Method.invoke(Method.java:498)
  at org.junit.runners.model.FrameworkMethod$1.runReflectiveCall(FrameworkMethod.java:50)
  at org.junit.internal.runners.model.ReflectiveCallable.run(ReflectiveCallable.java:12)
  at org.junit.runners.model.FrameworkMethod.invokeExplosively(FrameworkMethod.java:47)
  at org.junit.internal.runners.statements.InvokeMethod.evaluate(InvokeMethod.java:17)
  at org.junit.runners.ParentRunner.runLeaf(ParentRunner.java:325)
  at org.junit.runners.BlockJUnit4ClassRunner.runChild(BlockJUnit4ClassRunner.java:78)
  at org.junit.runners.BlockJUnit4ClassRunner.runChild(BlockJUnit4ClassRunner.java:57)
  at org.junit.runners.ParentRunner$3.run(ParentRunner.java:290)
  at org.junit.runners.ParentRunner$1.schedule(ParentRunner.java:71)
  at org.junit.runners.ParentRunner.runChildren(ParentRunner.java:288)
  at org.junit.runners.ParentRunner.access$000(ParentRunner.java:58)
  at org.junit.runners.ParentRunner$2.evaluate(ParentRunner.java:268)
  at org.junit.runners.ParentRunner.run(ParentRunner.java:363)
  at org.apache.maven.surefire.junit4.JUnit4Provider.execute(JUnit4Provider.java:252)
  at org.apache.maven.surefire.junit4.JUnit4Provider.executeTestSet(JUnit4Provider.java:141)
  at org.apache.maven.surefire.junit4.JUnit4Provider.invoke(JUnit4Provider.java:112)
  at sun.reflect.NativeMethodAccessorImpl.invoke0(Native Method)
  at sun.reflect.NativeMethodAccessorImpl.invoke(NativeMethodAccessorImpl.java:62)
  at sun.reflect.DelegatingMethodAccessorImpl.invoke(DelegatingMethodAccessorImpl.java:43)
  at java.lang.reflect.Method.invoke(Method.java:498)
  at org.apache.maven.surefire.util.ReflectionUtils.invokeMethodWithArray(ReflectionUtils.java:189)
  at org.apache.maven.surefire.booter.ProviderFactory$ProviderProxy.invoke(ProviderFactory.java:165)
  at org.apache.maven.surefire.booter.ProviderFactory.invokeProvider(ProviderFactory.java:85)
  at org.apache.maven.surefire.booter.ForkedBooter.runSuitesInProcess(ForkedBooter.java:115)
  at org.apache.maven.surefire.booter.ForkedBooter.main(ForkedBooter.java:75)

multipartPartMapRejectsNullKeys(retrofit2.RequestFactoryTest)  Time elapsed: 0.001 sec  &lt;&lt;&lt; FAILURE!
java.lang.AssertionError: 
Expecting message:
 &lt;"Part map contained null key.">
but was:
 &lt;"Part map contained null key. (parameter #1)
    for method Example.method">
  at retrofit2.RequestFactoryTest.multipartPartMapRejectsNullKeys(RequestFactoryTest.java:2207)
  at sun.reflect.NativeMethodAccessorImpl.invoke0(Native Method)
  at sun.reflect.NativeMethodAccessorImpl.invoke(NativeMethodAccessorImpl.java:62)
  at sun.reflect.DelegatingMethodAccessorImpl.invoke(DelegatingMethodAccessorImpl.java:43)
  at java.lang.reflect.Method.invoke(Method.java:498)
  at org.junit.runners.model.FrameworkMethod$1.runReflectiveCall(FrameworkMethod.java:50)
  at org.junit.internal.runners.model.ReflectiveCallable.run(ReflectiveCallable.java:12)
  at org.junit.runners.model.FrameworkMethod.invokeExplosively(FrameworkMethod.java:47)
  at org.junit.internal.runners.statements.InvokeMethod.evaluate(InvokeMethod.java:17)
  at org.junit.runners.ParentRunner.runLeaf(ParentRunner.java:325)
  at org.junit.runners.BlockJUnit4ClassRunner.runChild(BlockJUnit4ClassRunner.java:78)
  at org.junit.runners.BlockJUnit4ClassRunner.runChild(BlockJUnit4ClassRunner.java:57)
  at org.junit.runners.ParentRunner$3.run(ParentRunner.java:290)
  at org.junit.runners.ParentRunner$1.schedule(ParentRunner.java:71)
  at org.junit.runners.ParentRunner.runChildren(ParentRunner.java:288)
  at org.junit.runners.ParentRunner.access$000(ParentRunner.java:58)
  at org.junit.runners.ParentRunner$2.evaluate(ParentRunner.java:268)
  at org.junit.runners.ParentRunner.run(ParentRunner.java:363)
  at org.apache.maven.surefire.junit4.JUnit4Provider.execute(JUnit4Provider.java:252)
  at org.apache.maven.surefire.junit4.JUnit4Provider.executeTestSet(JUnit4Provider.java:141)
  at org.apache.maven.surefire.junit4.JUnit4Provider.invoke(JUnit4Provider.java:112)
  at sun.reflect.NativeMethodAccessorImpl.invoke0(Native Method)
  at sun.reflect.NativeMethodAccessorImpl.invoke(NativeMethodAccessorImpl.java:62)
  at sun.reflect.DelegatingMethodAccessorImpl.invoke(DelegatingMethodAccessorImpl.java:43)
  at java.lang.reflect.Method.invoke(Method.java:498)
  at org.apache.maven.surefire.util.ReflectionUtils.invokeMethodWithArray(ReflectionUtils.java:189)
  at org.apache.maven.surefire.booter.ProviderFactory$ProviderProxy.invoke(ProviderFactory.java:165)
  at org.apache.maven.surefire.booter.ProviderFactory.invokeProvider(ProviderFactory.java:85)
  at org.apache.maven.surefire.booter.ForkedBooter.runSuitesInProcess(ForkedBooter.java:115)
  at org.apache.maven.surefire.booter.ForkedBooter.main(ForkedBooter.java:75)

queryMapRejectsNull(retrofit2.RequestFactoryTest)  Time elapsed: 0.001 sec  &lt;&lt;&lt; FAILURE!
java.lang.AssertionError: 
Expecting message:
 &lt;"Query map was null.">
but was:
 &lt;"Query map was null (parameter #1)
    for method Example.method">
  at retrofit2.RequestFactoryTest.queryMapRejectsNull(RequestFactoryTest.java:491)
  at sun.reflect.NativeMethodAccessorImpl.invoke0(Native Method)
  at sun.reflect.NativeMethodAccessorImpl.invoke(NativeMethodAccessorImpl.java:62)
  at sun.reflect.DelegatingMethodAccessorImpl.invoke(DelegatingMethodAccessorImpl.java:43)
  at java.lang.reflect.Method.invoke(Method.java:498)
  at org.junit.runners.model.FrameworkMethod$1.runReflectiveCall(FrameworkMethod.java:50)
  at org.junit.internal.runners.model.ReflectiveCallable.run(ReflectiveCallable.java:12)
  at org.junit.runners.model.FrameworkMethod.invokeExplosively(FrameworkMethod.java:47)
  at org.junit.internal.runners.statements.InvokeMethod.evaluate(InvokeMethod.java:17)
  at org.junit.runners.ParentRunner.runLeaf(ParentRunner.java:325)
  at org.junit.runners.BlockJUnit4ClassRunner.runChild(BlockJUnit4ClassRunner.java:78)
  at org.junit.runners.BlockJUnit4ClassRunner.runChild(BlockJUnit4ClassRunner.java:57)
  at org.junit.runners.ParentRunner$3.run(ParentRunner.java:290)
  at org.junit.runners.ParentRunner$1.schedule(ParentRunner.java:71)
  at org.junit.runners.ParentRunner.runChildren(ParentRunner.java:288)
  at org.junit.runners.ParentRunner.access$000(ParentRunner.java:58)
  at org.junit.runners.ParentRunner$2.evaluate(ParentRunner.java:268)
  at org.junit.runners.ParentRunner.run(ParentRunner.java:363)
  at org.apache.maven.surefire.junit4.JUnit4Provider.execute(JUnit4Provider.java:252)
  at org.apache.maven.surefire.junit4.JUnit4Provider.executeTestSet(JUnit4Provider.java:141)
  at org.apache.maven.surefire.junit4.JUnit4Provider.invoke(JUnit4Provider.java:112)
  at sun.reflect.NativeMethodAccessorImpl.invoke0(Native Method)
  at sun.reflect.NativeMethodAccessorImpl.invoke(NativeMethodAccessorImpl.java:62)
  at sun.reflect.DelegatingMethodAccessorImpl.invoke(DelegatingMethodAccessorImpl.java:43)
  at java.lang.reflect.Method.invoke(Method.java:498)
  at org.apache.maven.surefire.util.ReflectionUtils.invokeMethodWithArray(ReflectionUtils.java:189)
  at org.apache.maven.surefire.booter.ProviderFactory$ProviderProxy.invoke(ProviderFactory.java:165)
  at org.apache.maven.surefire.booter.ProviderFactory.invokeProvider(ProviderFactory.java:85)
  at org.apache.maven.surefire.booter.ForkedBooter.runSuitesInProcess(ForkedBooter.java:115)
  at org.apache.maven.surefire.booter.ForkedBooter.main(ForkedBooter.java:75)

bodyRequired(retrofit2.RequestFactoryTest)  Time elapsed: 0.001 sec  &lt;&lt;&lt; FAILURE!
org.junit.ComparisonFailure: expected:&lt;...ue must not be null.[]"> but was:&lt;...ue must not be null.[ (parameter #1)
    for method Example.method]">
  at sun.reflect.NativeConstructorAccessorImpl.newInstance0(Native Method)
  at sun.reflect.NativeConstructorAccessorImpl.newInstance(NativeConstructorAccessorImpl.java:62)
  at sun.reflect.DelegatingConstructorAccessorImpl.newInstance(DelegatingConstructorAccessorImpl.java:45)
  at retrofit2.RequestFactoryTest.bodyRequired(RequestFactoryTest.java:1686)
  at sun.reflect.NativeMethodAccessorImpl.invoke0(Native Method)
  at sun.reflect.NativeMethodAccessorImpl.invoke(NativeMethodAccessorImpl.java:62)
  at sun.reflect.DelegatingMethodAccessorImpl.invoke(DelegatingMethodAccessorImpl.java:43)
  at java.lang.reflect.Method.invoke(Method.java:498)
  at org.junit.runners.model.FrameworkMethod$1.runReflectiveCall(FrameworkMethod.java:50)
  at org.junit.internal.runners.model.ReflectiveCallable.run(ReflectiveCallable.java:12)
  at org.junit.runners.model.FrameworkMethod.invokeExplosively(FrameworkMethod.java:47)
  at org.junit.internal.runners.statements.InvokeMethod.evaluate(InvokeMethod.java:17)
  at org.junit.runners.ParentRunner.runLeaf(ParentRunner.java:325)
  at org.junit.runners.BlockJUnit4ClassRunner.runChild(BlockJUnit4ClassRunner.java:78)
  at org.junit.runners.BlockJUnit4ClassRunner.runChild(BlockJUnit4ClassRunner.java:57)
  at org.junit.runners.ParentRunner$3.run(ParentRunner.java:290)
  at org.junit.runners.ParentRunner$1.schedule(ParentRunner.java:71)
  at org.junit.runners.ParentRunner.runChildren(ParentRunner.java:288)
  at org.junit.runners.ParentRunner.access$000(ParentRunner.java:58)
  at org.junit.runners.ParentRunner$2.evaluate(ParentRunner.java:268)
  at org.junit.runners.ParentRunner.run(ParentRunner.java:363)
  at org.apache.maven.surefire.junit4.JUnit4Provider.execute(JUnit4Provider.java:252)
  at org.apache.maven.surefire.junit4.JUnit4Provider.executeTestSet(JUnit4Provider.java:141)
  at org.apache.maven.surefire.junit4.JUnit4Provider.invoke(JUnit4Provider.java:112)
  at sun.reflect.NativeMethodAccessorImpl.invoke0(Native Method)
  at sun.reflect.NativeMethodAccessorImpl.invoke(NativeMethodAccessorImpl.java:62)
  at sun.reflect.DelegatingMethodAccessorImpl.invoke(DelegatingMethodAccessorImpl.java:43)
  at java.lang.reflect.Method.invoke(Method.java:498)
  at org.apache.maven.surefire.util.ReflectionUtils.invokeMethodWithArray(ReflectionUtils.java:189)
  at org.apache.maven.surefire.booter.ProviderFactory$ProviderProxy.invoke(ProviderFactory.java:165)
  at org.apache.maven.surefire.booter.ProviderFactory.invokeProvider(ProviderFactory.java:85)
  at org.apache.maven.surefire.booter.ForkedBooter.runSuitesInProcess(ForkedBooter.java:115)
  at org.apache.maven.surefire.booter.ForkedBooter.main(ForkedBooter.java:75)

queryMapRejectsNullValues(retrofit2.RequestFactoryTest)  Time elapsed: 0.001 sec  &lt;&lt;&lt; FAILURE!
java.lang.AssertionError: 
Expecting message:
 &lt;"Query map contained null value for key 'kit'.">
but was:
 &lt;"Query map contained null value for key 'kit'. (parameter #1)
    for method Example.method">
  at retrofit2.RequestFactoryTest.queryMapRejectsNullValues(RequestFactoryTest.java:531)
  at sun.reflect.NativeMethodAccessorImpl.invoke0(Native Method)
  at sun.reflect.NativeMethodAccessorImpl.invoke(NativeMethodAccessorImpl.java:62)
  at sun.reflect.DelegatingMethodAccessorImpl.invoke(DelegatingMethodAccessorImpl.java:43)
  at java.lang.reflect.Method.invoke(Method.java:498)
  at org.junit.runners.model.FrameworkMethod$1.runReflectiveCall(FrameworkMethod.java:50)
  at org.junit.internal.runners.model.ReflectiveCallable.run(ReflectiveCallable.java:12)
  at org.junit.runners.model.FrameworkMethod.invokeExplosively(FrameworkMethod.java:47)
  at org.junit.internal.runners.statements.InvokeMethod.evaluate(InvokeMethod.java:17)
  at org.junit.runners.ParentRunner.runLeaf(ParentRunner.java:325)
  at org.junit.runners.BlockJUnit4ClassRunner.runChild(BlockJUnit4ClassRunner.java:78)
  at org.junit.runners.BlockJUnit4ClassRunner.runChild(BlockJUnit4ClassRunner.java:57)
  at org.junit.runners.ParentRunner$3.run(ParentRunner.java:290)
  at org.junit.runners.ParentRunner$1.schedule(ParentRunner.java:71)
  at org.junit.runners.ParentRunner.runChildren(ParentRunner.java:288)
  at org.junit.runners.ParentRunner.access$000(ParentRunner.java:58)
  at org.junit.runners.ParentRunner$2.evaluate(ParentRunner.java:268)
  at org.junit.runners.ParentRunner.run(ParentRunner.java:363)
  at org.apache.maven.surefire.junit4.JUnit4Provider.execute(JUnit4Provider.java:252)
  at org.apache.maven.surefire.junit4.JUnit4Provider.executeTestSet(JUnit4Provider.java:141)
  at org.apache.maven.surefire.junit4.JUnit4Provider.invoke(JUnit4Provider.java:112)
  at sun.reflect.NativeMethodAccessorImpl.invoke0(Native Method)
  at sun.reflect.NativeMethodAccessorImpl.invoke(NativeMethodAccessorImpl.java:62)
  at sun.reflect.DelegatingMethodAccessorImpl.invoke(DelegatingMethodAccessorImpl.java:43)
  at java.lang.reflect.Method.invoke(Method.java:498)
  at org.apache.maven.surefire.util.ReflectionUtils.invokeMethodWithArray(ReflectionUtils.java:189)
  at org.apache.maven.surefire.booter.ProviderFactory$ProviderProxy.invoke(ProviderFactory.java:165)
  at org.apache.maven.surefire.booter.ProviderFactory.invokeProvider(ProviderFactory.java:85)
  at org.apache.maven.surefire.booter.ForkedBooter.runSuitesInProcess(ForkedBooter.java:115)
  at org.apache.maven.surefire.booter.ForkedBooter.main(ForkedBooter.java:75)

headerMapRejectsNullKeys(retrofit2.RequestFactoryTest)  Time elapsed: 0.001 sec  &lt;&lt;&lt; FAILURE!
java.lang.AssertionError: 
Expecting message:
 &lt;"Header map contained null key.">
but was:
 &lt;"Header map contained null key. (parameter #1)
    for method Example.method">
  at retrofit2.RequestFactoryTest.headerMapRejectsNullKeys(RequestFactoryTest.java:624)
  at sun.reflect.NativeMethodAccessorImpl.invoke0(Native Method)
  at sun.reflect.NativeMethodAccessorImpl.invoke(NativeMethodAccessorImpl.java:62)
  at sun.reflect.DelegatingMethodAccessorImpl.invoke(DelegatingMethodAccessorImpl.java:43)
  at java.lang.reflect.Method.invoke(Method.java:498)
  at org.junit.runners.model.FrameworkMethod$1.runReflectiveCall(FrameworkMethod.java:50)
  at org.junit.internal.runners.model.ReflectiveCallable.run(ReflectiveCallable.java:12)
  at org.junit.runners.model.FrameworkMethod.invokeExplosively(FrameworkMethod.java:47)
  at org.junit.internal.runners.statements.InvokeMethod.evaluate(InvokeMethod.java:17)
  at org.junit.runners.ParentRunner.runLeaf(ParentRunner.java:325)
  at org.junit.runners.BlockJUnit4ClassRunner.runChild(BlockJUnit4ClassRunner.java:78)
  at org.junit.runners.BlockJUnit4ClassRunner.runChild(BlockJUnit4ClassRunner.java:57)
  at org.junit.runners.ParentRunner$3.run(ParentRunner.java:290)
  at org.junit.runners.ParentRunner$1.schedule(ParentRunner.java:71)
  at org.junit.runners.ParentRunner.runChildren(ParentRunner.java:288)
  at org.junit.runners.ParentRunner.access$000(ParentRunner.java:58)
  at org.junit.runners.ParentRunner$2.evaluate(ParentRunner.java:268)
  at org.junit.runners.ParentRunner.run(ParentRunner.java:363)
  at org.apache.maven.surefire.junit4.JUnit4Provider.execute(JUnit4Provider.java:252)
  at org.apache.maven.surefire.junit4.JUnit4Provider.executeTestSet(JUnit4Provider.java:141)
  at org.apache.maven.surefire.junit4.JUnit4Provider.invoke(JUnit4Provider.java:112)
  at sun.reflect.NativeMethodAccessorImpl.invoke0(Native Method)
  at sun.reflect.NativeMethodAccessorImpl.invoke(NativeMethodAccessorImpl.java:62)
  at sun.reflect.DelegatingMethodAccessorImpl.invoke(DelegatingMethodAccessorImpl.java:43)
  at java.lang.reflect.Method.invoke(Method.java:498)
  at org.apache.maven.surefire.util.ReflectionUtils.invokeMethodWithArray(ReflectionUtils.java:189)
  at org.apache.maven.surefire.booter.ProviderFactory$ProviderProxy.invoke(ProviderFactory.java:165)
  at org.apache.maven.surefire.booter.ProviderFactory.invokeProvider(ProviderFactory.java:85)
  at org.apache.maven.surefire.booter.ForkedBooter.runSuitesInProcess(ForkedBooter.java:115)
  at org.apache.maven.surefire.booter.ForkedBooter.main(ForkedBooter.java:75)

fieldMapRejectsNull(retrofit2.RequestFactoryTest)  Time elapsed: 0.001 sec  &lt;&lt;&lt; FAILURE!
java.lang.AssertionError: 
Expecting message:
 &lt;"Field map was null.">
but was:
 &lt;"Field map was null. (parameter #1)
    for method Example.method">
  at retrofit2.RequestFactoryTest.fieldMapRejectsNull(RequestFactoryTest.java:2441)
  at sun.reflect.NativeMethodAccessorImpl.invoke0(Native Method)
  at sun.reflect.NativeMethodAccessorImpl.invoke(NativeMethodAccessorImpl.java:62)
  at sun.reflect.DelegatingMethodAccessorImpl.invoke(DelegatingMethodAccessorImpl.java:43)
  at java.lang.reflect.Method.invoke(Method.java:498)
  at org.junit.runners.model.FrameworkMethod$1.runReflectiveCall(FrameworkMethod.java:50)
  at org.junit.internal.runners.model.ReflectiveCallable.run(ReflectiveCallable.java:12)
  at org.junit.runners.model.FrameworkMethod.invokeExplosively(FrameworkMethod.java:47)
  at org.junit.internal.runners.statements.InvokeMethod.evaluate(InvokeMethod.java:17)
  at org.junit.runners.ParentRunner.runLeaf(ParentRunner.java:325)
  at org.junit.runners.BlockJUnit4ClassRunner.runChild(BlockJUnit4ClassRunner.java:78)
  at org.junit.runners.BlockJUnit4ClassRunner.runChild(BlockJUnit4ClassRunner.java:57)
  at org.junit.runners.ParentRunner$3.run(ParentRunner.java:290)
  at org.junit.runners.ParentRunner$1.schedule(ParentRunner.java:71)
  at org.junit.runners.ParentRunner.runChildren(ParentRunner.java:288)
  at org.junit.runners.ParentRunner.access$000(ParentRunner.java:58)
  at org.junit.runners.ParentRunner$2.evaluate(ParentRunner.java:268)
  at org.junit.runners.ParentRunner.run(ParentRunner.java:363)
  at org.apache.maven.surefire.junit4.JUnit4Provider.execute(JUnit4Provider.java:252)
  at org.apache.maven.surefire.junit4.JUnit4Provider.executeTestSet(JUnit4Provider.java:141)
  at org.apache.maven.surefire.junit4.JUnit4Provider.invoke(JUnit4Provider.java:112)
  at sun.reflect.NativeMethodAccessorImpl.invoke0(Native Method)
  at sun.reflect.NativeMethodAccessorImpl.invoke(NativeMethodAccessorImpl.java:62)
  at sun.reflect.DelegatingMethodAccessorImpl.invoke(DelegatingMethodAccessorImpl.java:43)
  at java.lang.reflect.Method.invoke(Method.java:498)
  at org.apache.maven.surefire.util.ReflectionUtils.invokeMethodWithArray(ReflectionUtils.java:189)
  at org.apache.maven.surefire.booter.ProviderFactory$ProviderProxy.invoke(ProviderFactory.java:165)
  at org.apache.maven.surefire.booter.ProviderFactory.invokeProvider(ProviderFactory.java:85)
  at org.apache.maven.surefire.booter.ForkedBooter.runSuitesInProcess(ForkedBooter.java:115)
  at org.apache.maven.surefire.booter.ForkedBooter.main(ForkedBooter.java:75)

queryMapRejectsNullKeys(retrofit2.RequestFactoryTest)  Time elapsed: 0.001 sec  &lt;&lt;&lt; FAILURE!
java.lang.AssertionError: 
Expecting message:
 &lt;"Query map contained null key.">
but was:
 &lt;"Query map contained null key. (parameter #1)
    for method Example.method">
  at retrofit2.RequestFactoryTest.queryMapRejectsNullKeys(RequestFactoryTest.java:511)
  at sun.reflect.NativeMethodAccessorImpl.invoke0(Native Method)
  at sun.reflect.NativeMethodAccessorImpl.invoke(NativeMethodAccessorImpl.java:62)
  at sun.reflect.DelegatingMethodAccessorImpl.invoke(DelegatingMethodAccessorImpl.java:43)
  at java.lang.reflect.Method.invoke(Method.java:498)
  at org.junit.runners.model.FrameworkMethod$1.runReflectiveCall(FrameworkMethod.java:50)
  at org.junit.internal.runners.model.ReflectiveCallable.run(ReflectiveCallable.java:12)
  at org.junit.runners.model.FrameworkMethod.invokeExplosively(FrameworkMethod.java:47)
  at org.junit.internal.runners.statements.InvokeMethod.evaluate(InvokeMethod.java:17)
  at org.junit.runners.ParentRunner.runLeaf(ParentRunner.java:325)
  at org.junit.runners.BlockJUnit4ClassRunner.runChild(BlockJUnit4ClassRunner.java:78)
  at org.junit.runners.BlockJUnit4ClassRunner.runChild(BlockJUnit4ClassRunner.java:57)
  at org.junit.runners.ParentRunner$3.run(ParentRunner.java:290)
  at org.junit.runners.ParentRunner$1.schedule(ParentRunner.java:71)
  at org.junit.runners.ParentRunner.runChildren(ParentRunner.java:288)
  at org.junit.runners.ParentRunner.access$000(ParentRunner.java:58)
  at org.junit.runners.ParentRunner$2.evaluate(ParentRunner.java:268)
  at org.junit.runners.ParentRunner.run(ParentRunner.java:363)
  at org.apache.maven.surefire.junit4.JUnit4Provider.execute(JUnit4Provider.java:252)
  at org.apache.maven.surefire.junit4.JUnit4Provider.executeTestSet(JUnit4Provider.java:141)
  at org.apache.maven.surefire.junit4.JUnit4Provider.invoke(JUnit4Provider.java:112)
  at sun.reflect.NativeMethodAccessorImpl.invoke0(Native Method)
  at sun.reflect.NativeMethodAccessorImpl.invoke(NativeMethodAccessorImpl.java:62)
  at sun.reflect.DelegatingMethodAccessorImpl.invoke(DelegatingMethodAccessorImpl.java:43)
  at java.lang.reflect.Method.invoke(Method.java:498)
  at org.apache.maven.surefire.util.ReflectionUtils.invokeMethodWithArray(ReflectionUtils.java:189)
  at org.apache.maven.surefire.booter.ProviderFactory$ProviderProxy.invoke(ProviderFactory.java:165)
  at org.apache.maven.surefire.booter.ProviderFactory.invokeProvider(ProviderFactory.java:85)
  at org.apache.maven.surefire.booter.ForkedBooter.runSuitesInProcess(ForkedBooter.java:115)
  at org.apache.maven.surefire.booter.ForkedBooter.main(ForkedBooter.java:75)

multipartPartMapRejectsNull(retrofit2.RequestFactoryTest)  Time elapsed: 0.002 sec  &lt;&lt;&lt; FAILURE!
java.lang.AssertionError: 
Expecting message:
 &lt;"Part map was null.">
but was:
 &lt;"Part map was null. (parameter #1)
    for method Example.method">
  at retrofit2.RequestFactoryTest.multipartPartMapRejectsNull(RequestFactoryTest.java:2186)
  at sun.reflect.NativeMethodAccessorImpl.invoke0(Native Method)
  at sun.reflect.NativeMethodAccessorImpl.invoke(NativeMethodAccessorImpl.java:62)
  at sun.reflect.DelegatingMethodAccessorImpl.invoke(DelegatingMethodAccessorImpl.java:43)
  at java.lang.reflect.Method.invoke(Method.java:498)
  at org.junit.runners.model.FrameworkMethod$1.runReflectiveCall(FrameworkMethod.java:50)
  at org.junit.internal.runners.model.ReflectiveCallable.run(ReflectiveCallable.java:12)
  at org.junit.runners.model.FrameworkMethod.invokeExplosively(FrameworkMethod.java:47)
  at org.junit.internal.runners.statements.InvokeMethod.evaluate(InvokeMethod.java:17)
  at org.junit.runners.ParentRunner.runLeaf(ParentRunner.java:325)
  at org.junit.runners.BlockJUnit4ClassRunner.runChild(BlockJUnit4ClassRunner.java:78)
  at org.junit.runners.BlockJUnit4ClassRunner.runChild(BlockJUnit4ClassRunner.java:57)
  at org.junit.runners.ParentRunner$3.run(ParentRunner.java:290)
  at org.junit.runners.ParentRunner$1.schedule(ParentRunner.java:71)
  at org.junit.runners.ParentRunner.runChildren(ParentRunner.java:288)
  at org.junit.runners.ParentRunner.access$000(ParentRunner.java:58)
  at org.junit.runners.ParentRunner$2.evaluate(ParentRunner.java:268)
  at org.junit.runners.ParentRunner.run(ParentRunner.java:363)
  at org.apache.maven.surefire.junit4.JUnit4Provider.execute(JUnit4Provider.java:252)
  at org.apache.maven.surefire.junit4.JUnit4Provider.executeTestSet(JUnit4Provider.java:141)
  at org.apache.maven.surefire.junit4.JUnit4Provider.invoke(JUnit4Provider.java:112)
  at sun.reflect.NativeMethodAccessorImpl.invoke0(Native Method)
  at sun.reflect.NativeMethodAccessorImpl.invoke(NativeMethodAccessorImpl.java:62)
  at sun.reflect.DelegatingMethodAccessorImpl.invoke(DelegatingMethodAccessorImpl.java:43)
  at java.lang.reflect.Method.invoke(Method.java:498)
  at org.apache.maven.surefire.util.ReflectionUtils.invokeMethodWithArray(ReflectionUtils.java:189)
  at org.apache.maven.surefire.booter.ProviderFactory$ProviderProxy.invoke(ProviderFactory.java:165)
  at org.apache.maven.surefire.booter.ProviderFactory.invokeProvider(ProviderFactory.java:85)
  at org.apache.maven.surefire.booter.ForkedBooter.runSuitesInProcess(ForkedBooter.java:115)
  at org.apache.maven.surefire.booter.ForkedBooter.main(ForkedBooter.java:75)

fieldMapRejectsNullValues(retrofit2.RequestFactoryTest)  Time elapsed: 0.002 sec  &lt;&lt;&lt; FAILURE!
java.lang.AssertionError: 
Expecting message:
 &lt;"Field map contained null value for key 'foo'.">
but was:
 &lt;"Field map contained null value for key 'foo'. (parameter #1)
    for method Example.method">
  at retrofit2.RequestFactoryTest.fieldMapRejectsNullValues(RequestFactoryTest.java:2483)
  at sun.reflect.NativeMethodAccessorImpl.invoke0(Native Method)
  at sun.reflect.NativeMethodAccessorImpl.invoke(NativeMethodAccessorImpl.java:62)
  at sun.reflect.DelegatingMethodAccessorImpl.invoke(DelegatingMethodAccessorImpl.java:43)
  at java.lang.reflect.Method.invoke(Method.java:498)
  at org.junit.runners.model.FrameworkMethod$1.runReflectiveCall(FrameworkMethod.java:50)
  at org.junit.internal.runners.model.ReflectiveCallable.run(ReflectiveCallable.java:12)
  at org.junit.runners.model.FrameworkMethod.invokeExplosively(FrameworkMethod.java:47)
  at org.junit.internal.runners.statements.InvokeMethod.evaluate(InvokeMethod.java:17)
  at org.junit.runners.ParentRunner.runLeaf(ParentRunner.java:325)
  at org.junit.runners.BlockJUnit4ClassRunner.runChild(BlockJUnit4ClassRunner.java:78)
  at org.junit.runners.BlockJUnit4ClassRunner.runChild(BlockJUnit4ClassRunner.java:57)
  at org.junit.runners.ParentRunner$3.run(ParentRunner.java:290)
  at org.junit.runners.ParentRunner$1.schedule(ParentRunner.java:71)
  at org.junit.runners.ParentRunner.runChildren(ParentRunner.java:288)
  at org.junit.runners.ParentRunner.access$000(ParentRunner.java:58)
  at org.junit.runners.ParentRunner$2.evaluate(ParentRunner.java:268)
  at org.junit.runners.ParentRunner.run(ParentRunner.java:363)
  at org.apache.maven.surefire.junit4.JUnit4Provider.execute(JUnit4Provider.java:252)
  at org.apache.maven.surefire.junit4.JUnit4Provider.executeTestSet(JUnit4Provider.java:141)
  at org.apache.maven.surefire.junit4.JUnit4Provider.invoke(JUnit4Provider.java:112)
  at sun.reflect.NativeMethodAccessorImpl.invoke0(Native Method)
  at sun.reflect.NativeMethodAccessorImpl.invoke(NativeMethodAccessorImpl.java:62)
  at sun.reflect.DelegatingMethodAccessorImpl.invoke(DelegatingMethodAccessorImpl.java:43)
  at java.lang.reflect.Method.invoke(Method.java:498)
  at org.apache.maven.surefire.util.ReflectionUtils.invokeMethodWithArray(ReflectionUtils.java:189)
  at org.apache.maven.surefire.booter.ProviderFactory$ProviderProxy.invoke(ProviderFactory.java:165)
  at org.apache.maven.surefire.booter.ProviderFactory.invokeProvider(ProviderFactory.java:85)
  at org.apache.maven.surefire.booter.ForkedBooter.runSuitesInProcess(ForkedBooter.java:115)
  at org.apache.maven.surefire.booter.ForkedBooter.main(ForkedBooter.java:75)

fieldMapRejectsNullKeys(retrofit2.RequestFactoryTest)  Time elapsed: 0.002 sec  &lt;&lt;&lt; FAILURE!
java.lang.AssertionError: 
Expecting message:
 &lt;"Field map contained null key.">
but was:
 &lt;"Field map contained null key. (parameter #1)
    for method Example.method">
  at retrofit2.RequestFactoryTest.fieldMapRejectsNullKeys(RequestFactoryTest.java:2462)
  at sun.reflect.NativeMethodAccessorImpl.invoke0(Native Method)
  at sun.reflect.NativeMethodAccessorImpl.invoke(NativeMethodAccessorImpl.java:62)
  at sun.reflect.DelegatingMethodAccessorImpl.invoke(DelegatingMethodAccessorImpl.java:43)
  at java.lang.reflect.Method.invoke(Method.java:498)
  at org.junit.runners.model.FrameworkMethod$1.runReflectiveCall(FrameworkMethod.java:50)
  at org.junit.internal.runners.model.ReflectiveCallable.run(ReflectiveCallable.java:12)
  at org.junit.runners.model.FrameworkMethod.invokeExplosively(FrameworkMethod.java:47)
  at org.junit.internal.runners.statements.InvokeMethod.evaluate(InvokeMethod.java:17)
  at org.junit.runners.ParentRunner.runLeaf(ParentRunner.java:325)
  at org.junit.runners.BlockJUnit4ClassRunner.runChild(BlockJUnit4ClassRunner.java:78)
  at org.junit.runners.BlockJUnit4ClassRunner.runChild(BlockJUnit4ClassRunner.java:57)
  at org.junit.runners.ParentRunner$3.run(ParentRunner.java:290)
  at org.junit.runners.ParentRunner$1.schedule(ParentRunner.java:71)
  at org.junit.runners.ParentRunner.runChildren(ParentRunner.java:288)
  at org.junit.runners.ParentRunner.access$000(ParentRunner.java:58)
  at org.junit.runners.ParentRunner$2.evaluate(ParentRunner.java:268)
  at org.junit.runners.ParentRunner.run(ParentRunner.java:363)
  at org.apache.maven.surefire.junit4.JUnit4Provider.execute(JUnit4Provider.java:252)
  at org.apache.maven.surefire.junit4.JUnit4Provider.executeTestSet(JUnit4Provider.java:141)
  at org.apache.maven.surefire.junit4.JUnit4Provider.invoke(JUnit4Provider.java:112)
  at sun.reflect.NativeMethodAccessorImpl.invoke0(Native Method)
  at sun.reflect.NativeMethodAccessorImpl.invoke(NativeMethodAccessorImpl.java:62)
  at sun.reflect.DelegatingMethodAccessorImpl.invoke(DelegatingMethodAccessorImpl.java:43)
  at java.lang.reflect.Method.invoke(Method.java:498)
  at org.apache.maven.surefire.util.ReflectionUtils.invokeMethodWithArray(ReflectionUtils.java:189)
  at org.apache.maven.surefire.booter.ProviderFactory$ProviderProxy.invoke(ProviderFactory.java:165)
  at org.apache.maven.surefire.booter.ProviderFactory.invokeProvider(ProviderFactory.java:85)
  at org.apache.maven.surefire.booter.ForkedBooter.runSuitesInProcess(ForkedBooter.java:115)
  at org.apache.maven.surefire.booter.ForkedBooter.main(ForkedBooter.java:75)

headerMapRejectsNullValues(retrofit2.RequestFactoryTest)  Time elapsed: 0.001 sec  &lt;&lt;&lt; FAILURE!
java.lang.AssertionError: 
Expecting message:
 &lt;"Header map contained null value for key 'Accept-Charset'.">
but was:
 &lt;"Header map contained null value for key 'Accept-Charset'. (parameter #1)
    for method Example.method">
  at retrofit2.RequestFactoryTest.headerMapRejectsNullValues(RequestFactoryTest.java:644)
  at sun.reflect.NativeMethodAccessorImpl.invoke0(Native Method)
  at sun.reflect.NativeMethodAccessorImpl.invoke(NativeMethodAccessorImpl.java:62)
  at sun.reflect.DelegatingMethodAccessorImpl.invoke(DelegatingMethodAccessorImpl.java:43)
  at java.lang.reflect.Method.invoke(Method.java:498)
  at org.junit.runners.model.FrameworkMethod$1.runReflectiveCall(FrameworkMethod.java:50)
  at org.junit.internal.runners.model.ReflectiveCallable.run(ReflectiveCallable.java:12)
  at org.junit.runners.model.FrameworkMethod.invokeExplosively(FrameworkMethod.java:47)
  at org.junit.internal.runners.statements.InvokeMethod.evaluate(InvokeMethod.java:17)
  at org.junit.runners.ParentRunner.runLeaf(ParentRunner.java:325)
  at org.junit.runners.BlockJUnit4ClassRunner.runChild(BlockJUnit4ClassRunner.java:78)
  at org.junit.runners.BlockJUnit4ClassRunner.runChild(BlockJUnit4ClassRunner.java:57)
  at org.junit.runners.ParentRunner$3.run(ParentRunner.java:290)
  at org.junit.runners.ParentRunner$1.schedule(ParentRunner.java:71)
  at org.junit.runners.ParentRunner.runChildren(ParentRunner.java:288)
  at org.junit.runners.ParentRunner.access$000(ParentRunner.java:58)
  at org.junit.runners.ParentRunner$2.evaluate(ParentRunner.java:268)
  at org.junit.runners.ParentRunner.run(ParentRunner.java:363)
  at org.apache.maven.surefire.junit4.JUnit4Provider.execute(JUnit4Provider.java:252)
  at org.apache.maven.surefire.junit4.JUnit4Provider.executeTestSet(JUnit4Provider.java:141)
  at org.apache.maven.surefire.junit4.JUnit4Provider.invoke(JUnit4Provider.java:112)
  at sun.reflect.NativeMethodAccessorImpl.invoke0(Native Method)
  at sun.reflect.NativeMethodAccessorImpl.invoke(NativeMethodAccessorImpl.java:62)
  at sun.reflect.DelegatingMethodAccessorImpl.invoke(DelegatingMethodAccessorImpl.java:43)
  at java.lang.reflect.Method.invoke(Method.java:498)
  at org.apache.maven.surefire.util.ReflectionUtils.invokeMethodWithArray(ReflectionUtils.java:189)
  at org.apache.maven.surefire.booter.ProviderFactory$ProviderProxy.invoke(ProviderFactory.java:165)
  at org.apache.maven.surefire.booter.ProviderFactory.invokeProvider(ProviderFactory.java:85)
  at org.apache.maven.surefire.booter.ForkedBooter.runSuitesInProcess(ForkedBooter.java:115)
  at org.apache.maven.surefire.booter.ForkedBooter.main(ForkedBooter.java:75)

multipartPartMapRejectsNullValues(retrofit2.RequestFactoryTest)  Time elapsed: 0.002 sec  &lt;&lt;&lt; FAILURE!
java.lang.AssertionError: 
Expecting message:
 &lt;"Part map contained null value for key 'kit'.">
but was:
 &lt;"Part map contained null value for key 'kit'. (parameter #1)
    for method Example.method">
  at retrofit2.RequestFactoryTest.multipartPartMapRejectsNullValues(RequestFactoryTest.java:2228)
  at sun.reflect.NativeMethodAccessorImpl.invoke0(Native Method)
  at sun.reflect.NativeMethodAccessorImpl.invoke(NativeMethodAccessorImpl.java:62)
  at sun.reflect.DelegatingMethodAccessorImpl.invoke(DelegatingMethodAccessorImpl.java:43)
  at java.lang.reflect.Method.invoke(Method.java:498)
  at org.junit.runners.model.FrameworkMethod$1.runReflectiveCall(FrameworkMethod.java:50)
  at org.junit.internal.runners.model.ReflectiveCallable.run(ReflectiveCallable.java:12)
  at org.junit.runners.model.FrameworkMethod.invokeExplosively(FrameworkMethod.java:47)
  at org.junit.internal.runners.statements.InvokeMethod.evaluate(InvokeMethod.java:17)
  at org.junit.runners.ParentRunner.runLeaf(ParentRunner.java:325)
  at org.junit.runners.BlockJUnit4ClassRunner.runChild(BlockJUnit4ClassRunner.java:78)
  at org.junit.runners.BlockJUnit4ClassRunner.runChild(BlockJUnit4ClassRunner.java:57)
  at org.junit.runners.ParentRunner$3.run(ParentRunner.java:290)
  at org.junit.runners.ParentRunner$1.schedule(ParentRunner.java:71)
  at org.junit.runners.ParentRunner.runChildren(ParentRunner.java:288)
  at org.junit.runners.ParentRunner.access$000(ParentRunner.java:58)
  at org.junit.runners.ParentRunner$2.evaluate(ParentRunner.java:268)
  at org.junit.runners.ParentRunner.run(ParentRunner.java:363)
  at org.apache.maven.surefire.junit4.JUnit4Provider.execute(JUnit4Provider.java:252)
  at org.apache.maven.surefire.junit4.JUnit4Provider.executeTestSet(JUnit4Provider.java:141)
  at org.apache.maven.surefire.junit4.JUnit4Provider.invoke(JUnit4Provider.java:112)
  at sun.reflect.NativeMethodAccessorImpl.invoke0(Native Method)
  at sun.reflect.NativeMethodAccessorImpl.invoke(NativeMethodAccessorImpl.java:62)
  at sun.reflect.DelegatingMethodAccessorImpl.invoke(DelegatingMethodAccessorImpl.java:43)
  at java.lang.reflect.Method.invoke(Method.java:498)
  at org.apache.maven.surefire.util.ReflectionUtils.invokeMethodWithArray(ReflectionUtils.java:189)
  at org.apache.maven.surefire.booter.ProviderFactory$ProviderProxy.invoke(ProviderFactory.java:165)
  at org.apache.maven.surefire.booter.ProviderFactory.invokeProvider(ProviderFactory.java:85)
  at org.apache.maven.surefire.booter.ForkedBooter.runSuitesInProcess(ForkedBooter.java:115)
  at org.apache.maven.surefire.booter.ForkedBooter.main(ForkedBooter.java:75)</Output>
      </ExampleDataOfString>
      <ExampleDataOfString>
        <InputPath>Java/square@retrofit/failed/484944937.log</InputPath>
        <Output>requireFullResponseDocumentConsumption(retrofit2.converter.moshi.MoshiConverterFactoryTest)  Time elapsed: 0.228 sec  &lt;&lt;&lt; ERROR!
java.lang.NoSuchMethodError: okio.BufferedSource.getBuffer()Lokio/Buffer;
  at com.squareup.moshi.JsonUtf8Reader.&lt;init>(JsonUtf8Reader.java:97)
  at com.squareup.moshi.JsonReader.of(JsonReader.java:196)
  at retrofit2.converter.moshi.MoshiResponseBodyConverter.convert(MoshiResponseBodyConverter.java:44)
  at retrofit2.converter.moshi.MoshiResponseBodyConverter.convert(MoshiResponseBodyConverter.java:27)
  at retrofit2.OkHttpCall.parseResponse(OkHttpCall.java:225)
  at retrofit2.OkHttpCall.execute(OkHttpCall.java:188)
  at retrofit2.converter.moshi.MoshiConverterFactoryTest.requireFullResponseDocumentConsumption(MoshiConverterFactoryTest.java:295)
  at sun.reflect.NativeMethodAccessorImpl.invoke0(Native Method)
  at sun.reflect.NativeMethodAccessorImpl.invoke(NativeMethodAccessorImpl.java:62)
  at sun.reflect.DelegatingMethodAccessorImpl.invoke(DelegatingMethodAccessorImpl.java:43)
  at java.lang.reflect.Method.invoke(Method.java:498)
  at org.junit.runners.model.FrameworkMethod$1.runReflectiveCall(FrameworkMethod.java:50)
  at org.junit.internal.runners.model.ReflectiveCallable.run(ReflectiveCallable.java:12)
  at org.junit.runners.model.FrameworkMethod.invokeExplosively(FrameworkMethod.java:47)
  at org.junit.internal.runners.statements.InvokeMethod.evaluate(InvokeMethod.java:17)
  at org.junit.internal.runners.statements.RunBefores.evaluate(RunBefores.java:26)
  at org.junit.rules.ExternalResource$1.evaluate(ExternalResource.java:48)
  at org.junit.rules.RunRules.evaluate(RunRules.java:20)
  at org.junit.runners.ParentRunner.runLeaf(ParentRunner.java:325)
  at org.junit.runners.BlockJUnit4ClassRunner.runChild(BlockJUnit4ClassRunner.java:78)
  at org.junit.runners.BlockJUnit4ClassRunner.runChild(BlockJUnit4ClassRunner.java:57)
  at org.junit.runners.ParentRunner$3.run(ParentRunner.java:290)
  at org.junit.runners.ParentRunner$1.schedule(ParentRunner.java:71)
  at org.junit.runners.ParentRunner.runChildren(ParentRunner.java:288)
  at org.junit.runners.ParentRunner.access$000(ParentRunner.java:58)
  at org.junit.runners.ParentRunner$2.evaluate(ParentRunner.java:268)
  at org.junit.runners.ParentRunner.run(ParentRunner.java:363)
  at org.apache.maven.surefire.junit4.JUnit4Provider.execute(JUnit4Provider.java:252)
  at org.apache.maven.surefire.junit4.JUnit4Provider.executeTestSet(JUnit4Provider.java:141)
  at org.apache.maven.surefire.junit4.JUnit4Provider.invoke(JUnit4Provider.java:112)
  at sun.reflect.NativeMethodAccessorImpl.invoke0(Native Method)
  at sun.reflect.NativeMethodAccessorImpl.invoke(NativeMethodAccessorImpl.java:62)
  at sun.reflect.DelegatingMethodAccessorImpl.invoke(DelegatingMethodAccessorImpl.java:43)
  at java.lang.reflect.Method.invoke(Method.java:498)
  at org.apache.maven.surefire.util.ReflectionUtils.invokeMethodWithArray(ReflectionUtils.java:189)
  at org.apache.maven.surefire.booter.ProviderFactory$ProviderProxy.invoke(ProviderFactory.java:165)
  at org.apache.maven.surefire.booter.ProviderFactory.invokeProvider(ProviderFactory.java:85)
  at org.apache.maven.surefire.booter.ForkedBooter.runSuitesInProcess(ForkedBooter.java:115)
  at org.apache.maven.surefire.booter.ForkedBooter.main(ForkedBooter.java:75)

annotations(retrofit2.converter.moshi.MoshiConverterFactoryTest)  Time elapsed: 0.039 sec  &lt;&lt;&lt; ERROR!
java.lang.NoSuchMethodError: okio.BufferedSource.getBuffer()Lokio/Buffer;
  at com.squareup.moshi.JsonUtf8Reader.&lt;init>(JsonUtf8Reader.java:97)
  at com.squareup.moshi.JsonReader.of(JsonReader.java:196)
  at retrofit2.converter.moshi.MoshiResponseBodyConverter.convert(MoshiResponseBodyConverter.java:44)
  at retrofit2.converter.moshi.MoshiResponseBodyConverter.convert(MoshiResponseBodyConverter.java:27)
  at retrofit2.OkHttpCall.parseResponse(OkHttpCall.java:225)
  at retrofit2.OkHttpCall.execute(OkHttpCall.java:188)
  at retrofit2.converter.moshi.MoshiConverterFactoryTest.annotations(MoshiConverterFactoryTest.java:214)
  at sun.reflect.NativeMethodAccessorImpl.invoke0(Native Method)
  at sun.reflect.NativeMethodAccessorImpl.invoke(NativeMethodAccessorImpl.java:62)
  at sun.reflect.DelegatingMethodAccessorImpl.invoke(DelegatingMethodAccessorImpl.java:43)
  at java.lang.reflect.Method.invoke(Method.java:498)
  at org.junit.runners.model.FrameworkMethod$1.runReflectiveCall(FrameworkMethod.java:50)
  at org.junit.internal.runners.model.ReflectiveCallable.run(ReflectiveCallable.java:12)
  at org.junit.runners.model.FrameworkMethod.invokeExplosively(FrameworkMethod.java:47)
  at org.junit.internal.runners.statements.InvokeMethod.evaluate(InvokeMethod.java:17)
  at org.junit.internal.runners.statements.RunBefores.evaluate(RunBefores.java:26)
  at org.junit.rules.ExternalResource$1.evaluate(ExternalResource.java:48)
  at org.junit.rules.RunRules.evaluate(RunRules.java:20)
  at org.junit.runners.ParentRunner.runLeaf(ParentRunner.java:325)
  at org.junit.runners.BlockJUnit4ClassRunner.runChild(BlockJUnit4ClassRunner.java:78)
  at org.junit.runners.BlockJUnit4ClassRunner.runChild(BlockJUnit4ClassRunner.java:57)
  at org.junit.runners.ParentRunner$3.run(ParentRunner.java:290)
  at org.junit.runners.ParentRunner$1.schedule(ParentRunner.java:71)
  at org.junit.runners.ParentRunner.runChildren(ParentRunner.java:288)
  at org.junit.runners.ParentRunner.access$000(ParentRunner.java:58)
  at org.junit.runners.ParentRunner$2.evaluate(ParentRunner.java:268)
  at org.junit.runners.ParentRunner.run(ParentRunner.java:363)
  at org.apache.maven.surefire.junit4.JUnit4Provider.execute(JUnit4Provider.java:252)
  at org.apache.maven.surefire.junit4.JUnit4Provider.executeTestSet(JUnit4Provider.java:141)
  at org.apache.maven.surefire.junit4.JUnit4Provider.invoke(JUnit4Provider.java:112)
  at sun.reflect.NativeMethodAccessorImpl.invoke0(Native Method)
  at sun.reflect.NativeMethodAccessorImpl.invoke(NativeMethodAccessorImpl.java:62)
  at sun.reflect.DelegatingMethodAccessorImpl.invoke(DelegatingMethodAccessorImpl.java:43)
  at java.lang.reflect.Method.invoke(Method.java:498)
  at org.apache.maven.surefire.util.ReflectionUtils.invokeMethodWithArray(ReflectionUtils.java:189)
  at org.apache.maven.surefire.booter.ProviderFactory$ProviderProxy.invoke(ProviderFactory.java:165)
  at org.apache.maven.surefire.booter.ProviderFactory.invokeProvider(ProviderFactory.java:85)
  at org.apache.maven.surefire.booter.ForkedBooter.runSuitesInProcess(ForkedBooter.java:115)
  at org.apache.maven.surefire.booter.ForkedBooter.main(ForkedBooter.java:75)

failOnUnknown(retrofit2.converter.moshi.MoshiConverterFactoryTest)  Time elapsed: 0.02 sec  &lt;&lt;&lt; ERROR!
java.lang.NoSuchMethodError: okio.BufferedSource.getBuffer()Lokio/Buffer;
  at com.squareup.moshi.JsonUtf8Reader.&lt;init>(JsonUtf8Reader.java:97)
  at com.squareup.moshi.JsonReader.of(JsonReader.java:196)
  at retrofit2.converter.moshi.MoshiResponseBodyConverter.convert(MoshiResponseBodyConverter.java:44)
  at retrofit2.converter.moshi.MoshiResponseBodyConverter.convert(MoshiResponseBodyConverter.java:27)
  at retrofit2.OkHttpCall.parseResponse(OkHttpCall.java:225)
  at retrofit2.OkHttpCall.execute(OkHttpCall.java:188)
  at retrofit2.converter.moshi.MoshiConverterFactoryTest.failOnUnknown(MoshiConverterFactoryTest.java:255)
  at sun.reflect.NativeMethodAccessorImpl.invoke0(Native Method)
  at sun.reflect.NativeMethodAccessorImpl.invoke(NativeMethodAccessorImpl.java:62)
  at sun.reflect.DelegatingMethodAccessorImpl.invoke(DelegatingMethodAccessorImpl.java:43)
  at java.lang.reflect.Method.invoke(Method.java:498)
  at org.junit.runners.model.FrameworkMethod$1.runReflectiveCall(FrameworkMethod.java:50)
  at org.junit.internal.runners.model.ReflectiveCallable.run(ReflectiveCallable.java:12)
  at org.junit.runners.model.FrameworkMethod.invokeExplosively(FrameworkMethod.java:47)
  at org.junit.internal.runners.statements.InvokeMethod.evaluate(InvokeMethod.java:17)
  at org.junit.internal.runners.statements.RunBefores.evaluate(RunBefores.java:26)
  at org.junit.rules.ExternalResource$1.evaluate(ExternalResource.java:48)
  at org.junit.rules.RunRules.evaluate(RunRules.java:20)
  at org.junit.runners.ParentRunner.runLeaf(ParentRunner.java:325)
  at org.junit.runners.BlockJUnit4ClassRunner.runChild(BlockJUnit4ClassRunner.java:78)
  at org.junit.runners.BlockJUnit4ClassRunner.runChild(BlockJUnit4ClassRunner.java:57)
  at org.junit.runners.ParentRunner$3.run(ParentRunner.java:290)
  at org.junit.runners.ParentRunner$1.schedule(ParentRunner.java:71)
  at org.junit.runners.ParentRunner.runChildren(ParentRunner.java:288)
  at org.junit.runners.ParentRunner.access$000(ParentRunner.java:58)
  at org.junit.runners.ParentRunner$2.evaluate(ParentRunner.java:268)
  at org.junit.runners.ParentRunner.run(ParentRunner.java:363)
  at org.apache.maven.surefire.junit4.JUnit4Provider.execute(JUnit4Provider.java:252)
  at org.apache.maven.surefire.junit4.JUnit4Provider.executeTestSet(JUnit4Provider.java:141)
  at org.apache.maven.surefire.junit4.JUnit4Provider.invoke(JUnit4Provider.java:112)
  at sun.reflect.NativeMethodAccessorImpl.invoke0(Native Method)
  at sun.reflect.NativeMethodAccessorImpl.invoke(NativeMethodAccessorImpl.java:62)
  at sun.reflect.DelegatingMethodAccessorImpl.invoke(DelegatingMethodAccessorImpl.java:43)
  at java.lang.reflect.Method.invoke(Method.java:498)
  at org.apache.maven.surefire.util.ReflectionUtils.invokeMethodWithArray(ReflectionUtils.java:189)
  at org.apache.maven.surefire.booter.ProviderFactory$ProviderProxy.invoke(ProviderFactory.java:165)
  at org.apache.maven.surefire.booter.ProviderFactory.invokeProvider(ProviderFactory.java:85)
  at org.apache.maven.surefire.booter.ForkedBooter.runSuitesInProcess(ForkedBooter.java:115)
  at org.apache.maven.surefire.booter.ForkedBooter.main(ForkedBooter.java:75)

anInterface(retrofit2.converter.moshi.MoshiConverterFactoryTest)  Time elapsed: 0.024 sec  &lt;&lt;&lt; ERROR!
java.lang.NoSuchMethodError: okio.BufferedSource.getBuffer()Lokio/Buffer;
  at com.squareup.moshi.JsonUtf8Reader.&lt;init>(JsonUtf8Reader.java:97)
  at com.squareup.moshi.JsonReader.of(JsonReader.java:196)
  at retrofit2.converter.moshi.MoshiResponseBodyConverter.convert(MoshiResponseBodyConverter.java:44)
  at retrofit2.converter.moshi.MoshiResponseBodyConverter.convert(MoshiResponseBodyConverter.java:27)
  at retrofit2.OkHttpCall.parseResponse(OkHttpCall.java:225)
  at retrofit2.OkHttpCall.execute(OkHttpCall.java:188)
  at retrofit2.converter.moshi.MoshiConverterFactoryTest.anInterface(MoshiConverterFactoryTest.java:188)
  at sun.reflect.NativeMethodAccessorImpl.invoke0(Native Method)
  at sun.reflect.NativeMethodAccessorImpl.invoke(NativeMethodAccessorImpl.java:62)
  at sun.reflect.DelegatingMethodAccessorImpl.invoke(DelegatingMethodAccessorImpl.java:43)
  at java.lang.reflect.Method.invoke(Method.java:498)
  at org.junit.runners.model.FrameworkMethod$1.runReflectiveCall(FrameworkMethod.java:50)
  at org.junit.internal.runners.model.ReflectiveCallable.run(ReflectiveCallable.java:12)
  at org.junit.runners.model.FrameworkMethod.invokeExplosively(FrameworkMethod.java:47)
  at org.junit.internal.runners.statements.InvokeMethod.evaluate(InvokeMethod.java:17)
  at org.junit.internal.runners.statements.RunBefores.evaluate(RunBefores.java:26)
  at org.junit.rules.ExternalResource$1.evaluate(ExternalResource.java:48)
  at org.junit.rules.RunRules.evaluate(RunRules.java:20)
  at org.junit.runners.ParentRunner.runLeaf(ParentRunner.java:325)
  at org.junit.runners.BlockJUnit4ClassRunner.runChild(BlockJUnit4ClassRunner.java:78)
  at org.junit.runners.BlockJUnit4ClassRunner.runChild(BlockJUnit4ClassRunner.java:57)
  at org.junit.runners.ParentRunner$3.run(ParentRunner.java:290)
  at org.junit.runners.ParentRunner$1.schedule(ParentRunner.java:71)
  at org.junit.runners.ParentRunner.runChildren(ParentRunner.java:288)
  at org.junit.runners.ParentRunner.access$000(ParentRunner.java:58)
  at org.junit.runners.ParentRunner$2.evaluate(ParentRunner.java:268)
  at org.junit.runners.ParentRunner.run(ParentRunner.java:363)
  at org.apache.maven.surefire.junit4.JUnit4Provider.execute(JUnit4Provider.java:252)
  at org.apache.maven.surefire.junit4.JUnit4Provider.executeTestSet(JUnit4Provider.java:141)
  at org.apache.maven.surefire.junit4.JUnit4Provider.invoke(JUnit4Provider.java:112)
  at sun.reflect.NativeMethodAccessorImpl.invoke0(Native Method)
  at sun.reflect.NativeMethodAccessorImpl.invoke(NativeMethodAccessorImpl.java:62)
  at sun.reflect.DelegatingMethodAccessorImpl.invoke(DelegatingMethodAccessorImpl.java:43)
  at java.lang.reflect.Method.invoke(Method.java:498)
  at org.apache.maven.surefire.util.ReflectionUtils.invokeMethodWithArray(ReflectionUtils.java:189)
  at org.apache.maven.surefire.booter.ProviderFactory$ProviderProxy.invoke(ProviderFactory.java:165)
  at org.apache.maven.surefire.booter.ProviderFactory.invokeProvider(ProviderFactory.java:85)
  at org.apache.maven.surefire.booter.ForkedBooter.runSuitesInProcess(ForkedBooter.java:115)
  at org.apache.maven.surefire.booter.ForkedBooter.main(ForkedBooter.java:75)

nonUtf8BomIsNotSkipped(retrofit2.converter.moshi.MoshiConverterFactoryTest)  Time elapsed: 0.03 sec  &lt;&lt;&lt; ERROR!
java.lang.NoSuchMethodError: okio.BufferedSource.getBuffer()Lokio/Buffer;
  at com.squareup.moshi.JsonUtf8Reader.&lt;init>(JsonUtf8Reader.java:97)
  at com.squareup.moshi.JsonReader.of(JsonReader.java:196)
  at retrofit2.converter.moshi.MoshiResponseBodyConverter.convert(MoshiResponseBodyConverter.java:44)
  at retrofit2.converter.moshi.MoshiResponseBodyConverter.convert(MoshiResponseBodyConverter.java:27)
  at retrofit2.OkHttpCall.parseResponse(OkHttpCall.java:225)
  at retrofit2.OkHttpCall.execute(OkHttpCall.java:188)
  at retrofit2.converter.moshi.MoshiConverterFactoryTest.nonUtf8BomIsNotSkipped(MoshiConverterFactoryTest.java:284)
  at sun.reflect.NativeMethodAccessorImpl.invoke0(Native Method)
  at sun.reflect.NativeMethodAccessorImpl.invoke(NativeMethodAccessorImpl.java:62)
  at sun.reflect.DelegatingMethodAccessorImpl.invoke(DelegatingMethodAccessorImpl.java:43)
  at java.lang.reflect.Method.invoke(Method.java:498)
  at org.junit.runners.model.FrameworkMethod$1.runReflectiveCall(FrameworkMethod.java:50)
  at org.junit.internal.runners.model.ReflectiveCallable.run(ReflectiveCallable.java:12)
  at org.junit.runners.model.FrameworkMethod.invokeExplosively(FrameworkMethod.java:47)
  at org.junit.internal.runners.statements.InvokeMethod.evaluate(InvokeMethod.java:17)
  at org.junit.internal.runners.statements.RunBefores.evaluate(RunBefores.java:26)
  at org.junit.rules.ExternalResource$1.evaluate(ExternalResource.java:48)
  at org.junit.rules.RunRules.evaluate(RunRules.java:20)
  at org.junit.runners.ParentRunner.runLeaf(ParentRunner.java:325)
  at org.junit.runners.BlockJUnit4ClassRunner.runChild(BlockJUnit4ClassRunner.java:78)
  at org.junit.runners.BlockJUnit4ClassRunner.runChild(BlockJUnit4ClassRunner.java:57)
  at org.junit.runners.ParentRunner$3.run(ParentRunner.java:290)
  at org.junit.runners.ParentRunner$1.schedule(ParentRunner.java:71)
  at org.junit.runners.ParentRunner.runChildren(ParentRunner.java:288)
  at org.junit.runners.ParentRunner.access$000(ParentRunner.java:58)
  at org.junit.runners.ParentRunner$2.evaluate(ParentRunner.java:268)
  at org.junit.runners.ParentRunner.run(ParentRunner.java:363)
  at org.apache.maven.surefire.junit4.JUnit4Provider.execute(JUnit4Provider.java:252)
  at org.apache.maven.surefire.junit4.JUnit4Provider.executeTestSet(JUnit4Provider.java:141)
  at org.apache.maven.surefire.junit4.JUnit4Provider.invoke(JUnit4Provider.java:112)
  at sun.reflect.NativeMethodAccessorImpl.invoke0(Native Method)
  at sun.reflect.NativeMethodAccessorImpl.invoke(NativeMethodAccessorImpl.java:62)
  at sun.reflect.DelegatingMethodAccessorImpl.invoke(DelegatingMethodAccessorImpl.java:43)
  at java.lang.reflect.Method.invoke(Method.java:498)
  at org.apache.maven.surefire.util.ReflectionUtils.invokeMethodWithArray(ReflectionUtils.java:189)
  at org.apache.maven.surefire.booter.ProviderFactory$ProviderProxy.invoke(ProviderFactory.java:165)
  at org.apache.maven.surefire.booter.ProviderFactory.invokeProvider(ProviderFactory.java:85)
  at org.apache.maven.surefire.booter.ForkedBooter.runSuitesInProcess(ForkedBooter.java:115)
  at org.apache.maven.surefire.booter.ForkedBooter.main(ForkedBooter.java:75)

withNulls(retrofit2.converter.moshi.MoshiConverterFactoryTest)  Time elapsed: 0.02 sec  &lt;&lt;&lt; ERROR!
java.lang.NoSuchMethodError: okio.BufferedSource.getBuffer()Lokio/Buffer;
  at com.squareup.moshi.JsonUtf8Reader.&lt;init>(JsonUtf8Reader.java:97)
  at com.squareup.moshi.JsonReader.of(JsonReader.java:196)
  at retrofit2.converter.moshi.MoshiResponseBodyConverter.convert(MoshiResponseBodyConverter.java:44)
  at retrofit2.converter.moshi.MoshiResponseBodyConverter.convert(MoshiResponseBodyConverter.java:27)
  at retrofit2.OkHttpCall.parseResponse(OkHttpCall.java:225)
  at retrofit2.OkHttpCall.execute(OkHttpCall.java:188)
  at retrofit2.converter.moshi.MoshiConverterFactoryTest.withNulls(MoshiConverterFactoryTest.java:246)
  at sun.reflect.NativeMethodAccessorImpl.invoke0(Native Method)
  at sun.reflect.NativeMethodAccessorImpl.invoke(NativeMethodAccessorImpl.java:62)
  at sun.reflect.DelegatingMethodAccessorImpl.invoke(DelegatingMethodAccessorImpl.java:43)
  at java.lang.reflect.Method.invoke(Method.java:498)
  at org.junit.runners.model.FrameworkMethod$1.runReflectiveCall(FrameworkMethod.java:50)
  at org.junit.internal.runners.model.ReflectiveCallable.run(ReflectiveCallable.java:12)
  at org.junit.runners.model.FrameworkMethod.invokeExplosively(FrameworkMethod.java:47)
  at org.junit.internal.runners.statements.InvokeMethod.evaluate(InvokeMethod.java:17)
  at org.junit.internal.runners.statements.RunBefores.evaluate(RunBefores.java:26)
  at org.junit.rules.ExternalResource$1.evaluate(ExternalResource.java:48)
  at org.junit.rules.RunRules.evaluate(RunRules.java:20)
  at org.junit.runners.ParentRunner.runLeaf(ParentRunner.java:325)
  at org.junit.runners.BlockJUnit4ClassRunner.runChild(BlockJUnit4ClassRunner.java:78)
  at org.junit.runners.BlockJUnit4ClassRunner.runChild(BlockJUnit4ClassRunner.java:57)
  at org.junit.runners.ParentRunner$3.run(ParentRunner.java:290)
  at org.junit.runners.ParentRunner$1.schedule(ParentRunner.java:71)
  at org.junit.runners.ParentRunner.runChildren(ParentRunner.java:288)
  at org.junit.runners.ParentRunner.access$000(ParentRunner.java:58)
  at org.junit.runners.ParentRunner$2.evaluate(ParentRunner.java:268)
  at org.junit.runners.ParentRunner.run(ParentRunner.java:363)
  at org.apache.maven.surefire.junit4.JUnit4Provider.execute(JUnit4Provider.java:252)
  at org.apache.maven.surefire.junit4.JUnit4Provider.executeTestSet(JUnit4Provider.java:141)
  at org.apache.maven.surefire.junit4.JUnit4Provider.invoke(JUnit4Provider.java:112)
  at sun.reflect.NativeMethodAccessorImpl.invoke0(Native Method)
  at sun.reflect.NativeMethodAccessorImpl.invoke(NativeMethodAccessorImpl.java:62)
  at sun.reflect.DelegatingMethodAccessorImpl.invoke(DelegatingMethodAccessorImpl.java:43)
  at java.lang.reflect.Method.invoke(Method.java:498)
  at org.apache.maven.surefire.util.ReflectionUtils.invokeMethodWithArray(ReflectionUtils.java:189)
  at org.apache.maven.surefire.booter.ProviderFactory$ProviderProxy.invoke(ProviderFactory.java:165)
  at org.apache.maven.surefire.booter.ProviderFactory.invokeProvider(ProviderFactory.java:85)
  at org.apache.maven.surefire.booter.ForkedBooter.runSuitesInProcess(ForkedBooter.java:115)
  at org.apache.maven.surefire.booter.ForkedBooter.main(ForkedBooter.java:75)

anImplementation(retrofit2.converter.moshi.MoshiConverterFactoryTest)  Time elapsed: 0.028 sec  &lt;&lt;&lt; ERROR!
java.lang.NoSuchMethodError: okio.BufferedSource.getBuffer()Lokio/Buffer;
  at com.squareup.moshi.JsonUtf8Reader.&lt;init>(JsonUtf8Reader.java:97)
  at com.squareup.moshi.JsonReader.of(JsonReader.java:196)
  at retrofit2.converter.moshi.MoshiResponseBodyConverter.convert(MoshiResponseBodyConverter.java:44)
  at retrofit2.converter.moshi.MoshiResponseBodyConverter.convert(MoshiResponseBodyConverter.java:27)
  at retrofit2.OkHttpCall.parseResponse(OkHttpCall.java:225)
  at retrofit2.OkHttpCall.execute(OkHttpCall.java:188)
  at retrofit2.converter.moshi.MoshiConverterFactoryTest.anImplementation(MoshiConverterFactoryTest.java:201)
  at sun.reflect.NativeMethodAccessorImpl.invoke0(Native Method)
  at sun.reflect.NativeMethodAccessorImpl.invoke(NativeMethodAccessorImpl.java:62)
  at sun.reflect.DelegatingMethodAccessorImpl.invoke(DelegatingMethodAccessorImpl.java:43)
  at java.lang.reflect.Method.invoke(Method.java:498)
  at org.junit.runners.model.FrameworkMethod$1.runReflectiveCall(FrameworkMethod.java:50)
  at org.junit.internal.runners.model.ReflectiveCallable.run(ReflectiveCallable.java:12)
  at org.junit.runners.model.FrameworkMethod.invokeExplosively(FrameworkMethod.java:47)
  at org.junit.internal.runners.statements.InvokeMethod.evaluate(InvokeMethod.java:17)
  at org.junit.internal.runners.statements.RunBefores.evaluate(RunBefores.java:26)
  at org.junit.rules.ExternalResource$1.evaluate(ExternalResource.java:48)
  at org.junit.rules.RunRules.evaluate(RunRules.java:20)
  at org.junit.runners.ParentRunner.runLeaf(ParentRunner.java:325)
  at org.junit.runners.BlockJUnit4ClassRunner.runChild(BlockJUnit4ClassRunner.java:78)
  at org.junit.runners.BlockJUnit4ClassRunner.runChild(BlockJUnit4ClassRunner.java:57)
  at org.junit.runners.ParentRunner$3.run(ParentRunner.java:290)
  at org.junit.runners.ParentRunner$1.schedule(ParentRunner.java:71)
  at org.junit.runners.ParentRunner.runChildren(ParentRunner.java:288)
  at org.junit.runners.ParentRunner.access$000(ParentRunner.java:58)
  at org.junit.runners.ParentRunner$2.evaluate(ParentRunner.java:268)
  at org.junit.runners.ParentRunner.run(ParentRunner.java:363)
  at org.apache.maven.surefire.junit4.JUnit4Provider.execute(JUnit4Provider.java:252)
  at org.apache.maven.surefire.junit4.JUnit4Provider.executeTestSet(JUnit4Provider.java:141)
  at org.apache.maven.surefire.junit4.JUnit4Provider.invoke(JUnit4Provider.java:112)
  at sun.reflect.NativeMethodAccessorImpl.invoke0(Native Method)
  at sun.reflect.NativeMethodAccessorImpl.invoke(NativeMethodAccessorImpl.java:62)
  at sun.reflect.DelegatingMethodAccessorImpl.invoke(DelegatingMethodAccessorImpl.java:43)
  at java.lang.reflect.Method.invoke(Method.java:498)
  at org.apache.maven.surefire.util.ReflectionUtils.invokeMethodWithArray(ReflectionUtils.java:189)
  at org.apache.maven.surefire.booter.ProviderFactory$ProviderProxy.invoke(ProviderFactory.java:165)
  at org.apache.maven.surefire.booter.ProviderFactory.invokeProvider(ProviderFactory.java:85)
  at org.apache.maven.surefire.booter.ForkedBooter.runSuitesInProcess(ForkedBooter.java:115)
  at org.apache.maven.surefire.booter.ForkedBooter.main(ForkedBooter.java:75)

asLenient(retrofit2.converter.moshi.MoshiConverterFactoryTest)  Time elapsed: 0.02 sec  &lt;&lt;&lt; ERROR!
java.lang.NoSuchMethodError: okio.BufferedSource.getBuffer()Lokio/Buffer;
  at com.squareup.moshi.JsonUtf8Reader.&lt;init>(JsonUtf8Reader.java:97)
  at com.squareup.moshi.JsonReader.of(JsonReader.java:196)
  at retrofit2.converter.moshi.MoshiResponseBodyConverter.convert(MoshiResponseBodyConverter.java:44)
  at retrofit2.converter.moshi.MoshiResponseBodyConverter.convert(MoshiResponseBodyConverter.java:27)
  at retrofit2.OkHttpCall.parseResponse(OkHttpCall.java:225)
  at retrofit2.OkHttpCall.execute(OkHttpCall.java:188)
  at retrofit2.converter.moshi.MoshiConverterFactoryTest.asLenient(MoshiConverterFactoryTest.java:229)
  at sun.reflect.NativeMethodAccessorImpl.invoke0(Native Method)
  at sun.reflect.NativeMethodAccessorImpl.invoke(NativeMethodAccessorImpl.java:62)
  at sun.reflect.DelegatingMethodAccessorImpl.invoke(DelegatingMethodAccessorImpl.java:43)
  at java.lang.reflect.Method.invoke(Method.java:498)
  at org.junit.runners.model.FrameworkMethod$1.runReflectiveCall(FrameworkMethod.java:50)
  at org.junit.internal.runners.model.ReflectiveCallable.run(ReflectiveCallable.java:12)
  at org.junit.runners.model.FrameworkMethod.invokeExplosively(FrameworkMethod.java:47)
  at org.junit.internal.runners.statements.InvokeMethod.evaluate(InvokeMethod.java:17)
  at org.junit.internal.runners.statements.RunBefores.evaluate(RunBefores.java:26)
  at org.junit.rules.ExternalResource$1.evaluate(ExternalResource.java:48)
  at org.junit.rules.RunRules.evaluate(RunRules.java:20)
  at org.junit.runners.ParentRunner.runLeaf(ParentRunner.java:325)
  at org.junit.runners.BlockJUnit4ClassRunner.runChild(BlockJUnit4ClassRunner.java:78)
  at org.junit.runners.BlockJUnit4ClassRunner.runChild(BlockJUnit4ClassRunner.java:57)
  at org.junit.runners.ParentRunner$3.run(ParentRunner.java:290)
  at org.junit.runners.ParentRunner$1.schedule(ParentRunner.java:71)
  at org.junit.runners.ParentRunner.runChildren(ParentRunner.java:288)
  at org.junit.runners.ParentRunner.access$000(ParentRunner.java:58)
  at org.junit.runners.ParentRunner$2.evaluate(ParentRunner.java:268)
  at org.junit.runners.ParentRunner.run(ParentRunner.java:363)
  at org.apache.maven.surefire.junit4.JUnit4Provider.execute(JUnit4Provider.java:252)
  at org.apache.maven.surefire.junit4.JUnit4Provider.executeTestSet(JUnit4Provider.java:141)
  at org.apache.maven.surefire.junit4.JUnit4Provider.invoke(JUnit4Provider.java:112)
  at sun.reflect.NativeMethodAccessorImpl.invoke0(Native Method)
  at sun.reflect.NativeMethodAccessorImpl.invoke(NativeMethodAccessorImpl.java:62)
  at sun.reflect.DelegatingMethodAccessorImpl.invoke(DelegatingMethodAccessorImpl.java:43)
  at java.lang.reflect.Method.invoke(Method.java:498)
  at org.apache.maven.surefire.util.ReflectionUtils.invokeMethodWithArray(ReflectionUtils.java:189)
  at org.apache.maven.surefire.booter.ProviderFactory$ProviderProxy.invoke(ProviderFactory.java:165)
  at org.apache.maven.surefire.booter.ProviderFactory.invokeProvider(ProviderFactory.java:85)
  at org.apache.maven.surefire.booter.ForkedBooter.runSuitesInProcess(ForkedBooter.java:115)
  at org.apache.maven.surefire.booter.ForkedBooter.main(ForkedBooter.java:75)

utf8BomSkipped(retrofit2.converter.moshi.MoshiConverterFactoryTest)  Time elapsed: 0.016 sec  &lt;&lt;&lt; ERROR!
java.lang.NoSuchMethodError: okio.BufferedSource.getBuffer()Lokio/Buffer;
  at com.squareup.moshi.JsonUtf8Reader.&lt;init>(JsonUtf8Reader.java:97)
  at com.squareup.moshi.JsonReader.of(JsonReader.java:196)
  at retrofit2.converter.moshi.MoshiResponseBodyConverter.convert(MoshiResponseBodyConverter.java:44)
  at retrofit2.converter.moshi.MoshiResponseBodyConverter.convert(MoshiResponseBodyConverter.java:27)
  at retrofit2.OkHttpCall.parseResponse(OkHttpCall.java:225)
  at retrofit2.OkHttpCall.execute(OkHttpCall.java:188)
  at retrofit2.converter.moshi.MoshiConverterFactoryTest.utf8BomSkipped(MoshiConverterFactoryTest.java:270)
  at sun.reflect.NativeMethodAccessorImpl.invoke0(Native Method)
  at sun.reflect.NativeMethodAccessorImpl.invoke(NativeMethodAccessorImpl.java:62)
  at sun.reflect.DelegatingMethodAccessorImpl.invoke(DelegatingMethodAccessorImpl.java:43)
  at java.lang.reflect.Method.invoke(Method.java:498)
  at org.junit.runners.model.FrameworkMethod$1.runReflectiveCall(FrameworkMethod.java:50)
  at org.junit.internal.runners.model.ReflectiveCallable.run(ReflectiveCallable.java:12)
  at org.junit.runners.model.FrameworkMethod.invokeExplosively(FrameworkMethod.java:47)
  at org.junit.internal.runners.statements.InvokeMethod.evaluate(InvokeMethod.java:17)
  at org.junit.internal.runners.statements.RunBefores.evaluate(RunBefores.java:26)
  at org.junit.rules.ExternalResource$1.evaluate(ExternalResource.java:48)
  at org.junit.rules.RunRules.evaluate(RunRules.java:20)
  at org.junit.runners.ParentRunner.runLeaf(ParentRunner.java:325)
  at org.junit.runners.BlockJUnit4ClassRunner.runChild(BlockJUnit4ClassRunner.java:78)
  at org.junit.runners.BlockJUnit4ClassRunner.runChild(BlockJUnit4ClassRunner.java:57)
  at org.junit.runners.ParentRunner$3.run(ParentRunner.java:290)
  at org.junit.runners.ParentRunner$1.schedule(ParentRunner.java:71)
  at org.junit.runners.ParentRunner.runChildren(ParentRunner.java:288)
  at org.junit.runners.ParentRunner.access$000(ParentRunner.java:58)
  at org.junit.runners.ParentRunner$2.evaluate(ParentRunner.java:268)
  at org.junit.runners.ParentRunner.run(ParentRunner.java:363)
  at org.apache.maven.surefire.junit4.JUnit4Provider.execute(JUnit4Provider.java:252)
  at org.apache.maven.surefire.junit4.JUnit4Provider.executeTestSet(JUnit4Provider.java:141)
  at org.apache.maven.surefire.junit4.JUnit4Provider.invoke(JUnit4Provider.java:112)
  at sun.reflect.NativeMethodAccessorImpl.invoke0(Native Method)
  at sun.reflect.NativeMethodAccessorImpl.invoke(NativeMethodAccessorImpl.java:62)
  at sun.reflect.DelegatingMethodAccessorImpl.invoke(DelegatingMethodAccessorImpl.java:43)
  at java.lang.reflect.Method.invoke(Method.java:498)
  at org.apache.maven.surefire.util.ReflectionUtils.invokeMethodWithArray(ReflectionUtils.java:189)
  at org.apache.maven.surefire.booter.ProviderFactory$ProviderProxy.invoke(ProviderFactory.java:165)
  at org.apache.maven.surefire.booter.ProviderFactory.invokeProvider(ProviderFactory.java:85)
  at org.apache.maven.surefire.booter.ForkedBooter.runSuitesInProcess(ForkedBooter.java:115)
  at org.apache.maven.surefire.booter.ForkedBooter.main(ForkedBooter.java:75)</Output>
      </ExampleDataOfString>
      <ExampleDataOfString>
        <InputPath>Java/square@retrofit/failed/484991823.log</InputPath>
        <Output>requireFullResponseDocumentConsumption(retrofit2.converter.moshi.MoshiConverterFactoryTest)  Time elapsed: 0.202 sec  &lt;&lt;&lt; ERROR!
java.lang.NoSuchMethodError: okio.BufferedSource.getBuffer()Lokio/Buffer;
  at com.squareup.moshi.JsonUtf8Reader.&lt;init>(JsonUtf8Reader.java:97)
  at com.squareup.moshi.JsonReader.of(JsonReader.java:196)
  at retrofit2.converter.moshi.MoshiResponseBodyConverter.convert(MoshiResponseBodyConverter.java:44)
  at retrofit2.converter.moshi.MoshiResponseBodyConverter.convert(MoshiResponseBodyConverter.java:27)
  at retrofit2.OkHttpCall.parseResponse(OkHttpCall.java:225)
  at retrofit2.OkHttpCall.execute(OkHttpCall.java:188)
  at retrofit2.converter.moshi.MoshiConverterFactoryTest.requireFullResponseDocumentConsumption(MoshiConverterFactoryTest.java:295)
  at sun.reflect.NativeMethodAccessorImpl.invoke0(Native Method)
  at sun.reflect.NativeMethodAccessorImpl.invoke(NativeMethodAccessorImpl.java:62)
  at sun.reflect.DelegatingMethodAccessorImpl.invoke(DelegatingMethodAccessorImpl.java:43)
  at java.lang.reflect.Method.invoke(Method.java:498)
  at org.junit.runners.model.FrameworkMethod$1.runReflectiveCall(FrameworkMethod.java:50)
  at org.junit.internal.runners.model.ReflectiveCallable.run(ReflectiveCallable.java:12)
  at org.junit.runners.model.FrameworkMethod.invokeExplosively(FrameworkMethod.java:47)
  at org.junit.internal.runners.statements.InvokeMethod.evaluate(InvokeMethod.java:17)
  at org.junit.internal.runners.statements.RunBefores.evaluate(RunBefores.java:26)
  at org.junit.rules.ExternalResource$1.evaluate(ExternalResource.java:48)
  at org.junit.rules.RunRules.evaluate(RunRules.java:20)
  at org.junit.runners.ParentRunner.runLeaf(ParentRunner.java:325)
  at org.junit.runners.BlockJUnit4ClassRunner.runChild(BlockJUnit4ClassRunner.java:78)
  at org.junit.runners.BlockJUnit4ClassRunner.runChild(BlockJUnit4ClassRunner.java:57)
  at org.junit.runners.ParentRunner$3.run(ParentRunner.java:290)
  at org.junit.runners.ParentRunner$1.schedule(ParentRunner.java:71)
  at org.junit.runners.ParentRunner.runChildren(ParentRunner.java:288)
  at org.junit.runners.ParentRunner.access$000(ParentRunner.java:58)
  at org.junit.runners.ParentRunner$2.evaluate(ParentRunner.java:268)
  at org.junit.runners.ParentRunner.run(ParentRunner.java:363)
  at org.apache.maven.surefire.junit4.JUnit4Provider.execute(JUnit4Provider.java:252)
  at org.apache.maven.surefire.junit4.JUnit4Provider.executeTestSet(JUnit4Provider.java:141)
  at org.apache.maven.surefire.junit4.JUnit4Provider.invoke(JUnit4Provider.java:112)
  at sun.reflect.NativeMethodAccessorImpl.invoke0(Native Method)
  at sun.reflect.NativeMethodAccessorImpl.invoke(NativeMethodAccessorImpl.java:62)
  at sun.reflect.DelegatingMethodAccessorImpl.invoke(DelegatingMethodAccessorImpl.java:43)
  at java.lang.reflect.Method.invoke(Method.java:498)
  at org.apache.maven.surefire.util.ReflectionUtils.invokeMethodWithArray(ReflectionUtils.java:189)
  at org.apache.maven.surefire.booter.ProviderFactory$ProviderProxy.invoke(ProviderFactory.java:165)
  at org.apache.maven.surefire.booter.ProviderFactory.invokeProvider(ProviderFactory.java:85)
  at org.apache.maven.surefire.booter.ForkedBooter.runSuitesInProcess(ForkedBooter.java:115)
  at org.apache.maven.surefire.booter.ForkedBooter.main(ForkedBooter.java:75)

annotations(retrofit2.converter.moshi.MoshiConverterFactoryTest)  Time elapsed: 0.038 sec  &lt;&lt;&lt; ERROR!
java.lang.NoSuchMethodError: okio.BufferedSource.getBuffer()Lokio/Buffer;
  at com.squareup.moshi.JsonUtf8Reader.&lt;init>(JsonUtf8Reader.java:97)
  at com.squareup.moshi.JsonReader.of(JsonReader.java:196)
  at retrofit2.converter.moshi.MoshiResponseBodyConverter.convert(MoshiResponseBodyConverter.java:44)
  at retrofit2.converter.moshi.MoshiResponseBodyConverter.convert(MoshiResponseBodyConverter.java:27)
  at retrofit2.OkHttpCall.parseResponse(OkHttpCall.java:225)
  at retrofit2.OkHttpCall.execute(OkHttpCall.java:188)
  at retrofit2.converter.moshi.MoshiConverterFactoryTest.annotations(MoshiConverterFactoryTest.java:214)
  at sun.reflect.NativeMethodAccessorImpl.invoke0(Native Method)
  at sun.reflect.NativeMethodAccessorImpl.invoke(NativeMethodAccessorImpl.java:62)
  at sun.reflect.DelegatingMethodAccessorImpl.invoke(DelegatingMethodAccessorImpl.java:43)
  at java.lang.reflect.Method.invoke(Method.java:498)
  at org.junit.runners.model.FrameworkMethod$1.runReflectiveCall(FrameworkMethod.java:50)
  at org.junit.internal.runners.model.ReflectiveCallable.run(ReflectiveCallable.java:12)
  at org.junit.runners.model.FrameworkMethod.invokeExplosively(FrameworkMethod.java:47)
  at org.junit.internal.runners.statements.InvokeMethod.evaluate(InvokeMethod.java:17)
  at org.junit.internal.runners.statements.RunBefores.evaluate(RunBefores.java:26)
  at org.junit.rules.ExternalResource$1.evaluate(ExternalResource.java:48)
  at org.junit.rules.RunRules.evaluate(RunRules.java:20)
  at org.junit.runners.ParentRunner.runLeaf(ParentRunner.java:325)
  at org.junit.runners.BlockJUnit4ClassRunner.runChild(BlockJUnit4ClassRunner.java:78)
  at org.junit.runners.BlockJUnit4ClassRunner.runChild(BlockJUnit4ClassRunner.java:57)
  at org.junit.runners.ParentRunner$3.run(ParentRunner.java:290)
  at org.junit.runners.ParentRunner$1.schedule(ParentRunner.java:71)
  at org.junit.runners.ParentRunner.runChildren(ParentRunner.java:288)
  at org.junit.runners.ParentRunner.access$000(ParentRunner.java:58)
  at org.junit.runners.ParentRunner$2.evaluate(ParentRunner.java:268)
  at org.junit.runners.ParentRunner.run(ParentRunner.java:363)
  at org.apache.maven.surefire.junit4.JUnit4Provider.execute(JUnit4Provider.java:252)
  at org.apache.maven.surefire.junit4.JUnit4Provider.executeTestSet(JUnit4Provider.java:141)
  at org.apache.maven.surefire.junit4.JUnit4Provider.invoke(JUnit4Provider.java:112)
  at sun.reflect.NativeMethodAccessorImpl.invoke0(Native Method)
  at sun.reflect.NativeMethodAccessorImpl.invoke(NativeMethodAccessorImpl.java:62)
  at sun.reflect.DelegatingMethodAccessorImpl.invoke(DelegatingMethodAccessorImpl.java:43)
  at java.lang.reflect.Method.invoke(Method.java:498)
  at org.apache.maven.surefire.util.ReflectionUtils.invokeMethodWithArray(ReflectionUtils.java:189)
  at org.apache.maven.surefire.booter.ProviderFactory$ProviderProxy.invoke(ProviderFactory.java:165)
  at org.apache.maven.surefire.booter.ProviderFactory.invokeProvider(ProviderFactory.java:85)
  at org.apache.maven.surefire.booter.ForkedBooter.runSuitesInProcess(ForkedBooter.java:115)
  at org.apache.maven.surefire.booter.ForkedBooter.main(ForkedBooter.java:75)

failOnUnknown(retrofit2.converter.moshi.MoshiConverterFactoryTest)  Time elapsed: 0.017 sec  &lt;&lt;&lt; ERROR!
java.lang.NoSuchMethodError: okio.BufferedSource.getBuffer()Lokio/Buffer;
  at com.squareup.moshi.JsonUtf8Reader.&lt;init>(JsonUtf8Reader.java:97)
  at com.squareup.moshi.JsonReader.of(JsonReader.java:196)
  at retrofit2.converter.moshi.MoshiResponseBodyConverter.convert(MoshiResponseBodyConverter.java:44)
  at retrofit2.converter.moshi.MoshiResponseBodyConverter.convert(MoshiResponseBodyConverter.java:27)
  at retrofit2.OkHttpCall.parseResponse(OkHttpCall.java:225)
  at retrofit2.OkHttpCall.execute(OkHttpCall.java:188)
  at retrofit2.converter.moshi.MoshiConverterFactoryTest.failOnUnknown(MoshiConverterFactoryTest.java:255)
  at sun.reflect.NativeMethodAccessorImpl.invoke0(Native Method)
  at sun.reflect.NativeMethodAccessorImpl.invoke(NativeMethodAccessorImpl.java:62)
  at sun.reflect.DelegatingMethodAccessorImpl.invoke(DelegatingMethodAccessorImpl.java:43)
  at java.lang.reflect.Method.invoke(Method.java:498)
  at org.junit.runners.model.FrameworkMethod$1.runReflectiveCall(FrameworkMethod.java:50)
  at org.junit.internal.runners.model.ReflectiveCallable.run(ReflectiveCallable.java:12)
  at org.junit.runners.model.FrameworkMethod.invokeExplosively(FrameworkMethod.java:47)
  at org.junit.internal.runners.statements.InvokeMethod.evaluate(InvokeMethod.java:17)
  at org.junit.internal.runners.statements.RunBefores.evaluate(RunBefores.java:26)
  at org.junit.rules.ExternalResource$1.evaluate(ExternalResource.java:48)
  at org.junit.rules.RunRules.evaluate(RunRules.java:20)
  at org.junit.runners.ParentRunner.runLeaf(ParentRunner.java:325)
  at org.junit.runners.BlockJUnit4ClassRunner.runChild(BlockJUnit4ClassRunner.java:78)
  at org.junit.runners.BlockJUnit4ClassRunner.runChild(BlockJUnit4ClassRunner.java:57)
  at org.junit.runners.ParentRunner$3.run(ParentRunner.java:290)
  at org.junit.runners.ParentRunner$1.schedule(ParentRunner.java:71)
  at org.junit.runners.ParentRunner.runChildren(ParentRunner.java:288)
  at org.junit.runners.ParentRunner.access$000(ParentRunner.java:58)
  at org.junit.runners.ParentRunner$2.evaluate(ParentRunner.java:268)
  at org.junit.runners.ParentRunner.run(ParentRunner.java:363)
  at org.apache.maven.surefire.junit4.JUnit4Provider.execute(JUnit4Provider.java:252)
  at org.apache.maven.surefire.junit4.JUnit4Provider.executeTestSet(JUnit4Provider.java:141)
  at org.apache.maven.surefire.junit4.JUnit4Provider.invoke(JUnit4Provider.java:112)
  at sun.reflect.NativeMethodAccessorImpl.invoke0(Native Method)
  at sun.reflect.NativeMethodAccessorImpl.invoke(NativeMethodAccessorImpl.java:62)
  at sun.reflect.DelegatingMethodAccessorImpl.invoke(DelegatingMethodAccessorImpl.java:43)
  at java.lang.reflect.Method.invoke(Method.java:498)
  at org.apache.maven.surefire.util.ReflectionUtils.invokeMethodWithArray(ReflectionUtils.java:189)
  at org.apache.maven.surefire.booter.ProviderFactory$ProviderProxy.invoke(ProviderFactory.java:165)
  at org.apache.maven.surefire.booter.ProviderFactory.invokeProvider(ProviderFactory.java:85)
  at org.apache.maven.surefire.booter.ForkedBooter.runSuitesInProcess(ForkedBooter.java:115)
  at org.apache.maven.surefire.booter.ForkedBooter.main(ForkedBooter.java:75)

anInterface(retrofit2.converter.moshi.MoshiConverterFactoryTest)  Time elapsed: 0.021 sec  &lt;&lt;&lt; ERROR!
java.lang.NoSuchMethodError: okio.BufferedSource.getBuffer()Lokio/Buffer;
  at com.squareup.moshi.JsonUtf8Reader.&lt;init>(JsonUtf8Reader.java:97)
  at com.squareup.moshi.JsonReader.of(JsonReader.java:196)
  at retrofit2.converter.moshi.MoshiResponseBodyConverter.convert(MoshiResponseBodyConverter.java:44)
  at retrofit2.converter.moshi.MoshiResponseBodyConverter.convert(MoshiResponseBodyConverter.java:27)
  at retrofit2.OkHttpCall.parseResponse(OkHttpCall.java:225)
  at retrofit2.OkHttpCall.execute(OkHttpCall.java:188)
  at retrofit2.converter.moshi.MoshiConverterFactoryTest.anInterface(MoshiConverterFactoryTest.java:188)
  at sun.reflect.NativeMethodAccessorImpl.invoke0(Native Method)
  at sun.reflect.NativeMethodAccessorImpl.invoke(NativeMethodAccessorImpl.java:62)
  at sun.reflect.DelegatingMethodAccessorImpl.invoke(DelegatingMethodAccessorImpl.java:43)
  at java.lang.reflect.Method.invoke(Method.java:498)
  at org.junit.runners.model.FrameworkMethod$1.runReflectiveCall(FrameworkMethod.java:50)
  at org.junit.internal.runners.model.ReflectiveCallable.run(ReflectiveCallable.java:12)
  at org.junit.runners.model.FrameworkMethod.invokeExplosively(FrameworkMethod.java:47)
  at org.junit.internal.runners.statements.InvokeMethod.evaluate(InvokeMethod.java:17)
  at org.junit.internal.runners.statements.RunBefores.evaluate(RunBefores.java:26)
  at org.junit.rules.ExternalResource$1.evaluate(ExternalResource.java:48)
  at org.junit.rules.RunRules.evaluate(RunRules.java:20)
  at org.junit.runners.ParentRunner.runLeaf(ParentRunner.java:325)
  at org.junit.runners.BlockJUnit4ClassRunner.runChild(BlockJUnit4ClassRunner.java:78)
  at org.junit.runners.BlockJUnit4ClassRunner.runChild(BlockJUnit4ClassRunner.java:57)
  at org.junit.runners.ParentRunner$3.run(ParentRunner.java:290)
  at org.junit.runners.ParentRunner$1.schedule(ParentRunner.java:71)
  at org.junit.runners.ParentRunner.runChildren(ParentRunner.java:288)
  at org.junit.runners.ParentRunner.access$000(ParentRunner.java:58)
  at org.junit.runners.ParentRunner$2.evaluate(ParentRunner.java:268)
  at org.junit.runners.ParentRunner.run(ParentRunner.java:363)
  at org.apache.maven.surefire.junit4.JUnit4Provider.execute(JUnit4Provider.java:252)
  at org.apache.maven.surefire.junit4.JUnit4Provider.executeTestSet(JUnit4Provider.java:141)
  at org.apache.maven.surefire.junit4.JUnit4Provider.invoke(JUnit4Provider.java:112)
  at sun.reflect.NativeMethodAccessorImpl.invoke0(Native Method)
  at sun.reflect.NativeMethodAccessorImpl.invoke(NativeMethodAccessorImpl.java:62)
  at sun.reflect.DelegatingMethodAccessorImpl.invoke(DelegatingMethodAccessorImpl.java:43)
  at java.lang.reflect.Method.invoke(Method.java:498)
  at org.apache.maven.surefire.util.ReflectionUtils.invokeMethodWithArray(ReflectionUtils.java:189)
  at org.apache.maven.surefire.booter.ProviderFactory$ProviderProxy.invoke(ProviderFactory.java:165)
  at org.apache.maven.surefire.booter.ProviderFactory.invokeProvider(ProviderFactory.java:85)
  at org.apache.maven.surefire.booter.ForkedBooter.runSuitesInProcess(ForkedBooter.java:115)
  at org.apache.maven.surefire.booter.ForkedBooter.main(ForkedBooter.java:75)

nonUtf8BomIsNotSkipped(retrofit2.converter.moshi.MoshiConverterFactoryTest)  Time elapsed: 0.028 sec  &lt;&lt;&lt; ERROR!
java.lang.NoSuchMethodError: okio.BufferedSource.getBuffer()Lokio/Buffer;
  at com.squareup.moshi.JsonUtf8Reader.&lt;init>(JsonUtf8Reader.java:97)
  at com.squareup.moshi.JsonReader.of(JsonReader.java:196)
  at retrofit2.converter.moshi.MoshiResponseBodyConverter.convert(MoshiResponseBodyConverter.java:44)
  at retrofit2.converter.moshi.MoshiResponseBodyConverter.convert(MoshiResponseBodyConverter.java:27)
  at retrofit2.OkHttpCall.parseResponse(OkHttpCall.java:225)
  at retrofit2.OkHttpCall.execute(OkHttpCall.java:188)
  at retrofit2.converter.moshi.MoshiConverterFactoryTest.nonUtf8BomIsNotSkipped(MoshiConverterFactoryTest.java:284)
  at sun.reflect.NativeMethodAccessorImpl.invoke0(Native Method)
  at sun.reflect.NativeMethodAccessorImpl.invoke(NativeMethodAccessorImpl.java:62)
  at sun.reflect.DelegatingMethodAccessorImpl.invoke(DelegatingMethodAccessorImpl.java:43)
  at java.lang.reflect.Method.invoke(Method.java:498)
  at org.junit.runners.model.FrameworkMethod$1.runReflectiveCall(FrameworkMethod.java:50)
  at org.junit.internal.runners.model.ReflectiveCallable.run(ReflectiveCallable.java:12)
  at org.junit.runners.model.FrameworkMethod.invokeExplosively(FrameworkMethod.java:47)
  at org.junit.internal.runners.statements.InvokeMethod.evaluate(InvokeMethod.java:17)
  at org.junit.internal.runners.statements.RunBefores.evaluate(RunBefores.java:26)
  at org.junit.rules.ExternalResource$1.evaluate(ExternalResource.java:48)
  at org.junit.rules.RunRules.evaluate(RunRules.java:20)
  at org.junit.runners.ParentRunner.runLeaf(ParentRunner.java:325)
  at org.junit.runners.BlockJUnit4ClassRunner.runChild(BlockJUnit4ClassRunner.java:78)
  at org.junit.runners.BlockJUnit4ClassRunner.runChild(BlockJUnit4ClassRunner.java:57)
  at org.junit.runners.ParentRunner$3.run(ParentRunner.java:290)
  at org.junit.runners.ParentRunner$1.schedule(ParentRunner.java:71)
  at org.junit.runners.ParentRunner.runChildren(ParentRunner.java:288)
  at org.junit.runners.ParentRunner.access$000(ParentRunner.java:58)
  at org.junit.runners.ParentRunner$2.evaluate(ParentRunner.java:268)
  at org.junit.runners.ParentRunner.run(ParentRunner.java:363)
  at org.apache.maven.surefire.junit4.JUnit4Provider.execute(JUnit4Provider.java:252)
  at org.apache.maven.surefire.junit4.JUnit4Provider.executeTestSet(JUnit4Provider.java:141)
  at org.apache.maven.surefire.junit4.JUnit4Provider.invoke(JUnit4Provider.java:112)
  at sun.reflect.NativeMethodAccessorImpl.invoke0(Native Method)
  at sun.reflect.NativeMethodAccessorImpl.invoke(NativeMethodAccessorImpl.java:62)
  at sun.reflect.DelegatingMethodAccessorImpl.invoke(DelegatingMethodAccessorImpl.java:43)
  at java.lang.reflect.Method.invoke(Method.java:498)
  at org.apache.maven.surefire.util.ReflectionUtils.invokeMethodWithArray(ReflectionUtils.java:189)
  at org.apache.maven.surefire.booter.ProviderFactory$ProviderProxy.invoke(ProviderFactory.java:165)
  at org.apache.maven.surefire.booter.ProviderFactory.invokeProvider(ProviderFactory.java:85)
  at org.apache.maven.surefire.booter.ForkedBooter.runSuitesInProcess(ForkedBooter.java:115)
  at org.apache.maven.surefire.booter.ForkedBooter.main(ForkedBooter.java:75)

withNulls(retrofit2.converter.moshi.MoshiConverterFactoryTest)  Time elapsed: 0.013 sec  &lt;&lt;&lt; ERROR!
java.lang.NoSuchMethodError: okio.BufferedSource.getBuffer()Lokio/Buffer;
  at com.squareup.moshi.JsonUtf8Reader.&lt;init>(JsonUtf8Reader.java:97)
  at com.squareup.moshi.JsonReader.of(JsonReader.java:196)
  at retrofit2.converter.moshi.MoshiResponseBodyConverter.convert(MoshiResponseBodyConverter.java:44)
  at retrofit2.converter.moshi.MoshiResponseBodyConverter.convert(MoshiResponseBodyConverter.java:27)
  at retrofit2.OkHttpCall.parseResponse(OkHttpCall.java:225)
  at retrofit2.OkHttpCall.execute(OkHttpCall.java:188)
  at retrofit2.converter.moshi.MoshiConverterFactoryTest.withNulls(MoshiConverterFactoryTest.java:246)
  at sun.reflect.NativeMethodAccessorImpl.invoke0(Native Method)
  at sun.reflect.NativeMethodAccessorImpl.invoke(NativeMethodAccessorImpl.java:62)
  at sun.reflect.DelegatingMethodAccessorImpl.invoke(DelegatingMethodAccessorImpl.java:43)
  at java.lang.reflect.Method.invoke(Method.java:498)
  at org.junit.runners.model.FrameworkMethod$1.runReflectiveCall(FrameworkMethod.java:50)
  at org.junit.internal.runners.model.ReflectiveCallable.run(ReflectiveCallable.java:12)
  at org.junit.runners.model.FrameworkMethod.invokeExplosively(FrameworkMethod.java:47)
  at org.junit.internal.runners.statements.InvokeMethod.evaluate(InvokeMethod.java:17)
  at org.junit.internal.runners.statements.RunBefores.evaluate(RunBefores.java:26)
  at org.junit.rules.ExternalResource$1.evaluate(ExternalResource.java:48)
  at org.junit.rules.RunRules.evaluate(RunRules.java:20)
  at org.junit.runners.ParentRunner.runLeaf(ParentRunner.java:325)
  at org.junit.runners.BlockJUnit4ClassRunner.runChild(BlockJUnit4ClassRunner.java:78)
  at org.junit.runners.BlockJUnit4ClassRunner.runChild(BlockJUnit4ClassRunner.java:57)
  at org.junit.runners.ParentRunner$3.run(ParentRunner.java:290)
  at org.junit.runners.ParentRunner$1.schedule(ParentRunner.java:71)
  at org.junit.runners.ParentRunner.runChildren(ParentRunner.java:288)
  at org.junit.runners.ParentRunner.access$000(ParentRunner.java:58)
  at org.junit.runners.ParentRunner$2.evaluate(ParentRunner.java:268)
  at org.junit.runners.ParentRunner.run(ParentRunner.java:363)
  at org.apache.maven.surefire.junit4.JUnit4Provider.execute(JUnit4Provider.java:252)
  at org.apache.maven.surefire.junit4.JUnit4Provider.executeTestSet(JUnit4Provider.java:141)
  at org.apache.maven.surefire.junit4.JUnit4Provider.invoke(JUnit4Provider.java:112)
  at sun.reflect.NativeMethodAccessorImpl.invoke0(Native Method)
  at sun.reflect.NativeMethodAccessorImpl.invoke(NativeMethodAccessorImpl.java:62)
  at sun.reflect.DelegatingMethodAccessorImpl.invoke(DelegatingMethodAccessorImpl.java:43)
  at java.lang.reflect.Method.invoke(Method.java:498)
  at org.apache.maven.surefire.util.ReflectionUtils.invokeMethodWithArray(ReflectionUtils.java:189)
  at org.apache.maven.surefire.booter.ProviderFactory$ProviderProxy.invoke(ProviderFactory.java:165)
  at org.apache.maven.surefire.booter.ProviderFactory.invokeProvider(ProviderFactory.java:85)
  at org.apache.maven.surefire.booter.ForkedBooter.runSuitesInProcess(ForkedBooter.java:115)
  at org.apache.maven.surefire.booter.ForkedBooter.main(ForkedBooter.java:75)

anImplementation(retrofit2.converter.moshi.MoshiConverterFactoryTest)  Time elapsed: 0.026 sec  &lt;&lt;&lt; ERROR!
java.lang.NoSuchMethodError: okio.BufferedSource.getBuffer()Lokio/Buffer;
  at com.squareup.moshi.JsonUtf8Reader.&lt;init>(JsonUtf8Reader.java:97)
  at com.squareup.moshi.JsonReader.of(JsonReader.java:196)
  at retrofit2.converter.moshi.MoshiResponseBodyConverter.convert(MoshiResponseBodyConverter.java:44)
  at retrofit2.converter.moshi.MoshiResponseBodyConverter.convert(MoshiResponseBodyConverter.java:27)
  at retrofit2.OkHttpCall.parseResponse(OkHttpCall.java:225)
  at retrofit2.OkHttpCall.execute(OkHttpCall.java:188)
  at retrofit2.converter.moshi.MoshiConverterFactoryTest.anImplementation(MoshiConverterFactoryTest.java:201)
  at sun.reflect.NativeMethodAccessorImpl.invoke0(Native Method)
  at sun.reflect.NativeMethodAccessorImpl.invoke(NativeMethodAccessorImpl.java:62)
  at sun.reflect.DelegatingMethodAccessorImpl.invoke(DelegatingMethodAccessorImpl.java:43)
  at java.lang.reflect.Method.invoke(Method.java:498)
  at org.junit.runners.model.FrameworkMethod$1.runReflectiveCall(FrameworkMethod.java:50)
  at org.junit.internal.runners.model.ReflectiveCallable.run(ReflectiveCallable.java:12)
  at org.junit.runners.model.FrameworkMethod.invokeExplosively(FrameworkMethod.java:47)
  at org.junit.internal.runners.statements.InvokeMethod.evaluate(InvokeMethod.java:17)
  at org.junit.internal.runners.statements.RunBefores.evaluate(RunBefores.java:26)
  at org.junit.rules.ExternalResource$1.evaluate(ExternalResource.java:48)
  at org.junit.rules.RunRules.evaluate(RunRules.java:20)
  at org.junit.runners.ParentRunner.runLeaf(ParentRunner.java:325)
  at org.junit.runners.BlockJUnit4ClassRunner.runChild(BlockJUnit4ClassRunner.java:78)
  at org.junit.runners.BlockJUnit4ClassRunner.runChild(BlockJUnit4ClassRunner.java:57)
  at org.junit.runners.ParentRunner$3.run(ParentRunner.java:290)
  at org.junit.runners.ParentRunner$1.schedule(ParentRunner.java:71)
  at org.junit.runners.ParentRunner.runChildren(ParentRunner.java:288)
  at org.junit.runners.ParentRunner.access$000(ParentRunner.java:58)
  at org.junit.runners.ParentRunner$2.evaluate(ParentRunner.java:268)
  at org.junit.runners.ParentRunner.run(ParentRunner.java:363)
  at org.apache.maven.surefire.junit4.JUnit4Provider.execute(JUnit4Provider.java:252)
  at org.apache.maven.surefire.junit4.JUnit4Provider.executeTestSet(JUnit4Provider.java:141)
  at org.apache.maven.surefire.junit4.JUnit4Provider.invoke(JUnit4Provider.java:112)
  at sun.reflect.NativeMethodAccessorImpl.invoke0(Native Method)
  at sun.reflect.NativeMethodAccessorImpl.invoke(NativeMethodAccessorImpl.java:62)
  at sun.reflect.DelegatingMethodAccessorImpl.invoke(DelegatingMethodAccessorImpl.java:43)
  at java.lang.reflect.Method.invoke(Method.java:498)
  at org.apache.maven.surefire.util.ReflectionUtils.invokeMethodWithArray(ReflectionUtils.java:189)
  at org.apache.maven.surefire.booter.ProviderFactory$ProviderProxy.invoke(ProviderFactory.java:165)
  at org.apache.maven.surefire.booter.ProviderFactory.invokeProvider(ProviderFactory.java:85)
  at org.apache.maven.surefire.booter.ForkedBooter.runSuitesInProcess(ForkedBooter.java:115)
  at org.apache.maven.surefire.booter.ForkedBooter.main(ForkedBooter.java:75)

asLenient(retrofit2.converter.moshi.MoshiConverterFactoryTest)  Time elapsed: 0.018 sec  &lt;&lt;&lt; ERROR!
java.lang.NoSuchMethodError: okio.BufferedSource.getBuffer()Lokio/Buffer;
  at com.squareup.moshi.JsonUtf8Reader.&lt;init>(JsonUtf8Reader.java:97)
  at com.squareup.moshi.JsonReader.of(JsonReader.java:196)
  at retrofit2.converter.moshi.MoshiResponseBodyConverter.convert(MoshiResponseBodyConverter.java:44)
  at retrofit2.converter.moshi.MoshiResponseBodyConverter.convert(MoshiResponseBodyConverter.java:27)
  at retrofit2.OkHttpCall.parseResponse(OkHttpCall.java:225)
  at retrofit2.OkHttpCall.execute(OkHttpCall.java:188)
  at retrofit2.converter.moshi.MoshiConverterFactoryTest.asLenient(MoshiConverterFactoryTest.java:229)
  at sun.reflect.NativeMethodAccessorImpl.invoke0(Native Method)
  at sun.reflect.NativeMethodAccessorImpl.invoke(NativeMethodAccessorImpl.java:62)
  at sun.reflect.DelegatingMethodAccessorImpl.invoke(DelegatingMethodAccessorImpl.java:43)
  at java.lang.reflect.Method.invoke(Method.java:498)
  at org.junit.runners.model.FrameworkMethod$1.runReflectiveCall(FrameworkMethod.java:50)
  at org.junit.internal.runners.model.ReflectiveCallable.run(ReflectiveCallable.java:12)
  at org.junit.runners.model.FrameworkMethod.invokeExplosively(FrameworkMethod.java:47)
  at org.junit.internal.runners.statements.InvokeMethod.evaluate(InvokeMethod.java:17)
  at org.junit.internal.runners.statements.RunBefores.evaluate(RunBefores.java:26)
  at org.junit.rules.ExternalResource$1.evaluate(ExternalResource.java:48)
  at org.junit.rules.RunRules.evaluate(RunRules.java:20)
  at org.junit.runners.ParentRunner.runLeaf(ParentRunner.java:325)
  at org.junit.runners.BlockJUnit4ClassRunner.runChild(BlockJUnit4ClassRunner.java:78)
  at org.junit.runners.BlockJUnit4ClassRunner.runChild(BlockJUnit4ClassRunner.java:57)
  at org.junit.runners.ParentRunner$3.run(ParentRunner.java:290)
  at org.junit.runners.ParentRunner$1.schedule(ParentRunner.java:71)
  at org.junit.runners.ParentRunner.runChildren(ParentRunner.java:288)
  at org.junit.runners.ParentRunner.access$000(ParentRunner.java:58)
  at org.junit.runners.ParentRunner$2.evaluate(ParentRunner.java:268)
  at org.junit.runners.ParentRunner.run(ParentRunner.java:363)
  at org.apache.maven.surefire.junit4.JUnit4Provider.execute(JUnit4Provider.java:252)
  at org.apache.maven.surefire.junit4.JUnit4Provider.executeTestSet(JUnit4Provider.java:141)
  at org.apache.maven.surefire.junit4.JUnit4Provider.invoke(JUnit4Provider.java:112)
  at sun.reflect.NativeMethodAccessorImpl.invoke0(Native Method)
  at sun.reflect.NativeMethodAccessorImpl.invoke(NativeMethodAccessorImpl.java:62)
  at sun.reflect.DelegatingMethodAccessorImpl.invoke(DelegatingMethodAccessorImpl.java:43)
  at java.lang.reflect.Method.invoke(Method.java:498)
  at org.apache.maven.surefire.util.ReflectionUtils.invokeMethodWithArray(ReflectionUtils.java:189)
  at org.apache.maven.surefire.booter.ProviderFactory$ProviderProxy.invoke(ProviderFactory.java:165)
  at org.apache.maven.surefire.booter.ProviderFactory.invokeProvider(ProviderFactory.java:85)
  at org.apache.maven.surefire.booter.ForkedBooter.runSuitesInProcess(ForkedBooter.java:115)
  at org.apache.maven.surefire.booter.ForkedBooter.main(ForkedBooter.java:75)

utf8BomSkipped(retrofit2.converter.moshi.MoshiConverterFactoryTest)  Time elapsed: 0.015 sec  &lt;&lt;&lt; ERROR!
java.lang.NoSuchMethodError: okio.BufferedSource.getBuffer()Lokio/Buffer;
  at com.squareup.moshi.JsonUtf8Reader.&lt;init>(JsonUtf8Reader.java:97)
  at com.squareup.moshi.JsonReader.of(JsonReader.java:196)
  at retrofit2.converter.moshi.MoshiResponseBodyConverter.convert(MoshiResponseBodyConverter.java:44)
  at retrofit2.converter.moshi.MoshiResponseBodyConverter.convert(MoshiResponseBodyConverter.java:27)
  at retrofit2.OkHttpCall.parseResponse(OkHttpCall.java:225)
  at retrofit2.OkHttpCall.execute(OkHttpCall.java:188)
  at retrofit2.converter.moshi.MoshiConverterFactoryTest.utf8BomSkipped(MoshiConverterFactoryTest.java:270)
  at sun.reflect.NativeMethodAccessorImpl.invoke0(Native Method)
  at sun.reflect.NativeMethodAccessorImpl.invoke(NativeMethodAccessorImpl.java:62)
  at sun.reflect.DelegatingMethodAccessorImpl.invoke(DelegatingMethodAccessorImpl.java:43)
  at java.lang.reflect.Method.invoke(Method.java:498)
  at org.junit.runners.model.FrameworkMethod$1.runReflectiveCall(FrameworkMethod.java:50)
  at org.junit.internal.runners.model.ReflectiveCallable.run(ReflectiveCallable.java:12)
  at org.junit.runners.model.FrameworkMethod.invokeExplosively(FrameworkMethod.java:47)
  at org.junit.internal.runners.statements.InvokeMethod.evaluate(InvokeMethod.java:17)
  at org.junit.internal.runners.statements.RunBefores.evaluate(RunBefores.java:26)
  at org.junit.rules.ExternalResource$1.evaluate(ExternalResource.java:48)
  at org.junit.rules.RunRules.evaluate(RunRules.java:20)
  at org.junit.runners.ParentRunner.runLeaf(ParentRunner.java:325)
  at org.junit.runners.BlockJUnit4ClassRunner.runChild(BlockJUnit4ClassRunner.java:78)
  at org.junit.runners.BlockJUnit4ClassRunner.runChild(BlockJUnit4ClassRunner.java:57)
  at org.junit.runners.ParentRunner$3.run(ParentRunner.java:290)
  at org.junit.runners.ParentRunner$1.schedule(ParentRunner.java:71)
  at org.junit.runners.ParentRunner.runChildren(ParentRunner.java:288)
  at org.junit.runners.ParentRunner.access$000(ParentRunner.java:58)
  at org.junit.runners.ParentRunner$2.evaluate(ParentRunner.java:268)
  at org.junit.runners.ParentRunner.run(ParentRunner.java:363)
  at org.apache.maven.surefire.junit4.JUnit4Provider.execute(JUnit4Provider.java:252)
  at org.apache.maven.surefire.junit4.JUnit4Provider.executeTestSet(JUnit4Provider.java:141)
  at org.apache.maven.surefire.junit4.JUnit4Provider.invoke(JUnit4Provider.java:112)
  at sun.reflect.NativeMethodAccessorImpl.invoke0(Native Method)
  at sun.reflect.NativeMethodAccessorImpl.invoke(NativeMethodAccessorImpl.java:62)
  at sun.reflect.DelegatingMethodAccessorImpl.invoke(DelegatingMethodAccessorImpl.java:43)
  at java.lang.reflect.Method.invoke(Method.java:498)
  at org.apache.maven.surefire.util.ReflectionUtils.invokeMethodWithArray(ReflectionUtils.java:189)
  at org.apache.maven.surefire.booter.ProviderFactory$ProviderProxy.invoke(ProviderFactory.java:165)
  at org.apache.maven.surefire.booter.ProviderFactory.invokeProvider(ProviderFactory.java:85)
  at org.apache.maven.surefire.booter.ForkedBooter.runSuitesInProcess(ForkedBooter.java:115)
  at org.apache.maven.surefire.booter.ForkedBooter.main(ForkedBooter.java:75)</Output>
      </ExampleDataOfString>
      <ExampleDataOfString>
        <InputPath>Java/square@retrofit/failed/485715287.log</InputPath>
        <Output>requireFullResponseDocumentConsumption(retrofit2.converter.moshi.MoshiConverterFactoryTest)  Time elapsed: 0.21 sec  &lt;&lt;&lt; ERROR!
java.lang.NoSuchMethodError: okio.BufferedSource.getBuffer()Lokio/Buffer;
  at com.squareup.moshi.JsonUtf8Reader.&lt;init>(JsonUtf8Reader.java:97)
  at com.squareup.moshi.JsonReader.of(JsonReader.java:196)
  at retrofit2.converter.moshi.MoshiResponseBodyConverter.convert(MoshiResponseBodyConverter.java:44)
  at retrofit2.converter.moshi.MoshiResponseBodyConverter.convert(MoshiResponseBodyConverter.java:27)
  at retrofit2.OkHttpCall.parseResponse(OkHttpCall.java:225)
  at retrofit2.OkHttpCall.execute(OkHttpCall.java:188)
  at retrofit2.converter.moshi.MoshiConverterFactoryTest.requireFullResponseDocumentConsumption(MoshiConverterFactoryTest.java:295)
  at sun.reflect.NativeMethodAccessorImpl.invoke0(Native Method)
  at sun.reflect.NativeMethodAccessorImpl.invoke(NativeMethodAccessorImpl.java:62)
  at sun.reflect.DelegatingMethodAccessorImpl.invoke(DelegatingMethodAccessorImpl.java:43)
  at java.lang.reflect.Method.invoke(Method.java:498)
  at org.junit.runners.model.FrameworkMethod$1.runReflectiveCall(FrameworkMethod.java:50)
  at org.junit.internal.runners.model.ReflectiveCallable.run(ReflectiveCallable.java:12)
  at org.junit.runners.model.FrameworkMethod.invokeExplosively(FrameworkMethod.java:47)
  at org.junit.internal.runners.statements.InvokeMethod.evaluate(InvokeMethod.java:17)
  at org.junit.internal.runners.statements.RunBefores.evaluate(RunBefores.java:26)
  at org.junit.rules.ExternalResource$1.evaluate(ExternalResource.java:48)
  at org.junit.rules.RunRules.evaluate(RunRules.java:20)
  at org.junit.runners.ParentRunner.runLeaf(ParentRunner.java:325)
  at org.junit.runners.BlockJUnit4ClassRunner.runChild(BlockJUnit4ClassRunner.java:78)
  at org.junit.runners.BlockJUnit4ClassRunner.runChild(BlockJUnit4ClassRunner.java:57)
  at org.junit.runners.ParentRunner$3.run(ParentRunner.java:290)
  at org.junit.runners.ParentRunner$1.schedule(ParentRunner.java:71)
  at org.junit.runners.ParentRunner.runChildren(ParentRunner.java:288)
  at org.junit.runners.ParentRunner.access$000(ParentRunner.java:58)
  at org.junit.runners.ParentRunner$2.evaluate(ParentRunner.java:268)
  at org.junit.runners.ParentRunner.run(ParentRunner.java:363)
  at org.apache.maven.surefire.junit4.JUnit4Provider.execute(JUnit4Provider.java:252)
  at org.apache.maven.surefire.junit4.JUnit4Provider.executeTestSet(JUnit4Provider.java:141)
  at org.apache.maven.surefire.junit4.JUnit4Provider.invoke(JUnit4Provider.java:112)
  at sun.reflect.NativeMethodAccessorImpl.invoke0(Native Method)
  at sun.reflect.NativeMethodAccessorImpl.invoke(NativeMethodAccessorImpl.java:62)
  at sun.reflect.DelegatingMethodAccessorImpl.invoke(DelegatingMethodAccessorImpl.java:43)
  at java.lang.reflect.Method.invoke(Method.java:498)
  at org.apache.maven.surefire.util.ReflectionUtils.invokeMethodWithArray(ReflectionUtils.java:189)
  at org.apache.maven.surefire.booter.ProviderFactory$ProviderProxy.invoke(ProviderFactory.java:165)
  at org.apache.maven.surefire.booter.ProviderFactory.invokeProvider(ProviderFactory.java:85)
  at org.apache.maven.surefire.booter.ForkedBooter.runSuitesInProcess(ForkedBooter.java:115)
  at org.apache.maven.surefire.booter.ForkedBooter.main(ForkedBooter.java:75)

annotations(retrofit2.converter.moshi.MoshiConverterFactoryTest)  Time elapsed: 0.038 sec  &lt;&lt;&lt; ERROR!
java.lang.NoSuchMethodError: okio.BufferedSource.getBuffer()Lokio/Buffer;
  at com.squareup.moshi.JsonUtf8Reader.&lt;init>(JsonUtf8Reader.java:97)
  at com.squareup.moshi.JsonReader.of(JsonReader.java:196)
  at retrofit2.converter.moshi.MoshiResponseBodyConverter.convert(MoshiResponseBodyConverter.java:44)
  at retrofit2.converter.moshi.MoshiResponseBodyConverter.convert(MoshiResponseBodyConverter.java:27)
  at retrofit2.OkHttpCall.parseResponse(OkHttpCall.java:225)
  at retrofit2.OkHttpCall.execute(OkHttpCall.java:188)
  at retrofit2.converter.moshi.MoshiConverterFactoryTest.annotations(MoshiConverterFactoryTest.java:214)
  at sun.reflect.NativeMethodAccessorImpl.invoke0(Native Method)
  at sun.reflect.NativeMethodAccessorImpl.invoke(NativeMethodAccessorImpl.java:62)
  at sun.reflect.DelegatingMethodAccessorImpl.invoke(DelegatingMethodAccessorImpl.java:43)
  at java.lang.reflect.Method.invoke(Method.java:498)
  at org.junit.runners.model.FrameworkMethod$1.runReflectiveCall(FrameworkMethod.java:50)
  at org.junit.internal.runners.model.ReflectiveCallable.run(ReflectiveCallable.java:12)
  at org.junit.runners.model.FrameworkMethod.invokeExplosively(FrameworkMethod.java:47)
  at org.junit.internal.runners.statements.InvokeMethod.evaluate(InvokeMethod.java:17)
  at org.junit.internal.runners.statements.RunBefores.evaluate(RunBefores.java:26)
  at org.junit.rules.ExternalResource$1.evaluate(ExternalResource.java:48)
  at org.junit.rules.RunRules.evaluate(RunRules.java:20)
  at org.junit.runners.ParentRunner.runLeaf(ParentRunner.java:325)
  at org.junit.runners.BlockJUnit4ClassRunner.runChild(BlockJUnit4ClassRunner.java:78)
  at org.junit.runners.BlockJUnit4ClassRunner.runChild(BlockJUnit4ClassRunner.java:57)
  at org.junit.runners.ParentRunner$3.run(ParentRunner.java:290)
  at org.junit.runners.ParentRunner$1.schedule(ParentRunner.java:71)
  at org.junit.runners.ParentRunner.runChildren(ParentRunner.java:288)
  at org.junit.runners.ParentRunner.access$000(ParentRunner.java:58)
  at org.junit.runners.ParentRunner$2.evaluate(ParentRunner.java:268)
  at org.junit.runners.ParentRunner.run(ParentRunner.java:363)
  at org.apache.maven.surefire.junit4.JUnit4Provider.execute(JUnit4Provider.java:252)
  at org.apache.maven.surefire.junit4.JUnit4Provider.executeTestSet(JUnit4Provider.java:141)
  at org.apache.maven.surefire.junit4.JUnit4Provider.invoke(JUnit4Provider.java:112)
  at sun.reflect.NativeMethodAccessorImpl.invoke0(Native Method)
  at sun.reflect.NativeMethodAccessorImpl.invoke(NativeMethodAccessorImpl.java:62)
  at sun.reflect.DelegatingMethodAccessorImpl.invoke(DelegatingMethodAccessorImpl.java:43)
  at java.lang.reflect.Method.invoke(Method.java:498)
  at org.apache.maven.surefire.util.ReflectionUtils.invokeMethodWithArray(ReflectionUtils.java:189)
  at org.apache.maven.surefire.booter.ProviderFactory$ProviderProxy.invoke(ProviderFactory.java:165)
  at org.apache.maven.surefire.booter.ProviderFactory.invokeProvider(ProviderFactory.java:85)
  at org.apache.maven.surefire.booter.ForkedBooter.runSuitesInProcess(ForkedBooter.java:115)
  at org.apache.maven.surefire.booter.ForkedBooter.main(ForkedBooter.java:75)

failOnUnknown(retrofit2.converter.moshi.MoshiConverterFactoryTest)  Time elapsed: 0.023 sec  &lt;&lt;&lt; ERROR!
java.lang.NoSuchMethodError: okio.BufferedSource.getBuffer()Lokio/Buffer;
  at com.squareup.moshi.JsonUtf8Reader.&lt;init>(JsonUtf8Reader.java:97)
  at com.squareup.moshi.JsonReader.of(JsonReader.java:196)
  at retrofit2.converter.moshi.MoshiResponseBodyConverter.convert(MoshiResponseBodyConverter.java:44)
  at retrofit2.converter.moshi.MoshiResponseBodyConverter.convert(MoshiResponseBodyConverter.java:27)
  at retrofit2.OkHttpCall.parseResponse(OkHttpCall.java:225)
  at retrofit2.OkHttpCall.execute(OkHttpCall.java:188)
  at retrofit2.converter.moshi.MoshiConverterFactoryTest.failOnUnknown(MoshiConverterFactoryTest.java:255)
  at sun.reflect.NativeMethodAccessorImpl.invoke0(Native Method)
  at sun.reflect.NativeMethodAccessorImpl.invoke(NativeMethodAccessorImpl.java:62)
  at sun.reflect.DelegatingMethodAccessorImpl.invoke(DelegatingMethodAccessorImpl.java:43)
  at java.lang.reflect.Method.invoke(Method.java:498)
  at org.junit.runners.model.FrameworkMethod$1.runReflectiveCall(FrameworkMethod.java:50)
  at org.junit.internal.runners.model.ReflectiveCallable.run(ReflectiveCallable.java:12)
  at org.junit.runners.model.FrameworkMethod.invokeExplosively(FrameworkMethod.java:47)
  at org.junit.internal.runners.statements.InvokeMethod.evaluate(InvokeMethod.java:17)
  at org.junit.internal.runners.statements.RunBefores.evaluate(RunBefores.java:26)
  at org.junit.rules.ExternalResource$1.evaluate(ExternalResource.java:48)
  at org.junit.rules.RunRules.evaluate(RunRules.java:20)
  at org.junit.runners.ParentRunner.runLeaf(ParentRunner.java:325)
  at org.junit.runners.BlockJUnit4ClassRunner.runChild(BlockJUnit4ClassRunner.java:78)
  at org.junit.runners.BlockJUnit4ClassRunner.runChild(BlockJUnit4ClassRunner.java:57)
  at org.junit.runners.ParentRunner$3.run(ParentRunner.java:290)
  at org.junit.runners.ParentRunner$1.schedule(ParentRunner.java:71)
  at org.junit.runners.ParentRunner.runChildren(ParentRunner.java:288)
  at org.junit.runners.ParentRunner.access$000(ParentRunner.java:58)
  at org.junit.runners.ParentRunner$2.evaluate(ParentRunner.java:268)
  at org.junit.runners.ParentRunner.run(ParentRunner.java:363)
  at org.apache.maven.surefire.junit4.JUnit4Provider.execute(JUnit4Provider.java:252)
  at org.apache.maven.surefire.junit4.JUnit4Provider.executeTestSet(JUnit4Provider.java:141)
  at org.apache.maven.surefire.junit4.JUnit4Provider.invoke(JUnit4Provider.java:112)
  at sun.reflect.NativeMethodAccessorImpl.invoke0(Native Method)
  at sun.reflect.NativeMethodAccessorImpl.invoke(NativeMethodAccessorImpl.java:62)
  at sun.reflect.DelegatingMethodAccessorImpl.invoke(DelegatingMethodAccessorImpl.java:43)
  at java.lang.reflect.Method.invoke(Method.java:498)
  at org.apache.maven.surefire.util.ReflectionUtils.invokeMethodWithArray(ReflectionUtils.java:189)
  at org.apache.maven.surefire.booter.ProviderFactory$ProviderProxy.invoke(ProviderFactory.java:165)
  at org.apache.maven.surefire.booter.ProviderFactory.invokeProvider(ProviderFactory.java:85)
  at org.apache.maven.surefire.booter.ForkedBooter.runSuitesInProcess(ForkedBooter.java:115)
  at org.apache.maven.surefire.booter.ForkedBooter.main(ForkedBooter.java:75)

anInterface(retrofit2.converter.moshi.MoshiConverterFactoryTest)  Time elapsed: 0.017 sec  &lt;&lt;&lt; ERROR!
java.lang.NoSuchMethodError: okio.BufferedSource.getBuffer()Lokio/Buffer;
  at com.squareup.moshi.JsonUtf8Reader.&lt;init>(JsonUtf8Reader.java:97)
  at com.squareup.moshi.JsonReader.of(JsonReader.java:196)
  at retrofit2.converter.moshi.MoshiResponseBodyConverter.convert(MoshiResponseBodyConverter.java:44)
  at retrofit2.converter.moshi.MoshiResponseBodyConverter.convert(MoshiResponseBodyConverter.java:27)
  at retrofit2.OkHttpCall.parseResponse(OkHttpCall.java:225)
  at retrofit2.OkHttpCall.execute(OkHttpCall.java:188)
  at retrofit2.converter.moshi.MoshiConverterFactoryTest.anInterface(MoshiConverterFactoryTest.java:188)
  at sun.reflect.NativeMethodAccessorImpl.invoke0(Native Method)
  at sun.reflect.NativeMethodAccessorImpl.invoke(NativeMethodAccessorImpl.java:62)
  at sun.reflect.DelegatingMethodAccessorImpl.invoke(DelegatingMethodAccessorImpl.java:43)
  at java.lang.reflect.Method.invoke(Method.java:498)
  at org.junit.runners.model.FrameworkMethod$1.runReflectiveCall(FrameworkMethod.java:50)
  at org.junit.internal.runners.model.ReflectiveCallable.run(ReflectiveCallable.java:12)
  at org.junit.runners.model.FrameworkMethod.invokeExplosively(FrameworkMethod.java:47)
  at org.junit.internal.runners.statements.InvokeMethod.evaluate(InvokeMethod.java:17)
  at org.junit.internal.runners.statements.RunBefores.evaluate(RunBefores.java:26)
  at org.junit.rules.ExternalResource$1.evaluate(ExternalResource.java:48)
  at org.junit.rules.RunRules.evaluate(RunRules.java:20)
  at org.junit.runners.ParentRunner.runLeaf(ParentRunner.java:325)
  at org.junit.runners.BlockJUnit4ClassRunner.runChild(BlockJUnit4ClassRunner.java:78)
  at org.junit.runners.BlockJUnit4ClassRunner.runChild(BlockJUnit4ClassRunner.java:57)
  at org.junit.runners.ParentRunner$3.run(ParentRunner.java:290)
  at org.junit.runners.ParentRunner$1.schedule(ParentRunner.java:71)
  at org.junit.runners.ParentRunner.runChildren(ParentRunner.java:288)
  at org.junit.runners.ParentRunner.access$000(ParentRunner.java:58)
  at org.junit.runners.ParentRunner$2.evaluate(ParentRunner.java:268)
  at org.junit.runners.ParentRunner.run(ParentRunner.java:363)
  at org.apache.maven.surefire.junit4.JUnit4Provider.execute(JUnit4Provider.java:252)
  at org.apache.maven.surefire.junit4.JUnit4Provider.executeTestSet(JUnit4Provider.java:141)
  at org.apache.maven.surefire.junit4.JUnit4Provider.invoke(JUnit4Provider.java:112)
  at sun.reflect.NativeMethodAccessorImpl.invoke0(Native Method)
  at sun.reflect.NativeMethodAccessorImpl.invoke(NativeMethodAccessorImpl.java:62)
  at sun.reflect.DelegatingMethodAccessorImpl.invoke(DelegatingMethodAccessorImpl.java:43)
  at java.lang.reflect.Method.invoke(Method.java:498)
  at org.apache.maven.surefire.util.ReflectionUtils.invokeMethodWithArray(ReflectionUtils.java:189)
  at org.apache.maven.surefire.booter.ProviderFactory$ProviderProxy.invoke(ProviderFactory.java:165)
  at org.apache.maven.surefire.booter.ProviderFactory.invokeProvider(ProviderFactory.java:85)
  at org.apache.maven.surefire.booter.ForkedBooter.runSuitesInProcess(ForkedBooter.java:115)
  at org.apache.maven.surefire.booter.ForkedBooter.main(ForkedBooter.java:75)

nonUtf8BomIsNotSkipped(retrofit2.converter.moshi.MoshiConverterFactoryTest)  Time elapsed: 0.031 sec  &lt;&lt;&lt; ERROR!
java.lang.NoSuchMethodError: okio.BufferedSource.getBuffer()Lokio/Buffer;
  at com.squareup.moshi.JsonUtf8Reader.&lt;init>(JsonUtf8Reader.java:97)
  at com.squareup.moshi.JsonReader.of(JsonReader.java:196)
  at retrofit2.converter.moshi.MoshiResponseBodyConverter.convert(MoshiResponseBodyConverter.java:44)
  at retrofit2.converter.moshi.MoshiResponseBodyConverter.convert(MoshiResponseBodyConverter.java:27)
  at retrofit2.OkHttpCall.parseResponse(OkHttpCall.java:225)
  at retrofit2.OkHttpCall.execute(OkHttpCall.java:188)
  at retrofit2.converter.moshi.MoshiConverterFactoryTest.nonUtf8BomIsNotSkipped(MoshiConverterFactoryTest.java:284)
  at sun.reflect.NativeMethodAccessorImpl.invoke0(Native Method)
  at sun.reflect.NativeMethodAccessorImpl.invoke(NativeMethodAccessorImpl.java:62)
  at sun.reflect.DelegatingMethodAccessorImpl.invoke(DelegatingMethodAccessorImpl.java:43)
  at java.lang.reflect.Method.invoke(Method.java:498)
  at org.junit.runners.model.FrameworkMethod$1.runReflectiveCall(FrameworkMethod.java:50)
  at org.junit.internal.runners.model.ReflectiveCallable.run(ReflectiveCallable.java:12)
  at org.junit.runners.model.FrameworkMethod.invokeExplosively(FrameworkMethod.java:47)
  at org.junit.internal.runners.statements.InvokeMethod.evaluate(InvokeMethod.java:17)
  at org.junit.internal.runners.statements.RunBefores.evaluate(RunBefores.java:26)
  at org.junit.rules.ExternalResource$1.evaluate(ExternalResource.java:48)
  at org.junit.rules.RunRules.evaluate(RunRules.java:20)
  at org.junit.runners.ParentRunner.runLeaf(ParentRunner.java:325)
  at org.junit.runners.BlockJUnit4ClassRunner.runChild(BlockJUnit4ClassRunner.java:78)
  at org.junit.runners.BlockJUnit4ClassRunner.runChild(BlockJUnit4ClassRunner.java:57)
  at org.junit.runners.ParentRunner$3.run(ParentRunner.java:290)
  at org.junit.runners.ParentRunner$1.schedule(ParentRunner.java:71)
  at org.junit.runners.ParentRunner.runChildren(ParentRunner.java:288)
  at org.junit.runners.ParentRunner.access$000(ParentRunner.java:58)
  at org.junit.runners.ParentRunner$2.evaluate(ParentRunner.java:268)
  at org.junit.runners.ParentRunner.run(ParentRunner.java:363)
  at org.apache.maven.surefire.junit4.JUnit4Provider.execute(JUnit4Provider.java:252)
  at org.apache.maven.surefire.junit4.JUnit4Provider.executeTestSet(JUnit4Provider.java:141)
  at org.apache.maven.surefire.junit4.JUnit4Provider.invoke(JUnit4Provider.java:112)
  at sun.reflect.NativeMethodAccessorImpl.invoke0(Native Method)
  at sun.reflect.NativeMethodAccessorImpl.invoke(NativeMethodAccessorImpl.java:62)
  at sun.reflect.DelegatingMethodAccessorImpl.invoke(DelegatingMethodAccessorImpl.java:43)
  at java.lang.reflect.Method.invoke(Method.java:498)
  at org.apache.maven.surefire.util.ReflectionUtils.invokeMethodWithArray(ReflectionUtils.java:189)
  at org.apache.maven.surefire.booter.ProviderFactory$ProviderProxy.invoke(ProviderFactory.java:165)
  at org.apache.maven.surefire.booter.ProviderFactory.invokeProvider(ProviderFactory.java:85)
  at org.apache.maven.surefire.booter.ForkedBooter.runSuitesInProcess(ForkedBooter.java:115)
  at org.apache.maven.surefire.booter.ForkedBooter.main(ForkedBooter.java:75)

withNulls(retrofit2.converter.moshi.MoshiConverterFactoryTest)  Time elapsed: 0.019 sec  &lt;&lt;&lt; ERROR!
java.lang.NoSuchMethodError: okio.BufferedSource.getBuffer()Lokio/Buffer;
  at com.squareup.moshi.JsonUtf8Reader.&lt;init>(JsonUtf8Reader.java:97)
  at com.squareup.moshi.JsonReader.of(JsonReader.java:196)
  at retrofit2.converter.moshi.MoshiResponseBodyConverter.convert(MoshiResponseBodyConverter.java:44)
  at retrofit2.converter.moshi.MoshiResponseBodyConverter.convert(MoshiResponseBodyConverter.java:27)
  at retrofit2.OkHttpCall.parseResponse(OkHttpCall.java:225)
  at retrofit2.OkHttpCall.execute(OkHttpCall.java:188)
  at retrofit2.converter.moshi.MoshiConverterFactoryTest.withNulls(MoshiConverterFactoryTest.java:246)
  at sun.reflect.NativeMethodAccessorImpl.invoke0(Native Method)
  at sun.reflect.NativeMethodAccessorImpl.invoke(NativeMethodAccessorImpl.java:62)
  at sun.reflect.DelegatingMethodAccessorImpl.invoke(DelegatingMethodAccessorImpl.java:43)
  at java.lang.reflect.Method.invoke(Method.java:498)
  at org.junit.runners.model.FrameworkMethod$1.runReflectiveCall(FrameworkMethod.java:50)
  at org.junit.internal.runners.model.ReflectiveCallable.run(ReflectiveCallable.java:12)
  at org.junit.runners.model.FrameworkMethod.invokeExplosively(FrameworkMethod.java:47)
  at org.junit.internal.runners.statements.InvokeMethod.evaluate(InvokeMethod.java:17)
  at org.junit.internal.runners.statements.RunBefores.evaluate(RunBefores.java:26)
  at org.junit.rules.ExternalResource$1.evaluate(ExternalResource.java:48)
  at org.junit.rules.RunRules.evaluate(RunRules.java:20)
  at org.junit.runners.ParentRunner.runLeaf(ParentRunner.java:325)
  at org.junit.runners.BlockJUnit4ClassRunner.runChild(BlockJUnit4ClassRunner.java:78)
  at org.junit.runners.BlockJUnit4ClassRunner.runChild(BlockJUnit4ClassRunner.java:57)
  at org.junit.runners.ParentRunner$3.run(ParentRunner.java:290)
  at org.junit.runners.ParentRunner$1.schedule(ParentRunner.java:71)
  at org.junit.runners.ParentRunner.runChildren(ParentRunner.java:288)
  at org.junit.runners.ParentRunner.access$000(ParentRunner.java:58)
  at org.junit.runners.ParentRunner$2.evaluate(ParentRunner.java:268)
  at org.junit.runners.ParentRunner.run(ParentRunner.java:363)
  at org.apache.maven.surefire.junit4.JUnit4Provider.execute(JUnit4Provider.java:252)
  at org.apache.maven.surefire.junit4.JUnit4Provider.executeTestSet(JUnit4Provider.java:141)
  at org.apache.maven.surefire.junit4.JUnit4Provider.invoke(JUnit4Provider.java:112)
  at sun.reflect.NativeMethodAccessorImpl.invoke0(Native Method)
  at sun.reflect.NativeMethodAccessorImpl.invoke(NativeMethodAccessorImpl.java:62)
  at sun.reflect.DelegatingMethodAccessorImpl.invoke(DelegatingMethodAccessorImpl.java:43)
  at java.lang.reflect.Method.invoke(Method.java:498)
  at org.apache.maven.surefire.util.ReflectionUtils.invokeMethodWithArray(ReflectionUtils.java:189)
  at org.apache.maven.surefire.booter.ProviderFactory$ProviderProxy.invoke(ProviderFactory.java:165)
  at org.apache.maven.surefire.booter.ProviderFactory.invokeProvider(ProviderFactory.java:85)
  at org.apache.maven.surefire.booter.ForkedBooter.runSuitesInProcess(ForkedBooter.java:115)
  at org.apache.maven.surefire.booter.ForkedBooter.main(ForkedBooter.java:75)

anImplementation(retrofit2.converter.moshi.MoshiConverterFactoryTest)  Time elapsed: 0.028 sec  &lt;&lt;&lt; ERROR!
java.lang.NoSuchMethodError: okio.BufferedSource.getBuffer()Lokio/Buffer;
  at com.squareup.moshi.JsonUtf8Reader.&lt;init>(JsonUtf8Reader.java:97)
  at com.squareup.moshi.JsonReader.of(JsonReader.java:196)
  at retrofit2.converter.moshi.MoshiResponseBodyConverter.convert(MoshiResponseBodyConverter.java:44)
  at retrofit2.converter.moshi.MoshiResponseBodyConverter.convert(MoshiResponseBodyConverter.java:27)
  at retrofit2.OkHttpCall.parseResponse(OkHttpCall.java:225)
  at retrofit2.OkHttpCall.execute(OkHttpCall.java:188)
  at retrofit2.converter.moshi.MoshiConverterFactoryTest.anImplementation(MoshiConverterFactoryTest.java:201)
  at sun.reflect.NativeMethodAccessorImpl.invoke0(Native Method)
  at sun.reflect.NativeMethodAccessorImpl.invoke(NativeMethodAccessorImpl.java:62)
  at sun.reflect.DelegatingMethodAccessorImpl.invoke(DelegatingMethodAccessorImpl.java:43)
  at java.lang.reflect.Method.invoke(Method.java:498)
  at org.junit.runners.model.FrameworkMethod$1.runReflectiveCall(FrameworkMethod.java:50)
  at org.junit.internal.runners.model.ReflectiveCallable.run(ReflectiveCallable.java:12)
  at org.junit.runners.model.FrameworkMethod.invokeExplosively(FrameworkMethod.java:47)
  at org.junit.internal.runners.statements.InvokeMethod.evaluate(InvokeMethod.java:17)
  at org.junit.internal.runners.statements.RunBefores.evaluate(RunBefores.java:26)
  at org.junit.rules.ExternalResource$1.evaluate(ExternalResource.java:48)
  at org.junit.rules.RunRules.evaluate(RunRules.java:20)
  at org.junit.runners.ParentRunner.runLeaf(ParentRunner.java:325)
  at org.junit.runners.BlockJUnit4ClassRunner.runChild(BlockJUnit4ClassRunner.java:78)
  at org.junit.runners.BlockJUnit4ClassRunner.runChild(BlockJUnit4ClassRunner.java:57)
  at org.junit.runners.ParentRunner$3.run(ParentRunner.java:290)
  at org.junit.runners.ParentRunner$1.schedule(ParentRunner.java:71)
  at org.junit.runners.ParentRunner.runChildren(ParentRunner.java:288)
  at org.junit.runners.ParentRunner.access$000(ParentRunner.java:58)
  at org.junit.runners.ParentRunner$2.evaluate(ParentRunner.java:268)
  at org.junit.runners.ParentRunner.run(ParentRunner.java:363)
  at org.apache.maven.surefire.junit4.JUnit4Provider.execute(JUnit4Provider.java:252)
  at org.apache.maven.surefire.junit4.JUnit4Provider.executeTestSet(JUnit4Provider.java:141)
  at org.apache.maven.surefire.junit4.JUnit4Provider.invoke(JUnit4Provider.java:112)
  at sun.reflect.NativeMethodAccessorImpl.invoke0(Native Method)
  at sun.reflect.NativeMethodAccessorImpl.invoke(NativeMethodAccessorImpl.java:62)
  at sun.reflect.DelegatingMethodAccessorImpl.invoke(DelegatingMethodAccessorImpl.java:43)
  at java.lang.reflect.Method.invoke(Method.java:498)
  at org.apache.maven.surefire.util.ReflectionUtils.invokeMethodWithArray(ReflectionUtils.java:189)
  at org.apache.maven.surefire.booter.ProviderFactory$ProviderProxy.invoke(ProviderFactory.java:165)
  at org.apache.maven.surefire.booter.ProviderFactory.invokeProvider(ProviderFactory.java:85)
  at org.apache.maven.surefire.booter.ForkedBooter.runSuitesInProcess(ForkedBooter.java:115)
  at org.apache.maven.surefire.booter.ForkedBooter.main(ForkedBooter.java:75)

asLenient(retrofit2.converter.moshi.MoshiConverterFactoryTest)  Time elapsed: 0.017 sec  &lt;&lt;&lt; ERROR!
java.lang.NoSuchMethodError: okio.BufferedSource.getBuffer()Lokio/Buffer;
  at com.squareup.moshi.JsonUtf8Reader.&lt;init>(JsonUtf8Reader.java:97)
  at com.squareup.moshi.JsonReader.of(JsonReader.java:196)
  at retrofit2.converter.moshi.MoshiResponseBodyConverter.convert(MoshiResponseBodyConverter.java:44)
  at retrofit2.converter.moshi.MoshiResponseBodyConverter.convert(MoshiResponseBodyConverter.java:27)
  at retrofit2.OkHttpCall.parseResponse(OkHttpCall.java:225)
  at retrofit2.OkHttpCall.execute(OkHttpCall.java:188)
  at retrofit2.converter.moshi.MoshiConverterFactoryTest.asLenient(MoshiConverterFactoryTest.java:229)
  at sun.reflect.NativeMethodAccessorImpl.invoke0(Native Method)
  at sun.reflect.NativeMethodAccessorImpl.invoke(NativeMethodAccessorImpl.java:62)
  at sun.reflect.DelegatingMethodAccessorImpl.invoke(DelegatingMethodAccessorImpl.java:43)
  at java.lang.reflect.Method.invoke(Method.java:498)
  at org.junit.runners.model.FrameworkMethod$1.runReflectiveCall(FrameworkMethod.java:50)
  at org.junit.internal.runners.model.ReflectiveCallable.run(ReflectiveCallable.java:12)
  at org.junit.runners.model.FrameworkMethod.invokeExplosively(FrameworkMethod.java:47)
  at org.junit.internal.runners.statements.InvokeMethod.evaluate(InvokeMethod.java:17)
  at org.junit.internal.runners.statements.RunBefores.evaluate(RunBefores.java:26)
  at org.junit.rules.ExternalResource$1.evaluate(ExternalResource.java:48)
  at org.junit.rules.RunRules.evaluate(RunRules.java:20)
  at org.junit.runners.ParentRunner.runLeaf(ParentRunner.java:325)
  at org.junit.runners.BlockJUnit4ClassRunner.runChild(BlockJUnit4ClassRunner.java:78)
  at org.junit.runners.BlockJUnit4ClassRunner.runChild(BlockJUnit4ClassRunner.java:57)
  at org.junit.runners.ParentRunner$3.run(ParentRunner.java:290)
  at org.junit.runners.ParentRunner$1.schedule(ParentRunner.java:71)
  at org.junit.runners.ParentRunner.runChildren(ParentRunner.java:288)
  at org.junit.runners.ParentRunner.access$000(ParentRunner.java:58)
  at org.junit.runners.ParentRunner$2.evaluate(ParentRunner.java:268)
  at org.junit.runners.ParentRunner.run(ParentRunner.java:363)
  at org.apache.maven.surefire.junit4.JUnit4Provider.execute(JUnit4Provider.java:252)
  at org.apache.maven.surefire.junit4.JUnit4Provider.executeTestSet(JUnit4Provider.java:141)
  at org.apache.maven.surefire.junit4.JUnit4Provider.invoke(JUnit4Provider.java:112)
  at sun.reflect.NativeMethodAccessorImpl.invoke0(Native Method)
  at sun.reflect.NativeMethodAccessorImpl.invoke(NativeMethodAccessorImpl.java:62)
  at sun.reflect.DelegatingMethodAccessorImpl.invoke(DelegatingMethodAccessorImpl.java:43)
  at java.lang.reflect.Method.invoke(Method.java:498)
  at org.apache.maven.surefire.util.ReflectionUtils.invokeMethodWithArray(ReflectionUtils.java:189)
  at org.apache.maven.surefire.booter.ProviderFactory$ProviderProxy.invoke(ProviderFactory.java:165)
  at org.apache.maven.surefire.booter.ProviderFactory.invokeProvider(ProviderFactory.java:85)
  at org.apache.maven.surefire.booter.ForkedBooter.runSuitesInProcess(ForkedBooter.java:115)
  at org.apache.maven.surefire.booter.ForkedBooter.main(ForkedBooter.java:75)

utf8BomSkipped(retrofit2.converter.moshi.MoshiConverterFactoryTest)  Time elapsed: 0.017 sec  &lt;&lt;&lt; ERROR!
java.lang.NoSuchMethodError: okio.BufferedSource.getBuffer()Lokio/Buffer;
  at com.squareup.moshi.JsonUtf8Reader.&lt;init>(JsonUtf8Reader.java:97)
  at com.squareup.moshi.JsonReader.of(JsonReader.java:196)
  at retrofit2.converter.moshi.MoshiResponseBodyConverter.convert(MoshiResponseBodyConverter.java:44)
  at retrofit2.converter.moshi.MoshiResponseBodyConverter.convert(MoshiResponseBodyConverter.java:27)
  at retrofit2.OkHttpCall.parseResponse(OkHttpCall.java:225)
  at retrofit2.OkHttpCall.execute(OkHttpCall.java:188)
  at retrofit2.converter.moshi.MoshiConverterFactoryTest.utf8BomSkipped(MoshiConverterFactoryTest.java:270)
  at sun.reflect.NativeMethodAccessorImpl.invoke0(Native Method)
  at sun.reflect.NativeMethodAccessorImpl.invoke(NativeMethodAccessorImpl.java:62)
  at sun.reflect.DelegatingMethodAccessorImpl.invoke(DelegatingMethodAccessorImpl.java:43)
  at java.lang.reflect.Method.invoke(Method.java:498)
  at org.junit.runners.model.FrameworkMethod$1.runReflectiveCall(FrameworkMethod.java:50)
  at org.junit.internal.runners.model.ReflectiveCallable.run(ReflectiveCallable.java:12)
  at org.junit.runners.model.FrameworkMethod.invokeExplosively(FrameworkMethod.java:47)
  at org.junit.internal.runners.statements.InvokeMethod.evaluate(InvokeMethod.java:17)
  at org.junit.internal.runners.statements.RunBefores.evaluate(RunBefores.java:26)
  at org.junit.rules.ExternalResource$1.evaluate(ExternalResource.java:48)
  at org.junit.rules.RunRules.evaluate(RunRules.java:20)
  at org.junit.runners.ParentRunner.runLeaf(ParentRunner.java:325)
  at org.junit.runners.BlockJUnit4ClassRunner.runChild(BlockJUnit4ClassRunner.java:78)
  at org.junit.runners.BlockJUnit4ClassRunner.runChild(BlockJUnit4ClassRunner.java:57)
  at org.junit.runners.ParentRunner$3.run(ParentRunner.java:290)
  at org.junit.runners.ParentRunner$1.schedule(ParentRunner.java:71)
  at org.junit.runners.ParentRunner.runChildren(ParentRunner.java:288)
  at org.junit.runners.ParentRunner.access$000(ParentRunner.java:58)
  at org.junit.runners.ParentRunner$2.evaluate(ParentRunner.java:268)
  at org.junit.runners.ParentRunner.run(ParentRunner.java:363)
  at org.apache.maven.surefire.junit4.JUnit4Provider.execute(JUnit4Provider.java:252)
  at org.apache.maven.surefire.junit4.JUnit4Provider.executeTestSet(JUnit4Provider.java:141)
  at org.apache.maven.surefire.junit4.JUnit4Provider.invoke(JUnit4Provider.java:112)
  at sun.reflect.NativeMethodAccessorImpl.invoke0(Native Method)
  at sun.reflect.NativeMethodAccessorImpl.invoke(NativeMethodAccessorImpl.java:62)
  at sun.reflect.DelegatingMethodAccessorImpl.invoke(DelegatingMethodAccessorImpl.java:43)
  at java.lang.reflect.Method.invoke(Method.java:498)
  at org.apache.maven.surefire.util.ReflectionUtils.invokeMethodWithArray(ReflectionUtils.java:189)
  at org.apache.maven.surefire.booter.ProviderFactory$ProviderProxy.invoke(ProviderFactory.java:165)
  at org.apache.maven.surefire.booter.ProviderFactory.invokeProvider(ProviderFactory.java:85)
  at org.apache.maven.surefire.booter.ForkedBooter.runSuitesInProcess(ForkedBooter.java:115)
  at org.apache.maven.surefire.booter.ForkedBooter.main(ForkedBooter.java:75)</Output>
      </ExampleDataOfString>
      <ExampleDataOfString>
        <InputPath>Java/square@retrofit/failed/494086613.log</InputPath>
        <Output>raw(retrofit2.KotlinSuspendRawTest)  Time elapsed: 0.053 sec  &lt;&lt;&lt; ERROR!
java.lang.NullPointerException
  at retrofit2.Utils.isKotlinMethodReturnTypeNullable(Utils.java:541)
  at retrofit2.HttpServiceMethod.parseAnnotations(HttpServiceMethod.java:52)
  at retrofit2.ServiceMethod.parseAnnotations(ServiceMethod.java:37)
  at retrofit2.Retrofit.loadServiceMethod(Retrofit.java:169)
  at retrofit2.Retrofit$1.invoke(Retrofit.java:148)
  at retrofit2.$Proxy40.body(Unknown Source)
  at retrofit2.KotlinSuspendRawTest.raw(KotlinSuspendRawTest.java:46)
  at sun.reflect.NativeMethodAccessorImpl.invoke0(Native Method)
  at sun.reflect.NativeMethodAccessorImpl.invoke(NativeMethodAccessorImpl.java:62)
  at sun.reflect.DelegatingMethodAccessorImpl.invoke(DelegatingMethodAccessorImpl.java:43)
  at java.lang.reflect.Method.invoke(Method.java:498)
  at org.junit.runners.model.FrameworkMethod$1.runReflectiveCall(FrameworkMethod.java:50)
  at org.junit.internal.runners.model.ReflectiveCallable.run(ReflectiveCallable.java:12)
  at org.junit.runners.model.FrameworkMethod.invokeExplosively(FrameworkMethod.java:47)
  at org.junit.internal.runners.statements.InvokeMethod.evaluate(InvokeMethod.java:17)
  at org.junit.rules.ExternalResource$1.evaluate(ExternalResource.java:48)
  at org.junit.rules.RunRules.evaluate(RunRules.java:20)
  at org.junit.runners.ParentRunner.runLeaf(ParentRunner.java:325)
  at org.junit.runners.BlockJUnit4ClassRunner.runChild(BlockJUnit4ClassRunner.java:78)
  at org.junit.runners.BlockJUnit4ClassRunner.runChild(BlockJUnit4ClassRunner.java:57)
  at org.junit.runners.ParentRunner$3.run(ParentRunner.java:290)
  at org.junit.runners.ParentRunner$1.schedule(ParentRunner.java:71)
  at org.junit.runners.ParentRunner.runChildren(ParentRunner.java:288)
  at org.junit.runners.ParentRunner.access$000(ParentRunner.java:58)
  at org.junit.runners.ParentRunner$2.evaluate(ParentRunner.java:268)
  at org.junit.runners.ParentRunner.run(ParentRunner.java:363)
  at org.apache.maven.surefire.junit4.JUnit4Provider.execute(JUnit4Provider.java:252)
  at org.apache.maven.surefire.junit4.JUnit4Provider.executeTestSet(JUnit4Provider.java:141)
  at org.apache.maven.surefire.junit4.JUnit4Provider.invoke(JUnit4Provider.java:112)
  at sun.reflect.NativeMethodAccessorImpl.invoke0(Native Method)
  at sun.reflect.NativeMethodAccessorImpl.invoke(NativeMethodAccessorImpl.java:62)
  at sun.reflect.DelegatingMethodAccessorImpl.invoke(DelegatingMethodAccessorImpl.java:43)
  at java.lang.reflect.Method.invoke(Method.java:498)
  at org.apache.maven.surefire.util.ReflectionUtils.invokeMethodWithArray(ReflectionUtils.java:189)
  at org.apache.maven.surefire.booter.ProviderFactory$ProviderProxy.invoke(ProviderFactory.java:165)
  at org.apache.maven.surefire.booter.ProviderFactory.invokeProvider(ProviderFactory.java:85)
  at org.apache.maven.surefire.booter.ForkedBooter.runSuitesInProcess(ForkedBooter.java:115)
  at org.apache.maven.surefire.booter.ForkedBooter.main(ForkedBooter.java:75)</Output>
      </ExampleDataOfString>
      <ExampleDataOfString>
        <InputPath>Java/square@retrofit/failed/553410971.log</InputPath>
        <Output>nullErrorThrows(retrofit2.ResponseTest)  Time elapsed: 0.017 sec  &lt;&lt;&lt; FAILURE!
java.lang.AssertionError: 
Expecting message:
 &lt;"body == null">
but was:
 &lt;null>
  at retrofit2.ResponseTest.nullErrorThrows(ResponseTest.java:139)
  at sun.reflect.NativeMethodAccessorImpl.invoke0(Native Method)
  at sun.reflect.NativeMethodAccessorImpl.invoke(NativeMethodAccessorImpl.java:62)
  at sun.reflect.DelegatingMethodAccessorImpl.invoke(DelegatingMethodAccessorImpl.java:43)
  at java.lang.reflect.Method.invoke(Method.java:498)
  at org.junit.runners.model.FrameworkMethod$1.runReflectiveCall(FrameworkMethod.java:50)
  at org.junit.internal.runners.model.ReflectiveCallable.run(ReflectiveCallable.java:12)
  at org.junit.runners.model.FrameworkMethod.invokeExplosively(FrameworkMethod.java:47)
  at org.junit.internal.runners.statements.InvokeMethod.evaluate(InvokeMethod.java:17)
  at org.junit.runners.ParentRunner.runLeaf(ParentRunner.java:325)
  at org.junit.runners.BlockJUnit4ClassRunner.runChild(BlockJUnit4ClassRunner.java:78)
  at org.junit.runners.BlockJUnit4ClassRunner.runChild(BlockJUnit4ClassRunner.java:57)
  at org.junit.runners.ParentRunner$3.run(ParentRunner.java:290)
  at org.junit.runners.ParentRunner$1.schedule(ParentRunner.java:71)
  at org.junit.runners.ParentRunner.runChildren(ParentRunner.java:288)
  at org.junit.runners.ParentRunner.access$000(ParentRunner.java:58)
  at org.junit.runners.ParentRunner$2.evaluate(ParentRunner.java:268)
  at org.junit.runners.ParentRunner.run(ParentRunner.java:363)
  at org.apache.maven.surefire.junit4.JUnit4Provider.execute(JUnit4Provider.java:252)
  at org.apache.maven.surefire.junit4.JUnit4Provider.executeTestSet(JUnit4Provider.java:141)
  at org.apache.maven.surefire.junit4.JUnit4Provider.invoke(JUnit4Provider.java:112)
  at sun.reflect.NativeMethodAccessorImpl.invoke0(Native Method)
  at sun.reflect.NativeMethodAccessorImpl.invoke(NativeMethodAccessorImpl.java:62)
  at sun.reflect.DelegatingMethodAccessorImpl.invoke(DelegatingMethodAccessorImpl.java:43)
  at java.lang.reflect.Method.invoke(Method.java:498)
  at org.apache.maven.surefire.util.ReflectionUtils.invokeMethodWithArray(ReflectionUtils.java:189)
  at org.apache.maven.surefire.booter.ProviderFactory$ProviderProxy.invoke(ProviderFactory.java:165)
  at org.apache.maven.surefire.booter.ProviderFactory.invokeProvider(ProviderFactory.java:85)
  at org.apache.maven.surefire.booter.ForkedBooter.runSuitesInProcess(ForkedBooter.java:115)
  at org.apache.maven.surefire.booter.ForkedBooter.main(ForkedBooter.java:75)</Output>
      </ExampleDataOfString>
    </Examples>
  </LearningData>
  <LogKind>
    <Language>java</Language>
    <BuildTool>android</BuildTool>
  </LogKind>
  <Target>BuildFailureReason</Target>
</AnalysisProgramOfRegionAnalysisSessionString>
