travis_fold:start:worker_info[0K[33;1mWorker information[0m
hostname: 9257867b-3291-4966-aa71-1f613731bdb4@1.production-2-worker-org-gce-94gz
version: v6.2.0 https://github.com/travis-ci/worker/tree/5e5476e01646095f48eec13196fdb3faf8f5cbf7
instance: travis-job-4ec9dd2a-50a4-48b0-9ac9-6dfddf829f64 travis-ci-garnet-trusty-1512502259-986baf0 (via amqp)
startup: 6.336340372s
travis_fold:end:worker_info[0Ktravis_fold:start:system_info[0K[33;1mBuild system information[0m
Build language: cpp
Build group: stable
Build dist: trusty
Build id: 535987256
Job id: 535987257
Runtime kernel version: 4.4.0-101-generic
travis-build version: 0696e6115
[34m[1mBuild image provisioning date and time[0m
Tue Dec  5 19:58:13 UTC 2017
[34m[1mOperating System Details[0m
Distributor ID:	Ubuntu
Description:	Ubuntu 14.04.5 LTS
Release:	14.04
Codename:	trusty
[34m[1mCookbooks Version[0m
7c2c6a6 https://github.com/travis-ci/travis-cookbooks/tree/7c2c6a6
[34m[1mgit version[0m
git version 2.15.1
[34m[1mbash version[0m
GNU bash, version 4.3.11(1)-release (x86_64-pc-linux-gnu)
[34m[1mgcc version[0m
gcc (Ubuntu 4.8.4-2ubuntu1~14.04.3) 4.8.4
Copyright (C) 2013 Free Software Foundation, Inc.
This is free software; see the source for copying conditions.  There is NO
warranty; not even for MERCHANTABILITY or FITNESS FOR A PARTICULAR PURPOSE.

[34m[1mdocker version[0m
Client:
 Version:      17.09.0-ce
 API version:  1.32
 Go version:   go1.8.3
 Git commit:   afdb6d4
 Built:        Tue Sep 26 22:42:38 2017
 OS/Arch:      linux/amd64

Server:
 Version:      17.09.0-ce
 API version:  1.32 (minimum version 1.12)
 Go version:   go1.8.3
 Git commit:   afdb6d4
 Built:        Tue Sep 26 22:41:20 2017
 OS/Arch:      linux/amd64
 Experimental: false
[34m[1mclang version[0m
clang version 5.0.0 (tags/RELEASE_500/final)
Target: x86_64-unknown-linux-gnu
Thread model: posix
InstalledDir: /usr/local/clang-5.0.0/bin
[34m[1mjq version[0m
jq-1.5
[34m[1mbats version[0m
Bats 0.4.0
[34m[1mshellcheck version[0m
0.4.6
[34m[1mshfmt version[0m
v2.0.0
[34m[1mccache version[0m
ccache version 3.1.9

Copyright (C) 2002-2007 Andrew Tridgell
Copyright (C) 2009-2011 Joel Rosdahl

This program is free software; you can redistribute it and/or modify it under
the terms of the GNU General Public License as published by the Free Software
Foundation; either version 3 of the License, or (at your option) any later
version.
[34m[1mcmake version[0m
cmake version 3.9.2

CMake suite maintained and supported by Kitware (kitware.com/cmake).
[34m[1mheroku version[0m
heroku-cli/6.14.39-addc925 (linux-x64) node-v9.2.0
[34m[1mimagemagick version[0m
Version: ImageMagick 6.7.7-10 2017-07-31 Q16 http://www.imagemagick.org
[34m[1mmd5deep version[0m
4.2
[34m[1mmercurial version[0m
Mercurial Distributed SCM (version 4.2.2)
(see https://mercurial-scm.org for more information)

Copyright (C) 2005-2017 Matt Mackall and others
This is free software; see the source for copying conditions. There is NO
warranty; not even for MERCHANTABILITY or FITNESS FOR A PARTICULAR PURPOSE.
[34m[1mmysql version[0m
mysql  Ver 14.14 Distrib 5.6.33, for debian-linux-gnu (x86_64) using  EditLine wrapper
[34m[1mopenssl version[0m
OpenSSL 1.0.1f 6 Jan 2014
[34m[1mpacker version[0m
Packer v1.0.2

Your version of Packer is out of date! The latest version
is 1.1.2. You can update by downloading from www.packer.io
[34m[1mpostgresql client version[0m
psql (PostgreSQL) 9.6.6
[34m[1mragel version[0m
Ragel State Machine Compiler version 6.8 Feb 2013
Copyright (c) 2001-2009 by Adrian Thurston
[34m[1msubversion version[0m
svn, version 1.8.8 (r1568071)
   compiled Aug 10 2017, 17:20:39 on x86_64-pc-linux-gnu

Copyright (C) 2013 The Apache Software Foundation.
This software consists of contributions made by many people;
see the NOTICE file for more information.
Subversion is open source software, see http://subversion.apache.org/

The following repository access (RA) modules are available:

* ra_svn : Module for accessing a repository using the svn network protocol.
  - with Cyrus SASL authentication
  - handles 'svn' scheme
* ra_local : Module for accessing a repository on local disk.
  - handles 'file' scheme
* ra_serf : Module for accessing a repository via WebDAV protocol using serf.
  - using serf 1.3.3
  - handles 'http' scheme
  - handles 'https' scheme

[34m[1msudo version[0m
Sudo version 1.8.9p5
Configure options: --prefix=/usr -v --with-all-insults --with-pam --with-fqdn --with-logging=syslog --with-logfac=authpriv --with-env-editor --with-editor=/usr/bin/editor --with-timeout=15 --with-password-timeout=0 --with-passprompt=[sudo] password for %p:  --without-lecture --with-tty-tickets --disable-root-mailer --enable-admin-flag --with-sendmail=/usr/sbin/sendmail --with-timedir=/var/lib/sudo --mandir=/usr/share/man --libexecdir=/usr/lib/sudo --with-sssd --with-sssd-lib=/usr/lib/x86_64-linux-gnu --with-selinux
Sudoers policy plugin version 1.8.9p5
Sudoers file grammar version 43

Sudoers path: /etc/sudoers
Authentication methods: 'pam'
Syslog facility if syslog is being used for logging: authpriv
Syslog priority to use when user authenticates successfully: notice
Syslog priority to use when user authenticates unsuccessfully: alert
Send mail if the user is not in sudoers
Use a separate timestamp for each user/tty combo
Lecture user the first time they run sudo
Root may run sudo
Allow some information gathering to give useful error messages
Require fully-qualified hostnames in the sudoers file
Visudo will honor the EDITOR environment variable
Set the LOGNAME and USER environment variables
Length at which to wrap log file lines (0 for no wrap): 80
Authentication timestamp timeout: 15.0 minutes
Password prompt timeout: 0.0 minutes
Number of tries to enter a password: 3
Umask to use or 0777 to use user's: 022
Path to mail program: /usr/sbin/sendmail
Flags for mail program: -t
Address to send mail to: root
Subject line for mail messages: *** SECURITY information for %h ***
Incorrect password message: Sorry, try again.
Path to authentication timestamp dir: /var/lib/sudo
Default password prompt: [sudo] password for %p: 
Default user to run commands as: root
Value to override user's $PATH with: /usr/local/sbin:/usr/local/bin:/usr/sbin:/usr/bin:/sbin:/bin:/snap/bin
Path to the editor for use by visudo: /usr/bin/editor
When to require a password for 'list' pseudocommand: any
When to require a password for 'verify' pseudocommand: all
File descriptors >= 3 will be closed before executing a command
Environment variables to check for sanity:
	TZ
	TERM
	LINGUAS
	LC_*
	LANGUAGE
	LANG
	COLORTERM
Environment variables to remove:
	RUBYOPT
	RUBYLIB
	PYTHONUSERBASE
	PYTHONINSPECT
	PYTHONPATH
	PYTHONHOME
	TMPPREFIX
	ZDOTDIR
	READNULLCMD
	NULLCMD
	FPATH
	PERL5DB
	PERL5OPT
	PERL5LIB
	PERLLIB
	PERLIO_DEBUG 
	JAVA_TOOL_OPTIONS
	SHELLOPTS
	GLOBIGNORE
	PS4
	BASH_ENV
	ENV
	TERMCAP
	TERMPATH
	TERMINFO_DIRS
	TERMINFO
	_RLD*
	LD_*
	PATH_LOCALE
	NLSPATH
	HOSTALIASES
	RES_OPTIONS
	LOCALDOMAIN
	CDPATH
	IFS
Environment variables to preserve:
	JAVA_HOME
	TRAVIS
	CI
	DEBIAN_FRONTEND
	XAUTHORIZATION
	XAUTHORITY
	PS2
	PS1
	PATH
	LS_COLORS
	KRB5CCNAME
	HOSTNAME
	HOME
	DISPLAY
	COLORS
Locale to use while parsing sudoers: C
Directory in which to store input/output logs: /var/log/sudo-io
File in which to store the input/output log: %{seq}
Add an entry to the utmp/utmpx file when allocating a pty
PAM service name to use
PAM service name to use for login shells
Create a new PAM session for the command to run in
Maximum I/O log sequence number: 0

Local IP address and netmask pairs:
	10.240.0.28/255.255.255.255
	172.17.0.1/255.255.0.0

Sudoers I/O plugin version 1.8.9p5
[34m[1mgzip version[0m
gzip 1.6
Copyright (C) 2007, 2010, 2011 Free Software Foundation, Inc.
Copyright (C) 1993 Jean-loup Gailly.
This is free software.  You may redistribute copies of it under the terms of
the GNU General Public License <http://www.gnu.org/licenses/gpl.html>.
There is NO WARRANTY, to the extent permitted by law.

Written by Jean-loup Gailly.
[34m[1mzip version[0m
Copyright (c) 1990-2008 Info-ZIP - Type 'zip "-L"' for software license.
This is Zip 3.0 (July 5th 2008), by Info-ZIP.
Currently maintained by E. Gordon.  Please send bug reports to
the authors using the web page at www.info-zip.org; see README for details.

Latest sources and executables are at ftp://ftp.info-zip.org/pub/infozip,
as of above date; see http://www.info-zip.org/ for other sites.

Compiled with gcc 4.8.2 for Unix (Linux ELF) on Oct 21 2013.

Zip special compilation options:
	USE_EF_UT_TIME       (store Universal Time)
	BZIP2_SUPPORT        (bzip2 library version 1.0.6, 6-Sept-2010)
	    bzip2 code and library copyright (c) Julian R Seward
	    (See the bzip2 license for terms of use)
	SYMLINK_SUPPORT      (symbolic links supported)
	LARGE_FILE_SUPPORT   (can read and write large files on file system)
	ZIP64_SUPPORT        (use Zip64 to store large files in archives)
	UNICODE_SUPPORT      (store and read UTF-8 Unicode paths)
	STORE_UNIX_UIDs_GIDs (store UID/GID sizes/values using new extra field)
	UIDGID_NOT_16BIT     (old Unix 16-bit UID/GID extra field not used)
	[encryption, version 2.91 of 05 Jan 2007] (modified for Zip 3)

Encryption notice:
	The encryption code of this program is not copyrighted and is
	put in the public domain.  It was originally written in Europe
	and, to the best of our knowledge, can be freely distributed
	in both source and object forms from any country, including
	the USA under License Exception TSU of the U.S. Export
	Administration Regulations (section 740.13(e)) of 6 June 2002.

Zip environment options:
             ZIP:  [none]
          ZIPOPT:  [none]
[34m[1mvim version[0m
VIM - Vi IMproved 7.4 (2013 Aug 10, compiled Nov 24 2016 16:43:18)
Included patches: 1-52
Extra patches: 8.0.0056
Modified by pkg-vim-maintainers@lists.alioth.debian.org
Compiled by buildd@
Huge version without GUI.  Features included (+) or not (-):
+acl             +farsi           +mouse_netterm   +syntax
+arabic          +file_in_path    +mouse_sgr       +tag_binary
+autocmd         +find_in_path    -mouse_sysmouse  +tag_old_static
-balloon_eval    +float           +mouse_urxvt     -tag_any_white
-browse          +folding         +mouse_xterm     -tcl
++builtin_terms  -footer          +multi_byte      +terminfo
+byte_offset     +fork()          +multi_lang      +termresponse
+cindent         +gettext         -mzscheme        +textobjects
-clientserver    -hangul_input    +netbeans_intg   +title
-clipboard       +iconv           +path_extra      -toolbar
+cmdline_compl   +insert_expand   -perl            +user_commands
+cmdline_hist    +jumplist        +persistent_undo +vertsplit
+cmdline_info    +keymap          +postscript      +virtualedit
+comments        +langmap         +printer         +visual
+conceal         +libcall         +profile         +visualextra
+cryptv          +linebreak       +python          +viminfo
+cscope          +lispindent      -python3         +vreplace
+cursorbind      +listcmds        +quickfix        +wildignore
+cursorshape     +localmap        +reltime         +wildmenu
+dialog_con      -lua             +rightleft       +windows
+diff            +menu            -ruby            +writebackup
+digraphs        +mksession       +scrollbind      -X11
-dnd             +modify_fname    +signs           -xfontset
-ebcdic          +mouse           +smartindent     -xim
+emacs_tags      -mouseshape      -sniff           -xsmp
+eval            +mouse_dec       +startuptime     -xterm_clipboard
+ex_extra        +mouse_gpm       +statusline      -xterm_save
+extra_search    -mouse_jsbterm   -sun_workshop    -xpm
   system vimrc file: "$VIM/vimrc"
     user vimrc file: "$HOME/.vimrc"
 2nd user vimrc file: "~/.vim/vimrc"
      user exrc file: "$HOME/.exrc"
  fall-back for $VIM: "/usr/share/vim"
Compilation: gcc -c -I. -Iproto -DHAVE_CONFIG_H     -g -O2 -fstack-protector --param=ssp-buffer-size=4 -Wformat -Werror=format-security -U_FORTIFY_SOURCE -D_FORTIFY_SOURCE=1      
Linking: gcc   -Wl,-Bsymbolic-functions -Wl,-z,relro -Wl,--as-needed -o vim        -lm -ltinfo -lnsl  -lselinux  -lacl -lattr -lgpm -ldl    -L/usr/lib/python2.7/config-x86_64-linux-gnu -lpython2.7 -lpthread -ldl -lutil -lm -Xlinker -export-dynamic -Wl,-O1 -Wl,-Bsymbolic-functions      
[34m[1miptables version[0m
iptables v1.4.21
[34m[1mcurl version[0m
curl 7.35.0 (x86_64-pc-linux-gnu) libcurl/7.35.0 OpenSSL/1.0.1f zlib/1.2.8 libidn/1.28 librtmp/2.3
[34m[1mwget version[0m
GNU Wget 1.15 built on linux-gnu.
[34m[1mrsync version[0m
rsync  version 3.1.0  protocol version 31
[34m[1mgimme version[0m
v1.2.0
[34m[1mnvm version[0m
0.33.6
[34m[1mperlbrew version[0m
/home/travis/perl5/perlbrew/bin/perlbrew  - App::perlbrew/0.80
[34m[1mphpenv version[0m
rbenv 1.1.1-25-g6aa70b6
[34m[1mrvm version[0m
rvm 1.29.3 (latest) by Michal Papis, Piotr Kuczynski, Wayne E. Seguin [https://rvm.io]
[34m[1mdefault ruby version[0m
ruby 2.4.1p111 (2017-03-22 revision 58053) [x86_64-linux]
[34m[1mCouchDB version[0m
couchdb 1.6.1
[34m[1mElasticSearch version[0m
5.5.0
[34m[1mInstalled Firefox version[0m
firefox 56.0.2
[34m[1mMongoDB version[0m
MongoDB 3.4.10
[34m[1mPhantomJS version[0m
2.1.1
[34m[1mPre-installed PostgreSQL versions[0m
9.2.24
9.3.20
9.4.15
9.5.10
9.6.6
[34m[1mRabbitMQ Version[0m
3.6.14
[34m[1mRedis version[0m
redis-server 4.0.6
[34m[1mriak version[0m
2.2.3
[34m[1mPre-installed Go versions[0m
1.7.4
[34m[1mant version[0m
Apache Ant(TM) version 1.9.3 compiled on April 8 2014
[34m[1mmvn version[0m
Apache Maven 3.5.2 (138edd61fd100ec658bfa2d307c43b76940a5d7d; 2017-10-18T07:58:13Z)
Maven home: /usr/local/maven-3.5.2
Java version: 1.8.0_151, vendor: Oracle Corporation
Java home: /usr/lib/jvm/java-8-oracle/jre
Default locale: en_US, platform encoding: UTF-8
OS name: "linux", version: "4.4.0-98-generic", arch: "amd64", family: "unix"
[34m[1mgradle version[0m

------------------------------------------------------------
Gradle 4.0.1
------------------------------------------------------------

Build time:   2017-07-07 14:02:41 UTC
Revision:     38e5dc0f772daecca1d2681885d3d85414eb6826

Groovy:       2.4.11
Ant:          Apache Ant(TM) version 1.9.6 compiled on June 29 2015
JVM:          1.8.0_151 (Oracle Corporation 25.151-b12)
OS:           Linux 4.4.0-98-generic amd64

[34m[1mlein version[0m
Leiningen 2.8.1 on Java 1.8.0_151 Java HotSpot(TM) 64-Bit Server VM
[34m[1mPre-installed Node.js versions[0m
v4.8.6
v6.12.0
v6.12.1
v8.9
v8.9.1
[34m[1mphpenv versions[0m
  system
  5.6
* 5.6.32 (set by /home/travis/.phpenv/version)
  7.0
  7.0.25
  7.1
  7.1.11
  hhvm
  hhvm-stable
[34m[1mcomposer --version[0m
Composer version 1.5.2 2017-09-11 16:59:25
[34m[1mPre-installed Ruby versions[0m
ruby-2.2.7
ruby-2.3.4
ruby-2.4.1
travis_fold:end:system_info[0K
travis_fold:start:docker_mtu[0Kdocker stop/waiting
docker start/running, process 3665
travis_fold:end:docker_mtu[0Ktravis_fold:start:resolvconf[0Kresolvconf stop/waiting
resolvconf start/running
travis_fold:end:resolvconf[0K
travis_fold:start:git.checkout[0Ktravis_time:start:370496e2[0K$ git clone --depth=1000 https://github.com/PowerShell/PowerShell.git PowerShell/PowerShell
Cloning into 'PowerShell/PowerShell'...
travis_time:end:370496e2:start=1558560012677819942,finish=1558560019776444984,duration=7098625042[0K$ cd PowerShell/PowerShell
travis_time:start:1507055c[0K$ git fetch origin +refs/pull/9698/merge:
From https://github.com/PowerShell/PowerShell
 * branch              refs/pull/9698/merge -> FETCH_HEAD
travis_time:end:1507055c:start=1558560019781859949,finish=1558560020644357323,duration=862497374[0K$ git checkout -qf FETCH_HEAD
travis_fold:end:git.checkout[0K
travis_fold:start:git.submodule[0Ktravis_time:start:0fabc780[0K$ git submodule update --init --recursive
Submodule 'src/libpsl-native/test/googletest' (https://github.com/google/googletest.git) registered for path 'src/libpsl-native/test/googletest'
Cloning into '/home/travis/build/PowerShell/PowerShell/src/libpsl-native/test/googletest'...
Submodule path 'src/libpsl-native/test/googletest': checked out 'c99458533a9b4c743ed51537e25989ea55944908'
travis_time:end:0fabc780:start=1558560021011945568,finish=1558560022721956087,duration=1710010519[0Ktravis_fold:end:git.submodule[0K
[33;1mSetting environment variables from repository settings[0m
$ export ARTIFACTS_BUCKET=[secure]
$ export ARTIFACTS_KEY=[secure]
$ export ARTIFACTS_SECRET=[secure]
$ export TestResultAccountName=[secure]
$ export TestResultAccountKey=[secure]
$ export NUGET_URL=[secure]
$ export NUGET_KEY=[secure]
$ export WebHookUrl=[secure]

[33;1mSetting environment variables from .travis.yml[0m
$ export CACHE_VERSION=netcoreapp.2.1-sdk.2.1.401
$ export POWERSHELL_TELEMETRY_OPTOUT=1
$ export DOTNET_SKIP_FIRST_TIME_EXPERIENCE=1
$ export TRAVIS_CI_CACHE_NAME=linux

$ export TRAVIS_COMPILER=g++
$ export CXX=g++
$ export CXX_FOR_BUILD=g++
$ export CC=gcc
$ export CC_FOR_BUILD=gcc
travis_fold:start:cache.1[0KSetting up build cache
$ export CASHER_DIR=${TRAVIS_HOME}/.casher
travis_time:start:361d86d8[0K$ Installing caching utilities
travis_time:end:361d86d8:start=1558560027325666382,finish=1558560027566056260,duration=240389878[0Ktravis_time:start:144d6b92[0Ktravis_time:end:144d6b92:start=1558560027573935914,finish=1558560027577617001,duration=3681087[0Ktravis_time:start:0d406c19[0K[32;1mattempting to download cache archive[0m
[32;1mfetching PR.9698/cache-linux-trusty-b63ba428cd21dd946309ed81c41c4b9000afe459974af6ba6ead38ce4f74cf7f--compiler-gpp.tgz[0m
[32;1mfetching PR.9698/cache--compiler-gpp.tgz[0m
[32;1mfetching v6.1.5/cache-linux-trusty-b63ba428cd21dd946309ed81c41c4b9000afe459974af6ba6ead38ce4f74cf7f--compiler-gpp.tgz[0m
[32;1mfound cache[0m
travis_time:end:0d406c19:start=1558560027582929344,finish=1558560034023887901,duration=6440958557[0Ktravis_time:start:02422dac[0Ktravis_time:end:02422dac:start=1558560034029602666,finish=1558560034032940034,duration=3337368[0Ktravis_time:start:045e944c[0K[32;1madding /home/travis/.nuget to cache[0m
[32;1mcreating directory /home/travis/.nuget[0m
[32;1madding /home/travis/Library/Caches/Homebrew to cache[0m
[32;1mcreating directory /home/travis/Library/Caches/Homebrew[0m
travis_time:end:045e944c:start=1558560034038353943,finish=1558560076589948392,duration=42551594449[0Ktravis_fold:end:cache.1[0K
$ g++ --version
g++ (Ubuntu 4.8.4-2ubuntu1~14.04.3) 4.8.4
Copyright (C) 2013 Free Software Foundation, Inc.
This is free software; see the source for copying conditions.  There is NO
warranty; not even for MERCHANTABILITY or FITNESS FOR A PARTICULAR PURPOSE.

travis_fold:start:install.1[0Ktravis_time:start:0334628e[0K$ if [[ "$TRAVIS_OS_NAME" == "osx" ]]; then rvm install ruby-2.3.3; rvm --default use 2.3.3; fi
travis_time:end:0334628e:start=1558560076610672090,finish=1558560076614644488,duration=3972398[0Ktravis_fold:end:install.1[0Ktravis_fold:start:install.2[0Ktravis_time:start:074f9e20[0K$ if [[ "$TRAVIS_OS_NAME" == "osx" ]]; then export DYLD_LIBRARY_PATH=/usr/local/opt/curl/lib:/usr/local/opt/openssl/lib:${DYLD_LIBRARY_PATH}; fi
travis_time:end:074f9e20:start=1558560076620374271,finish=1558560076623855355,duration=3481084[0Ktravis_fold:end:install.2[0Ktravis_fold:start:install.3[0Ktravis_time:start:06b791fe[0K$ pushd tools
~/build/PowerShell/PowerShell/tools ~/build/PowerShell/PowerShell
travis_time:end:06b791fe:start=1558560076629203248,finish=1558560076632714597,duration=3511349[0Ktravis_fold:end:install.3[0Ktravis_fold:start:install.4[0Ktravis_time:start:0402d6d8[0K$ ./install-powershell.sh
Get-PowerShell Core MASTER Installer Version 1.2.0
Installs PowerShell Core and Optional The Development Environment
  Original script is at: https://raw.githubusercontent.com/PowerShell/PowerShell/master/tools$gitscriptname
Arguments used: 

Operating System Details:
  OS: linux
  DIST: Ubuntu
  DistroBasedOn: debian
  PSUEDONAME: trusty
  REV: 14.04
  KERNEL: 4.4.0-101-generic
  MACH: x86_64
Configuring PowerShell Core Enviornment for: debian Ubuntu 14.04

*** PowerShell Core Development Environment Installer 1.2.0 for debian
***    Current PowerShell Core Version: 
***    Original script is at: https://raw.githubusercontent.com/PowerShell/PowerShell/master/tools/installpsh-debian.psh

*** Arguments used: 
Running on CI (as determined by env var CI set to true), skipping SUDO check.

*** Installing PowerShell Core for debian...
  % Total    % Received % Xferd  Average Speed   Time    Time     Time  Current
                                 Dload  Upload   Total   Spent    Left  Speed
  0     0    0     0    0     0      0      0 --:--:-- --:--:-- --:--:--     0100   256  100   256    0     0   1174      0 --:--:-- --:--:-- --:--:--  1179
*** Current version on git is: , repo version may differ slightly...
*** Setting up PowerShell Core repo...
  % Total    % Received % Xferd  Average Speed   Time    Time     Time  Current
                                 Dload  Upload   Total   Spent    Left  Speed
  0     0    0     0    0     0      0      0 --:--:-- --:--:-- --:--:--     0100   983  100   983    0     0   3483      0 --:--:-- --:--:-- --:--:--  3485
OK
  % Total    % Received % Xferd  Average Speed   Time    Time     Time  Current
                                 Dload  Upload   Total   Spent    Left  Speed
  0     0    0     0    0     0      0      0 --:--:-- --:--:-- --:--:--     0100    78  100    78    0     0    500      0 --:--:-- --:--:-- --:--:--   503
deb [arch=amd64] https://packages.microsoft.com/ubuntu/14.04/prod trusty main
Get:1 http://security.ubuntu.com/ubuntu trusty-security InRelease [65.9 kB]
Get:2 http://dl.hhvm.com/ubuntu trusty InRelease [3,106 B]
Get:3 http://ppa.launchpad.net/chris-lea/redis-server/ubuntu trusty InRelease [15.4 kB]
Get:5 http://apt.postgresql.org/pub/repos/apt trusty-pgdg InRelease [56.5 kB]
Ign:7 http://repo.mongodb.org/apt/ubuntu trusty/mongodb-org/3.4 InRelease
Hit:6 http://dl.bintray.com/apache/cassandra 39x InRelease
Get:8 http://repo.mongodb.org/apt/ubuntu trusty/mongodb-org/3.4 Release [2,495 B]
Ign:9 http://us-east-1.ec2.archive.ubuntu.com/ubuntu trusty InRelease
Get:10 http://us-east-1.ec2.archive.ubuntu.com/ubuntu trusty-updates InRelease [65.9 kB]
Ign:4 http://toolbelt.heroku.com/ubuntu ./ InRelease
Hit:11 http://toolbelt.heroku.com/ubuntu ./ Release
Get:13 https://download.docker.com/linux/ubuntu trusty InRelease [37.1 kB]
Get:14 http://repo.mongodb.org/apt/ubuntu trusty/mongodb-org/3.4 Release.gpg [801 B]
Ign:15 http://dl.google.com/linux/chrome/deb stable InRelease
Get:16 http://dl.google.com/linux/chrome/deb stable Release [943 B]
Get:17 http://dl.hhvm.com/ubuntu trusty/main amd64 Packages [1,825 B]
Get:18 http://us-east-1.ec2.archive.ubuntu.com/ubuntu trusty-backports InRelease [65.9 kB]
Get:19 http://security.ubuntu.com/ubuntu trusty-security/main Sources [220 kB]
Get:20 http://us-east-1.ec2.archive.ubuntu.com/ubuntu trusty Release [58.5 kB]
Ign:21 http://ppa.launchpad.net/couchdb/stable/ubuntu trusty InRelease
Get:22 http://ppa.launchpad.net/git-core/ppa/ubuntu trusty InRelease [20.8 kB]
Get:23 https://packages.microsoft.com/ubuntu/14.04/prod trusty InRelease [3,226 B]
Get:24 http://apt.postgresql.org/pub/repos/apt trusty-pgdg/main amd64 Packages [201 kB]
Get:25 http://repo.mongodb.org/apt/ubuntu trusty/mongodb-org/3.4/multiverse amd64 Packages [14.1 kB]
Get:26 http://dl.google.com/linux/chrome/deb stable Release.gpg [819 B]
Get:27 https://download.docker.com/linux/ubuntu trusty/stable amd64 Packages [5,763 B]
Get:28 http://us-east-1.ec2.archive.ubuntu.com/ubuntu trusty-updates/main Sources [532 kB]
Get:29 http://security.ubuntu.com/ubuntu trusty-security/restricted Sources [5,050 B]
Get:30 http://ppa.launchpad.net/openjdk-r/ppa/ubuntu trusty InRelease [15.4 kB]
Get:31 http://security.ubuntu.com/ubuntu trusty-security/universe Sources [126 kB]
Get:32 http://ppa.launchpad.net/pollinate/ppa/ubuntu trusty InRelease [15.4 kB]
Get:33 http://ppa.launchpad.net/webupd8team/java/ubuntu trusty InRelease [15.5 kB]
Get:34 http://security.ubuntu.com/ubuntu trusty-security/multiverse Sources [3,070 B]
Get:35 http://ppa.launchpad.net/chris-lea/redis-server/ubuntu trusty/main amd64 Packages [1,843 B]
Get:36 http://security.ubuntu.com/ubuntu trusty-security/main amd64 Packages [1,032 kB]
Get:37 http://ppa.launchpad.net/chris-lea/redis-server/ubuntu trusty/main i386 Packages [1,842 B]
Get:38 http://ppa.launchpad.net/chris-lea/redis-server/ubuntu trusty/main Translation-en [990 B]
Hit:39 http://ppa.launchpad.net/couchdb/stable/ubuntu trusty Release
Get:40 http://apt.postgresql.org/pub/repos/apt trusty-pgdg/main i386 Packages [201 kB]
Get:41 https://packagecloud.io/computology/apt-backport/ubuntu trusty InRelease [23.5 kB]
Get:42 http://dl.google.com/linux/chrome/deb stable/main amd64 Packages [1,103 B]
Get:43 http://ppa.launchpad.net/git-core/ppa/ubuntu trusty/main amd64 Packages [3,505 B]
Get:44 http://us-east-1.ec2.archive.ubuntu.com/ubuntu trusty-updates/restricted Sources [6,444 B]
Get:45 https://download.docker.com/linux/ubuntu trusty/edge amd64 Packages [6,911 B]
Get:46 http://us-east-1.ec2.archive.ubuntu.com/ubuntu trusty-updates/universe Sources [288 kB]
Get:47 http://us-east-1.ec2.archive.ubuntu.com/ubuntu trusty-updates/multiverse Sources [7,389 B]
Get:48 http://security.ubuntu.com/ubuntu trusty-security/main i386 Packages [934 kB]
Get:49 http://ppa.launchpad.net/git-core/ppa/ubuntu trusty/main i386 Packages [3,505 B]
Get:50 http://ppa.launchpad.net/git-core/ppa/ubuntu trusty/main Translation-en [2,372 B]
Get:51 http://ppa.launchpad.net/openjdk-r/ppa/ubuntu trusty/main amd64 Packages [7,571 B]
Get:52 http://ppa.launchpad.net/openjdk-r/ppa/ubuntu trusty/main i386 Packages [7,700 B]
Get:53 http://ppa.launchpad.net/openjdk-r/ppa/ubuntu trusty/main Translation-en [2,388 B]
Get:54 http://ppa.launchpad.net/pollinate/ppa/ubuntu trusty/main amd64 Packages [430 B]
Get:55 http://us-east-1.ec2.archive.ubuntu.com/ubuntu trusty-updates/main amd64 Packages [1,460 kB]
Get:57 http://security.ubuntu.com/ubuntu trusty-security/main Translation-en [541 kB]
Get:58 http://ppa.launchpad.net/pollinate/ppa/ubuntu trusty/main i386 Packages [430 B]
Get:59 http://ppa.launchpad.net/pollinate/ppa/ubuntu trusty/main Translation-en [374 B]
Get:60 http://security.ubuntu.com/ubuntu trusty-security/restricted amd64 Packages [18.1 kB]
Get:61 https://packages.microsoft.com/ubuntu/14.04/prod trusty/main amd64 Packages [75.4 kB]
Get:62 http://ppa.launchpad.net/webupd8team/java/ubuntu trusty/main amd64 Packages [20 B]
Get:63 https://packagecloud.io/github/git-lfs/ubuntu trusty InRelease [23.2 kB]
Get:64 http://us-east-1.ec2.archive.ubuntu.com/ubuntu trusty-updates/main i386 Packages [1,354 kB]
Get:65 http://security.ubuntu.com/ubuntu trusty-security/restricted i386 Packages [17.8 kB]
Get:66 http://security.ubuntu.com/ubuntu trusty-security/restricted Translation-en [3,272 B]
Get:67 http://security.ubuntu.com/ubuntu trusty-security/universe amd64 Packages [377 kB]
Get:68 http://security.ubuntu.com/ubuntu trusty-security/universe i386 Packages [355 kB]
Get:69 http://ppa.launchpad.net/webupd8team/java/ubuntu trusty/main i386 Packages [20 B]
Get:70 http://ppa.launchpad.net/webupd8team/java/ubuntu trusty/main Translation-en [20 B]
Get:71 http://us-east-1.ec2.archive.ubuntu.com/ubuntu trusty-updates/main Translation-en [701 kB]
Get:72 http://security.ubuntu.com/ubuntu trusty-security/universe Translation-en [203 kB]
Get:73 http://security.ubuntu.com/ubuntu trusty-security/multiverse amd64 Packages [4,730 B]
Get:74 http://security.ubuntu.com/ubuntu trusty-security/multiverse i386 Packages [4,887 B]
Get:75 http://security.ubuntu.com/ubuntu trusty-security/multiverse Translation-en [2,426 B]
Err:63 https://packagecloud.io/github/git-lfs/ubuntu trusty InRelease
  The following signatures couldn't be verified because the public key is not available: NO_PUBKEY 6B05F25D762E3157
Get:76 https://packagecloud.io/rabbitmq/rabbitmq-server/ubuntu trusty InRelease [23.7 kB]
Get:77 http://us-east-1.ec2.archive.ubuntu.com/ubuntu trusty-updates/restricted amd64 Packages [21.4 kB]
Get:78 http://us-east-1.ec2.archive.ubuntu.com/ubuntu trusty-updates/restricted i386 Packages [21.1 kB]
Get:79 http://us-east-1.ec2.archive.ubuntu.com/ubuntu trusty-updates/restricted Translation-en [3,706 B]
Get:80 http://us-east-1.ec2.archive.ubuntu.com/ubuntu trusty-updates/universe amd64 Packages [671 kB]
Get:81 https://packagecloud.io/computology/apt-backport/ubuntu trusty/main amd64 Packages [3,628 B]
Get:82 http://us-east-1.ec2.archive.ubuntu.com/ubuntu trusty-updates/universe i386 Packages [646 kB]
Get:83 http://us-east-1.ec2.archive.ubuntu.com/ubuntu trusty-updates/universe Translation-en [347 kB]
Get:84 https://packagecloud.io/rabbitmq/rabbitmq-server/ubuntu trusty/main amd64 Packages [7,866 B]
Get:85 http://us-east-1.ec2.archive.ubuntu.com/ubuntu trusty-updates/multiverse amd64 Packages [16.1 kB]
Get:86 http://us-east-1.ec2.archive.ubuntu.com/ubuntu trusty-updates/multiverse i386 Packages [16.6 kB]
Get:87 https://packagecloud.io/rabbitmq/rabbitmq-server/ubuntu trusty/main i386 Packages [7,866 B]
Get:88 http://us-east-1.ec2.archive.ubuntu.com/ubuntu trusty-updates/multiverse Translation-en [7,680 B]
Get:89 http://us-east-1.ec2.archive.ubuntu.com/ubuntu trusty-backports/main Sources [10.4 kB]
Get:90 http://us-east-1.ec2.archive.ubuntu.com/ubuntu trusty-backports/restricted Sources [40 B]
Get:91 http://us-east-1.ec2.archive.ubuntu.com/ubuntu trusty-backports/universe Sources [41.3 kB]
Get:92 http://us-east-1.ec2.archive.ubuntu.com/ubuntu trusty-backports/multiverse Sources [1,747 B]
Get:93 http://us-east-1.ec2.archive.ubuntu.com/ubuntu trusty-backports/main amd64 Packages [14.7 kB]
Get:94 http://us-east-1.ec2.archive.ubuntu.com/ubuntu trusty-backports/main i386 Packages [14.7 kB]
Get:95 http://us-east-1.ec2.archive.ubuntu.com/ubuntu trusty-backports/main Translation-en [7,426 B]
Get:96 http://us-east-1.ec2.archive.ubuntu.com/ubuntu trusty-backports/restricted amd64 Packages [40 B]
Get:97 http://us-east-1.ec2.archive.ubuntu.com/ubuntu trusty-backports/restricted i386 Packages [40 B]
Get:98 http://us-east-1.ec2.archive.ubuntu.com/ubuntu trusty-backports/restricted Translation-en [40 B]
Get:99 http://us-east-1.ec2.archive.ubuntu.com/ubuntu trusty-backports/universe amd64 Packages [52.5 kB]
Get:100 http://us-east-1.ec2.archive.ubuntu.com/ubuntu trusty-backports/universe i386 Packages [52.4 kB]
Get:101 http://us-east-1.ec2.archive.ubuntu.com/ubuntu trusty-backports/universe Translation-en [40.0 kB]
Get:102 http://us-east-1.ec2.archive.ubuntu.com/ubuntu trusty-backports/multiverse amd64 Packages [1,392 B]
Get:103 http://us-east-1.ec2.archive.ubuntu.com/ubuntu trusty-backports/multiverse i386 Packages [1,376 B]
Get:104 http://us-east-1.ec2.archive.ubuntu.com/ubuntu trusty-backports/multiverse Translation-en [1,165 B]
Get:105 http://us-east-1.ec2.archive.ubuntu.com/ubuntu trusty Release.gpg [933 B]
Get:106 http://us-east-1.ec2.archive.ubuntu.com/ubuntu trusty/main Sources [1,335 kB]
Get:107 http://us-east-1.ec2.archive.ubuntu.com/ubuntu trusty/restricted Sources [5,335 B]
Get:108 http://us-east-1.ec2.archive.ubuntu.com/ubuntu trusty/universe Sources [7,926 kB]
Get:109 http://us-east-1.ec2.archive.ubuntu.com/ubuntu trusty/multiverse Sources [211 kB]
Get:110 http://us-east-1.ec2.archive.ubuntu.com/ubuntu trusty/main amd64 Packages [1,743 kB]
Get:111 http://us-east-1.ec2.archive.ubuntu.com/ubuntu trusty/main i386 Packages [1,739 kB]
Get:112 http://us-east-1.ec2.archive.ubuntu.com/ubuntu trusty/restricted amd64 Packages [16.0 kB]
Get:113 http://us-east-1.ec2.archive.ubuntu.com/ubuntu trusty/restricted i386 Packages [16.4 kB]
Get:114 http://us-east-1.ec2.archive.ubuntu.com/ubuntu trusty/universe amd64 Packages [7,589 kB]
Get:115 http://us-east-1.ec2.archive.ubuntu.com/ubuntu trusty/universe i386 Packages [7,597 kB]
Get:116 http://us-east-1.ec2.archive.ubuntu.com/ubuntu trusty/multiverse amd64 Packages [169 kB]
Get:117 http://us-east-1.ec2.archive.ubuntu.com/ubuntu trusty/multiverse i386 Packages [172 kB]
Fetched 39.8 MB in 7s (5,122 kB/s)
Reading package lists...
W: http://ppa.launchpad.net/couchdb/stable/ubuntu/dists/trusty/Release.gpg: Signature by key 15866BAFD9BCC4F3C1E0DFC7D69548E1C17EAB57 uses weak digest algorithm (SHA1)
W: An error occurred during the signature verification. The repository is not updated and the previous index files will be used. GPG error: https://packagecloud.io/github/git-lfs/ubuntu trusty InRelease: The following signatures couldn't be verified because the public key is not available: NO_PUBKEY 6B05F25D762E3157
W: Failed to fetch https://packagecloud.io/github/git-lfs/ubuntu/dists/trusty/InRelease  The following signatures couldn't be verified because the public key is not available: NO_PUBKEY 6B05F25D762E3157
W: Some index files failed to download. They have been ignored, or old ones used instead.
Reading package lists...
Building dependency tree...
Reading state information...
The following additional packages will be installed:
  liblttng-ust-ctl2 liblttng-ust0 liburcu1
The following NEW packages will be installed:
  liblttng-ust-ctl2 liblttng-ust0 liburcu1 powershell
0 upgraded, 4 newly installed, 0 to remove and 308 not upgraded.
Need to get 58.1 MB of archives.
After this operation, 159 MB of additional disk space will be used.
Get:1 http://us-east-1.ec2.archive.ubuntu.com/ubuntu trusty/main amd64 liburcu1 amd64 0.7.12-0ubuntu2 [34.9 kB]
Get:2 http://us-east-1.ec2.archive.ubuntu.com/ubuntu trusty/main amd64 liblttng-ust-ctl2 amd64 2.4.0-4ubuntu1 [61.7 kB]
Get:3 http://us-east-1.ec2.archive.ubuntu.com/ubuntu trusty/main amd64 liblttng-ust0 amd64 2.4.0-4ubuntu1 [106 kB]
Get:4 https://packages.microsoft.com/ubuntu/14.04/prod trusty/main amd64 powershell amd64 6.2.0-1.ubuntu.14.04 [57.9 MB]
Fetched 58.1 MB in 6s (9,621 kB/s)
Selecting previously unselected package liburcu1.
(Reading database ... (Reading database ... 5%(Reading database ... 10%(Reading database ... 15%(Reading database ... 20%(Reading database ... 25%(Reading database ... 30%(Reading database ... 35%(Reading database ... 40%(Reading database ... 45%(Reading database ... 50%(Reading database ... 55%(Reading database ... 60%(Reading database ... 65%(Reading database ... 70%(Reading database ... 75%(Reading database ... 80%(Reading database ... 85%(Reading database ... 90%(Reading database ... 95%(Reading database ... 100%(Reading database ... 93695 files and directories currently installed.)
Preparing to unpack .../liburcu1_0.7.12-0ubuntu2_amd64.deb ...
Unpacking liburcu1 (0.7.12-0ubuntu2) ...
Selecting previously unselected package liblttng-ust-ctl2:amd64.
Preparing to unpack .../liblttng-ust-ctl2_2.4.0-4ubuntu1_amd64.deb ...
Unpacking liblttng-ust-ctl2:amd64 (2.4.0-4ubuntu1) ...
Selecting previously unselected package liblttng-ust0:amd64.
Preparing to unpack .../liblttng-ust0_2.4.0-4ubuntu1_amd64.deb ...
Unpacking liblttng-ust0:amd64 (2.4.0-4ubuntu1) ...
Selecting previously unselected package powershell.
Preparing to unpack .../powershell_6.2.0-1.ubuntu.14.04_amd64.deb ...
Unpacking powershell (6.2.0-1.ubuntu.14.04) ...
Processing triggers for man-db (2.6.7.1-1ubuntu1) ...
Setting up liburcu1 (0.7.12-0ubuntu2) ...
Setting up liblttng-ust-ctl2:amd64 (2.4.0-4ubuntu1) ...
Setting up liblttng-ust0:amd64 (2.4.0-4ubuntu1) ...
Setting up powershell (6.2.0-1.ubuntu.14.04) ...
Processing triggers for libc-bin (2.19-0ubuntu6.13) ...
Congratulations! PowerShell is installed at /opt/microsoft/powershell/6.
Run "pwsh" to start a PowerShell session.

*** NOTE: Run your regular package manager update cycle to update PowerShell Core\n
*** Install Complete
travis_time:end:0402d6d8:start=1558560076638186657,finish=1558560121442256491,duration=44804069834[0Ktravis_fold:end:install.4[0Ktravis_fold:start:install.5[0Ktravis_time:start:269d80cc[0K$ popd
~/build/PowerShell/PowerShell
travis_time:end:269d80cc:start=1558560121451330323,finish=1558560121456407714,duration=5077391[0Ktravis_fold:end:install.5[0Ktravis_fold:start:install.6[0Ktravis_time:start:137be3a0[0K$ if [[ "$TRAVIS_OS_NAME" == "linux" ]]; then nvm install 6.4.0 && npm install -g markdown-spellcheck@0.11.0; fi
Downloading and installing node v6.4.0...
Downloading https://nodejs.org/dist/v6.4.0/node-v6.4.0-linux-x64.tar.xz...
Computing checksum with sha256sum
Checksums matched!
Now using node v6.4.0 (npm v3.10.3)
/home/travis/.nvm/versions/node/v6.4.0/bin/mdspell -> /home/travis/.nvm/versions/node/v6.4.0/lib/node_modules/markdown-spellcheck/bin/mdspell

> spawn-sync@1.0.15 postinstall /home/travis/.nvm/versions/node/v6.4.0/lib/node_modules/markdown-spellcheck/node_modules/spawn-sync
> node postinstall

/home/travis/.nvm/versions/node/v6.4.0/lib
â””â”€â”¬ markdown-spellcheck@0.11.0 
  â”œâ”€â”€ async@1.5.2 
  â”œâ”€â”¬ chalk@1.1.3 
  â”‚ â”œâ”€â”€ ansi-styles@2.2.1 
  â”‚ â”œâ”€â”€ escape-string-regexp@1.0.5 
  â”‚ â”œâ”€â”¬ has-ansi@2.0.0 
  â”‚ â”‚ â””â”€â”€ ansi-regex@2.1.1 
  â”‚ â”œâ”€â”€ strip-ansi@3.0.1 
  â”‚ â””â”€â”€ supports-color@2.0.0 
  â”œâ”€â”€ commander@2.20.0 
  â”œâ”€â”¬ globby@4.1.0 
  â”‚ â”œâ”€â”¬ array-union@1.0.2 
  â”‚ â”‚ â””â”€â”€ array-uniq@1.0.3 
  â”‚ â”œâ”€â”€ arrify@1.0.1 
  â”‚ â”œâ”€â”¬ glob@6.0.4 
  â”‚ â”‚ â”œâ”€â”¬ inflight@1.0.6 
  â”‚ â”‚ â”‚ â””â”€â”€ wrappy@1.0.2 
  â”‚ â”‚ â”œâ”€â”€ inherits@2.0.3 
  â”‚ â”‚ â”œâ”€â”¬ minimatch@3.0.4 
  â”‚ â”‚ â”‚ â””â”€â”¬ brace-expansion@1.1.11 
  â”‚ â”‚ â”‚   â”œâ”€â”€ balanced-match@1.0.0 
  â”‚ â”‚ â”‚   â””â”€â”€ concat-map@0.0.1 
  â”‚ â”‚ â”œâ”€â”€ once@1.4.0 
  â”‚ â”‚ â””â”€â”€ path-is-absolute@1.0.1 
  â”‚ â”œâ”€â”€ object-assign@4.1.1 
  â”‚ â”œâ”€â”€ pify@2.3.0 
  â”‚ â””â”€â”¬ pinkie-promise@2.0.1 
  â”‚   â””â”€â”€ pinkie@2.0.4 
  â”œâ”€â”€ hunspell-spellchecker@1.0.2 
  â”œâ”€â”¬ inquirer@1.2.3 
  â”‚ â”œâ”€â”€ ansi-escapes@1.4.0 
  â”‚ â”œâ”€â”¬ cli-cursor@1.0.2 
  â”‚ â”‚ â””â”€â”¬ restore-cursor@1.0.1 
  â”‚ â”‚   â”œâ”€â”€ exit-hook@1.1.1 
  â”‚ â”‚   â””â”€â”€ onetime@1.1.0 
  â”‚ â”œâ”€â”€ cli-width@2.2.0 
  â”‚ â”œâ”€â”¬ external-editor@1.1.1 
  â”‚ â”‚ â”œâ”€â”€ extend@3.0.2 
  â”‚ â”‚ â”œâ”€â”¬ spawn-sync@1.0.15 
  â”‚ â”‚ â”‚ â”œâ”€â”¬ concat-stream@1.6.2 
  â”‚ â”‚ â”‚ â”‚ â”œâ”€â”€ buffer-from@1.1.1 
  â”‚ â”‚ â”‚ â”‚ â”œâ”€â”¬ readable-stream@2.3.6 
  â”‚ â”‚ â”‚ â”‚ â”‚ â”œâ”€â”€ core-util-is@1.0.2 
  â”‚ â”‚ â”‚ â”‚ â”‚ â”œâ”€â”€ isarray@1.0.0 
  â”‚ â”‚ â”‚ â”‚ â”‚ â”œâ”€â”€ process-nextick-args@2.0.0 
  â”‚ â”‚ â”‚ â”‚ â”‚ â”œâ”€â”€ safe-buffer@5.1.2 
  â”‚ â”‚ â”‚ â”‚ â”‚ â”œâ”€â”€ string_decoder@1.1.1 
  â”‚ â”‚ â”‚ â”‚ â”‚ â””â”€â”€ util-deprecate@1.0.2 
  â”‚ â”‚ â”‚ â”‚ â””â”€â”€ typedarray@0.0.6 
  â”‚ â”‚ â”‚ â””â”€â”€ os-shim@0.1.3 
  â”‚ â”‚ â””â”€â”¬ tmp@0.0.29 
  â”‚ â”‚   â””â”€â”€ os-tmpdir@1.0.2 
  â”‚ â”œâ”€â”€ figures@1.7.0 
  â”‚ â”œâ”€â”€ lodash@4.17.11 
  â”‚ â”œâ”€â”€ mute-stream@0.0.6 
  â”‚ â”œâ”€â”¬ run-async@2.3.0 
  â”‚ â”‚ â””â”€â”€ is-promise@2.1.0 
  â”‚ â”œâ”€â”€ rx@4.1.0 
  â”‚ â”œâ”€â”¬ string-width@1.0.2 
  â”‚ â”‚ â”œâ”€â”€ code-point-at@1.1.0 
  â”‚ â”‚ â””â”€â”¬ is-fullwidth-code-point@1.0.0 
  â”‚ â”‚   â””â”€â”€ number-is-nan@1.0.1 
  â”‚ â””â”€â”€ through@2.3.8 
  â”œâ”€â”€ marked@0.3.19 
  â”œâ”€â”€ UNMET PEER DEPENDENCY sinon@1
  â””â”€â”¬ sinon-as-promised@4.0.3 
    â”œâ”€â”¬ create-thenable@1.0.2 
    â”‚ â”œâ”€â”¬ object.omit@2.0.1 
    â”‚ â”‚ â”œâ”€â”¬ for-own@0.1.5 
    â”‚ â”‚ â”‚ â””â”€â”€ for-in@1.0.2 
    â”‚ â”‚ â””â”€â”€ is-extendable@0.1.1 
    â”‚ â””â”€â”€ unique-concat@0.2.2 
    â””â”€â”€ native-promise-only@0.8.1 

npm WARN sinon-as-promised@4.0.3 requires a peer of sinon@1 but none was installed.
travis_time:end:137be3a0:start=1558560121464096420,finish=1558560131559858645,duration=10095762225[0Ktravis_fold:end:install.6[0Ktravis_fold:start:install.7[0Ktravis_time:start:058aacf0[0K$ ulimit -n 4096
travis_time:end:058aacf0:start=1558560131585888226,finish=1558560131591271351,duration=5383125[0Ktravis_fold:end:install.7[0Ktravis_fold:start:install.8[0Ktravis_time:start:23a67659[0K$ pwsh -File tools/travis.ps1 -Stage Bootstrap
commitMessage: Build(deps): Bump Microsoft.Windows.Compatibility from 2.0.1 to 2.1.1  Bumps [Microsoft.Windows.Compatibility](https://github.com/dotnet/corefx) from 2.0.1 to 2.1.1. - [Release notes](https://github.com/dotnet/corefx/releases) - [Commits](https://github.com/dotnet/corefx/compare/v2.0.1...v2.1.1)  Signed-off-by: dependabot[bot] <support@dependabot.com>
Executing travis.ps1 -BootStrap $isPR='True' - Build(deps): Bump Microsoft.Windows.Compatibility from 2.0.1 to 2.1.1  Bumps [Microsoft.Windows.Compatibility](https://github.com/dotnet/corefx) from 2.0.1 to 2.1.1. - [Release notes](https://github.com/dotnet/corefx/releases) - [Commits](https://github.com/dotnet/corefx/compare/v2.0.1...v2.1.1)  Signed-off-by: dependabot[bot] <support@dependabot.com>
Installing PowerShell build dependencies
W: http://ppa.launchpad.net/couchdb/stable/ubuntu/dists/trusty/Release.gpg: Signature by key 15866BAFD9BCC4F3C1E0DFC7D69548E1C17EAB57 uses weak digest algorithm (SHA1)
W: An error occurred during the signature verification. The repository is not updated and the previous index files will be used. GPG error: https://packagecloud.io/github/git-lfs/ubuntu trusty InRelease: The following signatures couldn't be verified because the public key is not available: NO_PUBKEY 6B05F25D762E3157
W: Failed to fetch https://packagecloud.io/github/git-lfs/ubuntu/dists/trusty/InRelease  The following signatures couldn't be verified because the public key is not available: NO_PUBKEY 6B05F25D762E3157
W: Some index files failed to download. They have been ignored, or old ones used instead.
Selecting previously unselected package libnettle4:amd64.
(Reading database ... (Reading database ... 5%(Reading database ... 10%(Reading database ... 15%(Reading database ... 20%(Reading database ... 25%(Reading database ... 30%(Reading database ... 35%(Reading database ... 40%(Reading database ... 45%(Reading database ... 50%(Reading database ... 55%(Reading database ... 60%(Reading database ... 65%(Reading database ... 70%(Reading database ... 75%(Reading database ... 80%(Reading database ... 85%(Reading database ... 90%(Reading database ... 95%(Reading database ... 100%(Reading database ... 94325 files and directories currently installed.)
Preparing to unpack .../libnettle4_2.7.1-1ubuntu0.2_amd64.deb ...
Unpacking libnettle4:amd64 (2.7.1-1ubuntu0.2) ...
Selecting previously unselected package libarchive13:amd64.
Preparing to unpack .../libarchive13_3.1.2-7ubuntu2.8_amd64.deb ...
Unpacking libarchive13:amd64 (3.1.2-7ubuntu2.8) ...
Preparing to unpack .../curl_7.35.0-1ubuntu2.20_amd64.deb ...
Unpacking curl (7.35.0-1ubuntu2.20) over (7.35.0-1ubuntu2.13) ...
Preparing to unpack .../libcurl3_7.35.0-1ubuntu2.20_amd64.deb ...
Unpacking libcurl3:amd64 (7.35.0-1ubuntu2.20) over (7.35.0-1ubuntu2.13) ...
Preparing to unpack .../libicu-dev_52.1-3ubuntu0.8_amd64.deb ...
Unpacking libicu-dev:amd64 (52.1-3ubuntu0.8) over (52.1-3ubuntu0.7) ...
Preparing to unpack .../icu-devtools_52.1-3ubuntu0.8_amd64.deb ...
Unpacking icu-devtools (52.1-3ubuntu0.8) over (52.1-3ubuntu0.7) ...
Preparing to unpack .../libicu52_52.1-3ubuntu0.8_amd64.deb ...
Unpacking libicu52:amd64 (52.1-3ubuntu0.8) over (52.1-3ubuntu0.7) ...
Selecting previously unselected package libunwind8.
Preparing to unpack .../libunwind8_1.1-2.2ubuntu3_amd64.deb ...
Unpacking libunwind8 (1.1-2.2ubuntu3) ...
Selecting previously unselected package cmake-data.
Preparing to unpack .../cmake-data_2.8.12.2-0ubuntu3_all.deb ...
ERROR: cmake-data is broken - called emacs-package-install as a new-style add-on, but has no compat file.
Unpacking cmake-data (2.8.12.2-0ubuntu3) ...
Selecting previously unselected package cmake.
Preparing to unpack .../cmake_2.8.12.2-0ubuntu3_amd64.deb ...
Unpacking cmake (2.8.12.2-0ubuntu3) ...
Processing triggers for man-db (2.6.7.1-1ubuntu1) ...
Setting up libnettle4:amd64 (2.7.1-1ubuntu0.2) ...
Setting up libarchive13:amd64 (3.1.2-7ubuntu2.8) ...
Setting up libcurl3:amd64 (7.35.0-1ubuntu2.20) ...
Setting up curl (7.35.0-1ubuntu2.20) ...
Setting up libicu52:amd64 (52.1-3ubuntu0.8) ...
Setting up icu-devtools (52.1-3ubuntu0.8) ...
Setting up libicu-dev:amd64 (52.1-3ubuntu0.8) ...
Setting up libunwind8 (1.1-2.2ubuntu3) ...
Setting up cmake-data (2.8.12.2-0ubuntu3) ...
Install cmake-data for emacs23
install/cmake-data: Byte-compiling for emacs23
Wrote /usr/share/emacs23/site-lisp/cmake-data/cmake-mode.elc
Install cmake-data for emacs24
install/cmake-data: Byte-compiling for emacs24
Wrote /usr/share/emacs24/site-lisp/cmake-data/cmake-mode.elc
Setting up cmake (2.8.12.2-0ubuntu3) ...
Processing triggers for libc-bin (2.19-0ubuntu6.13) ...
WARNING: Could not find 'dotnet', appending /home/travis/.dotnet to PATH.
WARNING: Still could not find 'dotnet', restoring PATH.
dotnet not present.  Installing dotnet.
Unable to find dotnet installation to remove.
dotnet-install: Downloading link: https://dotnetcli.azureedge.net/dotnet/Sdk/2.1.507/dotnet-sdk-2.1.507-linux-x64.tar.gz
dotnet-install: Extracting zip from https://dotnetcli.azureedge.net/dotnet/Sdk/2.1.507/dotnet-sdk-2.1.507-linux-x64.tar.gz
dotnet-install: Adding to current process PATH: `/home/travis/.dotnet`. Note: This change will be visible only when sourcing script.
dotnet-install: Installation finished successfully.
travis_time:end:23a67659:start=1558560131598488682,finish=1558560158191647619,duration=26593158937[0Ktravis_fold:end:install.8[0Ktravis_time:start:0b702708[0K$ pwsh -File tools/travis.ps1
commitMessage: Build(deps): Bump Microsoft.Windows.Compatibility from 2.0.1 to 2.1.1  Bumps [Microsoft.Windows.Compatibility](https://github.com/dotnet/corefx) from 2.0.1 to 2.1.1. - [Release notes](https://github.com/dotnet/corefx/releases) - [Commits](https://github.com/dotnet/corefx/compare/v2.0.1...v2.1.1)  Signed-off-by: dependabot[bot] <support@dependabot.com>
Executing travis.ps1 $isPR='True' $isFullBuild='False' - Build(deps): Bump Microsoft.Windows.Compatibility from 2.0.1 to 2.1.1  Bumps [Microsoft.Windows.Compatibility](https://github.com/dotnet/corefx) from 2.0.1 to 2.1.1. - [Release notes](https://github.com/dotnet/corefx/releases) - [Commits](https://github.com/dotnet/corefx/compare/v2.0.1...v2.1.1)  Signed-off-by: dependabot[bot] <support@dependabot.com>
WARNING: Could not find 'dotnet', appending /home/travis/.dotnet to PATH.
VERBOSE: Using configuration 'Release'
VERBOSE: Top project directory is /home/travis/build/PowerShell/PowerShell/src/powershell-unix
VERBOSE: Using framework 'netcoreapp2.1'
VERBOSE: Using runtime 'linux-x64'
Run dotnet restore /home/travis/build/PowerShell/PowerShell/src/powershell-unix --runtime linux-x64 --verbosity quiet
/home/travis/build/PowerShell/PowerShell/src/Microsoft.PowerShell.SDK/Microsoft.PowerShell.SDK.csproj : error NU1605: Detected package downgrade: System.Data.SqlClient from 4.6.1 to 4.5.1. Reference the package directly from the project to select a different version.  [/home/travis/build/PowerShell/PowerShell/src/powershell-unix/powershell-unix.csproj]
/home/travis/build/PowerShell/PowerShell/src/Microsoft.PowerShell.SDK/Microsoft.PowerShell.SDK.csproj : error NU1605:  Microsoft.PowerShell.SDK -> Microsoft.Windows.Compatibility 2.1.1 -> System.Data.SqlClient (>= 4.6.1)  [/home/travis/build/PowerShell/PowerShell/src/powershell-unix/powershell-unix.csproj]
/home/travis/build/PowerShell/PowerShell/src/Microsoft.PowerShell.SDK/Microsoft.PowerShell.SDK.csproj : error NU1605:  Microsoft.PowerShell.SDK -> System.Data.SqlClient (>= 4.5.1) [/home/travis/build/PowerShell/PowerShell/src/powershell-unix/powershell-unix.csproj]
/home/travis/build/PowerShell/PowerShell/src/powershell-unix/powershell-unix.csproj : error NU1605: Detected package downgrade: System.Data.SqlClient from 4.6.1 to 4.5.1. Reference the package directly from the project to select a different version. 
/home/travis/build/PowerShell/PowerShell/src/powershell-unix/powershell-unix.csproj : error NU1605:  pwsh -> Microsoft.PowerShell.SDK -> Microsoft.Windows.Compatibility 2.1.1 -> System.Data.SqlClient (>= 4.6.1) 
/home/travis/build/PowerShell/PowerShell/src/powershell-unix/powershell-unix.csproj : error NU1605:  pwsh -> Microsoft.PowerShell.SDK -> System.Data.SqlClient (>= 4.5.1)
Failed to restore /home/travis/build/PowerShell/PowerShell/src/powershell-unix, retrying...
/home/travis/build/PowerShell/PowerShell/src/Microsoft.PowerShell.SDK/Microsoft.PowerShell.SDK.csproj : error NU1605: Detected package downgrade: System.Data.SqlClient from 4.6.1 to 4.5.1. Reference the package directly from the project to select a different version.  [/home/travis/build/PowerShell/PowerShell/src/powershell-unix/powershell-unix.csproj]
/home/travis/build/PowerShell/PowerShell/src/Microsoft.PowerShell.SDK/Microsoft.PowerShell.SDK.csproj : error NU1605:  Microsoft.PowerShell.SDK -> Microsoft.Windows.Compatibility 2.1.1 -> System.Data.SqlClient (>= 4.6.1)  [/home/travis/build/PowerShell/PowerShell/src/powershell-unix/powershell-unix.csproj]
/home/travis/build/PowerShell/PowerShell/src/Microsoft.PowerShell.SDK/Microsoft.PowerShell.SDK.csproj : error NU1605:  Microsoft.PowerShell.SDK -> System.Data.SqlClient (>= 4.5.1) [/home/travis/build/PowerShell/PowerShell/src/powershell-unix/powershell-unix.csproj]
/home/travis/build/PowerShell/PowerShell/src/powershell-unix/powershell-unix.csproj : error NU1605: Detected package downgrade: System.Data.SqlClient from 4.6.1 to 4.5.1. Reference the package directly from the project to select a different version. 
/home/travis/build/PowerShell/PowerShell/src/powershell-unix/powershell-unix.csproj : error NU1605:  pwsh -> Microsoft.PowerShell.SDK -> Microsoft.Windows.Compatibility 2.1.1 -> System.Data.SqlClient (>= 4.6.1) 
/home/travis/build/PowerShell/PowerShell/src/powershell-unix/powershell-unix.csproj : error NU1605:  pwsh -> Microsoft.PowerShell.SDK -> System.Data.SqlClient (>= 4.5.1)
Failed to restore /home/travis/build/PowerShell/PowerShell/src/powershell-unix, retrying...
/home/travis/build/PowerShell/PowerShell/src/Microsoft.PowerShell.SDK/Microsoft.PowerShell.SDK.csproj : error NU1605: Detected package downgrade: System.Data.SqlClient from 4.6.1 to 4.5.1. Reference the package directly from the project to select a different version.  [/home/travis/build/PowerShell/PowerShell/src/powershell-unix/powershell-unix.csproj]
/home/travis/build/PowerShell/PowerShell/src/Microsoft.PowerShell.SDK/Microsoft.PowerShell.SDK.csproj : error NU1605:  Microsoft.PowerShell.SDK -> Microsoft.Windows.Compatibility 2.1.1 -> System.Data.SqlClient (>= 4.6.1)  [/home/travis/build/PowerShell/PowerShell/src/powershell-unix/powershell-unix.csproj]
/home/travis/build/PowerShell/PowerShell/src/Microsoft.PowerShell.SDK/Microsoft.PowerShell.SDK.csproj : error NU1605:  Microsoft.PowerShell.SDK -> System.Data.SqlClient (>= 4.5.1) [/home/travis/build/PowerShell/PowerShell/src/powershell-unix/powershell-unix.csproj]
/home/travis/build/PowerShell/PowerShell/src/powershell-unix/powershell-unix.csproj : error NU1605: Detected package downgrade: System.Data.SqlClient from 4.6.1 to 4.5.1. Reference the package directly from the project to select a different version. 
/home/travis/build/PowerShell/PowerShell/src/powershell-unix/powershell-unix.csproj : error NU1605:  pwsh -> Microsoft.PowerShell.SDK -> Microsoft.Windows.Compatibility 2.1.1 -> System.Data.SqlClient (>= 4.6.1) 
/home/travis/build/PowerShell/PowerShell/src/powershell-unix/powershell-unix.csproj : error NU1605:  pwsh -> Microsoft.PowerShell.SDK -> System.Data.SqlClient (>= 4.5.1)
Failed to restore /home/travis/build/PowerShell/PowerShell/src/powershell-unix, retrying...
/home/travis/build/PowerShell/PowerShell/src/Microsoft.PowerShell.SDK/Microsoft.PowerShell.SDK.csproj : error NU1605: Detected package downgrade: System.Data.SqlClient from 4.6.1 to 4.5.1. Reference the package directly from the project to select a different version.  [/home/travis/build/PowerShell/PowerShell/src/powershell-unix/powershell-unix.csproj]
/home/travis/build/PowerShell/PowerShell/src/Microsoft.PowerShell.SDK/Microsoft.PowerShell.SDK.csproj : error NU1605:  Microsoft.PowerShell.SDK -> Microsoft.Windows.Compatibility 2.1.1 -> System.Data.SqlClient (>= 4.6.1)  [/home/travis/build/PowerShell/PowerShell/src/powershell-unix/powershell-unix.csproj]
/home/travis/build/PowerShell/PowerShell/src/Microsoft.PowerShell.SDK/Microsoft.PowerShell.SDK.csproj : error NU1605:  Microsoft.PowerShell.SDK -> System.Data.SqlClient (>= 4.5.1) [/home/travis/build/PowerShell/PowerShell/src/powershell-unix/powershell-unix.csproj]
/home/travis/build/PowerShell/PowerShell/src/powershell-unix/powershell-unix.csproj : error NU1605: Detected package downgrade: System.Data.SqlClient from 4.6.1 to 4.5.1. Reference the package directly from the project to select a different version. 
/home/travis/build/PowerShell/PowerShell/src/powershell-unix/powershell-unix.csproj : error NU1605:  pwsh -> Microsoft.PowerShell.SDK -> Microsoft.Windows.Compatibility 2.1.1 -> System.Data.SqlClient (>= 4.6.1) 
/home/travis/build/PowerShell/PowerShell/src/powershell-unix/powershell-unix.csproj : error NU1605:  pwsh -> Microsoft.PowerShell.SDK -> System.Data.SqlClient (>= 4.5.1)
Failed to restore /home/travis/build/PowerShell/PowerShell/src/powershell-unix, retrying...
/home/travis/build/PowerShell/PowerShell/src/Microsoft.PowerShell.SDK/Microsoft.PowerShell.SDK.csproj : error NU1605: Detected package downgrade: System.Data.SqlClient from 4.6.1 to 4.5.1. Reference the package directly from the project to select a different version.  [/home/travis/build/PowerShell/PowerShell/src/powershell-unix/powershell-unix.csproj]
/home/travis/build/PowerShell/PowerShell/src/Microsoft.PowerShell.SDK/Microsoft.PowerShell.SDK.csproj : error NU1605:  Microsoft.PowerShell.SDK -> Microsoft.Windows.Compatibility 2.1.1 -> System.Data.SqlClient (>= 4.6.1)  [/home/travis/build/PowerShell/PowerShell/src/powershell-unix/powershell-unix.csproj]
/home/travis/build/PowerShell/PowerShell/src/Microsoft.PowerShell.SDK/Microsoft.PowerShell.SDK.csproj : error NU1605:  Microsoft.PowerShell.SDK -> System.Data.SqlClient (>= 4.5.1) [/home/travis/build/PowerShell/PowerShell/src/powershell-unix/powershell-unix.csproj]
/home/travis/build/PowerShell/PowerShell/src/powershell-unix/powershell-unix.csproj : error NU1605: Detected package downgrade: System.Data.SqlClient from 4.6.1 to 4.5.1. Reference the package directly from the project to select a different version. 
/home/travis/build/PowerShell/PowerShell/src/powershell-unix/powershell-unix.csproj : error NU1605:  pwsh -> Microsoft.PowerShell.SDK -> Microsoft.Windows.Compatibility 2.1.1 -> System.Data.SqlClient (>= 4.6.1) 
/home/travis/build/PowerShell/PowerShell/src/powershell-unix/powershell-unix.csproj : error NU1605:  pwsh -> Microsoft.PowerShell.SDK -> System.Data.SqlClient (>= 4.5.1)
Failed to restore /home/travis/build/PowerShell/PowerShell/src/powershell-unix, retrying...
Execution of { dotnet restore $project $RestoreArguments } by build.psm1: line 519 failed with exit code 1
At /home/travis/build/PowerShell/PowerShell/build.psm1:2038 char:17
+                 throw $errorMessage
+                 ~~~~~~~~~~~~~~~~~~~
+ CategoryInfo          : OperationStopped: (Execution of { dotn\u2026ed with exit code 1:String) [], RuntimeException
+ FullyQualifiedErrorId : Execution of { dotnet restore $project $RestoreArguments } by build.psm1: line 519 failed with exit code 1
 
travis_time:end:0b702708:start=1558560158198751689,finish=1558560179917737716,duration=21718986027[0K[31;1mThe command "pwsh -File tools/travis.ps1" exited with 1.[0m

travis_time:start:0b5c3292[0K$ if [[ "$TRAVIS_OS_NAME" == "linux" ]]; then mdspell '**/*.md' '!**/Pester/**/*.md' --ignore-numbers --ignore-acronyms --report --en-us; fi
>> 64 files are free from spelling errors
travis_time:end:0b5c3292:start=1558560179923607024,finish=1558560181424547261,duration=1500940237[0K[32;1mThe command "if [[ "$TRAVIS_OS_NAME" == "linux" ]]; then mdspell '**/*.md' '!**/Pester/**/*.md' --ignore-numbers --ignore-acronyms --report --en-us; fi" exited with 0.[0m

travis_fold:start:cache.2[0Kstore build cache
travis_time:start:314b12d1[0Ktravis_time:end:314b12d1:start=1558560181434097905,finish=1558560181438333868,duration=4235963[0Ktravis_time:start:1d2212ae[0K[32;1mchange detected (content changed, file is created, or file is deleted):
/home/travis/.nuget/packages/microsoft.windows.compatibility/2.1.1/LICENSE.TXT
/home/travis/.nuget/packages/microsoft.windows.compatibility/2.1.1/microsoft.windows.compatibility.2.1.1.nupkg
/home/travis/.nuget/packages/microsoft.windows.compatibility/2.1.1/microsoft.windows.compatibility.2.1.1.nupkg.sha512
/home/travis/.nuget/packages/microsoft.windows.compatibility/2.1.1/microsoft.windows.compatibility.nuspec
/home/travis/.nuget/packages/microsoft.windows.compatibility/2.1.1/.nupkg.metadata
/home/travis/.nuget/packages/microsoft.windows.compatibility/2.1.1/.signature.p7s
/home/travis/.nuget/packages/microsoft.windows.compatibility/2.1.1/THIRD-PARTY-NOTICES.TXT
/home/travis/.nuget/packages/microsoft.windows.compatibility/2.1.1/useSharedDesignerContext.txt
/home/travis/.nuget/packages/microsoft.windows.compatibility/2.1.1/version.txt
/home/travis/.nuget/packages/system.drawing.common/4.5.1/lib/MonoAndroid10/_._
/home/travis/.nuget/packages/system.drawing.common/4.5.1/lib/MonoTouch10/_._

[0m
[32;1m...
[0m
[32;1mchanges detected, packing new archive[0m
.
.
.
.
.
.
.
.
.
.
.
.
.
.
.
.
.
.
[32;1muploading PR.9698/cache-linux-trusty-b63ba428cd21dd946309ed81c41c4b9000afe459974af6ba6ead38ce4f74cf7f--compiler-gpp.tgz[0m
[32;1mcache uploaded[0m
travis_time:end:1d2212ae:start=1558560181444086876,finish=1558560295484713049,duration=114040626173[0Ktravis_fold:end:cache.2[0K
travis_fold:start:after_failure[0Ktravis_time:start:1ba2c74f[0K$ pwsh -File tools/travis.ps1 -Stage Failure
commitMessage: Build(deps): Bump Microsoft.Windows.Compatibility from 2.0.1 to 2.1.1  Bumps [Microsoft.Windows.Compatibility](https://github.com/dotnet/corefx) from 2.0.1 to 2.1.1. - [Release notes](https://github.com/dotnet/corefx/releases) - [Commits](https://github.com/dotnet/corefx/compare/v2.0.1...v2.1.1)  Signed-off-by: dependabot[bot] <support@dependabot.com>
We only send bagde or webhook update for Cron builds
travis_time:end:1ba2c74f:start=1558560295493583796,finish=1558560296589603682,duration=1096019886[0Ktravis_fold:end:after_failure[0K
[31;1mArtifacts support disabled for pull requests[0m


Done. Your build exited with 1.
