travis_fold:start:worker_info[0K[33;1mWorker information[0m
hostname: 03e86e9d-ed7b-46ed-89ee-ec4469279055@1.production-2-worker-org-gce-499c
version: v6.2.0 https://github.com/travis-ci/worker/tree/5e5476e01646095f48eec13196fdb3faf8f5cbf7
instance: travis-job-8290a04e-c687-4453-9a63-780bda56747d travis-ci-garnet-trusty-1512502259-986baf0 (via amqp)
startup: 6.276588952s
travis_fold:end:worker_info[0Ktravis_fold:start:system_info[0K[33;1mBuild system information[0m
Build language: cpp
Build group: stable
Build dist: trusty
Build id: 536509309
Job id: 536509310
Runtime kernel version: 4.4.0-101-generic
travis-build version: 1ea7e2622
[34m[1mBuild image provisioning date and time[0m
Tue Dec  5 19:58:13 UTC 2017
[34m[1mOperating System Details[0m
Distributor ID:	Ubuntu
Description:	Ubuntu 14.04.5 LTS
Release:	14.04
Codename:	trusty
[34m[1mCookbooks Version[0m
7c2c6a6 https://github.com/travis-ci/travis-cookbooks/tree/7c2c6a6
[34m[1mgit version[0m
git version 2.15.1
[34m[1mbash version[0m
GNU bash, version 4.3.11(1)-release (x86_64-pc-linux-gnu)
[34m[1mgcc version[0m
gcc (Ubuntu 4.8.4-2ubuntu1~14.04.3) 4.8.4
Copyright (C) 2013 Free Software Foundation, Inc.
This is free software; see the source for copying conditions.  There is NO
warranty; not even for MERCHANTABILITY or FITNESS FOR A PARTICULAR PURPOSE.

[34m[1mdocker version[0m
Client:
 Version:      17.09.0-ce
 API version:  1.32
 Go version:   go1.8.3
 Git commit:   afdb6d4
 Built:        Tue Sep 26 22:42:38 2017
 OS/Arch:      linux/amd64

Server:
 Version:      17.09.0-ce
 API version:  1.32 (minimum version 1.12)
 Go version:   go1.8.3
 Git commit:   afdb6d4
 Built:        Tue Sep 26 22:41:20 2017
 OS/Arch:      linux/amd64
 Experimental: false
[34m[1mclang version[0m
clang version 5.0.0 (tags/RELEASE_500/final)
Target: x86_64-unknown-linux-gnu
Thread model: posix
InstalledDir: /usr/local/clang-5.0.0/bin
[34m[1mjq version[0m
jq-1.5
[34m[1mbats version[0m
Bats 0.4.0
[34m[1mshellcheck version[0m
0.4.6
[34m[1mshfmt version[0m
v2.0.0
[34m[1mccache version[0m
ccache version 3.1.9

Copyright (C) 2002-2007 Andrew Tridgell
Copyright (C) 2009-2011 Joel Rosdahl

This program is free software; you can redistribute it and/or modify it under
the terms of the GNU General Public License as published by the Free Software
Foundation; either version 3 of the License, or (at your option) any later
version.
[34m[1mcmake version[0m
cmake version 3.9.2

CMake suite maintained and supported by Kitware (kitware.com/cmake).
[34m[1mheroku version[0m
heroku-cli/6.14.39-addc925 (linux-x64) node-v9.2.0
[34m[1mimagemagick version[0m
Version: ImageMagick 6.7.7-10 2017-07-31 Q16 http://www.imagemagick.org
[34m[1mmd5deep version[0m
4.2
[34m[1mmercurial version[0m
Mercurial Distributed SCM (version 4.2.2)
(see https://mercurial-scm.org for more information)

Copyright (C) 2005-2017 Matt Mackall and others
This is free software; see the source for copying conditions. There is NO
warranty; not even for MERCHANTABILITY or FITNESS FOR A PARTICULAR PURPOSE.
[34m[1mmysql version[0m
mysql  Ver 14.14 Distrib 5.6.33, for debian-linux-gnu (x86_64) using  EditLine wrapper
[34m[1mopenssl version[0m
OpenSSL 1.0.1f 6 Jan 2014
[34m[1mpacker version[0m
Packer v1.0.2

Your version of Packer is out of date! The latest version
is 1.1.2. You can update by downloading from www.packer.io
[34m[1mpostgresql client version[0m
psql (PostgreSQL) 9.6.6
[34m[1mragel version[0m
Ragel State Machine Compiler version 6.8 Feb 2013
Copyright (c) 2001-2009 by Adrian Thurston
[34m[1msubversion version[0m
svn, version 1.8.8 (r1568071)
   compiled Aug 10 2017, 17:20:39 on x86_64-pc-linux-gnu

Copyright (C) 2013 The Apache Software Foundation.
This software consists of contributions made by many people;
see the NOTICE file for more information.
Subversion is open source software, see http://subversion.apache.org/

The following repository access (RA) modules are available:

* ra_svn : Module for accessing a repository using the svn network protocol.
  - with Cyrus SASL authentication
  - handles 'svn' scheme
* ra_local : Module for accessing a repository on local disk.
  - handles 'file' scheme
* ra_serf : Module for accessing a repository via WebDAV protocol using serf.
  - using serf 1.3.3
  - handles 'http' scheme
  - handles 'https' scheme

[34m[1msudo version[0m
Sudo version 1.8.9p5
Configure options: --prefix=/usr -v --with-all-insults --with-pam --with-fqdn --with-logging=syslog --with-logfac=authpriv --with-env-editor --with-editor=/usr/bin/editor --with-timeout=15 --with-password-timeout=0 --with-passprompt=[sudo] password for %p:  --without-lecture --with-tty-tickets --disable-root-mailer --enable-admin-flag --with-sendmail=/usr/sbin/sendmail --with-timedir=/var/lib/sudo --mandir=/usr/share/man --libexecdir=/usr/lib/sudo --with-sssd --with-sssd-lib=/usr/lib/x86_64-linux-gnu --with-selinux
Sudoers policy plugin version 1.8.9p5
Sudoers file grammar version 43

Sudoers path: /etc/sudoers
Authentication methods: 'pam'
Syslog facility if syslog is being used for logging: authpriv
Syslog priority to use when user authenticates successfully: notice
Syslog priority to use when user authenticates unsuccessfully: alert
Send mail if the user is not in sudoers
Use a separate timestamp for each user/tty combo
Lecture user the first time they run sudo
Root may run sudo
Allow some information gathering to give useful error messages
Require fully-qualified hostnames in the sudoers file
Visudo will honor the EDITOR environment variable
Set the LOGNAME and USER environment variables
Length at which to wrap log file lines (0 for no wrap): 80
Authentication timestamp timeout: 15.0 minutes
Password prompt timeout: 0.0 minutes
Number of tries to enter a password: 3
Umask to use or 0777 to use user's: 022
Path to mail program: /usr/sbin/sendmail
Flags for mail program: -t
Address to send mail to: root
Subject line for mail messages: *** SECURITY information for %h ***
Incorrect password message: Sorry, try again.
Path to authentication timestamp dir: /var/lib/sudo
Default password prompt: [sudo] password for %p: 
Default user to run commands as: root
Value to override user's $PATH with: /usr/local/sbin:/usr/local/bin:/usr/sbin:/usr/bin:/sbin:/bin:/snap/bin
Path to the editor for use by visudo: /usr/bin/editor
When to require a password for 'list' pseudocommand: any
When to require a password for 'verify' pseudocommand: all
File descriptors >= 3 will be closed before executing a command
Environment variables to check for sanity:
	TZ
	TERM
	LINGUAS
	LC_*
	LANGUAGE
	LANG
	COLORTERM
Environment variables to remove:
	RUBYOPT
	RUBYLIB
	PYTHONUSERBASE
	PYTHONINSPECT
	PYTHONPATH
	PYTHONHOME
	TMPPREFIX
	ZDOTDIR
	READNULLCMD
	NULLCMD
	FPATH
	PERL5DB
	PERL5OPT
	PERL5LIB
	PERLLIB
	PERLIO_DEBUG 
	JAVA_TOOL_OPTIONS
	SHELLOPTS
	GLOBIGNORE
	PS4
	BASH_ENV
	ENV
	TERMCAP
	TERMPATH
	TERMINFO_DIRS
	TERMINFO
	_RLD*
	LD_*
	PATH_LOCALE
	NLSPATH
	HOSTALIASES
	RES_OPTIONS
	LOCALDOMAIN
	CDPATH
	IFS
Environment variables to preserve:
	JAVA_HOME
	TRAVIS
	CI
	DEBIAN_FRONTEND
	XAUTHORIZATION
	XAUTHORITY
	PS2
	PS1
	PATH
	LS_COLORS
	KRB5CCNAME
	HOSTNAME
	HOME
	DISPLAY
	COLORS
Locale to use while parsing sudoers: C
Directory in which to store input/output logs: /var/log/sudo-io
File in which to store the input/output log: %{seq}
Add an entry to the utmp/utmpx file when allocating a pty
PAM service name to use
PAM service name to use for login shells
Create a new PAM session for the command to run in
Maximum I/O log sequence number: 0

Local IP address and netmask pairs:
	10.240.0.28/255.255.255.255
	172.17.0.1/255.255.0.0

Sudoers I/O plugin version 1.8.9p5
[34m[1mgzip version[0m
gzip 1.6
Copyright (C) 2007, 2010, 2011 Free Software Foundation, Inc.
Copyright (C) 1993 Jean-loup Gailly.
This is free software.  You may redistribute copies of it under the terms of
the GNU General Public License <http://www.gnu.org/licenses/gpl.html>.
There is NO WARRANTY, to the extent permitted by law.

Written by Jean-loup Gailly.
[34m[1mzip version[0m
Copyright (c) 1990-2008 Info-ZIP - Type 'zip "-L"' for software license.
This is Zip 3.0 (July 5th 2008), by Info-ZIP.
Currently maintained by E. Gordon.  Please send bug reports to
the authors using the web page at www.info-zip.org; see README for details.

Latest sources and executables are at ftp://ftp.info-zip.org/pub/infozip,
as of above date; see http://www.info-zip.org/ for other sites.

Compiled with gcc 4.8.2 for Unix (Linux ELF) on Oct 21 2013.

Zip special compilation options:
	USE_EF_UT_TIME       (store Universal Time)
	BZIP2_SUPPORT        (bzip2 library version 1.0.6, 6-Sept-2010)
	    bzip2 code and library copyright (c) Julian R Seward
	    (See the bzip2 license for terms of use)
	SYMLINK_SUPPORT      (symbolic links supported)
	LARGE_FILE_SUPPORT   (can read and write large files on file system)
	ZIP64_SUPPORT        (use Zip64 to store large files in archives)
	UNICODE_SUPPORT      (store and read UTF-8 Unicode paths)
	STORE_UNIX_UIDs_GIDs (store UID/GID sizes/values using new extra field)
	UIDGID_NOT_16BIT     (old Unix 16-bit UID/GID extra field not used)
	[encryption, version 2.91 of 05 Jan 2007] (modified for Zip 3)

Encryption notice:
	The encryption code of this program is not copyrighted and is
	put in the public domain.  It was originally written in Europe
	and, to the best of our knowledge, can be freely distributed
	in both source and object forms from any country, including
	the USA under License Exception TSU of the U.S. Export
	Administration Regulations (section 740.13(e)) of 6 June 2002.

Zip environment options:
             ZIP:  [none]
          ZIPOPT:  [none]
[34m[1mvim version[0m
VIM - Vi IMproved 7.4 (2013 Aug 10, compiled Nov 24 2016 16:43:18)
Included patches: 1-52
Extra patches: 8.0.0056
Modified by pkg-vim-maintainers@lists.alioth.debian.org
Compiled by buildd@
Huge version without GUI.  Features included (+) or not (-):
+acl             +farsi           +mouse_netterm   +syntax
+arabic          +file_in_path    +mouse_sgr       +tag_binary
+autocmd         +find_in_path    -mouse_sysmouse  +tag_old_static
-balloon_eval    +float           +mouse_urxvt     -tag_any_white
-browse          +folding         +mouse_xterm     -tcl
++builtin_terms  -footer          +multi_byte      +terminfo
+byte_offset     +fork()          +multi_lang      +termresponse
+cindent         +gettext         -mzscheme        +textobjects
-clientserver    -hangul_input    +netbeans_intg   +title
-clipboard       +iconv           +path_extra      -toolbar
+cmdline_compl   +insert_expand   -perl            +user_commands
+cmdline_hist    +jumplist        +persistent_undo +vertsplit
+cmdline_info    +keymap          +postscript      +virtualedit
+comments        +langmap         +printer         +visual
+conceal         +libcall         +profile         +visualextra
+cryptv          +linebreak       +python          +viminfo
+cscope          +lispindent      -python3         +vreplace
+cursorbind      +listcmds        +quickfix        +wildignore
+cursorshape     +localmap        +reltime         +wildmenu
+dialog_con      -lua             +rightleft       +windows
+diff            +menu            -ruby            +writebackup
+digraphs        +mksession       +scrollbind      -X11
-dnd             +modify_fname    +signs           -xfontset
-ebcdic          +mouse           +smartindent     -xim
+emacs_tags      -mouseshape      -sniff           -xsmp
+eval            +mouse_dec       +startuptime     -xterm_clipboard
+ex_extra        +mouse_gpm       +statusline      -xterm_save
+extra_search    -mouse_jsbterm   -sun_workshop    -xpm
   system vimrc file: "$VIM/vimrc"
     user vimrc file: "$HOME/.vimrc"
 2nd user vimrc file: "~/.vim/vimrc"
      user exrc file: "$HOME/.exrc"
  fall-back for $VIM: "/usr/share/vim"
Compilation: gcc -c -I. -Iproto -DHAVE_CONFIG_H     -g -O2 -fstack-protector --param=ssp-buffer-size=4 -Wformat -Werror=format-security -U_FORTIFY_SOURCE -D_FORTIFY_SOURCE=1      
Linking: gcc   -Wl,-Bsymbolic-functions -Wl,-z,relro -Wl,--as-needed -o vim        -lm -ltinfo -lnsl  -lselinux  -lacl -lattr -lgpm -ldl    -L/usr/lib/python2.7/config-x86_64-linux-gnu -lpython2.7 -lpthread -ldl -lutil -lm -Xlinker -export-dynamic -Wl,-O1 -Wl,-Bsymbolic-functions      
[34m[1miptables version[0m
iptables v1.4.21
[34m[1mcurl version[0m
curl 7.35.0 (x86_64-pc-linux-gnu) libcurl/7.35.0 OpenSSL/1.0.1f zlib/1.2.8 libidn/1.28 librtmp/2.3
[34m[1mwget version[0m
GNU Wget 1.15 built on linux-gnu.
[34m[1mrsync version[0m
rsync  version 3.1.0  protocol version 31
[34m[1mgimme version[0m
v1.2.0
[34m[1mnvm version[0m
0.33.6
[34m[1mperlbrew version[0m
/home/travis/perl5/perlbrew/bin/perlbrew  - App::perlbrew/0.80
[34m[1mphpenv version[0m
rbenv 1.1.1-25-g6aa70b6
[34m[1mrvm version[0m
rvm 1.29.3 (latest) by Michal Papis, Piotr Kuczynski, Wayne E. Seguin [https://rvm.io]
[34m[1mdefault ruby version[0m
ruby 2.4.1p111 (2017-03-22 revision 58053) [x86_64-linux]
[34m[1mCouchDB version[0m
couchdb 1.6.1
[34m[1mElasticSearch version[0m
5.5.0
[34m[1mInstalled Firefox version[0m
firefox 56.0.2
[34m[1mMongoDB version[0m
MongoDB 3.4.10
[34m[1mPhantomJS version[0m
2.1.1
[34m[1mPre-installed PostgreSQL versions[0m
9.2.24
9.3.20
9.4.15
9.5.10
9.6.6
[34m[1mRabbitMQ Version[0m
3.6.14
[34m[1mRedis version[0m
redis-server 4.0.6
[34m[1mriak version[0m
2.2.3
[34m[1mPre-installed Go versions[0m
1.7.4
[34m[1mant version[0m
Apache Ant(TM) version 1.9.3 compiled on April 8 2014
[34m[1mmvn version[0m
Apache Maven 3.5.2 (138edd61fd100ec658bfa2d307c43b76940a5d7d; 2017-10-18T07:58:13Z)
Maven home: /usr/local/maven-3.5.2
Java version: 1.8.0_151, vendor: Oracle Corporation
Java home: /usr/lib/jvm/java-8-oracle/jre
Default locale: en_US, platform encoding: UTF-8
OS name: "linux", version: "4.4.0-98-generic", arch: "amd64", family: "unix"
[34m[1mgradle version[0m

------------------------------------------------------------
Gradle 4.0.1
------------------------------------------------------------

Build time:   2017-07-07 14:02:41 UTC
Revision:     38e5dc0f772daecca1d2681885d3d85414eb6826

Groovy:       2.4.11
Ant:          Apache Ant(TM) version 1.9.6 compiled on June 29 2015
JVM:          1.8.0_151 (Oracle Corporation 25.151-b12)
OS:           Linux 4.4.0-98-generic amd64

[34m[1mlein version[0m
Leiningen 2.8.1 on Java 1.8.0_151 Java HotSpot(TM) 64-Bit Server VM
[34m[1mPre-installed Node.js versions[0m
v4.8.6
v6.12.0
v6.12.1
v8.9
v8.9.1
[34m[1mphpenv versions[0m
  system
  5.6
* 5.6.32 (set by /home/travis/.phpenv/version)
  7.0
  7.0.25
  7.1
  7.1.11
  hhvm
  hhvm-stable
[34m[1mcomposer --version[0m
Composer version 1.5.2 2017-09-11 16:59:25
[34m[1mPre-installed Ruby versions[0m
ruby-2.2.7
ruby-2.3.4
ruby-2.4.1
travis_fold:end:system_info[0K
travis_fold:start:docker_mtu[0Kdocker stop/waiting
docker start/running, process 3654
travis_fold:end:docker_mtu[0Ktravis_fold:start:resolvconf[0Kresolvconf stop/waiting
resolvconf start/running
travis_fold:end:resolvconf[0K
travis_fold:start:git.checkout[0Ktravis_time:start:22857660[0K$ git clone --depth=1000 --branch=dependabot/nuget/src/Modules/release/v6.1.5/ThreadJob-2.0.0 https://github.com/PowerShell/PowerShell.git PowerShell/PowerShell
Cloning into 'PowerShell/PowerShell'...
travis_time:end:22857660:start=1558647315576375591,finish=1558647321739582681,duration=6163207090[0K$ cd PowerShell/PowerShell
$ git checkout -qf cd9e953c54ebcf806da4f6af2b836393beca846c
travis_fold:end:git.checkout[0K
travis_fold:start:git.submodule[0Ktravis_time:start:08c48968[0K$ git submodule update --init --recursive
Submodule 'src/libpsl-native/test/googletest' (https://github.com/google/googletest.git) registered for path 'src/libpsl-native/test/googletest'
Cloning into '/home/travis/build/PowerShell/PowerShell/src/libpsl-native/test/googletest'...
Submodule path 'src/libpsl-native/test/googletest': checked out 'c99458533a9b4c743ed51537e25989ea55944908'
travis_time:end:08c48968:start=1558647322417246974,finish=1558647324097798481,duration=1680551507[0Ktravis_fold:end:git.submodule[0K
[33;1mSetting environment variables from repository settings[0m
$ export ARTIFACTS_BUCKET=[secure]
$ export ARTIFACTS_KEY=[secure]
$ export ARTIFACTS_SECRET=[secure]
$ export TestResultAccountName=[secure]
$ export TestResultAccountKey=[secure]
$ export NUGET_URL=[secure]
$ export NUGET_KEY=[secure]
$ export WebHookUrl=[secure]

[33;1mSetting environment variables from .travis.yml[0m
$ export CACHE_VERSION=netcoreapp.2.1-sdk.2.1.401
$ export POWERSHELL_TELEMETRY_OPTOUT=1
$ export DOTNET_SKIP_FIRST_TIME_EXPERIENCE=1
$ export TRAVIS_CI_CACHE_NAME=linux

$ export TRAVIS_COMPILER=g++
$ export CXX=g++
$ export CXX_FOR_BUILD=g++
$ export CC=gcc
$ export CC_FOR_BUILD=gcc
travis_fold:start:cache.1[0KSetting up build cache
$ export CASHER_DIR=${TRAVIS_HOME}/.casher
travis_time:start:03e42d9f[0K$ Installing caching utilities
travis_time:end:03e42d9f:start=1558647328641424300,finish=1558647328801260753,duration=159836453[0Ktravis_time:start:06208ecc[0Ktravis_time:end:06208ecc:start=1558647328808590849,finish=1558647328812630336,duration=4039487[0Ktravis_time:start:045b0b77[0K[32;1mattempting to download cache archive[0m
[32;1mfetching ThreadJob-2.0.0/cache-linux-trusty-b63ba428cd21dd946309ed81c41c4b9000afe459974af6ba6ead38ce4f74cf7f--compiler-gpp.tgz[0m
[32;1mfetching ThreadJob-2.0.0/cache--compiler-gpp.tgz[0m
[32;1mfetching dependabotnugetsrcModulesreleasev6.1.5ThreadJob-2.0.0/cache-linux-trusty-b63ba428cd21dd946309ed81c41c4b9000afe459974af6ba6ead38ce4f74cf7f--compiler-gpp.tgz[0m
[32;1mfetching dependabotnugetsrcModulesreleasev6.1.5ThreadJob-2.0.0/cache--compiler-gpp.tgz[0m
[32;1mfetching master/cache-linux-trusty-b63ba428cd21dd946309ed81c41c4b9000afe459974af6ba6ead38ce4f74cf7f--compiler-gpp.tgz[0m
[32;1mfetching master/cache--compiler-gpp.tgz[0m
[31;1mcould not download cache[0m
travis_time:end:045b0b77:start=1558647328818516950,finish=1558647330819069440,duration=2000552490[0Ktravis_time:start:04e86df3[0Ktravis_time:end:04e86df3:start=1558647330824343939,finish=1558647330827733730,duration=3389791[0Ktravis_time:start:30e72010[0K[32;1madding /home/travis/.nuget to cache[0m
[32;1mcreating directory /home/travis/.nuget[0m
[32;1madding /home/travis/Library/Caches/Homebrew to cache[0m
[32;1mcreating directory /home/travis/Library/Caches/Homebrew[0m
travis_time:end:30e72010:start=1558647330832833499,finish=1558647331915027216,duration=1082193717[0Ktravis_fold:end:cache.1[0K
$ g++ --version
g++ (Ubuntu 4.8.4-2ubuntu1~14.04.3) 4.8.4
Copyright (C) 2013 Free Software Foundation, Inc.
This is free software; see the source for copying conditions.  There is NO
warranty; not even for MERCHANTABILITY or FITNESS FOR A PARTICULAR PURPOSE.

travis_fold:start:install.1[0Ktravis_time:start:0c8152ac[0K$ if [[ "$TRAVIS_OS_NAME" == "osx" ]]; then rvm install ruby-2.3.3; rvm --default use 2.3.3; fi
travis_time:end:0c8152ac:start=1558647331935406816,finish=1558647331939067800,duration=3660984[0Ktravis_fold:end:install.1[0Ktravis_fold:start:install.2[0Ktravis_time:start:0abf898a[0K$ if [[ "$TRAVIS_OS_NAME" == "osx" ]]; then export DYLD_LIBRARY_PATH=/usr/local/opt/curl/lib:/usr/local/opt/openssl/lib:${DYLD_LIBRARY_PATH}; fi
travis_time:end:0abf898a:start=1558647331944773755,finish=1558647331948712856,duration=3939101[0Ktravis_fold:end:install.2[0Ktravis_fold:start:install.3[0Ktravis_time:start:2dad1150[0K$ pushd tools
~/build/PowerShell/PowerShell/tools ~/build/PowerShell/PowerShell
travis_time:end:2dad1150:start=1558647331956855751,finish=1558647331962087260,duration=5231509[0Ktravis_fold:end:install.3[0Ktravis_fold:start:install.4[0Ktravis_time:start:1394a516[0K$ ./install-powershell.sh
Get-PowerShell Core MASTER Installer Version 1.2.0
Installs PowerShell Core and Optional The Development Environment
  Original script is at: https://raw.githubusercontent.com/PowerShell/PowerShell/master/tools$gitscriptname
Arguments used: 

Operating System Details:
  OS: linux
  DIST: Ubuntu
  DistroBasedOn: debian
  PSUEDONAME: trusty
  REV: 14.04
  KERNEL: 4.4.0-101-generic
  MACH: x86_64
Configuring PowerShell Core Enviornment for: debian Ubuntu 14.04

*** PowerShell Core Development Environment Installer 1.2.0 for debian
***    Current PowerShell Core Version: 
***    Original script is at: https://raw.githubusercontent.com/PowerShell/PowerShell/master/tools/installpsh-debian.psh

*** Arguments used: 
Running on CI (as determined by env var CI set to true), skipping SUDO check.

*** Installing PowerShell Core for debian...
  % Total    % Received % Xferd  Average Speed   Time    Time     Time  Current
                                 Dload  Upload   Total   Spent    Left  Speed
  0     0    0     0    0     0      0      0 --:--:-- --:--:-- --:--:--     0100 37141  100 37141    0     0   153k      0 --:--:-- --:--:-- --:--:--  153k
*** Current version on git is: , repo version may differ slightly...
*** Setting up PowerShell Core repo...
  % Total    % Received % Xferd  Average Speed   Time    Time     Time  Current
                                 Dload  Upload   Total   Spent    Left  Speed
  0     0    0     0    0     0      0      0 --:--:-- --:--:-- --:--:--     0100   983  100   983    0     0   4843      0 --:--:-- --:--:-- --:--:--  4842100   983  100   983    0     0   4842      0 --:--:-- --:--:-- --:--:--  4842
OK
  % Total    % Received % Xferd  Average Speed   Time    Time     Time  Current
                                 Dload  Upload   Total   Spent    Left  Speed
  0     0    0     0    0     0      0      0 --:--:-- --:--:-- --:--:--     0100    78  100    78    0     0    609      0 --:--:-- --:--:-- --:--:--   614
deb [arch=amd64] https://packages.microsoft.com/ubuntu/14.04/prod trusty main
Get:1 http://security.ubuntu.com/ubuntu trusty-security InRelease [65.9 kB]
Get:2 http://dl.hhvm.com/ubuntu trusty InRelease [3,106 B]
Get:4 http://ppa.launchpad.net/chris-lea/redis-server/ubuntu trusty InRelease [15.4 kB]
Get:6 http://apt.postgresql.org/pub/repos/apt trusty-pgdg InRelease [56.5 kB]
Hit:3 http://dl.bintray.com/apache/cassandra 39x InRelease
Ign:7 http://repo.mongodb.org/apt/ubuntu trusty/mongodb-org/3.4 InRelease
Get:8 http://repo.mongodb.org/apt/ubuntu trusty/mongodb-org/3.4 Release [2,495 B]
Get:9 http://repo.mongodb.org/apt/ubuntu trusty/mongodb-org/3.4 Release.gpg [801 B]
Ign:10 http://us-east-1.ec2.archive.ubuntu.com/ubuntu trusty InRelease
Get:11 http://us-east-1.ec2.archive.ubuntu.com/ubuntu trusty-updates InRelease [65.9 kB]
Get:12 http://us-east-1.ec2.archive.ubuntu.com/ubuntu trusty-backports InRelease [65.9 kB]
Get:13 http://us-east-1.ec2.archive.ubuntu.com/ubuntu trusty Release [58.5 kB]
Get:14 http://us-east-1.ec2.archive.ubuntu.com/ubuntu trusty Release.gpg [933 B]
Ign:5 http://toolbelt.heroku.com/ubuntu ./ InRelease
Hit:15 http://toolbelt.heroku.com/ubuntu ./ Release
Ign:16 http://ppa.launchpad.net/couchdb/stable/ubuntu trusty InRelease
Get:17 http://ppa.launchpad.net/git-core/ppa/ubuntu trusty InRelease [20.8 kB]
Get:18 http://ppa.launchpad.net/openjdk-r/ppa/ubuntu trusty InRelease [15.4 kB]
Get:19 http://ppa.launchpad.net/pollinate/ppa/ubuntu trusty InRelease [15.4 kB]
Get:20 http://ppa.launchpad.net/webupd8team/java/ubuntu trusty InRelease [15.5 kB]
Hit:21 http://ppa.launchpad.net/couchdb/stable/ubuntu trusty Release
Get:22 http://security.ubuntu.com/ubuntu trusty-security/main Sources [220 kB]
Get:23 http://security.ubuntu.com/ubuntu trusty-security/restricted Sources [5,050 B]
Get:24 http://security.ubuntu.com/ubuntu trusty-security/universe Sources [126 kB]
Get:25 http://security.ubuntu.com/ubuntu trusty-security/multiverse Sources [3,070 B]
Get:26 http://security.ubuntu.com/ubuntu trusty-security/main amd64 Packages [1,032 kB]
Ign:27 http://dl.google.com/linux/chrome/deb stable InRelease
Get:28 http://dl.google.com/linux/chrome/deb stable Release [943 B]
Get:29 http://dl.google.com/linux/chrome/deb stable Release.gpg [819 B]
Get:30 http://dl.hhvm.com/ubuntu trusty/main amd64 Packages [1,820 B]
Get:31 http://security.ubuntu.com/ubuntu trusty-security/main i386 Packages [934 kB]
Get:32 http://security.ubuntu.com/ubuntu trusty-security/main Translation-en [541 kB]
Get:33 http://security.ubuntu.com/ubuntu trusty-security/restricted amd64 Packages [18.1 kB]
Get:34 http://security.ubuntu.com/ubuntu trusty-security/restricted i386 Packages [17.8 kB]
Get:35 http://security.ubuntu.com/ubuntu trusty-security/restricted Translation-en [3,272 B]
Get:36 http://security.ubuntu.com/ubuntu trusty-security/universe amd64 Packages [377 kB]
Get:37 https://download.docker.com/linux/ubuntu trusty InRelease [37.1 kB]
Get:38 http://ppa.launchpad.net/chris-lea/redis-server/ubuntu trusty/main amd64 Packages [1,843 B]
Get:39 http://ppa.launchpad.net/chris-lea/redis-server/ubuntu trusty/main i386 Packages [1,842 B]
Get:40 http://ppa.launchpad.net/chris-lea/redis-server/ubuntu trusty/main Translation-en [990 B]
Get:41 http://security.ubuntu.com/ubuntu trusty-security/universe i386 Packages [355 kB]
Get:42 http://security.ubuntu.com/ubuntu trusty-security/universe Translation-en [203 kB]
Get:43 http://security.ubuntu.com/ubuntu trusty-security/multiverse amd64 Packages [4,730 B]
Get:44 http://security.ubuntu.com/ubuntu trusty-security/multiverse i386 Packages [4,887 B]
Get:45 http://security.ubuntu.com/ubuntu trusty-security/multiverse Translation-en [2,426 B]
Get:46 https://packages.microsoft.com/ubuntu/14.04/prod trusty InRelease [3,226 B]
Get:47 http://apt.postgresql.org/pub/repos/apt trusty-pgdg/main amd64 Packages [201 kB]
Get:48 http://apt.postgresql.org/pub/repos/apt trusty-pgdg/main i386 Packages [201 kB]
Get:49 http://repo.mongodb.org/apt/ubuntu trusty/mongodb-org/3.4/multiverse amd64 Packages [14.1 kB]
Get:50 https://packagecloud.io/computology/apt-backport/ubuntu trusty InRelease [23.5 kB]
Get:51 http://us-east-1.ec2.archive.ubuntu.com/ubuntu trusty-updates/main Sources [532 kB]
Get:52 http://us-east-1.ec2.archive.ubuntu.com/ubuntu trusty-updates/restricted Sources [6,444 B]
Get:53 http://us-east-1.ec2.archive.ubuntu.com/ubuntu trusty-updates/universe Sources [288 kB]
Get:54 http://us-east-1.ec2.archive.ubuntu.com/ubuntu trusty-updates/multiverse Sources [7,389 B]
Get:55 http://us-east-1.ec2.archive.ubuntu.com/ubuntu trusty-updates/main amd64 Packages [1,460 kB]
Get:56 http://us-east-1.ec2.archive.ubuntu.com/ubuntu trusty-updates/main i386 Packages [1,354 kB]
Get:57 http://us-east-1.ec2.archive.ubuntu.com/ubuntu trusty-updates/main Translation-en [701 kB]
Get:58 http://us-east-1.ec2.archive.ubuntu.com/ubuntu trusty-updates/restricted amd64 Packages [21.4 kB]
Get:59 https://packagecloud.io/github/git-lfs/ubuntu trusty InRelease [23.2 kB]
Get:60 http://us-east-1.ec2.archive.ubuntu.com/ubuntu trusty-updates/restricted i386 Packages [21.1 kB]
Get:61 http://us-east-1.ec2.archive.ubuntu.com/ubuntu trusty-updates/restricted Translation-en [3,706 B]
Get:62 http://us-east-1.ec2.archive.ubuntu.com/ubuntu trusty-updates/universe amd64 Packages [671 kB]
Get:63 http://us-east-1.ec2.archive.ubuntu.com/ubuntu trusty-updates/universe i386 Packages [646 kB]
Get:64 http://us-east-1.ec2.archive.ubuntu.com/ubuntu trusty-updates/universe Translation-en [347 kB]
Get:65 http://us-east-1.ec2.archive.ubuntu.com/ubuntu trusty-updates/multiverse amd64 Packages [16.1 kB]
Get:66 http://us-east-1.ec2.archive.ubuntu.com/ubuntu trusty-updates/multiverse i386 Packages [16.6 kB]
Get:67 http://us-east-1.ec2.archive.ubuntu.com/ubuntu trusty-updates/multiverse Translation-en [7,680 B]
Get:68 http://us-east-1.ec2.archive.ubuntu.com/ubuntu trusty-backports/main Sources [10.4 kB]
Get:69 http://us-east-1.ec2.archive.ubuntu.com/ubuntu trusty-backports/restricted Sources [40 B]
Get:70 http://us-east-1.ec2.archive.ubuntu.com/ubuntu trusty-backports/universe Sources [41.3 kB]
Get:71 http://us-east-1.ec2.archive.ubuntu.com/ubuntu trusty-backports/multiverse Sources [1,747 B]
Get:72 http://us-east-1.ec2.archive.ubuntu.com/ubuntu trusty-backports/main amd64 Packages [14.7 kB]
Get:73 http://us-east-1.ec2.archive.ubuntu.com/ubuntu trusty-backports/main i386 Packages [14.7 kB]
Get:74 http://us-east-1.ec2.archive.ubuntu.com/ubuntu trusty-backports/main Translation-en [7,426 B]
Get:75 http://us-east-1.ec2.archive.ubuntu.com/ubuntu trusty-backports/restricted amd64 Packages [40 B]
Get:76 http://us-east-1.ec2.archive.ubuntu.com/ubuntu trusty-backports/restricted i386 Packages [40 B]
Get:77 http://us-east-1.ec2.archive.ubuntu.com/ubuntu trusty-backports/restricted Translation-en [40 B]
Get:78 http://us-east-1.ec2.archive.ubuntu.com/ubuntu trusty-backports/universe amd64 Packages [52.5 kB]
Get:79 http://us-east-1.ec2.archive.ubuntu.com/ubuntu trusty-backports/universe i386 Packages [52.4 kB]
Get:80 http://us-east-1.ec2.archive.ubuntu.com/ubuntu trusty-backports/universe Translation-en [40.0 kB]
Get:81 http://us-east-1.ec2.archive.ubuntu.com/ubuntu trusty-backports/multiverse amd64 Packages [1,392 B]
Get:82 http://us-east-1.ec2.archive.ubuntu.com/ubuntu trusty-backports/multiverse i386 Packages [1,376 B]
Get:83 http://us-east-1.ec2.archive.ubuntu.com/ubuntu trusty-backports/multiverse Translation-en [1,165 B]
Get:84 http://us-east-1.ec2.archive.ubuntu.com/ubuntu trusty/main Sources [1,335 kB]
Get:85 https://packagecloud.io/rabbitmq/rabbitmq-server/ubuntu trusty InRelease [23.7 kB]
Get:87 http://us-east-1.ec2.archive.ubuntu.com/ubuntu trusty/restricted Sources [5,335 B]
Get:88 http://us-east-1.ec2.archive.ubuntu.com/ubuntu trusty/universe Sources [7,926 kB]
Get:89 http://ppa.launchpad.net/git-core/ppa/ubuntu trusty/main amd64 Packages [3,505 B]
Get:90 http://ppa.launchpad.net/git-core/ppa/ubuntu trusty/main i386 Packages [3,505 B]
Get:91 http://ppa.launchpad.net/git-core/ppa/ubuntu trusty/main Translation-en [2,372 B]
Get:92 http://us-east-1.ec2.archive.ubuntu.com/ubuntu trusty/multiverse Sources [211 kB]
Get:93 http://us-east-1.ec2.archive.ubuntu.com/ubuntu trusty/main amd64 Packages [1,743 kB]
Get:94 http://ppa.launchpad.net/openjdk-r/ppa/ubuntu trusty/main amd64 Packages [7,571 B]
Get:95 http://ppa.launchpad.net/openjdk-r/ppa/ubuntu trusty/main i386 Packages [7,700 B]
Get:96 http://ppa.launchpad.net/openjdk-r/ppa/ubuntu trusty/main Translation-en [2,388 B]
Get:97 http://us-east-1.ec2.archive.ubuntu.com/ubuntu trusty/main i386 Packages [1,739 kB]
Get:98 http://ppa.launchpad.net/pollinate/ppa/ubuntu trusty/main amd64 Packages [430 B]
Get:99 http://ppa.launchpad.net/pollinate/ppa/ubuntu trusty/main i386 Packages [430 B]
Get:100 http://ppa.launchpad.net/pollinate/ppa/ubuntu trusty/main Translation-en [374 B]
Get:101 http://us-east-1.ec2.archive.ubuntu.com/ubuntu trusty/restricted amd64 Packages [16.0 kB]
Get:102 http://us-east-1.ec2.archive.ubuntu.com/ubuntu trusty/restricted i386 Packages [16.4 kB]
Get:103 http://us-east-1.ec2.archive.ubuntu.com/ubuntu trusty/universe amd64 Packages [7,589 kB]
Get:104 http://us-east-1.ec2.archive.ubuntu.com/ubuntu trusty/universe i386 Packages [7,597 kB]
Get:105 http://ppa.launchpad.net/webupd8team/java/ubuntu trusty/main amd64 Packages [20 B]
Get:106 http://ppa.launchpad.net/webupd8team/java/ubuntu trusty/main i386 Packages [20 B]
Get:107 http://ppa.launchpad.net/webupd8team/java/ubuntu trusty/main Translation-en [20 B]
Get:108 http://us-east-1.ec2.archive.ubuntu.com/ubuntu trusty/multiverse amd64 Packages [169 kB]
Get:109 http://us-east-1.ec2.archive.ubuntu.com/ubuntu trusty/multiverse i386 Packages [172 kB]
Get:111 http://dl.google.com/linux/chrome/deb stable/main amd64 Packages [1,103 B]
Get:112 https://download.docker.com/linux/ubuntu trusty/stable amd64 Packages [5,763 B]
Get:113 https://download.docker.com/linux/ubuntu trusty/edge amd64 Packages [6,911 B]
Get:114 https://packages.microsoft.com/ubuntu/14.04/prod trusty/main amd64 Packages [75.4 kB]
Err:59 https://packagecloud.io/github/git-lfs/ubuntu trusty InRelease
  The following signatures couldn't be verified because the public key is not available: NO_PUBKEY 6B05F25D762E3157
Get:115 https://packagecloud.io/computology/apt-backport/ubuntu trusty/main amd64 Packages [3,628 B]
Get:116 https://packagecloud.io/rabbitmq/rabbitmq-server/ubuntu trusty/main amd64 Packages [7,866 B]
Get:117 https://packagecloud.io/rabbitmq/rabbitmq-server/ubuntu trusty/main i386 Packages [7,866 B]
Fetched 39.8 MB in 4s (9,005 kB/s)
Reading package lists...
W: http://ppa.launchpad.net/couchdb/stable/ubuntu/dists/trusty/Release.gpg: Signature by key 15866BAFD9BCC4F3C1E0DFC7D69548E1C17EAB57 uses weak digest algorithm (SHA1)
W: An error occurred during the signature verification. The repository is not updated and the previous index files will be used. GPG error: https://packagecloud.io/github/git-lfs/ubuntu trusty InRelease: The following signatures couldn't be verified because the public key is not available: NO_PUBKEY 6B05F25D762E3157
W: Failed to fetch https://packagecloud.io/github/git-lfs/ubuntu/dists/trusty/InRelease  The following signatures couldn't be verified because the public key is not available: NO_PUBKEY 6B05F25D762E3157
W: Some index files failed to download. They have been ignored, or old ones used instead.
Reading package lists...
Building dependency tree...
Reading state information...
The following additional packages will be installed:
  liblttng-ust-ctl2 liblttng-ust0 liburcu1
The following NEW packages will be installed:
  liblttng-ust-ctl2 liblttng-ust0 liburcu1 powershell
0 upgraded, 4 newly installed, 0 to remove and 308 not upgraded.
Need to get 58.1 MB of archives.
After this operation, 159 MB of additional disk space will be used.
Get:1 http://us-east-1.ec2.archive.ubuntu.com/ubuntu trusty/main amd64 liburcu1 amd64 0.7.12-0ubuntu2 [34.9 kB]
Get:2 http://us-east-1.ec2.archive.ubuntu.com/ubuntu trusty/main amd64 liblttng-ust-ctl2 amd64 2.4.0-4ubuntu1 [61.7 kB]
Get:3 http://us-east-1.ec2.archive.ubuntu.com/ubuntu trusty/main amd64 liblttng-ust0 amd64 2.4.0-4ubuntu1 [106 kB]
Get:4 https://packages.microsoft.com/ubuntu/14.04/prod trusty/main amd64 powershell amd64 6.2.0-1.ubuntu.14.04 [57.9 MB]
Fetched 58.1 MB in 2s (23.6 MB/s)
Selecting previously unselected package liburcu1.
(Reading database ... (Reading database ... 5%(Reading database ... 10%(Reading database ... 15%(Reading database ... 20%(Reading database ... 25%(Reading database ... 30%(Reading database ... 35%(Reading database ... 40%(Reading database ... 45%(Reading database ... 50%(Reading database ... 55%(Reading database ... 60%(Reading database ... 65%(Reading database ... 70%(Reading database ... 75%(Reading database ... 80%(Reading database ... 85%(Reading database ... 90%(Reading database ... 95%(Reading database ... 100%(Reading database ... 93695 files and directories currently installed.)
Preparing to unpack .../liburcu1_0.7.12-0ubuntu2_amd64.deb ...
Unpacking liburcu1 (0.7.12-0ubuntu2) ...
Selecting previously unselected package liblttng-ust-ctl2:amd64.
Preparing to unpack .../liblttng-ust-ctl2_2.4.0-4ubuntu1_amd64.deb ...
Unpacking liblttng-ust-ctl2:amd64 (2.4.0-4ubuntu1) ...
Selecting previously unselected package liblttng-ust0:amd64.
Preparing to unpack .../liblttng-ust0_2.4.0-4ubuntu1_amd64.deb ...
Unpacking liblttng-ust0:amd64 (2.4.0-4ubuntu1) ...
Selecting previously unselected package powershell.
Preparing to unpack .../powershell_6.2.0-1.ubuntu.14.04_amd64.deb ...
Unpacking powershell (6.2.0-1.ubuntu.14.04) ...
Processing triggers for man-db (2.6.7.1-1ubuntu1) ...
Setting up liburcu1 (0.7.12-0ubuntu2) ...
Setting up liblttng-ust-ctl2:amd64 (2.4.0-4ubuntu1) ...
Setting up liblttng-ust0:amd64 (2.4.0-4ubuntu1) ...
Setting up powershell (6.2.0-1.ubuntu.14.04) ...
Processing triggers for libc-bin (2.19-0ubuntu6.13) ...
Congratulations! PowerShell is installed at /opt/microsoft/powershell/6.
Run "pwsh" to start a PowerShell session.

*** NOTE: Run your regular package manager update cycle to update PowerShell Core\n
*** Install Complete
travis_time:end:1394a516:start=1558647331968527157,finish=1558647345059937954,duration=13091410797[0Ktravis_fold:end:install.4[0Ktravis_fold:start:install.5[0Ktravis_time:start:0a159d70[0K$ popd
~/build/PowerShell/PowerShell
travis_time:end:0a159d70:start=1558647345072900817,finish=1558647345076549454,duration=3648637[0Ktravis_fold:end:install.5[0Ktravis_fold:start:install.6[0Ktravis_time:start:0a10aea8[0K$ if [[ "$TRAVIS_OS_NAME" == "linux" ]]; then nvm install 6.4.0 && npm install -g markdown-spellcheck@0.11.0; fi
Downloading and installing node v6.4.0...
Downloading https://nodejs.org/dist/v6.4.0/node-v6.4.0-linux-x64.tar.xz...
Computing checksum with sha256sum
Checksums matched!
Now using node v6.4.0 (npm v3.10.3)
/home/travis/.nvm/versions/node/v6.4.0/bin/mdspell -> /home/travis/.nvm/versions/node/v6.4.0/lib/node_modules/markdown-spellcheck/bin/mdspell

> spawn-sync@1.0.15 postinstall /home/travis/.nvm/versions/node/v6.4.0/lib/node_modules/markdown-spellcheck/node_modules/spawn-sync
> node postinstall

/home/travis/.nvm/versions/node/v6.4.0/lib
â””â”€â”¬ markdown-spellcheck@0.11.0 
  â”œâ”€â”€ async@1.5.2 
  â”œâ”€â”¬ chalk@1.1.3 
  â”‚ â”œâ”€â”€ ansi-styles@2.2.1 
  â”‚ â”œâ”€â”€ escape-string-regexp@1.0.5 
  â”‚ â”œâ”€â”¬ has-ansi@2.0.0 
  â”‚ â”‚ â””â”€â”€ ansi-regex@2.1.1 
  â”‚ â”œâ”€â”€ strip-ansi@3.0.1 
  â”‚ â””â”€â”€ supports-color@2.0.0 
  â”œâ”€â”€ commander@2.20.0 
  â”œâ”€â”¬ globby@4.1.0 
  â”‚ â”œâ”€â”¬ array-union@1.0.2 
  â”‚ â”‚ â””â”€â”€ array-uniq@1.0.3 
  â”‚ â”œâ”€â”€ arrify@1.0.1 
  â”‚ â”œâ”€â”¬ glob@6.0.4 
  â”‚ â”‚ â”œâ”€â”¬ inflight@1.0.6 
  â”‚ â”‚ â”‚ â””â”€â”€ wrappy@1.0.2 
  â”‚ â”‚ â”œâ”€â”€ inherits@2.0.3 
  â”‚ â”‚ â”œâ”€â”¬ minimatch@3.0.4 
  â”‚ â”‚ â”‚ â””â”€â”¬ brace-expansion@1.1.11 
  â”‚ â”‚ â”‚   â”œâ”€â”€ balanced-match@1.0.0 
  â”‚ â”‚ â”‚   â””â”€â”€ concat-map@0.0.1 
  â”‚ â”‚ â”œâ”€â”€ once@1.4.0 
  â”‚ â”‚ â””â”€â”€ path-is-absolute@1.0.1 
  â”‚ â”œâ”€â”€ object-assign@4.1.1 
  â”‚ â”œâ”€â”€ pify@2.3.0 
  â”‚ â””â”€â”¬ pinkie-promise@2.0.1 
  â”‚   â””â”€â”€ pinkie@2.0.4 
  â”œâ”€â”€ hunspell-spellchecker@1.0.2 
  â”œâ”€â”¬ inquirer@1.2.3 
  â”‚ â”œâ”€â”€ ansi-escapes@1.4.0 
  â”‚ â”œâ”€â”¬ cli-cursor@1.0.2 
  â”‚ â”‚ â””â”€â”¬ restore-cursor@1.0.1 
  â”‚ â”‚   â”œâ”€â”€ exit-hook@1.1.1 
  â”‚ â”‚   â””â”€â”€ onetime@1.1.0 
  â”‚ â”œâ”€â”€ cli-width@2.2.0 
  â”‚ â”œâ”€â”¬ external-editor@1.1.1 
  â”‚ â”‚ â”œâ”€â”€ extend@3.0.2 
  â”‚ â”‚ â”œâ”€â”¬ spawn-sync@1.0.15 
  â”‚ â”‚ â”‚ â”œâ”€â”¬ concat-stream@1.6.2 
  â”‚ â”‚ â”‚ â”‚ â”œâ”€â”€ buffer-from@1.1.1 
  â”‚ â”‚ â”‚ â”‚ â”œâ”€â”¬ readable-stream@2.3.6 
  â”‚ â”‚ â”‚ â”‚ â”‚ â”œâ”€â”€ core-util-is@1.0.2 
  â”‚ â”‚ â”‚ â”‚ â”‚ â”œâ”€â”€ isarray@1.0.0 
  â”‚ â”‚ â”‚ â”‚ â”‚ â”œâ”€â”€ process-nextick-args@2.0.0 
  â”‚ â”‚ â”‚ â”‚ â”‚ â”œâ”€â”€ safe-buffer@5.1.2 
  â”‚ â”‚ â”‚ â”‚ â”‚ â”œâ”€â”€ string_decoder@1.1.1 
  â”‚ â”‚ â”‚ â”‚ â”‚ â””â”€â”€ util-deprecate@1.0.2 
  â”‚ â”‚ â”‚ â”‚ â””â”€â”€ typedarray@0.0.6 
  â”‚ â”‚ â”‚ â””â”€â”€ os-shim@0.1.3 
  â”‚ â”‚ â””â”€â”¬ tmp@0.0.29 
  â”‚ â”‚   â””â”€â”€ os-tmpdir@1.0.2 
  â”‚ â”œâ”€â”€ figures@1.7.0 
  â”‚ â”œâ”€â”€ lodash@4.17.11 
  â”‚ â”œâ”€â”€ mute-stream@0.0.6 
  â”‚ â”œâ”€â”¬ run-async@2.3.0 
  â”‚ â”‚ â””â”€â”€ is-promise@2.1.0 
  â”‚ â”œâ”€â”€ rx@4.1.0 
  â”‚ â”œâ”€â”¬ string-width@1.0.2 
  â”‚ â”‚ â”œâ”€â”€ code-point-at@1.1.0 
  â”‚ â”‚ â””â”€â”¬ is-fullwidth-code-point@1.0.0 
  â”‚ â”‚   â””â”€â”€ number-is-nan@1.0.1 
  â”‚ â””â”€â”€ through@2.3.8 
  â”œâ”€â”€ marked@0.3.19 
  â”œâ”€â”€ UNMET PEER DEPENDENCY sinon@1
  â””â”€â”¬ sinon-as-promised@4.0.3 
    â”œâ”€â”¬ create-thenable@1.0.2 
    â”‚ â”œâ”€â”¬ object.omit@2.0.1 
    â”‚ â”‚ â”œâ”€â”¬ for-own@0.1.5 
    â”‚ â”‚ â”‚ â””â”€â”€ for-in@1.0.2 
    â”‚ â”‚ â””â”€â”€ is-extendable@0.1.1 
    â”‚ â””â”€â”€ unique-concat@0.2.2 
    â””â”€â”€ native-promise-only@0.8.1 

npm WARN sinon-as-promised@4.0.3 requires a peer of sinon@1 but none was installed.
travis_time:end:0a10aea8:start=1558647345085927656,finish=1558647354690378546,duration=9604450890[0Ktravis_fold:end:install.6[0Ktravis_fold:start:install.7[0Ktravis_time:start:1f78f5a0[0K$ ulimit -n 4096
travis_time:end:1f78f5a0:start=1558647354702883021,finish=1558647354706698965,duration=3815944[0Ktravis_fold:end:install.7[0Ktravis_fold:start:install.8[0Ktravis_time:start:0257251a[0K$ pwsh -File tools/travis.ps1 -Stage Bootstrap
Executing travis.ps1 -BootStrap $isPR='False' - Build(deps): Bump ThreadJob from 1.1.2 to 2.0.0 in /src/Modules

Bumps ThreadJob from 1.1.2 to 2.0.0.

Signed-off-by: dependabot[bot] <support@dependabot.com>
Installing PowerShell build dependencies
W: http://ppa.launchpad.net/couchdb/stable/ubuntu/dists/trusty/Release.gpg: Signature by key 15866BAFD9BCC4F3C1E0DFC7D69548E1C17EAB57 uses weak digest algorithm (SHA1)
W: An error occurred during the signature verification. The repository is not updated and the previous index files will be used. GPG error: https://packagecloud.io/github/git-lfs/ubuntu trusty InRelease: The following signatures couldn't be verified because the public key is not available: NO_PUBKEY 6B05F25D762E3157
W: Failed to fetch https://packagecloud.io/github/git-lfs/ubuntu/dists/trusty/InRelease  The following signatures couldn't be verified because the public key is not available: NO_PUBKEY 6B05F25D762E3157
W: Some index files failed to download. They have been ignored, or old ones used instead.
Preconfiguring packages ...
(Reading database ... (Reading database ... 5%(Reading database ... 10%(Reading database ... 15%(Reading database ... 20%(Reading database ... 25%(Reading database ... 30%(Reading database ... 35%(Reading database ... 40%(Reading database ... 45%(Reading database ... 50%(Reading database ... 55%(Reading database ... 60%(Reading database ... 65%(Reading database ... 70%(Reading database ... 75%(Reading database ... 80%(Reading database ... 85%(Reading database ... 90%(Reading database ... 95%(Reading database ... 100%(Reading database ... 94325 files and directories currently installed.)
Preparing to unpack .../libcups2_1.7.2-0ubuntu1.11_amd64.deb ...
Unpacking libcups2:amd64 (1.7.2-0ubuntu1.11) over (1.7.2-0ubuntu1.8) ...
Setting up libcups2:amd64 (1.7.2-0ubuntu1.11) ...
Processing triggers for libc-bin (2.19-0ubuntu6.13) ...
Selecting previously unselected package libnettle4:amd64.
(Reading database ... (Reading database ... 5%(Reading database ... 10%(Reading database ... 15%(Reading database ... 20%(Reading database ... 25%(Reading database ... 30%(Reading database ... 35%(Reading database ... 40%(Reading database ... 45%(Reading database ... 50%(Reading database ... 55%(Reading database ... 60%(Reading database ... 65%(Reading database ... 70%(Reading database ... 75%(Reading database ... 80%(Reading database ... 85%(Reading database ... 90%(Reading database ... 95%(Reading database ... 100%(Reading database ... 94325 files and directories currently installed.)
Preparing to unpack .../libnettle4_2.7.1-1ubuntu0.2_amd64.deb ...
Unpacking libnettle4:amd64 (2.7.1-1ubuntu0.2) ...
Selecting previously unselected package libarchive13:amd64.
Preparing to unpack .../libarchive13_3.1.2-7ubuntu2.8_amd64.deb ...
Unpacking libarchive13:amd64 (3.1.2-7ubuntu2.8) ...
Selecting previously unselected package libcupsfilters1:amd64.
Preparing to unpack .../libcupsfilters1_1.0.52-0ubuntu1.8_amd64.deb ...
Unpacking libcupsfilters1:amd64 (1.0.52-0ubuntu1.8) ...
Selecting previously unselected package libcupsimage2:amd64.
Preparing to unpack .../libcupsimage2_1.7.2-0ubuntu1.11_amd64.deb ...
Unpacking libcupsimage2:amd64 (1.7.2-0ubuntu1.11) ...
Preparing to unpack .../curl_7.35.0-1ubuntu2.20_amd64.deb ...
Unpacking curl (7.35.0-1ubuntu2.20) over (7.35.0-1ubuntu2.13) ...
Preparing to unpack .../libcurl3_7.35.0-1ubuntu2.20_amd64.deb ...
Unpacking libcurl3:amd64 (7.35.0-1ubuntu2.20) over (7.35.0-1ubuntu2.13) ...
Preparing to unpack .../libicu-dev_52.1-3ubuntu0.8_amd64.deb ...
Unpacking libicu-dev:amd64 (52.1-3ubuntu0.8) over (52.1-3ubuntu0.7) ...
Preparing to unpack .../icu-devtools_52.1-3ubuntu0.8_amd64.deb ...
Unpacking icu-devtools (52.1-3ubuntu0.8) over (52.1-3ubuntu0.7) ...
Preparing to unpack .../libicu52_52.1-3ubuntu0.8_amd64.deb ...
Unpacking libicu52:amd64 (52.1-3ubuntu0.8) over (52.1-3ubuntu0.7) ...
Selecting previously unselected package libpaper1:amd64.
Preparing to unpack .../libpaper1_1.1.24+nmu2ubuntu3_amd64.deb ...
Unpacking libpaper1:amd64 (1.1.24+nmu2ubuntu3) ...
Selecting previously unselected package libunwind8.
Preparing to unpack .../libunwind8_1.1-2.2ubuntu3_amd64.deb ...
Unpacking libunwind8 (1.1-2.2ubuntu3) ...
Selecting previously unselected package poppler-data.
Preparing to unpack .../poppler-data_0.4.6-4_all.deb ...
Unpacking poppler-data (0.4.6-4) ...
Selecting previously unselected package cmake-data.
Preparing to unpack .../cmake-data_2.8.12.2-0ubuntu3_all.deb ...
ERROR: cmake-data is broken - called emacs-package-install as a new-style add-on, but has no compat file.
Unpacking cmake-data (2.8.12.2-0ubuntu3) ...
Selecting previously unselected package cmake.
Preparing to unpack .../cmake_2.8.12.2-0ubuntu3_amd64.deb ...
Unpacking cmake (2.8.12.2-0ubuntu3) ...
Selecting previously unselected package libijs-0.35.
Preparing to unpack .../libijs-0.35_0.35-8build1_amd64.deb ...
Unpacking libijs-0.35 (0.35-8build1) ...
Selecting previously unselected package libjbig2dec0.
Preparing to unpack .../libjbig2dec0_0.11+20120125-1ubuntu1.1_amd64.deb ...
Unpacking libjbig2dec0 (0.11+20120125-1ubuntu1.1) ...
Selecting previously unselected package libgs9-common.
Preparing to unpack .../libgs9-common_9.26~dfsg+0-0ubuntu0.14.04.8_all.deb ...
Unpacking libgs9-common (9.26~dfsg+0-0ubuntu0.14.04.8) ...
Selecting previously unselected package libgs9.
Preparing to unpack .../libgs9_9.26~dfsg+0-0ubuntu0.14.04.8_amd64.deb ...
Unpacking libgs9 (9.26~dfsg+0-0ubuntu0.14.04.8) ...
Selecting previously unselected package ghostscript.
Preparing to unpack .../ghostscript_9.26~dfsg+0-0ubuntu0.14.04.8_amd64.deb ...
Unpacking ghostscript (9.26~dfsg+0-0ubuntu0.14.04.8) ...
Selecting previously unselected package groff.
Preparing to unpack .../groff_1.22.2-5_amd64.deb ...
Unpacking groff (1.22.2-5) ...
Selecting previously unselected package libnetpbm10.
Preparing to unpack .../libnetpbm10_2%3a10.0-15ubuntu2_amd64.deb ...
Unpacking libnetpbm10 (2:10.0-15ubuntu2) ...
Selecting previously unselected package libpaper-utils.
Preparing to unpack .../libpaper-utils_1.1.24+nmu2ubuntu3_amd64.deb ...
Unpacking libpaper-utils (1.1.24+nmu2ubuntu3) ...
Preparing to unpack .../libruby1.9.1_1.9.3.484-2ubuntu1.14_amd64.deb ...
Unpacking libruby1.9.1 (1.9.3.484-2ubuntu1.14) over (1.9.3.484-2ubuntu1.5) ...
Preparing to unpack .../ruby1.9.1_1.9.3.484-2ubuntu1.14_amd64.deb ...
Unpacking ruby1.9.1 (1.9.3.484-2ubuntu1.14) over (1.9.3.484-2ubuntu1.5) ...
Selecting previously unselected package netpbm.
Preparing to unpack .../netpbm_2%3a10.0-15ubuntu2_amd64.deb ...
Unpacking netpbm (2:10.0-15ubuntu2) ...
Selecting previously unselected package psutils.
Preparing to unpack .../psutils_1.17.dfsg-1_amd64.deb ...
Unpacking psutils (1.17.dfsg-1) ...
Selecting previously unselected package ruby1.9.1-dev.
Preparing to unpack .../ruby1.9.1-dev_1.9.3.484-2ubuntu1.14_amd64.deb ...
Unpacking ruby1.9.1-dev (1.9.3.484-2ubuntu1.14) ...
Selecting previously unselected package ruby-dev.
Preparing to unpack .../ruby-dev_1%3a1.9.3.4_all.deb ...
Unpacking ruby-dev (1:1.9.3.4) ...
Processing triggers for man-db (2.6.7.1-1ubuntu1) ...
Processing triggers for fontconfig (2.11.0-0ubuntu4.2) ...
Processing triggers for install-info (5.2.0.dfsg.1-2) ...
Setting up libnettle4:amd64 (2.7.1-1ubuntu0.2) ...
Setting up libarchive13:amd64 (3.1.2-7ubuntu2.8) ...
Setting up libcupsfilters1:amd64 (1.0.52-0ubuntu1.8) ...
Setting up libcupsimage2:amd64 (1.7.2-0ubuntu1.11) ...
Setting up libcurl3:amd64 (7.35.0-1ubuntu2.20) ...
Setting up curl (7.35.0-1ubuntu2.20) ...
Setting up libicu52:amd64 (52.1-3ubuntu0.8) ...
Setting up icu-devtools (52.1-3ubuntu0.8) ...
Setting up libicu-dev:amd64 (52.1-3ubuntu0.8) ...
Setting up libpaper1:amd64 (1.1.24+nmu2ubuntu3) ...

Creating config file /etc/papersize with new version
Setting up libunwind8 (1.1-2.2ubuntu3) ...
Setting up poppler-data (0.4.6-4) ...
Setting up cmake-data (2.8.12.2-0ubuntu3) ...
Install cmake-data for emacs23
install/cmake-data: Byte-compiling for emacs23
Wrote /usr/share/emacs23/site-lisp/cmake-data/cmake-mode.elc
Install cmake-data for emacs24
install/cmake-data: Byte-compiling for emacs24
Wrote /usr/share/emacs24/site-lisp/cmake-data/cmake-mode.elc
Setting up cmake (2.8.12.2-0ubuntu3) ...
Setting up libijs-0.35 (0.35-8build1) ...
Setting up libjbig2dec0 (0.11+20120125-1ubuntu1.1) ...
Setting up libgs9-common (9.26~dfsg+0-0ubuntu0.14.04.8) ...
update-alternatives: using /usr/share/ghostscript/9.26 to provide /usr/share/ghostscript/current (ghostscript-current) in auto mode
Setting up libgs9 (9.26~dfsg+0-0ubuntu0.14.04.8) ...
Setting up ghostscript (9.26~dfsg+0-0ubuntu0.14.04.8) ...
Setting up groff (1.22.2-5) ...
Setting up libnetpbm10 (2:10.0-15ubuntu2) ...
Setting up libpaper-utils (1.1.24+nmu2ubuntu3) ...
Setting up netpbm (2:10.0-15ubuntu2) ...
Setting up psutils (1.17.dfsg-1) ...
Setting up libruby1.9.1 (1.9.3.484-2ubuntu1.14) ...
Setting up ruby1.9.1 (1.9.3.484-2ubuntu1.14) ...
Setting up ruby1.9.1-dev (1.9.3.484-2ubuntu1.14) ...
Setting up ruby-dev (1:1.9.3.4) ...
Processing triggers for libc-bin (2.19-0ubuntu6.13) ...
Successfully installed stud-0.0.23
Successfully installed dotenv-2.7.2
Successfully installed insist-1.0.0
Successfully installed mustache-0.99.8
Successfully installed clamp-1.0.1
Successfully installed cabin-0.9.0
Successfully installed pleaserun-0.0.30
Successfully installed io-like-0.3.0
Building native extensions. This could take a while...
Successfully installed ffi-1.11.1
Successfully installed ruby-xz-0.2.3
Successfully installed childprocess-0.9.0
Successfully installed arr-pm-0.0.10
Successfully installed backports-3.15.0
Building native extensions. This could take a while...
Successfully installed json-1.8.6
Successfully installed fpm-1.11.0
15 gems installed
Building native extensions. This could take a while...
Successfully installed rdiscount-2.2.0.1
Building native extensions. This could take a while...
Successfully installed hpricot-0.8.6
Successfully installed ronn-0.7.3
3 gems installed
WARNING: Could not find 'dotnet', appending /home/travis/.dotnet to PATH.
WARNING: Still could not find 'dotnet', restoring PATH.
dotnet not present.  Installing dotnet.
Unable to find dotnet installation to remove.
dotnet-install: Downloading link: https://dotnetcli.azureedge.net/dotnet/Sdk/2.1.507/dotnet-sdk-2.1.507-linux-x64.tar.gz
dotnet-install: Extracting zip from https://dotnetcli.azureedge.net/dotnet/Sdk/2.1.507/dotnet-sdk-2.1.507-linux-x64.tar.gz
dotnet-install: Adding to current process PATH: `/home/travis/.dotnet`. Note: This change will be visible only when sourcing script.
dotnet-install: Installation finished successfully.
travis_time:end:0257251a:start=1558647354714462098,finish=1558647411660646614,duration=56946184516[0Ktravis_fold:end:install.8[0Ktravis_time:start:143c6578[0K$ pwsh -File tools/travis.ps1
Executing travis.ps1 $isPR='False' $isFullBuild='False' - Build(deps): Bump ThreadJob from 1.1.2 to 2.0.0 in /src/Modules

Bumps ThreadJob from 1.1.2 to 2.0.0.

Signed-off-by: dependabot[bot] <support@dependabot.com>
WARNING: Could not find 'dotnet', appending /home/travis/.dotnet to PATH.
VERBOSE: Using configuration 'Release'
VERBOSE: Top project directory is /home/travis/build/PowerShell/PowerShell/src/powershell-unix
VERBOSE: Using framework 'netcoreapp2.1'
VERBOSE: Using runtime 'linux-x64'
Run dotnet restore /home/travis/build/PowerShell/PowerShell/src/powershell-unix --runtime linux-x64 --verbosity quiet
Done restoring /home/travis/build/PowerShell/PowerShell/src/powershell-unix
Run dotnet restore /home/travis/build/PowerShell/PowerShell/src/TypeCatalogGen --runtime linux-x64 --verbosity quiet
Done restoring /home/travis/build/PowerShell/PowerShell/src/TypeCatalogGen
Run dotnet restore /home/travis/build/PowerShell/PowerShell/src/ResGen --runtime linux-x64 --verbosity quiet
Done restoring /home/travis/build/PowerShell/PowerShell/src/ResGen
Run dotnet restore /home/travis/build/PowerShell/PowerShell/src/Modules --runtime linux-x64 --verbosity quiet
Done restoring /home/travis/build/PowerShell/PowerShell/src/Modules
Run ResGen (generating C# bindings for resx files)
Run TypeGen (generating CorePsTypeCatalog.cs)
Run dotnet publish --no-restore /property:GenerateFullPaths=true --configuration Release --framework netcoreapp2.1 --runtime linux-x64 /property:ReleaseTag=6.1.0-rc.11496 from /home/travis/build/PowerShell/PowerShell/src/powershell-unix
Microsoft (R) Build Engine version 15.9.20+g88f5fadfbe for .NET Core
Copyright (C) Microsoft Corporation. All rights reserved.

  Microsoft.PowerShell.CoreCLR.Eventing -> /home/travis/build/PowerShell/PowerShell/src/Microsoft.PowerShell.CoreCLR.Eventing/bin/Release/netcoreapp2.1/Microsoft.PowerShell.CoreCLR.Eventing.dll
  System.Management.Automation -> /home/travis/build/PowerShell/PowerShell/src/System.Management.Automation/bin/Release/netcoreapp2.1/System.Management.Automation.dll
  Microsoft.PowerShell.MarkdownRender -> /home/travis/build/PowerShell/PowerShell/src/Microsoft.PowerShell.MarkdownRender/bin/Release/netcoreapp2.1/Microsoft.PowerShell.MarkdownRender.dll
  Microsoft.PowerShell.ConsoleHost -> /home/travis/build/PowerShell/PowerShell/src/Microsoft.PowerShell.ConsoleHost/bin/Release/netcoreapp2.1/Microsoft.PowerShell.ConsoleHost.dll
  Microsoft.PowerShell.Security -> /home/travis/build/PowerShell/PowerShell/src/Microsoft.PowerShell.Security/bin/Release/netcoreapp2.1/Microsoft.PowerShell.Security.dll
  Microsoft.PowerShell.Commands.Management -> /home/travis/build/PowerShell/PowerShell/src/Microsoft.PowerShell.Commands.Management/bin/Release/netcoreapp2.1/Microsoft.PowerShell.Commands.Management.dll
  Microsoft.PowerShell.Commands.Utility -> /home/travis/build/PowerShell/PowerShell/src/Microsoft.PowerShell.Commands.Utility/bin/Release/netcoreapp2.1/Microsoft.PowerShell.Commands.Utility.dll
  Microsoft.PowerShell.SDK -> /home/travis/build/PowerShell/PowerShell/src/Microsoft.PowerShell.SDK/bin/Release/netcoreapp2.1/Microsoft.PowerShell.SDK.dll
  powershell-unix -> /home/travis/build/PowerShell/PowerShell/src/powershell-unix/bin/Release/netcoreapp2.1/linux-x64/pwsh.dll
  powershell-unix -> /home/travis/build/PowerShell/PowerShell/src/powershell-unix/bin/Release/netcoreapp2.1/linux-x64/publish/
VERBOSE: Matched CrossGen.exe: /home/travis/.nuget/packages/runtime.linux-x64.microsoft.netcore.app/2.1.11/tools/crossgen
VERBOSE: PowerShell Ngen assemblies have been generated. Deploying ...
pwsh.exe with ngen binaries is available at: /home/travis/build/PowerShell/PowerShell/src/powershell-unix/bin/Release/netcoreapp2.1/linux-x64/publish/pwsh
Restore PowerShell modules to /home/travis/build/PowerShell/PowerShell/src/powershell-unix/bin/Release/netcoreapp2.1/linux-x64/publish
Name='PackageManagement', Version='1.1.7.2', Destination='/home/travis/build/PowerShell/PowerShell/src/powershell-unix/bin/Release/netcoreapp2.1/linux-x64/publish/Modules'
Name='PowerShellGet', Version='1.6.7', Destination='/home/travis/build/PowerShell/PowerShell/src/powershell-unix/bin/Release/netcoreapp2.1/linux-x64/publish/Modules'
Name='Microsoft.PowerShell.Archive', Version='1.2.3.0', Destination='/home/travis/build/PowerShell/PowerShell/src/powershell-unix/bin/Release/netcoreapp2.1/linux-x64/publish/Modules'
Name='PSReadLine', Version='2.0.0-beta3', Destination='/home/travis/build/PowerShell/PowerShell/src/powershell-unix/bin/Release/netcoreapp2.1/linux-x64/publish/Modules'
Name='ThreadJob', Version='2.0.0', Destination='/home/travis/build/PowerShell/PowerShell/src/powershell-unix/bin/Release/netcoreapp2.1/linux-x64/publish/Modules'
VERBOSE: Running pester tests at '/home/travis/build/PowerShell/PowerShell/test/common /home/travis/build/PowerShell/PowerShell/test/powershell' with tag 'CI' and ExcludeTag 'RequireSudoOnUnix'
Microsoft (R) Build Engine version 15.9.20+g88f5fadfbe for .NET Core
Copyright (C) Microsoft Corporation. All rights reserved.

  Restoring packages for /home/travis/build/PowerShell/PowerShell/test/tools/TestExe/TestExe.csproj...
  Installing runtime.win-x86.Microsoft.NETCore.DotNetAppHost 2.1.11.
  Installing runtime.win-x86.Microsoft.NETCore.DotNetHostResolver 2.1.11.
  Installing runtime.win-x86.Microsoft.NETCore.DotNetHostPolicy 2.1.11.
  Installing runtime.win-x86.Microsoft.NETCore.App 2.1.11.
  Installing runtime.win-x64.Microsoft.NETCore.DotNetAppHost 2.1.11.
  Installing runtime.win-x64.Microsoft.NETCore.DotNetHostResolver 2.1.11.
  Installing runtime.win-x64.Microsoft.NETCore.DotNetHostPolicy 2.1.11.
  Installing runtime.win-x64.Microsoft.NETCore.App 2.1.11.
  Installing runtime.osx-x64.Microsoft.NETCore.DotNetAppHost 2.1.11.
  Installing runtime.osx-x64.Microsoft.NETCore.DotNetHostResolver 2.1.11.
  Installing runtime.osx-x64.Microsoft.NETCore.DotNetHostPolicy 2.1.11.
  Installing runtime.osx-x64.Microsoft.NETCore.App 2.1.11.
  Generating MSBuild file /home/travis/build/PowerShell/PowerShell/test/tools/TestExe/obj/TestExe.csproj.nuget.g.props.
  Generating MSBuild file /home/travis/build/PowerShell/PowerShell/test/tools/TestExe/obj/TestExe.csproj.nuget.g.targets.
  Restore completed in 3.96 sec for /home/travis/build/PowerShell/PowerShell/test/tools/TestExe/TestExe.csproj.
  TestExe -> /home/travis/build/PowerShell/PowerShell/test/tools/TestExe/bin/Release/netcoreapp2.1/linux-x64/testexe.dll
  TestExe -> /home/travis/build/PowerShell/PowerShell/test/tools/TestExe/bin/
Microsoft (R) Build Engine version 15.9.20+g88f5fadfbe for .NET Core
Copyright (C) Microsoft Corporation. All rights reserved.

  Restoring packages for /home/travis/build/PowerShell/PowerShell/test/tools/WebListener/WebListener.csproj...
  Restoring packages for /home/travis/build/PowerShell/PowerShell/test/tools/WebListener/WebListener.csproj...
  Installing System.Xml.XmlSerializer 4.0.11.
  Installing System.Security.Principal 4.0.1.
  Installing System.Threading.Overlapped 4.0.1.
  Installing System.Private.DataContractSerialization 4.1.1.
  Installing Microsoft.Win32.Registry 4.0.0.
  Installing System.Security.Cryptography.Cng 4.2.0.
  Installing System.Security.Cryptography.Csp 4.0.0.
  Installing System.Security.Cryptography.OpenSsl 4.0.0.
  Installing System.Diagnostics.DiagnosticSource 4.0.0.
  Installing System.Globalization.Extensions 4.0.1.
  Installing runtime.native.System.Net.Http 4.0.1.
  Installing runtime.native.System.Security.Cryptography 4.0.0.
  Installing runtime.native.System.IO.Compression 4.1.0.
  Installing System.Buffers 4.0.0.
  Installing runtime.native.System 4.0.0.
  Installing System.Runtime.CompilerServices.Unsafe 4.5.0-preview1-26216-02.
  Installing Microsoft.VisualStudio.Web.CodeGeneration.Tools 2.1.0-preview1-final.
  Installing Microsoft.VisualStudio.Web.CodeGeneration.Contracts 2.1.0-preview1-final.
  Installing Newtonsoft.Json 10.0.1.
  Installing System.Security.Principal 4.3.0.
  Installing System.Security.Cryptography.X509Certificates 4.1.0.
  Installing System.Net.Http 4.1.0.
  Installing System.Security.Cryptography.Encoding 4.0.0.
  Installing System.Security.Cryptography.Algorithms 4.2.0.
  Installing System.IO.Compression 4.1.0.
  Installing System.Threading.Timer 4.0.1.
  Installing System.Security.Cryptography.Primitives 4.0.0.
  Installing System.Runtime.Numerics 4.0.1.
  Installing Microsoft.Extensions.FileProviders.Physical 2.1.0-preview1-final.
  Installing NuGet.Frameworks 4.7.0-preview1-4986.
  Installing Microsoft.Build.Runtime 15.7.0-preview-000011-1378327.
  Installing System.Net.Sockets 4.1.0.
  Installing System.Net.Primitives 4.0.11.
  Installing Microsoft.CSharp 4.3.0.
  Installing System.Runtime.Serialization.Formatters 4.3.0.
  Installing System.IO.Compression.ZipFile 4.0.1.
  Installing System.ComponentModel.TypeConverter 4.3.0.
  Installing System.Globalization.Calendars 4.0.1.
  Installing System.Diagnostics.Tracing 4.1.0.
  Installing Microsoft.Extensions.FileSystemGlobbing 2.1.0-preview1-final.
  Installing Microsoft.Extensions.FileProviders.Abstractions 2.1.0-preview1-final.
  Installing NETStandard.Library 1.6.0.
  Installing System.Text.Encoding.CodePages 4.0.1.
  Installing System.Console 4.0.0.
  Installing System.Collections.Concurrent 4.0.12.
  Installing Microsoft.Build.Framework 15.7.0-preview-000011-1378327.
  Installing Microsoft.Build.Utilities.Core 15.7.0-preview-000011-1378327.
  Installing Microsoft.Win32.Primitives 4.0.1.
  Installing Microsoft.Build 15.7.0-preview-000011-1378327.
  Installing System.Security.Claims 4.3.0.
  Installing System.Diagnostics.Contracts 4.3.0.
  Installing Microsoft.IdentityModel.Logging 5.2.0.
  Installing System.Runtime.InteropServices.RuntimeInformation 4.0.0.
  Installing System.AppContext 4.1.0.
  Installing System.ComponentModel 4.3.0.
  Installing System.Collections.Specialized 4.3.0.
  Installing System.ComponentModel.Primitives 4.3.0.
  Installing System.Collections.NonGeneric 4.3.0.
  Installing Microsoft.Build.Tasks.Core 15.7.0-preview-000011-1378327.
  Installing System.Linq.Queryable 4.0.1.
  Installing Microsoft.Extensions.Primitives 2.1.0-preview1-final.
  Installing Microsoft.IdentityModel.Tokens 5.2.0.
  Installing Microsoft.IdentityModel.Xml 5.2.0.
  Installing Microsoft.IdentityModel.Tokens.Saml 5.2.0.
  Installing Microsoft.IdentityModel.Protocols 5.2.0.
  Installing Microsoft.CodeAnalysis.Analyzers 1.1.0.
  Installing System.Reflection.Metadata 1.4.2.
  Installing System.Collections.Immutable 1.3.1.
  Installing System.Threading.Thread 4.0.0.
  Installing System.Threading.Tasks.Parallel 4.0.1.
  Installing Microsoft.AspNetCore.App 2.1.11.
  Installing System.Diagnostics.Process 4.1.0.
  Installing Microsoft.AspNetCore 2.1.7.
  Installing Microsoft.AspNetCore.Antiforgery 2.1.1.
  Installing Microsoft.AspNetCore.Authentication 2.1.2.
  Installing Microsoft.AspNetCore.Authentication.Abstractions 2.1.1.
  Installing Microsoft.AspNetCore.Authentication.Core 2.1.1.
  Installing Microsoft.AspNetCore.Identity.EntityFrameworkCore 2.1.6.
  Installing Microsoft.AspNetCore.Mvc.RazorPages 2.1.11.
  Installing Microsoft.DotNet.PlatformAbstractions 2.1.0.
  Installing Microsoft.AspNetCore.Authorization 2.1.2.
  Installing Microsoft.AspNetCore.CookiePolicy 2.1.2.
  Installing System.Collections.Immutable 1.2.0.
  Installing Microsoft.Extensions.Logging.Abstractions 2.1.1.
  Installing System.Interactive.Async 3.1.1.
  Installing Microsoft.Extensions.DiagnosticAdapter 2.1.0.
  Installing Microsoft.Extensions.Localization 2.1.1.
  Installing Microsoft.Extensions.Localization.Abstractions 2.1.1.
  Installing Microsoft.Extensions.Logging.Debug 2.1.1.
  Installing System.Collections.NonGeneric 4.0.1.
  Installing Remotion.Linq 2.2.0.
  Installing Microsoft.Extensions.Options 2.1.1.
  Installing Microsoft.Extensions.Logging.Console 2.1.1.
  Installing Microsoft.Extensions.ObjectPool 2.1.6.
  Installing System.Xml.XmlDocument 4.0.1.
  Installing Microsoft.AspNetCore.Http.Connections 1.0.4.
  Installing Microsoft.IdentityModel.Protocols.OpenIdConnect 5.2.0.
  Installing System.IdentityModel.Tokens.Jwt 5.2.0.
  Installing Microsoft.IdentityModel.Protocols.WsFederation 5.2.0.
  Installing Microsoft.AspNetCore.Authentication.Cookies 2.1.2.
  Installing Microsoft.CodeAnalysis.Common 2.8.0.
  Installing System.Resources.Reader 4.0.0.
  Installing Microsoft.AspNetCore.Authentication.Facebook 2.1.2.
  Installing Microsoft.AspNetCore.Authentication.Google 2.1.8.
  Installing System.Diagnostics.TraceSource 4.0.0.
  Installing Microsoft.Extensions.Logging 2.1.1.
  Installing System.Runtime.Serialization.Xml 4.1.1.
  Installing Microsoft.Extensions.WebEncoders 2.1.1.
  Installing System.IO.Pipelines 4.5.3.
  Installing Microsoft.Extensions.Options.ConfigurationExtensions 2.1.1.
  Installing System.Diagnostics.FileVersionInfo 4.0.0.
  Installing Microsoft.CodeAnalysis.CSharp 2.8.0.
  Installing Microsoft.Extensions.Logging.EventSource 2.1.1.
  Installing Microsoft.Extensions.Logging.TraceSource 2.1.1.
  Installing Microsoft.Extensions.Logging.Configuration 2.1.1.
  Installing Microsoft.Extensions.Http 2.1.1.
  Installing System.Threading.ThreadPool 4.0.10.
  Installing System.Diagnostics.Contracts 4.0.1.
  Installing Microsoft.Extensions.Hosting.Abstractions 2.1.1.
  Installing System.Linq.Parallel 4.0.1.
  Installing Microsoft.Extensions.FileSystemGlobbing 2.1.1.
  Installing Microsoft.Net.Http.Headers 2.1.1.
  Installing Microsoft.Extensions.Hosting 2.1.1.
  Installing System.Reflection.Metadata 1.3.0.
  Installing Microsoft.Extensions.FileProviders.Physical 2.1.1.
  Installing Microsoft.Extensions.FileProviders.Embedded 2.1.1.
  Installing System.Runtime.Loader 4.0.0.
  Installing System.Threading.Tasks.Dataflow 4.6.0.
  Installing Microsoft.Extensions.DependencyModel 2.1.0.
  Installing System.Xml.XPath.XmlDocument 4.0.1.
  Installing System.Threading.Tasks.Extensions 4.5.2.
  Installing System.Diagnostics.DiagnosticSource 4.5.1.
  Installing System.IO.Pipes 4.0.0.
  Installing System.Threading.Tasks.Extensions 4.5.1.
  Installing System.Xml.XPath 4.0.1.
  Installing System.Numerics.Vectors 4.5.0.
  Installing System.Resources.Writer 4.0.0.
  Installing Microsoft.Extensions.FileProviders.Composite 2.1.1.
  Installing Microsoft.Extensions.FileProviders.Abstractions 2.1.1.
  Installing System.Memory 4.5.2.
  Installing Microsoft.Extensions.DependencyInjection 2.1.1.
  Installing Microsoft.Extensions.DependencyInjection.Abstractions 2.1.1.
  Installing System.Threading.Channels 4.5.0.
  Installing Microsoft.Extensions.Configuration.Json 2.1.1.
  Installing Microsoft.Extensions.Configuration.UserSecrets 2.1.1.
  Installing Microsoft.Extensions.Configuration.Ini 2.1.1.
  Installing System.Net.WebSockets.WebSocketProtocol 4.5.3.
  Installing Microsoft.Extensions.Configuration.KeyPerFile 2.1.1.
  Installing Microsoft.Extensions.Configuration.Xml 2.1.1.
  Installing Microsoft.Extensions.Configuration.EnvironmentVariables 2.1.1.
  Installing Microsoft.CSharp 4.5.0.
  Installing Microsoft.Extensions.Configuration.FileExtensions 2.1.1.
  Installing Microsoft.Extensions.Configuration.CommandLine 2.1.1.
  Installing Microsoft.Extensions.Configuration.Binder 2.1.10.
  Installing Microsoft.Extensions.Configuration.Abstractions 2.1.1.
  Installing Microsoft.Extensions.Configuration 2.1.1.
  Installing Microsoft.Extensions.Caching.SqlServer 2.1.2.
  Installing Microsoft.Extensions.Caching.Memory 2.1.2.
  Installing Microsoft.Extensions.Caching.Abstractions 2.1.2.
  Installing Microsoft.EntityFrameworkCore.SqlServer 2.1.11.
  Installing Microsoft.EntityFrameworkCore.Tools 2.1.11.
  Installing System.ComponentModel.Annotations 4.5.0.
  Installing Microsoft.EntityFrameworkCore.InMemory 2.1.11.
  Installing Microsoft.EntityFrameworkCore.Abstractions 2.1.11.
  Installing Microsoft.EntityFrameworkCore.Analyzers 2.1.11.
  Installing Microsoft.AspNetCore.StaticFiles 2.1.1.
  Installing Microsoft.AspNet.WebApi.Client 5.2.6.
  Installing Microsoft.AspNetCore.SpaServices 2.1.1.
  Installing Microsoft.AspNetCore.WebUtilities 2.1.1.
  Installing Microsoft.AspNetCore.SpaServices.Extensions 2.1.1.
  Installing Microsoft.AspNetCore.SignalR.Protocols.Json 1.0.4.
  Installing Microsoft.Extensions.Primitives 2.1.6.
  Installing System.Memory 4.5.1.
  Installing Microsoft.Extensions.Identity.Core 2.1.6.
  Installing Microsoft.Extensions.Identity.Stores 2.1.6.
  Installing Newtonsoft.Json.Bson 1.0.1.
  Installing Microsoft.AspNetCore.SignalR.Common 1.0.4.
  Installing Microsoft.AspNetCore.SignalR 1.0.4.
  Installing System.Buffers 4.5.0.
  Installing Microsoft.AspNetCore.Server.Kestrel.Transport.Sockets 2.1.3.
  Installing Microsoft.AspNetCore.Session 2.1.1.
  Installing Microsoft.EntityFrameworkCore 2.1.11.
  Installing Microsoft.AspNetCore.Server.Kestrel.Transport.Abstractions 2.1.3.
  Installing Microsoft.AspNetCore.Server.Kestrel.Https 2.1.3.
  Installing Microsoft.AspNetCore.Server.Kestrel 2.1.3.
  Installing Microsoft.AspNetCore.Routing.Abstractions 2.1.1.
  Installing Microsoft.AspNetCore.Server.HttpSys 2.1.1.
  Installing Microsoft.AspNetCore.Routing 2.1.1.
  Installing Microsoft.AspNetCore.ResponseCaching.Abstractions 2.1.1.
  Installing Microsoft.AspNetCore.Rewrite 2.1.1.
  Installing Microsoft.AspNetCore.ResponseCompression 2.1.1.
  Installing Microsoft.AspNetCore.Razor.Runtime 2.1.2.
  Installing Microsoft.AspNetCore.ResponseCaching 2.1.1.
  Installing Microsoft.AspNetCore.Razor 2.1.2.
  Installing Microsoft.EntityFrameworkCore.Relational 2.1.11.
  Installing Microsoft.AspNetCore.NodeServices 2.1.1.
  Installing Microsoft.AspNetCore.Mvc.TagHelpers 2.1.3.
  Installing Microsoft.AspNetCore.Mvc.ViewFeatures 2.1.3.
  Installing Microsoft.AspNetCore.Mvc.Razor.ViewCompilation 2.1.1.
  Installing Microsoft.AspNetCore.Mvc.Formatters.Xml 2.1.3.
  Installing Microsoft.AspNetCore.Authentication.OpenIdConnect 2.1.2.
  Installing Microsoft.AspNetCore.Mvc.Localization 2.1.3.
  Installing Microsoft.AspNetCore.Authentication.JwtBearer 2.1.2.
  Installing Microsoft.AspNetCore.Mvc.Formatters.Json 2.1.3.
  Installing Microsoft.AspNetCore.Authentication.WsFederation 2.1.2.
  Installing Microsoft.AspNetCore.Mvc.Cors 2.1.3.
  Installing Microsoft.AspNetCore.Owin 2.1.1.
  Installing Microsoft.AspNetCore.Mvc.DataAnnotations 2.1.3.
  Installing Microsoft.AspNetCore.Mvc.Razor 2.1.3.
  Installing Microsoft.AspNetCore.Mvc 2.1.3.
  Installing Microsoft.AspNetCore.Mvc.ApiExplorer 2.1.3.
  Installing Microsoft.AspNetCore.Mvc.Razor.Extensions 2.1.2.
  Installing Microsoft.AspNetCore.MiddlewareAnalysis 2.1.1.
  Installing Microsoft.AspNetCore.Localization 2.1.1.
  Installing Microsoft.AspNetCore.Mvc.Abstractions 2.1.3.
  Installing Microsoft.CodeAnalysis.Razor 2.1.2.
  Installing Microsoft.AspNetCore.Localization.Routing 2.1.1.
  Installing Microsoft.AspNetCore.Mvc.Core 2.1.11.
  Installing Microsoft.AspNetCore.Identity 2.1.6.
  Installing Microsoft.AspNetCore.Mvc.Analyzers 2.1.3.
  Installing Microsoft.AspNetCore.HttpOverrides 2.1.1.
  Installing Microsoft.AspNetCore.Http.Features 2.1.1.
  Installing Microsoft.AspNetCore.Http.Extensions 2.1.1.
  Installing Microsoft.AspNetCore.Http.Connections.Common 1.0.4.
  Installing Microsoft.AspNetCore.Html.Abstractions 2.1.1.
  Installing Microsoft.AspNetCore.Http 2.1.1.
  Installing Microsoft.AspNetCore.Http.Abstractions 2.1.1.
  Installing Microsoft.AspNetCore.Hosting.Server.Abstractions 2.1.1.
  Installing Microsoft.AspNetCore.HttpsPolicy 2.1.1.
  Installing Microsoft.AspNetCore.Hosting 2.1.1.
  Installing Microsoft.AspNetCore.Diagnostics.Abstractions 2.1.1.
  Installing Microsoft.AspNetCore.Hosting.Abstractions 2.1.1.
  Installing Microsoft.AspNetCore.HostFiltering 2.1.1.
  Installing Microsoft.AspNetCore.DataProtection 2.1.1.
  Installing Microsoft.AspNetCore.Diagnostics 2.1.1.
  Installing Microsoft.AspNetCore.Diagnostics.EntityFrameworkCore 2.1.1.
  Installing Microsoft.AspNetCore.Cryptography.Internal 2.1.1.
  Installing Microsoft.AspNetCore.Cryptography.KeyDerivation 2.1.1.
  Installing Microsoft.AspNetCore.Authorization.Policy 2.1.2.
  Installing Microsoft.AspNetCore.Cors 2.1.1.
  Installing Microsoft.AspNetCore.DataProtection.Extensions 2.1.1.
  Installing Microsoft.AspNetCore.Authentication.Twitter 2.1.2.
  Installing Microsoft.AspNetCore.Razor.Language 2.1.2.
  Installing Microsoft.AspNetCore.DataProtection.Abstractions 2.1.1.
  Installing Microsoft.AspNetCore.Connections.Abstractions 2.1.3.
  Installing Microsoft.AspNetCore.Authentication.MicrosoftAccount 2.1.2.
  Installing Microsoft.AspNetCore.Authentication.OAuth 2.1.2.
  Installing Microsoft.EntityFrameworkCore.Design 2.1.11.
  Installing Microsoft.AspNetCore.JsonPatch 2.1.1.
  Installing Microsoft.AspNetCore.WebSockets 2.1.7.
  Installing Microsoft.AspNetCore.SignalR.Core 1.0.4.
  Installing Microsoft.AspNetCore.Identity.UI 2.1.11.
  Installing Microsoft.AspNetCore.Razor.Design 2.1.2.
  Installing Microsoft.AspNetCore.Server.IISIntegration 2.1.7.
  Installing Microsoft.AspNetCore.Server.Kestrel.Core 2.1.7.
  Restore completed in 7.57 sec for /home/travis/build/PowerShell/PowerShell/test/tools/WebListener/WebListener.csproj.
  Generating MSBuild file /home/travis/build/PowerShell/PowerShell/test/tools/WebListener/obj/WebListener.csproj.nuget.g.props.
  Generating MSBuild file /home/travis/build/PowerShell/PowerShell/test/tools/WebListener/obj/WebListener.csproj.nuget.g.targets.
  Restore completed in 7.91 sec for /home/travis/build/PowerShell/PowerShell/test/tools/WebListener/WebListener.csproj.
  WebListener -> /home/travis/build/PowerShell/PowerShell/test/tools/WebListener/bin/Release/netcoreapp2.1/linux-x64/WebListener.dll
  WebListener -> /home/travis/build/PowerShell/PowerShell/test/tools/WebListener/bin/Release/netcoreapp2.1/linux-x64/WebListener.Views.dll
  WebListener -> /home/travis/build/PowerShell/PowerShell/test/tools/WebListener/bin/
Microsoft (R) Build Engine version 15.9.20+g88f5fadfbe for .NET Core
Copyright (C) Microsoft Corporation. All rights reserved.

  Restoring packages for /home/travis/build/PowerShell/PowerShell/test/tools/TestService/TestService.csproj...
  Installing System.Reflection.DispatchProxy 4.4.0.
  Installing System.Net.Http.WinHttpHandler 4.4.0.
  Installing System.Private.ServiceModel 4.4.1.
  Installing System.ServiceModel.NetTcp 4.4.1.
  Installing System.ServiceModel.Security 4.4.1.
  Installing System.ServiceModel.Primitives 4.4.1.
  Installing System.ServiceModel.Http 4.4.1.
  Installing System.ServiceModel.Duplex 4.4.1.
  Installing System.Data.SqlClient 4.5.0.
  Installing Microsoft.Windows.Compatibility.Shims 2.0.0.
  Installing Microsoft.Windows.Compatibility 2.0.0.
  Generating MSBuild file /home/travis/build/PowerShell/PowerShell/test/tools/TestService/obj/TestService.csproj.nuget.g.props.
  Generating MSBuild file /home/travis/build/PowerShell/PowerShell/test/tools/TestService/obj/TestService.csproj.nuget.g.targets.
  Restore completed in 1.77 sec for /home/travis/build/PowerShell/PowerShell/test/tools/TestService/TestService.csproj.
  TestService -> /home/travis/build/PowerShell/PowerShell/test/tools/TestService/bin/Release/netcoreapp2.1/linux-x64/TestService.dll
  TestService -> /home/travis/build/PowerShell/PowerShell/test/tools/TestService/bin/

WARNING: OS Information retrieval is not possible, reports will contain only partial system data
Executing all tests in '/home/travis/build/PowerShell/PowerShell/test/common', '/home/travis/build/PowerShell/PowerShell/test/powershell' with Tags CI


  Describing Common Tests - Validate Markdown Files
!


  Describing Common Tests - Package Reference
++++++++++++++++++++++++++++++++++++????????????????????????????????????


  Describing Basic engine APIs

    Context powershell::Create
+!

    Context executioncontext
+


  Describing ScriptBlock.GetNewClosure()
++


  Describing InitialSessionState capacity
++++++


  Describing Language Primitive Tests
+++++++++++++++


  Describing ProxyCommand Tests
+++


  Describing Serialization Tests
++?++++


  Describing Type inference Tests
+++++++++++++++++++++!++++++++++++++!+++++++++++++++++++++++++++++++++++++++++++

    Context TestDrivePath
+++++++++++!!!!

  Describing AstTypeInference tests
++


  Describing Assembly.LoadFrom Validation Test
+


  Describing Assembly::LoadWithPartialName Validation Test
++


  Describing Attribute tests
+++


  Describing Command Discovery tests
++++++++++++


  Describing Credential tests
+


  Describing Verify approved aliases list
++++


  Describing File encoding tests

    Context ParameterType for parameter 'Encoding' should be 'Encoding'
+++++++++++

    Context File contents are UTF8 without BOM
++++++++


  Describing User-Specific powershell.config.json Modifications
!!!!


  Describing SemanticVersion api tests

    Context Constructing valid versions
+++++

    Context Comparisons
++++++++++++++++++++++++++++++++++++++++++++

    Context Error handling
+++++++++++++++++++++++++++

    Context Serialization
++++

    Context Formatting
+


  Describing Validate Attributes Tests

    Context ValidateCount
+++++++

    Context ValidateRange - ParameterConstuctors
++++

    Context ValidateRange - User Defined Range
++++

    Context ValidateRange - Predefined Range
++++++++++++++++++++

    Context ValidateNotNull, ValidateNotNullOrEmpty and Not-Null-Or-Empty check for Mandatory parameter
+++++++++!++++


  Describing Cdxml cmdlets are supported

    Context Module level tests
!!

    Context Get-CimTest cmdlet
!!!!!!!

    Context Remove-CimTest cmdlet
!!!

    Context New-CimTest operations
!!!

    Context Set-CimTest operations
!!


  Describing Basic COM Tests
!!!

  Describing GetMember/SetMember/InvokeMember binders should have more restricted rule for COM object
!!!


  Describing Adapter Tests

    Context Property Adapter Tests
+++++++++++

    Context Null Magic Method Adapter Tests
+

    Context ForEach Magic Method Adapter Tests
?+?

    Context Where Magic Method Adapter Tests
?+

  Describing Adapter XML Tests

    Context Can set XML node property to non-string object
++++++++++

  Describing DataRow and DataRowView Adapter tests

    Context DataRow Adapter tests
++

    Context DataRowView Adapter tests
++

  Describing Base method call on object mapped to PropertyOnlyAdapter should work
++


  Describing CIM Objects are adapted properly
!???!???!??!??!


  Describing Experimental Feature Basic Tests - Feature-Disabled
+++++++++++++++

  Describing Experimental Feature Basic Tests - Feature-Enabled
VERBOSE: Test Suite Skipped. The test suite requires the experimental feature 'ExpTest.FeatureOne' to be enabled.
!!!!!!!!!!!!!!!

  Describing Expected errors
++++++++++++


  Describing Get-ExperimentalFeature basic tests - Feature-Disabled
+++

  Describing Get-ExperimentalFeature basic tests - Feature-Enabled
VERBOSE: Test Suite Skipped. The test suite requires the experimental feature 'ExpTest.FeatureOne' to be enabled.
!!!


  Describing Online help tests for PowerShell Core Cmdlets
!+++!+!+!+++++!!+++++++++++!+!!!!!+!!!++++!+++++++++!+!++!+++++!++++++!+++++++++++++!!+!+!++++!!!!+++++++++++!!+!!++++++!+!!!!!!++++++!!++!!!!++!++!+++++++!!!+!+++++++!+!!++!+!!!!++++!+!++++++++!!+++!!!!++++!+!+!++!+!+!+++!+!+!+!+!++++++!+++++++!!!++!!!!!!!!!!!!+!++!!!!!!!!!!!!!!+!!+!!!!!!!!!!!++++++++++!!!!+++!!!+!!!!!!!!!!!!!!!!!!+!++++++

  Describing Get-Help -Online is not supported on Nano Server and IoT
!


  Describing Validate that <pshome>/<culture>/default.help.txt is present
+

  Describing Validate that the Help function can Run in strict mode
+

  Describing Validate that get-help works for CurrentUserScope

    Context for module : Microsoft.PowerShell.Core
+++

  Describing Validate that get-help works for provider specific help
?

  Describing Get-Help should find help info within help files
+

  Describing Get-Help should find pattern help files
????+

  Describing Get-Help should find pattern alias
+++

  Describing help function uses full view by default
+++

  Describing help can be found for CurrentUser Scope
++++


  Describing Validate 'Save-Help -DestinationPath for one PowerShell Core modules.
+


  Describing Basic Job Tests

    Context Basic tests
+++
WARNING: MyWarning
++++

    Context Wait-Job tests
+++++++

    Context Receive-job tests
++++++++

    Context Get-Job tests
+++++++++

    Context Remove-Job tests
++++

    Context Stop-Job tests
++++


  Describing SxS Module Path Basic Tests
+++


  Describing ModuleSpecification objects and logic

    Context ModuleSpecification construction and string parsing
+++++++++++++

    Context ModuleSpecification comparison
+++++++++++++++++++

    Context Invalid ModuleSpecification initialization
+++++


  Describing New-ModuleManifest tests
+++


  Describing Tests for paths of submodules in module manifest
++++++++++++++++++++++++++++++


  Describing Test-ModuleManifest tests
++++++++++++++++++

  Describing Tests for circular references in required modules
++++

  Describing Test-ModuleManifest Performance bug followup
+


  Describing BooleanParameterDCR Tests
++++++++


  Describing Nullable Boolean DCR Tests
++++++++++++++++++++++++


  Describing Parameter Binding Tests
+++++++++++++

    Context Use automatic variables as default value for parameters
++

    Context ValueFromRemainingArguments
++++++


  Describing StaticParameterBinder tests
++++++++++



  Describing New-PSSession basic test
+

  Describing Basic Auth over HTTP not allowed on Unix
+New-PSSession : [localhost] Connecting to remote server localhost failed with the following error message : MI_RESULT_FAILED For more information, see the about_Remote_Troubleshooting Help topic.
At /home/travis/build/PowerShell/PowerShell/test/powershell/engine/Remoting/RemoteSession.Basic.Tests.ps1:30 char:9
+         New-PSSession -Uri $uri -Credential $credential -Authenticati ...
+         ~~~~~~~~~~~~~~~~~~~~~~~~~~~~~~~~~~~~~~~~~~~~~~~~~~~~~~~~~~~~~
+ CategoryInfo          : OpenError: (System.Manageme....RemoteRunspace:RemoteRunspace) [New-PSSession], PSRemotingTransportException
+ FullyQualifiedErrorId : 1,PSSessionOpenFailed
+

  Describing JEA session Get-Help test
!

  Describing Remoting loopback tests
!!!!!!!!!!




  Describing  WSMan SessionOption object
!!!!












  Describing UntrustedDataMode tests for variable assignments
+

    Context Set global variable value in top-level session state
++++++++++++++++++++++

    Context Set variable in Import-LocalizedData
+

    Context Exported variables by module loading
+

    Context Splatting of untrusted value
+

    Context ValidateTrustedDataAttribute takes NO effect in non-FullLanguage
++++++

    Context ValidateTrustedDataAttribute takes effect in FullLanguage
++++++

    Context Validate trusted data for parameters of some built-in powershell cmdlets
++++++


  Describing Tab completion bug fix
+++++

    Context Issue#3416 - 'Select-Object'
+++++


  Describing TabCompletion
+!++++++++++++++++++!!!

    Context NativeCommand
++++?

    Context File name completion
++++++++++++++++++++++++++++++++++++++++++++++++++++++

    Context Cmdlet name completion
++++++++++++++++

    Context Miscellaneous completion tests
++++++++++++++++++++++++++++++++++++++++++++++++++++++++++++++++++++++++++++++++++++++++++++++++++!!!++!++++++++

    Context Module completion for 'using module'
+++

    Context Completion on 'comma', 'redirection' and 'minus' tokens
+++++++++

    Context Folder/File path tab completion with special characters
+++++++

    Context Local tab completion with AST
+++

    Context User-overridden TabExpansion implementations
++

    Context No tab completion tests
+++

    Context Tab completion error tests
++++++++++

    Context DSC tab completion tests
!!!!!!!!!!!!!!!!!!!!!!!!!!

    Context CIM cmdlet completion tests
!!!!!!!!!!!!!!!!!!!!!!!!!

    Context Module cmdlet completion tests
+

    Context Tab completion help test
+


  Describing Configuration file locations

    Context Default configuration file locations
+++!

    Context XDG Base Directory Specification is supported on Linux
+++!

  Describing Working directory on startup
?


  Describing minishell for native executables

    Context Streams from minishell
+++

    Context Streams to minishell
+

  Describing Console host api tests

    Context String escape sequences
++++++

  Describing Pwsh exe resources tests
!!

  Describing Pwsh startup in directories that contain wild cards
++++



  Describing Basic EventLog tests on Windows
!!


  Describing PSVersionTable
++++++++++++




  Describing Protected Member Access - w/ default ctor
+++++++++++++++

  Describing Protected Member Access - w/ non-default ctor
++++++++++++++

  Describing Protected Member Access - members not visible outside class
++++++


  Describing Attributes Test

    Context Property.Instance.ValidateSet.String
+

    Context Property.Static.ValidateSet.String
+

    Context Property.Instance.ValidateRange.Int
+

    Context Property.Static.ValidateRange.Int
+

    Context Property.Static.ValidateSet.ImplicitObject
+

    Context Property.Instance.Transformation.ImplicitObject
++

    Context Property.Instance.Transformation.String
+

    Context Property.Instance.Transformation.Int
++

    Context Property.Instance.Transformation.Nullable
+

    Context Property.Instance.Transformation.Order
++

  Describing Type resolution with attributes

    Context Name collision
+

  Describing ValidateSet support a dynamically generated set

    Context C# tests
+++

    Context Powershell tests
++++Remove-Module : No modules were removed. Verify that the specification of modules to remove is correct and those modules exist in the runspace.
At /home/travis/build/PowerShell/PowerShell/test/powershell/Language/Classes/Scripting.Classes.Attributes.Tests.ps1:404 char:17
+                 Remove-Module -Name $moduleFile -Force
+                 ~~~~~~~~~~~~~~~~~~~~~~~~~~~~~~~~~~~~~~
+ CategoryInfo          : ResourceUnavailable: (:) [Remove-Module], InvalidOperationException
+ FullyQualifiedErrorId : Modules_NoModulesRemoved,Microsoft.PowerShell.Commands.RemoveModuleCommand
 
+

    Context CachedValidValuesGeneratorBase class tests
++


  Describing Positive Parse Properties Tests
++

    Context Positive ParseMethods return type Test
++++++++++

  Describing Negative Parsing Tests

    Context Parse error expected: <<class>>
+++

    Context Parse error expected: <<class foo>>
+++

    Context Parse error expected: <<class foo {>>
+++

    Context Parse error expected: <<class foo { [int] }>>
+++

    Context Parse error expected: <<class foo { $private: }>>
+++

    Context Parse error expected: <<class foo { [int]$global: }>>
+++

    Context Parse error expected: <<class foo { [Attr()] }>>
+++

    Context Parse error expected: <<class foo {} class foo {}>>
+++

    Context Parse error expected: <<class foo { $x; $x; }>>
!++?

    Context Parse error expected: <<class foo { [int][string]$x; }>>
+++

    Context Parse error expected: <<class foo { static static $x; }>>
+++

    Context Parse error expected: <<class foo { [zz]$x; }>>
+++

    Context Parse error expected: <<class foo { [zz]f() { return 0 } }>>
+++

    Context Parse error expected: <<class foo { f([zz]$x) {} }>>
+++

    Context Parse error expected: <<class C {} class C {}>>
+++

    Context Parse error expected: <<class C { f(){} f(){} }>>
!++?

    Context Parse error expected: <<class C { F(){} F($o){} [int] F($o) {return 1} }>>
!++?

    Context Parse error expected: <<class C { f(){} f($a){} f(){} }>>
!++?

    Context Parse error expected: <<class C { f([int]$a){} f([int]$b){} }>>
!++?

    Context Parse error expected: <<class C { $x; [int]$x; }>>
!++?

    Context Parse error expected: <<class C { static C($x) {} }>>
!++?

    Context Parse error expected: <<class C { static C([int]$x = 100) {} }>>
!++?

    Context Parse error expected: <<class C {f(){ return 1} }>>
+++

    Context Parse error expected: <<class C {[int] f(){ return } }>>
+++

    Context Parse error expected: <<class C {[int] f(){} }>>
+++

    Context Parse error expected: <<class C {f(){ $x=1; if($x -lt 2){ return } elseif($x -gt 0 ) {return 1} else{return 2} return 3 } }>>
+++++++

    Context Parse error expected: <<class foo { [int] bar() { $y = $z; return $y} }>>
+++

    Context Parse error expected: <<class foo { bar() { foreach ($zz in $yy) { } } }>>
+++

    Context Parse error expected: <<class foo { bar() { foreach ($zz in $global:yy) { $abc = $zzzzz } } }>>
+++

    Context Parse error expected: <<class foo { bar() { try { $zz = 42 } finally { } $zz } }>>
+++

    Context Parse error expected: <<class foo { bar() { try { $zz = 42 } catch { } $zz } }>>
+++

    Context Parse error expected: <<class foo { bar() { switch (@()) { default { $aa = 42 } } $aa } }>>
+++

    Context Parse error expected: <<class C { $x; static bar() { $this.x = 1 } }>>
+++

    Context Parse error expected: <<class C { $x; static $y = $this.x }>>
+++

    Context Parse error expected: <<class C { [void]foo() { try { throw "foo"} finally { return } } }>>
+++

    Context Parse error expected: <<class C { [int]foo() { return; return 1 } }>>
+++

    Context Parse error expected: <<class C { [int]foo() { try { throw "foo"} catch { } } }>>
+++

    Context Parse error expected: <<class C { [int]foo() { try { throw "foo"} catch [ArgumentException] {} catch {throw $_} } }>>
+++

    Context Parse error expected: <<class C { [int]foo() { try { throw "foo"} catch [ArgumentException] {return 1} catch {} } }>>
+++

    Context Parse error expected: <<class C { [int]foo() { while ($false) { return 1 } } }>>
+++

    Context Parse error expected: <<class C { [int]foo() { try { mkdir foo } finally { rm -rec foo } } }>>
+++

    Context Parse error expected: <<class C { [int]foo() { try { mkdir foo; return 1 } catch { } } }>>
+++

    Context Parse error expected: <<class C { [bool] Test() { if ($false) { return $true; } } }>>
+++

    Context Parse error expected: <<class C { [int]$i; [void] foo() {$i = 10} }>>
+++

    Context Parse error expected: <<class C { static [int]$i; [void] foo() {$i = 10} }>>
+++

    Context Parse error expected: <<class C : B>>
+++

    Context Parse error expected: <<Class foo { q(){} w(){}>>
+++

  Describing Negative methods Tests

    Context Parse error expected: <<class foo { f() { param($x) } }>>
+++

    Context Parse error expected: <<class foo { f() { dynamicparam {} } }>>
+++

    Context Parse error expected: <<class foo { f() { begin {} } }>>
+++

    Context Parse error expected: <<class foo { f() { process {} } }>>
+++

    Context Parse error expected: <<class foo { f() { end {} } }>>
+++

    Context Parse error expected: <<class foo { f([Parameter()]$a) {} }>>
+++

    Context Parse error expected: <<class foo { [int] foo() { return 1 }}>>
+++

    Context Parse error expected: <<class foo { [void] bar($a, [string][int]$b, $c) {} }>>
+++

  Describing Negative Assignment Tests

    Context Parse error expected: <<class foo { [string ]$path; f() { $path="" } }>>
+++

    Context Parse error expected: <<class foo { [string ]$path; f() { [string] $path="" } }>>
+++

    Context Parse error expected: <<class foo { [string ]$path; f() { [int] [string] $path="" } }>>
+++

  Describing Negative Assignment Tests

    Context Parse error expected: <<[DscResource()]class C { [bool] Test() { return $false } [C] Get() { return $this } Set() {} }>>
+++

    Context Parse error expected: <<[DscResource()]class C { [DscProperty(Key)][string]$Key; [C] Get() { return $this } Set() {} }>>
+++

    Context Parse error expected: <<[DscResource()]class C { [DscProperty(Key)][string]$Key; [C] Get() { return $this } Set() {} Test() { } }>>
+++

    Context Parse error expected: <<[DscResource()]class C { [DscProperty(Key)][string]$Key; [C] Get() { return $this } Set() {} [int] Test() { return 1 } }>>
+++

    Context Parse error expected: <<[DscResource()]class C { [DscProperty(Key)][string]$Key; [C] Get() { return $this } Set() {} [bool] Test($a) { return $false } }>>
+++

    Context Parse error expected: <<[DscResource()]class C { [DscProperty(Key)][string]$Key; [bool] Test() { return $false } Set() {} }>>
+++

    Context Parse error expected: <<[DscResource()]class C { [DscProperty(Key)][string]$Key; [bool] Test() { return $false } Set() {} Get() { } }>>
+++

    Context Parse error expected: <<[DscResource()]class C { [DscProperty(Key)][string]$Key; [bool] Test() { return $false } Set() {} [int] Get() { return 1 } }>>
+++

    Context Parse error expected: <<[DscResource()]class C { [DscProperty(Key)][string]$Key; [bool] Test() { return $false } Set() {} [C] Get($a) { return $this } }>>
+++

    Context Parse error expected: <<[DscResource()]class C { [DscProperty(Key)][string]$Key; [bool] Test() { return $false } [C] Get() { return $this } }>>
+++

    Context Parse error expected: <<[DscResource()]class C { [DscProperty(Key)][string]$Key; [bool] Test() { return $false } [C] Get() { return $this } [int] Set() { return 1 } }>>
+++

    Context Parse error expected: <<[DscResource()]class C { [DscProperty(Key)][string]$Key; [bool] Test() { return $false } [C] Get() { return $this } Set($a) { } }>>
+++

    Context Parse error expected: <<[DscResource()]class C { [DscProperty(Key)][string]$Key; [bool] Test() { return $false } [C] Get() { return $this } Set() {} C($a) { } }>>
+++

  Describing Negative DscResources Tests

    Context Parse error expected: <<[Flags()]class C{}>>
+++

    Context Parse error expected: <<class C { [Flags()]$field; }>>
+++

    Context Parse error expected: <<class C { [Flags()]foo(){} }>>
+++

    Context Parse error expected: <<[UnknownAttr()]class C{}>>
+++

    Context Parse error expected: <<[System.Management.Automation.Cmdlet()]class C{}>>
!++?

    Context Parse error expected: <<[System.Management.Automation.Cmdlet("zz")]class C{}>>
!++?

    Context Parse error expected: <<[System.Management.Automation.Cmdlet("Get", "Thing", Prop=1)]class C{}>>
+++

    Context Parse error expected: <<[System.Management.Automation.Cmdlet("Get", "Thing", ConfirmImpact="foo")]class C{}>>
!++?

    Context Parse error expected: <<[System.Management.Automation.Cmdlet("Get", "Thing", NounName="foo")]class C{}>>
+++

    Context Parse error expected: <<[System.Management.Automation.Cmdlet("Get", "Thing", ConfirmImpact=$zed)]class C{}>>
+++

    Context Parse error expected: <<class C{ [ValidateScript({})]$p; }>>
+++

  Describing Negative ClassAttributes Tests
++++++++++

    Context Support ConfirmImpact as an attribute
+

  Describing Property Attributes Test
++++

  Describing Method Attributes Test
++

  Describing Positive SelfClass Type As Parameter Test
++

  Describing PositiveReturnSelfClassTypeFromMemberFunction Test
+

  Describing TestMultipleArguments Test
++++++++++++++++++++++++++++

  Describing Scopes Test

  Describing Check PS Class Assembly Test
+

  Describing ScriptScopeAccessFromClassMethod
+

  Describing Hidden Members Test 
+++++

  Describing BaseMethodCall Test 
++

  Describing Scoped Types Test
++++++

  Describing ParameterOfClassTypeInModule Test
+

  Describing Type building
+?+

  Describing RuntimeType created for TypeDefinitionAst
?

  Describing TypeTable lookups

    Context Call methods from a different thread
++

  Describing Protected method access
++

  Describing variable analysis
+


  Describing Break statements with classes

    Context break is inside a class method
+++

    Context continue inside a class method
+

    Context break is in called function
!!

    Context no classes involved
+


  Describing Exceptions flow for classes

    Context All calls are inside classes
+++

    Context Class method call PS function
++

    Context No class is involved
+

  Describing Exception error position
++++

  Describing Exception from initializer
++++


  Describing Classes inheritance syntax
+++++++

    Context Inheritance from abstract .NET classes
+++

  Describing Classes inheritance syntax errors

    Context Parse error expected: <<class A : NonExistingClass {}>>
+++

    Context Parse error expected: <<class A : {}>>
+++

    Context Parse error expected: <<class A {}; class B : A, {}>>
+++

    Context Parse error expected: <<class A{} ; class B : A[] {}>>
!++?

    Context Parse error expected: <<class A : System.Collections.Generic.List`1 {}>>
!++?

    Context Parse error expected: <<class A {}; class B : A, NonExistingInterface {}>>
+++

    Context Parse error expected: <<class A {} ; class B {}; class C : A, B {}>>
!++?

    Context Parse error expected: <<class A{} ; class B : A, System.IDisposable[] {}>>
!++?

    Context Parse error expected: <<class A {}; class B : A, NonExistingInterface {}>>
+++

    Context Parse error expected: <<class A { A($a){} } ; class B : A { foo() : base(1) {} }>>
+++

    Context Parse error expected: <<class A { static A() {} }; class B { static B() : base() {} }>>
+++

    Context Parse error expected: <<class A { A($a){} } ; class B : A { B() : bas {} }>>
+++

    Context Parse error expected: <<class A { A($a){} } ; class B : A { B() : base( {} }>>
+++++

    Context Parse error expected: <<class A { A($a){} } ; class B : A { B() : base {} }>>
+++++

    Context Parse error expected: <<class baz : string {}>>
!++?

    Context Parse error expected: <<class bar {}; class baz : bar, Non.Existing.Interface {}>>
!++?

    Context Parse error expected: <<class MyType : Type {}>>
!++?

    Context Parse error expected: <<class A : B {}; class B {}>>
!++?

    Context Parse error expected: <<class A : B {}; class B : A {}>>
!++?

    Context Parse error expected: <<class A : C {}; class B : A {}; class C : B {}>>
!++?

  Describing Classes methods with inheritance

    Context Method calls
+++++++++++++

    Context base static method call
!+

  Describing Classes inheritance ctors syntax errors

    Context Parse error expected: <<class MyComparable : system.IComparable {}>>
!++?

    Context Parse error expected: <<class MyComparable : system.IComparable { [void] CompareTo([object]$obj) {} }>>
!++?

    Context Parse error expected: <<class MyCollection : System.Collections.ObjectModel.ReadOnlyCollection[int] {}>>
!++?

    Context Parse error expected: <<class A { A([int]$a) {} }; class B : A {}>>
!++?

  Describing Classes inheritance ctors
++++++

  Describing Type creation
+


  Describing Misc Test

    Context Where
++

    Context ForEach
++

    Context Class instantiation
++


  Describing PSModuleInfo.GetExportedTypeDefinitions()
+

  Describing use of a module from two runspaces
+

  Describing Module reloading with Class definition
++


  Describing NestedModules
++

    Context execute type creation in the module context
?+


  Describing Script with a class definition run path
++


  Describing Additional static method tests

    Context Basic static member methods
++

    Context Class defined in different Runspace
+++


  Describing using module
+++++++++++++

    Context parse time errors
+++++++++++++

    Context short name in case of name collision
++++

    Context using use the latest version of module after Import-Module -Force
+

    Context Side by side
++++

    Context Use module with runtime error
+

    Context shared InitialSessionState
+

    Context Module by path
+++++++

    Context module has non-terminating error handled with 'SilentlyContinue'
+


  Describing enums

    Context basic enums
+++++

    Context Basic enum with initial value
+++++

    Context Basic enum with initial value expression
++++++

    Context Enum with complicated initial value
+++

  Describing Basic enum errors

    Context Parse error expected: <<enum>>
+++

    Context Parse error expected: <<enum foo>>
+++

    Context Parse error expected: <<enum foo {>>
+++

    Context Parse error expected: <<enum foo { x = }>>
+++

    Context Parse error expected: <<enum foo { x =>>
+++++

    Context Parse error expected: <<enum foo {} enum foo {}>>
+++

    Context Parse error expected: <<enum foo { x; x }>>
!++?

    Context Parse error expected: <<enum foo { X; x }>>
!++?

    Context Parse error expected: <<enum foo1 { x = [foo2]::x } enum foo2 { x = [foo1]::x }>>
!++?

    Context Parse error expected: <<enum foo { e = [int]::MaxValue;  e2 }>>
!++?

    Context Parse error expected: <<enum foo { e = [int]::MaxValue + 1 }>>
!++?

    Context Parse error expected: <<enum foo { e = $foo }>>
!++?

    Context Parse error expected: <<enum foo { e = "hello" }>>
!++?

    Context Parse error expected: <<enum foo { a;b;c;>>
+++


  Describing DotNetAPI
+++++


  Describing Handle ByRef-like types gracefully
++++++++++++++++++++++


  Describing ComparisonOperator
+++++++++++++++++++++++++++++++++++++++++++++

  Describing Bytewise Operator
++++++


  Describing Range Operator

    Context Range integer operations
+++++++

    Context Character expansion
+++++++++

    Context Range operator operand types
+


  Describing Replace Operator

    Context Replace operator
+++

    Context Replace operator substitutions
+++++


  Describing Split Operator

    Context Binary split operator
+++++++

    Context Binary split operator options
+++++++++++++

    Context Unary split operator
+++


  Describing The SafeGetValue method on AST returns safe values
++++


  Describing Automatic variable $input
!+


  Describing bnot on enums

    Context E_sbyte
++++

    Context E_uint
++++

    Context E_ushort
++++

    Context E_long
++++

    Context E_int
++++

    Context E_byte
++++

    Context E_ulong
++++

    Context E_short
++++

  Describing bnot on integral types

    Context SByte
++++

    Context UInt32
++++

    Context UInt16
++++

    Context Int64
++++

    Context Int32
++++

    Context Byte
++++

    Context UInt64
++++

    Context Int16
++++


  Describing conversion syntax
+++

    Context Cast object[] to more narrow generic collection
+++++++++++++++

  Describing method conversion
++++++++++++


  Describing Script block based extensible completion

    Context Command line: <TestFunction -Beta 11 -Gamma 22 -Alpha aa>
+

  Describing Test class based extensible completion

    Context Command line: <TestFunction -Alpha 42 -Gamma 44 -Beta zz>
+

  Describing Test registration based extensible completion

    Context Command line: <TestFunction -Alpha aa -Beta bb -Gamma 42>
+

  Describing Test extensible completion of native commands

    Context Command line: <netsh >
++

  Describing Test completion of parameters for native commands

    Context Command line: <foo ->
++++

    Context Command line: <foo -v>
++

  Describing Test extensible completion of using namespace

    Context Command line: <Using namespace sys>
+

    Context Command line: <Using namespace system.>
++++

    Context Command line: <Using namespace System.Management.Automati>
+

    Context Command line: <using namespace System.Management.Automation.>
+++!+++!

  Describing Type extensible completion of type after using namespace

    Context Command line: <using namespace System; [TextR>
+

    Context Command line: <using namespace System.IO; [TextR>
+

    Context Command line: <[aliasatt>
+

    Context Command line: <using namespace System; [strin>
+

  Describing Additional type name completion tests

    Context Command line: <Get-Command -ParameterType System>
++

    Context Command line: <Get-Command -ParameterType System.>
++

    Context Command line: <Get-Command -ParameterType System.Collections.Generic.Li>
+++

    Context Command line: <Get-Command -ParameterType System.Collections.Generic.Dic>
+

  Describing ArgumentCompletionsAttribute tests
++++


  Describing Clone array
++

  Describing Set fields through PSMemberInfo
+++

  Describing MSFT:3309783
+++

  Describing ScriptBlockAst.GetScriptBlock throws on error
++

  Describing Hashtable key property syntax
++

  Describing Assign automatic variables
+++++++++++++++++++

  Describing Assign readonly/constant variables
++++++

  Describing Attribute error position
+

  Describing Multiple alias attributes
+

  Describing Members of System.Type
+

  Describing Hash expression with if statement as value
+++



  Describing Argument transformation attribute on optional argument with explicit $null
+++++++++


  Describing ParserTests (admin\monad\tests\monad\src\engine\core\ParserTests.cs)
+++++++++++++++

    Context Test Unicode escape sequences.
+++++++++++++

    Context Test that we support all of the C# escape sequences. We use the  instead of \. (line 613)
++++++++++++++++++++++++++++++++++++++++

    Context Boolean Tests (starting at line 1723 to line 1772)
+++++++++

    Context Comparison operator Tests (starting at line 1785 to line 1842)
+++++++++++++++++++++++

    Context Arithmetic and String Comparison Tests (starting at line 1848 to line 1943)
++++++++++++++++++++++

    Context Comparison Operators with Arrays Tests (starting at line 2015 to line 2178)
+++++++++

    Context Numerical Notations Tests (starting at line 2374 to line 2452)
++++++++++++++++++++++++++++++++++++?+++

    Context Mathematical Operations Tests (starting at line 2975 to line 3036)
++
			6 should return 2 46ms
+
			6 *
			4  +
			2 ) /
			2 -
			3 should return 2 45ms
+++++++

    Context #requires nested scan tokenizer tests
++++


  Describing for statement parsing

    Context Parse error expected: <<for>>
+++

    Context Parse error expected: <<for(>>
+++

    Context Parse error expected: <<for(;>>
+++

    Context Parse error expected: <<for(;;>>
+++

    Context Parse error expected: <<for($a>>
+++

    Context Parse error expected: <<for($a;>>
+++

    Context Parse error expected: <<for($a;$b>>
+++

    Context Parse error expected: <<for($a;$b;>>
+++

    Context Parse error expected: <<for($a;$b;$c>>
+++

    Context Parse error expected: <<for($a;$b;$c)>>
+++

    Context Parse error expected: <<:lab for>>
+++

    Context Parse error expected: <<:lab for(>>
+++

    Context Parse error expected: <<:lab for(;>>
+++

    Context Parse error expected: <<:lab for(;;>>
+++

    Context Parse error expected: <<:lab for($a>>
+++

    Context Parse error expected: <<:lab for($a;>>
+++

    Context Parse error expected: <<:lab for($a;$b>>
+++

    Context Parse error expected: <<:lab for($a;$b;>>
+++

    Context Parse error expected: <<:lab for($a;$b;$c>>
+++

    Context Parse error expected: <<:lab for($a;$b;$c)>>
+++

    Context Error Statement expected: <<for z>>
+++

    Context Error Statement expected: <<for {}>>
+++

    Context Error Statement expected: <<for ()>>
+++

    Context Error Statement expected: <<for(>>
+++

    Context Error Statement expected: <<for(;>>
+++

    Context Error Statement expected: <<for(;;>>
+++

    Context Error Statement expected: <<for($a>>
++++++

    Context Error Statement expected: <<for($a;$b>>
+++++++++

    Context Error Statement expected: <<for($a;$b;$c>>
++++++++++++

    Context Error Statement expected: <<for($a;$b;$c)>>
++++++++++++

    Context Error Statement expected: <<for()zzzz>>
+++

    Context Error Statement expected: <<:lab for z>>
+++

    Context Error Statement expected: <<:lab for {}>>
+++

    Context Error Statement expected: <<:lab for ()>>
+++

    Context Error Statement expected: <<:lab for(>>
+++

    Context Error Statement expected: <<:lab for(;>>
+++

    Context Error Statement expected: <<:lab for(;;>>
+++

    Context Error Statement expected: <<:lab for($a>>
++++++

    Context Error Statement expected: <<:lab for($a;$b>>
+++++++++

    Context Error Statement expected: <<:lab for($a;$b;$c>>
++++++++++++

    Context Error Statement expected: <<:lab for($a;$b;$c)>>
++++++++++++

    Context Error Statement expected: <<:lab for()zzzz>>
+++

  Describing foreach statement parsing

    Context Parse error expected: <<foreach>>
+++

    Context Parse error expected: <<foreach (>>
+++

    Context Parse error expected: <<foreach ($a>>
+++

    Context Parse error expected: <<foreach ($a into>>
+++

    Context Parse error expected: <<foreach ($a in>>
+++

    Context Parse error expected: <<foreach ($a in $x>>
+++

    Context Parse error expected: <<foreach ($a in $x)>>
+++

    Context Parse error expected: <<:lab foreach>>
+++

    Context Parse error expected: <<:lab foreach (>>
+++

    Context Parse error expected: <<:lab foreach ($a>>
+++

    Context Parse error expected: <<:lab foreach ($a into>>
+++

    Context Parse error expected: <<:lab foreach ($a in>>
+++

    Context Parse error expected: <<:lab foreach ($a in $x>>
+++

    Context Parse error expected: <<:lab foreach ($a in $x)>>
+++

    Context Error Statement expected: <<foreach>>
+++

    Context Error Statement expected: <<foreach z>>
+++

    Context Error Statement expected: <<foreach (>>
+++

    Context Error Statement expected: <<foreach ($a>>
++++

    Context Error Statement expected: <<foreach ($a zz>>
++++

    Context Error Statement expected: <<foreach ($a # line comment>>
++++

    Context Error Statement expected: <<foreach ($a $zz>>
++++

    Context Error Statement expected: <<foreach ($a in>>
++++

    Context Error Statement expected: <<foreach ($a in $b>>
+++++++

    Context Error Statement expected: <<foreach ($a in $b <#hmm#>)>>
+++++++

    Context Error Statement expected: <<:lab foreach>>
+++

    Context Error Statement expected: <<:lab foreach z>>
+++

    Context Error Statement expected: <<:lab foreach (>>
+++

    Context Error Statement expected: <<:lab foreach ($a>>
++++

    Context Error Statement expected: <<:lab foreach ($a zz>>
++++

    Context Error Statement expected: <<:lab foreach ($a # line comment>>
++++

    Context Error Statement expected: <<:lab foreach ($a $zz>>
++++

    Context Error Statement expected: <<:lab foreach ($a in>>
++++

    Context Error Statement expected: <<:lab foreach ($a in $b>>
+++++++

    Context Error Statement expected: <<:lab foreach ($a in $b <#hmm#>)>>
+++++++

  Describing do/while statement statement parsing

    Context Parse error expected: <<do>>
+++

    Context Parse error expected: <<do {}>>
+++

    Context Parse error expected: <<do {} while>>
+++

    Context Parse error expected: <<do {} while (>>
+++

    Context Parse error expected: <<do {} while (1>>
+++

    Context Parse error expected: <<:lab do>>
+++

    Context Parse error expected: <<:lab do {}>>
+++

    Context Parse error expected: <<:lab do {} while>>
+++

    Context Parse error expected: <<:lab do {} while (>>
+++

    Context Parse error expected: <<:lab do {} while (1>>
+++

    Context Error Statement expected: <<do>>
+++

    Context Error Statement expected: <<do {1}>>
+++++++

    Context Error Statement expected: <<do {1} while>>
+++++++

    Context Error Statement expected: <<do {1} while(>>
+++++++

    Context Error Statement expected: <<do {1} while($false>>
++++++++++

    Context Error Statement expected: <<:lab do>>
+++

    Context Error Statement expected: <<:lab do {1}>>
+++++++

    Context Error Statement expected: <<:lab do {1} while>>
+++++++

    Context Error Statement expected: <<:lab do {1} while(>>
+++++++

    Context Error Statement expected: <<:lab do {1} while($false>>
++++++++++

  Describing do/while statement statement parsing

    Context Parse error expected: <<do>>
+++

    Context Parse error expected: <<do {}>>
+++

    Context Parse error expected: <<do {} until>>
+++

    Context Parse error expected: <<do {} until (>>
+++

    Context Parse error expected: <<do {} until (1>>
+++

    Context Parse error expected: <<:lab do>>
+++

    Context Parse error expected: <<:lab do {}>>
+++

    Context Parse error expected: <<:lab do {} until>>
+++

    Context Parse error expected: <<:lab do {} until (>>
+++

    Context Parse error expected: <<:lab do {} until (1>>
+++

    Context Error Statement expected: <<do>>
+++

    Context Error Statement expected: <<do {1}>>
+++++++

    Context Error Statement expected: <<do {1} until>>
+++++++

    Context Error Statement expected: <<do {1} until(>>
+++++++

    Context Error Statement expected: <<do {1} until($false>>
++++++++++

    Context Error Statement expected: <<:lab do>>
+++

    Context Error Statement expected: <<:lab do {1}>>
+++++++

    Context Error Statement expected: <<:lab do {1} until>>
+++++++

    Context Error Statement expected: <<:lab do {1} until(>>
+++++++

    Context Error Statement expected: <<:lab do {1} until($false>>
++++++++++

  Describing trap statement parsing

    Context Parse error expected: <<trap>>
+++

    Context Parse error expected: <<trap [int]>>
+++

    Context Error Statement expected: <<trap>>
+++

    Context Error Statement expected: <<trap [int]>>
++++

  Describing named blocks parsing

    Context Parse error expected: <<begin>>
+++

    Context Parse error expected: <<process>>
+++

    Context Parse error expected: <<end>>
+++

    Context Parse error expected: <<dynamicparam>>
+++

    Context Parse error expected: <<begin process {}>>
+++

    Context Parse error expected: <<end process {}>>
+++

    Context Parse error expected: <<dynamicparam process {}>>
+++

    Context Parse error expected: <<process begin {}>>
+++

    Context Parse error expected: <<begin process end>>
+++++++

    Context Ast Validation: <<begin>>
+++

    Context Ast Validation: <<begin end>>
++++

    Context Ast Validation: <<begin end process>>
+++++

    Context Ast Validation: <<begin {} end>>
++++

  Describing data statement parsing

    Context Parse error expected: <<data>>
+++

    Context Parse error expected: <<data foo>>
+++

    Context Parse error expected: <<data -abc>>
+++

    Context Parse error expected: <<data -abc foo {}>>
+++

    Context Parse error expected: <<data -abc & {}>>
+++

    Context Parse error expected: <<data -s & {}>>
+++

    Context Parse error expected: <<data -s ) {}>>
+++++

    Context Parse error expected: <<data -s } {}>>
+++++

    Context Parse error expected: <<data -s ; {}>>
+++

    Context Parse error expected: <<data -sup a,>>
+++

    Context Parse error expected: <<data -sup a,b>>
+++

    Context Error Statement expected: <<data>>
+++

    Context Error Statement expected: <<data -s & {}>>
+++

    Context Error Statement expected: <<data -s ) {}>>
+++

    Context Error Statement expected: <<data -s abc>>
++++

    Context Error Statement expected: <<data -s abc,>>
++++

    Context Error Statement expected: <<data -s a,b>>
+++++

  Describing try/catch/finally statement parsing

    Context Parse error expected: <<try>>
+++

    Context Parse error expected: <<try {}>>
+++

    Context Parse error expected: <<try {} catch>>
+++

    Context Parse error expected: <<try {} finally>>
+++

    Context Parse error expected: <<try {} catch [int]>>
+++

    Context Parse error expected: <<try {} catch {} finally>>
+++

    Context Parse error expected: <<try {} catch {} catch>>
+++

    Context Parse error expected: <<try {} catch [int],>>
+++

    Context Parse error expected: <<try {} finally { return }>>
+++

    Context Parse error expected: <<try {} finally { break }>>
+++

    Context Parse error expected: <<try {} finally { continue }>>
+++

    Context Error Statement expected: <<try>>
+++

    Context Error Statement expected: <<try {1}>>
+++++++

    Context Error Statement expected: <<try {1} catch>>
+++++++

    Context Error Statement expected: <<try {1} finally>>
+++++++

    Context Error Statement expected: <<try {1} catch [int]>>
++++++++

    Context Error Statement expected: <<try {1} catch {2} finally>>
++++++++++++

    Context Error Statement expected: <<try {1} catch {2} catch>>
++++++++++++

    Context Error Statement expected: <<try {1} catch [int],[char] {2} catch>>
++++++++++++++

    Context Error Statement expected: <<try {1} catch [int],>>
++++++++

  Describing switch statement parsing

    Context Parse error expected: <<switch>>
+++

    Context Parse error expected: <<switch -abc>>
+++++

    Context Parse error expected: <<switch -file>>
+++

    Context Parse error expected: <<switch -file a (1)>>
+++++

    Context Parse error expected: <<switch (>>
+++

    Context Parse error expected: <<switch ()>>
+++++

    Context Parse error expected: <<switch ("abc")  >>
+++

    Context Parse error expected: <<switch ("abc")  {>>
+++

    Context Parse error expected: <<switch ("abc")  { 1>>
+++

    Context Parse error expected: <<switch ("abc")  { 1 }>>
+++

    Context Parse error expected: <<switch (1) {default {} default {}}>>
+++

    Context Error Statement expected: <<switch>>
+++

    Context Error Statement expected: <<switch -abc>>
+++

    Context Error Statement expected: <<switch (>>
+++

    Context Error Statement expected: <<switch ()>>
+++

    Context Error Statement expected: <<switch -file>>
+++

    Context Error Statement expected: <<switch -file a>>
+++

    Context Ast Validation: <<switch -file a>>

    Context Error Statement expected: <<switch -file a (1)>>
++++++

    Context Ast Validation: <<switch -file a (1)>>

    Context Error Statement expected: <<switch (1) {foo>>
+++++++

    Context Error Statement expected: <<switch (1) {foo}>>
+++++++

    Context Error Statement expected: <<switch (1) {foo {bar}>>
+++++++++++

    Context Error Statement expected: <<switch (1) {default {9} default{2}>>
++++++++++++++++

  Describing function statement parsing

    Context Parse error expected: <<function>>
+++

    Context Parse error expected: <<function foo>>
+++

    Context Parse error expected: <<function foo(>>
+++

    Context Parse error expected: <<function foo {>>
+++

    Context Parse error expected: <<function foo { function bar { if (1) {} }>>
+++

    Context Parse error expected: <<function f { param($a,[int]$a) }>>
+++

    Context Parse error expected: <<function f($a,[int]$a){}>>
+++

    Context Parse error expected: <<function foo {param(}>>
+++

    Context Error Statement expected: <<function foo()>>
+++

    Context Error Statement expected: <<function foo($a)>>
+++++

    Context Error Statement expected: <<function foo($a = 1)>>
++++++

    Context Error Statement expected: <<function foo($a>>
+++++

    Context Error Statement expected: <<function foo($a 1>>
+++++

    Context Error Statement expected: <<function foo($a = 1>>
++++++

  Describing assignment statement parsing

    Context Parse error expected: <<$a,$b += 1,2>>
+++

  Describing splatting parsing

    Context Parse error expected: <<@a>>
+++

    Context Parse error expected: <<foreach (@a in $b) {}>>
+++

    Context Parse error expected: <<param(@a)>>
+++

    Context Parse error expected: <<function foo (@a) {}>>
+++

  Describing Pipes parsing

    Context Parse error expected: <<gps|>>
+++

    Context Parse error expected: <<1|1>>
+++

    Context Parse error expected: <<$a=>>
+++

  Describing commands parsing

    Context Parse error expected: <<gcm -a:>>
+++

    Context Parse error expected: <<gcm -a: 1,>>
+++

    Context Parse error expected: <<gcm ,>>
+++

  Describing tokens parsing

    Context Parse error expected: <<   )>>
+++

    Context Parse error expected: <<   }>>
+++

  Describing expressions parsing

    Context Parse error expected: <<1+>>
+++

    Context Parse error expected: <<[a()][b]>>
+++

    Context Parse error expected: <<[a()][b]2>>
+++

    Context Parse error expected: <<[ref][ref]$x>>
+++

    Context Parse error expected: <<[int][ref]$x>>
+++

    Context Parse error expected: <<[int][ref]$x = 42>>
+++

  Describing Hash Expression parsing

    Context Parse error expected: <<@{ a=1;b=2;c=3;>>
+++

  Describing Unicode escape sequence parsing

    Context Parse error expected: <<"`u{}">>
+++

    Context Parse error expected: <<"`u{219z}">>
+++

    Context Parse error expected: <<"`u{12345z}">>
+++

    Context Parse error expected: <<"`u{1234567}">>
+++

    Context Parse error expected: <<"`u{110000}">>
+++

    Context Parse error expected: <<"`u2195}">>
+++

    Context Parse error expected: <<"`u{>>
+++++

    Context Parse error expected: <<"`u{1>>
+++++

    Context Parse error expected: <<"`u{123456>>
+++++

    Context Parse error expected: <<"`u{1234567>>
+++++


  Describing Redirection operator now supports encoding changes
+

  Describing File redirection mixed with Out-Null
+

  Describing File redirection should have 'DoComplete' called on the underlying pipeline processor
++


  Describing Type accelerators

    Context BuiltIn Accelerators
+++++++++++++++++++++++++++++++++++++++++++++++++++++++++++++++++++++++++++++++++++++++++++++++!

    Context User Defined Accelerators
++


  Describing Using assembly
++++?+?


  Describing Using Namespace
++?+++

    Context Parse error expected: <<1; using namespace System>>
+++

    Context Parse error expected: <<using namespace Foo = System>>
+++


  Describing Breakpoints set on custom FileSystem provider files should work
+

  Describing Tests line breakpoints on dot-sourced files
+

  Describing Function calls clear debugger cache too early
++

  Describing Line breakpoints on commands in multi-line pipelines
+++

    Context COM TESTS
!!!

  Describing Unit tests for various script breakpoints
+++++++++++++++++++++++++++++++++++++++++++++++++++++++++++

  Describing Unit tests for line breakpoints on dot-sourced files
In Function1
In Get-TestCmdlet (begin)
In Get-TestCmdlet (process)
In Get-TestCmdlet (end)
+++

  Describing Unit tests for line breakpoints on modules
++++

  Describing Sometimes line breakpoints are ignored
++


  Describing Breakpoints when set should be hit

    Context Basic tests
+

    Context Break point on switch condition should be hit only when enumerating it
+

    Context Break point on for-statement initializer should be hit
+++++

    Context Break point on while loop condition should be hit
++

    Context Break point on do-while loop condition should be hit
++

    Context Break point on do-until loop condition should be hit
++

    Context Break point on if condition should be hit
++++


  Describing Tests Debugger GetCallStack() on runspaces when attached to a WinRM host process
!


  Describing Native Command Arguments
++++++++++++


  Describing Native pipeline should have proper encoding
+


  Describing NativeLinuxCommands
++++++

  Describing Scripts with extensions
++


  Describing Native streams behavior with PowerShell

    Context Error stream
+++++

  Describing piping powershell objects to finished native executable
+


  Describing Native UNIX globbing tests
+++++++++++++++++++!!!!+++++


  Describing Tests for (error, warning, etc) action preference

    Context Setting ErrorActionPreference to stop prevents user from getting the error exception
+++++++++!+++?
VERBOSE: Performing the operation "Create File" on target "Destination: /tmp/fd43f71b-7e2c-47ad-8430-a09010af40b9/test.txt".
VERBOSE: Performing the operation "Create File" on target "Destination: /tmp/fd43f71b-7e2c-47ad-8430-a09010af40b9/test.txt".
++


  Describing ArrayExpression Tests
++++++++++++

  Describing ArrayLiteral Tests
+++


  Describing Test restricted language check method on scriptblocks
++++++++++++


  Describing Cmdlet declaration statement
++++++++++++


  Describing Common parameters support for script cmdlets

    Context Debug
++

    Context verbose
++

    Context erroraction
++++

    Context SupportShouldprocess
+++

    Context confirmimpact support: none
++

    Context confirmimpact support: low under the non-interactive host
++

    Context confirmimpact support: Medium under the non-interactive host
++

    Context confirmimpact support: High under the non-interactive host
++

    Context ShouldContinue Support under the non-interactive host
+


  Describing Test constrained language mode
+


  Describing Test for conversion b/w script block and delegate
+

    Context System.Action`1
+

    Context System.Action`2
+

    Context System.Action`3
+

    Context System.Action`4
+

    Context System.Action`5
+

    Context System.Action`6
+

    Context System.Action`7
+

    Context System.Action`8
++++

    Context System.Func`2
++

    Context System.Func`3
++

    Context System.Func`4
++

    Context System.Func`5
++

    Context System.Func`6
++

    Context System.Func`7
++

    Context System.Func`8
++

    Context System.Func`9
++


  Describing DeserializedMethods
+


  Describing Tests conversion of deserialized types to original type using object properties.

    Context Type conversion and parameter binding of deserialized Type case 1: type definition contains public fields
++

    Context Type conversion and parameter binding of deserialized Type case 2: type definition contains public properties
++

    Context Type conversion and parameter binding of deserialized Type case 1: type definition contains 2 public properties and 1 read only property
++

    Context Type conversion and parameter binding of deserialized Type case 1: type definition contains 2 public properties
++

    Context Type conversion and parameter binding of deserialized Powershell class with default constructor
++

    Context Type conversion and parameter binding of deserialized Powershell class with a defualt constructor and a constructor
++


  Describing Dynamic parameter support in script cmdlets.
+++++


  Describing Error position Tests
++++++++++


  Describing Parallel foreach syntax

    Context Should be able to retrieve AST of parallel foreach, error in regular case
++!

    Context Supports newlines before and after
++

    Context Generates an error on invalid parameter
++

    Context Generate an error on -parallel that is not a workflow
++


  Describing Generics support
++++++++!+


  Describing Tests for hashtable to PSCustomObject conversion
++++++++++++++++


  Describing Testing of script internationalization
+++++++++++++++


  Describing Tests for indexers
++!!+++


  Describing Line endings
++++++++++++++++++++++++++++++


  Describing Testing of MyInvocation
++

    Context MyInvocation works in Script block
++++


  Describing Test for cmdlet to support Ordered Attribute on hash literal nodes
+

    Context Select-Xml cmdlet - Namespace parameter must take IDictionary
+!

    Context Select-Object cmdlet - Property parameter (Calculated properties) must take IDictionary
+


  Describing Tests OutVariable only
+++++

  Describing Test ErrorVariable only
++++++

  Describing Update both OutVariable and ErrorVariable
++++

    Context Error variable in multi-command pipeline (with native cmdlet)
+++++


  Describing Tests for parameter binding

    Context Test of Mandatory parameters
++++++++++++++++++++++++++

    Context Default value conversion tests
+++++++++++!+


  Describing Requires tests

    Context Parser error
+++++++

    Context Interactive requires
+


  Describing get-help file

    Context get-help file1
++

    Context get-help file2
++

  Describing get-help other tests

    Context get-help missingHelp
++

    Context get-help helpFunc2
++

    Context get-help file and get-help helpFunc2
++

    Context get-help file and get-help helpFunc2
++

    Context get-help psuedo file
+++++++++

    Context get-help helpFunc5
++

    Context get-help helpFunc6 script help xml
++

    Context get-help helpFunc6 script help xml
++

    Context get-help helpFunc7
++++

    Context get-help helpFunc8
++

    Context get-help helpFunc9
+++

    Context get-help helpFunc11
++++++

    Context get-help helpFunc12
++++++++++++++

    Context get-help helpFunc12
+++

    Context get-help -Examples prompt string should have trailing space
+


  Describing Scripting.Followup.Tests
+++


  Describing Test trap

    Context Trap with flow control
++++


  Describing Test try/catch
+

    Context Basic exception handling
+++

    Context Mix traps with try/catch
++

    Context Catch by type
+++++

    Context Control flow in try [exit not tested and throw tested elsewhere]
++?++

    Context Control flow in catch [exit not tested and throw tested elsewhere]
++++++??

    Context Control flow in finally, normal execution
++

    Context Control flow in finally, abnormal execution
++

    Context Exception object
++

    Context Rethrow
++

    Context Additional try/catch tests by exception types
+++++


  Describing CimInstance cmdlet tests
????


  Describing New-CimSession
???


  Describing Get-CimClass
????


  Describing Get-Module with CompatiblePSEditions-checked paths

    Context Loading from checked paths on the module path with no flags
!!

    Context Loading from checked paths by absolute path with no flags
!!

    Context Loading from checked paths on the module path with -SkipEditionCheck
!

    Context Loading from checked paths by absolute path with -SkipEditionCheck
!

  Describing Import-Module from CompatiblePSEditions-checked paths

    Context Imports from module path
!!!!!!!!

    Context Imports from absolute path
!!!!!!!!


  Describing Get-Module
++++++


  Describing History cmdlet test cases

    Context Simple History Tests
+++++++


  Describing Import-Module
++++++

  Describing Import-Module with ScriptsToProcess
++++

  Describing Import-Module for Binary Modules
++

  Describing Import-Module should be case insensitive
+++

  Describing Circular nested module test
+


  Describing Job Cmdlet Tests

    Context Simple Jobs
+++++

    Context Jobs with arguments
+

    Context jobs which take time
+++++

    Context Retrieving partial output from jobs
++

  Describing Ampersand background test

    Context Simple background job
+

    Context Variable tests
+++++++

    Context Backgrounding expressions
++


  Describing Out-Default Tests
++++


  Describing Out-Host Tests
+


  Describing Tests Get-Command with relative paths and wildcards
!++++++++++


  Describing Validate Register-PSSessionConfiguration
!

  Describing Validate Get-PSSessionConfiguration, Enable-PSSessionConfiguration, Disable-PSSessionConfiguration, Unregister-PSSessionConfiguration cmdlets

    Context Validate Get-PSSessionConfiguration cmdlet
!!!!

    Context Validate Enable-PSSessionConfiguration and Disable-PSSessionConfiguration
!!

    Context Validate Unregister-PSSessionConfiguration cmdlet
!!!

  Describing Basic tests for New-PSSessionConfigurationFile Cmdlet
!

  Describing Test suite for Test-PSSessionConfigurationFile Cmdlet
!!!





  Describing Remove-Module
++


  Describing Set-PSDebug

    Context Tracing can be used
DEBUG:   11+             { Set-PSDebug -Trace 1  >>>> } | Should -Not -Throw

DEBUG:   15+         } until ( >>>> $true)

DEBUG:   25+      >>>> [bool] $succeeded = $false

DEBUG:   27+     if ( >>>> $Negate) {

DEBUG:   30+          >>>> $succeeded = -not $actualExceptionWasThrown

DEBUG:   31+         if ( >>>> -not $succeeded) {

DEBUG:   38+             return  >>>> New-Object psobject -Property @{

DEBUG:  120+  >>>> }

DEBUG:  205+     if ( >>>> -not $testResult.Succeeded) {

DEBUG:  209+          >>>> $data = $testResult.psObject.Properties.Item('Data')

DEBUG:  210+         if ( >>>> $data) {

DEBUG:  214+  >>>> }

DEBUG:  165+                 foreach ( >>>> $object in $inputArray)

DEBUG:  171+      >>>> }

DEBUG:   12+              >>>> { Set-PSDebug -Trace 2 } | Should -Not -Throw

DEBUG:   93+      >>>> {

DEBUG:   94+          >>>> Get-AssertionDynamicParams

DEBUG:  370+  >>>> {

DEBUG:  371+     return  >>>> $script:AssertionDynamicParams

DEBUG:  372+  >>>> }

DEBUG:   95+      >>>> }

DEBUG:   98+      >>>> {

DEBUG:   99+          >>>> $inputArray = New-Object System.Collections.ArrayList

DEBUG:  101+         if ( >>>> $PSCmdlet.ParameterSetName -eq 'Legacy')

DEBUG:  110+      >>>> }

DEBUG:  113+      >>>> {

DEBUG:  114+          >>>> $null = $inputArray.Add($ActualValue)

DEBUG:  115+      >>>> }

DEBUG:  118+      >>>> {

DEBUG:  119+          >>>> $lineNumber = $MyInvocation.ScriptLineNumber

DEBUG:  120+          >>>> $lineText   = $MyInvocation.Line.TrimEnd("$([System.Environment]::NewLine)")

DEBUG:  120+         $lineText   = $MyInvocation.Line.TrimEnd("$( >>>> [System.Environment]::NewLine)")

DEBUG:  121+          >>>> $file       = $MyInvocation.ScriptName

DEBUG:  123+         if ( >>>> $PSCmdlet.ParameterSetName -eq 'Legacy')

DEBUG:  143+              >>>> $negate = $false

DEBUG:  144+             if ( >>>> $PSBoundParameters.ContainsKey('Not'))

DEBUG:  146+                  >>>> $negate = [bool]$PSBoundParameters['Not']

DEBUG:  149+              >>>> $null = $PSBoundParameters.Remove('ActualValue')

DEBUG:  150+              >>>> $null = $PSBoundParameters.Remove($PSCmdlet.ParameterSetName)

DEBUG:  151+              >>>> $null = $PSBoundParameters.Remove('Not')

DEBUG:  153+              >>>> $entry = Get-AssertionOperatorEntry -Name $PSCmdlet.ParameterSetName

DEBUG:  365+  >>>> {

DEBUG:  366+     return  >>>> $script:AssertionOperators[$Name]

DEBUG:  367+  >>>> }

DEBUG:  155+             if ( >>>> $inputArray.Count -eq 0)

DEBUG:  159+             elseif ( >>>> $entry.SupportsArrayInput)

DEBUG:  165+                 foreach ($object in  >>>> $inputArray)

DEBUG:  165+                 foreach ( >>>> $object in $inputArray)

DEBUG:  167+                      >>>> Invoke-Assertion $entry $PSBoundParameters $object $file $lineNumber $lineText -Negate:$negate

DEBUG:  193+  >>>> {

DEBUG:  204+      >>>> $testResult = & $AssertionEntry.Test -ActualValue $valuetoTest -Negate:$Negate @BoundParameters

DEBUG:    1+ function PesterThrow([scriptblock] $ActualValue, $ExpectedMessage, $ErrorId, [type]$ExceptionType, [switch] $Negate, [string] $Because, [switch] $PassThru)  >>>> {

DEBUG:    2+      >>>> $actualExceptionMessage = ""

DEBUG:    3+      >>>> $actualExceptionWasThrown = $false

DEBUG:    4+      >>>> $actualError = $null

DEBUG:    5+      >>>> $actualException = $null

DEBUG:    6+      >>>> $actualExceptionLine = $null

DEBUG:    8+     if ( >>>> $null -eq $ActualValue) {

DEBUG:   14+              >>>> $null = & $ActualValue

DEBUG:   12+              >>>> { Set-PSDebug -Trace 2 } | Should -Not -Throw

DEBUG:   12+             {  >>>> Set-PSDebug -Trace 2 } | Should -Not -Throw

DEBUG:   12+             { Set-PSDebug -Trace 2  >>>> } | Should -Not -Throw

DEBUG:   15+         } until ( >>>> $true)

DEBUG:   25+      >>>> [bool] $succeeded = $false

DEBUG:     ! SET $succeeded = 'False'.
DEBUG:   27+     if ( >>>> $Negate) {

DEBUG:   30+          >>>> $succeeded = -not $actualExceptionWasThrown

DEBUG:     ! SET $succeeded = 'True'.
DEBUG:   31+         if ( >>>> -not $succeeded) {

DEBUG:   38+             return  >>>> New-Object psobject -Property @{

DEBUG:  120+  >>>> }

DEBUG:     ! SET $testResult = '@{Succeeded=True}'.
DEBUG:  205+     if ( >>>> -not $testResult.Succeeded) {

DEBUG:  209+          >>>> $data = $testResult.psObject.Properties.Item('Data')

DEBUG:     ! SET $data = ''.
DEBUG:  210+         if ( >>>> $data) {

DEBUG:  214+  >>>> }

DEBUG:  165+                 foreach ( >>>> $object in $inputArray)

DEBUG:     ! SET $foreach = ''.
DEBUG:  171+      >>>> }

DEBUG:   13+          >>>> }

DEBUG:  274+                 } until ( >>>> $true)

DEBUG:  285+                     if ( >>>> -not ($Skip -or $Pending))

DEBUG:  287+                          >>>> Invoke-TestCaseTeardownBlocks

DEBUG:  119+  >>>> {

DEBUG:     ! CALL function 'Invoke-TestCaseTeardownBlocks'  (defined in file '/home/travis/build/PowerShell/PowerShell/src/powershell-unix/bin/Release/netcoreapp2.1/linux-x64/publish/Modules/Pester/4.2.0/Functions/SetupTeardown.ps1')
DEBUG:  120+      >>>> Invoke-Blocks -ScriptBlock $pester.GetTestCaseTeardownBlocks()

DEBUG:  288+          >>>> {

DEBUG:     ! CALL function 'GetTestCaseTeardownBlocks'  (defined in file '/home/travis/build/PowerShell/PowerShell/src/powershell-unix/bin/Release/netcoreapp2.1/linux-x64/publish/Modules/Pester/4.2.0/Functions/PesterState.ps1')
DEBUG:  289+              >>>> $groups = @($this.TestGroups)

DEBUG:     ! SET $groups = '   '.
DEBUG:  290+              >>>> [Array]::Reverse($groups)

DEBUG:  292+              >>>> $blocks = @(

DEBUG:  293+                 foreach ($group in  >>>> $groups)

DEBUG:     ! SET $foreach = 'IEnumerator'.
DEBUG:  293+                 foreach ( >>>> $group in $groups)

DEBUG:     ! SET $group = '@{InconclusiveCount=0; BeforeEach=System.Collections.Ge...'.
DEBUG:  295+                      >>>> $group.AfterEach

DEBUG:  293+                 foreach ( >>>> $group in $groups)

DEBUG:     ! SET $group = '@{InconclusiveCount=0; BeforeEach=System.Collections.Ge...'.
DEBUG:  295+                      >>>> $group.AfterEach

DEBUG:  293+                 foreach ( >>>> $group in $groups)

DEBUG:     ! SET $group = '@{InconclusiveCount=0; BeforeEach=System.Collections.Ge...'.
DEBUG:  295+                      >>>> $group.AfterEach

DEBUG:  293+                 foreach ( >>>> $group in $groups)

DEBUG:     ! SET $group = '@{InconclusiveCount=0; BeforeEach=System.Collections.Ge...'.
DEBUG:  295+                      >>>> $group.AfterEach

DEBUG:  293+                 foreach ( >>>> $group in $groups)

DEBUG:     ! SET $foreach = ''.
DEBUG:     ! SET $blocks = '
            Set-PSDebug -Off
        '.
DEBUG:  299+             return  >>>> $blocks

DEBUG:  300+          >>>> }

DEBUG:  134+  >>>> {

DEBUG:     ! CALL function 'Invoke-Blocks'  (defined in file '/home/travis/build/PowerShell/PowerShell/src/powershell-unix/bin/Release/netcoreapp2.1/linux-x64/publish/Modules/Pester/4.2.0/Functions/SetupTeardown.ps1')
DEBUG:  137+     foreach ($block in  >>>> $ScriptBlock)

DEBUG:     ! SET $foreach = 'IEnumerator'.
DEBUG:  137+     foreach ( >>>> $block in $ScriptBlock)

DEBUG:     ! SET $block = '
            Set-PSDebug -Off
        '.
DEBUG:  139+         if ( >>>> $null -eq $block) { continue }

DEBUG:  140+          >>>> $null = . $block

DEBUG:    5+         AfterEach  >>>> {

DEBUG:     ! CALL function '<ScriptBlock>'  (defined in file '/home/travis/build/PowerShell/PowerShell/test/powershell/Modules/Microsoft.PowerShell.Core/Set-PSDebug.Tests.ps1')
DEBUG:    6+              >>>> Set-PSDebug -Off

++


  Describing Get-Command Tests
+++++++++++?+?


  Describing Where-Object
++++++++++++++++++++++




  Describing Get-WinEvent

    Context Get-WinEvent ListProvider parameter
!!

    Context Get-WinEvent can retrieve events
!!!!!!

    Context Get-WinEvent UserData Queries
!!!!!

    Context Get-WinEvent Queries with SuppressHashFilter
!!!



  Describing New-WinEvent

    Context New-WinEvent tests
!!!!!!


  Describing Start-Transcript, Stop-Transcript tests
+++++++++++
539a77b8-defb-41a6-befe-2766b252a935
+++

Confirm
Continue with this operation?
[Y] Yes  [A] Yes to All  [H] Halt Command  [S] Suspend  [?] Help 
(default is "Y"):    [+] Transcription should record Write-Information output in correct order when InformationAction is set to Inquire 154ms
e89a3f17-a8fd-49b7-b75d-7321e1c8a91d
+
577ccb9f-ea20-4bd3-b63b-7f95324bc3b9
++
eda9d098-c0b7-4631-b102-bb009e4da3ba

Confirm
Continue with this operation?
[Y] Yes  [A] Yes to All  [H] Halt Command  [S] Suspend  [?] Help 
(default is "Y"):    [+] Transcription should record Write-Host output in correct order when InformationAction is set to Inquire 135ms





  Describing Add-Content cmdlet tests

    Context Add-Content should actually add content
++??+++!?


  Describing Basic Alias Provider Tests
++++++


  Describing Clear-Content cmdlet tests

    Context Clear-Content should actually clear content
++!+!!+

    Context Proper errors should be delivered when bad locations are specified
++++++


  Describing Clear-EventLog cmdlet tests
???


  Describing Clear-Item tests
+



  Describing Convert-Path tests
+++++++++

PS Remoting is not available, skipping tests...


  Describing Basic FileSystem Provider Tests

    Context Validate basic FileSystem Cmdlets
+++++++++++++++++!!!+++++++++

    Context Validate behavior when access is denied
!!!!

    Context Validate basic host navigation functionality
++

    Context Validate Basic Path Cmdlets
+++++

  Describing Handling of globbing patterns

    Context Handling of Unix [ab] globbing patterns in literal paths
++++

    Context Handle asterisks in name
++

  Describing Hard link and symbolic link tests

    Context New-Item and hard/symbolic links
+++++!!

    Context Get-ChildItem and symbolic links
+++

    Context Remove-Item and hard/symbolic links
+++!!!+

  Describing Copy-Item can avoid copying an item onto itself

    Context Copy-Item using different case (on case-sensitive file systems)
+

    Context Copy-Item avoids copying an item onto itself
++++++!!

  Describing Handling long paths
++++

  Describing UNC paths
!!

  Describing Remove-Item UnAuthorized Access
!


  Describing Basic Function Provider Tests

    Context Validate Set-Item Cmdlet
++++++

    Context Validate Get-Item Cmdlet
++

    Context Validate Remove-Item Cmdlet
++

    Context Validate Rename-Item Cmdlet
+++++


  Describing Get-ChildItem

    Context FileSystem provider
+++++++!+++++++++++++?

    Context Env: Provider
+


  Describing Tests for Get-ComputerInfo: Ensure Type returned
!


  Describing Get-Content
++++++++++!+++++++++++++++++++!!++++++++++++

    Context Check Get-Content containing multi-byte chars
++++++++

  Describing Get-Content -Raw test
++++


  Describing Get-EventLog cmdlet tests
??????


  Describing Get-Item
++++++

    Context Test for Include, Exclude, and Filter
++++

    Context Error Condition Checking
++

    Context Alternate Stream Tests
!

    Context Registry Provider
!
WARNING: Context 'Environment provider': Tags are only effective on the outermost test group, for now.

    Context Environment provider
++


  Describing Get-ItemProperty
+++++++


  Describing Get-Location
++


  Describing Get-Process for admin
++++!

  Describing Get-Process
++++++++!!!

  Describing Process Parent property
++


  Describing Get-PSDrive
+++++++++


  Describing Get-PSProvider
++++


  Describing Get-Service cmdlet tests

    Context Check null or empty value to the -Name parameter
!!

    Context Check null or empty value to the -Name parameter via pipeline
!!!!!!!!!!!!!!!!


  Describing Hierarchical paths
++++++++


  Describing Simple ItemProperty Tests
++

    Context Registry targeted cmdlets
????


  Describing Join-Path cmdlet tests
++++++++


  Describing Move-Item tests
++

    Context Move-Item with filters
++++++


  Describing New-EventLog cmdlet tests
!!!!!


  Describing New-Item
+++++++++
What if: Performing the operation "Create File" on target "Destination: /tmp/e5dbfee8-cf2e-4a0b-90ae-25a3b77ef15c/testfile.txt".
+
What if: Performing the operation "Create File" on target "Destination: /tmp/e5dbfee8-cf2e-4a0b-90ae-25a3b77ef15c/testfile.txt".
++++++

  Describing New-Item with links
++++

  Describing New-Item with links fails for non elevated user.
+



  Describing Pop-Location
+++


  Describing Basic Alias Provider Tests

    Context Validate basic PSDrive Cmdlets
++++


  Describing Test-Push-Location
+++++++++


  Describing Basic Registry Provider Tests

    Context Validate basic registry provider Cmdlets
!!!!!!!!!

    Context Valdiate basic registry property Cmdlets
!!!!!!!!!!!!


  Describing New-EventLog cmdlet tests
??


  Describing Remove-Item

    Context File removal Tests
+++++++++

    Context Directory Removal Tests
++



  Describing Rename-Item tests
+


  Describing Resolve-Path returns proper path
+++++++



  Describing Set-Content cmdlet tests
+

    Context Set-Content should create a file if it does not exist
+

    Context Set-Content/Get-Content should set/get the content of an exisiting file
+++++++!+

  Describing Set-Content should work for PSDrive with UNC path as root
?


  Describing Set-Item
++++


  Describing Set-Location
+++++?!

    Context Set-Location with no arguments
+++

    Context Set-Location with last location history
+++

    Context Test the LocationChangedAction event handler
++



  Describing Split-Path
++++++++++




  Describing Test-Connection

    Context Ping
++++++?+++++?++++

    Context MTUSizeDetect
++

    Context TraceRoute
++

    Context Connection
++


  Describing Test-Path
+++++++++++++++++++++++


  Describing Get-Timezone test cases
+++++++++++++

  Describing Set-Timezone test case: call by single Id
!


  Describing Unimplemented Management Cmdlet Tests
+++++++++++++


  Describing Validate basic Variable provider cmdlets
++++++


  Describing Acl cmdlets are available and operate properly
??



  Describing Certificate Provider tests

    Context Get-Item tests
!!!!!!!!!!!

    Context Get-ChildItem tests
!!


  Describing CmsMessage cmdlets and Get-PfxCertificate basic tests
+++++!!!


  Describing Local script debugger is disabled in system lock down mode
!!!!!




  Describing Importing PowerShell script files are not allowed in ConstrainedLanguage
!!


  Describing ExecutionPolicy

    Context Check Get-ExecutionPolicy behavior
+!

    Context Check Set-ExecutionPolicy behavior
+!

  Describing Validate ExecutionPolicy cmdlets in PowerShell

    Context Prereq: Validate that 'Microsoft.PowerShell.Archive' is signed
!!

    Context Validate that 'Restricted' execution policy works on OneCore powershell
!!!!!!!!!!!!!!!!!!

    Context Validate that 'Unrestricted' execution policy works on OneCore powershell
!!!!!!!!!!!!!!!

    Context Validate that 'ByPass' execution policy works on OneCore powershell
!!!!!!!!!!!!!!!!!!

    Context 'RemoteSigned' execution policy works on OneCore powershell
!!!!!!!!!!!!!!!!

    Context Validate that 'AllSigned' execution policy works on OneCore powershell
!!!??????!!!!!!!!!!!!!

  Describing Validate Set-ExecutionPolicy -Scope
!!!!

  Describing Validate Set-ExecutionPolicy -Scope (Admin)
!!


  Describing Test suite for NewFileCatalogAndTestFileCatalogCmdlets

    Context NewAndTestCatalogTests PositiveTestCases when validation Succeeds
!!!!!????

    Context NewAndTestCatalogTests NegativeTestCases when creation or validation Fails
!!!

    Context TestCatalog Skip Validation Tests
!!!!


  Describing Get-Credential Test
++++++++++


  Describing SecureString conversion tests
????


  Describing Add-Member DRT Unit Tests
+++++++++++++++++++++++

  Describing Add-Member
++


  Describing Add-Type
++++++++++++++++


  Describing Alias tests

    Context Export-Alias literal path
++++++

    Context Export-All inside a literal path
++

    Context Import-Alias literal path
++++


  Describing Clear-Variable DRT Unit Tests
+++++

  Describing Clear-Variable
++++++++

    Context Scope Tests
++++++++


  Describing CliXml test

    Context Export-CliXml
+++++

    Context Import-CliXML
+++++
What if: Performing the operation "Export-Clixml" on target "testdrive:\Bug161470NonExistPath.txt".
+



  Describing Compare-Object
++++++++++++++++

  Describing Compare-Object DRT basic functionality
++++++++


  Describing ConvertFrom-Csv
+++++++

  Describing ConvertFrom-Csv DRT Unit Tests
+


  Describing ConvertFrom-Json
++++++++


  Describing ConvertFrom-StringData DRT Unit Tests
+

  Describing ConvertFrom-StringData
++++++++


  Describing ConvertTo-Csv DRT Unit Tests
++++

  Describing ConvertTo-Csv
+++++++++


  Describing ConvertTo-Html Tests
++++++++++


  Describing ConvertTo-Json
++++


  Describing ConvertTo--SecureString

    Context Checking return types of ConvertTo--SecureString
+


  Describing ConvertTo-Xml DRT Unit Tests
++++++++++


  Describing Debug-Runspace
++
Debugging Runspace: MyRunspace2
To end the debugging session type the 'Detach' command at the debugger prompt, or type 'Ctrl+C' otherwise.

+
Debugging Runspace: MyRunspace1
To end the debugging session type the 'Detach' command at the debugger prompt, or type 'Ctrl+C' otherwise.

+


  Describing Enable and Disable PSBreakpoints
++


  Describing Environment-Variables
+++++


  Describing Event Subscriber Tests
?+


  Describing Export-Alias DRT Unit Tests
+++++++++++

  Describing Export-Alias
++


  Describing Export-Csv
++++++++++++++
What if: Performing the operation "Export-Csv" on target "/tmp/cd8df4dc-244e-4f22-8c06-a372b0a0090c/output.csv".
+++++++++++


  Describing Export-FormatData
+++++++


  Describing Format-Custom

    Context Check Format-Custom aliases
+

    Context Check specific flags on Format-Custom
++

  Describing Format-Custom DRT basic functionality
+++++


  Describing Format-List
+++++++++

  Describing Format-List DRT basic functionality
++++++++++


  Describing Format-Table
++++++?+++??++++++++++++++++++++++++++++++++++++++++


  Describing Format-Wide
++++++

  Describing Format-Wide DRT basic functionality
++++++++


  Describing FormatHex

    Context InputObject Paramater
+++++++++

    Context InputObject From Pipeline
+++++++++

    Context Path and LiteralPath Parameters
+++++

    Context Encoding Parameter
++++++

    Context Validate Error Scenarios
!!

    Context Continues to Process Valid Paths
!!!

    Context Cmdlet Functionality
++++


  Describing Get-Alias DRT Unit Tests
++++++++++++

  Describing Get-Alias
++

  Describing Get-Alias null tests

    Context Check null or empty value to the -Name parameter
++

    Context Check null or empty value to the -Name parameter via pipeline
++


  Describing Get-Culture DRT Unit Tests
+

  Describing Get-Culture
++


  Describing Get-Date DRT Unit Tests
+++++++++++++++++++++++++++++++

  Describing Get-Date
+++++++

  Describing Get-Date -UFormat tests
++++++++++++++++++++++++++++++++++++


  Describing Get-Event

    Context Check return type of Get-Event
+

    Context Validate Get-Event can retrieve event
+++


  Describing Get-EventSubscriber

    Context Check return type of Get-EventSubscriber
+

    Context Check Get-EventSubscriber can validly register events
++


  Describing Get-FileHash

    Context Validate platform encoding
+

    Context Default result tests
+

    Context Algorithm tests
++++++

    Context Paths tests
++++


  Describing Get-FormatData

    Context Check return type of Get-FormatData
+


  Describing Get-Host DRT Unit Tests
+


  Describing Get-Member
+++

  Describing Get-Member DRT Unit Tests

    Context Verify Get-Member with Class
++++

    Context Verify Get-Member with Static Parameter
+++

    Context Verify Get-Member with other parameters
+++


  Describing Get-PSBreakpoint
++


  Describing Get-PSCallStack DRT Unit Tests
++


  Describing Get-Random DRT Unit Tests
++++++++++++++++++++++++++++++++++++++++++++++++++++

  Describing Get-Random
++++++++++++++


  Describing Get-RunspaceDebug

    Context Check return types of RunspaceDebug
+



  Describing Get-UICulture
+


  Describing Get-Unique DRT Unit Tests
+

  Describing Get-Unique
+++++++


  Describing Get-Uptime
+++


  Describing Get-Variable DRT Unit Tests
+++++

  Describing Get-Variable
+++++++++

    Context Scope Tests
+++++++


  Describing Get-Verb
+++++++++++


  Describing Group-Object DRT Unit Tests
+

  Describing Group-Object
+++++++++++++++++

  Describing Check 'Culture' parameter in order object cmdlets (Group-Object, Sort-Object, Compare-Object)
+++



  Describing Import-Alias DRT Unit Tests
++++

  Describing Import-Alias
++++


  Describing Import-Csv DRT Unit Tests
++

  Describing Import-Csv File Format Tests

    Context Next test file: TestImportCsv_NoHeader.csv
+++

    Context Next test file: TestImportCsv_WithHeader.csv
+++

    Context Next test file: TestImportCsv_W3C_ELF.csv
+++

  Describing Import-Csv #Type Tests
+

  Describing Import-Csv with different newlines
+++


  Describing Import-LocalizedData
++++



  Describing Invoke-Expression

    Context Should execute the invoked command validly
++

  Describing Invoke-Expression DRT Unit Tests
+


  Describing Invoke-Item tests on Windows
!!


  Describing Unit tests for JsonObject
++++++++++++

    Context Empty key name
++

    Context Keys with different casing 
++


  Describing ConvertFrom-Markdown tests

    Context Basic tests
++++++++++++++++++++++++++++++++++++++++++++++++++++

    Context ConvertFrom-Markdown error cases
++++

    Context ConvertFrom-Markdown empty or null content tests
+++++++++

    Context Get/Set-MarkdownOption tests
+++++

    Context Show-Markdown tests
++++++++


  Describing Measure-Command

    Context Validate return types for Measure-Command
+

    Context Validate that it is executing commands correctly
++


  Describing Measure-Object
++++++++++

    Context Numeric tests
+++++++

    Context String tests
+++

  Describing Measure-Object DRT basic functionality
++++++++++++++++

  Describing Directly test the PSPropertyExpression type
+++++++++

  Describing Directly test the PSPropertyExpression type
+++++++++

  Describing Directly test the PSPropertyExpression type
+++



  Describing New-Alias DRT Unit Tests
++++

  Describing New-Alias
++++


  Describing New-Event

    Context Check return type of New-Event
+

    Context Check New-Event can register an event
++


  Describing New-Object
++++

  Describing New-Object DRT basic functionality
+++++++++?++

  Describing New-Object COM functionality
!!!


  Describing New-TimeSpan DRT Unit Tests
+

  Describing New-TimeSpan
+

    Context Core Functionality Tests
++


  Describing New-Variable DRT Unit Tests
++++

  Describing New-Variable
++++++++++

    Context Option tests
+++++++++++++

    Context Scope Tests
+++


  Describing New-Guid
+++


  Describing New-TemporaryFile
+
What if: Performing the operation "New-TemporaryFile" on target "/tmp/".
++


  Describing Object cmdlets

    Context Group-Object
++

    Context Tee-Object
+

  Describing Object cmdlets

    Context Measure-Object
+++++++++++++++++++++++++++++


  Describing Out-File DRT Unit Tests
++

  Describing Out-File
+++++++++


  Describing Out-String DRT Unit Tests
+

  Describing Out-String
+++++++


  Describing Validate Json serialization

    Context Validate Json serialization ascii values
++++++++++++++++++++++++++++++++++++++++++++++++++++++++++++++++++++++++++++++++++++++++++++++++++++++++++++++++++++++++++++++++

    Context Validate Json serialization for types
++++++?+++++++++++++++++++++++++

    Context Validate Json Serialization for 'Get-CimClass' and 'Get-Command'
!+++

    Context Validate Json output is either Pretty or Compressed
+++


  Describing Tests for the Import-PowerShellDataFile cmdlet
+++++


  Describing Read-Host Test
+++


  Describing Register-EngineEvent

    Context Check return type of Register-EngineEvent
+


  Describing Register-ObjectEvent

    Context Check return type of Register-ObjectEvent
+

    Context Check Register-ObjectEvent can validly register events
++


  Describing Remove-Alias
+++++++


  Describing Remove-Event

    Context Check Remove-Event can validly remove events
++++


  Describing Remove-PSBreakpoint

    Context Basic Removal Methods Tests
+++++


  Describing Remove-TypeData DRT Unit Tests
+++


  Describing Remove-Variable
+++++++++

    Context Scope Tests
++++++++

  Describing Remove-Variable basic functionality
+++++


  Describing Get-Runspace cmdlet tests
++++

    Context Multiple Runspaces
+


  Describing Select-Object
+++++++++++++

  Describing Select-Object DRT basic functionality
++++++++++++++++++++

  Describing Select-Object with Property = '*'
+++++++


  Describing Select-String

    Context String actions
+++++++++++++++

    Context Filesystem actions
++++++++++++


  Describing Select-XML DRT Unit Tests
+


  Describing Basic Send-MailMessage tests
??


  Describing Set-Alias DRT Unit Tests
+++++++

  Describing Set-Alias
++++


  Describing Set-Date
+


  Describing Set-PSBreakpoint DRT Unit Tests
+++++++??+++++++++++

  Describing Set-PSBreakpoint
++++


  Describing Set-Variable DRT Unit Tests
++++++++++++

  Describing Set-Variable
+++++++++

    Context Scope Tests
+++


  Describing Sort-Object
++

  Describing Sort-Object DRT Unit Tests
++++++++++++++

  Describing Sort-Object Top and Bottom Unit Tests

    Context Integer n-sort
++++++++

    Context Heterogeneous n-sort
++++++++

    Context Homogeneous n-sort
++++++++++++++++++++++++++

    Context N-sort of objects that do not define ToString
++++

    Context N-sort of objects with some null property values
++++++++


  Describing Start-Sleep DRT Unit Tests
+++

  Describing Start-Sleep

    Context Validate Start-Sleep works properly
+


  Describing String cmdlets

    Context Select-String
+++++!+++


  Describing Tee-Object

    Context Validate Tee-Object is correctly forking output
++

  Describing Tee-Object DRT Unit Tests
+++


  Describing Test-Json
++++++++


  Describing Trace-Command

    Context Listener options
!!+++++

    Context Trace-Command tests for code coverage
+++++++


  Describing TestData cmdlets

    Context Get-TypeData
++++

    Context Update-TypeData
+

    Context Remove-TypeData
++++++++++


  Describing Unblock-File
!!!!!


  Describing Unimplemented Utility Cmdlet Tests
++


  Describing Update-FormatData

    Context Validate Update-FormatData update correctly
++

  Describing Update-FormatData basic functionality
What if: Performing the operation "Update FormatData" on target "FileName: /tmp/22f134b9-9169-4b85-b976-830809f0c4e1/testfile.ps1xml".
What if: Performing the operation "Update FormatData" on target "FileName: /tmp/22f134b9-9169-4b85-b976-830809f0c4e1/testfile.ps1xml".
+?

  Describing Update-FormatData with resources in CustomControls

    Context Validate Update-FormatData
+++


  Describing Update-TypeData basic functionality
+++++++++++++++?

    Context Duplicate XML files
+


  Describing Wait-Event

    Context Validate Wait-Event is waiting for events
+


  Describing Web cmdlets tests using the cmdlet's aliases
++


  Describing Write-Debug tests
+


  Describing Write-Error Tests
++++++++


  Describing Write-Host with wrong colors
++++

  Describing Write-Host with TestHostCS
++++++++


  Describing Write-Output DRT Unit Tests
++

  Describing Write-Output

    Context Input Tests
+++++

    Context Pipeline Command Tests
++

    Context Enumerate Objects
++


  Describing Write-Progress DRT Unit Tests
+++??


  Describing Stream writer tests

    Context Redirect Stream Tests
++++

    Context Error automatic variable
+

    Context Write-Information cmdlet
+++++++


  Describing Write-Verbose
++++++



  Describing XmlCommand DRT basic functionality Tests
++++++++++






  Describing PowerShellGet Type tests
+


  Describing DSC MOF Compilation
WARNING: The names of some imported commands from the module 'PSDesiredStateConfiguration' include unapproved verbs that might make them less discoverable. To find the commands with unapproved verbs, run the Import-Module command again with the Verbose parameter. For a list of approved verbs, type Get-Verb.
/usr/bin/sort: invalid option -- 'P'
Try '/usr/bin/sort --help' for more information.
+
WARNING: The names of some imported commands from the module 'PSDesiredStateConfiguration' include unapproved verbs that might make them less discoverable. To find the commands with unapproved verbs, run the Import-Module command again with the Verbose parameter. For a list of approved verbs, type Get-Verb.
/usr/bin/sort: invalid option -- 'P'
Try '/usr/bin/sort --help' for more information.
+
WARNING: The names of some imported commands from the module 'PSDesiredStateConfiguration' include unapproved verbs that might make them less discoverable. To find the commands with unapproved verbs, run the Import-Module command again with the Verbose parameter. For a list of approved verbs, type Get-Verb.
/usr/bin/sort: invalid option -- 'P'
Try '/usr/bin/sort --help' for more information.
+!!


  Describing PSReadLine
++!++++


  Describing Basic ThreadJob Tests
++++A Using variable cannot be retrieved. A Using variable can be used only with Invoke-Command, Start-Job, or InlineScript in the script workflow. When it is used with Invoke-Command, the Using variable is valid only if the script block is invoked on a remote computer.
At line:7 char:13
+             Write-Output $using:GVar1
+             ~~~~~~~~~~~~~~~~~~~~~~~~~
+ CategoryInfo          : InvalidOperation: (:) [], RuntimeException
+ FullyQualifiedErrorId : UsingWithoutInvokeCommand
 

    [-] ThreadJob with ScriptBlock and Using variables 356ms
      Expected {1 2 3 4 5}, but got {GlobalVar}.
      137:         $results[4] | Should -Be $Var4
      at Invoke-Assertion, /home/travis/build/PowerShell/PowerShell/src/powershell-unix/bin/Release/netcoreapp2.1/linux-x64/publish/Modules/Pester/4.2.0/Functions/Assertions/Should.ps1: line 206
      at <ScriptBlock>, /home/travis/build/PowerShell/PowerShell/test/powershell/Modules/ThreadJob/ThreadJob.Tests.ps1: line 137
+++++A Using variable cannot be retrieved. A Using variable can be used only with Invoke-Command, Start-Job, or InlineScript in the script workflow. When it is used with Invoke-Command, the Using variable is valid only if the script block is invoked on a remote computer.
At line:3 char:9
+         Write-Output @(,$using:Array1)
+         ~~~~~~~~~~~~~~~~~~~~~~~~~~~~~~
+ CategoryInfo          : InvalidOperation: (:) [], RuntimeException
+ FullyQualifiedErrorId : UsingWithoutInvokeCommand
 

    [-] ThreadJob with ScriptFile and Using variables 258ms
      Expected {1 2 3 4 5 6 7 8 9 10}, but got {}.
      196:         $results[2] | Should -Be $Array1
      at Invoke-Assertion, /home/travis/build/PowerShell/PowerShell/src/powershell-unix/bin/Release/netcoreapp2.1/linux-x64/publish/Modules/Pester/4.2.0/Functions/Assertions/Should.ps1: line 206
      at <ScriptBlock>, /home/travis/build/PowerShell/PowerShell/test/powershell/Modules/ThreadJob/ThreadJob.Tests.ps1: line 196
+++++++++++

  Describing Job2 class API tests
+++++



  Describing ProviderIntrinsics Tests
+++


  Describing Json.NET LINQ Parsing
++++++


  Describing PowerShell Command Debugging
++?+++??

  Describing Runspace Debugging API tests

    Context PSStandaloneMonitorRunspaceInfo tests
+++

    Context Test Monitor RunspaceInfo API tests
++++
Tests completed in 452.02s
Tests Passed: 5986, Failed: 2, Skipped: 631, Pending: 169, Inconclusive: 0 
TEST FAILURES
Description: ThreadJob with ScriptBlock and Using variables
Name:        Basic ThreadJob Tests.ThreadJob with ScriptBlock and Using variables
message:
Expected {1 2 3 4 5}, but got {GlobalVar}.
stack-trace:
at <ScriptBlock>, /home/travis/build/PowerShell/PowerShell/test/powershell/Modules/ThreadJob/ThreadJob.Tests.ps1: line 137
137:         $results[4] | Should -Be $Var4
Description: ThreadJob with ScriptFile and Using variables
Name:        Basic ThreadJob Tests.ThreadJob with ScriptFile and Using variables
message:
Expected {1 2 3 4 5 6 7 8 9 10}, but got {}.
stack-trace:
at <ScriptBlock>, /home/travis/build/PowerShell/PowerShell/test/powershell/Modules/ThreadJob/ThreadJob.Tests.ps1: line 196
196:         $results[2] | Should -Be $Array1
2 tests in test/powershell failed
At /home/travis/build/PowerShell/PowerShell/build.psm1:1339 char:13
+             throw "$($x.'test-results'.failures) tests in $TestArea f ...
+             ~~~~~~~~~~~~~~~~~~~~~~~~~~~~~~~~~~~~~~~~~~~~~~~~~~~~~~~~~
+ CategoryInfo          : OperationStopped: (2 tests in test/powershell failed:String) [], RuntimeException
+ FullyQualifiedErrorId : 2 tests in test/powershell failed
 
travis_time:end:143c6578:start=1558647411667546834,finish=1558648126381194144,duration=714713647310[0K[31;1mThe command "pwsh -File tools/travis.ps1" exited with 1.[0m

travis_time:start:017c356a[0K$ if [[ "$TRAVIS_OS_NAME" == "linux" ]]; then mdspell '**/*.md' '!**/Pester/**/*.md' --ignore-numbers --ignore-acronyms --report --en-us; fi
>> 64 files are free from spelling errors
travis_time:end:017c356a:start=1558648126387719484,finish=1558648128044092196,duration=1656372712[0K[32;1mThe command "if [[ "$TRAVIS_OS_NAME" == "linux" ]]; then mdspell '**/*.md' '!**/Pester/**/*.md' --ignore-numbers --ignore-acronyms --report --en-us; fi" exited with 0.[0m

travis_fold:start:cache.2[0Kstore build cache
travis_time:start:310a4577[0Ktravis_time:end:310a4577:start=1558648128052718109,finish=1558648128056261137,duration=3543028[0Ktravis_time:start:18e67910[0K[32;1mchanges detected, packing new archive[0m
.
.
.
.
.
.
.
.
.
.
.
.
.
.
.
.
[32;1muploading ThreadJob-2.0.0/cache-linux-trusty-b63ba428cd21dd946309ed81c41c4b9000afe459974af6ba6ead38ce4f74cf7f--compiler-gpp.tgz[0m
[32;1mcache uploaded[0m
travis_time:end:18e67910:start=1558648128061410040,finish=1558648222832666024,duration=94771255984[0Ktravis_fold:end:cache.2[0K
travis_fold:start:after_failure[0Ktravis_time:start:0a540020[0K$ pwsh -File tools/travis.ps1 -Stage Failure
We only send bagde or webhook update for Cron builds
travis_time:end:0a540020:start=1558648222839532432,finish=1558648223867974438,duration=1028442006[0Ktravis_fold:end:after_failure[0K
[33;1mUploading Artifacts[0m
travis_fold:start:artifacts.setup[0Kartifacts version v0.7.9-3-geef78ca revision=eef78ca2da49a8783a32d4293c24b7025b52b097
$ export ARTIFACTS_PATHS="$(ls powershell*{deb,pkg,AppImage,gz} | tr \"\\n\" \":\"):TestResultsSudo.xml:TestResultsNoSudo.xml"
ls: cannot access powershell*deb: No such file or directory
ls: cannot access powershell*pkg: No such file or directory
ls: cannot access powershell*AppImage: No such file or directory
ls: cannot access powershell*gz: No such file or directory
travis_fold:end:artifacts.setup[0K$ artifacts upload
INFO: uploading with settings
  bucket: [secure]
  cache_control: private
  permissions: private

INFO: uploading: /home/travis/build/PowerShell/PowerShell/TestResultsNoSudo.xml (size: 2.5MB)
  download_url: https://s3.amazonaws.com/[secure]/PowerShell/PowerShell/11496/11496.1/TestResultsNoSudo.xml

INFO: uploading: /home/travis/build/PowerShell/PowerShell/TestResultsNoSudo.xml (size: 2.5MB)
  download_url: https://s3.amazonaws.com/[secure]/PowerShell/PowerShell/11496/11496.1/TestResultsNoSudo.xml

INFO: uploading: /home/travis/build/PowerShell/PowerShell/TestResultsNoSudo.xml (size: 2.5MB)
  download_url: https://s3.amazonaws.com/[secure]/PowerShell/PowerShell/11496/11496.1/TestResultsNoSudo.xml

[31;1mERROR: failed to upload: /home/travis/build/PowerShell/PowerShell/TestResultsSudo.xml
[0m  err: open /home/travis/build/PowerShell/PowerShell/TestResultsSudo.xml: no such file or directory

[31;1mERROR: failed to upload: /home/travis/build/PowerShell/PowerShell/TestResultsNoSudo.xml
[0m  err: The AWS Access Key Id you provided does not exist in our records.

[33;1mDone uploading artifacts[0m


Done. Your build exited with 1.
