travis_fold:start:worker_info[0K[33;1mWorker information[0m
hostname: 353d97fc-6734-42f4-9a8a-9b3185813711@1.production-1-worker-org-gce-cwjh
version: v6.2.0 https://github.com/travis-ci/worker/tree/5e5476e01646095f48eec13196fdb3faf8f5cbf7
instance: travis-job-17d5e2a2-4dd6-49f8-82f7-25e72528f099 travis-ci-garnet-trusty-1512502259-986baf0 (via amqp)
startup: 36.924010973s
travis_fold:end:worker_info[0Ktravis_fold:start:system_info[0K[33;1mBuild system information[0m
Build language: cpp
Build group: stable
Build dist: trusty
Build id: 547432425
Job id: 547432426
Runtime kernel version: 4.4.0-101-generic
travis-build version: 541266b83
[34m[1mBuild image provisioning date and time[0m
Tue Dec  5 19:58:13 UTC 2017
[34m[1mOperating System Details[0m
Distributor ID:	Ubuntu
Description:	Ubuntu 14.04.5 LTS
Release:	14.04
Codename:	trusty
[34m[1mCookbooks Version[0m
7c2c6a6 https://github.com/travis-ci/travis-cookbooks/tree/7c2c6a6
[34m[1mgit version[0m
git version 2.15.1
[34m[1mbash version[0m
GNU bash, version 4.3.11(1)-release (x86_64-pc-linux-gnu)
[34m[1mgcc version[0m
gcc (Ubuntu 4.8.4-2ubuntu1~14.04.3) 4.8.4
Copyright (C) 2013 Free Software Foundation, Inc.
This is free software; see the source for copying conditions.  There is NO
warranty; not even for MERCHANTABILITY or FITNESS FOR A PARTICULAR PURPOSE.

[34m[1mdocker version[0m
Client:
 Version:      17.09.0-ce
 API version:  1.32
 Go version:   go1.8.3
 Git commit:   afdb6d4
 Built:        Tue Sep 26 22:42:38 2017
 OS/Arch:      linux/amd64

Server:
 Version:      17.09.0-ce
 API version:  1.32 (minimum version 1.12)
 Go version:   go1.8.3
 Git commit:   afdb6d4
 Built:        Tue Sep 26 22:41:20 2017
 OS/Arch:      linux/amd64
 Experimental: false
[34m[1mclang version[0m
clang version 5.0.0 (tags/RELEASE_500/final)
Target: x86_64-unknown-linux-gnu
Thread model: posix
InstalledDir: /usr/local/clang-5.0.0/bin
[34m[1mjq version[0m
jq-1.5
[34m[1mbats version[0m
Bats 0.4.0
[34m[1mshellcheck version[0m
0.4.6
[34m[1mshfmt version[0m
v2.0.0
[34m[1mccache version[0m
ccache version 3.1.9

Copyright (C) 2002-2007 Andrew Tridgell
Copyright (C) 2009-2011 Joel Rosdahl

This program is free software; you can redistribute it and/or modify it under
the terms of the GNU General Public License as published by the Free Software
Foundation; either version 3 of the License, or (at your option) any later
version.
[34m[1mcmake version[0m
cmake version 3.9.2

CMake suite maintained and supported by Kitware (kitware.com/cmake).
[34m[1mheroku version[0m
heroku-cli/6.14.39-addc925 (linux-x64) node-v9.2.0
[34m[1mimagemagick version[0m
Version: ImageMagick 6.7.7-10 2017-07-31 Q16 http://www.imagemagick.org
[34m[1mmd5deep version[0m
4.2
[34m[1mmercurial version[0m
Mercurial Distributed SCM (version 4.2.2)
(see https://mercurial-scm.org for more information)

Copyright (C) 2005-2017 Matt Mackall and others
This is free software; see the source for copying conditions. There is NO
warranty; not even for MERCHANTABILITY or FITNESS FOR A PARTICULAR PURPOSE.
[34m[1mmysql version[0m
mysql  Ver 14.14 Distrib 5.6.33, for debian-linux-gnu (x86_64) using  EditLine wrapper
[34m[1mopenssl version[0m
OpenSSL 1.0.1f 6 Jan 2014
[34m[1mpacker version[0m
Packer v1.0.2

Your version of Packer is out of date! The latest version
is 1.1.2. You can update by downloading from www.packer.io
[34m[1mpostgresql client version[0m
psql (PostgreSQL) 9.6.6
[34m[1mragel version[0m
Ragel State Machine Compiler version 6.8 Feb 2013
Copyright (c) 2001-2009 by Adrian Thurston
[34m[1msubversion version[0m
svn, version 1.8.8 (r1568071)
   compiled Aug 10 2017, 17:20:39 on x86_64-pc-linux-gnu

Copyright (C) 2013 The Apache Software Foundation.
This software consists of contributions made by many people;
see the NOTICE file for more information.
Subversion is open source software, see http://subversion.apache.org/

The following repository access (RA) modules are available:

* ra_svn : Module for accessing a repository using the svn network protocol.
  - with Cyrus SASL authentication
  - handles 'svn' scheme
* ra_local : Module for accessing a repository on local disk.
  - handles 'file' scheme
* ra_serf : Module for accessing a repository via WebDAV protocol using serf.
  - using serf 1.3.3
  - handles 'http' scheme
  - handles 'https' scheme

[34m[1msudo version[0m
Sudo version 1.8.9p5
Configure options: --prefix=/usr -v --with-all-insults --with-pam --with-fqdn --with-logging=syslog --with-logfac=authpriv --with-env-editor --with-editor=/usr/bin/editor --with-timeout=15 --with-password-timeout=0 --with-passprompt=[sudo] password for %p:  --without-lecture --with-tty-tickets --disable-root-mailer --enable-admin-flag --with-sendmail=/usr/sbin/sendmail --with-timedir=/var/lib/sudo --mandir=/usr/share/man --libexecdir=/usr/lib/sudo --with-sssd --with-sssd-lib=/usr/lib/x86_64-linux-gnu --with-selinux
Sudoers policy plugin version 1.8.9p5
Sudoers file grammar version 43

Sudoers path: /etc/sudoers
Authentication methods: 'pam'
Syslog facility if syslog is being used for logging: authpriv
Syslog priority to use when user authenticates successfully: notice
Syslog priority to use when user authenticates unsuccessfully: alert
Send mail if the user is not in sudoers
Use a separate timestamp for each user/tty combo
Lecture user the first time they run sudo
Root may run sudo
Allow some information gathering to give useful error messages
Require fully-qualified hostnames in the sudoers file
Visudo will honor the EDITOR environment variable
Set the LOGNAME and USER environment variables
Length at which to wrap log file lines (0 for no wrap): 80
Authentication timestamp timeout: 15.0 minutes
Password prompt timeout: 0.0 minutes
Number of tries to enter a password: 3
Umask to use or 0777 to use user's: 022
Path to mail program: /usr/sbin/sendmail
Flags for mail program: -t
Address to send mail to: root
Subject line for mail messages: *** SECURITY information for %h ***
Incorrect password message: Sorry, try again.
Path to authentication timestamp dir: /var/lib/sudo
Default password prompt: [sudo] password for %p: 
Default user to run commands as: root
Value to override user's $PATH with: /usr/local/sbin:/usr/local/bin:/usr/sbin:/usr/bin:/sbin:/bin:/snap/bin
Path to the editor for use by visudo: /usr/bin/editor
When to require a password for 'list' pseudocommand: any
When to require a password for 'verify' pseudocommand: all
File descriptors >= 3 will be closed before executing a command
Environment variables to check for sanity:
	TZ
	TERM
	LINGUAS
	LC_*
	LANGUAGE
	LANG
	COLORTERM
Environment variables to remove:
	RUBYOPT
	RUBYLIB
	PYTHONUSERBASE
	PYTHONINSPECT
	PYTHONPATH
	PYTHONHOME
	TMPPREFIX
	ZDOTDIR
	READNULLCMD
	NULLCMD
	FPATH
	PERL5DB
	PERL5OPT
	PERL5LIB
	PERLLIB
	PERLIO_DEBUG 
	JAVA_TOOL_OPTIONS
	SHELLOPTS
	GLOBIGNORE
	PS4
	BASH_ENV
	ENV
	TERMCAP
	TERMPATH
	TERMINFO_DIRS
	TERMINFO
	_RLD*
	LD_*
	PATH_LOCALE
	NLSPATH
	HOSTALIASES
	RES_OPTIONS
	LOCALDOMAIN
	CDPATH
	IFS
Environment variables to preserve:
	JAVA_HOME
	TRAVIS
	CI
	DEBIAN_FRONTEND
	XAUTHORIZATION
	XAUTHORITY
	PS2
	PS1
	PATH
	LS_COLORS
	KRB5CCNAME
	HOSTNAME
	HOME
	DISPLAY
	COLORS
Locale to use while parsing sudoers: C
Directory in which to store input/output logs: /var/log/sudo-io
File in which to store the input/output log: %{seq}
Add an entry to the utmp/utmpx file when allocating a pty
PAM service name to use
PAM service name to use for login shells
Create a new PAM session for the command to run in
Maximum I/O log sequence number: 0

Local IP address and netmask pairs:
	10.240.0.28/255.255.255.255
	172.17.0.1/255.255.0.0

Sudoers I/O plugin version 1.8.9p5
[34m[1mgzip version[0m
gzip 1.6
Copyright (C) 2007, 2010, 2011 Free Software Foundation, Inc.
Copyright (C) 1993 Jean-loup Gailly.
This is free software.  You may redistribute copies of it under the terms of
the GNU General Public License <http://www.gnu.org/licenses/gpl.html>.
There is NO WARRANTY, to the extent permitted by law.

Written by Jean-loup Gailly.
[34m[1mzip version[0m
Copyright (c) 1990-2008 Info-ZIP - Type 'zip "-L"' for software license.
This is Zip 3.0 (July 5th 2008), by Info-ZIP.
Currently maintained by E. Gordon.  Please send bug reports to
the authors using the web page at www.info-zip.org; see README for details.

Latest sources and executables are at ftp://ftp.info-zip.org/pub/infozip,
as of above date; see http://www.info-zip.org/ for other sites.

Compiled with gcc 4.8.2 for Unix (Linux ELF) on Oct 21 2013.

Zip special compilation options:
	USE_EF_UT_TIME       (store Universal Time)
	BZIP2_SUPPORT        (bzip2 library version 1.0.6, 6-Sept-2010)
	    bzip2 code and library copyright (c) Julian R Seward
	    (See the bzip2 license for terms of use)
	SYMLINK_SUPPORT      (symbolic links supported)
	LARGE_FILE_SUPPORT   (can read and write large files on file system)
	ZIP64_SUPPORT        (use Zip64 to store large files in archives)
	UNICODE_SUPPORT      (store and read UTF-8 Unicode paths)
	STORE_UNIX_UIDs_GIDs (store UID/GID sizes/values using new extra field)
	UIDGID_NOT_16BIT     (old Unix 16-bit UID/GID extra field not used)
	[encryption, version 2.91 of 05 Jan 2007] (modified for Zip 3)

Encryption notice:
	The encryption code of this program is not copyrighted and is
	put in the public domain.  It was originally written in Europe
	and, to the best of our knowledge, can be freely distributed
	in both source and object forms from any country, including
	the USA under License Exception TSU of the U.S. Export
	Administration Regulations (section 740.13(e)) of 6 June 2002.

Zip environment options:
             ZIP:  [none]
          ZIPOPT:  [none]
[34m[1mvim version[0m
VIM - Vi IMproved 7.4 (2013 Aug 10, compiled Nov 24 2016 16:43:18)
Included patches: 1-52
Extra patches: 8.0.0056
Modified by pkg-vim-maintainers@lists.alioth.debian.org
Compiled by buildd@
Huge version without GUI.  Features included (+) or not (-):
+acl             +farsi           +mouse_netterm   +syntax
+arabic          +file_in_path    +mouse_sgr       +tag_binary
+autocmd         +find_in_path    -mouse_sysmouse  +tag_old_static
-balloon_eval    +float           +mouse_urxvt     -tag_any_white
-browse          +folding         +mouse_xterm     -tcl
++builtin_terms  -footer          +multi_byte      +terminfo
+byte_offset     +fork()          +multi_lang      +termresponse
+cindent         +gettext         -mzscheme        +textobjects
-clientserver    -hangul_input    +netbeans_intg   +title
-clipboard       +iconv           +path_extra      -toolbar
+cmdline_compl   +insert_expand   -perl            +user_commands
+cmdline_hist    +jumplist        +persistent_undo +vertsplit
+cmdline_info    +keymap          +postscript      +virtualedit
+comments        +langmap         +printer         +visual
+conceal         +libcall         +profile         +visualextra
+cryptv          +linebreak       +python          +viminfo
+cscope          +lispindent      -python3         +vreplace
+cursorbind      +listcmds        +quickfix        +wildignore
+cursorshape     +localmap        +reltime         +wildmenu
+dialog_con      -lua             +rightleft       +windows
+diff            +menu            -ruby            +writebackup
+digraphs        +mksession       +scrollbind      -X11
-dnd             +modify_fname    +signs           -xfontset
-ebcdic          +mouse           +smartindent     -xim
+emacs_tags      -mouseshape      -sniff           -xsmp
+eval            +mouse_dec       +startuptime     -xterm_clipboard
+ex_extra        +mouse_gpm       +statusline      -xterm_save
+extra_search    -mouse_jsbterm   -sun_workshop    -xpm
   system vimrc file: "$VIM/vimrc"
     user vimrc file: "$HOME/.vimrc"
 2nd user vimrc file: "~/.vim/vimrc"
      user exrc file: "$HOME/.exrc"
  fall-back for $VIM: "/usr/share/vim"
Compilation: gcc -c -I. -Iproto -DHAVE_CONFIG_H     -g -O2 -fstack-protector --param=ssp-buffer-size=4 -Wformat -Werror=format-security -U_FORTIFY_SOURCE -D_FORTIFY_SOURCE=1      
Linking: gcc   -Wl,-Bsymbolic-functions -Wl,-z,relro -Wl,--as-needed -o vim        -lm -ltinfo -lnsl  -lselinux  -lacl -lattr -lgpm -ldl    -L/usr/lib/python2.7/config-x86_64-linux-gnu -lpython2.7 -lpthread -ldl -lutil -lm -Xlinker -export-dynamic -Wl,-O1 -Wl,-Bsymbolic-functions      
[34m[1miptables version[0m
iptables v1.4.21
[34m[1mcurl version[0m
curl 7.35.0 (x86_64-pc-linux-gnu) libcurl/7.35.0 OpenSSL/1.0.1f zlib/1.2.8 libidn/1.28 librtmp/2.3
[34m[1mwget version[0m
GNU Wget 1.15 built on linux-gnu.
[34m[1mrsync version[0m
rsync  version 3.1.0  protocol version 31
[34m[1mgimme version[0m
v1.2.0
[34m[1mnvm version[0m
0.33.6
[34m[1mperlbrew version[0m
/home/travis/perl5/perlbrew/bin/perlbrew  - App::perlbrew/0.80
[34m[1mphpenv version[0m
rbenv 1.1.1-25-g6aa70b6
[34m[1mrvm version[0m
rvm 1.29.3 (latest) by Michal Papis, Piotr Kuczynski, Wayne E. Seguin [https://rvm.io]
[34m[1mdefault ruby version[0m
ruby 2.4.1p111 (2017-03-22 revision 58053) [x86_64-linux]
[34m[1mCouchDB version[0m
couchdb 1.6.1
[34m[1mElasticSearch version[0m
5.5.0
[34m[1mInstalled Firefox version[0m
firefox 56.0.2
[34m[1mMongoDB version[0m
MongoDB 3.4.10
[34m[1mPhantomJS version[0m
2.1.1
[34m[1mPre-installed PostgreSQL versions[0m
9.2.24
9.3.20
9.4.15
9.5.10
9.6.6
[34m[1mRabbitMQ Version[0m
3.6.14
[34m[1mRedis version[0m
redis-server 4.0.6
[34m[1mriak version[0m
2.2.3
[34m[1mPre-installed Go versions[0m
1.7.4
[34m[1mant version[0m
Apache Ant(TM) version 1.9.3 compiled on April 8 2014
[34m[1mmvn version[0m
Apache Maven 3.5.2 (138edd61fd100ec658bfa2d307c43b76940a5d7d; 2017-10-18T07:58:13Z)
Maven home: /usr/local/maven-3.5.2
Java version: 1.8.0_151, vendor: Oracle Corporation
Java home: /usr/lib/jvm/java-8-oracle/jre
Default locale: en_US, platform encoding: UTF-8
OS name: "linux", version: "4.4.0-98-generic", arch: "amd64", family: "unix"
[34m[1mgradle version[0m

------------------------------------------------------------
Gradle 4.0.1
------------------------------------------------------------

Build time:   2017-07-07 14:02:41 UTC
Revision:     38e5dc0f772daecca1d2681885d3d85414eb6826

Groovy:       2.4.11
Ant:          Apache Ant(TM) version 1.9.6 compiled on June 29 2015
JVM:          1.8.0_151 (Oracle Corporation 25.151-b12)
OS:           Linux 4.4.0-98-generic amd64

[34m[1mlein version[0m
Leiningen 2.8.1 on Java 1.8.0_151 Java HotSpot(TM) 64-Bit Server VM
[34m[1mPre-installed Node.js versions[0m
v4.8.6
v6.12.0
v6.12.1
v8.9
v8.9.1
[34m[1mphpenv versions[0m
  system
  5.6
* 5.6.32 (set by /home/travis/.phpenv/version)
  7.0
  7.0.25
  7.1
  7.1.11
  hhvm
  hhvm-stable
[34m[1mcomposer --version[0m
Composer version 1.5.2 2017-09-11 16:59:25
[34m[1mPre-installed Ruby versions[0m
ruby-2.2.7
ruby-2.3.4
ruby-2.4.1
travis_fold:end:system_info[0K
travis_fold:start:docker_mtu[0Kdocker stop/waiting
docker start/running, process 3736
travis_fold:end:docker_mtu[0Ktravis_fold:start:resolvconf[0Kresolvconf stop/waiting
resolvconf start/running
travis_fold:end:resolvconf[0K
travis_fold:start:git.checkout[0Ktravis_time:start:0086a9cc[0K$ git clone --depth=1000 --branch=dependabot/nuget/src/Modules/release/v6.1.5/PowerShellGet-2.1.5 https://github.com/PowerShell/PowerShell.git PowerShell/PowerShell
Cloning into 'PowerShell/PowerShell'...
travis_time:end:0086a9cc:start=1560892686628900468,finish=1560892693709873142,duration=7080972674[0K$ cd PowerShell/PowerShell
$ git checkout -qf 3e01204f18ca3405196aadaf9339ae62ac08f718
travis_fold:end:git.checkout[0K
travis_fold:start:git.submodule[0Ktravis_time:start:1782bd2d[0K$ git submodule update --init --recursive
Submodule 'src/libpsl-native/test/googletest' (https://github.com/google/googletest.git) registered for path 'src/libpsl-native/test/googletest'
Cloning into '/home/travis/build/PowerShell/PowerShell/src/libpsl-native/test/googletest'...
Submodule path 'src/libpsl-native/test/googletest': checked out 'c99458533a9b4c743ed51537e25989ea55944908'
travis_time:end:1782bd2d:start=1560892694378417762,finish=1560892696067814942,duration=1689397180[0Ktravis_fold:end:git.submodule[0K
[33;1mSetting environment variables from repository settings[0m
$ export ARTIFACTS_BUCKET=[secure]
$ export ARTIFACTS_KEY=[secure]
$ export ARTIFACTS_SECRET=[secure]
$ export TestResultAccountName=[secure]
$ export TestResultAccountKey=[secure]
$ export NUGET_URL=[secure]
$ export NUGET_KEY=[secure]
$ export WebHookUrl=[secure]

[33;1mSetting environment variables from .travis.yml[0m
$ export CACHE_VERSION=netcoreapp.2.1-sdk.2.1.401
$ export POWERSHELL_TELEMETRY_OPTOUT=1
$ export DOTNET_SKIP_FIRST_TIME_EXPERIENCE=1
$ export TRAVIS_CI_CACHE_NAME=linux

$ export TRAVIS_COMPILER=g++
$ export CXX=g++
$ export CXX_FOR_BUILD=g++
$ export CC=gcc
$ export CC_FOR_BUILD=gcc
travis_fold:start:cache.1[0KSetting up build cache
$ export CASHER_DIR=${TRAVIS_HOME}/.casher
travis_time:start:0fcd9788[0K$ Installing caching utilities
travis_time:end:0fcd9788:start=1560892700406361862,finish=1560892700549290094,duration=142928232[0Ktravis_time:start:09a5a2ea[0Ktravis_time:end:09a5a2ea:start=1560892700555998511,finish=1560892700559240490,duration=3241979[0Ktravis_time:start:150e68ec[0Kattempting to download cache archive[0m
[32;1mfetching PowerShellGet-2.1.5/cache-linux-trusty-b63ba428cd21dd946309ed81c41c4b9000afe459974af6ba6ead38ce4f74cf7f--compiler-gpp.tgz[0m
[32;1mfetching PowerShellGet-2.1.5/cache--compiler-gpp.tgz[0m
[32;1mfetching dependabotnugetsrcModulesreleasev6.1.5PowerShellGet-2.1.5/cache-linux-trusty-b63ba428cd21dd946309ed81c41c4b9000afe459974af6ba6ead38ce4f74cf7f--compiler-gpp.tgz[0m
[32;1mfetching dependabotnugetsrcModulesreleasev6.1.5PowerShellGet-2.1.5/cache--compiler-gpp.tgz[0m
[32;1mfetching master/cache-linux-trusty-b63ba428cd21dd946309ed81c41c4b9000afe459974af6ba6ead38ce4f74cf7f--compiler-gpp.tgz[0m
[32;1mfetching master/cache--compiler-gpp.tgz[0m
[31;1mcould not download cache[0m
travis_time:end:150e68ec:start=1560892700564495407,finish=1560892702135913667,duration=1571418260[0Ktravis_time:start:031df7b4[0Ktravis_time:end:031df7b4:start=1560892702141741600,finish=1560892702145181239,duration=3439639[0Ktravis_time:start:180a3a40[0Kadding /home/travis/.nuget to cache[0m
creating directory /home/travis/.nuget[0m
adding /home/travis/Library/Caches/Homebrew to cache[0m
creating directory /home/travis/Library/Caches/Homebrew[0m
travis_time:end:180a3a40:start=1560892702151132453,finish=1560892703220866148,duration=1069733695[0Ktravis_fold:end:cache.1[0K
$ g++ --version
g++ (Ubuntu 4.8.4-2ubuntu1~14.04.3) 4.8.4
Copyright (C) 2013 Free Software Foundation, Inc.
This is free software; see the source for copying conditions.  There is NO
warranty; not even for MERCHANTABILITY or FITNESS FOR A PARTICULAR PURPOSE.

travis_fold:start:install.1[0Ktravis_time:start:0ca80397[0K$ if [[ "$TRAVIS_OS_NAME" == "osx" ]]; then rvm install ruby-2.3.3; rvm --default use 2.3.3; fi
travis_time:end:0ca80397:start=1560892703239729022,finish=1560892703243362833,duration=3633811[0Ktravis_fold:end:install.1[0Ktravis_fold:start:install.2[0Ktravis_time:start:022e70e6[0K$ if [[ "$TRAVIS_OS_NAME" == "osx" ]]; then export DYLD_LIBRARY_PATH=/usr/local/opt/curl/lib:/usr/local/opt/openssl/lib:${DYLD_LIBRARY_PATH}; fi
travis_time:end:022e70e6:start=1560892703248453894,finish=1560892703251797748,duration=3343854[0Ktravis_fold:end:install.2[0Ktravis_fold:start:install.3[0Ktravis_time:start:000035cc[0K$ pushd tools
~/build/PowerShell/PowerShell/tools ~/build/PowerShell/PowerShell
travis_time:end:000035cc:start=1560892703256662457,finish=1560892703259902869,duration=3240412[0Ktravis_fold:end:install.3[0Ktravis_fold:start:install.4[0Ktravis_time:start:0f6b2413[0K$ ./install-powershell.sh
Get-PowerShell Core MASTER Installer Version 1.2.0
Installs PowerShell Core and Optional The Development Environment
  Original script is at: https://raw.githubusercontent.com/PowerShell/PowerShell/master/tools$gitscriptname
Arguments used: 

Operating System Details:
  OS: linux
  DIST: Ubuntu
  DistroBasedOn: debian
  PSUEDONAME: trusty
  REV: 14.04
  KERNEL: 4.4.0-101-generic
  MACH: x86_64
Configuring PowerShell Core Enviornment for: debian Ubuntu 14.04

*** PowerShell Core Development Environment Installer 1.2.0 for debian
***    Current PowerShell Core Version: 
***    Original script is at: https://raw.githubusercontent.com/PowerShell/PowerShell/master/tools/installpsh-debian.psh

*** Arguments used: 
Running on CI (as determined by env var CI set to true), skipping SUDO check.

*** Installing PowerShell Core for debian...
  % Total    % Received % Xferd  Average Speed   Time    Time     Time  Current
                                 Dload  Upload   Total   Spent    Left  Speed
  0     0    0     0    0     0      0      0 --:--:-- --:--:-- --:--:--     0100 37161  100 37161    0     0   172k      0 --:--:-- --:--:-- --:--:--  172k
*** Current version on git is: , repo version may differ slightly...
*** Setting up PowerShell Core repo...
  % Total    % Received % Xferd  Average Speed   Time    Time     Time  Current
                                 Dload  Upload   Total   Spent    Left  Speed
  0     0    0     0    0     0      0      0 --:--:-- --:--:-- --:--:--     0100   983  100   983    0     0   4876      0 --:--:-- --:--:-- --:--:--  4890
OK
  % Total    % Received % Xferd  Average Speed   Time    Time     Time  Current
                                 Dload  Upload   Total   Spent    Left  Speed
  0     0    0     0    0     0      0      0 --:--:-- --:--:-- --:--:--     0100    78  100    78    0     0    607      0 --:--:-- --:--:-- --:--:--   609
deb [arch=amd64] https://packages.microsoft.com/ubuntu/14.04/prod trusty main
Get:1 http://security.ubuntu.com/ubuntu trusty-security InRelease [65.9 kB]
Get:3 http://ppa.launchpad.net/chris-lea/redis-server/ubuntu trusty InRelease [15.4 kB]
Get:5 http://dl.hhvm.com/ubuntu trusty InRelease [3,106 B]
Get:6 http://apt.postgresql.org/pub/repos/apt trusty-pgdg InRelease [56.5 kB]
Hit:2 http://dl.bintray.com/apache/cassandra 39x InRelease
Ign:7 http://repo.mongodb.org/apt/ubuntu trusty/mongodb-org/3.4 InRelease
Get:8 http://repo.mongodb.org/apt/ubuntu trusty/mongodb-org/3.4 Release [2,495 B]
Get:9 http://repo.mongodb.org/apt/ubuntu trusty/mongodb-org/3.4 Release.gpg [801 B]
Ign:10 http://dl.google.com/linux/chrome/deb stable InRelease
Get:11 http://dl.google.com/linux/chrome/deb stable Release [943 B]
Get:12 http://dl.google.com/linux/chrome/deb stable Release.gpg [819 B]
Ign:13 http://us-east-1.ec2.archive.ubuntu.com/ubuntu trusty InRelease
Get:14 http://us-east-1.ec2.archive.ubuntu.com/ubuntu trusty-updates InRelease [65.9 kB]
Get:15 http://us-east-1.ec2.archive.ubuntu.com/ubuntu trusty-backports InRelease [65.9 kB]
Get:16 http://us-east-1.ec2.archive.ubuntu.com/ubuntu trusty Release [58.5 kB]
Get:17 http://us-east-1.ec2.archive.ubuntu.com/ubuntu trusty Release.gpg [933 B]
Ign:4 http://heroku-toolbelt.s3.amazonaws.com/apt ./ InRelease
Hit:18 http://heroku-toolbelt.s3.amazonaws.com/apt ./ Release
Ign:19 http://ppa.launchpad.net/couchdb/stable/ubuntu trusty InRelease
Get:20 http://ppa.launchpad.net/git-core/ppa/ubuntu trusty InRelease [20.8 kB]
Get:21 http://ppa.launchpad.net/openjdk-r/ppa/ubuntu trusty InRelease [15.4 kB]
Get:22 http://ppa.launchpad.net/pollinate/ppa/ubuntu trusty InRelease [15.4 kB]
Get:23 http://ppa.launchpad.net/webupd8team/java/ubuntu trusty InRelease [15.5 kB]
Get:24 http://ppa.launchpad.net/chris-lea/redis-server/ubuntu trusty/main amd64 Packages [1,843 B]
Get:25 http://ppa.launchpad.net/chris-lea/redis-server/ubuntu trusty/main i386 Packages [1,842 B]
Get:26 http://ppa.launchpad.net/chris-lea/redis-server/ubuntu trusty/main Translation-en [990 B]
Hit:27 http://ppa.launchpad.net/couchdb/stable/ubuntu trusty Release
Get:28 https://download.docker.com/linux/ubuntu trusty InRelease [37.1 kB]
Get:29 http://security.ubuntu.com/ubuntu trusty-security/main Sources [220 kB]
Get:30 http://security.ubuntu.com/ubuntu trusty-security/restricted Sources [5,050 B]
Get:31 http://security.ubuntu.com/ubuntu trusty-security/universe Sources [126 kB]
Get:32 http://security.ubuntu.com/ubuntu trusty-security/multiverse Sources [3,070 B]
Get:33 http://security.ubuntu.com/ubuntu trusty-security/main amd64 Packages [1,032 kB]
Get:34 http://security.ubuntu.com/ubuntu trusty-security/main i386 Packages [934 kB]
Get:35 http://security.ubuntu.com/ubuntu trusty-security/main Translation-en [541 kB]
Get:36 http://dl.hhvm.com/ubuntu trusty/main amd64 Packages [1,817 B]
Get:37 http://security.ubuntu.com/ubuntu trusty-security/restricted amd64 Packages [18.1 kB]
Get:38 http://security.ubuntu.com/ubuntu trusty-security/restricted i386 Packages [17.8 kB]
Get:39 http://security.ubuntu.com/ubuntu trusty-security/restricted Translation-en [3,272 B]
Get:40 http://security.ubuntu.com/ubuntu trusty-security/universe amd64 Packages [377 kB]
Get:41 http://security.ubuntu.com/ubuntu trusty-security/universe i386 Packages [355 kB]
Get:42 https://packages.microsoft.com/ubuntu/14.04/prod trusty InRelease [3,226 B]
Get:43 http://security.ubuntu.com/ubuntu trusty-security/universe Translation-en [203 kB]
Get:44 http://security.ubuntu.com/ubuntu trusty-security/multiverse amd64 Packages [4,730 B]
Get:45 http://security.ubuntu.com/ubuntu trusty-security/multiverse i386 Packages [4,887 B]
Get:46 http://security.ubuntu.com/ubuntu trusty-security/multiverse Translation-en [2,426 B]
Get:47 http://apt.postgresql.org/pub/repos/apt trusty-pgdg/main amd64 Packages [201 kB]
Get:48 http://apt.postgresql.org/pub/repos/apt trusty-pgdg/main i386 Packages [201 kB]
Get:49 http://repo.mongodb.org/apt/ubuntu trusty/mongodb-org/3.4/multiverse amd64 Packages [14.1 kB]
Get:50 https://packagecloud.io/computology/apt-backport/ubuntu trusty InRelease [23.5 kB]
Get:51 http://dl.google.com/linux/chrome/deb stable/main amd64 Packages [1,108 B]
Get:52 http://us-east-1.ec2.archive.ubuntu.com/ubuntu trusty-updates/main Sources [532 kB]
Get:53 http://us-east-1.ec2.archive.ubuntu.com/ubuntu trusty-updates/restricted Sources [6,444 B]
Get:54 http://us-east-1.ec2.archive.ubuntu.com/ubuntu trusty-updates/universe Sources [288 kB]
Get:55 http://us-east-1.ec2.archive.ubuntu.com/ubuntu trusty-updates/multiverse Sources [7,389 B]
Get:56 http://us-east-1.ec2.archive.ubuntu.com/ubuntu trusty-updates/main amd64 Packages [1,460 kB]
Get:57 https://packagecloud.io/github/git-lfs/ubuntu trusty InRelease [23.2 kB]
Get:58 http://us-east-1.ec2.archive.ubuntu.com/ubuntu trusty-updates/main i386 Packages [1,354 kB]
Get:59 http://us-east-1.ec2.archive.ubuntu.com/ubuntu trusty-updates/main Translation-en [701 kB]
Get:60 http://us-east-1.ec2.archive.ubuntu.com/ubuntu trusty-updates/restricted amd64 Packages [21.4 kB]
Get:61 http://us-east-1.ec2.archive.ubuntu.com/ubuntu trusty-updates/restricted i386 Packages [21.1 kB]
Get:62 http://us-east-1.ec2.archive.ubuntu.com/ubuntu trusty-updates/restricted Translation-en [3,706 B]
Get:63 http://us-east-1.ec2.archive.ubuntu.com/ubuntu trusty-updates/universe amd64 Packages [671 kB]
Get:64 http://us-east-1.ec2.archive.ubuntu.com/ubuntu trusty-updates/universe i386 Packages [646 kB]
Get:65 http://us-east-1.ec2.archive.ubuntu.com/ubuntu trusty-updates/universe Translation-en [347 kB]
Get:66 https://packagecloud.io/rabbitmq/rabbitmq-server/ubuntu trusty InRelease [23.7 kB]
Get:67 http://us-east-1.ec2.archive.ubuntu.com/ubuntu trusty-updates/multiverse amd64 Packages [16.1 kB]
Get:68 http://us-east-1.ec2.archive.ubuntu.com/ubuntu trusty-updates/multiverse i386 Packages [16.6 kB]
Get:69 http://us-east-1.ec2.archive.ubuntu.com/ubuntu trusty-updates/multiverse Translation-en [7,680 B]
Get:70 http://us-east-1.ec2.archive.ubuntu.com/ubuntu trusty-backports/main Sources [10.4 kB]
Get:71 http://us-east-1.ec2.archive.ubuntu.com/ubuntu trusty-backports/restricted Sources [40 B]
Get:72 http://us-east-1.ec2.archive.ubuntu.com/ubuntu trusty-backports/universe Sources [41.3 kB]
Get:73 http://us-east-1.ec2.archive.ubuntu.com/ubuntu trusty-backports/multiverse Sources [1,747 B]
Get:74 http://us-east-1.ec2.archive.ubuntu.com/ubuntu trusty-backports/main amd64 Packages [14.7 kB]
Get:76 http://us-east-1.ec2.archive.ubuntu.com/ubuntu trusty-backports/main i386 Packages [14.7 kB]
Get:77 http://us-east-1.ec2.archive.ubuntu.com/ubuntu trusty-backports/main Translation-en [7,426 B]
Get:78 http://us-east-1.ec2.archive.ubuntu.com/ubuntu trusty-backports/restricted amd64 Packages [40 B]
Get:79 http://us-east-1.ec2.archive.ubuntu.com/ubuntu trusty-backports/restricted i386 Packages [40 B]
Get:80 http://us-east-1.ec2.archive.ubuntu.com/ubuntu trusty-backports/restricted Translation-en [40 B]
Get:81 http://us-east-1.ec2.archive.ubuntu.com/ubuntu trusty-backports/universe amd64 Packages [52.5 kB]
Get:82 http://us-east-1.ec2.archive.ubuntu.com/ubuntu trusty-backports/universe i386 Packages [52.4 kB]
Get:83 http://us-east-1.ec2.archive.ubuntu.com/ubuntu trusty-backports/universe Translation-en [40.0 kB]
Get:84 http://us-east-1.ec2.archive.ubuntu.com/ubuntu trusty-backports/multiverse amd64 Packages [1,392 B]
Get:85 http://us-east-1.ec2.archive.ubuntu.com/ubuntu trusty-backports/multiverse i386 Packages [1,376 B]
Get:86 http://us-east-1.ec2.archive.ubuntu.com/ubuntu trusty-backports/multiverse Translation-en [1,165 B]
Get:87 http://us-east-1.ec2.archive.ubuntu.com/ubuntu trusty/main Sources [1,335 kB]
Get:88 http://us-east-1.ec2.archive.ubuntu.com/ubuntu trusty/restricted Sources [5,335 B]
Get:89 http://us-east-1.ec2.archive.ubuntu.com/ubuntu trusty/universe Sources [7,926 kB]
Get:90 http://ppa.launchpad.net/git-core/ppa/ubuntu trusty/main amd64 Packages [3,505 B]
Get:91 http://ppa.launchpad.net/git-core/ppa/ubuntu trusty/main i386 Packages [3,505 B]
Get:92 http://ppa.launchpad.net/git-core/ppa/ubuntu trusty/main Translation-en [2,372 B]
Get:93 http://ppa.launchpad.net/openjdk-r/ppa/ubuntu trusty/main amd64 Packages [7,571 B]
Get:94 http://ppa.launchpad.net/openjdk-r/ppa/ubuntu trusty/main i386 Packages [7,700 B]
Get:95 http://ppa.launchpad.net/openjdk-r/ppa/ubuntu trusty/main Translation-en [2,388 B]
Get:96 http://us-east-1.ec2.archive.ubuntu.com/ubuntu trusty/multiverse Sources [211 kB]
Get:97 http://us-east-1.ec2.archive.ubuntu.com/ubuntu trusty/main amd64 Packages [1,743 kB]
Get:98 http://ppa.launchpad.net/pollinate/ppa/ubuntu trusty/main amd64 Packages [430 B]
Get:99 http://ppa.launchpad.net/pollinate/ppa/ubuntu trusty/main i386 Packages [430 B]
Get:100 http://ppa.launchpad.net/pollinate/ppa/ubuntu trusty/main Translation-en [374 B]
Get:101 http://us-east-1.ec2.archive.ubuntu.com/ubuntu trusty/main i386 Packages [1,739 kB]
Get:102 http://us-east-1.ec2.archive.ubuntu.com/ubuntu trusty/restricted amd64 Packages [16.0 kB]
Get:103 http://us-east-1.ec2.archive.ubuntu.com/ubuntu trusty/restricted i386 Packages [16.4 kB]
Get:104 http://us-east-1.ec2.archive.ubuntu.com/ubuntu trusty/universe amd64 Packages [7,589 kB]
Get:105 http://ppa.launchpad.net/webupd8team/java/ubuntu trusty/main amd64 Packages [20 B]
Get:106 http://ppa.launchpad.net/webupd8team/java/ubuntu trusty/main i386 Packages [20 B]
Get:107 http://ppa.launchpad.net/webupd8team/java/ubuntu trusty/main Translation-en [20 B]
Get:108 http://us-east-1.ec2.archive.ubuntu.com/ubuntu trusty/universe i386 Packages [7,597 kB]
Get:110 https://download.docker.com/linux/ubuntu trusty/stable amd64 Packages [5,763 B]
Get:111 https://download.docker.com/linux/ubuntu trusty/edge amd64 Packages [6,911 B]
Get:112 http://us-east-1.ec2.archive.ubuntu.com/ubuntu trusty/multiverse amd64 Packages [169 kB]
Get:113 http://us-east-1.ec2.archive.ubuntu.com/ubuntu trusty/multiverse i386 Packages [172 kB]
Get:114 https://packages.microsoft.com/ubuntu/14.04/prod trusty/main amd64 Packages [75.4 kB]
Err:57 https://packagecloud.io/github/git-lfs/ubuntu trusty InRelease
  The following signatures couldn't be verified because the public key is not available: NO_PUBKEY 6B05F25D762E3157
Get:115 https://packagecloud.io/computology/apt-backport/ubuntu trusty/main amd64 Packages [3,628 B]
Get:116 https://packagecloud.io/rabbitmq/rabbitmq-server/ubuntu trusty/main amd64 Packages [7,866 B]
Get:117 https://packagecloud.io/rabbitmq/rabbitmq-server/ubuntu trusty/main i386 Packages [7,866 B]
Fetched 39.8 MB in 4s (8,953 kB/s)
Reading package lists...
W: http://ppa.launchpad.net/couchdb/stable/ubuntu/dists/trusty/Release.gpg: Signature by key 15866BAFD9BCC4F3C1E0DFC7D69548E1C17EAB57 uses weak digest algorithm (SHA1)
W: An error occurred during the signature verification. The repository is not updated and the previous index files will be used. GPG error: https://packagecloud.io/github/git-lfs/ubuntu trusty InRelease: The following signatures couldn't be verified because the public key is not available: NO_PUBKEY 6B05F25D762E3157
W: Failed to fetch https://packagecloud.io/github/git-lfs/ubuntu/dists/trusty/InRelease  The following signatures couldn't be verified because the public key is not available: NO_PUBKEY 6B05F25D762E3157
W: Some index files failed to download. They have been ignored, or old ones used instead.
Reading package lists...
Building dependency tree...
Reading state information...
The following additional packages will be installed:
  liblttng-ust-ctl2 liblttng-ust0 liburcu1
The following NEW packages will be installed:
  liblttng-ust-ctl2 liblttng-ust0 liburcu1 powershell
0 upgraded, 4 newly installed, 0 to remove and 308 not upgraded.
Need to get 58.1 MB of archives.
After this operation, 159 MB of additional disk space will be used.
Get:1 http://us-east-1.ec2.archive.ubuntu.com/ubuntu trusty/main amd64 liburcu1 amd64 0.7.12-0ubuntu2 [34.9 kB]
Get:2 http://us-east-1.ec2.archive.ubuntu.com/ubuntu trusty/main amd64 liblttng-ust-ctl2 amd64 2.4.0-4ubuntu1 [61.7 kB]
Get:3 http://us-east-1.ec2.archive.ubuntu.com/ubuntu trusty/main amd64 liblttng-ust0 amd64 2.4.0-4ubuntu1 [106 kB]
Get:4 https://packages.microsoft.com/ubuntu/14.04/prod trusty/main amd64 powershell amd64 6.2.0-1.ubuntu.14.04 [57.9 MB]
Fetched 58.1 MB in 2s (24.0 MB/s)
Selecting previously unselected package liburcu1.
(Reading database ... (Reading database ... 5%(Reading database ... 10%(Reading database ... 15%(Reading database ... 20%(Reading database ... 25%(Reading database ... 30%(Reading database ... 35%(Reading database ... 40%(Reading database ... 45%(Reading database ... 50%(Reading database ... 55%(Reading database ... 60%(Reading database ... 65%(Reading database ... 70%(Reading database ... 75%(Reading database ... 80%(Reading database ... 85%(Reading database ... 90%(Reading database ... 95%(Reading database ... 100%(Reading database ... 93695 files and directories currently installed.)
Preparing to unpack .../liburcu1_0.7.12-0ubuntu2_amd64.deb ...
Unpacking liburcu1 (0.7.12-0ubuntu2) ...
Selecting previously unselected package liblttng-ust-ctl2:amd64.
Preparing to unpack .../liblttng-ust-ctl2_2.4.0-4ubuntu1_amd64.deb ...
Unpacking liblttng-ust-ctl2:amd64 (2.4.0-4ubuntu1) ...
Selecting previously unselected package liblttng-ust0:amd64.
Preparing to unpack .../liblttng-ust0_2.4.0-4ubuntu1_amd64.deb ...
Unpacking liblttng-ust0:amd64 (2.4.0-4ubuntu1) ...
Selecting previously unselected package powershell.
Preparing to unpack .../powershell_6.2.0-1.ubuntu.14.04_amd64.deb ...
Unpacking powershell (6.2.0-1.ubuntu.14.04) ...
Processing triggers for man-db (2.6.7.1-1ubuntu1) ...
Setting up liburcu1 (0.7.12-0ubuntu2) ...
Setting up liblttng-ust-ctl2:amd64 (2.4.0-4ubuntu1) ...
Setting up liblttng-ust0:amd64 (2.4.0-4ubuntu1) ...
Setting up powershell (6.2.0-1.ubuntu.14.04) ...
Processing triggers for libc-bin (2.19-0ubuntu6.13) ...
Congratulations! PowerShell is installed at /opt/microsoft/powershell/6.
Run "pwsh" to start a PowerShell session.

*** NOTE: Run your regular package manager update cycle to update PowerShell Core\n
*** Install Complete
travis_time:end:0f6b2413:start=1560892703273624883,finish=1560892717169060594,duration=13895435711[0Ktravis_fold:end:install.4[0Ktravis_fold:start:install.5[0Ktravis_time:start:0d169810[0K$ popd
~/build/PowerShell/PowerShell
travis_time:end:0d169810:start=1560892717176138781,finish=1560892717180516783,duration=4378002[0Ktravis_fold:end:install.5[0Ktravis_fold:start:install.6[0Ktravis_time:start:040ee5b6[0K$ if [[ "$TRAVIS_OS_NAME" == "linux" ]]; then nvm install 6.4.0 && npm install -g markdown-spellcheck@0.11.0; fi
Downloading and installing node v6.4.0...
Downloading https://nodejs.org/dist/v6.4.0/node-v6.4.0-linux-x64.tar.xz...
Computing checksum with sha256sum
Checksums matched!
Now using node v6.4.0 (npm v3.10.3)
/home/travis/.nvm/versions/node/v6.4.0/bin/mdspell -> /home/travis/.nvm/versions/node/v6.4.0/lib/node_modules/markdown-spellcheck/bin/mdspell

> spawn-sync@1.0.15 postinstall /home/travis/.nvm/versions/node/v6.4.0/lib/node_modules/markdown-spellcheck/node_modules/spawn-sync
> node postinstall

/home/travis/.nvm/versions/node/v6.4.0/lib
â””â”€â”¬ markdown-spellcheck@0.11.0 
  â”œâ”€â”€ async@1.5.2 
  â”œâ”€â”¬ chalk@1.1.3 
  â”‚ â”œâ”€â”€ ansi-styles@2.2.1 
  â”‚ â”œâ”€â”€ escape-string-regexp@1.0.5 
  â”‚ â”œâ”€â”¬ has-ansi@2.0.0 
  â”‚ â”‚ â””â”€â”€ ansi-regex@2.1.1 
  â”‚ â”œâ”€â”€ strip-ansi@3.0.1 
  â”‚ â””â”€â”€ supports-color@2.0.0 
  â”œâ”€â”€ commander@2.20.0 
  â”œâ”€â”¬ globby@4.1.0 
  â”‚ â”œâ”€â”¬ array-union@1.0.2 
  â”‚ â”‚ â””â”€â”€ array-uniq@1.0.3 
  â”‚ â”œâ”€â”€ arrify@1.0.1 
  â”‚ â”œâ”€â”¬ glob@6.0.4 
  â”‚ â”‚ â”œâ”€â”¬ inflight@1.0.6 
  â”‚ â”‚ â”‚ â””â”€â”€ wrappy@1.0.2 
  â”‚ â”‚ â”œâ”€â”€ inherits@2.0.3 
  â”‚ â”‚ â”œâ”€â”¬ minimatch@3.0.4 
  â”‚ â”‚ â”‚ â””â”€â”¬ brace-expansion@1.1.11 
  â”‚ â”‚ â”‚   â”œâ”€â”€ balanced-match@1.0.0 
  â”‚ â”‚ â”‚   â””â”€â”€ concat-map@0.0.1 
  â”‚ â”‚ â”œâ”€â”€ once@1.4.0 
  â”‚ â”‚ â””â”€â”€ path-is-absolute@1.0.1 
  â”‚ â”œâ”€â”€ object-assign@4.1.1 
  â”‚ â”œâ”€â”€ pify@2.3.0 
  â”‚ â””â”€â”¬ pinkie-promise@2.0.1 
  â”‚   â””â”€â”€ pinkie@2.0.4 
  â”œâ”€â”€ hunspell-spellchecker@1.0.2 
  â”œâ”€â”¬ inquirer@1.2.3 
  â”‚ â”œâ”€â”€ ansi-escapes@1.4.0 
  â”‚ â”œâ”€â”¬ cli-cursor@1.0.2 
  â”‚ â”‚ â””â”€â”¬ restore-cursor@1.0.1 
  â”‚ â”‚   â”œâ”€â”€ exit-hook@1.1.1 
  â”‚ â”‚   â””â”€â”€ onetime@1.1.0 
  â”‚ â”œâ”€â”€ cli-width@2.2.0 
  â”‚ â”œâ”€â”¬ external-editor@1.1.1 
  â”‚ â”‚ â”œâ”€â”€ extend@3.0.2 
  â”‚ â”‚ â”œâ”€â”¬ spawn-sync@1.0.15 
  â”‚ â”‚ â”‚ â”œâ”€â”¬ concat-stream@1.6.2 
  â”‚ â”‚ â”‚ â”‚ â”œâ”€â”€ buffer-from@1.1.1 
  â”‚ â”‚ â”‚ â”‚ â”œâ”€â”¬ readable-stream@2.3.6 
  â”‚ â”‚ â”‚ â”‚ â”‚ â”œâ”€â”€ core-util-is@1.0.2 
  â”‚ â”‚ â”‚ â”‚ â”‚ â”œâ”€â”€ isarray@1.0.0 
  â”‚ â”‚ â”‚ â”‚ â”‚ â”œâ”€â”€ process-nextick-args@2.0.0 
  â”‚ â”‚ â”‚ â”‚ â”‚ â”œâ”€â”€ safe-buffer@5.1.2 
  â”‚ â”‚ â”‚ â”‚ â”‚ â”œâ”€â”€ string_decoder@1.1.1 
  â”‚ â”‚ â”‚ â”‚ â”‚ â””â”€â”€ util-deprecate@1.0.2 
  â”‚ â”‚ â”‚ â”‚ â””â”€â”€ typedarray@0.0.6 
  â”‚ â”‚ â”‚ â””â”€â”€ os-shim@0.1.3 
  â”‚ â”‚ â””â”€â”¬ tmp@0.0.29 
  â”‚ â”‚   â””â”€â”€ os-tmpdir@1.0.2 
  â”‚ â”œâ”€â”€ figures@1.7.0 
  â”‚ â”œâ”€â”€ lodash@4.17.11 
  â”‚ â”œâ”€â”€ mute-stream@0.0.6 
  â”‚ â”œâ”€â”¬ run-async@2.3.0 
  â”‚ â”‚ â””â”€â”€ is-promise@2.1.0 
  â”‚ â”œâ”€â”€ rx@4.1.0 
  â”‚ â”œâ”€â”¬ string-width@1.0.2 
  â”‚ â”‚ â”œâ”€â”€ code-point-at@1.1.0 
  â”‚ â”‚ â””â”€â”¬ is-fullwidth-code-point@1.0.0 
  â”‚ â”‚   â””â”€â”€ number-is-nan@1.0.1 
  â”‚ â””â”€â”€ through@2.3.8 
  â”œâ”€â”€ marked@0.3.19 
  â”œâ”€â”€ UNMET PEER DEPENDENCY sinon@1
  â””â”€â”¬ sinon-as-promised@4.0.3 
    â”œâ”€â”¬ create-thenable@1.0.2 
    â”‚ â”œâ”€â”¬ object.omit@2.0.1 
    â”‚ â”‚ â”œâ”€â”¬ for-own@0.1.5 
    â”‚ â”‚ â”‚ â””â”€â”€ for-in@1.0.2 
    â”‚ â”‚ â””â”€â”€ is-extendable@0.1.1 
    â”‚ â””â”€â”€ unique-concat@0.2.2 
    â””â”€â”€ native-promise-only@0.8.1 

npm WARN sinon-as-promised@4.0.3 requires a peer of sinon@1 but none was installed.
travis_time:end:040ee5b6:start=1560892717186116206,finish=1560892726372678890,duration=9186562684[0Ktravis_fold:end:install.6[0Ktravis_fold:start:install.7[0Ktravis_time:start:013de1a3[0K$ ulimit -n 4096
travis_time:end:013de1a3:start=1560892726389542577,finish=1560892726393637375,duration=4094798[0Ktravis_fold:end:install.7[0Ktravis_fold:start:install.8[0Ktravis_time:start:08821608[0K$ pwsh -File tools/travis.ps1 -Stage Bootstrap
Executing travis.ps1 -BootStrap $isPR='False' - Build(deps): Bump PowerShellGet from 1.6.7 to 2.1.5 in /src/Modules

Bumps [PowerShellGet](https://github.com/PowerShell/PowerShellGet) from 1.6.7 to 2.1.5.
- [Release notes](https://github.com/PowerShell/PowerShellGet/releases)
- [Changelog](https://github.com/PowerShell/PowerShellGet/blob/development/CHANGELOG.md)
- [Commits](https://github.com/PowerShell/PowerShellGet/commits)

Signed-off-by: dependabot-preview[bot] <support@dependabot.com>
Installing PowerShell build dependencies
W: An error occurred during the signature verification. The repository is not updated and the previous index files will be used. GPG error: https://packagecloud.io/github/git-lfs/ubuntu trusty InRelease: The following signatures couldn't be verified because the public key is not available: NO_PUBKEY 6B05F25D762E3157
W: http://ppa.launchpad.net/couchdb/stable/ubuntu/dists/trusty/Release.gpg: Signature by key 15866BAFD9BCC4F3C1E0DFC7D69548E1C17EAB57 uses weak digest algorithm (SHA1)
W: Failed to fetch https://packagecloud.io/github/git-lfs/ubuntu/dists/trusty/InRelease  The following signatures couldn't be verified because the public key is not available: NO_PUBKEY 6B05F25D762E3157
W: Some index files failed to download. They have been ignored, or old ones used instead.
Preconfiguring packages ...
(Reading database ... (Reading database ... 5%(Reading database ... 10%(Reading database ... 15%(Reading database ... 20%(Reading database ... 25%(Reading database ... 30%(Reading database ... 35%(Reading database ... 40%(Reading database ... 45%(Reading database ... 50%(Reading database ... 55%(Reading database ... 60%(Reading database ... 65%(Reading database ... 70%(Reading database ... 75%(Reading database ... 80%(Reading database ... 85%(Reading database ... 90%(Reading database ... 95%(Reading database ... 100%(Reading database ... 94325 files and directories currently installed.)
Preparing to unpack .../libcups2_1.7.2-0ubuntu1.11_amd64.deb ...
Unpacking libcups2:amd64 (1.7.2-0ubuntu1.11) over (1.7.2-0ubuntu1.8) ...
Setting up libcups2:amd64 (1.7.2-0ubuntu1.11) ...
Processing triggers for libc-bin (2.19-0ubuntu6.13) ...
Selecting previously unselected package libnettle4:amd64.
(Reading database ... (Reading database ... 5%(Reading database ... 10%(Reading database ... 15%(Reading database ... 20%(Reading database ... 25%(Reading database ... 30%(Reading database ... 35%(Reading database ... 40%(Reading database ... 45%(Reading database ... 50%(Reading database ... 55%(Reading database ... 60%(Reading database ... 65%(Reading database ... 70%(Reading database ... 75%(Reading database ... 80%(Reading database ... 85%(Reading database ... 90%(Reading database ... 95%(Reading database ... 100%(Reading database ... 94325 files and directories currently installed.)
Preparing to unpack .../libnettle4_2.7.1-1ubuntu0.2_amd64.deb ...
Unpacking libnettle4:amd64 (2.7.1-1ubuntu0.2) ...
Selecting previously unselected package libarchive13:amd64.
Preparing to unpack .../libarchive13_3.1.2-7ubuntu2.8_amd64.deb ...
Unpacking libarchive13:amd64 (3.1.2-7ubuntu2.8) ...
Selecting previously unselected package libcupsfilters1:amd64.
Preparing to unpack .../libcupsfilters1_1.0.52-0ubuntu1.8_amd64.deb ...
Unpacking libcupsfilters1:amd64 (1.0.52-0ubuntu1.8) ...
Selecting previously unselected package libcupsimage2:amd64.
Preparing to unpack .../libcupsimage2_1.7.2-0ubuntu1.11_amd64.deb ...
Unpacking libcupsimage2:amd64 (1.7.2-0ubuntu1.11) ...
Preparing to unpack .../curl_7.35.0-1ubuntu2.20_amd64.deb ...
Unpacking curl (7.35.0-1ubuntu2.20) over (7.35.0-1ubuntu2.13) ...
Preparing to unpack .../libcurl3_7.35.0-1ubuntu2.20_amd64.deb ...
Unpacking libcurl3:amd64 (7.35.0-1ubuntu2.20) over (7.35.0-1ubuntu2.13) ...
Preparing to unpack .../libicu-dev_52.1-3ubuntu0.8_amd64.deb ...
Unpacking libicu-dev:amd64 (52.1-3ubuntu0.8) over (52.1-3ubuntu0.7) ...
Preparing to unpack .../icu-devtools_52.1-3ubuntu0.8_amd64.deb ...
Unpacking icu-devtools (52.1-3ubuntu0.8) over (52.1-3ubuntu0.7) ...
Preparing to unpack .../libicu52_52.1-3ubuntu0.8_amd64.deb ...
Unpacking libicu52:amd64 (52.1-3ubuntu0.8) over (52.1-3ubuntu0.7) ...
Selecting previously unselected package libpaper1:amd64.
Preparing to unpack .../libpaper1_1.1.24+nmu2ubuntu3_amd64.deb ...
Unpacking libpaper1:amd64 (1.1.24+nmu2ubuntu3) ...
Selecting previously unselected package libunwind8.
Preparing to unpack .../libunwind8_1.1-2.2ubuntu3_amd64.deb ...
Unpacking libunwind8 (1.1-2.2ubuntu3) ...
Selecting previously unselected package poppler-data.
Preparing to unpack .../poppler-data_0.4.6-4_all.deb ...
Unpacking poppler-data (0.4.6-4) ...
Selecting previously unselected package cmake-data.
Preparing to unpack .../cmake-data_2.8.12.2-0ubuntu3_all.deb ...
ERROR: cmake-data is broken - called emacs-package-install as a new-style add-on, but has no compat file.
Unpacking cmake-data (2.8.12.2-0ubuntu3) ...
Selecting previously unselected package cmake.
Preparing to unpack .../cmake_2.8.12.2-0ubuntu3_amd64.deb ...
Unpacking cmake (2.8.12.2-0ubuntu3) ...
Selecting previously unselected package libijs-0.35.
Preparing to unpack .../libijs-0.35_0.35-8build1_amd64.deb ...
Unpacking libijs-0.35 (0.35-8build1) ...
Selecting previously unselected package libjbig2dec0.
Preparing to unpack .../libjbig2dec0_0.11+20120125-1ubuntu1.1_amd64.deb ...
Unpacking libjbig2dec0 (0.11+20120125-1ubuntu1.1) ...
Selecting previously unselected package libgs9-common.
Preparing to unpack .../libgs9-common_9.26~dfsg+0-0ubuntu0.14.04.8_all.deb ...
Unpacking libgs9-common (9.26~dfsg+0-0ubuntu0.14.04.8) ...
Selecting previously unselected package libgs9.
Preparing to unpack .../libgs9_9.26~dfsg+0-0ubuntu0.14.04.8_amd64.deb ...
Unpacking libgs9 (9.26~dfsg+0-0ubuntu0.14.04.8) ...
Selecting previously unselected package ghostscript.
Preparing to unpack .../ghostscript_9.26~dfsg+0-0ubuntu0.14.04.8_amd64.deb ...
Unpacking ghostscript (9.26~dfsg+0-0ubuntu0.14.04.8) ...
Selecting previously unselected package groff.
Preparing to unpack .../groff_1.22.2-5_amd64.deb ...
Unpacking groff (1.22.2-5) ...
Selecting previously unselected package libnetpbm10.
Preparing to unpack .../libnetpbm10_2%3a10.0-15ubuntu2_amd64.deb ...
Unpacking libnetpbm10 (2:10.0-15ubuntu2) ...
Selecting previously unselected package libpaper-utils.
Preparing to unpack .../libpaper-utils_1.1.24+nmu2ubuntu3_amd64.deb ...
Unpacking libpaper-utils (1.1.24+nmu2ubuntu3) ...
Preparing to unpack .../libruby1.9.1_1.9.3.484-2ubuntu1.14_amd64.deb ...
Unpacking libruby1.9.1 (1.9.3.484-2ubuntu1.14) over (1.9.3.484-2ubuntu1.5) ...
Preparing to unpack .../ruby1.9.1_1.9.3.484-2ubuntu1.14_amd64.deb ...
Unpacking ruby1.9.1 (1.9.3.484-2ubuntu1.14) over (1.9.3.484-2ubuntu1.5) ...
Selecting previously unselected package netpbm.
Preparing to unpack .../netpbm_2%3a10.0-15ubuntu2_amd64.deb ...
Unpacking netpbm (2:10.0-15ubuntu2) ...
Selecting previously unselected package psutils.
Preparing to unpack .../psutils_1.17.dfsg-1_amd64.deb ...
Unpacking psutils (1.17.dfsg-1) ...
Selecting previously unselected package ruby1.9.1-dev.
Preparing to unpack .../ruby1.9.1-dev_1.9.3.484-2ubuntu1.14_amd64.deb ...
Unpacking ruby1.9.1-dev (1.9.3.484-2ubuntu1.14) ...
Selecting previously unselected package ruby-dev.
Preparing to unpack .../ruby-dev_1%3a1.9.3.4_all.deb ...
Unpacking ruby-dev (1:1.9.3.4) ...
Processing triggers for man-db (2.6.7.1-1ubuntu1) ...
Processing triggers for fontconfig (2.11.0-0ubuntu4.2) ...
Processing triggers for install-info (5.2.0.dfsg.1-2) ...
Setting up libnettle4:amd64 (2.7.1-1ubuntu0.2) ...
Setting up libarchive13:amd64 (3.1.2-7ubuntu2.8) ...
Setting up libcupsfilters1:amd64 (1.0.52-0ubuntu1.8) ...
Setting up libcupsimage2:amd64 (1.7.2-0ubuntu1.11) ...
Setting up libcurl3:amd64 (7.35.0-1ubuntu2.20) ...
Setting up curl (7.35.0-1ubuntu2.20) ...
Setting up libicu52:amd64 (52.1-3ubuntu0.8) ...
Setting up icu-devtools (52.1-3ubuntu0.8) ...
Setting up libicu-dev:amd64 (52.1-3ubuntu0.8) ...
Setting up libpaper1:amd64 (1.1.24+nmu2ubuntu3) ...

Creating config file /etc/papersize with new version
Setting up libunwind8 (1.1-2.2ubuntu3) ...
Setting up poppler-data (0.4.6-4) ...
Setting up cmake-data (2.8.12.2-0ubuntu3) ...
Install cmake-data for emacs23
install/cmake-data: Byte-compiling for emacs23
Wrote /usr/share/emacs23/site-lisp/cmake-data/cmake-mode.elc
Install cmake-data for emacs24
install/cmake-data: Byte-compiling for emacs24
Wrote /usr/share/emacs24/site-lisp/cmake-data/cmake-mode.elc
Setting up cmake (2.8.12.2-0ubuntu3) ...
Setting up libijs-0.35 (0.35-8build1) ...
Setting up libjbig2dec0 (0.11+20120125-1ubuntu1.1) ...
Setting up libgs9-common (9.26~dfsg+0-0ubuntu0.14.04.8) ...
update-alternatives: using /usr/share/ghostscript/9.26 to provide /usr/share/ghostscript/current (ghostscript-current) in auto mode
Setting up libgs9 (9.26~dfsg+0-0ubuntu0.14.04.8) ...
Setting up ghostscript (9.26~dfsg+0-0ubuntu0.14.04.8) ...
Setting up groff (1.22.2-5) ...
Setting up libnetpbm10 (2:10.0-15ubuntu2) ...
Setting up libpaper-utils (1.1.24+nmu2ubuntu3) ...
Setting up netpbm (2:10.0-15ubuntu2) ...
Setting up psutils (1.17.dfsg-1) ...
Setting up libruby1.9.1 (1.9.3.484-2ubuntu1.14) ...
Setting up ruby1.9.1 (1.9.3.484-2ubuntu1.14) ...
Setting up ruby1.9.1-dev (1.9.3.484-2ubuntu1.14) ...
Setting up ruby-dev (1:1.9.3.4) ...
Processing triggers for libc-bin (2.19-0ubuntu6.13) ...
Successfully installed stud-0.0.23
Successfully installed dotenv-2.7.2
Successfully installed insist-1.0.0
Successfully installed mustache-0.99.8
Successfully installed clamp-1.0.1
Successfully installed cabin-0.9.0
Successfully installed pleaserun-0.0.30
Successfully installed io-like-0.3.0
Building native extensions. This could take a while...
Successfully installed ffi-1.11.1
Successfully installed ruby-xz-0.2.3
Successfully installed childprocess-0.9.0
Successfully installed arr-pm-0.0.10
Successfully installed backports-3.15.0
Building native extensions. This could take a while...
Successfully installed json-1.8.6
Successfully installed fpm-1.11.0
15 gems installed
Building native extensions. This could take a while...
Successfully installed rdiscount-2.2.0.1
Building native extensions. This could take a while...
Successfully installed hpricot-0.8.6
Successfully installed ronn-0.7.3
3 gems installed
WARNING: Could not find 'dotnet', appending /home/travis/.dotnet to PATH.
WARNING: Still could not find 'dotnet', restoring PATH.
dotnet not present.  Installing dotnet.
Unable to find dotnet installation to remove.
dotnet-install: Downloading link: https://dotnetcli.azureedge.net/dotnet/Sdk/2.1.507/dotnet-sdk-2.1.507-linux-x64.tar.gz
dotnet-install: Extracting zip from https://dotnetcli.azureedge.net/dotnet/Sdk/2.1.507/dotnet-sdk-2.1.507-linux-x64.tar.gz
dotnet-install: Adding to current process PATH: `/home/travis/.dotnet`. Note: This change will be visible only when sourcing script.
dotnet-install: Installation finished successfully.
travis_time:end:08821608:start=1560892726400166018,finish=1560892783902635583,duration=57502469565[0Ktravis_fold:end:install.8[0Ktravis_time:start:20e79199[0K$ pwsh -File tools/travis.ps1
Executing travis.ps1 $isPR='False' $isFullBuild='False' - Build(deps): Bump PowerShellGet from 1.6.7 to 2.1.5 in /src/Modules

Bumps [PowerShellGet](https://github.com/PowerShell/PowerShellGet) from 1.6.7 to 2.1.5.
- [Release notes](https://github.com/PowerShell/PowerShellGet/releases)
- [Changelog](https://github.com/PowerShell/PowerShellGet/blob/development/CHANGELOG.md)
- [Commits](https://github.com/PowerShell/PowerShellGet/commits)

Signed-off-by: dependabot-preview[bot] <support@dependabot.com>
WARNING: Could not find 'dotnet', appending /home/travis/.dotnet to PATH.
VERBOSE: Using configuration 'Release'
VERBOSE: Top project directory is /home/travis/build/PowerShell/PowerShell/src/powershell-unix
VERBOSE: Using framework 'netcoreapp2.1'
VERBOSE: Using runtime 'linux-x64'
Run dotnet restore /home/travis/build/PowerShell/PowerShell/src/powershell-unix --runtime linux-x64 --verbosity quiet
Done restoring /home/travis/build/PowerShell/PowerShell/src/powershell-unix
Run dotnet restore /home/travis/build/PowerShell/PowerShell/src/TypeCatalogGen --runtime linux-x64 --verbosity quiet
Done restoring /home/travis/build/PowerShell/PowerShell/src/TypeCatalogGen
Run dotnet restore /home/travis/build/PowerShell/PowerShell/src/ResGen --runtime linux-x64 --verbosity quiet
Done restoring /home/travis/build/PowerShell/PowerShell/src/ResGen
Run dotnet restore /home/travis/build/PowerShell/PowerShell/src/Modules --runtime linux-x64 --verbosity quiet
/home/travis/build/PowerShell/PowerShell/src/Modules/PSGalleryModules.csproj : error NU1605: Detected package downgrade: PackageManagement from 1.4.0 to 1.1.7.2. Reference the package directly from the project to select a different version. 
/home/travis/build/PowerShell/PowerShell/src/Modules/PSGalleryModules.csproj : error NU1605:  PSGalleryModules -> PowerShellGet 2.1.5 -> PackageManagement (>= 1.4.0) 
/home/travis/build/PowerShell/PowerShell/src/Modules/PSGalleryModules.csproj : error NU1605:  PSGalleryModules -> PackageManagement (>= 1.1.7.2)
Failed to restore /home/travis/build/PowerShell/PowerShell/src/Modules, retrying...
/home/travis/build/PowerShell/PowerShell/src/Modules/PSGalleryModules.csproj : error NU1605: Detected package downgrade: PackageManagement from 1.4.0 to 1.1.7.2. Reference the package directly from the project to select a different version. 
/home/travis/build/PowerShell/PowerShell/src/Modules/PSGalleryModules.csproj : error NU1605:  PSGalleryModules -> PowerShellGet 2.1.5 -> PackageManagement (>= 1.4.0) 
/home/travis/build/PowerShell/PowerShell/src/Modules/PSGalleryModules.csproj : error NU1605:  PSGalleryModules -> PackageManagement (>= 1.1.7.2)
Failed to restore /home/travis/build/PowerShell/PowerShell/src/Modules, retrying...
/home/travis/build/PowerShell/PowerShell/src/Modules/PSGalleryModules.csproj : error NU1605: Detected package downgrade: PackageManagement from 1.4.0 to 1.1.7.2. Reference the package directly from the project to select a different version. 
/home/travis/build/PowerShell/PowerShell/src/Modules/PSGalleryModules.csproj : error NU1605:  PSGalleryModules -> PowerShellGet 2.1.5 -> PackageManagement (>= 1.4.0) 
/home/travis/build/PowerShell/PowerShell/src/Modules/PSGalleryModules.csproj : error NU1605:  PSGalleryModules -> PackageManagement (>= 1.1.7.2)
Failed to restore /home/travis/build/PowerShell/PowerShell/src/Modules, retrying...
/home/travis/build/PowerShell/PowerShell/src/Modules/PSGalleryModules.csproj : error NU1605: Detected package downgrade: PackageManagement from 1.4.0 to 1.1.7.2. Reference the package directly from the project to select a different version. 
/home/travis/build/PowerShell/PowerShell/src/Modules/PSGalleryModules.csproj : error NU1605:  PSGalleryModules -> PowerShellGet 2.1.5 -> PackageManagement (>= 1.4.0) 
/home/travis/build/PowerShell/PowerShell/src/Modules/PSGalleryModules.csproj : error NU1605:  PSGalleryModules -> PackageManagement (>= 1.1.7.2)
Failed to restore /home/travis/build/PowerShell/PowerShell/src/Modules, retrying...
/home/travis/build/PowerShell/PowerShell/src/Modules/PSGalleryModules.csproj : error NU1605: Detected package downgrade: PackageManagement from 1.4.0 to 1.1.7.2. Reference the package directly from the project to select a different version. 
/home/travis/build/PowerShell/PowerShell/src/Modules/PSGalleryModules.csproj : error NU1605:  PSGalleryModules -> PowerShellGet 2.1.5 -> PackageManagement (>= 1.4.0) 
/home/travis/build/PowerShell/PowerShell/src/Modules/PSGalleryModules.csproj : error NU1605:  PSGalleryModules -> PackageManagement (>= 1.1.7.2)
Failed to restore /home/travis/build/PowerShell/PowerShell/src/Modules, retrying...
Execution of { dotnet restore $project $RestoreArguments } by build.psm1: line 519 failed with exit code 1
At /home/travis/build/PowerShell/PowerShell/build.psm1:2038 char:17
+                 throw $errorMessage
+                 ~~~~~~~~~~~~~~~~~~~
+ CategoryInfo          : OperationStopped: (Execution of { dotn\u2026ed with exit code 1:String) [], RuntimeException
+ FullyQualifiedErrorId : Execution of { dotnet restore $project $RestoreArguments } by build.psm1: line 519 failed with exit code 1
 
travis_time:end:20e79199:start=1560892783909298307,finish=1560892818953335435,duration=35044037128[0K[31;1mThe command "pwsh -File tools/travis.ps1" exited with 1.[0m

travis_time:start:03a44fae[0K$ if [[ "$TRAVIS_OS_NAME" == "linux" ]]; then mdspell '**/*.md' '!**/Pester/**/*.md' --ignore-numbers --ignore-acronyms --report --en-us; fi
>> 64 files are free from spelling errors
travis_time:end:03a44fae:start=1560892818960283281,finish=1560892820553701422,duration=1593418141[0K[32;1mThe command "if [[ "$TRAVIS_OS_NAME" == "linux" ]]; then mdspell '**/*.md' '!**/Pester/**/*.md' --ignore-numbers --ignore-acronyms --report --en-us; fi" exited with 0.[0m

travis_fold:start:cache.2[0Kstore build cache
travis_time:start:01aa17bb[0Ktravis_time:end:01aa17bb:start=1560892820562367720,finish=1560892820566640428,duration=4272708[0Ktravis_time:start:159b2124[0K[32;1mchanges detected, packing new archive[0m
[32;1muploading PowerShellGet-2.1.5/cache-linux-trusty-b63ba428cd21dd946309ed81c41c4b9000afe459974af6ba6ead38ce4f74cf7f--compiler-gpp.tgz[0m
[32;1mcache uploaded[0m
travis_time:end:159b2124:start=1560892820572450689,finish=1560892852157772399,duration=31585321710[0Ktravis_fold:end:cache.2[0K
travis_fold:start:after_failure[0Ktravis_time:start:268cd418[0K$ pwsh -File tools/travis.ps1 -Stage Failure
We only send bagde or webhook update for Cron builds
travis_time:end:268cd418:start=1560892852164582820,finish=1560892853263265528,duration=1098682708[0Ktravis_fold:end:after_failure[0K
[33;1mUploading Artifacts[0m
travis_fold:start:artifacts.setup[0Kartifacts version v0.7.9-3-geef78ca revision=eef78ca2da49a8783a32d4293c24b7025b52b097
$ export ARTIFACTS_PATHS="$(ls powershell*{deb,pkg,AppImage,gz} | tr \"\\n\" \":\"):TestResultsSudo.xml:TestResultsNoSudo.xml"
ls: cannot access powershell*deb: No such file or directory
ls: cannot access powershell*pkg: No such file or directory
ls: cannot access powershell*AppImage: No such file or directory
ls: cannot access powershell*gz: No such file or directory
travis_fold:end:artifacts.setup[0K$ artifacts upload
INFO: uploading with settings
  bucket: [secure]
  cache_control: private
  permissions: private

[31;1mERROR: failed to upload: /home/travis/build/PowerShell/PowerShell/TestResultsNoSudo.xml
[0m  err: open /home/travis/build/PowerShell/PowerShell/TestResultsNoSudo.xml: no such file or directory

[31;1mERROR: failed to upload: /home/travis/build/PowerShell/PowerShell/TestResultsSudo.xml
[0m  err: open /home/travis/build/PowerShell/PowerShell/TestResultsSudo.xml: no such file or directory

[33;1mDone uploading artifacts[0m


Done. Your build exited with 1.
