travis_fold:start:worker_info[0K[33;1mWorker information[0m
hostname: 3eb846a0-69cf-46cb-958b-1434f607b0c2@1.production-1-worker-org-c-2-gce
version: v3.3.1 https://github.com/travis-ci/worker/tree/1153e5010ef9863bf96264b75fba506109633460
instance: travis-job-985b615e-6540-4d74-b6bd-c78ce89febd5 travis-ci-garnet-trusty-1503972833 (via amqp)
startup: 21.265203222s
travis_fold:end:worker_info[0Ktravis_fold:start:system_info[0K[33;1mBuild system information[0m
Build language: node_js
Build group: stable
Build dist: trusty
Build id: 303144317
Job id: 303144321
Runtime kernel version: 4.4.0-93-generic
travis-build version: 60a36bec4
[34m[1mBuild image provisioning date and time[0m
Tue Aug 29 02:48:34 UTC 2017
[34m[1mOperating System Details[0m
Distributor ID:	Ubuntu
Description:	Ubuntu 14.04.5 LTS
Release:	14.04
Codename:	trusty
[34m[1mCookbooks Version[0m
4642454 https://github.com/travis-ci/travis-cookbooks/tree/4642454
[34m[1mgit version[0m
git version 2.14.1
[34m[1mbash version[0m
GNU bash, version 4.3.11(1)-release (x86_64-pc-linux-gnu)
[34m[1mgcc version[0m
gcc (Ubuntu 4.8.4-2ubuntu1~14.04.3) 4.8.4
Copyright (C) 2013 Free Software Foundation, Inc.
This is free software; see the source for copying conditions.  There is NO
warranty; not even for MERCHANTABILITY or FITNESS FOR A PARTICULAR PURPOSE.

[34m[1mdocker version[0m
Client:
 Version:      17.03.1-ce
 API version:  1.27
 Go version:   go1.7.5
 Git commit:   c6d412e
 Built:        Mon Mar 27 17:10:36 2017
 OS/Arch:      linux/amd64

Server:
 Version:      17.03.1-ce
 API version:  1.27 (minimum version 1.12)
 Go version:   go1.7.5
 Git commit:   c6d412e
 Built:        Mon Mar 27 17:10:36 2017
 OS/Arch:      linux/amd64
 Experimental: false
[34m[1mclang version[0m
clang version 3.9.0 (tags/RELEASE_390/final)
Target: x86_64-unknown-linux-gnu
Thread model: posix
InstalledDir: /usr/local/clang-3.9.0/bin
[34m[1mjq version[0m
jq-1.5
[34m[1mbats version[0m
Bats 0.4.0
[34m[1mshellcheck version[0m
0.4.6
[34m[1mshfmt version[0m
v1.3.1
[34m[1mccache version[0m
ccache version 3.1.9

Copyright (C) 2002-2007 Andrew Tridgell
Copyright (C) 2009-2011 Joel Rosdahl

This program is free software; you can redistribute it and/or modify it under
the terms of the GNU General Public License as published by the Free Software
Foundation; either version 3 of the License, or (at your option) any later
version.
[34m[1mcmake version[0m
cmake version 3.2.2

CMake suite maintained and supported by Kitware (kitware.com/cmake).
[34m[1mheroku version[0m
heroku-cli/6.13.19-6cd27b3 (linux-x64) node-v8.3.0
[34m[1mimagemagick version[0m
Version: ImageMagick 6.7.7-10 2017-07-31 Q16 http://www.imagemagick.org
[34m[1mmd5deep version[0m
4.2
[34m[1mmercurial version[0m
Mercurial Distributed SCM (version 4.2.2)
(see https://mercurial-scm.org for more information)

Copyright (C) 2005-2017 Matt Mackall and others
This is free software; see the source for copying conditions. There is NO
warranty; not even for MERCHANTABILITY or FITNESS FOR A PARTICULAR PURPOSE.
[34m[1mmysql version[0m
mysql  Ver 14.14 Distrib 5.6.33, for debian-linux-gnu (x86_64) using  EditLine wrapper
[34m[1mopenssl version[0m
OpenSSL 1.0.1f 6 Jan 2014
[34m[1mpacker version[0m
Packer v1.0.2

Your version of Packer is out of date! The latest version
is 1.0.4. You can update by downloading from www.packer.io
[34m[1mpostgresql client version[0m
psql (PostgreSQL) 9.6.4
[34m[1mragel version[0m
Ragel State Machine Compiler version 6.8 Feb 2013
Copyright (c) 2001-2009 by Adrian Thurston
[34m[1msubversion version[0m
svn, version 1.8.8 (r1568071)
   compiled Aug 10 2017, 17:20:39 on x86_64-pc-linux-gnu

Copyright (C) 2013 The Apache Software Foundation.
This software consists of contributions made by many people;
see the NOTICE file for more information.
Subversion is open source software, see http://subversion.apache.org/

The following repository access (RA) modules are available:

* ra_svn : Module for accessing a repository using the svn network protocol.
  - with Cyrus SASL authentication
  - handles 'svn' scheme
* ra_local : Module for accessing a repository on local disk.
  - handles 'file' scheme
* ra_serf : Module for accessing a repository via WebDAV protocol using serf.
  - using serf 1.3.3
  - handles 'http' scheme
  - handles 'https' scheme

[34m[1msudo version[0m
Sudo version 1.8.9p5
Configure options: --prefix=/usr -v --with-all-insults --with-pam --with-fqdn --with-logging=syslog --with-logfac=authpriv --with-env-editor --with-editor=/usr/bin/editor --with-timeout=15 --with-password-timeout=0 --with-passprompt=[sudo] password for %p:  --without-lecture --with-tty-tickets --disable-root-mailer --enable-admin-flag --with-sendmail=/usr/sbin/sendmail --with-timedir=/var/lib/sudo --mandir=/usr/share/man --libexecdir=/usr/lib/sudo --with-sssd --with-sssd-lib=/usr/lib/x86_64-linux-gnu --with-selinux
Sudoers policy plugin version 1.8.9p5
Sudoers file grammar version 43

Sudoers path: /etc/sudoers
Authentication methods: 'pam'
Syslog facility if syslog is being used for logging: authpriv
Syslog priority to use when user authenticates successfully: notice
Syslog priority to use when user authenticates unsuccessfully: alert
Send mail if the user is not in sudoers
Use a separate timestamp for each user/tty combo
Lecture user the first time they run sudo
Root may run sudo
Allow some information gathering to give useful error messages
Require fully-qualified hostnames in the sudoers file
Visudo will honor the EDITOR environment variable
Set the LOGNAME and USER environment variables
Length at which to wrap log file lines (0 for no wrap): 80
Authentication timestamp timeout: 15.0 minutes
Password prompt timeout: 0.0 minutes
Number of tries to enter a password: 3
Umask to use or 0777 to use user's: 022
Path to mail program: /usr/sbin/sendmail
Flags for mail program: -t
Address to send mail to: root
Subject line for mail messages: *** SECURITY information for %h ***
Incorrect password message: Sorry, try again.
Path to authentication timestamp dir: /var/lib/sudo
Default password prompt: [sudo] password for %p: 
Default user to run commands as: root
Value to override user's $PATH with: /usr/local/sbin:/usr/local/bin:/usr/sbin:/usr/bin:/sbin:/bin:/snap/bin
Path to the editor for use by visudo: /usr/bin/editor
When to require a password for 'list' pseudocommand: any
When to require a password for 'verify' pseudocommand: all
File descriptors >= 3 will be closed before executing a command
Environment variables to check for sanity:
	TZ
	TERM
	LINGUAS
	LC_*
	LANGUAGE
	LANG
	COLORTERM
Environment variables to remove:
	RUBYOPT
	RUBYLIB
	PYTHONUSERBASE
	PYTHONINSPECT
	PYTHONPATH
	PYTHONHOME
	TMPPREFIX
	ZDOTDIR
	READNULLCMD
	NULLCMD
	FPATH
	PERL5DB
	PERL5OPT
	PERL5LIB
	PERLLIB
	PERLIO_DEBUG 
	JAVA_TOOL_OPTIONS
	SHELLOPTS
	GLOBIGNORE
	PS4
	BASH_ENV
	ENV
	TERMCAP
	TERMPATH
	TERMINFO_DIRS
	TERMINFO
	_RLD*
	LD_*
	PATH_LOCALE
	NLSPATH
	HOSTALIASES
	RES_OPTIONS
	LOCALDOMAIN
	CDPATH
	IFS
Environment variables to preserve:
	JAVA_HOME
	TRAVIS
	CI
	DEBIAN_FRONTEND
	XAUTHORIZATION
	XAUTHORITY
	PS2
	PS1
	PATH
	LS_COLORS
	KRB5CCNAME
	HOSTNAME
	HOME
	DISPLAY
	COLORS
Locale to use while parsing sudoers: C
Directory in which to store input/output logs: /var/log/sudo-io
File in which to store the input/output log: %{seq}
Add an entry to the utmp/utmpx file when allocating a pty
PAM service name to use
PAM service name to use for login shells
Create a new PAM session for the command to run in
Maximum I/O log sequence number: 0

Local IP address and netmask pairs:
	10.240.0.10/255.255.255.255
	172.17.0.1/255.255.0.0

Sudoers I/O plugin version 1.8.9p5
[34m[1mgzip version[0m
gzip 1.6
Copyright (C) 2007, 2010, 2011 Free Software Foundation, Inc.
Copyright (C) 1993 Jean-loup Gailly.
This is free software.  You may redistribute copies of it under the terms of
the GNU General Public License <http://www.gnu.org/licenses/gpl.html>.
There is NO WARRANTY, to the extent permitted by law.

Written by Jean-loup Gailly.
[34m[1mzip version[0m
Copyright (c) 1990-2008 Info-ZIP - Type 'zip "-L"' for software license.
This is Zip 3.0 (July 5th 2008), by Info-ZIP.
Currently maintained by E. Gordon.  Please send bug reports to
the authors using the web page at www.info-zip.org; see README for details.

Latest sources and executables are at ftp://ftp.info-zip.org/pub/infozip,
as of above date; see http://www.info-zip.org/ for other sites.

Compiled with gcc 4.8.2 for Unix (Linux ELF) on Oct 21 2013.

Zip special compilation options:
	USE_EF_UT_TIME       (store Universal Time)
	BZIP2_SUPPORT        (bzip2 library version 1.0.6, 6-Sept-2010)
	    bzip2 code and library copyright (c) Julian R Seward
	    (See the bzip2 license for terms of use)
	SYMLINK_SUPPORT      (symbolic links supported)
	LARGE_FILE_SUPPORT   (can read and write large files on file system)
	ZIP64_SUPPORT        (use Zip64 to store large files in archives)
	UNICODE_SUPPORT      (store and read UTF-8 Unicode paths)
	STORE_UNIX_UIDs_GIDs (store UID/GID sizes/values using new extra field)
	UIDGID_NOT_16BIT     (old Unix 16-bit UID/GID extra field not used)
	[encryption, version 2.91 of 05 Jan 2007] (modified for Zip 3)

Encryption notice:
	The encryption code of this program is not copyrighted and is
	put in the public domain.  It was originally written in Europe
	and, to the best of our knowledge, can be freely distributed
	in both source and object forms from any country, including
	the USA under License Exception TSU of the U.S. Export
	Administration Regulations (section 740.13(e)) of 6 June 2002.

Zip environment options:
             ZIP:  [none]
          ZIPOPT:  [none]
[34m[1mvim version[0m
VIM - Vi IMproved 7.4 (2013 Aug 10, compiled Nov 24 2016 16:43:18)
Included patches: 1-52
Extra patches: 8.0.0056
Modified by pkg-vim-maintainers@lists.alioth.debian.org
Compiled by buildd@
Huge version without GUI.  Features included (+) or not (-):
+acl             +farsi           +mouse_netterm   +syntax
+arabic          +file_in_path    +mouse_sgr       +tag_binary
+autocmd         +find_in_path    -mouse_sysmouse  +tag_old_static
-balloon_eval    +float           +mouse_urxvt     -tag_any_white
-browse          +folding         +mouse_xterm     -tcl
++builtin_terms  -footer          +multi_byte      +terminfo
+byte_offset     +fork()          +multi_lang      +termresponse
+cindent         +gettext         -mzscheme        +textobjects
-clientserver    -hangul_input    +netbeans_intg   +title
-clipboard       +iconv           +path_extra      -toolbar
+cmdline_compl   +insert_expand   -perl            +user_commands
+cmdline_hist    +jumplist        +persistent_undo +vertsplit
+cmdline_info    +keymap          +postscript      +virtualedit
+comments        +langmap         +printer         +visual
+conceal         +libcall         +profile         +visualextra
+cryptv          +linebreak       +python          +viminfo
+cscope          +lispindent      -python3         +vreplace
+cursorbind      +listcmds        +quickfix        +wildignore
+cursorshape     +localmap        +reltime         +wildmenu
+dialog_con      -lua             +rightleft       +windows
+diff            +menu            -ruby            +writebackup
+digraphs        +mksession       +scrollbind      -X11
-dnd             +modify_fname    +signs           -xfontset
-ebcdic          +mouse           +smartindent     -xim
+emacs_tags      -mouseshape      -sniff           -xsmp
+eval            +mouse_dec       +startuptime     -xterm_clipboard
+ex_extra        +mouse_gpm       +statusline      -xterm_save
+extra_search    -mouse_jsbterm   -sun_workshop    -xpm
   system vimrc file: "$VIM/vimrc"
     user vimrc file: "$HOME/.vimrc"
 2nd user vimrc file: "~/.vim/vimrc"
      user exrc file: "$HOME/.exrc"
  fall-back for $VIM: "/usr/share/vim"
Compilation: gcc -c -I. -Iproto -DHAVE_CONFIG_H     -g -O2 -fstack-protector --param=ssp-buffer-size=4 -Wformat -Werror=format-security -U_FORTIFY_SOURCE -D_FORTIFY_SOURCE=1      
Linking: gcc   -Wl,-Bsymbolic-functions -Wl,-z,relro -Wl,--as-needed -o vim        -lm -ltinfo -lnsl  -lselinux  -lacl -lattr -lgpm -ldl    -L/usr/lib/python2.7/config-x86_64-linux-gnu -lpython2.7 -lpthread -ldl -lutil -lm -Xlinker -export-dynamic -Wl,-O1 -Wl,-Bsymbolic-functions      
[34m[1miptables version[0m
iptables v1.4.21
[34m[1mcurl version[0m
curl 7.35.0 (x86_64-pc-linux-gnu) libcurl/7.35.0 OpenSSL/1.0.1f zlib/1.2.8 libidn/1.28 librtmp/2.3
[34m[1mwget version[0m
GNU Wget 1.15 built on linux-gnu.
[34m[1mrsync version[0m
rsync  version 3.1.0  protocol version 31
[34m[1mgimme version[0m
v1.2.0
[34m[1mnvm version[0m
0.33.2
[34m[1mperlbrew version[0m
/home/travis/perl5/perlbrew/bin/perlbrew  - App::perlbrew/0.80
[34m[1mphpenv version[0m
rbenv 1.1.1-4-g4ebd1bd
[34m[1mrvm version[0m
rvm 1.29.2 (latest) by Michal Papis, Piotr Kuczynski, Wayne E. Seguin [https://rvm.io/]
[34m[1mdefault ruby version[0m
ruby 2.4.1p111 (2017-03-22 revision 58053) [x86_64-linux]
[34m[1mCouchDB version[0m
couchdb 1.6.1
[34m[1mElasticSearch version[0m
5.5.0
[34m[1mInstalled Firefox version[0m
firefox 55.0.2
[34m[1mMongoDB version[0m
MongoDB 3.2.16
[34m[1mPre-installed PostgreSQL versions[0m
9.2.22
9.3.18
9.4.13
9.5.8
9.6.4
[34m[1mRabbitMQ Version[0m
3.6.11
[34m[1mRedis version[0m
redis-server 4.0.1
[34m[1mriak version[0m
2.2.3
[34m[1mPre-installed Go versions[0m
1.7.4
[34m[1mant version[0m
Apache Ant(TM) version 1.9.3 compiled on April 8 2014
[34m[1mmvn version[0m
Apache Maven 3.5.0 (ff8f5e7444045639af65f6095c62210b5713f426; 2017-04-03T19:39:06Z)
Maven home: /usr/local/maven-3.5.0
Java version: 1.8.0_144, vendor: Oracle Corporation
Java home: /usr/lib/jvm/java-8-oracle/jre
Default locale: en_US, platform encoding: UTF-8
OS name: "linux", version: "4.4.0-81-generic", arch: "amd64", family: "unix"
[34m[1mgradle version[0m

------------------------------------------------------------
Gradle 4.0.1
------------------------------------------------------------

Build time:   2017-07-07 14:02:41 UTC
Revision:     38e5dc0f772daecca1d2681885d3d85414eb6826

Groovy:       2.4.11
Ant:          Apache Ant(TM) version 1.9.6 compiled on June 29 2015
JVM:          1.8.0_144 (Oracle Corporation 25.144-b01)
OS:           Linux 4.4.0-81-generic amd64

[34m[1mlein version[0m
WARNING: You're currently running as root; probably by accident.
Press control-C to abort or Enter to continue as root.
Set LEIN_ROOT to disable this warning.
Leiningen 2.7.1 on Java 1.8.0_144 Java HotSpot(TM) 64-Bit Server VM
[34m[1mPre-installed Node.js versions[0m
v4.8.4
v6.11.2
v6.9.4
v7.4.0
v8.4
[34m[1mphpenv versions[0m
  system
  5.6
* 5.6.31 (set by /home/travis/.phpenv/version)
  7.0
  7.0.22
  hhvm
  hhvm-stable
[34m[1mcomposer --version[0m
Composer version 1.4.2 2017-05-17 08:17:52
[34m[1mPre-installed Ruby versions[0m
ruby-2.2.7
ruby-2.3.4
ruby-2.4.1
travis_fold:end:system_info[0K
removed â€˜/etc/apt/sources.list.d/basho_riak.listâ€™
Executing: /tmp/tmp.t0MJYqUeYs/gpg.1.sh --keyserver
hkp://keyserver.ubuntu.com:80
--recv
EA312927
gpg: requesting key EA312927 from hkp server keyserver.ubuntu.com
gpg: key EA312927: "MongoDB 3.2 Release Signing Key <packaging@mongodb.com>" 1 new signature
gpg: Total number processed: 1
gpg:         new signatures: 1
W: http://dl.hhvm.com/ubuntu/dists/trusty/InRelease: Signature by key 36AEF64D0207E7EEE352D4875A16E7281BE7A449 uses weak digest algorithm (SHA1)
W: http://ppa.launchpad.net/couchdb/stable/ubuntu/dists/trusty/Release.gpg: Signature by key 15866BAFD9BCC4F3C1E0DFC7D69548E1C17EAB57 uses weak digest algorithm (SHA1)
E: Failed to fetch http://dl.hhvm.com/ubuntu/dists/trusty/main/binary-i386/Packages  404  Not Found [IP: 52.84.14.226 80]
E: Some index files failed to download. They have been ignored, or old ones used instead.
travis_fold:start:git.checkout[0Ktravis_time:start:021efb5e[0K$ git clone --depth=10 https://github.com/electron/electron.git electron/electron
Cloning into 'electron/electron'...
remote: Counting objects: 2231, done.[K
remote: Compressing objects:   0% (1/1985)   [Kremote: Compressing objects:   1% (20/1985)   [Kremote: Compressing objects:   2% (40/1985)   [Kremote: Compressing objects:   3% (60/1985)   [Kremote: Compressing objects:   4% (80/1985)   [Kremote: Compressing objects:   5% (100/1985)   [Kremote: Compressing objects:   6% (120/1985)   [Kremote: Compressing objects:   7% (139/1985)   [Kremote: Compressing objects:   8% (159/1985)   [Kremote: Compressing objects:   9% (179/1985)   [Kremote: Compressing objects:  10% (199/1985)   [Kremote: Compressing objects:  11% (219/1985)   [Kremote: Compressing objects:  12% (239/1985)   [Kremote: Compressing objects:  13% (259/1985)   [Kremote: Compressing objects:  14% (278/1985)   [Kremote: Compressing objects:  15% (298/1985)   [Kremote: Compressing objects:  16% (318/1985)   [Kremote: Compressing objects:  17% (338/1985)   [Kremote: Compressing objects:  18% (358/1985)   [Kremote: Compressing objects:  19% (378/1985)   [Kremote: Compressing objects:  20% (397/1985)   [Kremote: Compressing objects:  21% (417/1985)   [Kremote: Compressing objects:  22% (437/1985)   [Kremote: Compressing objects:  23% (457/1985)   [Kremote: Compressing objects:  24% (477/1985)   [Kremote: Compressing objects:  25% (497/1985)   [Kremote: Compressing objects:  26% (517/1985)   [Kremote: Compressing objects:  27% (536/1985)   [Kremote: Compressing objects:  28% (556/1985)   [Kremote: Compressing objects:  29% (576/1985)   [Kremote: Compressing objects:  30% (596/1985)   [Kremote: Compressing objects:  31% (616/1985)   [Kremote: Compressing objects:  32% (636/1985)   [Kremote: Compressing objects:  33% (656/1985)   [Kremote: Compressing objects:  34% (675/1985)   [Kremote: Compressing objects:  35% (695/1985)   [Kremote: Compressing objects:  36% (715/1985)   [Kremote: Compressing objects:  37% (735/1985)   [Kremote: Compressing objects:  38% (755/1985)   [Kremote: Compressing objects:  39% (775/1985)   [Kremote: Compressing objects:  40% (794/1985)   [Kremote: Compressing objects:  41% (814/1985)   [Kremote: Compressing objects:  42% (834/1985)   [Kremote: Compressing objects:  43% (854/1985)   [Kremote: Compressing objects:  44% (874/1985)   [Kremote: Compressing objects:  45% (894/1985)   [Kremote: Compressing objects:  46% (914/1985)   [Kremote: Compressing objects:  47% (933/1985)   [Kremote: Compressing objects:  48% (953/1985)   [Kremote: Compressing objects:  49% (973/1985)   [Kremote: Compressing objects:  50% (993/1985)   [Kremote: Compressing objects:  51% (1013/1985)   [Kremote: Compressing objects:  52% (1033/1985)   [Kremote: Compressing objects:  53% (1053/1985)   [Kremote: Compressing objects:  54% (1072/1985)   [Kremote: Compressing objects:  55% (1092/1985)   [Kremote: Compressing objects:  56% (1112/1985)   [Kremote: Compressing objects:  57% (1132/1985)   [Kremote: Compressing objects:  58% (1152/1985)   [Kremote: Compressing objects:  59% (1172/1985)   [Kremote: Compressing objects:  60% (1191/1985)   [Kremote: Compressing objects:  61% (1211/1985)   [Kremote: Compressing objects:  62% (1231/1985)   [Kremote: Compressing objects:  63% (1251/1985)   [Kremote: Compressing objects:  64% (1271/1985)   [Kremote: Compressing objects:  65% (1291/1985)   [Kremote: Compressing objects:  66% (1311/1985)   [Kremote: Compressing objects:  67% (1330/1985)   [Kremote: Compressing objects:  68% (1350/1985)   [Kremote: Compressing objects:  69% (1370/1985)   [Kremote: Compressing objects:  70% (1390/1985)   [Kremote: Compressing objects:  71% (1410/1985)   [Kremote: Compressing objects:  72% (1430/1985)   [Kremote: Compressing objects:  73% (1450/1985)   [Kremote: Compressing objects:  74% (1469/1985)   [Kremote: Compressing objects:  75% (1489/1985)   [Kremote: Compressing objects:  76% (1509/1985)   [Kremote: Compressing objects:  77% (1529/1985)   [Kremote: Compressing objects:  78% (1549/1985)   [Kremote: Compressing objects:  79% (1569/1985)   [Kremote: Compressing objects:  80% (1588/1985)   [Kremote: Compressing objects:  81% (1608/1985)   [Kremote: Compressing objects:  82% (1628/1985)   [Kremote: Compressing objects:  83% (1648/1985)   [Kremote: Compressing objects:  84% (1668/1985)   [Kremote: Compressing objects:  85% (1688/1985)   [Kremote: Compressing objects:  86% (1708/1985)   [Kremote: Compressing objects:  87% (1727/1985)   [Kremote: Compressing objects:  88% (1747/1985)   [Kremote: Compressing objects:  89% (1767/1985)   [Kremote: Compressing objects:  90% (1787/1985)   [Kremote: Compressing objects:  91% (1807/1985)   [Kremote: Compressing objects:  92% (1827/1985)   [Kremote: Compressing objects:  93% (1847/1985)   [Kremote: Compressing objects:  94% (1866/1985)   [Kremote: Compressing objects:  95% (1886/1985)   [Kremote: Compressing objects:  96% (1906/1985)   [Kremote: Compressing objects:  97% (1926/1985)   [Kremote: Compressing objects:  98% (1946/1985)   [Kremote: Compressing objects:  99% (1966/1985)   [Kremote: Compressing objects: 100% (1985/1985)   [Kremote: Compressing objects: 100% (1985/1985), done.[K
Receiving objects:   0% (1/2231)   Receiving objects:   1% (23/2231)   Receiving objects:   2% (45/2231)   Receiving objects:   3% (67/2231)   Receiving objects:   4% (90/2231)   Receiving objects:   5% (112/2231)   Receiving objects:   6% (134/2231)   Receiving objects:   7% (157/2231)   Receiving objects:   8% (179/2231)   Receiving objects:   9% (201/2231)   Receiving objects:  10% (224/2231)   Receiving objects:  11% (246/2231)   Receiving objects:  12% (268/2231)   Receiving objects:  13% (291/2231)   Receiving objects:  14% (313/2231)   Receiving objects:  15% (335/2231)   Receiving objects:  16% (357/2231)   Receiving objects:  17% (380/2231)   Receiving objects:  18% (402/2231)   Receiving objects:  19% (424/2231)   Receiving objects:  20% (447/2231)   Receiving objects:  21% (469/2231)   Receiving objects:  22% (491/2231)   Receiving objects:  23% (514/2231)   Receiving objects:  24% (536/2231)   Receiving objects:  25% (558/2231)   Receiving objects:  26% (581/2231)   Receiving objects:  27% (603/2231)   Receiving objects:  28% (625/2231)   Receiving objects:  29% (647/2231)   Receiving objects:  30% (670/2231)   Receiving objects:  31% (692/2231)   Receiving objects:  32% (714/2231)   Receiving objects:  33% (737/2231)   Receiving objects:  34% (759/2231)   Receiving objects:  35% (781/2231)   Receiving objects:  36% (804/2231)   Receiving objects:  37% (826/2231)   Receiving objects:  38% (848/2231)   Receiving objects:  39% (871/2231)   Receiving objects:  40% (893/2231)   Receiving objects:  41% (915/2231)   Receiving objects:  42% (938/2231)   Receiving objects:  43% (960/2231)   Receiving objects:  44% (982/2231)   Receiving objects:  45% (1004/2231)   Receiving objects:  46% (1027/2231)   Receiving objects:  47% (1049/2231)   Receiving objects:  48% (1071/2231)   Receiving objects:  49% (1094/2231)   Receiving objects:  50% (1116/2231)   Receiving objects:  51% (1138/2231)   Receiving objects:  52% (1161/2231)   Receiving objects:  53% (1183/2231)   Receiving objects:  54% (1205/2231)   Receiving objects:  55% (1228/2231)   Receiving objects:  56% (1250/2231)   Receiving objects:  57% (1272/2231)   Receiving objects:  58% (1294/2231)   Receiving objects:  59% (1317/2231)   Receiving objects:  60% (1339/2231)   Receiving objects:  61% (1361/2231)   Receiving objects:  62% (1384/2231)   Receiving objects:  63% (1406/2231)   Receiving objects:  64% (1428/2231)   Receiving objects:  65% (1451/2231)   Receiving objects:  66% (1473/2231)   Receiving objects:  67% (1495/2231)   Receiving objects:  68% (1518/2231)   Receiving objects:  69% (1540/2231)   Receiving objects:  70% (1562/2231)   Receiving objects:  71% (1585/2231)   Receiving objects:  72% (1607/2231)   Receiving objects:  73% (1629/2231)   Receiving objects:  74% (1651/2231)   Receiving objects:  75% (1674/2231)   Receiving objects:  76% (1696/2231)   Receiving objects:  77% (1718/2231)   Receiving objects:  78% (1741/2231)   Receiving objects:  79% (1763/2231)   Receiving objects:  80% (1785/2231)   Receiving objects:  81% (1808/2231)   Receiving objects:  82% (1830/2231)   Receiving objects:  83% (1852/2231)   Receiving objects:  84% (1875/2231)   Receiving objects:  85% (1897/2231)   Receiving objects:  86% (1919/2231)   Receiving objects:  87% (1941/2231)   Receiving objects:  88% (1964/2231)   Receiving objects:  89% (1986/2231)   Receiving objects:  90% (2008/2231)   Receiving objects:  91% (2031/2231)   Receiving objects:  92% (2053/2231)   Receiving objects:  93% (2075/2231)   Receiving objects:  94% (2098/2231)   Receiving objects:  95% (2120/2231)   Receiving objects:  96% (2142/2231)   Receiving objects:  97% (2165/2231)   Receiving objects:  98% (2187/2231)   Receiving objects:  99% (2209/2231)   remote: Total 2231 (delta 394), reused 793 (delta 186), pack-reused 0[K
Receiving objects: 100% (2231/2231)   Receiving objects: 100% (2231/2231), 5.39 MiB | 18.52 MiB/s, done.
Resolving deltas:   0% (0/394)   Resolving deltas:   1% (5/394)   Resolving deltas:  12% (50/394)   Resolving deltas:  14% (56/394)   Resolving deltas:  15% (60/394)   Resolving deltas:  16% (65/394)   Resolving deltas:  17% (69/394)   Resolving deltas:  18% (73/394)   Resolving deltas:  19% (76/394)   Resolving deltas:  21% (84/394)   Resolving deltas:  22% (89/394)   Resolving deltas:  23% (92/394)   Resolving deltas:  24% (96/394)   Resolving deltas:  27% (109/394)   Resolving deltas:  28% (114/394)   Resolving deltas:  29% (115/394)   Resolving deltas:  30% (121/394)   Resolving deltas:  31% (123/394)   Resolving deltas:  32% (128/394)   Resolving deltas:  35% (138/394)   Resolving deltas:  36% (142/394)   Resolving deltas:  37% (147/394)   Resolving deltas:  38% (150/394)   Resolving deltas:  40% (159/394)   Resolving deltas:  42% (168/394)   Resolving deltas:  43% (170/394)   Resolving deltas:  44% (174/394)   Resolving deltas:  45% (178/394)   Resolving deltas:  46% (182/394)   Resolving deltas:  47% (186/394)   Resolving deltas:  48% (190/394)   Resolving deltas:  49% (194/394)   Resolving deltas:  50% (197/394)   Resolving deltas:  51% (201/394)   Resolving deltas:  52% (205/394)   Resolving deltas:  53% (209/394)   Resolving deltas:  54% (213/394)   Resolving deltas:  55% (217/394)   Resolving deltas:  56% (221/394)   Resolving deltas:  57% (225/394)   Resolving deltas:  58% (229/394)   Resolving deltas:  59% (233/394)   Resolving deltas:  60% (239/394)   Resolving deltas:  61% (241/394)   Resolving deltas:  63% (252/394)   Resolving deltas:  64% (253/394)   Resolving deltas:  65% (257/394)   Resolving deltas:  66% (261/394)   Resolving deltas:  67% (264/394)   Resolving deltas:  68% (268/394)   Resolving deltas:  69% (272/394)   Resolving deltas:  70% (276/394)   Resolving deltas:  71% (280/394)   Resolving deltas:  72% (285/394)   Resolving deltas:  73% (288/394)   Resolving deltas:  74% (292/394)   Resolving deltas:  75% (296/394)   Resolving deltas:  76% (300/394)   Resolving deltas:  77% (306/394)   Resolving deltas:  78% (308/394)   Resolving deltas:  79% (315/394)   Resolving deltas:  80% (316/394)   Resolving deltas:  81% (320/394)   Resolving deltas:  82% (324/394)   Resolving deltas:  83% (328/394)   Resolving deltas:  84% (331/394)   Resolving deltas:  85% (335/394)   Resolving deltas:  87% (343/394)   Resolving deltas:  88% (347/394)   Resolving deltas:  89% (352/394)   Resolving deltas:  90% (355/394)   Resolving deltas:  91% (359/394)   Resolving deltas:  92% (364/394)   Resolving deltas:  93% (367/394)   Resolving deltas:  94% (371/394)   Resolving deltas:  95% (375/394)   Resolving deltas:  96% (379/394)   Resolving deltas:  97% (384/394)   Resolving deltas:  98% (387/394)   Resolving deltas:  99% (391/394)   Resolving deltas: 100% (394/394)   Resolving deltas: 100% (394/394), done.

travis_time:end:021efb5e:start=1510855057907106477,finish=1510855059388746824,duration=1481640347[0K$ cd electron/electron
travis_time:start:22579d1c[0K$ git fetch origin +refs/pull/11125/merge:
remote: Counting objects: 32, done.[K
remote: Compressing objects:   5% (1/17)   [Kremote: Compressing objects:  11% (2/17)   [Kremote: Compressing objects:  17% (3/17)   [Kremote: Compressing objects:  23% (4/17)   [Kremote: Compressing objects:  29% (5/17)   [Kremote: Compressing objects:  35% (6/17)   [Kremote: Compressing objects:  41% (7/17)   [Kremote: Compressing objects:  47% (8/17)   [Kremote: Compressing objects:  52% (9/17)   [Kremote: Compressing objects:  58% (10/17)   [Kremote: Compressing objects:  64% (11/17)   [Kremote: Compressing objects:  70% (12/17)   [Kremote: Compressing objects:  76% (13/17)   [Kremote: Compressing objects:  82% (14/17)   [Kremote: Compressing objects:  88% (15/17)   [Kremote: Compressing objects:  94% (16/17)   [Kremote: Compressing objects: 100% (17/17)   [Kremote: Compressing objects: 100% (17/17), done.[K
remote: Total 32 (delta 27), reused 19 (delta 15), pack-reused 0[K
Unpacking objects:   3% (1/32)   Unpacking objects:   6% (2/32)   Unpacking objects:   9% (3/32)   Unpacking objects:  12% (4/32)   Unpacking objects:  15% (5/32)   Unpacking objects:  18% (6/32)   Unpacking objects:  21% (7/32)   Unpacking objects:  25% (8/32)   Unpacking objects:  28% (9/32)   Unpacking objects:  31% (10/32)   Unpacking objects:  34% (11/32)   Unpacking objects:  37% (12/32)   Unpacking objects:  40% (13/32)   Unpacking objects:  43% (14/32)   Unpacking objects:  46% (15/32)   Unpacking objects:  50% (16/32)   Unpacking objects:  53% (17/32)   Unpacking objects:  56% (18/32)   Unpacking objects:  59% (19/32)   Unpacking objects:  62% (20/32)   Unpacking objects:  65% (21/32)   Unpacking objects:  68% (22/32)   Unpacking objects:  71% (23/32)   Unpacking objects:  75% (24/32)   Unpacking objects:  78% (25/32)   Unpacking objects:  81% (26/32)   Unpacking objects:  84% (27/32)   Unpacking objects:  87% (28/32)   Unpacking objects:  90% (29/32)   Unpacking objects:  93% (30/32)   Unpacking objects:  96% (31/32)   Unpacking objects: 100% (32/32)   Unpacking objects: 100% (32/32), done.
From https://github.com/electron/electron
 * branch            refs/pull/11125/merge -> FETCH_HEAD

travis_time:end:22579d1c:start=1510855059394079613,finish=1510855059921591960,duration=527512347[0K$ git checkout -qf FETCH_HEAD
travis_fold:end:git.checkout[0Ktravis_fold:start:git.submodule[0Ktravis_time:start:23305bd2[0K$ git submodule update --init --recursive
Submodule 'vendor/boto' (https://github.com/boto/boto.git) registered for path 'vendor/boto'
Submodule 'vendor/breakpad' (https://github.com/electron/chromium-breakpad.git) registered for path 'vendor/breakpad'
Submodule 'vendor/crashpad' (https://github.com/electron/crashpad.git) registered for path 'vendor/crashpad'
Submodule 'vendor/depot_tools' (https://chromium.googlesource.com/chromium/tools/depot_tools.git) registered for path 'vendor/depot_tools'
Submodule 'vendor/gyp' (https://github.com/electron/gyp) registered for path 'vendor/gyp'
Submodule 'vendor/libchromiumcontent' (https://github.com/electron/libchromiumcontent) registered for path 'vendor/libchromiumcontent'
Submodule 'vendor/native_mate' (https://github.com/electron/native-mate.git) registered for path 'vendor/native_mate'
Submodule 'vendor/node' (https://github.com/electron/node.git) registered for path 'vendor/node'
Submodule 'vendor/pdf_viewer' (https://github.com/electron/pdf-viewer.git) registered for path 'vendor/pdf_viewer'
Submodule 'vendor/requests' (https://github.com/kennethreitz/requests) registered for path 'vendor/requests'
Cloning into '/home/travis/build/electron/electron/vendor/boto'...
Cloning into '/home/travis/build/electron/electron/vendor/breakpad'...
Cloning into '/home/travis/build/electron/electron/vendor/crashpad'...
Cloning into '/home/travis/build/electron/electron/vendor/depot_tools'...
fatal: unable to access 'https://chromium.googlesource.com/chromium/tools/depot_tools.git/': Failed to connect to chromium.googlesource.com port 443: Connection timed out
fatal: clone of 'https://chromium.googlesource.com/chromium/tools/depot_tools.git' into submodule path '/home/travis/build/electron/electron/vendor/depot_tools' failed
Failed to clone 'vendor/depot_tools'. Retry scheduled
Cloning into '/home/travis/build/electron/electron/vendor/gyp'...
Cloning into '/home/travis/build/electron/electron/vendor/libchromiumcontent'...
Cloning into '/home/travis/build/electron/electron/vendor/native_mate'...
Cloning into '/home/travis/build/electron/electron/vendor/node'...
Cloning into '/home/travis/build/electron/electron/vendor/pdf_viewer'...
Cloning into '/home/travis/build/electron/electron/vendor/requests'...
Cloning into '/home/travis/build/electron/electron/vendor/depot_tools'...
Submodule path 'vendor/boto': checked out 'f7574aa6cc2c819430c1f05e9a1a1a666ef8169b'
Submodule path 'vendor/breakpad': checked out '82f0452e6b687b3c1e14e08d172b2f3fb79ae91a'
Submodule 'src' (https://chromium.googlesource.com/breakpad/breakpad/src) registered for path 'vendor/breakpad/src'
Cloning into '/home/travis/build/electron/electron/vendor/breakpad/src'...
fatal: unable to access 'https://chromium.googlesource.com/breakpad/breakpad/src/': Failed to connect to chromium.googlesource.com port 443: Connection timed out
fatal: clone of 'https://chromium.googlesource.com/breakpad/breakpad/src' into submodule path '/home/travis/build/electron/electron/vendor/breakpad/src' failed
Failed to clone 'src'. Retry scheduled
Cloning into '/home/travis/build/electron/electron/vendor/breakpad/src'...
Submodule path 'vendor/breakpad/src': checked out '2fcb8afbc807cf54c6de1b15fe71f027052045fd'
Submodule path 'vendor/breakpad/src': checked out '2fcb8afbc807cf54c6de1b15fe71f027052045fd'
Submodule path 'vendor/crashpad': checked out 'f7c320766756a8aaa45ccbcff2945053d9f7e109'
Submodule path 'vendor/depot_tools': checked out '4fa73b8ca6899bc69577932b80145a6bf07e4424'
Submodule path 'vendor/gyp': checked out '549e55a22765ccf99e46b419b2dff6338bcac64a'
Submodule path 'vendor/libchromiumcontent': checked out '0784acb6519ea45c0cef26d8599fa8c7f6b9c7ca'
Submodule 'vendor/boto' (https://github.com/piotrbulinski/boto.git) registered for path 'vendor/libchromiumcontent/vendor/boto'
Submodule 'vendor/depot_tools' (https://chromium.googlesource.com/chromium/tools/depot_tools.git) registered for path 'vendor/libchromiumcontent/vendor/depot_tools'
Cloning into '/home/travis/build/electron/electron/vendor/libchromiumcontent/vendor/boto'...
Cloning into '/home/travis/build/electron/electron/vendor/libchromiumcontent/vendor/depot_tools'...
Submodule path 'vendor/libchromiumcontent/vendor/boto': checked out 'c3b81eb115e469b9df1ff8c379d3208327da2c84'
Submodule path 'vendor/libchromiumcontent/vendor/depot_tools': checked out 'c55eecf76bdb96b904aaaee93fe4c67bbbb102d9'
Submodule path 'vendor/native_mate': checked out 'bf92fa88b735b8c9ff951e6ef78a531bd10e8778'
Submodule path 'vendor/node': checked out 'dc8fe9d390b1deb32ae2601357a90679cbcc757e'
Submodule path 'vendor/pdf_viewer': checked out 'beb36874a6b61d7a18b92bf7dcd1f0661e4c59cf'
Submodule 'vendor/grit' (https://chromium.googlesource.com/chromium/src/tools/grit.git) registered for path 'vendor/pdf_viewer/vendor/grit'
Cloning into '/home/travis/build/electron/electron/vendor/pdf_viewer/vendor/grit'...
Submodule path 'vendor/pdf_viewer/vendor/grit': checked out '9536fb6429147d27ef1563088341825db0a893cd'
Submodule path 'vendor/requests': checked out 'e4d59bedfd3c7f4f254f4f5d036587bcd8152458'
Submodule path 'vendor/depot_tools': checked out '4fa73b8ca6899bc69577932b80145a6bf07e4424'

travis_time:end:23305bd2:start=1510855059992949035,finish=1510855361012901974,duration=301019952939[0Ktravis_fold:end:git.submodule[0K
[33;1mSetting environment variables from .travis.yml[0m
$ export TARGET_ARCH=ia32

$ export PATH=./node_modules/.bin:$PATH
[33;1mUpdating nvm[0m
travis_fold:start:nvm.install[0Ktravis_time:start:033e4c54[0K$ nvm install 4
Downloading and installing node v4.8.6...
Downloading https://nodejs.org/dist/v4.8.6/node-v4.8.6-linux-x64.tar.xz...
                                                                           0.0%#######                                                                   10.4%#####################################################                     74.1%######################################################################## 100.0%
Computing checksum with sha256sum
Checksums matched!
Now using node v4.8.6 (npm v2.15.11)

travis_time:end:033e4c54:start=1510855361949567278,finish=1510855364733822782,duration=2784255504[0Ktravis_fold:end:nvm.install[0K$ node --version
v4.8.6
$ npm --version
2.15.11
$ nvm --version
0.33.6
travis_fold:start:before_install[0Ktravis_time:start:062111f4[0K$ export BOTO_CONFIG=/dev/null

travis_time:end:062111f4:start=1510855366383676744,finish=1510855366387725093,duration=4048349[0Ktravis_fold:end:before_install[0Ktravis_fold:start:install.npm[0Ktravis_time:start:00edffc4[0K$ npm install 

> electron@1.8.2-beta.2 preinstall /home/travis/build/electron/electron
> node -e 'process.exit(0)'

[37m[40mnpm[0m [0m[30m[43mWARN[0m [0m[35mengine[0m dugite@1.49.0: wanted: {"node":">= 6","npm":">= 3"} (current: {"node":"4.8.6","npm":"2.15.11"})
[0m
> husky@0.14.3 install /home/travis/build/electron/electron/node_modules/husky
> node ./bin/install.js

husky
CI detected, skipping Git hooks installation

> dugite@1.49.0 postinstall /home/travis/build/electron/electron/node_modules/dugite
> node ./script/download-git.js

module.js:327
    throw err;
    ^

Error: Cannot find module 'fast-deep-equal'
    at Function.Module._resolveFilename (module.js:325:15)
    at Function.Module._load (module.js:276:25)
    at Module.require (module.js:353:17)
    at require (internal/module.js:12:17)
    at Object.<anonymous> (/home/travis/build/electron/electron/node_modules/request/node_modules/har-validator/node_modules/ajv/lib/compile/resolve.js:4:13)
    at Module._compile (module.js:409:26)
    at Object.Module._extensions..js (module.js:416:10)
    at Module.load (module.js:343:32)
    at Function.Module._load (module.js:300:12)
    at Module.require (module.js:353:17)
[37m[40mnpm[0m [0m[31m[40mERR![0m[35m[0m Linux 4.4.0-93-generic
[0m[37m[40mnpm[0m [0m[31m[40mERR![0m [0m[35margv[0m "/home/travis/.nvm/versions/node/v4.8.6/bin/node" "/home/travis/.nvm/versions/node/v4.8.6/bin/npm" "install"
[0m[37m[40mnpm[0m [0m[31m[40mERR![0m [0m[35mnode[0m v4.8.6
[0m[37m[40mnpm[0m [0m[31m[40mERR![0m [0m[35mnpm [0m v2.15.11
[0m[37m[40mnpm[0m [0m[31m[40mERR![0m [0m[35mcode[0m ELIFECYCLE
[0m
[37m[40mnpm[0m [0m[31m[40mERR![0m[35m[0m dugite@1.49.0 postinstall: `node ./script/download-git.js`
[0m[37m[40mnpm[0m [0m[31m[40mERR![0m[35m[0m Exit status 1
[0m[37m[40mnpm[0m [0m[31m[40mERR![0m[35m[0m 
[0m[37m[40mnpm[0m [0m[31m[40mERR![0m[35m[0m Failed at the dugite@1.49.0 postinstall script 'node ./script/download-git.js'.
[0m[37m[40mnpm[0m [0m[31m[40mERR![0m[35m[0m This is most likely a problem with the dugite package,
[0m[37m[40mnpm[0m [0m[31m[40mERR![0m[35m[0m not with npm itself.
[0m[37m[40mnpm[0m [0m[31m[40mERR![0m[35m[0m Tell the author that this fails on your system:
[0m[37m[40mnpm[0m [0m[31m[40mERR![0m[35m[0m     node ./script/download-git.js
[0m[37m[40mnpm[0m [0m[31m[40mERR![0m[35m[0m You can get information on how to open an issue for this project with:
[0m[37m[40mnpm[0m [0m[31m[40mERR![0m[35m[0m     npm bugs dugite
[0m[37m[40mnpm[0m [0m[31m[40mERR![0m[35m[0m Or if that isn't available, you can get their info via:
[0m[37m[40mnpm[0m [0m[31m[40mERR![0m[35m[0m 
[0m[37m[40mnpm[0m [0m[31m[40mERR![0m[35m[0m     npm owner ls dugite
[0m[37m[40mnpm[0m [0m[31m[40mERR![0m[35m[0m There is likely additional logging output above.
[0m
[37m[40mnpm[0m [0m[31m[40mERR![0m[35m[0m Please include the following file with any support request:
[0m[37m[40mnpm[0m [0m[31m[40mERR![0m[35m[0m     /home/travis/build/electron/electron/npm-debug.log
[0m
[31;1mThe command "eval npm install  " failed. Retrying, 2 of 3.[0m


> electron@1.8.2-beta.2 preinstall /home/travis/build/electron/electron
> node -e 'process.exit(0)'

[37m[40mnpm[0m [0m[30m[43mWARN[0m [0m[35mengine[0m dugite@1.49.0: wanted: {"node":">= 6","npm":">= 3"} (current: {"node":"4.8.6","npm":"2.15.11"})
[0m
> dugite@1.49.0 postinstall /home/travis/build/electron/electron/node_modules/dugite
> node ./script/download-git.js

Downloading Git from: https://github.com/desktop/dugite-native/releases/download/v2.15.0-rc1/dugite-native-v2.15.0-ubuntu-25.tar.gz

[1GDownloading Git [                                                  ] 0% 13.7s[0K[1GDownloading Git [                                                  ] 0% 17.4s[0K[1GDownloading Git [                                                  ] 0% 18.9s[0K[1GDownloading Git [                                                  ] 1% 15.5s[0K[1GDownloading Git [                                                  ] 1% 16.5s[0K[1GDownloading Git [=                                                 ] 1% 15.1s[0K[1GDownloading Git [=                                                 ] 1% 14.1s[0K[1GDownloading Git [=                                                 ] 2% 13.5s[0K[1GDownloading Git [=                                                 ] 2% 12.1s[0K[1GDownloading Git [=                                                 ] 2% 11.3s[0K[1GDownloading Git [=                                                 ] 3% 10.6s[0K[1GDownloading Git [==                                                ] 3% 9.7s[0K[1GDownloading Git [==                                                ] 4% 9.1s[0K[1GDownloading Git [==                                                ] 4% 8.5s[0K[1GDownloading Git [==                                                ] 5% 7.9s[0K[1GDownloading Git [===                                               ] 5% 7.4s[0K[1GDownloading Git [===                                               ] 6% 7.0s[0K[1GDownloading Git [===                                               ] 7% 6.6s[0K[1GDownloading Git [====                                              ] 8% 6.2s[0K[1GDownloading Git [====                                              ] 9% 5.8s[0K[1GDownloading Git [=====                                             ] 9% 5.5s[0K[1GDownloading Git [=====                                             ] 10% 5.1s[0K[1GDownloading Git [======                                            ] 11% 4.8s[0K[1GDownloading Git [======                                            ] 13% 4.5s[0K[1GDownloading Git [=======                                           ] 14% 4.2s[0K[1GDownloading Git [========                                          ] 15% 4.0s[0K[1GDownloading Git [========                                          ] 16% 3.7s[0K[1GDownloading Git [=========                                         ] 18% 3.5s[0K[1GDownloading Git [==========                                        ] 19% 3.3s[0K[1GDownloading Git [==========                                        ] 21% 3.1s[0K[1GDownloading Git [===========                                       ] 22% 2.9s[0K[1GDownloading Git [============                                      ] 24% 2.7s[0K[1GDownloading Git [=============                                     ] 26% 2.6s[0K[1GDownloading Git [==============                                    ] 28% 2.4s[0K[1GDownloading Git [===============                                   ] 30% 2.3s[0K[1GDownloading Git [================                                  ] 32% 2.1s[0K[1GDownloading Git [=================                                 ] 34% 2.0s[0K[1GDownloading Git [==================                                ] 36% 1.8s[0K[1GDownloading Git [===================                               ] 39% 1.7s[0K[1GDownloading Git [=====================                             ] 41% 1.6s[0K[1GDownloading Git [======================                            ] 44% 1.4s[0K[1GDownloading Git [========================                          ] 47% 1.3s[0K[1GDownloading Git [=========================                         ] 50% 1.2s[0K[1GDownloading Git [===========================                       ] 53% 1.1s[0K[1GDownloading Git [============================                      ] 56% 1.0s[0K[1GDownloading Git [==============================                    ] 60% 0.9s[0K[1GDownloading Git [================================                  ] 63% 0.8s[0K[1GDownloading Git [=================================                 ] 67% 0.7s[0K[1GDownloading Git [===================================               ] 71% 0.6s[0K[1GDownloading Git [=====================================             ] 75% 0.5s[0K[1GDownloading Git [=======================================           ] 79% 0.4s[0K[1GDownloading Git [=========================================         ] 83% 0.3s[0K[1GDownloading Git [============================================      ] 87% 0.2s[0K[1GDownloading Git [==============================================    ] 92% 0.1s[0K[1GDownloading Git [================================================  ] 96% 0.1s[0K[1GDownloading Git [==================================================] 100% 0.0s[0K


dugite@1.49.0 node_modules/dugite
â”œâ”€â”€ progress@2.0.0
â”œâ”€â”€ mkdirp@0.5.1 (minimist@0.0.8)
â”œâ”€â”€ checksum@0.1.1 (optimist@0.3.7)
â”œâ”€â”€ rimraf@2.6.2 (glob@7.1.2)
â””â”€â”€ tar@2.2.1 (inherits@2.0.3, block-stream@0.0.9, fstream@1.0.11)

travis_time:end:00edffc4:start=1510855366394440486,finish=1510855435216312802,duration=68821872316[0Ktravis_fold:end:install.npm[0Ktravis_time:start:046e7716[0K$ ./script/cibuild
Setup travis CI
Ign:1 http://us-central1.gce.archive.ubuntu.com/ubuntu trusty InRelease
Hit:2 http://us-central1.gce.archive.ubuntu.com/ubuntu trusty-updates InRelease
Hit:3 http://us-central1.gce.archive.ubuntu.com/ubuntu trusty-backports InRelease
Hit:4 http://us-central1.gce.archive.ubuntu.com/ubuntu trusty Release
Get:5 http://dl.hhvm.com/ubuntu trusty InRelease [2,104 B]
Ign:6 http://repo.mongodb.org/apt/ubuntu trusty/mongodb-org/3.2 InRelease
Hit:7 http://repo.mongodb.org/apt/ubuntu trusty/mongodb-org/3.2 Release
Hit:10 http://apt.postgresql.org/pub/repos/apt trusty-pgdg InRelease
Ign:8 http://toolbelt.heroku.com/ubuntu ./ InRelease
Hit:11 http://ppa.launchpad.net/chris-lea/redis-server/ubuntu trusty InRelease
Get:12 http://security.ubuntu.com/ubuntu trusty-security InRelease [65.9 kB]
Hit:13 http://toolbelt.heroku.com/ubuntu ./ Release
Get:9 http://dl.bintray.com/apache/cassandra 39x InRelease [3,168 B]
Get:15 http://dl.hhvm.com/ubuntu trusty/main amd64 Packages [1,776 B]
Ign:16 http://dl.google.com/linux/chrome/deb stable InRelease
Ign:17 http://dl.hhvm.com/ubuntu trusty/main i386 Packages
Err:17 http://dl.hhvm.com/ubuntu trusty/main i386 Packages
  404  Not Found [IP: 13.33.164.241 80]
Hit:19 http://dl.google.com/linux/chrome/deb stable Release
Hit:20 http://ppa.launchpad.net/george-edison55/cmake-3.x/ubuntu trusty InRelease
Hit:21 https://download.docker.com/linux/ubuntu trusty InRelease
Ign:23 http://ppa.launchpad.net/couchdb/stable/ubuntu trusty InRelease
Hit:25 http://ppa.launchpad.net/git-core/ppa/ubuntu trusty InRelease
Hit:26 http://ppa.launchpad.net/openjdk-r/ppa/ubuntu trusty InRelease
Hit:27 http://ppa.launchpad.net/pollinate/ppa/ubuntu trusty InRelease
Hit:28 http://ppa.launchpad.net/webupd8team/java/ubuntu trusty InRelease
Hit:29 http://ppa.launchpad.net/couchdb/stable/ubuntu trusty Release
Hit:31 https://packagecloud.io/computology/apt-backport/ubuntu trusty InRelease
Hit:32 https://packagecloud.io/github/git-lfs/ubuntu trusty InRelease
Hit:33 https://packagecloud.io/rabbitmq/rabbitmq-server/ubuntu trusty InRelease
Fetched 72.9 kB in 2s (26.8 kB/s)
Reading package lists...
W: http://dl.hhvm.com/ubuntu/dists/trusty/InRelease: Signature by key 36AEF64D0207E7EEE352D4875A16E7281BE7A449 uses weak digest algorithm (SHA1)
W: http://ppa.launchpad.net/couchdb/stable/ubuntu/dists/trusty/Release.gpg: Signature by key 15866BAFD9BCC4F3C1E0DFC7D69548E1C17EAB57 uses weak digest algorithm (SHA1)
E: Failed to fetch http://dl.hhvm.com/ubuntu/dists/trusty/main/binary-i386/Packages  404  Not Found [IP: 13.33.164.241 80]
E: Some index files failed to download. They have been ignored, or old ones used instead.

Traceback (most recent call last):
  File "./script/cibuild", line 129, in <module>
    sys.exit(main())
  File "./script/cibuild", line 63, in main
    execute(['sudo', 'apt-get', 'update'])
  File "/home/travis/build/electron/electron/script/lib/util.py", line 174, in execute
    raise e
subprocess.CalledProcessError: Command '['sudo', 'apt-get', 'update']' returned non-zero exit status 100

travis_time:end:046e7716:start=1510855435450872934,finish=1510855439802769230,duration=4351896296[0K
[31;1mThe command "./script/cibuild" exited with 1.[0m

Done. Your build exited with 1.
