<?xml version="1.0" encoding="utf-8"?>
<!-- only 8 files! -->
<AnalysisProgramOfRegionAnalysisSessionString xmlns:xsd="http://www.w3.org/2001/XMLSchema" xmlns:xsi="http://www.w3.org/2001/XMLSchema-instance">
  <SaveName>BuildFailureReason/C++/BVLC@caffe</SaveName>
  <LearningData>
    <InputPaths>
      <string>C++/BVLC@caffe/failed/214074807.log</string>
      <string>C++/BVLC@caffe/failed/214077363.log</string>
      <string>C++/BVLC@caffe/failed/214247336.log</string>
      <string>C++/BVLC@caffe/failed/214320399.log</string>
      <string>C++/BVLC@caffe/failed/214320609.log</string>
      <string>C++/BVLC@caffe/failed/214327990.log</string>
      <string>C++/BVLC@caffe/failed/214329485.log</string>
      <string>C++/BVLC@caffe/failed/221812641.log</string>
    </InputPaths>
    <Examples>
      <ExampleDataOfString>
        <InputPath>C++/BVLC@caffe/failed/214074807.log</InputPath>
        <Output>CMake Error at /usr/share/cmake-3.2/Modules/FindPackageHandleStandardArgs.cmake:138 (message):
          Could NOT find Halide (missing: HALIDE_ROOT_DIR HALIDE_LIBRARIES
          HALIDE_INCLUDE_DIR)
        Call Stack (most recent call first):
          /usr/share/cmake-3.2/Modules/FindPackageHandleStandardArgs.cmake:374 (_FPHSA_FAILURE_MESSAGE)
          cmake/Modules/FindHalide.cmake:38 (find_package_handle_standard_args)
          cmake/Dependencies.cmake:209 (find_package)
          CMakeLists.txt:46 (include)</Output>
      </ExampleDataOfString>
      <ExampleDataOfString>
        <InputPath>C++/BVLC@caffe/failed/214077363.log</InputPath>
        <Output>CMake Error at /usr/share/cmake-3.2/Modules/FindPackageHandleStandardArgs.cmake:138 (message):
          Could NOT find Halide (missing: HALIDE_ROOT_DIR HALIDE_LIBRARIES
          HALIDE_INCLUDE_DIR)
        Call Stack (most recent call first):
          /usr/share/cmake-3.2/Modules/FindPackageHandleStandardArgs.cmake:374 (_FPHSA_FAILURE_MESSAGE)
          cmake/Modules/FindHalide.cmake:38 (find_package_handle_standard_args)
          cmake/Dependencies.cmake:209 (find_package)
          CMakeLists.txt:46 (include)</Output>
      </ExampleDataOfString>
      <ExampleDataOfString>
        <InputPath>C++/BVLC@caffe/failed/214247336.log</InputPath>
        <Output>CMake Error at /usr/share/cmake-3.2/Modules/FindPackageHandleStandardArgs.cmake:138 (message):
          Could NOT find Halide (missing: HALIDE_LIBRARIES HALIDE_INCLUDE_DIR)
        Call Stack (most recent call first):
          /usr/share/cmake-3.2/Modules/FindPackageHandleStandardArgs.cmake:374 (_FPHSA_FAILURE_MESSAGE)
          cmake/Modules/FindHalide.cmake:38 (find_package_handle_standard_args)
          cmake/Dependencies.cmake:209 (find_package)
          CMakeLists.txt:46 (include)</Output>
      </ExampleDataOfString>
      <ExampleDataOfString>
        <InputPath>C++/BVLC@caffe/failed/214320399.log</InputPath>
        <Output>./scripts/travis/install-deps.sh: line 117: cd: ./scripts/travis: No such file or directory</Output>
      </ExampleDataOfString>
      <ExampleDataOfString>
        <InputPath>C++/BVLC@caffe/failed/214320609.log</InputPath>
        <Output>./scripts/travis/install-deps.sh: line 117: cd: ./scripts/travis: No such file or directory</Output>
      </ExampleDataOfString>
      <ExampleDataOfString>
        <InputPath>C++/BVLC@caffe/failed/214327990.log</InputPath>
        <Output>CMake Error at /usr/share/cmake-3.2/Modules/FindPackageHandleStandardArgs.cmake:138 (message):
          Could NOT find Halide (missing: HALIDE_LIBRARIES HALIDE_INCLUDE_DIR)
        Call Stack (most recent call first):
          /usr/share/cmake-3.2/Modules/FindPackageHandleStandardArgs.cmake:374 (_FPHSA_FAILURE_MESSAGE)
          cmake/Modules/FindHalide.cmake:38 (find_package_handle_standard_args)
          cmake/Dependencies.cmake:209 (find_package)
          CMakeLists.txt:46 (include)</Output>
      </ExampleDataOfString>
      <ExampleDataOfString>
        <InputPath>C++/BVLC@caffe/failed/214329485.log</InputPath>
        <Output>CMake Error at /usr/share/cmake-3.2/Modules/FindPackageHandleStandardArgs.cmake:138 (message):
          Could NOT find Halide (missing: HALIDE_LIBRARIES HALIDE_INCLUDE_DIR)
        Call Stack (most recent call first):
          /usr/share/cmake-3.2/Modules/FindPackageHandleStandardArgs.cmake:374 (_FPHSA_FAILURE_MESSAGE)
          cmake/Modules/FindHalide.cmake:38 (find_package_handle_standard_args)
          cmake/Dependencies.cmake:209 (find_package)
          CMakeLists.txt:46 (include)</Output>
      </ExampleDataOfString>
      <ExampleDataOfString>
        <InputPath>C++/BVLC@caffe/failed/221812641.log</InputPath>
        <Output>CMake Error at /usr/share/cmake-3.2/Modules/FindBoost.cmake:1201 (message):
          Unable to find the requested Boost libraries.
        
          Boost version: 1.54.0
        
          Boost include path: /usr/include
        
          Detected version of Boost is too old.  Requested version was 1.55 (or
          newer).
        Call Stack (most recent call first):
          cmake/Dependencies.cmake:8 (find_package)
          CMakeLists.txt:45 (include)</Output>
      </ExampleDataOfString>
    </Examples>
  </LearningData>
  <LogKind>
    <Language>java</Language>
    <BuildTool>android</BuildTool>
  </LogKind>
  <Target>BuildFailureReason</Target>
</AnalysisProgramOfRegionAnalysisSessionString>
