<?xml version="1.0" encoding="utf-8" ?>
<AnalysisProgramOfRegionAnalysisSessionString xmlns:xsd="http://www.w3.org/2001/XMLSchema" xmlns:xsi="http://www.w3.org/2001/XMLSchema-instance">
  <SaveName>BuildFailureReason/R/rstudio@shiny</SaveName>
  <LearningData>
    <InputPaths>
      <string>R/rstudio@shiny/failed/573996615.log</string>
      <string>R/rstudio@shiny/failed/574875945.log</string>
      <string>R/rstudio@shiny/failed/574887432.log</string>
      <string>R/rstudio@shiny/failed/574891057.log</string>
      <string>R/rstudio@shiny/failed/575046224.log</string>
      <string>R/rstudio@shiny/failed/575046237.log</string>
      <string>R/rstudio@shiny/failed/575510992.log</string>
      <string>R/rstudio@shiny/failed/575511001.log</string>
      <string>R/rstudio@shiny/failed/575521370.log</string>
      <string>R/rstudio@shiny/failed/575541227.log</string>
    </InputPaths>
    <Examples>
      <ExampleDataOfString>
        <InputPath>R/rstudio@shiny/failed/573996615.log</InputPath>
        <Output> M inst/www/shared/shiny.js
 M inst/www/shared/shiny.min.js
Please rebuild the JavaScript and commit the changes.
The above files changed when we built the JavaScript assets. This most often occurs when a user makes changes to the JavaScript sources but doesn't rebuild and commit them.</Output>
      </ExampleDataOfString>
      <ExampleDataOfString>
        <InputPath>R/rstudio@shiny/failed/574875945.log</InputPath>
        <Output>Running the tests in ‘tests/test-all.R’ failed.
Last 13 lines of output:
  Component "C": Component "D": Modes: character, list
  Component "C": Component "D": Lengths: 1, 2
  Component "C": Component "D": names for current but not for target
  Component "C": Component "D": target is character, current is list
  Component "C": Component "G": Modes: character, list
  Component "C": Component "G": Lengths: 1, 2
  Component "C": Component "G": names for current but not for target
  Component "C": Component "G": target is character, current is list</Output>
      </ExampleDataOfString>
      <ExampleDataOfString>
        <InputPath>R/rstudio@shiny/failed/574887432.log</InputPath>
        <Output>Running ‘test-all.R’ [10s/15s]
 ERROR
Running the tests in ‘tests/test-all.R’ failed.
Last 13 lines of output:
  
  ── 2. Failure: All man pages have an entry in staticdocs/index.r (@test-staticdo
  length(missing) not equal to 0.
  1/1 mismatches
  [1] 1 - 0 == 1
  Functions missing from index:
    testApp
  
  ══ testthat results  ═══════════════════════════════════════════════════════════
  [ OK: 822 | SKIPPED: 0 | WARNINGS: 0 | FAILED: 2 ]
  1. Error: app with both r/ and R/ prefers R/ (@test-app.R#41) 
  2. Failure: All man pages have an entry in staticdocs/index.r (@test-staticdocs.R#43) </Output>
      </ExampleDataOfString>
      <ExampleDataOfString>
        <InputPath>R/rstudio@shiny/failed/574891057.log</InputPath>
        <Output>Running ‘test-all.R’ [10s/15s]
 ERROR
Running the tests in ‘tests/test-all.R’ failed.
Last 13 lines of output:
  > library(shiny)
  > 
  > test_check("shiny")
  ── 1. Error: app with both r/ and R/ prefers R/ (@test-app.R#41)  ──────────────
  object 'upperHelper' not found
  1: expect_equal(upperHelper, "abc", envir = renv) at testthat/test-app.R:41
  2: quasi_label(enquo(object), label, arg = "object")
  3: eval_bare(get_expr(quo), get_env(quo))
  
  ══ testthat results  ═══════════════════════════════════════════════════════════
  [ OK: 823 | SKIPPED: 0 | WARNINGS: 0 | FAILED: 1 ]
  1. Error: app with both r/ and R/ prefers R/ (@test-app.R#41)</Output>
      </ExampleDataOfString>
      <ExampleDataOfString>
        <InputPath>R/rstudio@shiny/failed/575046224.log</InputPath>
        <Output>Running ‘test-all.R’ [10s/15s]
 ERROR
Running the tests in ‘tests/test-all.R’ failed.
Last 13 lines of output:
  Component "C": Component "D": Modes: character, list
  Component "C": Component "D": Lengths: 1, 2
  Component "C": Component "D": names for current but not for target
  Component "C": Component "D": target is character, current is list
  Component "C": Component "G": Modes: character, list
  Component "C": Component "G": Lengths: 1, 2
  Component "C": Component "G": names for current but not for target
  Component "C": Component "G": target is character, current is list
  
  ══ testthat results  ═══════════════════════════════════════════════════════════
  [ OK: 797 | SKIPPED: 0 | WARNINGS: 0 | FAILED: 1 ]
  1. Failure: Choices are correctly assigned names (@test-bootstrap.r#138)</Output>
      </ExampleDataOfString>
      <ExampleDataOfString>
        <InputPath>R/rstudio@shiny/failed/575046237.log</InputPath>
        <Output>Running ‘test-all.R’ [9s/15s]
 ERROR
Running the tests in ‘tests/test-all.R’ failed.
Last 13 lines of output:
  Component "C": Component "D": Modes: character, list
  Component "C": Component "D": Lengths: 1, 2
  Component "C": Component "D": names for current but not for target
  Component "C": Component "D": target is character, current is list
  Component "C": Component "G": Modes: character, list
  Component "C": Component "G": Lengths: 1, 2
  Component "C": Component "G": names for current but not for target
  Component "C": Component "G": target is character, current is list
  
  ══ testthat results  ═══════════════════════════════════════════════════════════
  [ OK: 797 | SKIPPED: 0 | WARNINGS: 0 | FAILED: 1 ]
  1. Failure: Choices are correctly assigned names (@test-bootstrap.r#138)</Output>
      </ExampleDataOfString>
      <ExampleDataOfString>
        <InputPath>R/rstudio@shiny/failed/575510992.log</InputPath>
        <Output>Running ‘test-all.R’ [10s/15s]
 ERROR
Running the tests in ‘tests/test-all.R’ failed.
Last 13 lines of output:
  > test_check("shiny")
  ── 1. Failure: All man pages have an entry in staticdocs/index.r (@test-staticdo
  length(unknown) not equal to 0.
  1/1 mismatches
  [1] 2 - 0 == 2
  Unrecognized functions in index.r:
    addResourcePath
    removeResourcePath
  
  ══ testthat results  ═══════════════════════════════════════════════════════════
  [ OK: 796 | SKIPPED: 0 | WARNINGS: 0 | FAILED: 1 ]
  1. Failure: All man pages have an entry in staticdocs/index.r (@test-staticdocs.R#47)</Output>
      </ExampleDataOfString>
      <ExampleDataOfString>
        <InputPath>R/rstudio@shiny/failed/575511001.log</InputPath>
        <Output> M inst/www/shared/shiny.js
 M inst/www/shared/shiny.min.js
Please rebuild the JavaScript and commit the changes.
The above files changed when we built the JavaScript assets. This most often occurs when a user makes changes to the JavaScript sources but doesn't rebuild and commit them.</Output>
      </ExampleDataOfString>
      <ExampleDataOfString>
        <InputPath>R/rstudio@shiny/failed/575521370.log</InputPath>
        <Output> M inst/www/shared/shiny.js
 M inst/www/shared/shiny.min.js
Please rebuild the JavaScript and commit the changes.
The above files changed when we built the JavaScript assets. This most often occurs when a user makes changes to the JavaScript sources but doesn't rebuild and commit them.</Output>
      </ExampleDataOfString>
      <ExampleDataOfString>
        <InputPath>R/rstudio@shiny/failed/575541227.log</InputPath>
        <Output> M inst/www/shared/shiny.js
 M inst/www/shared/shiny.min.js
Please rebuild the JavaScript and commit the changes.
The above files changed when we built the JavaScript assets. This most often occurs when a user makes changes to the JavaScript sources but doesn't rebuild and commit them.</Output>
      </ExampleDataOfString>
    </Examples>
  </LearningData>
  <LogKind>
    <Language>java</Language>
    <BuildTool>android</BuildTool>
  </LogKind>
  <Target>BuildFailureReason</Target>
</AnalysisProgramOfRegionAnalysisSessionString>