<?xml version="1.0" encoding="utf-8" ?>
<!-- only 9 logs -->
<AnalysisProgramOfRegionAnalysisSessionString xmlns:xsd="http://www.w3.org/2001/XMLSchema" xmlns:xsi="http://www.w3.org/2001/XMLSchema-instance">
  <SaveName>BuildFailureReason/R/twitter@AnomalyDetection</SaveName>
  <LearningData>
    <InputPaths>
      <string>R/twitter@AnomalyDetection/failed/45992929.log</string>
      <string>R/twitter@AnomalyDetection/failed/45994776.log</string>
      <string>R/twitter@AnomalyDetection/failed/46403875.log</string>
      <string>R/twitter@AnomalyDetection/failed/48330777.log</string>
      <string>R/twitter@AnomalyDetection/failed/56908634.log</string>
      <string>R/twitter@AnomalyDetection/failed/57198542.log</string>
      <string>R/twitter@AnomalyDetection/failed/57281902.log</string>
      <string>R/twitter@AnomalyDetection/failed/74461732.log</string>
      <string>R/twitter@AnomalyDetection/failed/74708143.log</string>
    </InputPaths>
    <Examples>
      <ExampleDataOfString>
        <InputPath>R/twitter@AnomalyDetection/failed/45992929.log</InputPath>
        <Keywords>
          <string></string>
          <string></string>
          <string></string>
        </Keywords>
        <Category></Category>
        <Output>Package required but not available: ‘lubridate’</Output>
      </ExampleDataOfString>
      <ExampleDataOfString>
        <InputPath>R/twitter@AnomalyDetection/failed/45994776.log</InputPath>
        <Keywords>
          <string></string>
          <string></string>
          <string></string>
        </Keywords>
        <Category></Category>
        <Output>Running ‘testthat.R’
 ERROR
Running the tests in ‘tests/testthat.R’ failed.
Last 13 lines of output:
  Type 'license()' or 'licence()' for distribution details.
  
  R is a collaborative project with many contributors.
  Type 'contributors()' for more information and
  'citation()' on how to cite R or R packages in publications.
  
  Type 'demo()' for some demos, 'help()' for on-line help, or
  'help.start()' for an HTML browser interface to help.
  Type 'q()' to quit R.
  
  > library('testthat')
  Error in library("testthat") : there is no package called 'testthat'</Output>
      </ExampleDataOfString>
      <ExampleDataOfString>
        <InputPath>R/twitter@AnomalyDetection/failed/46403875.log</InputPath>
        <Keywords>
          <string></string>
          <string></string>
          <string></string>
        </Keywords>
        <Category></Category>
        <Output>Running examples in ‘AnomalyDetection-Ex.R’ failed
The error most likely occurred in:

> base::assign(".ptime", proc.time(), pos = "CheckExEnv")
> ### Name: AnomalyDetectionTs
> ### Title: Anomaly Detection Using Seasonal Hybrid ESD Test
> ### Aliases: AnomalyDetectionTs
> ### Keywords: datasets
> 
> ### ** Examples
> 
> data(raw_data)
> AnomalyDetectionTs(raw_data, max_anoms=0.02, direction='both', plot=TRUE)
Error in format_timestamp(data_decomp) : 
  could not find function "str_detect"
Calls: AnomalyDetectionTs -> detect_anoms -> format_timestamp</Output>
      </ExampleDataOfString>
      <ExampleDataOfString>
        <InputPath>R/twitter@AnomalyDetection/failed/48330777.log</InputPath>
        <Keywords>
          <string></string>
          <string></string>
          <string></string>
        </Keywords>
        <Category></Category>
        <Output>Installation failed.
See ‘/home/travis/build/twitter/AnomalyDetection/AnomalyDetection.Rcheck/00install.out’ for details.</Output>
      </ExampleDataOfString>
      <ExampleDataOfString>
        <InputPath>R/twitter@AnomalyDetection/failed/56908634.log</InputPath>
        <Keywords>
          <string></string>
          <string></string>
          <string></string>
        </Keywords>
        <Category></Category>
        <Output>Running ‘testthat.R’
 ERROR
Running the tests in ‘tests/testthat.R’ failed.
Last 13 lines of output:
  R is a collaborative project with many contributors.
  Type 'contributors()' for more information and
  'citation()' on how to cite R or R packages in publications.
  
  Type 'demo()' for some demos, 'help()' for on-line help, or
  'help.start()' for an HTML browser interface to help.
  Type 'q()' to quit R.
  
  > library('testthat')
  > test_check("AnomalyDetection")
  Loading required package: AnomalyDetection
  Error: No tests found for AnomalyDetection</Output>
      </ExampleDataOfString>
      <ExampleDataOfString>
        <InputPath>R/twitter@AnomalyDetection/failed/57198542.log</InputPath>
        <Keywords>
          <string></string>
          <string></string>
          <string></string>
        </Keywords>
        <Category></Category>
        <Output>Running ‘testthat.R’
 ERROR
Running the tests in ‘tests/testthat.R’ failed.
Last 13 lines of output:
  R is a collaborative project with many contributors.
  Type 'contributors()' for more information and
  'citation()' on how to cite R or R packages in publications.
  
  Type 'demo()' for some demos, 'help()' for on-line help, or
  'help.start()' for an HTML browser interface to help.
  Type 'q()' to quit R.
  
  > library('testthat')
  > test_check("AnomalyDetection")
  Loading required package: AnomalyDetection
  Error: No tests found for AnomalyDetection</Output>
      </ExampleDataOfString>
      <ExampleDataOfString>
        <InputPath>R/twitter@AnomalyDetection/failed/57281902.log</InputPath>
        <Keywords>
          <string></string>
          <string></string>
          <string></string>
        </Keywords>
        <Category></Category>
        <Output>Running ‘testthat.R’
 ERROR
Running the tests in ‘tests/testthat.R’ failed.
Last 13 lines of output:
  'help.start()' for an HTML browser interface to help.
  Type 'q()' to quit R.
  
  > library('testthat')
  > test_check("AnomalyDetection")
  Loading required package: AnomalyDetection
  Error in parse(text = lines, n = -1, srcfile = srcfile) : 
    test-ts.R:4:1: unexpected '&lt;'
  3: 
  4: &lt;
     ^
  Calls: test_check ... lapply -> FUN -> .test_file -> sys.source2 -> parse</Output>
      </ExampleDataOfString>
      <ExampleDataOfString>
        <InputPath>R/twitter@AnomalyDetection/failed/74461732.log</InputPath>
        <Keywords>
          <string></string>
          <string></string>
          <string></string>
        </Keywords>
        <Category></Category>
        <Output>Running ‘testthat.R’ [19s/19s]
 ERROR
Running the tests in ‘tests/testthat.R’ failed.
Last 13 lines of output:
  
  > library('testthat')
  > test_check("AnomalyDetection") 
  Loading required package: AnomalyDetection
  1. Failure (at test-ts.R#29): average the count for each unique timestamp if the timestamps are not unique 
  AnomalyDetectionTs(raw_data, max_anoms = 0.02, direction = "both", plot = TRUE, unique_by_time = TRUE) threw an error
  
  testthat results ================================================================
  OK: 30 SKIPPED: 0 FAILED: 1
  1. Failure (at test-ts.R#29): average the count for each unique timestamp if the timestamps are not unique 
  
  Error: testthat unit tests failed</Output>
      </ExampleDataOfString>
      <ExampleDataOfString>
        <InputPath>R/twitter@AnomalyDetection/failed/74708143.log</InputPath>
        <Keywords>
          <string></string>
          <string></string>
          <string></string>
        </Keywords>
        <Category></Category>
        <Output>Running ‘testthat.R’ [19s/19s]
 ERROR
Running the tests in ‘tests/testthat.R’ failed.
Last 13 lines of output:
  
  > library('testthat')
  > test_check("AnomalyDetection") 
  Loading required package: AnomalyDetection
  1. Failure (at test-ts.R#29): average the count for each unique timestamp if the timestamps are not unique 
  AnomalyDetectionTs(raw_data, max_anoms = 0.02, direction = "both", plot = TRUE, unique_by_time = TRUE) threw an error
  
  testthat results ================================================================
  OK: 30 SKIPPED: 0 FAILED: 1
  1. Failure (at test-ts.R#29): average the count for each unique timestamp if the timestamps are not unique 
  
  Error: testthat unit tests failed</Output>
      </ExampleDataOfString>
    </Examples>
  </LearningData>
  <LogKind>
    <Language>java</Language>
    <BuildTool>android</BuildTool>
  </LogKind>
  <Target>BuildFailureReason</Target>
</AnalysisProgramOfRegionAnalysisSessionString>