travis_fold:start:worker_info[0K[33;1mWorker information[0m
hostname: e28140b7-9e1b-4ffd-a0e0-8fd9a7bce918@1.worker-org-6bc68c5dcd-bm4dk.macstadium-prod-2
version: v6.2.0 https://github.com/travis-ci/worker/tree/5e5476e01646095f48eec13196fdb3faf8f5cbf7
instance: 5d8e5aba-84ce-4d08-818b-b9a2af7edce3 travis-ci-macos10.12-xcode9.1-1509557921 (via amqp)
startup: 1m3.827765924s
travis_fold:end:worker_info[0Ktravis_fold:start:system_info[0K[33;1mBuild system information[0m
Build language: generic
Build id: 555419060
Job id: 555419061
Runtime kernel version: 16.7.0
travis-build version: 7b7f39e22
[34m[1mBuild image provisioning date and time[0m
Mon Nov  6 16:56:31 GMT 2017
[34m[1mOperating System Details[0m
ProductName:	Mac OS X
ProductVersion:	10.12.6
BuildVersion:	16G29
[34m[1mDarwin Version[0m
16.7.0
[34m[1mGit version[0m
git version 2.15.0
[34m[1mbash version[0m
GNU bash, version 3.2.57(1)-release (x86_64-apple-darwin16)
Copyright (C) 2007 Free Software Foundation, Inc.
[34m[1mGCC version[0m
Apple LLVM version 9.0.0 (clang-900.0.38)
Target: x86_64-apple-darwin16.7.0
Thread model: posix
InstalledDir: /Applications/Xcode.app/Contents/Developer/Toolchains/XcodeDefault.xctoolchain/usr/bin
[34m[1mLLVM version[0m
Apple LLVM version 9.0.0 (clang-900.0.38)
Target: x86_64-apple-darwin16.7.0
Thread model: posix
InstalledDir: /Applications/Xcode.app/Contents/Developer/Toolchains/XcodeDefault.xctoolchain/usr/bin
[34m[1mPre-installed Ruby versions[0m
ruby-2.3.5
ruby-2.4.2
[34m[1mPre-installed Node.js versions[0m
iojs-v3.3
iojs-v3.3.1
v0.10.48
v0.12.17
v0.12.18
v0.8.28
v4.8.3
v4.8.4
v4.8.5
v5.12.0
v6.11.0
v6.11.3
v6.11.5
v6.9.1
[34m[1mmvn -version[0m
Apache Maven 3.5.2 (138edd61fd100ec658bfa2d307c43b76940a5d7d; 2017-10-18T07:58:13Z)
Maven home: /usr/local/Cellar/maven/3.5.2/libexec
Java version: 1.8.0_112, vendor: Oracle Corporation
Java home: /Library/Java/JavaVirtualMachines/jdk1.8.0_112.jdk/Contents/Home/jre
Default locale: en_US, platform encoding: UTF-8
OS name: "mac os x", version: "10.12.6", arch: "x86_64", family: "mac"
travis_fold:end:system_info[0K
Uninstalled oclint to prevent interference with other packages.
If you need oclint, you must explicitly install it.


travis_fold:start:git.checkout[0Ktravis_time:start:00f37484[0K$ git clone --depth=50 https://github.com/pester/Pester.git pester/Pester
Cloning into 'pester/Pester'...
remote: Enumerating objects: 677, done.[K
remote: Counting objects:   0% (1/677)   [Kremote: Counting objects:   1% (7/677)   [Kremote: Counting objects:   2% (14/677)   [Kremote: Counting objects:   3% (21/677)   [Kremote: Counting objects:   4% (28/677)   [Kremote: Counting objects:   5% (34/677)   [Kremote: Counting objects:   6% (41/677)   [Kremote: Counting objects:   7% (48/677)   [Kremote: Counting objects:   8% (55/677)   [Kremote: Counting objects:   9% (61/677)   [Kremote: Counting objects:  10% (68/677)   [Kremote: Counting objects:  11% (75/677)   [Kremote: Counting objects:  12% (82/677)   [Kremote: Counting objects:  13% (89/677)   [Kremote: Counting objects:  14% (95/677)   [Kremote: Counting objects:  15% (102/677)   [Kremote: Counting objects:  16% (109/677)   [Kremote: Counting objects:  17% (116/677)   [Kremote: Counting objects:  18% (122/677)   [Kremote: Counting objects:  19% (129/677)   [Kremote: Counting objects:  20% (136/677)   [Kremote: Counting objects:  21% (143/677)   [Kremote: Counting objects:  22% (149/677)   [Kremote: Counting objects:  23% (156/677)   [Kremote: Counting objects:  24% (163/677)   [Kremote: Counting objects:  25% (170/677)   [Kremote: Counting objects:  26% (177/677)   [Kremote: Counting objects:  27% (183/677)   [Kremote: Counting objects:  28% (190/677)   [Kremote: Counting objects:  29% (197/677)   [Kremote: Counting objects:  30% (204/677)   [Kremote: Counting objects:  31% (210/677)   [Kremote: Counting objects:  32% (217/677)   [Kremote: Counting objects:  33% (224/677)   [Kremote: Counting objects:  34% (231/677)   [Kremote: Counting objects:  35% (237/677)   [Kremote: Counting objects:  36% (244/677)   [Kremote: Counting objects:  37% (251/677)   [Kremote: Counting objects:  38% (258/677)   [Kremote: Counting objects:  39% (265/677)   [Kremote: Counting objects:  40% (271/677)   [Kremote: Counting objects:  41% (278/677)   [Kremote: Counting objects:  42% (285/677)   [Kremote: Counting objects:  43% (292/677)   [Kremote: Counting objects:  44% (298/677)   [Kremote: Counting objects:  45% (305/677)   [Kremote: Counting objects:  46% (312/677)   [Kremote: Counting objects:  47% (319/677)   [Kremote: Counting objects:  48% (325/677)   [Kremote: Counting objects:  49% (332/677)   [Kremote: Counting objects:  50% (339/677)   [Kremote: Counting objects:  51% (346/677)   [Kremote: Counting objects:  52% (353/677)   [Kremote: Counting objects:  53% (359/677)   [Kremote: Counting objects:  54% (366/677)   [Kremote: Counting objects:  55% (373/677)   [Kremote: Counting objects:  56% (380/677)   [Kremote: Counting objects:  57% (386/677)   [Kremote: Counting objects:  58% (393/677)   [Kremote: Counting objects:  59% (400/677)   [Kremote: Counting objects:  60% (407/677)   [Kremote: Counting objects:  61% (413/677)   [Kremote: Counting objects:  62% (420/677)   [Kremote: Counting objects:  63% (427/677)   [Kremote: Counting objects:  64% (434/677)   [Kremote: Counting objects:  65% (441/677)   [Kremote: Counting objects:  66% (447/677)   [Kremote: Counting objects:  67% (454/677)   [Kremote: Counting objects:  68% (461/677)   [Kremote: Counting objects:  69% (468/677)   [Kremote: Counting objects:  70% (474/677)   [Kremote: Counting objects:  71% (481/677)   [Kremote: Counting objects:  72% (488/677)   [Kremote: Counting objects:  73% (495/677)   [Kremote: Counting objects:  74% (501/677)   [Kremote: Counting objects:  75% (508/677)   [Kremote: Counting objects:  76% (515/677)   [Kremote: Counting objects:  77% (522/677)   [Kremote: Counting objects:  78% (529/677)   [Kremote: Counting objects:  79% (535/677)   [Kremote: Counting objects:  80% (542/677)   [Kremote: Counting objects:  81% (549/677)   [Kremote: Counting objects:  82% (556/677)   [Kremote: Counting objects:  83% (562/677)   [Kremote: Counting objects:  84% (569/677)   [Kremote: Counting objects:  85% (576/677)   [Kremote: Counting objects:  86% (583/677)   [Kremote: Counting objects:  87% (589/677)   [Kremote: Counting objects:  88% (596/677)   [Kremote: Counting objects:  89% (603/677)   [Kremote: Counting objects:  90% (610/677)   [Kremote: Counting objects:  91% (617/677)   [Kremote: Counting objects:  92% (623/677)   [Kremote: Counting objects:  93% (630/677)   [Kremote: Counting objects:  94% (637/677)   [Kremote: Counting objects:  95% (644/677)   [Kremote: Counting objects:  96% (650/677)   [Kremote: Counting objects:  97% (657/677)   [Kremote: Counting objects:  98% (664/677)   [Kremote: Counting objects:  99% (671/677)   [Kremote: Counting objects: 100% (677/677)   [Kremote: Counting objects: 100% (677/677), done.[K
remote: Compressing objects:   0% (1/368)   [Kremote: Compressing objects:   1% (4/368)   [Kremote: Compressing objects:   2% (8/368)   [Kremote: Compressing objects:   3% (12/368)   [Kremote: Compressing objects:   4% (15/368)   [Kremote: Compressing objects:   5% (19/368)   [Kremote: Compressing objects:   6% (23/368)   [Kremote: Compressing objects:   7% (26/368)   [Kremote: Compressing objects:   8% (30/368)   [Kremote: Compressing objects:   9% (34/368)   [Kremote: Compressing objects:  10% (37/368)   [Kremote: Compressing objects:  11% (41/368)   [Kremote: Compressing objects:  12% (45/368)   [Kremote: Compressing objects:  13% (48/368)   [Kremote: Compressing objects:  14% (52/368)   [Kremote: Compressing objects:  15% (56/368)   [Kremote: Compressing objects:  16% (59/368)   [Kremote: Compressing objects:  17% (63/368)   [Kremote: Compressing objects:  18% (67/368)   [Kremote: Compressing objects:  19% (70/368)   [Kremote: Compressing objects:  20% (74/368)   [Kremote: Compressing objects:  21% (78/368)   [Kremote: Compressing objects:  22% (81/368)   [Kremote: Compressing objects:  23% (85/368)   [Kremote: Compressing objects:  24% (89/368)   [Kremote: Compressing objects:  25% (92/368)   [Kremote: Compressing objects:  26% (96/368)   [Kremote: Compressing objects:  27% (100/368)   [Kremote: Compressing objects:  28% (104/368)   [Kremote: Compressing objects:  29% (107/368)   [Kremote: Compressing objects:  30% (111/368)   [Kremote: Compressing objects:  31% (115/368)   [Kremote: Compressing objects:  32% (118/368)   [Kremote: Compressing objects:  33% (122/368)   [Kremote: Compressing objects:  34% (126/368)   [Kremote: Compressing objects:  35% (129/368)   [Kremote: Compressing objects:  36% (133/368)   [Kremote: Compressing objects:  37% (137/368)   [Kremote: Compressing objects:  38% (140/368)   [Kremote: Compressing objects:  39% (144/368)   [Kremote: Compressing objects:  40% (148/368)   [Kremote: Compressing objects:  41% (151/368)   [Kremote: Compressing objects:  42% (155/368)   [Kremote: Compressing objects:  43% (159/368)   [Kremote: Compressing objects:  44% (162/368)   [Kremote: Compressing objects:  45% (166/368)   [Kremote: Compressing objects:  46% (170/368)   [Kremote: Compressing objects:  47% (173/368)   [Kremote: Compressing objects:  48% (177/368)   [Kremote: Compressing objects:  49% (181/368)   [Kremote: Compressing objects:  50% (184/368)   [Kremote: Compressing objects:  51% (188/368)   [Kremote: Compressing objects:  52% (192/368)   [Kremote: Compressing objects:  53% (196/368)   [Kremote: Compressing objects:  54% (199/368)   [Kremote: Compressing objects:  55% (203/368)   [Kremote: Compressing objects:  56% (207/368)   [Kremote: Compressing objects:  57% (210/368)   [Kremote: Compressing objects:  58% (214/368)   [Kremote: Compressing objects:  59% (218/368)   [Kremote: Compressing objects:  60% (221/368)   [Kremote: Compressing objects:  61% (225/368)   [Kremote: Compressing objects:  62% (229/368)   [Kremote: Compressing objects:  63% (232/368)   [Kremote: Compressing objects:  64% (236/368)   [Kremote: Compressing objects:  65% (240/368)   [Kremote: Compressing objects:  66% (243/368)   [Kremote: Compressing objects:  67% (247/368)   [Kremote: Compressing objects:  68% (251/368)   [Kremote: Compressing objects:  69% (254/368)   [Kremote: Compressing objects:  70% (258/368)   [Kremote: Compressing objects:  71% (262/368)   [Kremote: Compressing objects:  72% (265/368)   [Kremote: Compressing objects:  73% (269/368)   [Kremote: Compressing objects:  74% (273/368)   [Kremote: Compressing objects:  75% (276/368)   [Kremote: Compressing objects:  76% (280/368)   [Kremote: Compressing objects:  77% (284/368)   [Kremote: Compressing objects:  78% (288/368)   [Kremote: Compressing objects:  79% (291/368)   [Kremote: Compressing objects:  80% (295/368)   [Kremote: Compressing objects:  81% (299/368)   [Kremote: Compressing objects:  82% (302/368)   [Kremote: Compressing objects:  83% (306/368)   [Kremote: Compressing objects:  84% (310/368)   [Kremote: Compressing objects:  85% (313/368)   [Kremote: Compressing objects:  86% (317/368)   [Kremote: Compressing objects:  87% (321/368)   [Kremote: Compressing objects:  88% (324/368)   [Kremote: Compressing objects:  89% (328/368)   [Kremote: Compressing objects:  90% (332/368)   [Kremote: Compressing objects:  91% (335/368)   [Kremote: Compressing objects:  92% (339/368)   [Kremote: Compressing objects:  93% (343/368)   [Kremote: Compressing objects:  94% (346/368)   [Kremote: Compressing objects:  95% (350/368)   [Kremote: Compressing objects:  96% (354/368)   [Kremote: Compressing objects:  97% (357/368)   [Kremote: Compressing objects:  98% (361/368)   [Kremote: Compressing objects:  99% (365/368)   [Kremote: Compressing objects: 100% (368/368)   [Kremote: Compressing objects: 100% (368/368), done.[K
Receiving objects:   0% (1/677)   Receiving objects:   1% (7/677)   Receiving objects:   2% (14/677)   Receiving objects:   3% (21/677)   Receiving objects:   4% (28/677)   Receiving objects:   5% (34/677)   Receiving objects:   6% (41/677)   Receiving objects:   7% (48/677)   Receiving objects:   8% (55/677)   Receiving objects:   9% (61/677)   Receiving objects:  10% (68/677)   Receiving objects:  11% (75/677)   Receiving objects:  12% (82/677)   Receiving objects:  13% (89/677)   Receiving objects:  14% (95/677)   Receiving objects:  15% (102/677)   Receiving objects:  16% (109/677)   Receiving objects:  17% (116/677)   Receiving objects:  18% (122/677)   Receiving objects:  19% (129/677)   Receiving objects:  20% (136/677)   Receiving objects:  21% (143/677)   Receiving objects:  22% (149/677)   Receiving objects:  23% (156/677)   Receiving objects:  24% (163/677)   Receiving objects:  25% (170/677)   Receiving objects:  26% (177/677)   Receiving objects:  27% (183/677)   Receiving objects:  28% (190/677)   Receiving objects:  29% (197/677)   Receiving objects:  30% (204/677)   Receiving objects:  31% (210/677)   Receiving objects:  32% (217/677)   Receiving objects:  33% (224/677)   Receiving objects:  34% (231/677)   Receiving objects:  35% (237/677)   Receiving objects:  36% (244/677)   Receiving objects:  37% (251/677)   Receiving objects:  38% (258/677)   Receiving objects:  39% (265/677)   Receiving objects:  40% (271/677)   Receiving objects:  41% (278/677)   Receiving objects:  42% (285/677)   Receiving objects:  43% (292/677)   Receiving objects:  44% (298/677)   Receiving objects:  45% (305/677)   Receiving objects:  46% (312/677)   Receiving objects:  47% (319/677)   Receiving objects:  48% (325/677)   Receiving objects:  49% (332/677)   Receiving objects:  50% (339/677)   Receiving objects:  51% (346/677)   Receiving objects:  52% (353/677)   Receiving objects:  53% (359/677)   Receiving objects:  54% (366/677)   Receiving objects:  55% (373/677)   Receiving objects:  56% (380/677)   Receiving objects:  57% (386/677)   Receiving objects:  58% (393/677)   Receiving objects:  59% (400/677)   Receiving objects:  60% (407/677)   Receiving objects:  61% (413/677)   Receiving objects:  62% (420/677)   Receiving objects:  63% (427/677)   Receiving objects:  64% (434/677)   Receiving objects:  65% (441/677)   Receiving objects:  66% (447/677)   Receiving objects:  67% (454/677)   Receiving objects:  68% (461/677)   Receiving objects:  69% (468/677)   Receiving objects:  70% (474/677)   Receiving objects:  71% (481/677)   Receiving objects:  72% (488/677)   Receiving objects:  73% (495/677)   Receiving objects:  74% (501/677)   Receiving objects:  75% (508/677)   Receiving objects:  76% (515/677)   Receiving objects:  77% (522/677)   Receiving objects:  78% (529/677)   Receiving objects:  79% (535/677)   Receiving objects:  80% (542/677)   Receiving objects:  81% (549/677)   Receiving objects:  82% (556/677)   Receiving objects:  83% (562/677)   Receiving objects:  84% (569/677)   Receiving objects:  85% (576/677)   Receiving objects:  86% (583/677)   Receiving objects:  87% (589/677)   Receiving objects:  88% (596/677)   Receiving objects:  89% (603/677)   Receiving objects:  90% (610/677)   Receiving objects:  91% (617/677)   Receiving objects:  92% (623/677)   remote: Total 677 (delta 372), reused 493 (delta 300), pack-reused 0
Receiving objects:  93% (630/677)   Receiving objects:  94% (637/677)   Receiving objects:  95% (644/677)   Receiving objects:  96% (650/677)   Receiving objects:  97% (657/677)   Receiving objects:  98% (664/677)   Receiving objects:  99% (671/677)   Receiving objects: 100% (677/677)   Receiving objects: 100% (677/677), 4.21 MiB | 24.92 MiB/s, done.
Resolving deltas:   0% (0/372)   Resolving deltas:   1% (4/372)   Resolving deltas:   2% (8/372)   Resolving deltas:  11% (41/372)   Resolving deltas:  14% (55/372)   Resolving deltas:  15% (58/372)   Resolving deltas:  16% (60/372)   Resolving deltas:  17% (66/372)   Resolving deltas:  18% (67/372)   Resolving deltas:  19% (71/372)   Resolving deltas:  20% (75/372)   Resolving deltas:  21% (80/372)   Resolving deltas:  28% (106/372)   Resolving deltas:  29% (108/372)   Resolving deltas:  30% (115/372)   Resolving deltas:  31% (119/372)   Resolving deltas:  32% (120/372)   Resolving deltas:  33% (123/372)   Resolving deltas:  34% (127/372)   Resolving deltas:  35% (131/372)   Resolving deltas:  37% (138/372)   Resolving deltas:  38% (143/372)   Resolving deltas:  39% (147/372)   Resolving deltas:  40% (150/372)   Resolving deltas:  41% (154/372)   Resolving deltas:  42% (157/372)   Resolving deltas:  43% (161/372)   Resolving deltas:  44% (164/372)   Resolving deltas:  45% (168/372)   Resolving deltas:  46% (172/372)   Resolving deltas:  47% (175/372)   Resolving deltas:  48% (179/372)   Resolving deltas:  50% (188/372)   Resolving deltas:  51% (191/372)   Resolving deltas:  52% (197/372)   Resolving deltas:  53% (198/372)   Resolving deltas:  54% (201/372)   Resolving deltas:  55% (205/372)   Resolving deltas:  56% (209/372)   Resolving deltas:  57% (213/372)   Resolving deltas:  58% (216/372)   Resolving deltas:  59% (222/372)   Resolving deltas:  63% (236/372)   Resolving deltas:  64% (239/372)   Resolving deltas:  66% (246/372)   Resolving deltas:  68% (256/372)   Resolving deltas:  69% (257/372)   Resolving deltas:  70% (263/372)   Resolving deltas:  71% (265/372)   Resolving deltas:  72% (268/372)   Resolving deltas:  73% (273/372)   Resolving deltas:  74% (277/372)   Resolving deltas:  75% (280/372)   Resolving deltas:  76% (284/372)   Resolving deltas:  79% (296/372)   Resolving deltas:  80% (299/372)   Resolving deltas:  89% (334/372)   Resolving deltas:  90% (337/372)   Resolving deltas:  91% (339/372)   Resolving deltas:  92% (343/372)   Resolving deltas:  93% (346/372)   Resolving deltas:  94% (350/372)   Resolving deltas:  95% (355/372)   Resolving deltas:  96% (358/372)   Resolving deltas:  97% (364/372)   Resolving deltas:  98% (365/372)   Resolving deltas: 100% (372/372)   Resolving deltas: 100% (372/372), done.
travis_time:end:00f37484:start=1562523943961120000,finish=1562523944790090000,duration=828970000[0K$ cd pester/Pester
travis_time:start:0a70f5f2[0K$ git fetch origin +refs/pull/1307/merge:
remote: Enumerating objects: 1865, done.[K
remote: Counting objects:   0% (1/1098)   [Kremote: Counting objects:   1% (11/1098)   [Kremote: Counting objects:   2% (22/1098)   [Kremote: Counting objects:   3% (33/1098)   [Kremote: Counting objects:   4% (44/1098)   [Kremote: Counting objects:   5% (55/1098)   [Kremote: Counting objects:   6% (66/1098)   [Kremote: Counting objects:   7% (77/1098)   [Kremote: Counting objects:   8% (88/1098)   [Kremote: Counting objects:   9% (99/1098)   [Kremote: Counting objects:  10% (110/1098)   [Kremote: Counting objects:  11% (121/1098)   [Kremote: Counting objects:  12% (132/1098)   [Kremote: Counting objects:  13% (143/1098)   [Kremote: Counting objects:  14% (154/1098)   [Kremote: Counting objects:  15% (165/1098)   [Kremote: Counting objects:  16% (176/1098)   [Kremote: Counting objects:  17% (187/1098)   [Kremote: Counting objects:  18% (198/1098)   [Kremote: Counting objects:  19% (209/1098)   [Kremote: Counting objects:  20% (220/1098)   [Kremote: Counting objects:  21% (231/1098)   [Kremote: Counting objects:  22% (242/1098)   [Kremote: Counting objects:  23% (253/1098)   [Kremote: Counting objects:  24% (264/1098)   [Kremote: Counting objects:  25% (275/1098)   [Kremote: Counting objects:  26% (286/1098)   [Kremote: Counting objects:  27% (297/1098)   [Kremote: Counting objects:  28% (308/1098)   [Kremote: Counting objects:  29% (319/1098)   [Kremote: Counting objects:  30% (330/1098)   [Kremote: Counting objects:  31% (341/1098)   [Kremote: Counting objects:  32% (352/1098)   [Kremote: Counting objects:  33% (363/1098)   [Kremote: Counting objects:  34% (374/1098)   [Kremote: Counting objects:  35% (385/1098)   [Kremote: Counting objects:  36% (396/1098)   [Kremote: Counting objects:  37% (407/1098)   [Kremote: Counting objects:  38% (418/1098)   [Kremote: Counting objects:  39% (429/1098)   [Kremote: Counting objects:  40% (440/1098)   [Kremote: Counting objects:  41% (451/1098)   [Kremote: Counting objects:  42% (462/1098)   [Kremote: Counting objects:  43% (473/1098)   [Kremote: Counting objects:  44% (484/1098)   [Kremote: Counting objects:  45% (495/1098)   [Kremote: Counting objects:  46% (506/1098)   [Kremote: Counting objects:  47% (517/1098)   [Kremote: Counting objects:  48% (528/1098)   [Kremote: Counting objects:  49% (539/1098)   [Kremote: Counting objects:  50% (549/1098)   [Kremote: Counting objects:  51% (560/1098)   [Kremote: Counting objects:  52% (571/1098)   [Kremote: Counting objects:  53% (582/1098)   [Kremote: Counting objects:  54% (593/1098)   [Kremote: Counting objects:  55% (604/1098)   [Kremote: Counting objects:  56% (615/1098)   [Kremote: Counting objects:  57% (626/1098)   [Kremote: Counting objects:  58% (637/1098)   [Kremote: Counting objects:  59% (648/1098)   [Kremote: Counting objects:  60% (659/1098)   [Kremote: Counting objects:  61% (670/1098)   [Kremote: Counting objects:  62% (681/1098)   [Kremote: Counting objects:  63% (692/1098)   [Kremote: Counting objects:  64% (703/1098)   [Kremote: Counting objects:  65% (714/1098)   [Kremote: Counting objects:  66% (725/1098)   [Kremote: Counting objects:  67% (736/1098)   [Kremote: Counting objects:  68% (747/1098)   [Kremote: Counting objects:  69% (758/1098)   [Kremote: Counting objects:  70% (769/1098)   [Kremote: Counting objects:  71% (780/1098)   [Kremote: Counting objects:  72% (791/1098)   [Kremote: Counting objects:  73% (802/1098)   [Kremote: Counting objects:  74% (813/1098)   [Kremote: Counting objects:  75% (824/1098)   [Kremote: Counting objects:  76% (835/1098)   [Kremote: Counting objects:  77% (846/1098)   [Kremote: Counting objects:  78% (857/1098)   [Kremote: Counting objects:  79% (868/1098)   [Kremote: Counting objects:  80% (879/1098)   [Kremote: Counting objects:  81% (890/1098)   [Kremote: Counting objects:  82% (901/1098)   [Kremote: Counting objects:  83% (912/1098)   [Kremote: Counting objects:  84% (923/1098)   [Kremote: Counting objects:  85% (934/1098)   [Kremote: Counting objects:  86% (945/1098)   [Kremote: Counting objects:  87% (956/1098)   [Kremote: Counting objects:  88% (967/1098)   [Kremote: Counting objects:  89% (978/1098)   [Kremote: Counting objects:  90% (989/1098)   [Kremote: Counting objects:  91% (1000/1098)   [Kremote: Counting objects:  92% (1011/1098)   [Kremote: Counting objects:  93% (1022/1098)   [Kremote: Counting objects:  94% (1033/1098)   [Kremote: Counting objects:  95% (1044/1098)   [Kremote: Counting objects:  96% (1055/1098)   [Kremote: Counting objects:  97% (1066/1098)   [Kremote: Counting objects:  98% (1077/1098)   [Kremote: Counting objects:  99% (1088/1098)   [Kremote: Counting objects: 100% (1098/1098)   [Kremote: Counting objects: 100% (1098/1098), done.[K
remote: Compressing objects:   0% (1/337)   [Kremote: Compressing objects:   1% (4/337)   [Kremote: Compressing objects:   2% (7/337)   [Kremote: Compressing objects:   3% (11/337)   [Kremote: Compressing objects:   4% (14/337)   [Kremote: Compressing objects:   5% (17/337)   [Kremote: Compressing objects:   6% (21/337)   [Kremote: Compressing objects:   7% (24/337)   [Kremote: Compressing objects:   8% (27/337)   [Kremote: Compressing objects:   9% (31/337)   [Kremote: Compressing objects:  10% (34/337)   [Kremote: Compressing objects:  11% (38/337)   [Kremote: Compressing objects:  12% (41/337)   [Kremote: Compressing objects:  13% (44/337)   [Kremote: Compressing objects:  14% (48/337)   [Kremote: Compressing objects:  15% (51/337)   [Kremote: Compressing objects:  16% (54/337)   [Kremote: Compressing objects:  17% (58/337)   [Kremote: Compressing objects:  18% (61/337)   [Kremote: Compressing objects:  19% (65/337)   [Kremote: Compressing objects:  20% (68/337)   [Kremote: Compressing objects:  21% (71/337)   [Kremote: Compressing objects:  22% (75/337)   [Kremote: Compressing objects:  23% (78/337)   [Kremote: Compressing objects:  24% (81/337)   [Kremote: Compressing objects:  25% (85/337)   [Kremote: Compressing objects:  26% (88/337)   [Kremote: Compressing objects:  27% (91/337)   [Kremote: Compressing objects:  28% (95/337)   [Kremote: Compressing objects:  29% (98/337)   [Kremote: Compressing objects:  30% (102/337)   [Kremote: Compressing objects:  31% (105/337)   [Kremote: Compressing objects:  32% (108/337)   [Kremote: Compressing objects:  33% (112/337)   [Kremote: Compressing objects:  34% (115/337)   [Kremote: Compressing objects:  35% (118/337)   [Kremote: Compressing objects:  36% (122/337)   [Kremote: Compressing objects:  37% (125/337)   [Kremote: Compressing objects:  38% (129/337)   [Kremote: Compressing objects:  39% (132/337)   [Kremote: Compressing objects:  40% (135/337)   [Kremote: Compressing objects:  41% (139/337)   [Kremote: Compressing objects:  42% (142/337)   [Kremote: Compressing objects:  43% (145/337)   [Kremote: Compressing objects:  44% (149/337)   [Kremote: Compressing objects:  45% (152/337)   [Kremote: Compressing objects:  46% (156/337)   [Kremote: Compressing objects:  47% (159/337)   [Kremote: Compressing objects:  48% (162/337)   [Kremote: Compressing objects:  49% (166/337)   [Kremote: Compressing objects:  50% (169/337)   [Kremote: Compressing objects:  51% (172/337)   [Kremote: Compressing objects:  52% (176/337)   [Kremote: Compressing objects:  53% (179/337)   [Kremote: Compressing objects:  54% (182/337)   [Kremote: Compressing objects:  55% (186/337)   [Kremote: Compressing objects:  56% (189/337)   [Kremote: Compressing objects:  57% (193/337)   [Kremote: Compressing objects:  58% (196/337)   [Kremote: Compressing objects:  59% (199/337)   [Kremote: Compressing objects:  60% (203/337)   [Kremote: Compressing objects:  61% (206/337)   [Kremote: Compressing objects:  62% (209/337)   [Kremote: Compressing objects:  63% (213/337)   [Kremote: Compressing objects:  64% (216/337)   [Kremote: Compressing objects:  65% (220/337)   [Kremote: Compressing objects:  66% (223/337)   [Kremote: Compressing objects:  67% (226/337)   [Kremote: Compressing objects:  68% (230/337)   [Kremote: Compressing objects:  69% (233/337)   [Kremote: Compressing objects:  70% (236/337)   [Kremote: Compressing objects:  71% (240/337)   [Kremote: Compressing objects:  72% (243/337)   [Kremote: Compressing objects:  73% (247/337)   [Kremote: Compressing objects:  74% (250/337)   [Kremote: Compressing objects:  75% (253/337)   [Kremote: Compressing objects:  76% (257/337)   [Kremote: Compressing objects:  77% (260/337)   [Kremote: Compressing objects:  78% (263/337)   [Kremote: Compressing objects:  79% (267/337)   [Kremote: Compressing objects:  80% (270/337)   [Kremote: Compressing objects:  81% (273/337)   [Kremote: Compressing objects:  82% (277/337)   [Kremote: Compressing objects:  83% (280/337)   [Kremote: Compressing objects:  84% (284/337)   [Kremote: Compressing objects:  85% (287/337)   [Kremote: Compressing objects:  86% (290/337)   [Kremote: Compressing objects:  87% (294/337)   [Kremote: Compressing objects:  88% (297/337)   [Kremote: Compressing objects:  89% (300/337)   [Kremote: Compressing objects:  90% (304/337)   [Kremote: Compressing objects:  91% (307/337)   [Kremote: Compressing objects:  92% (311/337)   [Kremote: Compressing objects:  93% (314/337)   [Kremote: Compressing objects:  94% (317/337)   [Kremote: Compressing objects:  95% (321/337)   [Kremote: Compressing objects:  96% (324/337)   [Kremote: Compressing objects:  97% (327/337)   [Kremote: Compressing objects:  98% (331/337)   [Kremote: Compressing objects:  99% (334/337)   [Kremote: Compressing objects: 100% (337/337)   [Kremote: Compressing objects: 100% (337/337), done.[K
Receiving objects:   0% (1/914)   Receiving objects:   1% (10/914)   Receiving objects:   2% (19/914)   Receiving objects:   3% (28/914)   Receiving objects:   4% (37/914)   Receiving objects:   5% (46/914)   Receiving objects:   6% (55/914)   Receiving objects:   7% (64/914)   Receiving objects:   8% (74/914)   Receiving objects:   9% (83/914)   Receiving objects:  10% (92/914)   Receiving objects:  11% (101/914)   Receiving objects:  12% (110/914)   Receiving objects:  13% (119/914)   Receiving objects:  14% (128/914)   Receiving objects:  15% (138/914)   Receiving objects:  16% (147/914)   Receiving objects:  17% (156/914)   Receiving objects:  18% (165/914)   Receiving objects:  19% (174/914)   Receiving objects:  20% (183/914)   Receiving objects:  21% (192/914)   Receiving objects:  22% (202/914)   Receiving objects:  23% (211/914)   Receiving objects:  24% (220/914)   Receiving objects:  25% (229/914)   Receiving objects:  26% (238/914)   Receiving objects:  27% (247/914)   Receiving objects:  28% (256/914)   Receiving objects:  29% (266/914)   Receiving objects:  30% (275/914)   Receiving objects:  31% (284/914)   Receiving objects:  32% (293/914)   Receiving objects:  33% (302/914)   Receiving objects:  34% (311/914)   Receiving objects:  35% (320/914)   Receiving objects:  36% (330/914)   Receiving objects:  37% (339/914)   Receiving objects:  38% (348/914)   Receiving objects:  39% (357/914)   Receiving objects:  40% (366/914)   Receiving objects:  41% (375/914)   Receiving objects:  42% (384/914)   Receiving objects:  43% (394/914)   Receiving objects:  44% (403/914)   Receiving objects:  45% (412/914)   Receiving objects:  46% (421/914)   Receiving objects:  47% (430/914)   Receiving objects:  48% (439/914)   Receiving objects:  49% (448/914)   Receiving objects:  50% (457/914)   Receiving objects:  51% (467/914)   Receiving objects:  52% (476/914)   Receiving objects:  53% (485/914)   Receiving objects:  54% (494/914)   Receiving objects:  55% (503/914)   Receiving objects:  56% (512/914)   Receiving objects:  57% (521/914)   Receiving objects:  58% (531/914)   Receiving objects:  59% (540/914)   Receiving objects:  60% (549/914)   Receiving objects:  61% (558/914)   Receiving objects:  62% (567/914)   Receiving objects:  63% (576/914)   Receiving objects:  64% (585/914)   Receiving objects:  65% (595/914)   Receiving objects:  66% (604/914)   Receiving objects:  67% (613/914)   Receiving objects:  68% (622/914)   Receiving objects:  69% (631/914)   Receiving objects:  70% (640/914)   Receiving objects:  71% (649/914)   Receiving objects:  72% (659/914)   Receiving objects:  73% (668/914)   Receiving objects:  74% (677/914)   Receiving objects:  75% (686/914)   Receiving objects:  76% (695/914)   Receiving objects:  77% (704/914)   Receiving objects:  78% (713/914)   remote: Total 914 (delta 713), reused 762 (delta 569), pack-reused 0[K
Receiving objects:  79% (723/914)   Receiving objects:  80% (732/914)   Receiving objects:  81% (741/914)   Receiving objects:  82% (750/914)   Receiving objects:  83% (759/914)   Receiving objects:  84% (768/914)   Receiving objects:  85% (777/914)   Receiving objects:  86% (787/914)   Receiving objects:  87% (796/914)   Receiving objects:  88% (805/914)   Receiving objects:  89% (814/914)   Receiving objects:  90% (823/914)   Receiving objects:  91% (832/914)   Receiving objects:  92% (841/914)   Receiving objects:  93% (851/914)   Receiving objects:  94% (860/914)   Receiving objects:  95% (869/914)   Receiving objects:  96% (878/914)   Receiving objects:  97% (887/914)   Receiving objects:  98% (896/914)   Receiving objects:  99% (905/914)   Receiving objects: 100% (914/914)   Receiving objects: 100% (914/914), 549.10 KiB | 9.98 MiB/s, done.
Resolving deltas:   0% (0/713)   Resolving deltas:   2% (16/713)   Resolving deltas:   3% (26/713)   Resolving deltas:   5% (38/713)   Resolving deltas:   7% (56/713)   Resolving deltas:   8% (59/713)   Resolving deltas:   9% (65/713)   Resolving deltas:  10% (74/713)   Resolving deltas:  11% (83/713)   Resolving deltas:  12% (90/713)   Resolving deltas:  13% (96/713)   Resolving deltas:  15% (110/713)   Resolving deltas:  16% (116/713)   Resolving deltas:  17% (122/713)   Resolving deltas:  18% (129/713)   Resolving deltas:  19% (142/713)   Resolving deltas:  20% (146/713)   Resolving deltas:  21% (156/713)   Resolving deltas:  22% (161/713)   Resolving deltas:  24% (173/713)   Resolving deltas:  30% (219/713)   Resolving deltas:  31% (222/713)   Resolving deltas:  32% (235/713)   Resolving deltas:  34% (243/713)   Resolving deltas:  35% (256/713)   Resolving deltas:  36% (257/713)   Resolving deltas:  43% (313/713)   Resolving deltas:  48% (344/713)   Resolving deltas:  49% (354/713)   Resolving deltas:  50% (358/713)   Resolving deltas:  51% (364/713)   Resolving deltas:  52% (376/713)   Resolving deltas:  53% (378/713)   Resolving deltas:  54% (388/713)   Resolving deltas:  55% (393/713)   Resolving deltas:  56% (401/713)   Resolving deltas:  57% (407/713)   Resolving deltas:  58% (414/713)   Resolving deltas:  59% (423/713)   Resolving deltas:  60% (428/713)   Resolving deltas:  61% (437/713)   Resolving deltas:  62% (443/713)   Resolving deltas:  63% (451/713)   Resolving deltas:  64% (459/713)   Resolving deltas:  65% (465/713)   Resolving deltas:  66% (471/713)   Resolving deltas:  67% (478/713)   Resolving deltas:  68% (485/713)   Resolving deltas:  69% (493/713)   Resolving deltas:  70% (501/713)   Resolving deltas:  71% (512/713)   Resolving deltas:  73% (526/713)   Resolving deltas:  74% (530/713)   Resolving deltas:  76% (545/713)   Resolving deltas:  79% (569/713)   Resolving deltas:  80% (572/713)   Resolving deltas:  81% (580/713)   Resolving deltas:  83% (593/713)   Resolving deltas:  84% (600/713)   Resolving deltas:  85% (607/713)   Resolving deltas:  86% (620/713)   Resolving deltas:  87% (621/713)   Resolving deltas:  88% (630/713)   Resolving deltas:  90% (642/713)   Resolving deltas:  91% (654/713)   Resolving deltas:  92% (660/713)   Resolving deltas:  93% (669/713)   Resolving deltas:  94% (677/713)   Resolving deltas:  95% (681/713)   Resolving deltas:  96% (685/713)   Resolving deltas: 100% (713/713)   Resolving deltas: 100% (713/713), completed with 116 local objects.
From https://github.com/pester/Pester
 * branch            refs/pull/1307/merge -> FETCH_HEAD
travis_time:end:0a70f5f2:start=1562523944828081000,finish=1562523945410750000,duration=582669000[0K$ git checkout -qf FETCH_HEAD
travis_fold:end:git.checkout[0K
$ bash -c 'echo $BASH_VERSION'
3.2.57(1)-release

travis_fold:start:before_install[0Ktravis_time:start:023a8310[0K$ brew cask install powershell
[34m==>[0m [1mCaveats[0m
A OpenSSL-backed libcurl is required for custom handling of certificates.
This is rarely needed, but you can install it with
  brew install curl --with-openssl
See https://github.com/PowerShell/PowerShell/issues/2211

[34m==>[0m [1mSatisfying dependencies[0m
All Formula dependencies satisfied.
[34m==>[0m [1mDownloading https://github.com/PowerShell/PowerShell/releases/download/v6.0.0-beta.9/powershell-6.0.0-beta.9-osx.10.12-x64.pkg[0m
[34m==>[0m [1mVerifying checksum for Cask powershell[0m
[32m==>[0m [1mInstalling Cask powershell[0m
[34m==>[0m [1mRunning installer for powershell; your password may be necessary.[0m
[34m==>[0m [1mPackage installers may write to any location; options such as --appdir are ignored.[0m
[34m==>[0m [1minstaller: Package name is powershell-6.0.0-beta.9-osx.10.12-x64[0m
[34m==>[0m [1minstaller: Installing at base path /[0m
[34m==>[0m [1minstaller: The install was successful.[0m
üç∫  powershell was successfully installed!
travis_time:end:023a8310:start=1562523945603503000,finish=1562523953803927000,duration=8200424000[0Ktravis_fold:end:before_install[0Ktravis_time:start:01e981e4[0K$ pwsh -c 'Set-StrictMode -Version Latest; $r = Get-ChildItem *.ts.ps1 -Recurse | foreach { & $_.FullName -PassThru } ; if ([bool]($r | Where-Object { $_.Failed -gt 0 })) { exit 1 }; $global:PesterDebugPreference_ShowFullErrors = $true ;Import-Module ./Pester.psd1; Invoke-Pester -ExcludeTag VersionChecks, StyleRules, Help -ExcludePath '*/demo/*' -CI'
[?1h=[39;49m[36m[39;49m[36m| - basic mocking in RSpec Pester[39;49m[39;49m
[39;49m[35m[39;49m[35mStarting test discovery in 1 files.[39;49m[39;49m
[39;49m[35m[39;49m[35mDiscovering tests in 
                BeforeAll { function f { "real" } }
                Describe 'd1' {
                    It 'i1' {
                        Mock f { "mock" }
                        f
                    }
                }
            .[39;49m[39;49m
[39;49m[35m[39;49m[35mFound 1 tests. 187ms[39;49m[39;49m
[39;49m[35m[39;49m[35mTest discovery finished. 326ms[39;49m[39;49m

[39;49m[32m[39;49m[32mDescribing d1[39;49m[39;49m
[39;49m[32m[39;49m[32m    [+] i1[39;49m[39;49m[39;49m[30m[39;49m[30m 511ms (462ms|49ms)[39;49m[39;49m
[39;49m[37m[39;49m[37mTests completed in 0ms[39;49m[39;49m
[39;49m[32m[39;49m[32mTests Passed: 1, [39;49m[39;49m[39;49m[30m[39;49m[30mFailed: 0, [39;49m[39;49m[39;49m[30m[39;49m[30mSkipped: 0, [39;49m[39;49m[39;49m[30m[39;49m[30mPending: 0, [39;49m[39;49m[39;49m[30m[39;49m[30mInconclusive: 0 [39;49m[39;49m
[39;49m[32m[39;49m[32m[+] - running a single mock in one It[39;49m[39;49m
[39;49m[35m[39;49m[35mStarting test discovery in 1 files.[39;49m[39;49m
[39;49m[35m[39;49m[35mDiscovering tests in 
                BeforeAll { function f { "real" } }
                Describe 'd1' {
                    It 'i1' {
                        Mock f { "mock" }
                        f
                    }

                    It 'i2' {
                        f
                    }
                }
            .[39;49m[39;49m
[39;49m[35m[39;49m[35mFound 2 tests. 41ms[39;49m[39;49m
[39;49m[35m[39;49m[35mTest discovery finished. 71ms[39;49m[39;49m

[39;49m[32m[39;49m[32mDescribing d1[39;49m[39;49m
[39;49m[32m[39;49m[32m    [+] i1[39;49m[39;49m[39;49m[30m[39;49m[30m 114ms (95ms|19ms)[39;49m[39;49m
[39;49m[32m[39;49m[32m    [+] i2[39;49m[39;49m[39;49m[30m[39;49m[30m 17ms (2ms|15ms)[39;49m[39;49m
[39;49m[37m[39;49m[37mTests completed in 0ms[39;49m[39;49m
[39;49m[32m[39;49m[32mTests Passed: 2, [39;49m[39;49m[39;49m[30m[39;49m[30mFailed: 0, [39;49m[39;49m[39;49m[30m[39;49m[30mSkipped: 0, [39;49m[39;49m[39;49m[30m[39;49m[30mPending: 0, [39;49m[39;49m[39;49m[30m[39;49m[30mInconclusive: 0 [39;49m[39;49m
[39;49m[32m[39;49m[32m[+] - mock does not leak into the subsequent It[39;49m[39;49m
[39;49m[35m[39;49m[35mStarting test discovery in 1 files.[39;49m[39;49m
[39;49m[35m[39;49m[35mDiscovering tests in 
                BeforeAll { function f { "real" } }
                Describe 'd1' {
                    BeforeAll {
                        Mock f { "mock" }
                    }

                    It 'i1' {
                        f
                    }

                    It 'i2' {
                        f
                    }
                }
            .[39;49m[39;49m
[39;49m[35m[39;49m[35mFound 2 tests. 28ms[39;49m[39;49m
[39;49m[35m[39;49m[35mTest discovery finished. 50ms[39;49m[39;49m

[39;49m[32m[39;49m[32mDescribing d1[39;49m[39;49m
[39;49m[32m[39;49m[32m    [+] i1[39;49m[39;49m[39;49m[30m[39;49m[30m 50ms (41ms|9ms)[39;49m[39;49m
[39;49m[32m[39;49m[32m    [+] i2[39;49m[39;49m[39;49m[30m[39;49m[30m 35ms (27ms|9ms)[39;49m[39;49m
[39;49m[37m[39;49m[37mTests completed in 0ms[39;49m[39;49m
[39;49m[32m[39;49m[32mTests Passed: 2, [39;49m[39;49m[39;49m[30m[39;49m[30mFailed: 0, [39;49m[39;49m[39;49m[30m[39;49m[30mSkipped: 0, [39;49m[39;49m[39;49m[30m[39;49m[30mPending: 0, [39;49m[39;49m[39;49m[30m[39;49m[30mInconclusive: 0 [39;49m[39;49m
[39;49m[32m[39;49m[32m[+] - mock defined in beforeall is used in every it[39;49m[39;49m
[39;49m[35m[39;49m[35mStarting test discovery in 1 files.[39;49m[39;49m
[39;49m[35m[39;49m[35mDiscovering tests in 
                BeforeAll { function f { "real" } }
                Describe 'd1' {
                    BeforeAll {
                        Mock f { "mock" }
                    }

                    It 'i1' {
                        f
                        Should -Invoke f -Times 1 -Exactly
                    }

                    It 'i2' {
                        f
                        Should -Invoke f -Times 1 -Exactly
                    }
                }
            .[39;49m[39;49m
[39;49m[35m[39;49m[35mFound 2 tests. 28ms[39;49m[39;49m
[39;49m[35m[39;49m[35mTest discovery finished. 45ms[39;49m[39;49m

[39;49m[32m[39;49m[32mDescribing d1[39;49m[39;49m
[39;49m[32m[39;49m[32m    [+] i1[39;49m[39;49m[39;49m[30m[39;49m[30m 295ms (288ms|8ms)[39;49m[39;49m
[39;49m[32m[39;49m[32m    [+] i2[39;49m[39;49m[39;49m[30m[39;49m[30m 76ms (66ms|10ms)[39;49m[39;49m
[39;49m[37m[39;49m[37mTests completed in 0ms[39;49m[39;49m
[39;49m[32m[39;49m[32mTests Passed: 2, [39;49m[39;49m[39;49m[30m[39;49m[30mFailed: 0, [39;49m[39;49m[39;49m[30m[39;49m[30mSkipped: 0, [39;49m[39;49m[39;49m[30m[39;49m[30mPending: 0, [39;49m[39;49m[39;49m[30m[39;49m[30mInconclusive: 0 [39;49m[39;49m
[39;49m[32m[39;49m[32m[+] - mock defined in beforeall is counted independently[39;49m[39;49m
[39;49m[35m[39;49m[35mStarting test discovery in 1 files.[39;49m[39;49m
[39;49m[35m[39;49m[35mDiscovering tests in 
                BeforeAll { function f { "real" } }
                Describe 'd1' {
                    BeforeAll {
                        Mock f { "mock" }
                    }

                    It 'i1' {
                        f
                        Should -Invoke f -Times 1 -Exactly
                    }

                    It 'i2' {
                        f
                        Should -Invoke f -Times 2 -Exactly -Scope Describe
                    }
                }
            .[39;49m[39;49m
[39;49m[35m[39;49m[35mFound 2 tests. 25ms[39;49m[39;49m
[39;49m[35m[39;49m[35mTest discovery finished. 45ms[39;49m[39;49m

[39;49m[32m[39;49m[32mDescribing d1[39;49m[39;49m
[39;49m[32m[39;49m[32m    [+] i1[39;49m[39;49m[39;49m[30m[39;49m[30m 157ms (138ms|19ms)[39;49m[39;49m
[39;49m[32m[39;49m[32m    [+] i2[39;49m[39;49m[39;49m[30m[39;49m[30m 89ms (81ms|8ms)[39;49m[39;49m
[39;49m[37m[39;49m[37mTests completed in 0ms[39;49m[39;49m
[39;49m[32m[39;49m[32mTests Passed: 2, [39;49m[39;49m[39;49m[30m[39;49m[30mFailed: 0, [39;49m[39;49m[39;49m[30m[39;49m[30mSkipped: 0, [39;49m[39;49m[39;49m[30m[39;49m[30mPending: 0, [39;49m[39;49m[39;49m[30m[39;49m[30mInconclusive: 0 [39;49m[39;49m
[39;49m[32m[39;49m[32m[+] - mock defined in before all can be counted from all tests with -Describe[39;49m[39;49m
[39;49m[35m[39;49m[35mStarting test discovery in 1 files.[39;49m[39;49m
[39;49m[35m[39;49m[35mDiscovering tests in 
                BeforeAll { function f { "real" } }
                Describe 'd1' {
                    BeforeAll {
                        Mock f { "mock" }
                    }

                    It 'i1' {
                        f
                    }

                    It 'i2' {
                        f
                    }

                    AfterAll {
                        Should -Invoke f -Times 2 -Exactly
                    }
                }
            .[39;49m[39;49m
[39;49m[35m[39;49m[35mFound 2 tests. 27ms[39;49m[39;49m
[39;49m[35m[39;49m[35mTest discovery finished. 47ms[39;49m[39;49m

[39;49m[32m[39;49m[32mDescribing d1[39;49m[39;49m
[39;49m[32m[39;49m[32m    [+] i1[39;49m[39;49m[39;49m[30m[39;49m[30m 37ms (30ms|7ms)[39;49m[39;49m
[39;49m[32m[39;49m[32m    [+] i2[39;49m[39;49m[39;49m[30m[39;49m[30m 31ms (22ms|10ms)[39;49m[39;49m
[39;49m[37m[39;49m[37mTests completed in 0ms[39;49m[39;49m
[39;49m[32m[39;49m[32mTests Passed: 2, [39;49m[39;49m[39;49m[30m[39;49m[30mFailed: 0, [39;49m[39;49m[39;49m[30m[39;49m[30mSkipped: 0, [39;49m[39;49m[39;49m[30m[39;49m[30mPending: 0, [39;49m[39;49m[39;49m[30m[39;49m[30mInconclusive: 0 [39;49m[39;49m
[39;49m[32m[39;49m[32m[+] - mock defined in before all can and counted from after all automatically counts all calls in the current block[39;49m[39;49m
[39;49m[36m[39;49m[36m| - taking mocks from all scopes[39;49m[39;49m
[39;49m[35m[39;49m[35mStarting test discovery in 1 files.[39;49m[39;49m
[39;49m[35m[39;49m[35mDiscovering tests in 
                BeforeAll { function f { "real" } }
                Describe 'd1' {
                    BeforeAll {
                        Mock f { "mock" }
                    }

                    Describe 'd2' {
                        Describe 'd3' {
                            It 'i1' {
                                f
                            }
                        }
                    }

                    AfterAll {
                        Should -Invoke f -Times 1 -Exactly
                    }
                }
            .[39;49m[39;49m
[39;49m[35m[39;49m[35mFound 1 tests. 39ms[39;49m[39;49m
[39;49m[35m[39;49m[35mTest discovery finished. 61ms[39;49m[39;49m

[39;49m[32m[39;49m[32mDescribing d1[39;49m[39;49m

[39;49m[32m[39;49m[32m  Describing d2[39;49m[39;49m

[39;49m[32m[39;49m[32m    Describing d3[39;49m[39;49m
[39;49m[32m[39;49m[32m        [+] i1[39;49m[39;49m[39;49m[30m[39;49m[30m 60ms (53ms|7ms)[39;49m[39;49m
[39;49m[37m[39;49m[37mTests completed in 0ms[39;49m[39;49m
[39;49m[32m[39;49m[32mTests Passed: 1, [39;49m[39;49m[39;49m[30m[39;49m[30mFailed: 0, [39;49m[39;49m[39;49m[30m[39;49m[30mSkipped: 0, [39;49m[39;49m[39;49m[30m[39;49m[30mPending: 0, [39;49m[39;49m[39;49m[30m[39;49m[30mInconclusive: 0 [39;49m[39;49m
[39;49m[32m[39;49m[32m[+] - mocks defined in the parent scope can still be used[39;49m[39;49m
[39;49m[36m[39;49m[36m| - mock filters[39;49m[39;49m
[39;49m[35m[39;49m[35mStarting test discovery in 1 files.[39;49m[39;49m
[39;49m[35m[39;49m[35mDiscovering tests in 
                BeforeAll { function f { "real" } }
                Describe 'd1' {
                    BeforeAll {
                        Mock Get-Variable { "filtered" } -ParameterFilter {
                            $Name -eq 'PSVersionTable' -and $ValueOnly
                        }

                        Mock Get-Variable { "default" }
                    }

                    It 'makes a call to the filtered mock' {
                        Get-Variable -Name PSVersionTable -ValueOnly | Should -Be "filtered"
                    }

                    It 'makes a call to the default mock' {
                        Get-Variable -Name PSVersionTable | Should -Be "default"
                    }
                }
            .[39;49m[39;49m
[39;49m[35m[39;49m[35mFound 2 tests. 35ms[39;49m[39;49m
[39;49m[35m[39;49m[35mTest discovery finished. 52ms[39;49m[39;49m

[39;49m[32m[39;49m[32mDescribing d1[39;49m[39;49m
[39;49m[32m[39;49m[32m    [+] makes a call to the filtered mock[39;49m[39;49m[39;49m[30m[39;49m[30m 171ms (159ms|13ms)[39;49m[39;49m
[39;49m[32m[39;49m[32m    [+] makes a call to the default mock[39;49m[39;49m[39;49m[30m[39;49m[30m 43ms (36ms|7ms)[39;49m[39;49m
[39;49m[37m[39;49m[37mTests completed in 0ms[39;49m[39;49m
[39;49m[32m[39;49m[32mTests Passed: 2, [39;49m[39;49m[39;49m[30m[39;49m[30mFailed: 0, [39;49m[39;49m[39;49m[30m[39;49m[30mSkipped: 0, [39;49m[39;49m[39;49m[30m[39;49m[30mPending: 0, [39;49m[39;49m[39;49m[30m[39;49m[30mInconclusive: 0 [39;49m[39;49m
[39;49m[32m[39;49m[32m[+] - calling filtered and default mock chooses the correct mock to call[39;49m[39;49m
[39;49m[36m[39;49m[36m| - named mock scopes[39;49m[39;49m
[39;49m[35m[39;49m[35mStarting test discovery in 1 files.[39;49m[39;49m
[39;49m[35m[39;49m[35mDiscovering tests in 
                BeforeAll { function a { } }
                Describe 'd-2' {
                    # scope 4
                    Describe "d-1" {
                        # scope 3
                        Describe 'd1' {
                            # scope 2
                            BeforeAll {
                                Mock a {}
                            }

                            It 'i1' {
                                a # call 1
                            }

                            Context "c1" {
                                # scope 1
                                It 'i2' {
                                    a # call 2
                                }

                                It 'i1' {
                                    # scope 0
                                    Should -Invoke a -Exactly 0 -Scope 0
                                    Should -Invoke a -Exactly 0 -Scope It
                                    Should -Invoke a -Exactly 1 -Scope 1
                                    Should -Invoke a -Exactly 1 -Scope Context
                                    Should -Invoke a -Exactly 2 -Scope 2
                                    Should -Invoke a -Exactly 2 -Scope Describe
                                    Should -Invoke a -Exactly 2 -Scope 3
                                    Should -Invoke a -Exactly 2 -Scope 4
                                }
                            }
                        }
                    }
                }
            .[39;49m[39;49m
[39;49m[35m[39;49m[35mFound 3 tests. 85ms[39;49m[39;49m
[39;49m[35m[39;49m[35mTest discovery finished. 147ms[39;49m[39;49m

[39;49m[32m[39;49m[32mDescribing d-2[39;49m[39;49m

[39;49m[32m[39;49m[32m  Describing d-1[39;49m[39;49m

[39;49m[32m[39;49m[32m    Describing d1[39;49m[39;49m
[39;49m[32m[39;49m[32m        [+] i1[39;49m[39;49m[39;49m[30m[39;49m[30m 56ms (48ms|8ms)[39;49m[39;49m

[39;49m[36m[39;49m[36m      Context c1[39;49m[39;49m
[39;49m[32m[39;49m[32m          [+] i2[39;49m[39;49m[39;49m[30m[39;49m[30m 38ms (30ms|9ms)[39;49m[39;49m
[39;49m[32m[39;49m[32m          [+] i1[39;49m[39;49m[39;49m[30m[39;49m[30m 204ms (188ms|16ms)[39;49m[39;49m
[39;49m[37m[39;49m[37mTests completed in 0ms[39;49m[39;49m
[39;49m[32m[39;49m[32mTests Passed: 3, [39;49m[39;49m[39;49m[30m[39;49m[30mFailed: 0, [39;49m[39;49m[39;49m[30m[39;49m[30mSkipped: 0, [39;49m[39;49m[39;49m[30m[39;49m[30mPending: 0, [39;49m[39;49m[39;49m[30m[39;49m[30mInconclusive: 0 [39;49m[39;49m
[39;49m[32m[39;49m[32m[+] - asserting in scope describe finds all mocks in the nearest describe[39;49m[39;49m
[39;49m[32m[39;49m[32m
passed 9, [39;49m[39;49m[39;49m[31m[39;49m[31mfailed 0, [39;49m[39;49m[39;49m[37m[39;49m[37mtotal 9[39;49m[39;49m
[?1h=[?1h=[?1h=[?1h=[39;49m[36m[39;49m[36m| - Write nunit test results[39;49m[39;49m
[?1h=[?1h=[?1h=[?1h=[39;49m[32m[39;49m[32m[+] - should write a successful test result[39;49m[39;49m
[?1h=[?1h=[?1h=[?1h=[39;49m[32m[39;49m[32m[+] - should write a failed test result[39;49m[39;49m
[?1h=[?1h=[?1h=[?1h=[39;49m[32m[39;49m[32m[+] - should write the test summary[39;49m[39;49m
[?1h=[?1h=[?1h=[?1h=[39;49m[32m[39;49m[32m[+] - should write the test-suite information[39;49m[39;49m
[?1h=[?1h=[?1h=[?1h=[39;49m[32m[39;49m[32m[+] - should write two test-suite elements for two describes[39;49m[39;49m
[?1h=[?1h=[?1h=[?1h=[?1h=[39;49m[32m[39;49m[32m[+] - should write the environment information[39;49m[39;49m
[?1h=[?1h=[?1h=[?1h=[39;49m[32m[39;49m[32m[+] - Should validate test results against the nunit 2.5 schema[39;49m[39;49m
[?1h=[?1h=[?1h=[?1h=[39;49m[32m[39;49m[32m[+] - handles special characters in block descriptions well -!@#$%^&*()_+1234567890[];'',./"- [39;49m[39;49m
[39;49m[36m[39;49m[36m| - Exporting Parameterized Tests (Newer format)[39;49m[39;49m
[?1h=[?1h=[?1h=[?1h=[39;49m[32m[39;49m[32m[+] - should write parameterized test results correctly[39;49m[39;49m
[39;49m[32m[39;49m[32m[+] - Should validate test results against the nunit 2.5 schema[39;49m[39;49m
[39;49m[36m[39;49m[36m| - Get-TestTime[39;49m[39;49m
[39;49m[32m[39;49m[32m[+] - output is culture agnostic[39;49m[39;49m
[39;49m[32m[39;49m[32m[+] - Time is measured in seconds with 0,1 millisecond as lowest value[39;49m[39;49m
[39;49m[32m[39;49m[32m
passed 12, [39;49m[39;49m[39;49m[31m[39;49m[31mfailed 0, [39;49m[39;49m[39;49m[37m[39;49m[37mtotal 12[39;49m[39;49m
[39;49m[36m[39;49m[36m| - Running generated tests[39;49m[39;49m
[39;49m[35m[39;49m[35mStarting test discovery in 1 files.[39;49m[39;49m
[39;49m[35m[39;49m[35mDiscovering tests in 
                Describe "d1" {
                    foreach ($id in 1..10) {
                        It "it${id}" { $true } -AutomationId $id
                    }
                }
            .[39;49m[39;49m
[39;49m[31m[39;49m[31mParameterBindingException: A parameter cannot be found that matches parameter name 'AutomationId'.[39;49m[39;49m
[39;49m[31m[39;49m[31mat <ScriptBlock>, /Users/travis/build/pester/Pester/new-runtimepoc/Pester.RSpec.ts.ps1:22[39;49m[39;49m
[39;49m[31m[39;49m[31mat New-Block, /Users/travis/build/pester/Pester/new-runtimepoc/Pester.Runtime.psm1:243[39;49m[39;49m
[39;49m[31m[39;49m[31mERROR: - generating simple tests from foreach with external Id -> The property 'Blocks' cannot be found on this object. Verify that the property 
exists.
At /Users/travis/build/pester/Pester/new-runtimepoc/Pester.RSpec.ts.ps1:27 
char:13
+             $result.Blocks[0].ErrorRecord | Verify-Null
+             ~~~~~~~~~~~~~~~~~~~~~~~~~~~~~~~~~~~~~~~~~~~
    + CategoryInfo          : NotSpecified: (:) [], PropertyNotFoundException
    + FullyQualifiedErrorId : PropertyNotFoundStrict
 

at <ScriptBlock>, /Users/travis/build/pester/Pester/new-runtimepoc/Pester.RSpec.ts.ps1:27
at t, /Users/travis/build/pester/Pester/new-runtimepoc/p.psm1:103
at <ScriptBlock>, /Users/travis/build/pester/Pester/new-runtimepoc/Pester.RSpec.ts.ps1:18
at b, /Users/travis/build/pester/Pester/new-runtimepoc/p.psm1:77
at <ScriptBlock>, /Users/travis/build/pester/Pester/new-runtimepoc/Pester.RSpec.ts.ps1:17
at i, /Users/travis/build/pester/Pester/new-runtimepoc/p.psm1:43
at <ScriptBlock>, /Users/travis/build/pester/Pester/new-runtimepoc/Pester.RSpec.ts.ps1:16
at <ScriptBlock>, <No file>:1
at <ScriptBlock>, <No file>:1
[39;49m[39;49m
[39;49m[35m[39;49m[35mStarting test discovery in 1 files.[39;49m[39;49m
[39;49m[35m[39;49m[35mDiscovering tests in 
                Describe "d1" {
                    foreach ($id in 1..10) {
                        It "it$id-<value>" -TestCases @(
                            @{ Value = 1}
                            @{ Value = 2}
                            @{ Value = 3}
                        ) {
                            $true
                        } -AutomationId $id
                    }
                }
            .[39;49m[39;49m
[39;49m[31m[39;49m[31mParameterBindingException: A parameter cannot be found that matches parameter name 'AutomationId'.[39;49m[39;49m
[39;49m[31m[39;49m[31mat <ScriptBlock>, /Users/travis/build/pester/Pester/new-runtimepoc/Pester.RSpec.ts.ps1:39[39;49m[39;49m
[39;49m[31m[39;49m[31mat New-Block, /Users/travis/build/pester/Pester/new-runtimepoc/Pester.Runtime.psm1:243[39;49m[39;49m
[39;49m[31m[39;49m[31mERROR: - generating parametrized tests from foreach with external id -> The property 'Blocks' cannot be found on this object. Verify that the property 
exists.
At /Users/travis/build/pester/Pester/new-runtimepoc/Pester.RSpec.ts.ps1:47 
char:13
+             $result.Blocks[0].ErrorRecord | Verify-Null
+             ~~~~~~~~~~~~~~~~~~~~~~~~~~~~~~~~~~~~~~~~~~~
    + CategoryInfo          : NotSpecified: (:) [], PropertyNotFoundException
    + FullyQualifiedErrorId : PropertyNotFoundStrict
 

at <ScriptBlock>, /Users/travis/build/pester/Pester/new-runtimepoc/Pester.RSpec.ts.ps1:47
at t, /Users/travis/build/pester/Pester/new-runtimepoc/p.psm1:103
at <ScriptBlock>, /Users/travis/build/pester/Pester/new-runtimepoc/Pester.RSpec.ts.ps1:32
at b, /Users/travis/build/pester/Pester/new-runtimepoc/p.psm1:77
at <ScriptBlock>, /Users/travis/build/pester/Pester/new-runtimepoc/Pester.RSpec.ts.ps1:17
at i, /Users/travis/build/pester/Pester/new-runtimepoc/p.psm1:43
at <ScriptBlock>, /Users/travis/build/pester/Pester/new-runtimepoc/Pester.RSpec.ts.ps1:16
at <ScriptBlock>, <No file>:1
at <ScriptBlock>, <No file>:1
[39;49m[39;49m
[39;49m[35m[39;49m[35mStarting test discovery in 1 files.[39;49m[39;49m
[39;49m[35m[39;49m[35mDiscovering tests in 
                Describe "d1" {
                    foreach ($id in 1..10) {
                        It "it$id" { $true }
                    }
                }
            .[39;49m[39;49m
[39;49m[35m[39;49m[35mFound 10 tests. 45ms[39;49m[39;49m
[39;49m[35m[39;49m[35mTest discovery finished. 73ms[39;49m[39;49m

[39;49m[32m[39;49m[32mDescribing d1[39;49m[39;49m
[39;49m[32m[39;49m[32m    [+] it1[39;49m[39;49m[39;49m[30m[39;49m[30m 18ms (2ms|17ms)[39;49m[39;49m
[39;49m[32m[39;49m[32m    [+] it2[39;49m[39;49m[39;49m[30m[39;49m[30m 6ms (1ms|5ms)[39;49m[39;49m
[39;49m[32m[39;49m[32m    [+] it3[39;49m[39;49m[39;49m[30m[39;49m[30m 6ms (1ms|5ms)[39;49m[39;49m
[39;49m[32m[39;49m[32m    [+] it4[39;49m[39;49m[39;49m[30m[39;49m[30m 6ms (1ms|6ms)[39;49m[39;49m
[39;49m[32m[39;49m[32m    [+] it5[39;49m[39;49m[39;49m[30m[39;49m[30m 6ms (1ms|5ms)[39;49m[39;49m
[39;49m[32m[39;49m[32m    [+] it6[39;49m[39;49m[39;49m[30m[39;49m[30m 6ms (1ms|5ms)[39;49m[39;49m
[39;49m[32m[39;49m[32m    [+] it7[39;49m[39;49m[39;49m[30m[39;49m[30m 7ms (1ms|6ms)[39;49m[39;49m
[39;49m[32m[39;49m[32m    [+] it8[39;49m[39;49m[39;49m[30m[39;49m[30m 6ms (1ms|5ms)[39;49m[39;49m
[39;49m[32m[39;49m[32m    [+] it9[39;49m[39;49m[39;49m[30m[39;49m[30m 6ms (1ms|5ms)[39;49m[39;49m
[39;49m[32m[39;49m[32m    [+] it10[39;49m[39;49m[39;49m[30m[39;49m[30m 6ms (1ms|5ms)[39;49m[39;49m
[39;49m[37m[39;49m[37mTests completed in 0ms[39;49m[39;49m
[39;49m[32m[39;49m[32mTests Passed: 10, [39;49m[39;49m[39;49m[30m[39;49m[30mFailed: 0, [39;49m[39;49m[39;49m[30m[39;49m[30mSkipped: 0, [39;49m[39;49m[39;49m[30m[39;49m[30mPending: 0, [39;49m[39;49m[39;49m[30m[39;49m[30mInconclusive: 0 [39;49m[39;49m
[39;49m[32m[39;49m[32m[+] - generating simple tests from foreach without external Id[39;49m[39;49m
[39;49m[35m[39;49m[35mStarting test discovery in 1 files.[39;49m[39;49m
[39;49m[35m[39;49m[35mDiscovering tests in 
                Describe "d1" {
                    foreach ($id in 1..10) {
                        It "it-$id-<value>" -TestCases @(
                            @{ Value = 1}
                            @{ Value = 2}
                            @{ Value = 3}
                        ) {
                            $true
                        }
                    }
                }
            .[39;49m[39;49m
[39;49m[35m[39;49m[35mFound 30 tests. 106ms[39;49m[39;49m
[39;49m[35m[39;49m[35mTest discovery finished. 157ms[39;49m[39;49m

[39;49m[32m[39;49m[32mDescribing d1[39;49m[39;49m
[39;49m[32m[39;49m[32m    [+] it-1-1[39;49m[39;49m[39;49m[30m[39;49m[30m 16ms (3ms|13ms)[39;49m[39;49m
[39;49m[32m[39;49m[32m    [+] it-1-2[39;49m[39;49m[39;49m[30m[39;49m[30m 6ms (1ms|5ms)[39;49m[39;49m
[39;49m[32m[39;49m[32m    [+] it-1-3[39;49m[39;49m[39;49m[30m[39;49m[30m 11ms (3ms|8ms)[39;49m[39;49m
[39;49m[32m[39;49m[32m    [+] it-2-1[39;49m[39;49m[39;49m[30m[39;49m[30m 6ms (1ms|5ms)[39;49m[39;49m
[39;49m[32m[39;49m[32m    [+] it-2-2[39;49m[39;49m[39;49m[30m[39;49m[30m 6ms (1ms|5ms)[39;49m[39;49m
[39;49m[32m[39;49m[32m    [+] it-2-3[39;49m[39;49m[39;49m[30m[39;49m[30m 6ms (1ms|5ms)[39;49m[39;49m
[39;49m[32m[39;49m[32m    [+] it-3-1[39;49m[39;49m[39;49m[30m[39;49m[30m 6ms (1ms|5ms)[39;49m[39;49m
[39;49m[32m[39;49m[32m    [+] it-3-2[39;49m[39;49m[39;49m[30m[39;49m[30m 6ms (1ms|5ms)[39;49m[39;49m
[39;49m[32m[39;49m[32m    [+] it-3-3[39;49m[39;49m[39;49m[30m[39;49m[30m 6ms (1ms|5ms)[39;49m[39;49m
[39;49m[32m[39;49m[32m    [+] it-4-1[39;49m[39;49m[39;49m[30m[39;49m[30m 6ms (1ms|5ms)[39;49m[39;49m
[39;49m[32m[39;49m[32m    [+] it-4-2[39;49m[39;49m[39;49m[30m[39;49m[30m 6ms (1ms|5ms)[39;49m[39;49m
[39;49m[32m[39;49m[32m    [+] it-4-3[39;49m[39;49m[39;49m[30m[39;49m[30m 6ms (1ms|5ms)[39;49m[39;49m
[39;49m[32m[39;49m[32m    [+] it-5-1[39;49m[39;49m[39;49m[30m[39;49m[30m 6ms (1ms|5ms)[39;49m[39;49m
[39;49m[32m[39;49m[32m    [+] it-5-2[39;49m[39;49m[39;49m[30m[39;49m[30m 8ms (3ms|5ms)[39;49m[39;49m
[39;49m[32m[39;49m[32m    [+] it-5-3[39;49m[39;49m[39;49m[30m[39;49m[30m 6ms (1ms|5ms)[39;49m[39;49m
[39;49m[32m[39;49m[32m    [+] it-6-1[39;49m[39;49m[39;49m[30m[39;49m[30m 6ms (1ms|5ms)[39;49m[39;49m
[39;49m[32m[39;49m[32m    [+] it-6-2[39;49m[39;49m[39;49m[30m[39;49m[30m 14ms (1ms|13ms)[39;49m[39;49m
[39;49m[32m[39;49m[32m    [+] it-6-3[39;49m[39;49m[39;49m[30m[39;49m[30m 6ms (1ms|5ms)[39;49m[39;49m
[39;49m[32m[39;49m[32m    [+] it-7-1[39;49m[39;49m[39;49m[30m[39;49m[30m 6ms (1ms|5ms)[39;49m[39;49m
[39;49m[32m[39;49m[32m    [+] it-7-2[39;49m[39;49m[39;49m[30m[39;49m[30m 6ms (1ms|5ms)[39;49m[39;49m
[39;49m[32m[39;49m[32m    [+] it-7-3[39;49m[39;49m[39;49m[30m[39;49m[30m 6ms (1ms|5ms)[39;49m[39;49m
[39;49m[32m[39;49m[32m    [+] it-8-1[39;49m[39;49m[39;49m[30m[39;49m[30m 8ms (2ms|6ms)[39;49m[39;49m
[39;49m[32m[39;49m[32m    [+] it-8-2[39;49m[39;49m[39;49m[30m[39;49m[30m 8ms (2ms|5ms)[39;49m[39;49m
[39;49m[32m[39;49m[32m    [+] it-8-3[39;49m[39;49m[39;49m[30m[39;49m[30m 7ms (1ms|5ms)[39;49m[39;49m
[39;49m[32m[39;49m[32m    [+] it-9-1[39;49m[39;49m[39;49m[30m[39;49m[30m 22ms (1ms|21ms)[39;49m[39;49m
[39;49m[32m[39;49m[32m    [+] it-9-2[39;49m[39;49m[39;49m[30m[39;49m[30m 7ms (1ms|6ms)[39;49m[39;49m
[39;49m[32m[39;49m[32m    [+] it-9-3[39;49m[39;49m[39;49m[30m[39;49m[30m 7ms (1ms|5ms)[39;49m[39;49m
[39;49m[32m[39;49m[32m    [+] it-10-1[39;49m[39;49m[39;49m[30m[39;49m[30m 7ms (1ms|6ms)[39;49m[39;49m
[39;49m[32m[39;49m[32m    [+] it-10-2[39;49m[39;49m[39;49m[30m[39;49m[30m 6ms (1ms|5ms)[39;49m[39;49m
[39;49m[32m[39;49m[32m    [+] it-10-3[39;49m[39;49m[39;49m[30m[39;49m[30m 6ms (1ms|5ms)[39;49m[39;49m
[39;49m[37m[39;49m[37mTests completed in 0ms[39;49m[39;49m
[39;49m[32m[39;49m[32mTests Passed: 30, [39;49m[39;49m[39;49m[30m[39;49m[30mFailed: 0, [39;49m[39;49m[39;49m[30m[39;49m[30mSkipped: 0, [39;49m[39;49m[39;49m[30m[39;49m[30mPending: 0, [39;49m[39;49m[39;49m[30m[39;49m[30mInconclusive: 0 [39;49m[39;49m
[39;49m[32m[39;49m[32m[+] - generating parametrized tests from foreach without external id[39;49m[39;49m
[39;49m[35m[39;49m[35mStarting test discovery in 1 files.[39;49m[39;49m
[39;49m[35m[39;49m[35mDiscovering tests in 
                Describe "d1" {
                    foreach ($id in 1..10) {
                        It "first-it-$id-<value>" -TestCases @(
                            @{ Value = 1}
                            @{ Value = 2}
                            @{ Value = 3}
                        ) {
                            $true
                        }

                        It "second-it-$id-<value>" -TestCases @(
                            @{ Value = 1}
                            @{ Value = 2}
                            @{ Value = 3}
                        ) {
                            $true
                        }
                    }
                }
            .[39;49m[39;49m
[39;49m[35m[39;49m[35mFound 60 tests. 209ms[39;49m[39;49m
[39;49m[35m[39;49m[35mTest discovery finished. 313ms[39;49m[39;49m

[39;49m[32m[39;49m[32mDescribing d1[39;49m[39;49m
[39;49m[32m[39;49m[32m    [+] first-it-1-1[39;49m[39;49m[39;49m[30m[39;49m[30m 10ms (4ms|6ms)[39;49m[39;49m
[39;49m[32m[39;49m[32m    [+] first-it-1-2[39;49m[39;49m[39;49m[30m[39;49m[30m 7ms (1ms|5ms)[39;49m[39;49m
[39;49m[32m[39;49m[32m    [+] first-it-1-3[39;49m[39;49m[39;49m[30m[39;49m[30m 7ms (1ms|6ms)[39;49m[39;49m
[39;49m[32m[39;49m[32m    [+] second-it-1-1[39;49m[39;49m[39;49m[30m[39;49m[30m 8ms (2ms|6ms)[39;49m[39;49m
[39;49m[32m[39;49m[32m    [+] second-it-1-2[39;49m[39;49m[39;49m[30m[39;49m[30m 7ms (1ms|6ms)[39;49m[39;49m
[39;49m[32m[39;49m[32m    [+] second-it-1-3[39;49m[39;49m[39;49m[30m[39;49m[30m 8ms (1ms|7ms)[39;49m[39;49m
[39;49m[32m[39;49m[32m    [+] first-it-2-1[39;49m[39;49m[39;49m[30m[39;49m[30m 9ms (1ms|8ms)[39;49m[39;49m
[39;49m[32m[39;49m[32m    [+] first-it-2-2[39;49m[39;49m[39;49m[30m[39;49m[30m 12ms (1ms|11ms)[39;49m[39;49m
[39;49m[32m[39;49m[32m    [+] first-it-2-3[39;49m[39;49m[39;49m[30m[39;49m[30m 7ms (1ms|6ms)[39;49m[39;49m
[39;49m[32m[39;49m[32m    [+] second-it-2-1[39;49m[39;49m[39;49m[30m[39;49m[30m 9ms (2ms|7ms)[39;49m[39;49m
[39;49m[32m[39;49m[32m    [+] second-it-2-2[39;49m[39;49m[39;49m[30m[39;49m[30m 6ms (1ms|5ms)[39;49m[39;49m
[39;49m[32m[39;49m[32m    [+] second-it-2-3[39;49m[39;49m[39;49m[30m[39;49m[30m 6ms (1ms|5ms)[39;49m[39;49m
[39;49m[32m[39;49m[32m    [+] first-it-3-1[39;49m[39;49m[39;49m[30m[39;49m[30m 6ms (1ms|5ms)[39;49m[39;49m
[39;49m[32m[39;49m[32m    [+] first-it-3-2[39;49m[39;49m[39;49m[30m[39;49m[30m 7ms (1ms|6ms)[39;49m[39;49m
[39;49m[32m[39;49m[32m    [+] first-it-3-3[39;49m[39;49m[39;49m[30m[39;49m[30m 6ms (1ms|5ms)[39;49m[39;49m
[39;49m[32m[39;49m[32m    [+] second-it-3-1[39;49m[39;49m[39;49m[30m[39;49m[30m 6ms (1ms|5ms)[39;49m[39;49m
[39;49m[32m[39;49m[32m    [+] second-it-3-2[39;49m[39;49m[39;49m[30m[39;49m[30m 6ms (1ms|5ms)[39;49m[39;49m
[39;49m[32m[39;49m[32m    [+] second-it-3-3[39;49m[39;49m[39;49m[30m[39;49m[30m 6ms (1ms|5ms)[39;49m[39;49m
[39;49m[32m[39;49m[32m    [+] first-it-4-1[39;49m[39;49m[39;49m[30m[39;49m[30m 6ms (1ms|5ms)[39;49m[39;49m
[39;49m[32m[39;49m[32m    [+] first-it-4-2[39;49m[39;49m[39;49m[30m[39;49m[30m 6ms (1ms|5ms)[39;49m[39;49m
[39;49m[32m[39;49m[32m    [+] first-it-4-3[39;49m[39;49m[39;49m[30m[39;49m[30m 6ms (1ms|5ms)[39;49m[39;49m
[39;49m[32m[39;49m[32m    [+] second-it-4-1[39;49m[39;49m[39;49m[30m[39;49m[30m 6ms (1ms|5ms)[39;49m[39;49m
[39;49m[32m[39;49m[32m    [+] second-it-4-2[39;49m[39;49m[39;49m[30m[39;49m[30m 7ms (2ms|5ms)[39;49m[39;49m
[39;49m[32m[39;49m[32m    [+] second-it-4-3[39;49m[39;49m[39;49m[30m[39;49m[30m 6ms (1ms|5ms)[39;49m[39;49m
[39;49m[32m[39;49m[32m    [+] first-it-5-1[39;49m[39;49m[39;49m[30m[39;49m[30m 9ms (1ms|8ms)[39;49m[39;49m
[39;49m[32m[39;49m[32m    [+] first-it-5-2[39;49m[39;49m[39;49m[30m[39;49m[30m 6ms (1ms|5ms)[39;49m[39;49m
[39;49m[32m[39;49m[32m    [+] first-it-5-3[39;49m[39;49m[39;49m[30m[39;49m[30m 8ms (2ms|5ms)[39;49m[39;49m
[39;49m[32m[39;49m[32m    [+] second-it-5-1[39;49m[39;49m[39;49m[30m[39;49m[30m 6ms (1ms|5ms)[39;49m[39;49m
[39;49m[32m[39;49m[32m    [+] second-it-5-2[39;49m[39;49m[39;49m[30m[39;49m[30m 6ms (1ms|5ms)[39;49m[39;49m
[39;49m[32m[39;49m[32m    [+] second-it-5-3[39;49m[39;49m[39;49m[30m[39;49m[30m 6ms (1ms|5ms)[39;49m[39;49m
[39;49m[32m[39;49m[32m    [+] first-it-6-1[39;49m[39;49m[39;49m[30m[39;49m[30m 11ms (3ms|8ms)[39;49m[39;49m
[39;49m[32m[39;49m[32m    [+] first-it-6-2[39;49m[39;49m[39;49m[30m[39;49m[30m 6ms (1ms|5ms)[39;49m[39;49m
[39;49m[32m[39;49m[32m    [+] first-it-6-3[39;49m[39;49m[39;49m[30m[39;49m[30m 9ms (4ms|5ms)[39;49m[39;49m
[39;49m[32m[39;49m[32m    [+] second-it-6-1[39;49m[39;49m[39;49m[30m[39;49m[30m 7ms (1ms|5ms)[39;49m[39;49m
[39;49m[32m[39;49m[32m    [+] second-it-6-2[39;49m[39;49m[39;49m[30m[39;49m[30m 6ms (1ms|5ms)[39;49m[39;49m
[39;49m[32m[39;49m[32m    [+] second-it-6-3[39;49m[39;49m[39;49m[30m[39;49m[30m 6ms (1ms|5ms)[39;49m[39;49m
[39;49m[32m[39;49m[32m    [+] first-it-7-1[39;49m[39;49m[39;49m[30m[39;49m[30m 10ms (1ms|9ms)[39;49m[39;49m
[39;49m[32m[39;49m[32m    [+] first-it-7-2[39;49m[39;49m[39;49m[30m[39;49m[30m 6ms (1ms|5ms)[39;49m[39;49m
[39;49m[32m[39;49m[32m    [+] first-it-7-3[39;49m[39;49m[39;49m[30m[39;49m[30m 6ms (1ms|5ms)[39;49m[39;49m
[39;49m[32m[39;49m[32m    [+] second-it-7-1[39;49m[39;49m[39;49m[30m[39;49m[30m 6ms (1ms|5ms)[39;49m[39;49m
[39;49m[32m[39;49m[32m    [+] second-it-7-2[39;49m[39;49m[39;49m[30m[39;49m[30m 6ms (1ms|5ms)[39;49m[39;49m
[39;49m[32m[39;49m[32m    [+] second-it-7-3[39;49m[39;49m[39;49m[30m[39;49m[30m 7ms (1ms|6ms)[39;49m[39;49m
[39;49m[32m[39;49m[32m    [+] first-it-8-1[39;49m[39;49m[39;49m[30m[39;49m[30m 6ms (1ms|5ms)[39;49m[39;49m
[39;49m[32m[39;49m[32m    [+] first-it-8-2[39;49m[39;49m[39;49m[30m[39;49m[30m 6ms (1ms|5ms)[39;49m[39;49m
[39;49m[32m[39;49m[32m    [+] first-it-8-3[39;49m[39;49m[39;49m[30m[39;49m[30m 8ms (1ms|6ms)[39;49m[39;49m
[39;49m[32m[39;49m[32m    [+] second-it-8-1[39;49m[39;49m[39;49m[30m[39;49m[30m 6ms (1ms|5ms)[39;49m[39;49m
[39;49m[32m[39;49m[32m    [+] second-it-8-2[39;49m[39;49m[39;49m[30m[39;49m[30m 6ms (1ms|5ms)[39;49m[39;49m
[39;49m[32m[39;49m[32m    [+] second-it-8-3[39;49m[39;49m[39;49m[30m[39;49m[30m 6ms (1ms|5ms)[39;49m[39;49m
[39;49m[32m[39;49m[32m    [+] first-it-9-1[39;49m[39;49m[39;49m[30m[39;49m[30m 10ms (3ms|8ms)[39;49m[39;49m
[39;49m[32m[39;49m[32m    [+] first-it-9-2[39;49m[39;49m[39;49m[30m[39;49m[30m 8ms (1ms|7ms)[39;49m[39;49m
[39;49m[32m[39;49m[32m    [+] first-it-9-3[39;49m[39;49m[39;49m[30m[39;49m[30m 6ms (1ms|5ms)[39;49m[39;49m
[39;49m[32m[39;49m[32m    [+] second-it-9-1[39;49m[39;49m[39;49m[30m[39;49m[30m 7ms (1ms|5ms)[39;49m[39;49m
[39;49m[32m[39;49m[32m    [+] second-it-9-2[39;49m[39;49m[39;49m[30m[39;49m[30m 6ms (1ms|5ms)[39;49m[39;49m
[39;49m[32m[39;49m[32m    [+] second-it-9-3[39;49m[39;49m[39;49m[30m[39;49m[30m 6ms (1ms|5ms)[39;49m[39;49m
[39;49m[32m[39;49m[32m    [+] first-it-10-1[39;49m[39;49m[39;49m[30m[39;49m[30m 6ms (1ms|5ms)[39;49m[39;49m
[39;49m[32m[39;49m[32m    [+] first-it-10-2[39;49m[39;49m[39;49m[30m[39;49m[30m 6ms (1ms|5ms)[39;49m[39;49m
[39;49m[32m[39;49m[32m    [+] first-it-10-3[39;49m[39;49m[39;49m[30m[39;49m[30m 6ms (1ms|5ms)[39;49m[39;49m
[39;49m[32m[39;49m[32m    [+] second-it-10-1[39;49m[39;49m[39;49m[30m[39;49m[30m 7ms (1ms|6ms)[39;49m[39;49m
[39;49m[32m[39;49m[32m    [+] second-it-10-2[39;49m[39;49m[39;49m[30m[39;49m[30m 7ms (1ms|6ms)[39;49m[39;49m
[39;49m[32m[39;49m[32m    [+] second-it-10-3[39;49m[39;49m[39;49m[30m[39;49m[30m 7ms (1ms|6ms)[39;49m[39;49m
[39;49m[37m[39;49m[37mTests completed in 0ms[39;49m[39;49m
[39;49m[32m[39;49m[32mTests Passed: 60, [39;49m[39;49m[39;49m[30m[39;49m[30mFailed: 0, [39;49m[39;49m[39;49m[30m[39;49m[30mSkipped: 0, [39;49m[39;49m[39;49m[30m[39;49m[30mPending: 0, [39;49m[39;49m[39;49m[30m[39;49m[30mInconclusive: 0 [39;49m[39;49m
[39;49m[32m[39;49m[32m[+] - generating multiple parametrized tests from foreach without external id[39;49m[39;49m
[39;49m[35m[39;49m[35mStarting test discovery in 1 files.[39;49m[39;49m
[39;49m[35m[39;49m[35mDiscovering tests in 
                Describe "d1" {
                    foreach ($id in 1..10) {
                        It "first-it-$id-<value>" -TestCases @(
                            @{ Value = 1}
                            @{ Value = 2}
                            @{ Value = 3}
                        ) {
                            $true
                        } -AutomationId $Id

                        It "second-it-$id-<value>" -TestCases @(
                            @{ Value = 1}
                            @{ Value = 2}
                            @{ Value = 3}
                        ) {
                            $true
                        } -AutomationId $id
                    }
                }
            .[39;49m[39;49m
[39;49m[31m[39;49m[31mParameterBindingException: A parameter cannot be found that matches parameter name 'AutomationId'.[39;49m[39;49m
[39;49m[31m[39;49m[31mat <ScriptBlock>, /Users/travis/build/pester/Pester/new-runtimepoc/Pester.RSpec.ts.ps1:121[39;49m[39;49m
[39;49m[31m[39;49m[31mat New-Block, /Users/travis/build/pester/Pester/new-runtimepoc/Pester.Runtime.psm1:243[39;49m[39;49m
[39;49m[31m[39;49m[31mERROR: - generating multiple parametrized tests from foreach with external id -> The property 'Blocks' cannot be found on this object. Verify that the property 
exists.
At /Users/travis/build/pester/Pester/new-runtimepoc/Pester.RSpec.ts.ps1:137 
char:13
+             $result.Blocks[0].ErrorRecord | Verify-Null
+             ~~~~~~~~~~~~~~~~~~~~~~~~~~~~~~~~~~~~~~~~~~~
    + CategoryInfo          : NotSpecified: (:) [], PropertyNotFoundException
    + FullyQualifiedErrorId : PropertyNotFoundStrict
 

at <ScriptBlock>, /Users/travis/build/pester/Pester/new-runtimepoc/Pester.RSpec.ts.ps1:137
at t, /Users/travis/build/pester/Pester/new-runtimepoc/p.psm1:103
at <ScriptBlock>, /Users/travis/build/pester/Pester/new-runtimepoc/Pester.RSpec.ts.ps1:114
at b, /Users/travis/build/pester/Pester/new-runtimepoc/p.psm1:77
at <ScriptBlock>, /Users/travis/build/pester/Pester/new-runtimepoc/Pester.RSpec.ts.ps1:17
at i, /Users/travis/build/pester/Pester/new-runtimepoc/p.psm1:43
at <ScriptBlock>, /Users/travis/build/pester/Pester/new-runtimepoc/Pester.RSpec.ts.ps1:16
at <ScriptBlock>, <No file>:1
at <ScriptBlock>, <No file>:1
[39;49m[39;49m
[39;49m[36m[39;49m[36m| - BeforeAll paths[39;49m[39;49m
[39;49m[35m[39;49m[35mStarting test discovery in 1 files.[39;49m[39;49m
[39;49m[35m[39;49m[35mDiscovering tests in 
                $container.InScript = $PSScriptRoot
                BeforeAll {
                    $container.InBeforeAll = $PSScriptRoot
                }

                Describe "a" {
                    It "b" {
                        # otherwise the container would not run
                        $true
                    }
                }
            .[39;49m[39;49m
[39;49m[35m[39;49m[35mFound 1 tests. 24ms[39;49m[39;49m
[39;49m[35m[39;49m[35mTest discovery finished. 38ms[39;49m[39;49m

[39;49m[32m[39;49m[32mDescribing a[39;49m[39;49m
[39;49m[32m[39;49m[32m    [+] b[39;49m[39;49m[39;49m[30m[39;49m[30m 7ms (2ms|6ms)[39;49m[39;49m
[39;49m[37m[39;49m[37mTests completed in 0ms[39;49m[39;49m
[39;49m[32m[39;49m[32mTests Passed: 1, [39;49m[39;49m[39;49m[30m[39;49m[30mFailed: 0, [39;49m[39;49m[39;49m[30m[39;49m[30mSkipped: 0, [39;49m[39;49m[39;49m[30m[39;49m[30mPending: 0, [39;49m[39;49m[39;49m[30m[39;49m[30mInconclusive: 0 [39;49m[39;49m
[39;49m[32m[39;49m[32m[+] - $PSScriptRoot in BeforeAll has the same value as in the script that calls it[39;49m[39;49m
[39;49m[36m[39;49m[36m| - Invoke-Pester parameters[39;49m[39;49m
[39;49m[35m[39;49m[35mStarting test discovery in 2 files.[39;49m[39;49m
[39;49m[35m[39;49m[35mDiscovering tests in file1.Tests.ps1.[39;49m[39;49m
[39;49m[35m[39;49m[35mFound 2 tests. 26ms[39;49m[39;49m
[39;49m[35m[39;49m[35mDiscovering tests in file2.Tests.ps1.[39;49m[39;49m
[39;49m[35m[39;49m[35mFound 2 tests. 16ms[39;49m[39;49m
[39;49m[35m[39;49m[35mTest discovery finished. 67ms[39;49m[39;49m
[39;49m[35m[39;49m[35mRunning tests from 'file1.Tests.ps1'[39;49m[39;49m

[39;49m[32m[39;49m[32mDescribing d1[39;49m[39;49m
[39;49m[32m[39;49m[32m    [+] i1[39;49m[39;49m[39;49m[30m[39;49m[30m 8ms (2ms|6ms)[39;49m[39;49m
[39;49m[32m[39;49m[32m    [+] i2[39;49m[39;49m[39;49m[30m[39;49m[30m 7ms (1ms|6ms)[39;49m[39;49m
[39;49m[35m[39;49m[35mRunning tests from 'file2.Tests.ps1'[39;49m[39;49m

[39;49m[32m[39;49m[32mDescribing d1[39;49m[39;49m
[39;49m[32m[39;49m[32m    [+] i1[39;49m[39;49m[39;49m[30m[39;49m[30m 7ms (2ms|6ms)[39;49m[39;49m
[39;49m[32m[39;49m[32m    [+] i2[39;49m[39;49m[39;49m[30m[39;49m[30m 7ms (1ms|5ms)[39;49m[39;49m
[39;49m[37m[39;49m[37mTests completed in 192ms[39;49m[39;49m
[39;49m[32m[39;49m[32mTests Passed: 4, [39;49m[39;49m[39;49m[30m[39;49m[30mFailed: 0, [39;49m[39;49m[39;49m[30m[39;49m[30mSkipped: 0, [39;49m[39;49m[39;49m[30m[39;49m[30mPending: 0, [39;49m[39;49m[39;49m[30m[39;49m[30mInconclusive: 0 [39;49m[39;49m
[39;49m[31m[39;49m[31m[-] - Running without any params runs all files from the local folder -> Expected and actual values differ!
Expected: '/var/folders/bb/n7t3rs157850byt_jfdcq9k80000gn/T/dir/file1.Tests.ps1'
Actual  : 'file1.Tests.ps1'
at Verify-Equal, /Users/travis/build/pester/Pester/Dependencies/Axiom/Verify-Equal.ps1:16
at <ScriptBlock>, /Users/travis/build/pester/Pester/new-runtimepoc/Pester.RSpec.ts.ps1:184
at t, /Users/travis/build/pester/Pester/new-runtimepoc/p.psm1:103
at <ScriptBlock>, /Users/travis/build/pester/Pester/new-runtimepoc/Pester.RSpec.ts.ps1:179
at b, /Users/travis/build/pester/Pester/new-runtimepoc/p.psm1:77
at <ScriptBlock>, /Users/travis/build/pester/Pester/new-runtimepoc/Pester.RSpec.ts.ps1:167
at i, /Users/travis/build/pester/Pester/new-runtimepoc/p.psm1:43
at <ScriptBlock>, /Users/travis/build/pester/Pester/new-runtimepoc/Pester.RSpec.ts.ps1:16
at <ScriptBlock>, <No file>:1
at <ScriptBlock>, <No file>:1
[39;49m[39;49m
[39;49m[35m[39;49m[35mStarting test discovery in 2 files.[39;49m[39;49m
[39;49m[35m[39;49m[35mDiscovering tests in /var/folders/bb/n7t3rs157850byt_jfdcq9k80000gn/T/dir/file1.Tests.ps1.[39;49m[39;49m
[39;49m[35m[39;49m[35mFound 2 tests. 22ms[39;49m[39;49m
[39;49m[35m[39;49m[35mDiscovering tests in /var/folders/bb/n7t3rs157850byt_jfdcq9k80000gn/T/dir/file2.Tests.ps1.[39;49m[39;49m
[39;49m[35m[39;49m[35mFound 2 tests. 19ms[39;49m[39;49m
[39;49m[35m[39;49m[35mTest discovery finished. 65ms[39;49m[39;49m
[39;49m[35m[39;49m[35mRunning tests from '/var/folders/bb/n7t3rs157850byt_jfdcq9k80000gn/T/dir/file1.Tests.ps1'[39;49m[39;49m

[39;49m[32m[39;49m[32mDescribing d1[39;49m[39;49m
[39;49m[32m[39;49m[32m    [+] i1[39;49m[39;49m[39;49m[30m[39;49m[30m 6ms (1ms|5ms)[39;49m[39;49m
[39;49m[32m[39;49m[32m    [+] i2[39;49m[39;49m[39;49m[30m[39;49m[30m 10ms (4ms|5ms)[39;49m[39;49m
[39;49m[35m[39;49m[35mRunning tests from '/var/folders/bb/n7t3rs157850byt_jfdcq9k80000gn/T/dir/file2.Tests.ps1'[39;49m[39;49m

[39;49m[32m[39;49m[32mDescribing d1[39;49m[39;49m
[39;49m[32m[39;49m[32m    [+] i1[39;49m[39;49m[39;49m[30m[39;49m[30m 6ms (1ms|5ms)[39;49m[39;49m
[39;49m[32m[39;49m[32m    [+] i2[39;49m[39;49m[39;49m[30m[39;49m[30m 6ms (1ms|5ms)[39;49m[39;49m
[39;49m[37m[39;49m[37mTests completed in 189ms[39;49m[39;49m
[39;49m[32m[39;49m[32mTests Passed: 4, [39;49m[39;49m[39;49m[30m[39;49m[30mFailed: 0, [39;49m[39;49m[39;49m[30m[39;49m[30mSkipped: 0, [39;49m[39;49m[39;49m[30m[39;49m[30mPending: 0, [39;49m[39;49m[39;49m[30m[39;49m[30mInconclusive: 0 [39;49m[39;49m
[39;49m[32m[39;49m[32m[+] - Running tests from Paths runs them[39;49m[39;49m
[39;49m[35m[39;49m[35mStarting test discovery in 1 files.[39;49m[39;49m
[39;49m[35m[39;49m[35mDiscovering tests in /var/folders/bb/n7t3rs157850byt_jfdcq9k80000gn/T/dir/file1.Tests.ps1.[39;49m[39;49m
[39;49m[35m[39;49m[35mFound 2 tests. 17ms[39;49m[39;49m
[39;49m[35m[39;49m[35mTest discovery finished. 33ms[39;49m[39;49m
[39;49m[35m[39;49m[35mRunning tests from '/var/folders/bb/n7t3rs157850byt_jfdcq9k80000gn/T/dir/file1.Tests.ps1'[39;49m[39;49m

[39;49m[32m[39;49m[32mDescribing d1[39;49m[39;49m
[39;49m[32m[39;49m[32m    [+] i1[39;49m[39;49m[39;49m[30m[39;49m[30m 7ms (1ms|6ms)[39;49m[39;49m
[39;49m[32m[39;49m[32m    [+] i2[39;49m[39;49m[39;49m[30m[39;49m[30m 7ms (1ms|6ms)[39;49m[39;49m
[39;49m[37m[39;49m[37mTests completed in 0ms[39;49m[39;49m
[39;49m[32m[39;49m[32mTests Passed: 2, [39;49m[39;49m[39;49m[30m[39;49m[30mFailed: 0, [39;49m[39;49m[39;49m[30m[39;49m[30mSkipped: 0, [39;49m[39;49m[39;49m[30m[39;49m[30mPending: 0, [39;49m[39;49m[39;49m[30m[39;49m[30mInconclusive: 0 [39;49m[39;49m
[39;49m[31m[39;49m[31mERROR: - Exluding full path excludes it tests from Paths runs them -> The property 'Count' cannot be found on this object. Verify that the property 
exists.
At /Users/travis/build/pester/Pester/new-runtimepoc/Pester.RSpec.ts.ps1:199 
char:17
+                 $result.Count | Verify-Equal 1
+                 ~~~~~~~~~~~~~~~~~~~~~~~~~~~~~~
    + CategoryInfo          : NotSpecified: (:) [], PropertyNotFoundException
    + FullyQualifiedErrorId : PropertyNotFoundStrict
 

at <ScriptBlock>, /Users/travis/build/pester/Pester/new-runtimepoc/Pester.RSpec.ts.ps1:199
at t, /Users/travis/build/pester/Pester/new-runtimepoc/p.psm1:103
at <ScriptBlock>, /Users/travis/build/pester/Pester/new-runtimepoc/Pester.RSpec.ts.ps1:196
at b, /Users/travis/build/pester/Pester/new-runtimepoc/p.psm1:77
at <ScriptBlock>, /Users/travis/build/pester/Pester/new-runtimepoc/Pester.RSpec.ts.ps1:167
at i, /Users/travis/build/pester/Pester/new-runtimepoc/p.psm1:43
at <ScriptBlock>, /Users/travis/build/pester/Pester/new-runtimepoc/Pester.RSpec.ts.ps1:16
at <ScriptBlock>, <No file>:1
at <ScriptBlock>, <No file>:1
[39;49m[39;49m
[39;49m[35m[39;49m[35mStarting test discovery in 1 files.[39;49m[39;49m
[39;49m[35m[39;49m[35mDiscovering tests in /var/folders/bb/n7t3rs157850byt_jfdcq9k80000gn/T/dir/file1.Tests.ps1.[39;49m[39;49m
[39;49m[35m[39;49m[35mFound 2 tests. 15ms[39;49m[39;49m
[39;49m[35m[39;49m[35mTest discovery finished. 28ms[39;49m[39;49m
[39;49m[35m[39;49m[35mRunning tests from '/var/folders/bb/n7t3rs157850byt_jfdcq9k80000gn/T/dir/file1.Tests.ps1'[39;49m[39;49m

[39;49m[32m[39;49m[32mDescribing d1[39;49m[39;49m
[39;49m[32m[39;49m[32m    [+] i1[39;49m[39;49m[39;49m[30m[39;49m[30m 7ms (1ms|5ms)[39;49m[39;49m
[39;49m[37m[39;49m[37mTests completed in 0ms[39;49m[39;49m
[39;49m[32m[39;49m[32mTests Passed: 1, [39;49m[39;49m[39;49m[30m[39;49m[30mFailed: 0, [39;49m[39;49m[39;49m[33m[39;49m[33mSkipped: 1, [39;49m[39;49m[39;49m[30m[39;49m[30mPending: 0, [39;49m[39;49m[39;49m[30m[39;49m[30mInconclusive: 0 [39;49m[39;49m
[39;49m[32m[39;49m[32m[+] - Including tag runs just the test with that tag[39;49m[39;49m
[39;49m[35m[39;49m[35mStarting test discovery in 1 files.[39;49m[39;49m
[39;49m[35m[39;49m[35mDiscovering tests in /var/folders/bb/n7t3rs157850byt_jfdcq9k80000gn/T/dir/file1.Tests.ps1.[39;49m[39;49m
[39;49m[35m[39;49m[35mFound 2 tests. 26ms[39;49m[39;49m
[39;49m[35m[39;49m[35mTest discovery finished. 42ms[39;49m[39;49m
[39;49m[35m[39;49m[35mRunning tests from '/var/folders/bb/n7t3rs157850byt_jfdcq9k80000gn/T/dir/file1.Tests.ps1'[39;49m[39;49m

[39;49m[32m[39;49m[32mDescribing d1[39;49m[39;49m
[39;49m[32m[39;49m[32m    [+] i2[39;49m[39;49m[39;49m[30m[39;49m[30m 11ms (1ms|10ms)[39;49m[39;49m
[39;49m[37m[39;49m[37mTests completed in 0ms[39;49m[39;49m
[39;49m[32m[39;49m[32mTests Passed: 1, [39;49m[39;49m[39;49m[30m[39;49m[30mFailed: 0, [39;49m[39;49m[39;49m[33m[39;49m[33mSkipped: 1, [39;49m[39;49m[39;49m[30m[39;49m[30mPending: 0, [39;49m[39;49m[39;49m[30m[39;49m[30mInconclusive: 0 [39;49m[39;49m
[39;49m[32m[39;49m[32m[+] - Excluding tag skips the test with that tag[39;49m[39;49m
[39;49m[35m[39;49m[35mStarting test discovery in 1 files.[39;49m[39;49m
[39;49m[35m[39;49m[35mDiscovering tests in  Describe "d1" { It "i1" { $true }} .[39;49m[39;49m
[39;49m[35m[39;49m[35mFound 1 tests. 18ms[39;49m[39;49m
[39;49m[35m[39;49m[35mTest discovery finished. 29ms[39;49m[39;49m

[39;49m[32m[39;49m[32mDescribing d1[39;49m[39;49m
[39;49m[32m[39;49m[32m    [+] i1[39;49m[39;49m[39;49m[30m[39;49m[30m 8ms (2ms|6ms)[39;49m[39;49m
[39;49m[37m[39;49m[37mTests completed in 0ms[39;49m[39;49m
[39;49m[32m[39;49m[32mTests Passed: 1, [39;49m[39;49m[39;49m[30m[39;49m[30mFailed: 0, [39;49m[39;49m[39;49m[30m[39;49m[30mSkipped: 0, [39;49m[39;49m[39;49m[30m[39;49m[30mPending: 0, [39;49m[39;49m[39;49m[30m[39;49m[30mInconclusive: 0 [39;49m[39;49m
[39;49m[32m[39;49m[32m[+] - Scriptblock invokes inlined test[39;49m[39;49m
[39;49m[35m[39;49m[35mStarting test discovery in 1 files.[39;49m[39;49m
[39;49m[35m[39;49m[35mDiscovering tests in /var/folders/bb/n7t3rs157850byt_jfdcq9k80000gn/T/dir/file1.Tests.ps1.[39;49m[39;49m
[39;49m[35m[39;49m[35mFound 2 tests. 21ms[39;49m[39;49m
[39;49m[35m[39;49m[35mTest discovery finished. 71ms[39;49m[39;49m
[39;49m[35m[39;49m[35mRunning tests from '/var/folders/bb/n7t3rs157850byt_jfdcq9k80000gn/T/dir/file1.Tests.ps1'[39;49m[39;49m

[39;49m[32m[39;49m[32mDescribing d1[39;49m[39;49m
[39;49m[32m[39;49m[32m    [+] i1[39;49m[39;49m[39;49m[30m[39;49m[30m 10ms (2ms|8ms)[39;49m[39;49m
[39;49m[32m[39;49m[32m    [+] i2[39;49m[39;49m[39;49m[30m[39;49m[30m 12ms (1ms|11ms)[39;49m[39;49m
[39;49m[37m[39;49m[37mTests completed in 0ms[39;49m[39;49m
[39;49m[32m[39;49m[32mTests Passed: 2, [39;49m[39;49m[39;49m[30m[39;49m[30mFailed: 0, [39;49m[39;49m[39;49m[30m[39;49m[30mSkipped: 0, [39;49m[39;49m[39;49m[30m[39;49m[30mPending: 0, [39;49m[39;49m[39;49m[30m[39;49m[30mInconclusive: 0 [39;49m[39;49m
[39;49m[32m[39;49m[32m[+] - Result object is output by default[39;49m[39;49m
[39;49m[32m[39;49m[32m[+] - CI generates code coverage and xml output[39;49m[39;49m
[39;49m[32m[39;49m[32m
passed 10, [39;49m[39;49m[39;49m[31m[39;49m[31mfailed 5, [39;49m[39;49m[39;49m[37m[39;49m[37mtotal 15[39;49m[39;49m
[39;49m[36m[39;49m[36m| - Counting tests[39;49m[39;49m
[39;49m[32m[39;49m[32m[+] - Passed and counts are correct for non nested blocks[39;49m[39;49m
[39;49m[32m[39;49m[32m[+] - Passed and counts are correct nested blocks[39;49m[39;49m
[39;49m[32m[39;49m[32m[+] - Passed and counts are correct on blocks that fail in setup or teardown blocks[39;49m[39;49m
[39;49m[32m[39;49m[32m[+] - Passed and counts are correct container that fails in top-level BeforeAll[39;49m[39;49m
[39;49m[32m[39;49m[32m
passed 4, [39;49m[39;49m[39;49m[31m[39;49m[31mfailed 0, [39;49m[39;49m[39;49m[37m[39;49m[37mtotal 4[39;49m[39;49m
[39;49m[36m[39;49m[36m| - tryGetProperty[39;49m[39;49m
[39;49m[32m[39;49m[32m[+] - given null it returns null[39;49m[39;49m
[39;49m[32m[39;49m[32m[+] - given an object that has the property it return the correct value[39;49m[39;49m
[39;49m[36m[39;49m[36m| - or[39;49m[39;49m
[39;49m[32m[39;49m[32m[+] - given a non-null value it returns it[39;49m[39;49m
[39;49m[32m[39;49m[32m[+] - given null it returns the default value[39;49m[39;49m
[39;49m[36m[39;49m[36m| - combineNonNull[39;49m[39;49m
[39;49m[32m[39;49m[32m[+] - combines values from multiple arrays, skipping nulls and empty arrays, but keeping nulls in the arrays[39;49m[39;49m
[39;49m[36m[39;49m[36m| - any[39;49m[39;49m
[39;49m[32m[39;49m[32m[+] - given a non-null value it returns true[39;49m[39;49m
[39;49m[32m[39;49m[32m[+] - given null it returns false[39;49m[39;49m
[39;49m[32m[39;49m[32m[+] - given empty array it returns false[39;49m[39;49m
[39;49m[32m[39;49m[32m[+] - given null in array it returns false[39;49m[39;49m
[39;49m[32m[39;49m[32m[+] - given array with value it returns true[39;49m[39;49m
[39;49m[32m[39;49m[32m[+] - given array with multiple values it returns true[39;49m[39;49m
[39;49m[36m[39;49m[36m| - Basic[39;49m[39;49m
[39;49m[32m[39;49m[32m[+] - Given a scriptblock with 1 test in it, it finds 1 test[39;49m[39;49m
[39;49m[32m[39;49m[32m[+] - Given scriptblock with 2 tests in it it finds 2 tests[39;49m[39;49m
[39;49m[36m[39;49m[36m| - block[39;49m[39;49m
[39;49m[32m[39;49m[32m[+] - Given 0 tests it returns block containing no tests[39;49m[39;49m
[39;49m[32m[39;49m[32m[+] - Given 0 tests it returns block containing 0 tests[39;49m[39;49m
[39;49m[36m[39;49m[36m| - Find common setup for each test[39;49m[39;49m
[39;49m[32m[39;49m[32m[+] - Given block that has test setup for each test it finds it[39;49m[39;49m
[39;49m[36m[39;49m[36m| - Finding setup for all tests[39;49m[39;49m
[39;49m[32m[39;49m[32m[+] - Find setup to run before all tests in the block[39;49m[39;49m
[39;49m[36m[39;49m[36m| - Finding blocks[39;49m[39;49m
[39;49m[32m[39;49m[32m[+] - Find tests in block that is explicitly specified[39;49m[39;49m
[39;49m[32m[39;49m[32m[+] - Find tests in blocks that are next to each other[39;49m[39;49m
[39;49m[32m[39;49m[32m[+] - Find tests in blocks that are inside of each other[39;49m[39;49m
[39;49m[36m[39;49m[36m| - Executing tests[39;49m[39;49m
[39;49m[32m[39;49m[32m[+] - Executes 1 test[39;49m[39;49m
[39;49m[32m[39;49m[32m[+] - Executes 2 tests next to each other[39;49m[39;49m
[39;49m[32m[39;49m[32m[+] - Executes 2 tests in blocks next to each other[39;49m[39;49m
[39;49m[32m[39;49m[32m[+] - Executes 2 tests deeper in blocks[39;49m[39;49m
[39;49m[32m[39;49m[32m[+] - Executes container only if it contains anything that should run[39;49m[39;49m
[39;49m[36m[39;49m[36m| - filtering[39;49m[39;49m
[39;49m[32m[39;49m[32m[+] - Given null filter and a tagged test it includes it[39;49m[39;49m
[39;49m[32m[39;49m[32m[+] - Given a test with tag it excludes it when it matches the exclude filter[39;49m[39;49m
[39;49m[32m[39;49m[32m[+] - Given a test without tags it includes it when it does not match exclude filter [39;49m[39;49m
[39;49m[32m[39;49m[32m[+] - Given a test with tags it includes it when it does not match exclude filter [39;49m[39;49m
[39;49m[32m[39;49m[32m[+] - Given a test with tag it includes it when it matches the tag filter[39;49m[39;49m
[39;49m[32m[39;49m[32m[+] - Given a test without tags it excludes it when it does not match any other filter[39;49m[39;49m
[39;49m[32m[39;49m[32m[+] - Given a test without tags it include it when it matches path filter[39;49m[39;49m
[39;49m[32m[39;49m[32m[+] - Given a test with path it includes it when it matches path filter [39;49m[39;49m
[39;49m[32m[39;49m[32m[+] - Given a test with path it maybes it when it does not match path filter [39;49m[39;49m
[39;49m[36m[39;49m[36m| - discover and execute tests[39;49m[39;49m
[39;49m[32m[39;49m[32m[+] - discovers and executes one test[39;49m[39;49m
[39;49m[32m[39;49m[32m[+] - discovers and executes one failing test[39;49m[39;49m
[39;49m[39;49m


[39;49m[39;49m
[39;49m[32m[39;49m[32m[+] - re-runs failing tests[39;49m[39;49m
[39;49m[36m[39;49m[36m| - executing each setup & teardown on test[39;49m[39;49m
[39;49m[39;49meach test teardown[39;49m[39;49m
[39;49m[32m[39;49m[32m[+] - given a test with setups and teardowns they run in correct scopes[39;49m[39;49m
[39;49m[32m[39;49m[32m[+] - given a test with teardown it executes the teardown right before after the test and has the variables avaliable from the test[39;49m[39;49m
[39;49m[36m[39;49m[36m| - executing all test and teardown[39;49m[39;49m
[39;49m[32m[39;49m[32m[+] - given a test with one time setup it executes the setup inside of the block and does not bleed variables to the next block[39;49m[39;49m
[39;49m[32m[39;49m[32m[+] - given a test with each time setup it executes the setup inside of the test and does not affect the whole block[39;49m[39;49m
[39;49m[32m[39;49m[32m[+] - setups and teardowns don't run if there are no tests[39;49m[39;49m
[39;49m[32m[39;49m[32m[+] - one time setups&teardowns run one time and each time setups&teardowns run for every test[39;49m[39;49m
[39;49m[32m[39;49m[32m[+] - error in one container during Run phase does not prevent the next container from running[39;49m[39;49m
[39;49m[36m[39;49m[36m| - Skipping tests[39;49m[39;49m
[39;49m[32m[39;49m[32m[+] - tests can be skipped based on tags[39;49m[39;49m
[39;49m[32m[39;49m[32m[+] - blocks can be excluded based on tags[39;49m[39;49m
[39;49m[36m[39;49m[36m| - Block teardown and setup[39;49m[39;49m
[39;49m[32m[39;49m[32m[+] - setups&teardowns run only once[39;49m[39;49m
[39;49m[32m[39;49m[32m[+] - block setups&teardowns run only when there are some tests to run in the block[39;49m[39;49m
[39;49m[36m[39;49m[36m| - plugins[39;49m[39;49m
[39;49m[32m[39;49m[32m[+] - Given a plugin it is used in the run[39;49m[39;49m
[39;49m[32m[39;49m[32m[+] - Plugin has access to test info[39;49m[39;49m
[39;49m[32m[39;49m[32m[+] - Plugin has access to block info[39;49m[39;49m
[39;49m[36m[39;49m[36m| - test data[39;49m[39;49m
[39;49m[32m[39;49m[32m[+] - test can access data provided in -Data as variables[39;49m[39;49m
[39;49m[32m[39;49m[32m[+] - test can access data provided in -Data as parameters[39;49m[39;49m
[39;49m[32m[39;49m[32m[+] - test result contains data provided in -Data[39;49m[39;49m
[39;49m[32m[39;49m[32m[+] - tests do not share data[39;49m[39;49m
[39;49m[36m[39;49m[36m| - New-ParametrizedTest[39;49m[39;49m
[39;49m[32m[39;49m[32m[+] - New-ParameterizedTest takes data and generates as many tests as there are hashtables[39;49m[39;49m
[39;49m[31m[39;49m[31m[-] - Each parametrized test has unique id and they both successfully execute and have the correct data -> Expected and actual values differ!
Expected: '0'
Actual  : '1047'
at Verify-Equal, /Users/travis/build/pester/Pester/Dependencies/Axiom/Verify-Equal.ps1:16
at <ScriptBlock>, /Users/travis/build/pester/Pester/new-runtimepoc/Pester.Runtime.ts.ps1:1054
at t, /Users/travis/build/pester/Pester/new-runtimepoc/p.psm1:103
at <ScriptBlock>, /Users/travis/build/pester/Pester/new-runtimepoc/Pester.Runtime.ts.ps1:1038
at b, /Users/travis/build/pester/Pester/new-runtimepoc/p.psm1:77
at <ScriptBlock>, /Users/travis/build/pester/Pester/new-runtimepoc/Pester.Runtime.ts.ps1:1018
at i, /Users/travis/build/pester/Pester/new-runtimepoc/p.psm1:43
at <ScriptBlock>, /Users/travis/build/pester/Pester/new-runtimepoc/Pester.Runtime.ts.ps1:55
at <ScriptBlock>, <No file>:1
at <ScriptBlock>, <No file>:1
[39;49m[39;49m
[39;49m[36m[39;49m[36m| - running from files[39;49m[39;49m
[39;49m[32m[39;49m[32m[+] - given a path to file with tests it can execute it[39;49m[39;49m
[39;49m[32m[39;49m[32m[+] - given a path to multiple files with tests it can execute it[39;49m[39;49m
[39;49m[36m[39;49m[36m| - running parent each setups and teardowns[39;49m[39;49m
[39;49m[32m[39;49m[32m[+] - adding each test setup runs it before each test in that block and in any child blocks[39;49m[39;49m
[39;49m[32m[39;49m[32m[+] - adding multiple each test setups runs them in parent first, child last order [39;49m[39;49m
[39;49m[32m[39;49m[32m[+] - adding each test teardown runs it after each test in that block and in any child blocks[39;49m[39;49m
[39;49m[32m[39;49m[32m[+] - adding multiple each test teardowns runs them in child first, parent last order [39;49m[39;49m
[39;49m[36m[39;49m[36m| - failing one time block test setups and teardowns[39;49m[39;49m
[39;49m[32m[39;49m[32m[+] - failing in onetime setup will fail the block and everything below[39;49m[39;49m
[39;49m[32m[39;49m[32m[+] - failing in onetime block teardown will fail the block[39;49m[39;49m
[39;49m[36m[39;49m[36m| - focus[39;49m[39;49m
[39;49m[32m[39;49m[32m[+] - focusing one test in group will run only it[39;49m[39;49m
[39;49m[32m[39;49m[32m[+] - focusing one block in group will run only tests in it[39;49m[39;49m
[39;49m[36m[39;49m[36m| - generating tests[39;49m[39;49m
[39;49m[31m[39;49m[31m[-] - generating tests without external id -> Expected and actual values differ!
Expected: '2'
Actual  : ''
at Verify-Equal, /Users/travis/build/pester/Pester/Dependencies/Axiom/Verify-Equal.ps1:16
at <ScriptBlock>, /Users/travis/build/pester/Pester/new-runtimepoc/Pester.Runtime.ts.ps1:1399
at t, /Users/travis/build/pester/Pester/new-runtimepoc/p.psm1:103
at <ScriptBlock>, /Users/travis/build/pester/Pester/new-runtimepoc/Pester.Runtime.ts.ps1:1385
at b, /Users/travis/build/pester/Pester/new-runtimepoc/p.psm1:77
at <ScriptBlock>, /Users/travis/build/pester/Pester/new-runtimepoc/Pester.Runtime.ts.ps1:1384
at i, /Users/travis/build/pester/Pester/new-runtimepoc/p.psm1:43
at <ScriptBlock>, /Users/travis/build/pester/Pester/new-runtimepoc/Pester.Runtime.ts.ps1:55
at <ScriptBlock>, <No file>:1
at <ScriptBlock>, <No file>:1
[39;49m[39;49m
[39;49m[31m[39;49m[31m[-] - generating paremetrized tests without external id -> Expected and actual values differ!
Expected: '2'
Actual  : '1410'
Expected length: 1
Actual length: 4
at Verify-Equal, /Users/travis/build/pester/Pester/Dependencies/Axiom/Verify-Equal.ps1:16
at <ScriptBlock>, /Users/travis/build/pester/Pester/new-runtimepoc/Pester.Runtime.ts.ps1:1417
at t, /Users/travis/build/pester/Pester/new-runtimepoc/p.psm1:103
at <ScriptBlock>, /Users/travis/build/pester/Pester/new-runtimepoc/Pester.Runtime.ts.ps1:1404
at b, /Users/travis/build/pester/Pester/new-runtimepoc/p.psm1:77
at <ScriptBlock>, /Users/travis/build/pester/Pester/new-runtimepoc/Pester.Runtime.ts.ps1:1384
at i, /Users/travis/build/pester/Pester/new-runtimepoc/p.psm1:43
at <ScriptBlock>, /Users/travis/build/pester/Pester/new-runtimepoc/Pester.Runtime.ts.ps1:55
at <ScriptBlock>, <No file>:1
at <ScriptBlock>, <No file>:1
[39;49m[39;49m
[39;49m[31m[39;49m[31m[-] - generating multiple tests from one foreach without external id -> Expected and actual values differ!
Expected: '1'
Actual  : ''
at Verify-Equal, /Users/travis/build/pester/Pester/Dependencies/Axiom/Verify-Equal.ps1:16
at <ScriptBlock>, /Users/travis/build/pester/Pester/new-runtimepoc/Pester.Runtime.ts.ps1:1438
at t, /Users/travis/build/pester/Pester/new-runtimepoc/p.psm1:103
at <ScriptBlock>, /Users/travis/build/pester/Pester/new-runtimepoc/Pester.Runtime.ts.ps1:1422
at b, /Users/travis/build/pester/Pester/new-runtimepoc/p.psm1:77
at <ScriptBlock>, /Users/travis/build/pester/Pester/new-runtimepoc/Pester.Runtime.ts.ps1:1384
at i, /Users/travis/build/pester/Pester/new-runtimepoc/p.psm1:43
at <ScriptBlock>, /Users/travis/build/pester/Pester/new-runtimepoc/Pester.Runtime.ts.ps1:55
at <ScriptBlock>, <No file>:1
at <ScriptBlock>, <No file>:1
[39;49m[39;49m
[39;49m[32m[39;49m[32m[+] - generating tests with external id[39;49m[39;49m
[39;49m[36m[39;49m[36m| - generating blocks[39;49m[39;49m
[39;49m[32m[39;49m[32m[+] - generating blocks without external id[39;49m[39;49m
[39;49m[32m[39;49m[32m[+] - generating multiple blocks from one foreach without external id[39;49m[39;49m
[39;49m[32m[39;49m[32m[+] - generating blocks with external id[39;49m[39;49m
[39;49m[36m[39;49m[36m| - expandable variables in names[39;49m[39;49m
[39;49m[32m[39;49m[32m[+] - can run tests that have expandable variable in their name[39;49m[39;49m
[39;49m[32m[39;49m[32m[+] - can run tests that have expandable variable in their name that changes values between discovery and run[39;49m[39;49m
[39;49m[32m[39;49m[32m[+] - can run blocks that have expandable variable in their name[39;49m[39;49m
[39;49m[32m[39;49m[32m[+] - can run blocks that have expandable variable in their name that changes value between discovery and run[39;49m[39;49m
[39;49m[36m[39;49m[36m| - expanding values in names of parametrized tests[39;49m[39;49m
[39;49m[32m[39;49m[32m[+] - strings expand in the name[39;49m[39;49m
[39;49m[36m[39;49m[36m| - timing[39;49m[39;49m
[39;49m[39;49mReported test duration 10.151[39;49m[39;49m
[39;49m[39;49mReported test overhead 6.668[39;49m[39;49m
[39;49m[39;49mReported test total 16.819[39;49m[39;49m
[39;49m[39;49mReported block duration 10.767[39;49m[39;49m
[39;49m[39;49mReported block overhead 13.815[39;49m[39;49m
[39;49m[39;49mReported block total 24.582[39;49m[39;49m
[39;49m[39;49mReported total duration 10.767[39;49m[39;49m
[39;49m[39;49mReported total overhead 18.608[39;49m[39;49m
[39;49m[39;49mReported total 40.525[39;49m[39;49m
[39;49m[39;49mMeasured total 45.281[39;49m[39;49m
[39;49m[39;49mTotal difference 4.756[39;49m[39;49m
[39;49m[32m[39;49m[32m[+] - total time is roughly the same as time measured externally[39;49m[39;49m
[39;49m[39;49mReported test duration 0[39;49m[39;49m
[39;49m[39;49mReported test overhead 6.983[39;49m[39;49m
[39;49m[39;49mReported test total 6.983[39;49m[39;49m
[39;49m[39;49mReported block duration 0 ms[39;49m[39;49m
[39;49m[39;49mReported block overhead 0 ms[39;49m[39;49m
[39;49m[39;49mReported block total 0 ms[39;49m[39;49m
[39;49m[39;49mReported total duration 0 ms[39;49m[39;49m
[39;49m[39;49mReported total overhead 6.728 ms[39;49m[39;49m
[39;49m[39;49mReported total 30.004 ms[39;49m[39;49m
[39;49m[39;49mMeasured total 34.024 ms[39;49m[39;49m
[39;49m[39;49mTotal difference 4.02 ms[39;49m[39;49m
[39;49m[32m[39;49m[32m[+] - total time is roughly the same as time measured externally (measured on a second test)[39;49m[39;49m
[39;49m[39;49mTest count 100[39;49m[39;49m
[39;49m[39;49mPer test 13 ms[39;49m[39;49m
[39;49m[39;49mPer test without discovery 10 ms[39;49m[39;49m
[39;49m[39;49mReported discovery duration 331.263 ms[39;49m[39;49m
[39;49m[39;49mReported total duration 123.481 ms[39;49m[39;49m
[39;49m[39;49mReported total overhead 855.698 ms[39;49m[39;49m
[39;49m[39;49mReported total 1310.442 ms[39;49m[39;49m
[39;49m[39;49mMeasured total 1324.339 ms[39;49m[39;49m
[39;49m[39;49mTotal difference 13.897 ms[39;49m[39;49m
[39;49m[32m[39;49m[32m[+] - total time is roughly the same as time measured externally (on many tests)[39;49m[39;49m
[39;49m[36m[39;49m[36m| - Setup and Teardown on root block[39;49m[39;49m
[39;49m[32m[39;49m[32m[+] - OneTimeTestSetup is invoked when placed in the script root[39;49m[39;49m
[39;49m[32m[39;49m[32m
passed 79, [39;49m[39;49m[39;49m[31m[39;49m[31mfailed 4, [39;49m[39;49m[39;49m[37m[39;49m[37mtotal 83[39;49m[39;49m
travis_time:end:01e981e4:start=1562523953812131000,finish=1562523979719963000,duration=25907832000[0K[31;1mThe command "pwsh -c 'Set-StrictMode -Version Latest; $r = Get-ChildItem *.ts.ps1 -Recurse | foreach { & $_.FullName -PassThru } ; if ([bool]($r | Where-Object { $_.Failed -gt 0 })) { exit 1 }; $global:PesterDebugPreference_ShowFullErrors = $true ;Import-Module ./Pester.psd1; Invoke-Pester -ExcludeTag VersionChecks, StyleRules, Help -ExcludePath '*/demo/*' -CI'" exited with 1.[0m



Done. Your build exited with 1.
