travis_fold:start:worker_info[0K[33;1mWorker information[0m
hostname: a9044653-4229-400e-9b57-fe0cb1f7cd06@1.worker-org-6bc68c5dcd-fkld5.macstadium-prod-2
version: v6.2.0 https://github.com/travis-ci/worker/tree/5e5476e01646095f48eec13196fdb3faf8f5cbf7
instance: d35e0df5-257f-460a-84a2-7a3238668a9b travis-ci-macos10.12-xcode9.1-1509557921 (via amqp)
startup: 1m2.310959922s
travis_fold:end:worker_info[0Ktravis_fold:start:system_info[0K[33;1mBuild system information[0m
Build language: generic
Build id: 555419018
Job id: 555419019
Runtime kernel version: 16.7.0
travis-build version: 7b7f39e22
[34m[1mBuild image provisioning date and time[0m
Mon Nov  6 16:56:31 GMT 2017
[34m[1mOperating System Details[0m
ProductName:	Mac OS X
ProductVersion:	10.12.6
BuildVersion:	16G29
[34m[1mDarwin Version[0m
16.7.0
[34m[1mGit version[0m
git version 2.15.0
[34m[1mbash version[0m
GNU bash, version 3.2.57(1)-release (x86_64-apple-darwin16)
Copyright (C) 2007 Free Software Foundation, Inc.
[34m[1mGCC version[0m
Apple LLVM version 9.0.0 (clang-900.0.38)
Target: x86_64-apple-darwin16.7.0
Thread model: posix
InstalledDir: /Applications/Xcode.app/Contents/Developer/Toolchains/XcodeDefault.xctoolchain/usr/bin
[34m[1mLLVM version[0m
Apple LLVM version 9.0.0 (clang-900.0.38)
Target: x86_64-apple-darwin16.7.0
Thread model: posix
InstalledDir: /Applications/Xcode.app/Contents/Developer/Toolchains/XcodeDefault.xctoolchain/usr/bin
[34m[1mPre-installed Ruby versions[0m
ruby-2.3.5
ruby-2.4.2
[34m[1mPre-installed Node.js versions[0m
iojs-v3.3
iojs-v3.3.1
v0.10.48
v0.12.17
v0.12.18
v0.8.28
v4.8.3
v4.8.4
v4.8.5
v5.12.0
v6.11.0
v6.11.3
v6.11.5
v6.9.1
[34m[1mmvn -version[0m
Apache Maven 3.5.2 (138edd61fd100ec658bfa2d307c43b76940a5d7d; 2017-10-18T07:58:13Z)
Maven home: /usr/local/Cellar/maven/3.5.2/libexec
Java version: 1.8.0_112, vendor: Oracle Corporation
Java home: /Library/Java/JavaVirtualMachines/jdk1.8.0_112.jdk/Contents/Home/jre
Default locale: en_US, platform encoding: UTF-8
OS name: "mac os x", version: "10.12.6", arch: "x86_64", family: "mac"
travis_fold:end:system_info[0K
Uninstalled oclint to prevent interference with other packages.
If you need oclint, you must explicitly install it.


travis_fold:start:git.checkout[0Ktravis_time:start:012f8886[0K$ git clone --depth=50 --branch=simple-interface https://github.com/pester/Pester.git pester/Pester
Cloning into 'pester/Pester'...
remote: Enumerating objects: 970, done.[K
remote: Counting objects:   0% (1/970)   [Kremote: Counting objects:   1% (10/970)   [Kremote: Counting objects:   2% (20/970)   [Kremote: Counting objects:   3% (30/970)   [Kremote: Counting objects:   4% (39/970)   [Kremote: Counting objects:   5% (49/970)   [Kremote: Counting objects:   6% (59/970)   [Kremote: Counting objects:   7% (68/970)   [Kremote: Counting objects:   8% (78/970)   [Kremote: Counting objects:   9% (88/970)   [Kremote: Counting objects:  10% (97/970)   [Kremote: Counting objects:  11% (107/970)   [Kremote: Counting objects:  12% (117/970)   [Kremote: Counting objects:  13% (127/970)   [Kremote: Counting objects:  14% (136/970)   [Kremote: Counting objects:  15% (146/970)   [Kremote: Counting objects:  16% (156/970)   [Kremote: Counting objects:  17% (165/970)   [Kremote: Counting objects:  18% (175/970)   [Kremote: Counting objects:  19% (185/970)   [Kremote: Counting objects:  20% (194/970)   [Kremote: Counting objects:  21% (204/970)   [Kremote: Counting objects:  22% (214/970)   [Kremote: Counting objects:  23% (224/970)   [Kremote: Counting objects:  24% (233/970)   [Kremote: Counting objects:  25% (243/970)   [Kremote: Counting objects:  26% (253/970)   [Kremote: Counting objects:  27% (262/970)   [Kremote: Counting objects:  28% (272/970)   [Kremote: Counting objects:  29% (282/970)   [Kremote: Counting objects:  30% (291/970)   [Kremote: Counting objects:  31% (301/970)   [Kremote: Counting objects:  32% (311/970)   [Kremote: Counting objects:  33% (321/970)   [Kremote: Counting objects:  34% (330/970)   [Kremote: Counting objects:  35% (340/970)   [Kremote: Counting objects:  36% (350/970)   [Kremote: Counting objects:  37% (359/970)   [Kremote: Counting objects:  38% (369/970)   [Kremote: Counting objects:  39% (379/970)   [Kremote: Counting objects:  40% (388/970)   [Kremote: Counting objects:  41% (398/970)   [Kremote: Counting objects:  42% (408/970)   [Kremote: Counting objects:  43% (418/970)   [Kremote: Counting objects:  44% (427/970)   [Kremote: Counting objects:  45% (437/970)   [Kremote: Counting objects:  46% (447/970)   [Kremote: Counting objects:  47% (456/970)   [Kremote: Counting objects:  48% (466/970)   [Kremote: Counting objects:  49% (476/970)   [Kremote: Counting objects:  50% (485/970)   [Kremote: Counting objects:  51% (495/970)   [Kremote: Counting objects:  52% (505/970)   [Kremote: Counting objects:  53% (515/970)   [Kremote: Counting objects:  54% (524/970)   [Kremote: Counting objects:  55% (534/970)   [Kremote: Counting objects:  56% (544/970)   [Kremote: Counting objects:  57% (553/970)   [Kremote: Counting objects:  58% (563/970)   [Kremote: Counting objects:  59% (573/970)   [Kremote: Counting objects:  60% (582/970)   [Kremote: Counting objects:  61% (592/970)   [Kremote: Counting objects:  62% (602/970)   [Kremote: Counting objects:  63% (612/970)   [Kremote: Counting objects:  64% (621/970)   [Kremote: Counting objects:  65% (631/970)   [Kremote: Counting objects:  66% (641/970)   [Kremote: Counting objects:  67% (650/970)   [Kremote: Counting objects:  68% (660/970)   [Kremote: Counting objects:  69% (670/970)   [Kremote: Counting objects:  70% (679/970)   [Kremote: Counting objects:  71% (689/970)   [Kremote: Counting objects:  72% (699/970)   [Kremote: Counting objects:  73% (709/970)   [Kremote: Counting objects:  74% (718/970)   [Kremote: Counting objects:  75% (728/970)   [Kremote: Counting objects:  76% (738/970)   [Kremote: Counting objects:  77% (747/970)   [Kremote: Counting objects:  78% (757/970)   [Kremote: Counting objects:  79% (767/970)   [Kremote: Counting objects:  80% (776/970)   [Kremote: Counting objects:  81% (786/970)   [Kremote: Counting objects:  82% (796/970)   [Kremote: Counting objects:  83% (806/970)   [Kremote: Counting objects:  84% (815/970)   [Kremote: Counting objects:  85% (825/970)   [Kremote: Counting objects:  86% (835/970)   [Kremote: Counting objects:  87% (844/970)   [Kremote: Counting objects:  88% (854/970)   [Kremote: Counting objects:  89% (864/970)   [Kremote: Counting objects:  90% (873/970)   [Kremote: Counting objects:  91% (883/970)   [Kremote: Counting objects:  92% (893/970)   [Kremote: Counting objects:  93% (903/970)   [Kremote: Counting objects:  94% (912/970)   [Kremote: Counting objects:  95% (922/970)   [Kremote: Counting objects:  96% (932/970)   [Kremote: Counting objects:  97% (941/970)   [Kremote: Counting objects:  98% (951/970)   [Kremote: Counting objects:  99% (961/970)   [Kremote: Counting objects: 100% (970/970)   [Kremote: Counting objects: 100% (970/970), done.[K
remote: Compressing objects:   0% (1/562)   [Kremote: Compressing objects:   1% (6/562)   [Kremote: Compressing objects:   2% (12/562)   [Kremote: Compressing objects:   3% (17/562)   [Kremote: Compressing objects:   4% (23/562)   [Kremote: Compressing objects:   5% (29/562)   [Kremote: Compressing objects:   6% (34/562)   [Kremote: Compressing objects:   7% (40/562)   [Kremote: Compressing objects:   8% (45/562)   [Kremote: Compressing objects:   9% (51/562)   [Kremote: Compressing objects:  10% (57/562)   [Kremote: Compressing objects:  11% (62/562)   [Kremote: Compressing objects:  12% (68/562)   [Kremote: Compressing objects:  13% (74/562)   [Kremote: Compressing objects:  14% (79/562)   [Kremote: Compressing objects:  15% (85/562)   [Kremote: Compressing objects:  16% (90/562)   [Kremote: Compressing objects:  17% (96/562)   [Kremote: Compressing objects:  18% (102/562)   [Kremote: Compressing objects:  19% (107/562)   [Kremote: Compressing objects:  20% (113/562)   [Kremote: Compressing objects:  21% (119/562)   [Kremote: Compressing objects:  22% (124/562)   [Kremote: Compressing objects:  23% (130/562)   [Kremote: Compressing objects:  24% (135/562)   [Kremote: Compressing objects:  25% (141/562)   [Kremote: Compressing objects:  26% (147/562)   [Kremote: Compressing objects:  27% (152/562)   [Kremote: Compressing objects:  28% (158/562)   [Kremote: Compressing objects:  29% (163/562)   [Kremote: Compressing objects:  30% (169/562)   [Kremote: Compressing objects:  31% (175/562)   [Kremote: Compressing objects:  32% (180/562)   [Kremote: Compressing objects:  33% (186/562)   [Kremote: Compressing objects:  34% (192/562)   [Kremote: Compressing objects:  35% (197/562)   [Kremote: Compressing objects:  36% (203/562)   [Kremote: Compressing objects:  37% (208/562)   [Kremote: Compressing objects:  38% (214/562)   [Kremote: Compressing objects:  39% (220/562)   [Kremote: Compressing objects:  40% (225/562)   [Kremote: Compressing objects:  41% (231/562)   [Kremote: Compressing objects:  42% (237/562)   [Kremote: Compressing objects:  43% (242/562)   [Kremote: Compressing objects:  44% (248/562)   [Kremote: Compressing objects:  45% (253/562)   [Kremote: Compressing objects:  46% (259/562)   [Kremote: Compressing objects:  47% (265/562)   [Kremote: Compressing objects:  48% (270/562)   [Kremote: Compressing objects:  49% (276/562)   [Kremote: Compressing objects:  50% (281/562)   [Kremote: Compressing objects:  51% (287/562)   [Kremote: Compressing objects:  52% (293/562)   [Kremote: Compressing objects:  53% (298/562)   [Kremote: Compressing objects:  54% (304/562)   [Kremote: Compressing objects:  55% (310/562)   [Kremote: Compressing objects:  56% (315/562)   [Kremote: Compressing objects:  57% (321/562)   [Kremote: Compressing objects:  58% (326/562)   [Kremote: Compressing objects:  59% (332/562)   [Kremote: Compressing objects:  60% (338/562)   [Kremote: Compressing objects:  61% (343/562)   [Kremote: Compressing objects:  62% (349/562)   [Kremote: Compressing objects:  63% (355/562)   [Kremote: Compressing objects:  64% (360/562)   [Kremote: Compressing objects:  65% (366/562)   [Kremote: Compressing objects:  66% (371/562)   [Kremote: Compressing objects:  67% (377/562)   [Kremote: Compressing objects:  68% (383/562)   [Kremote: Compressing objects:  69% (388/562)   [Kremote: Compressing objects:  70% (394/562)   [Kremote: Compressing objects:  71% (400/562)   [Kremote: Compressing objects:  72% (405/562)   [Kremote: Compressing objects:  73% (411/562)   [Kremote: Compressing objects:  74% (416/562)   [Kremote: Compressing objects:  75% (422/562)   [Kremote: Compressing objects:  76% (428/562)   [Kremote: Compressing objects:  77% (433/562)   [Kremote: Compressing objects:  78% (439/562)   [Kremote: Compressing objects:  79% (444/562)   [Kremote: Compressing objects:  80% (450/562)   [Kremote: Compressing objects:  81% (456/562)   [Kremote: Compressing objects:  82% (461/562)   [Kremote: Compressing objects:  83% (467/562)   [Kremote: Compressing objects:  84% (473/562)   [Kremote: Compressing objects:  85% (478/562)   [Kremote: Compressing objects:  86% (484/562)   [Kremote: Compressing objects:  87% (489/562)   [Kremote: Compressing objects:  88% (495/562)   [Kremote: Compressing objects:  89% (501/562)   [Kremote: Compressing objects:  90% (506/562)   [Kremote: Compressing objects:  91% (512/562)   [Kremote: Compressing objects:  92% (518/562)   [Kremote: Compressing objects:  93% (523/562)   [Kremote: Compressing objects:  94% (529/562)   [Kremote: Compressing objects:  95% (534/562)   [Kremote: Compressing objects:  96% (540/562)   [Kremote: Compressing objects:  97% (546/562)   [Kremote: Compressing objects:  98% (551/562)   [Kremote: Compressing objects:  99% (557/562)   [Kremote: Compressing objects: 100% (562/562)   [Kremote: Compressing objects: 100% (562/562), done.[K
Receiving objects:   0% (1/970)   Receiving objects:   1% (10/970)   Receiving objects:   2% (20/970)   Receiving objects:   3% (30/970)   Receiving objects:   4% (39/970)   Receiving objects:   5% (49/970)   Receiving objects:   6% (59/970)   Receiving objects:   7% (68/970)   Receiving objects:   8% (78/970)   Receiving objects:   9% (88/970)   Receiving objects:  10% (97/970)   Receiving objects:  11% (107/970)   Receiving objects:  12% (117/970)   Receiving objects:  13% (127/970)   Receiving objects:  14% (136/970)   Receiving objects:  15% (146/970)   Receiving objects:  16% (156/970)   Receiving objects:  17% (165/970)   Receiving objects:  18% (175/970)   Receiving objects:  19% (185/970)   Receiving objects:  20% (194/970)   Receiving objects:  21% (204/970)   Receiving objects:  22% (214/970)   Receiving objects:  23% (224/970)   Receiving objects:  24% (233/970)   Receiving objects:  25% (243/970)   Receiving objects:  26% (253/970)   Receiving objects:  27% (262/970)   Receiving objects:  28% (272/970)   Receiving objects:  29% (282/970)   Receiving objects:  30% (291/970)   Receiving objects:  31% (301/970)   Receiving objects:  32% (311/970)   Receiving objects:  33% (321/970)   Receiving objects:  34% (330/970)   Receiving objects:  35% (340/970)   Receiving objects:  36% (350/970)   Receiving objects:  37% (359/970)   Receiving objects:  38% (369/970)   Receiving objects:  39% (379/970)   Receiving objects:  40% (388/970)   Receiving objects:  41% (398/970)   Receiving objects:  42% (408/970)   Receiving objects:  43% (418/970)   Receiving objects:  44% (427/970)   Receiving objects:  45% (437/970)   Receiving objects:  46% (447/970)   Receiving objects:  47% (456/970)   Receiving objects:  48% (466/970)   Receiving objects:  49% (476/970)   Receiving objects:  50% (485/970)   Receiving objects:  51% (495/970)   Receiving objects:  52% (505/970)   Receiving objects:  53% (515/970)   Receiving objects:  54% (524/970)   Receiving objects:  55% (534/970)   Receiving objects:  56% (544/970)   Receiving objects:  57% (553/970)   Receiving objects:  58% (563/970)   Receiving objects:  59% (573/970)   Receiving objects:  60% (582/970)   Receiving objects:  61% (592/970)   Receiving objects:  62% (602/970)   Receiving objects:  63% (612/970)   Receiving objects:  64% (621/970)   Receiving objects:  65% (631/970)   Receiving objects:  66% (641/970)   Receiving objects:  67% (650/970)   Receiving objects:  68% (660/970)   Receiving objects:  69% (670/970)   Receiving objects:  70% (679/970)   Receiving objects:  71% (689/970)   Receiving objects:  72% (699/970)   Receiving objects:  73% (709/970)   Receiving objects:  74% (718/970)   Receiving objects:  75% (728/970)   Receiving objects:  76% (738/970)   Receiving objects:  77% (747/970)   Receiving objects:  78% (757/970)   Receiving objects:  79% (767/970)   Receiving objects:  80% (776/970)   Receiving objects:  81% (786/970)   Receiving objects:  82% (796/970)   Receiving objects:  83% (806/970)   Receiving objects:  84% (815/970)   Receiving objects:  85% (825/970)   Receiving objects:  86% (835/970)   Receiving objects:  87% (844/970)   Receiving objects:  88% (854/970)   Receiving objects:  89% (864/970)   Receiving objects:  90% (873/970)   remote: Total 970 (delta 574), reused 645 (delta 394), pack-reused 0[K
Receiving objects:  91% (883/970)   Receiving objects:  92% (893/970)   Receiving objects:  93% (903/970)   Receiving objects:  94% (912/970)   Receiving objects:  95% (922/970)   Receiving objects:  96% (932/970)   Receiving objects:  97% (941/970)   Receiving objects:  98% (951/970)   Receiving objects:  99% (961/970)   Receiving objects: 100% (970/970)   Receiving objects: 100% (970/970), 4.39 MiB | 24.84 MiB/s, done.
Resolving deltas:   0% (0/574)   Resolving deltas:  15% (88/574)   Resolving deltas:  16% (96/574)   Resolving deltas:  20% (116/574)   Resolving deltas:  24% (138/574)   Resolving deltas:  25% (145/574)   Resolving deltas:  28% (161/574)   Resolving deltas:  29% (170/574)   Resolving deltas:  31% (182/574)   Resolving deltas:  32% (184/574)   Resolving deltas:  33% (191/574)   Resolving deltas:  34% (196/574)   Resolving deltas:  35% (201/574)   Resolving deltas:  36% (209/574)   Resolving deltas:  37% (216/574)   Resolving deltas:  38% (220/574)   Resolving deltas:  39% (228/574)   Resolving deltas:  40% (230/574)   Resolving deltas:  42% (243/574)   Resolving deltas:  43% (247/574)   Resolving deltas:  44% (254/574)   Resolving deltas:  45% (260/574)   Resolving deltas:  46% (268/574)   Resolving deltas:  48% (281/574)   Resolving deltas:  49% (282/574)   Resolving deltas:  50% (288/574)   Resolving deltas:  51% (294/574)   Resolving deltas:  52% (299/574)   Resolving deltas:  53% (305/574)   Resolving deltas:  54% (310/574)   Resolving deltas:  55% (316/574)   Resolving deltas:  56% (322/574)   Resolving deltas:  62% (357/574)   Resolving deltas:  64% (369/574)   Resolving deltas:  66% (384/574)   Resolving deltas:  67% (386/574)   Resolving deltas:  68% (391/574)   Resolving deltas:  69% (401/574)   Resolving deltas:  70% (402/574)   Resolving deltas:  71% (408/574)   Resolving deltas:  72% (417/574)   Resolving deltas:  73% (420/574)   Resolving deltas:  76% (438/574)   Resolving deltas:  77% (445/574)   Resolving deltas:  78% (449/574)   Resolving deltas:  79% (455/574)   Resolving deltas:  80% (462/574)   Resolving deltas:  81% (465/574)   Resolving deltas:  83% (478/574)   Resolving deltas:  89% (512/574)   Resolving deltas:  92% (529/574)   Resolving deltas:  93% (536/574)   Resolving deltas:  94% (541/574)   Resolving deltas:  97% (558/574)   Resolving deltas:  98% (566/574)   Resolving deltas:  99% (569/574)   Resolving deltas: 100% (574/574)   Resolving deltas: 100% (574/574), done.
travis_time:end:012f8886:start=1562523939216640000,finish=1562523940170718000,duration=954078000[0K$ cd pester/Pester
$ git checkout -qf 3c2b90a44db9479ec7930ea76e0a936b971d317f
travis_fold:end:git.checkout[0K
$ bash -c 'echo $BASH_VERSION'
3.2.57(1)-release

travis_fold:start:before_install[0Ktravis_time:start:0628d34c[0K$ brew cask install powershell
[34m==>[0m [1mCaveats[0m
A OpenSSL-backed libcurl is required for custom handling of certificates.
This is rarely needed, but you can install it with
  brew install curl --with-openssl
See https://github.com/PowerShell/PowerShell/issues/2211

[34m==>[0m [1mSatisfying dependencies[0m
All Formula dependencies satisfied.
[34m==>[0m [1mDownloading https://github.com/PowerShell/PowerShell/releases/download/v6.0.0-beta.9/powershell-6.0.0-beta.9-osx.10.12-x64.pkg[0m
[34m==>[0m [1mVerifying checksum for Cask powershell[0m
[32m==>[0m [1mInstalling Cask powershell[0m
[34m==>[0m [1mRunning installer for powershell; your password may be necessary.[0m
[34m==>[0m [1mPackage installers may write to any location; options such as --appdir are ignored.[0m
[34m==>[0m [1minstaller: Package name is powershell-6.0.0-beta.9-osx.10.12-x64[0m
[34m==>[0m [1minstaller: Installing at base path /[0m
[34m==>[0m [1minstaller: The install was successful.[0m
üç∫  powershell was successfully installed!
travis_time:end:0628d34c:start=1562523940385378000,finish=1562523950275201000,duration=9889823000[0Ktravis_fold:end:before_install[0Ktravis_time:start:0213d034[0K$ pwsh -c 'Set-StrictMode -Version Latest; $r = Get-ChildItem *.ts.ps1 -Recurse | foreach { & $_.FullName -PassThru } ; if ([bool]($r | Where-Object { $_.Failed -gt 0 })) { exit 1 }; $global:PesterDebugPreference_ShowFullErrors = $true ;Import-Module ./Pester.psd1; Invoke-Pester -ExcludeTag VersionChecks, StyleRules, Help -ExcludePath '*/demo/*' -CI'
[?1h=[39;49m[36m[39;49m[36m| - basic mocking in RSpec Pester[39;49m[39;49m
[39;49m[35m[39;49m[35mStarting test discovery in 1 files.[39;49m[39;49m
[39;49m[35m[39;49m[35mDiscovering tests in 
                BeforeAll { function f { "real" } }
                Describe 'd1' {
                    It 'i1' {
                        Mock f { "mock" }
                        f
                    }
                }
            .[39;49m[39;49m
[39;49m[35m[39;49m[35mFound 1 tests. 201ms[39;49m[39;49m
[39;49m[35m[39;49m[35mTest discovery finished. 349ms[39;49m[39;49m

[39;49m[32m[39;49m[32mDescribing d1[39;49m[39;49m
[39;49m[32m[39;49m[32m    [+] i1[39;49m[39;49m[39;49m[30m[39;49m[30m 572ms (526ms|45ms)[39;49m[39;49m
[39;49m[37m[39;49m[37mTests completed in 0ms[39;49m[39;49m
[39;49m[32m[39;49m[32mTests Passed: 1, [39;49m[39;49m[39;49m[30m[39;49m[30mFailed: 0, [39;49m[39;49m[39;49m[30m[39;49m[30mSkipped: 0, [39;49m[39;49m[39;49m[30m[39;49m[30mPending: 0, [39;49m[39;49m[39;49m[30m[39;49m[30mInconclusive: 0 [39;49m[39;49m
[39;49m[32m[39;49m[32m[+] - running a single mock in one It[39;49m[39;49m
[39;49m[35m[39;49m[35mStarting test discovery in 1 files.[39;49m[39;49m
[39;49m[35m[39;49m[35mDiscovering tests in 
                BeforeAll { function f { "real" } }
                Describe 'd1' {
                    It 'i1' {
                        Mock f { "mock" }
                        f
                    }

                    It 'i2' {
                        f
                    }
                }
            .[39;49m[39;49m
[39;49m[35m[39;49m[35mFound 2 tests. 59ms[39;49m[39;49m
[39;49m[35m[39;49m[35mTest discovery finished. 94ms[39;49m[39;49m

[39;49m[32m[39;49m[32mDescribing d1[39;49m[39;49m
[39;49m[32m[39;49m[32m    [+] i1[39;49m[39;49m[39;49m[30m[39;49m[30m 116ms (95ms|22ms)[39;49m[39;49m
[39;49m[32m[39;49m[32m    [+] i2[39;49m[39;49m[39;49m[30m[39;49m[30m 26ms (10ms|16ms)[39;49m[39;49m
[39;49m[37m[39;49m[37mTests completed in 0ms[39;49m[39;49m
[39;49m[32m[39;49m[32mTests Passed: 2, [39;49m[39;49m[39;49m[30m[39;49m[30mFailed: 0, [39;49m[39;49m[39;49m[30m[39;49m[30mSkipped: 0, [39;49m[39;49m[39;49m[30m[39;49m[30mPending: 0, [39;49m[39;49m[39;49m[30m[39;49m[30mInconclusive: 0 [39;49m[39;49m
[39;49m[32m[39;49m[32m[+] - mock does not leak into the subsequent It[39;49m[39;49m
[39;49m[35m[39;49m[35mStarting test discovery in 1 files.[39;49m[39;49m
[39;49m[35m[39;49m[35mDiscovering tests in 
                BeforeAll { function f { "real" } }
                Describe 'd1' {
                    BeforeAll {
                        Mock f { "mock" }
                    }

                    It 'i1' {
                        f
                    }

                    It 'i2' {
                        f
                    }
                }
            .[39;49m[39;49m
[39;49m[35m[39;49m[35mFound 2 tests. 51ms[39;49m[39;49m
[39;49m[35m[39;49m[35mTest discovery finished. 74ms[39;49m[39;49m

[39;49m[32m[39;49m[32mDescribing d1[39;49m[39;49m
[39;49m[32m[39;49m[32m    [+] i1[39;49m[39;49m[39;49m[30m[39;49m[30m 51ms (43ms|9ms)[39;49m[39;49m
[39;49m[32m[39;49m[32m    [+] i2[39;49m[39;49m[39;49m[30m[39;49m[30m 43ms (34ms|9ms)[39;49m[39;49m
[39;49m[37m[39;49m[37mTests completed in 0ms[39;49m[39;49m
[39;49m[32m[39;49m[32mTests Passed: 2, [39;49m[39;49m[39;49m[30m[39;49m[30mFailed: 0, [39;49m[39;49m[39;49m[30m[39;49m[30mSkipped: 0, [39;49m[39;49m[39;49m[30m[39;49m[30mPending: 0, [39;49m[39;49m[39;49m[30m[39;49m[30mInconclusive: 0 [39;49m[39;49m
[39;49m[32m[39;49m[32m[+] - mock defined in beforeall is used in every it[39;49m[39;49m
[39;49m[35m[39;49m[35mStarting test discovery in 1 files.[39;49m[39;49m
[39;49m[35m[39;49m[35mDiscovering tests in 
                BeforeAll { function f { "real" } }
                Describe 'd1' {
                    BeforeAll {
                        Mock f { "mock" }
                    }

                    It 'i1' {
                        f
                        Should -Invoke f -Times 1 -Exactly
                    }

                    It 'i2' {
                        f
                        Should -Invoke f -Times 1 -Exactly
                    }
                }
            .[39;49m[39;49m
[39;49m[35m[39;49m[35mFound 2 tests. 31ms[39;49m[39;49m
[39;49m[35m[39;49m[35mTest discovery finished. 48ms[39;49m[39;49m

[39;49m[32m[39;49m[32mDescribing d1[39;49m[39;49m
[39;49m[32m[39;49m[32m    [+] i1[39;49m[39;49m[39;49m[30m[39;49m[30m 314ms (306ms|8ms)[39;49m[39;49m
[39;49m[32m[39;49m[32m    [+] i2[39;49m[39;49m[39;49m[30m[39;49m[30m 136ms (123ms|13ms)[39;49m[39;49m
[39;49m[37m[39;49m[37mTests completed in 0ms[39;49m[39;49m
[39;49m[32m[39;49m[32mTests Passed: 2, [39;49m[39;49m[39;49m[30m[39;49m[30mFailed: 0, [39;49m[39;49m[39;49m[30m[39;49m[30mSkipped: 0, [39;49m[39;49m[39;49m[30m[39;49m[30mPending: 0, [39;49m[39;49m[39;49m[30m[39;49m[30mInconclusive: 0 [39;49m[39;49m
[39;49m[32m[39;49m[32m[+] - mock defined in beforeall is counted independently[39;49m[39;49m
[39;49m[35m[39;49m[35mStarting test discovery in 1 files.[39;49m[39;49m
[39;49m[35m[39;49m[35mDiscovering tests in 
                BeforeAll { function f { "real" } }
                Describe 'd1' {
                    BeforeAll {
                        Mock f { "mock" }
                    }

                    It 'i1' {
                        f
                        Should -Invoke f -Times 1 -Exactly
                    }

                    It 'i2' {
                        f
                        Should -Invoke f -Times 2 -Exactly -Scope Describe
                    }
                }
            .[39;49m[39;49m
[39;49m[35m[39;49m[35mFound 2 tests. 30ms[39;49m[39;49m
[39;49m[35m[39;49m[35mTest discovery finished. 83ms[39;49m[39;49m

[39;49m[32m[39;49m[32mDescribing d1[39;49m[39;49m
[39;49m[32m[39;49m[32m    [+] i1[39;49m[39;49m[39;49m[30m[39;49m[30m 144ms (99ms|45ms)[39;49m[39;49m
[39;49m[32m[39;49m[32m    [+] i2[39;49m[39;49m[39;49m[30m[39;49m[30m 81ms (73ms|9ms)[39;49m[39;49m
[39;49m[37m[39;49m[37mTests completed in 0ms[39;49m[39;49m
[39;49m[32m[39;49m[32mTests Passed: 2, [39;49m[39;49m[39;49m[30m[39;49m[30mFailed: 0, [39;49m[39;49m[39;49m[30m[39;49m[30mSkipped: 0, [39;49m[39;49m[39;49m[30m[39;49m[30mPending: 0, [39;49m[39;49m[39;49m[30m[39;49m[30mInconclusive: 0 [39;49m[39;49m
[39;49m[32m[39;49m[32m[+] - mock defined in before all can be counted from all tests with -Describe[39;49m[39;49m
[39;49m[35m[39;49m[35mStarting test discovery in 1 files.[39;49m[39;49m
[39;49m[35m[39;49m[35mDiscovering tests in 
                BeforeAll { function f { "real" } }
                Describe 'd1' {
                    BeforeAll {
                        Mock f { "mock" }
                    }

                    It 'i1' {
                        f
                    }

                    It 'i2' {
                        f
                    }

                    AfterAll {
                        Should -Invoke f -Times 2 -Exactly
                    }
                }
            .[39;49m[39;49m
[39;49m[35m[39;49m[35mFound 2 tests. 41ms[39;49m[39;49m
[39;49m[35m[39;49m[35mTest discovery finished. 64ms[39;49m[39;49m

[39;49m[32m[39;49m[32mDescribing d1[39;49m[39;49m
[39;49m[32m[39;49m[32m    [+] i1[39;49m[39;49m[39;49m[30m[39;49m[30m 42ms (35ms|8ms)[39;49m[39;49m
[39;49m[32m[39;49m[32m    [+] i2[39;49m[39;49m[39;49m[30m[39;49m[30m 38ms (31ms|7ms)[39;49m[39;49m
[39;49m[37m[39;49m[37mTests completed in 0ms[39;49m[39;49m
[39;49m[32m[39;49m[32mTests Passed: 2, [39;49m[39;49m[39;49m[30m[39;49m[30mFailed: 0, [39;49m[39;49m[39;49m[30m[39;49m[30mSkipped: 0, [39;49m[39;49m[39;49m[30m[39;49m[30mPending: 0, [39;49m[39;49m[39;49m[30m[39;49m[30mInconclusive: 0 [39;49m[39;49m
[39;49m[32m[39;49m[32m[+] - mock defined in before all can and counted from after all automatically counts all calls in the current block[39;49m[39;49m
[39;49m[36m[39;49m[36m| - taking mocks from all scopes[39;49m[39;49m
[39;49m[35m[39;49m[35mStarting test discovery in 1 files.[39;49m[39;49m
[39;49m[35m[39;49m[35mDiscovering tests in 
                BeforeAll { function f { "real" } }
                Describe 'd1' {
                    BeforeAll {
                        Mock f { "mock" }
                    }

                    Describe 'd2' {
                        Describe 'd3' {
                            It 'i1' {
                                f
                            }
                        }
                    }

                    AfterAll {
                        Should -Invoke f -Times 1 -Exactly
                    }
                }
            .[39;49m[39;49m
[39;49m[35m[39;49m[35mFound 1 tests. 39ms[39;49m[39;49m
[39;49m[35m[39;49m[35mTest discovery finished. 64ms[39;49m[39;49m

[39;49m[32m[39;49m[32mDescribing d1[39;49m[39;49m

[39;49m[32m[39;49m[32m  Describing d2[39;49m[39;49m

[39;49m[32m[39;49m[32m    Describing d3[39;49m[39;49m
[39;49m[32m[39;49m[32m        [+] i1[39;49m[39;49m[39;49m[30m[39;49m[30m 57ms (49ms|8ms)[39;49m[39;49m
[39;49m[37m[39;49m[37mTests completed in 0ms[39;49m[39;49m
[39;49m[32m[39;49m[32mTests Passed: 1, [39;49m[39;49m[39;49m[30m[39;49m[30mFailed: 0, [39;49m[39;49m[39;49m[30m[39;49m[30mSkipped: 0, [39;49m[39;49m[39;49m[30m[39;49m[30mPending: 0, [39;49m[39;49m[39;49m[30m[39;49m[30mInconclusive: 0 [39;49m[39;49m
[39;49m[32m[39;49m[32m[+] - mocks defined in the parent scope can still be used[39;49m[39;49m
[39;49m[36m[39;49m[36m| - mock filters[39;49m[39;49m
[39;49m[35m[39;49m[35mStarting test discovery in 1 files.[39;49m[39;49m
[39;49m[35m[39;49m[35mDiscovering tests in 
                BeforeAll { function f { "real" } }
                Describe 'd1' {
                    BeforeAll {
                        Mock Get-Variable { "filtered" } -ParameterFilter {
                            $Name -eq 'PSVersionTable' -and $ValueOnly
                        }

                        Mock Get-Variable { "default" }
                    }

                    It 'makes a call to the filtered mock' {
                        Get-Variable -Name PSVersionTable -ValueOnly | Should -Be "filtered"
                    }

                    It 'makes a call to the default mock' {
                        Get-Variable -Name PSVersionTable | Should -Be "default"
                    }
                }
            .[39;49m[39;49m
[39;49m[35m[39;49m[35mFound 2 tests. 47ms[39;49m[39;49m
[39;49m[35m[39;49m[35mTest discovery finished. 64ms[39;49m[39;49m

[39;49m[32m[39;49m[32mDescribing d1[39;49m[39;49m
[39;49m[32m[39;49m[32m    [+] makes a call to the filtered mock[39;49m[39;49m[39;49m[30m[39;49m[30m 174ms (166ms|8ms)[39;49m[39;49m
[39;49m[32m[39;49m[32m    [+] makes a call to the default mock[39;49m[39;49m[39;49m[30m[39;49m[30m 44ms (37ms|7ms)[39;49m[39;49m
[39;49m[37m[39;49m[37mTests completed in 0ms[39;49m[39;49m
[39;49m[32m[39;49m[32mTests Passed: 2, [39;49m[39;49m[39;49m[30m[39;49m[30mFailed: 0, [39;49m[39;49m[39;49m[30m[39;49m[30mSkipped: 0, [39;49m[39;49m[39;49m[30m[39;49m[30mPending: 0, [39;49m[39;49m[39;49m[30m[39;49m[30mInconclusive: 0 [39;49m[39;49m
[39;49m[32m[39;49m[32m[+] - calling filtered and default mock chooses the correct mock to call[39;49m[39;49m
[39;49m[36m[39;49m[36m| - named mock scopes[39;49m[39;49m
[39;49m[35m[39;49m[35mStarting test discovery in 1 files.[39;49m[39;49m
[39;49m[35m[39;49m[35mDiscovering tests in 
                BeforeAll { function a { } }
                Describe 'd-2' {
                    # scope 4
                    Describe "d-1" {
                        # scope 3
                        Describe 'd1' {
                            # scope 2
                            BeforeAll {
                                Mock a {}
                            }

                            It 'i1' {
                                a # call 1
                            }

                            Context "c1" {
                                # scope 1
                                It 'i2' {
                                    a # call 2
                                }

                                It 'i1' {
                                    # scope 0
                                    Should -Invoke a -Exactly 0 -Scope 0
                                    Should -Invoke a -Exactly 0 -Scope It
                                    Should -Invoke a -Exactly 1 -Scope 1
                                    Should -Invoke a -Exactly 1 -Scope Context
                                    Should -Invoke a -Exactly 2 -Scope 2
                                    Should -Invoke a -Exactly 2 -Scope Describe
                                    Should -Invoke a -Exactly 2 -Scope 3
                                    Should -Invoke a -Exactly 2 -Scope 4
                                }
                            }
                        }
                    }
                }
            .[39;49m[39;49m
[39;49m[35m[39;49m[35mFound 3 tests. 64ms[39;49m[39;49m
[39;49m[35m[39;49m[35mTest discovery finished. 109ms[39;49m[39;49m

[39;49m[32m[39;49m[32mDescribing d-2[39;49m[39;49m

[39;49m[32m[39;49m[32m  Describing d-1[39;49m[39;49m

[39;49m[32m[39;49m[32m    Describing d1[39;49m[39;49m
[39;49m[32m[39;49m[32m        [+] i1[39;49m[39;49m[39;49m[30m[39;49m[30m 52ms (43ms|9ms)[39;49m[39;49m

[39;49m[36m[39;49m[36m      Context c1[39;49m[39;49m
[39;49m[32m[39;49m[32m          [+] i2[39;49m[39;49m[39;49m[30m[39;49m[30m 34ms (26ms|8ms)[39;49m[39;49m
[39;49m[32m[39;49m[32m          [+] i1[39;49m[39;49m[39;49m[30m[39;49m[30m 177ms (163ms|14ms)[39;49m[39;49m
[39;49m[37m[39;49m[37mTests completed in 0ms[39;49m[39;49m
[39;49m[32m[39;49m[32mTests Passed: 3, [39;49m[39;49m[39;49m[30m[39;49m[30mFailed: 0, [39;49m[39;49m[39;49m[30m[39;49m[30mSkipped: 0, [39;49m[39;49m[39;49m[30m[39;49m[30mPending: 0, [39;49m[39;49m[39;49m[30m[39;49m[30mInconclusive: 0 [39;49m[39;49m
[39;49m[32m[39;49m[32m[+] - asserting in scope describe finds all mocks in the nearest describe[39;49m[39;49m
[39;49m[32m[39;49m[32m
passed 9, [39;49m[39;49m[39;49m[31m[39;49m[31mfailed 0, [39;49m[39;49m[39;49m[37m[39;49m[37mtotal 9[39;49m[39;49m
[?1h=[?1h=[?1h=[?1h=[39;49m[36m[39;49m[36m| - Write nunit test results[39;49m[39;49m
[?1h=[?1h=[?1h=[?1h=[39;49m[32m[39;49m[32m[+] - should write a successful test result[39;49m[39;49m
[?1h=[?1h=[?1h=[?1h=[39;49m[32m[39;49m[32m[+] - should write a failed test result[39;49m[39;49m
[?1h=[?1h=[?1h=[?1h=[39;49m[32m[39;49m[32m[+] - should write the test summary[39;49m[39;49m
[?1h=[?1h=[?1h=[?1h=[39;49m[32m[39;49m[32m[+] - should write the test-suite information[39;49m[39;49m
[?1h=[?1h=[?1h=[?1h=[39;49m[32m[39;49m[32m[+] - should write two test-suite elements for two describes[39;49m[39;49m
[?1h=[?1h=[?1h=[?1h=[?1h=[39;49m[32m[39;49m[32m[+] - should write the environment information[39;49m[39;49m
[?1h=[?1h=[?1h=[?1h=[39;49m[32m[39;49m[32m[+] - Should validate test results against the nunit 2.5 schema[39;49m[39;49m
[?1h=[?1h=[?1h=[?1h=[39;49m[32m[39;49m[32m[+] - handles special characters in block descriptions well -!@#$%^&*()_+1234567890[];'',./"- [39;49m[39;49m
[39;49m[36m[39;49m[36m| - Exporting Parameterized Tests (Newer format)[39;49m[39;49m
[?1h=[?1h=[?1h=[?1h=[39;49m[32m[39;49m[32m[+] - should write parameterized test results correctly[39;49m[39;49m
[39;49m[32m[39;49m[32m[+] - Should validate test results against the nunit 2.5 schema[39;49m[39;49m
[39;49m[36m[39;49m[36m| - Get-TestTime[39;49m[39;49m
[39;49m[32m[39;49m[32m[+] - output is culture agnostic[39;49m[39;49m
[39;49m[32m[39;49m[32m[+] - Time is measured in seconds with 0,1 millisecond as lowest value[39;49m[39;49m
[39;49m[32m[39;49m[32m
passed 12, [39;49m[39;49m[39;49m[31m[39;49m[31mfailed 0, [39;49m[39;49m[39;49m[37m[39;49m[37mtotal 12[39;49m[39;49m
[39;49m[36m[39;49m[36m| - Running generated tests[39;49m[39;49m
[39;49m[35m[39;49m[35mStarting test discovery in 1 files.[39;49m[39;49m
[39;49m[35m[39;49m[35mDiscovering tests in 
                Describe "d1" {
                    foreach ($id in 1..10) {
                        It "it${id}" { $true } -AutomationId $id
                    }
                }
            .[39;49m[39;49m
[39;49m[31m[39;49m[31mParameterBindingException: A parameter cannot be found that matches parameter name 'AutomationId'.[39;49m[39;49m
[39;49m[31m[39;49m[31mat <ScriptBlock>, /Users/travis/build/pester/Pester/new-runtimepoc/Pester.RSpec.ts.ps1:22[39;49m[39;49m
[39;49m[31m[39;49m[31mat New-Block, /Users/travis/build/pester/Pester/new-runtimepoc/Pester.Runtime.psm1:243[39;49m[39;49m
[39;49m[31m[39;49m[31mERROR: - generating simple tests from foreach with external Id -> The property 'Blocks' cannot be found on this object. Verify that the property 
exists.
At /Users/travis/build/pester/Pester/new-runtimepoc/Pester.RSpec.ts.ps1:27 
char:13
+             $result.Blocks[0].ErrorRecord | Verify-Null
+             ~~~~~~~~~~~~~~~~~~~~~~~~~~~~~~~~~~~~~~~~~~~
    + CategoryInfo          : NotSpecified: (:) [], PropertyNotFoundException
    + FullyQualifiedErrorId : PropertyNotFoundStrict
 

at <ScriptBlock>, /Users/travis/build/pester/Pester/new-runtimepoc/Pester.RSpec.ts.ps1:27
at t, /Users/travis/build/pester/Pester/new-runtimepoc/p.psm1:103
at <ScriptBlock>, /Users/travis/build/pester/Pester/new-runtimepoc/Pester.RSpec.ts.ps1:18
at b, /Users/travis/build/pester/Pester/new-runtimepoc/p.psm1:77
at <ScriptBlock>, /Users/travis/build/pester/Pester/new-runtimepoc/Pester.RSpec.ts.ps1:17
at i, /Users/travis/build/pester/Pester/new-runtimepoc/p.psm1:43
at <ScriptBlock>, /Users/travis/build/pester/Pester/new-runtimepoc/Pester.RSpec.ts.ps1:16
at <ScriptBlock>, <No file>:1
at <ScriptBlock>, <No file>:1
[39;49m[39;49m
[39;49m[35m[39;49m[35mStarting test discovery in 1 files.[39;49m[39;49m
[39;49m[35m[39;49m[35mDiscovering tests in 
                Describe "d1" {
                    foreach ($id in 1..10) {
                        It "it$id-<value>" -TestCases @(
                            @{ Value = 1}
                            @{ Value = 2}
                            @{ Value = 3}
                        ) {
                            $true
                        } -AutomationId $id
                    }
                }
            .[39;49m[39;49m
[39;49m[31m[39;49m[31mParameterBindingException: A parameter cannot be found that matches parameter name 'AutomationId'.[39;49m[39;49m
[39;49m[31m[39;49m[31mat <ScriptBlock>, /Users/travis/build/pester/Pester/new-runtimepoc/Pester.RSpec.ts.ps1:39[39;49m[39;49m
[39;49m[31m[39;49m[31mat New-Block, /Users/travis/build/pester/Pester/new-runtimepoc/Pester.Runtime.psm1:243[39;49m[39;49m
[39;49m[31m[39;49m[31mERROR: - generating parametrized tests from foreach with external id -> The property 'Blocks' cannot be found on this object. Verify that the property 
exists.
At /Users/travis/build/pester/Pester/new-runtimepoc/Pester.RSpec.ts.ps1:47 
char:13
+             $result.Blocks[0].ErrorRecord | Verify-Null
+             ~~~~~~~~~~~~~~~~~~~~~~~~~~~~~~~~~~~~~~~~~~~
    + CategoryInfo          : NotSpecified: (:) [], PropertyNotFoundException
    + FullyQualifiedErrorId : PropertyNotFoundStrict
 

at <ScriptBlock>, /Users/travis/build/pester/Pester/new-runtimepoc/Pester.RSpec.ts.ps1:47
at t, /Users/travis/build/pester/Pester/new-runtimepoc/p.psm1:103
at <ScriptBlock>, /Users/travis/build/pester/Pester/new-runtimepoc/Pester.RSpec.ts.ps1:32
at b, /Users/travis/build/pester/Pester/new-runtimepoc/p.psm1:77
at <ScriptBlock>, /Users/travis/build/pester/Pester/new-runtimepoc/Pester.RSpec.ts.ps1:17
at i, /Users/travis/build/pester/Pester/new-runtimepoc/p.psm1:43
at <ScriptBlock>, /Users/travis/build/pester/Pester/new-runtimepoc/Pester.RSpec.ts.ps1:16
at <ScriptBlock>, <No file>:1
at <ScriptBlock>, <No file>:1
[39;49m[39;49m
[39;49m[35m[39;49m[35mStarting test discovery in 1 files.[39;49m[39;49m
[39;49m[35m[39;49m[35mDiscovering tests in 
                Describe "d1" {
                    foreach ($id in 1..10) {
                        It "it$id" { $true }
                    }
                }
            .[39;49m[39;49m
[39;49m[35m[39;49m[35mFound 10 tests. 45ms[39;49m[39;49m
[39;49m[35m[39;49m[35mTest discovery finished. 72ms[39;49m[39;49m

[39;49m[32m[39;49m[32mDescribing d1[39;49m[39;49m
[39;49m[32m[39;49m[32m    [+] it1[39;49m[39;49m[39;49m[30m[39;49m[30m 11ms (2ms|9ms)[39;49m[39;49m
[39;49m[32m[39;49m[32m    [+] it2[39;49m[39;49m[39;49m[30m[39;49m[30m 6ms (1ms|5ms)[39;49m[39;49m
[39;49m[32m[39;49m[32m    [+] it3[39;49m[39;49m[39;49m[30m[39;49m[30m 6ms (1ms|5ms)[39;49m[39;49m
[39;49m[32m[39;49m[32m    [+] it4[39;49m[39;49m[39;49m[30m[39;49m[30m 6ms (1ms|5ms)[39;49m[39;49m
[39;49m[32m[39;49m[32m    [+] it5[39;49m[39;49m[39;49m[30m[39;49m[30m 6ms (1ms|5ms)[39;49m[39;49m
[39;49m[32m[39;49m[32m    [+] it6[39;49m[39;49m[39;49m[30m[39;49m[30m 6ms (1ms|5ms)[39;49m[39;49m
[39;49m[32m[39;49m[32m    [+] it7[39;49m[39;49m[39;49m[30m[39;49m[30m 8ms (1ms|7ms)[39;49m[39;49m
[39;49m[32m[39;49m[32m    [+] it8[39;49m[39;49m[39;49m[30m[39;49m[30m 6ms (1ms|5ms)[39;49m[39;49m
[39;49m[32m[39;49m[32m    [+] it9[39;49m[39;49m[39;49m[30m[39;49m[30m 6ms (1ms|5ms)[39;49m[39;49m
[39;49m[32m[39;49m[32m    [+] it10[39;49m[39;49m[39;49m[30m[39;49m[30m 6ms (1ms|5ms)[39;49m[39;49m
[39;49m[37m[39;49m[37mTests completed in 0ms[39;49m[39;49m
[39;49m[32m[39;49m[32mTests Passed: 10, [39;49m[39;49m[39;49m[30m[39;49m[30mFailed: 0, [39;49m[39;49m[39;49m[30m[39;49m[30mSkipped: 0, [39;49m[39;49m[39;49m[30m[39;49m[30mPending: 0, [39;49m[39;49m[39;49m[30m[39;49m[30mInconclusive: 0 [39;49m[39;49m
[39;49m[32m[39;49m[32m[+] - generating simple tests from foreach without external Id[39;49m[39;49m
[39;49m[35m[39;49m[35mStarting test discovery in 1 files.[39;49m[39;49m
[39;49m[35m[39;49m[35mDiscovering tests in 
                Describe "d1" {
                    foreach ($id in 1..10) {
                        It "it-$id-<value>" -TestCases @(
                            @{ Value = 1}
                            @{ Value = 2}
                            @{ Value = 3}
                        ) {
                            $true
                        }
                    }
                }
            .[39;49m[39;49m
[39;49m[35m[39;49m[35mFound 30 tests. 98ms[39;49m[39;49m
[39;49m[35m[39;49m[35mTest discovery finished. 150ms[39;49m[39;49m

[39;49m[32m[39;49m[32mDescribing d1[39;49m[39;49m
[39;49m[32m[39;49m[32m    [+] it-1-1[39;49m[39;49m[39;49m[30m[39;49m[30m 11ms (3ms|7ms)[39;49m[39;49m
[39;49m[32m[39;49m[32m    [+] it-1-2[39;49m[39;49m[39;49m[30m[39;49m[30m 7ms (1ms|6ms)[39;49m[39;49m
[39;49m[32m[39;49m[32m    [+] it-1-3[39;49m[39;49m[39;49m[30m[39;49m[30m 7ms (1ms|6ms)[39;49m[39;49m
[39;49m[32m[39;49m[32m    [+] it-2-1[39;49m[39;49m[39;49m[30m[39;49m[30m 6ms (1ms|5ms)[39;49m[39;49m
[39;49m[32m[39;49m[32m    [+] it-2-2[39;49m[39;49m[39;49m[30m[39;49m[30m 6ms (1ms|5ms)[39;49m[39;49m
[39;49m[32m[39;49m[32m    [+] it-2-3[39;49m[39;49m[39;49m[30m[39;49m[30m 6ms (1ms|5ms)[39;49m[39;49m
[39;49m[32m[39;49m[32m    [+] it-3-1[39;49m[39;49m[39;49m[30m[39;49m[30m 6ms (1ms|5ms)[39;49m[39;49m
[39;49m[32m[39;49m[32m    [+] it-3-2[39;49m[39;49m[39;49m[30m[39;49m[30m 6ms (1ms|5ms)[39;49m[39;49m
[39;49m[32m[39;49m[32m    [+] it-3-3[39;49m[39;49m[39;49m[30m[39;49m[30m 6ms (1ms|5ms)[39;49m[39;49m
[39;49m[32m[39;49m[32m    [+] it-4-1[39;49m[39;49m[39;49m[30m[39;49m[30m 6ms (1ms|5ms)[39;49m[39;49m
[39;49m[32m[39;49m[32m    [+] it-4-2[39;49m[39;49m[39;49m[30m[39;49m[30m 10ms (1ms|9ms)[39;49m[39;49m
[39;49m[32m[39;49m[32m    [+] it-4-3[39;49m[39;49m[39;49m[30m[39;49m[30m 7ms (1ms|5ms)[39;49m[39;49m
[39;49m[32m[39;49m[32m    [+] it-5-1[39;49m[39;49m[39;49m[30m[39;49m[30m 6ms (1ms|5ms)[39;49m[39;49m
[39;49m[32m[39;49m[32m    [+] it-5-2[39;49m[39;49m[39;49m[30m[39;49m[30m 6ms (1ms|5ms)[39;49m[39;49m
[39;49m[32m[39;49m[32m    [+] it-5-3[39;49m[39;49m[39;49m[30m[39;49m[30m 6ms (1ms|5ms)[39;49m[39;49m
[39;49m[32m[39;49m[32m    [+] it-6-1[39;49m[39;49m[39;49m[30m[39;49m[30m 6ms (1ms|5ms)[39;49m[39;49m
[39;49m[32m[39;49m[32m    [+] it-6-2[39;49m[39;49m[39;49m[30m[39;49m[30m 12ms (2ms|9ms)[39;49m[39;49m
[39;49m[32m[39;49m[32m    [+] it-6-3[39;49m[39;49m[39;49m[30m[39;49m[30m 6ms (1ms|5ms)[39;49m[39;49m
[39;49m[32m[39;49m[32m    [+] it-7-1[39;49m[39;49m[39;49m[30m[39;49m[30m 10ms (1ms|9ms)[39;49m[39;49m
[39;49m[32m[39;49m[32m    [+] it-7-2[39;49m[39;49m[39;49m[30m[39;49m[30m 7ms (1ms|6ms)[39;49m[39;49m
[39;49m[32m[39;49m[32m    [+] it-7-3[39;49m[39;49m[39;49m[30m[39;49m[30m 6ms (1ms|5ms)[39;49m[39;49m
[39;49m[32m[39;49m[32m    [+] it-8-1[39;49m[39;49m[39;49m[30m[39;49m[30m 6ms (1ms|5ms)[39;49m[39;49m
[39;49m[32m[39;49m[32m    [+] it-8-2[39;49m[39;49m[39;49m[30m[39;49m[30m 6ms (1ms|5ms)[39;49m[39;49m
[39;49m[32m[39;49m[32m    [+] it-8-3[39;49m[39;49m[39;49m[30m[39;49m[30m 6ms (1ms|5ms)[39;49m[39;49m
[39;49m[32m[39;49m[32m    [+] it-9-1[39;49m[39;49m[39;49m[30m[39;49m[30m 6ms (1ms|5ms)[39;49m[39;49m
[39;49m[32m[39;49m[32m    [+] it-9-2[39;49m[39;49m[39;49m[30m[39;49m[30m 6ms (1ms|5ms)[39;49m[39;49m
[39;49m[32m[39;49m[32m    [+] it-9-3[39;49m[39;49m[39;49m[30m[39;49m[30m 7ms (1ms|6ms)[39;49m[39;49m
[39;49m[32m[39;49m[32m    [+] it-10-1[39;49m[39;49m[39;49m[30m[39;49m[30m 9ms (1ms|8ms)[39;49m[39;49m
[39;49m[32m[39;49m[32m    [+] it-10-2[39;49m[39;49m[39;49m[30m[39;49m[30m 6ms (1ms|5ms)[39;49m[39;49m
[39;49m[32m[39;49m[32m    [+] it-10-3[39;49m[39;49m[39;49m[30m[39;49m[30m 7ms (1ms|6ms)[39;49m[39;49m
[39;49m[37m[39;49m[37mTests completed in 0ms[39;49m[39;49m
[39;49m[32m[39;49m[32mTests Passed: 30, [39;49m[39;49m[39;49m[30m[39;49m[30mFailed: 0, [39;49m[39;49m[39;49m[30m[39;49m[30mSkipped: 0, [39;49m[39;49m[39;49m[30m[39;49m[30mPending: 0, [39;49m[39;49m[39;49m[30m[39;49m[30mInconclusive: 0 [39;49m[39;49m
[39;49m[32m[39;49m[32m[+] - generating parametrized tests from foreach without external id[39;49m[39;49m
[39;49m[35m[39;49m[35mStarting test discovery in 1 files.[39;49m[39;49m
[39;49m[35m[39;49m[35mDiscovering tests in 
                Describe "d1" {
                    foreach ($id in 1..10) {
                        It "first-it-$id-<value>" -TestCases @(
                            @{ Value = 1}
                            @{ Value = 2}
                            @{ Value = 3}
                        ) {
                            $true
                        }

                        It "second-it-$id-<value>" -TestCases @(
                            @{ Value = 1}
                            @{ Value = 2}
                            @{ Value = 3}
                        ) {
                            $true
                        }
                    }
                }
            .[39;49m[39;49m
[39;49m[35m[39;49m[35mFound 60 tests. 200ms[39;49m[39;49m
[39;49m[35m[39;49m[35mTest discovery finished. 292ms[39;49m[39;49m

[39;49m[32m[39;49m[32mDescribing d1[39;49m[39;49m
[39;49m[32m[39;49m[32m    [+] first-it-1-1[39;49m[39;49m[39;49m[30m[39;49m[30m 8ms (2ms|6ms)[39;49m[39;49m
[39;49m[32m[39;49m[32m    [+] first-it-1-2[39;49m[39;49m[39;49m[30m[39;49m[30m 9ms (1ms|8ms)[39;49m[39;49m
[39;49m[32m[39;49m[32m    [+] first-it-1-3[39;49m[39;49m[39;49m[30m[39;49m[30m 7ms (1ms|5ms)[39;49m[39;49m
[39;49m[32m[39;49m[32m    [+] second-it-1-1[39;49m[39;49m[39;49m[30m[39;49m[30m 7ms (2ms|5ms)[39;49m[39;49m
[39;49m[32m[39;49m[32m    [+] second-it-1-2[39;49m[39;49m[39;49m[30m[39;49m[30m 6ms (1ms|5ms)[39;49m[39;49m
[39;49m[32m[39;49m[32m    [+] second-it-1-3[39;49m[39;49m[39;49m[30m[39;49m[30m 6ms (1ms|5ms)[39;49m[39;49m
[39;49m[32m[39;49m[32m    [+] first-it-2-1[39;49m[39;49m[39;49m[30m[39;49m[30m 7ms (2ms|6ms)[39;49m[39;49m
[39;49m[32m[39;49m[32m    [+] first-it-2-2[39;49m[39;49m[39;49m[30m[39;49m[30m 6ms (1ms|5ms)[39;49m[39;49m
[39;49m[32m[39;49m[32m    [+] first-it-2-3[39;49m[39;49m[39;49m[30m[39;49m[30m 6ms (1ms|5ms)[39;49m[39;49m
[39;49m[32m[39;49m[32m    [+] second-it-2-1[39;49m[39;49m[39;49m[30m[39;49m[30m 9ms (1ms|8ms)[39;49m[39;49m
[39;49m[32m[39;49m[32m    [+] second-it-2-2[39;49m[39;49m[39;49m[30m[39;49m[30m 6ms (1ms|5ms)[39;49m[39;49m
[39;49m[32m[39;49m[32m    [+] second-it-2-3[39;49m[39;49m[39;49m[30m[39;49m[30m 6ms (1ms|5ms)[39;49m[39;49m
[39;49m[32m[39;49m[32m    [+] first-it-3-1[39;49m[39;49m[39;49m[30m[39;49m[30m 6ms (1ms|5ms)[39;49m[39;49m
[39;49m[32m[39;49m[32m    [+] first-it-3-2[39;49m[39;49m[39;49m[30m[39;49m[30m 11ms (1ms|10ms)[39;49m[39;49m
[39;49m[32m[39;49m[32m    [+] first-it-3-3[39;49m[39;49m[39;49m[30m[39;49m[30m 6ms (1ms|5ms)[39;49m[39;49m
[39;49m[32m[39;49m[32m    [+] second-it-3-1[39;49m[39;49m[39;49m[30m[39;49m[30m 7ms (1ms|6ms)[39;49m[39;49m
[39;49m[32m[39;49m[32m    [+] second-it-3-2[39;49m[39;49m[39;49m[30m[39;49m[30m 7ms (1ms|5ms)[39;49m[39;49m
[39;49m[32m[39;49m[32m    [+] second-it-3-3[39;49m[39;49m[39;49m[30m[39;49m[30m 6ms (1ms|5ms)[39;49m[39;49m
[39;49m[32m[39;49m[32m    [+] first-it-4-1[39;49m[39;49m[39;49m[30m[39;49m[30m 9ms (1ms|8ms)[39;49m[39;49m
[39;49m[32m[39;49m[32m    [+] first-it-4-2[39;49m[39;49m[39;49m[30m[39;49m[30m 6ms (1ms|5ms)[39;49m[39;49m
[39;49m[32m[39;49m[32m    [+] first-it-4-3[39;49m[39;49m[39;49m[30m[39;49m[30m 6ms (1ms|5ms)[39;49m[39;49m
[39;49m[32m[39;49m[32m    [+] second-it-4-1[39;49m[39;49m[39;49m[30m[39;49m[30m 6ms (1ms|5ms)[39;49m[39;49m
[39;49m[32m[39;49m[32m    [+] second-it-4-2[39;49m[39;49m[39;49m[30m[39;49m[30m 6ms (1ms|5ms)[39;49m[39;49m
[39;49m[32m[39;49m[32m    [+] second-it-4-3[39;49m[39;49m[39;49m[30m[39;49m[30m 7ms (1ms|6ms)[39;49m[39;49m
[39;49m[32m[39;49m[32m    [+] first-it-5-1[39;49m[39;49m[39;49m[30m[39;49m[30m 6ms (1ms|5ms)[39;49m[39;49m
[39;49m[32m[39;49m[32m    [+] first-it-5-2[39;49m[39;49m[39;49m[30m[39;49m[30m 6ms (1ms|5ms)[39;49m[39;49m
[39;49m[32m[39;49m[32m    [+] first-it-5-3[39;49m[39;49m[39;49m[30m[39;49m[30m 9ms (4ms|5ms)[39;49m[39;49m
[39;49m[32m[39;49m[32m    [+] second-it-5-1[39;49m[39;49m[39;49m[30m[39;49m[30m 9ms (1ms|8ms)[39;49m[39;49m
[39;49m[32m[39;49m[32m    [+] second-it-5-2[39;49m[39;49m[39;49m[30m[39;49m[30m 18ms (1ms|17ms)[39;49m[39;49m
[39;49m[32m[39;49m[32m    [+] second-it-5-3[39;49m[39;49m[39;49m[30m[39;49m[30m 8ms (1ms|7ms)[39;49m[39;49m
[39;49m[32m[39;49m[32m    [+] first-it-6-1[39;49m[39;49m[39;49m[30m[39;49m[30m 7ms (1ms|6ms)[39;49m[39;49m
[39;49m[32m[39;49m[32m    [+] first-it-6-2[39;49m[39;49m[39;49m[30m[39;49m[30m 6ms (1ms|5ms)[39;49m[39;49m
[39;49m[32m[39;49m[32m    [+] first-it-6-3[39;49m[39;49m[39;49m[30m[39;49m[30m 7ms (1ms|5ms)[39;49m[39;49m
[39;49m[32m[39;49m[32m    [+] second-it-6-1[39;49m[39;49m[39;49m[30m[39;49m[30m 6ms (1ms|5ms)[39;49m[39;49m
[39;49m[32m[39;49m[32m    [+] second-it-6-2[39;49m[39;49m[39;49m[30m[39;49m[30m 6ms (1ms|5ms)[39;49m[39;49m
[39;49m[32m[39;49m[32m    [+] second-it-6-3[39;49m[39;49m[39;49m[30m[39;49m[30m 6ms (1ms|5ms)[39;49m[39;49m
[39;49m[32m[39;49m[32m    [+] first-it-7-1[39;49m[39;49m[39;49m[30m[39;49m[30m 6ms (1ms|5ms)[39;49m[39;49m
[39;49m[32m[39;49m[32m    [+] first-it-7-2[39;49m[39;49m[39;49m[30m[39;49m[30m 6ms (1ms|5ms)[39;49m[39;49m
[39;49m[32m[39;49m[32m    [+] first-it-7-3[39;49m[39;49m[39;49m[30m[39;49m[30m 6ms (1ms|5ms)[39;49m[39;49m
[39;49m[32m[39;49m[32m    [+] second-it-7-1[39;49m[39;49m[39;49m[30m[39;49m[30m 6ms (1ms|5ms)[39;49m[39;49m
[39;49m[32m[39;49m[32m    [+] second-it-7-2[39;49m[39;49m[39;49m[30m[39;49m[30m 7ms (1ms|5ms)[39;49m[39;49m
[39;49m[32m[39;49m[32m    [+] second-it-7-3[39;49m[39;49m[39;49m[30m[39;49m[30m 6ms (1ms|5ms)[39;49m[39;49m
[39;49m[32m[39;49m[32m    [+] first-it-8-1[39;49m[39;49m[39;49m[30m[39;49m[30m 7ms (1ms|6ms)[39;49m[39;49m
[39;49m[32m[39;49m[32m    [+] first-it-8-2[39;49m[39;49m[39;49m[30m[39;49m[30m 12ms (1ms|11ms)[39;49m[39;49m
[39;49m[32m[39;49m[32m    [+] first-it-8-3[39;49m[39;49m[39;49m[30m[39;49m[30m 6ms (1ms|5ms)[39;49m[39;49m
[39;49m[32m[39;49m[32m    [+] second-it-8-1[39;49m[39;49m[39;49m[30m[39;49m[30m 6ms (1ms|5ms)[39;49m[39;49m
[39;49m[32m[39;49m[32m    [+] second-it-8-2[39;49m[39;49m[39;49m[30m[39;49m[30m 6ms (1ms|5ms)[39;49m[39;49m
[39;49m[32m[39;49m[32m    [+] second-it-8-3[39;49m[39;49m[39;49m[30m[39;49m[30m 13ms (1ms|11ms)[39;49m[39;49m
[39;49m[32m[39;49m[32m    [+] first-it-9-1[39;49m[39;49m[39;49m[30m[39;49m[30m 6ms (1ms|5ms)[39;49m[39;49m
[39;49m[32m[39;49m[32m    [+] first-it-9-2[39;49m[39;49m[39;49m[30m[39;49m[30m 8ms (1ms|7ms)[39;49m[39;49m
[39;49m[32m[39;49m[32m    [+] first-it-9-3[39;49m[39;49m[39;49m[30m[39;49m[30m 7ms (1ms|6ms)[39;49m[39;49m
[39;49m[32m[39;49m[32m    [+] second-it-9-1[39;49m[39;49m[39;49m[30m[39;49m[30m 6ms (1ms|5ms)[39;49m[39;49m
[39;49m[32m[39;49m[32m    [+] second-it-9-2[39;49m[39;49m[39;49m[30m[39;49m[30m 7ms (1ms|6ms)[39;49m[39;49m
[39;49m[32m[39;49m[32m    [+] second-it-9-3[39;49m[39;49m[39;49m[30m[39;49m[30m 6ms (1ms|5ms)[39;49m[39;49m
[39;49m[32m[39;49m[32m    [+] first-it-10-1[39;49m[39;49m[39;49m[30m[39;49m[30m 6ms (1ms|5ms)[39;49m[39;49m
[39;49m[32m[39;49m[32m    [+] first-it-10-2[39;49m[39;49m[39;49m[30m[39;49m[30m 7ms (1ms|5ms)[39;49m[39;49m
[39;49m[32m[39;49m[32m    [+] first-it-10-3[39;49m[39;49m[39;49m[30m[39;49m[30m 7ms (1ms|5ms)[39;49m[39;49m
[39;49m[32m[39;49m[32m    [+] second-it-10-1[39;49m[39;49m[39;49m[30m[39;49m[30m 6ms (1ms|5ms)[39;49m[39;49m
[39;49m[32m[39;49m[32m    [+] second-it-10-2[39;49m[39;49m[39;49m[30m[39;49m[30m 9ms (2ms|7ms)[39;49m[39;49m
[39;49m[32m[39;49m[32m    [+] second-it-10-3[39;49m[39;49m[39;49m[30m[39;49m[30m 7ms (1ms|6ms)[39;49m[39;49m
[39;49m[37m[39;49m[37mTests completed in 0ms[39;49m[39;49m
[39;49m[32m[39;49m[32mTests Passed: 60, [39;49m[39;49m[39;49m[30m[39;49m[30mFailed: 0, [39;49m[39;49m[39;49m[30m[39;49m[30mSkipped: 0, [39;49m[39;49m[39;49m[30m[39;49m[30mPending: 0, [39;49m[39;49m[39;49m[30m[39;49m[30mInconclusive: 0 [39;49m[39;49m
[39;49m[32m[39;49m[32m[+] - generating multiple parametrized tests from foreach without external id[39;49m[39;49m
[39;49m[35m[39;49m[35mStarting test discovery in 1 files.[39;49m[39;49m
[39;49m[35m[39;49m[35mDiscovering tests in 
                Describe "d1" {
                    foreach ($id in 1..10) {
                        It "first-it-$id-<value>" -TestCases @(
                            @{ Value = 1}
                            @{ Value = 2}
                            @{ Value = 3}
                        ) {
                            $true
                        } -AutomationId $Id

                        It "second-it-$id-<value>" -TestCases @(
                            @{ Value = 1}
                            @{ Value = 2}
                            @{ Value = 3}
                        ) {
                            $true
                        } -AutomationId $id
                    }
                }
            .[39;49m[39;49m
[39;49m[31m[39;49m[31mParameterBindingException: A parameter cannot be found that matches parameter name 'AutomationId'.[39;49m[39;49m
[39;49m[31m[39;49m[31mat <ScriptBlock>, /Users/travis/build/pester/Pester/new-runtimepoc/Pester.RSpec.ts.ps1:121[39;49m[39;49m
[39;49m[31m[39;49m[31mat New-Block, /Users/travis/build/pester/Pester/new-runtimepoc/Pester.Runtime.psm1:243[39;49m[39;49m
[39;49m[31m[39;49m[31mERROR: - generating multiple parametrized tests from foreach with external id -> The property 'Blocks' cannot be found on this object. Verify that the property 
exists.
At /Users/travis/build/pester/Pester/new-runtimepoc/Pester.RSpec.ts.ps1:137 
char:13
+             $result.Blocks[0].ErrorRecord | Verify-Null
+             ~~~~~~~~~~~~~~~~~~~~~~~~~~~~~~~~~~~~~~~~~~~
    + CategoryInfo          : NotSpecified: (:) [], PropertyNotFoundException
    + FullyQualifiedErrorId : PropertyNotFoundStrict
 

at <ScriptBlock>, /Users/travis/build/pester/Pester/new-runtimepoc/Pester.RSpec.ts.ps1:137
at t, /Users/travis/build/pester/Pester/new-runtimepoc/p.psm1:103
at <ScriptBlock>, /Users/travis/build/pester/Pester/new-runtimepoc/Pester.RSpec.ts.ps1:114
at b, /Users/travis/build/pester/Pester/new-runtimepoc/p.psm1:77
at <ScriptBlock>, /Users/travis/build/pester/Pester/new-runtimepoc/Pester.RSpec.ts.ps1:17
at i, /Users/travis/build/pester/Pester/new-runtimepoc/p.psm1:43
at <ScriptBlock>, /Users/travis/build/pester/Pester/new-runtimepoc/Pester.RSpec.ts.ps1:16
at <ScriptBlock>, <No file>:1
at <ScriptBlock>, <No file>:1
[39;49m[39;49m
[39;49m[36m[39;49m[36m| - BeforeAll paths[39;49m[39;49m
[39;49m[35m[39;49m[35mStarting test discovery in 1 files.[39;49m[39;49m
[39;49m[35m[39;49m[35mDiscovering tests in 
                $container.InScript = $PSScriptRoot
                BeforeAll {
                    $container.InBeforeAll = $PSScriptRoot
                }

                Describe "a" {
                    It "b" {
                        # otherwise the container would not run
                        $true
                    }
                }
            .[39;49m[39;49m
[39;49m[35m[39;49m[35mFound 1 tests. 22ms[39;49m[39;49m
[39;49m[35m[39;49m[35mTest discovery finished. 36ms[39;49m[39;49m

[39;49m[32m[39;49m[32mDescribing a[39;49m[39;49m
[39;49m[32m[39;49m[32m    [+] b[39;49m[39;49m[39;49m[30m[39;49m[30m 7ms (2ms|5ms)[39;49m[39;49m
[39;49m[37m[39;49m[37mTests completed in 0ms[39;49m[39;49m
[39;49m[32m[39;49m[32mTests Passed: 1, [39;49m[39;49m[39;49m[30m[39;49m[30mFailed: 0, [39;49m[39;49m[39;49m[30m[39;49m[30mSkipped: 0, [39;49m[39;49m[39;49m[30m[39;49m[30mPending: 0, [39;49m[39;49m[39;49m[30m[39;49m[30mInconclusive: 0 [39;49m[39;49m
[39;49m[32m[39;49m[32m[+] - $PSScriptRoot in BeforeAll has the same value as in the script that calls it[39;49m[39;49m
[39;49m[36m[39;49m[36m| - Invoke-Pester parameters[39;49m[39;49m
[39;49m[35m[39;49m[35mStarting test discovery in 2 files.[39;49m[39;49m
[39;49m[35m[39;49m[35mDiscovering tests in file1.Tests.ps1.[39;49m[39;49m
[39;49m[35m[39;49m[35mFound 2 tests. 30ms[39;49m[39;49m
[39;49m[35m[39;49m[35mDiscovering tests in file2.Tests.ps1.[39;49m[39;49m
[39;49m[35m[39;49m[35mFound 2 tests. 18ms[39;49m[39;49m
[39;49m[35m[39;49m[35mTest discovery finished. 71ms[39;49m[39;49m
[39;49m[35m[39;49m[35mRunning tests from 'file1.Tests.ps1'[39;49m[39;49m

[39;49m[32m[39;49m[32mDescribing d1[39;49m[39;49m
[39;49m[32m[39;49m[32m    [+] i1[39;49m[39;49m[39;49m[30m[39;49m[30m 7ms (2ms|5ms)[39;49m[39;49m
[39;49m[32m[39;49m[32m    [+] i2[39;49m[39;49m[39;49m[30m[39;49m[30m 6ms (1ms|5ms)[39;49m[39;49m
[39;49m[35m[39;49m[35mRunning tests from 'file2.Tests.ps1'[39;49m[39;49m

[39;49m[32m[39;49m[32mDescribing d1[39;49m[39;49m
[39;49m[32m[39;49m[32m    [+] i1[39;49m[39;49m[39;49m[30m[39;49m[30m 7ms (2ms|5ms)[39;49m[39;49m
[39;49m[32m[39;49m[32m    [+] i2[39;49m[39;49m[39;49m[30m[39;49m[30m 7ms (2ms|5ms)[39;49m[39;49m
[39;49m[37m[39;49m[37mTests completed in 187ms[39;49m[39;49m
[39;49m[32m[39;49m[32mTests Passed: 4, [39;49m[39;49m[39;49m[30m[39;49m[30mFailed: 0, [39;49m[39;49m[39;49m[30m[39;49m[30mSkipped: 0, [39;49m[39;49m[39;49m[30m[39;49m[30mPending: 0, [39;49m[39;49m[39;49m[30m[39;49m[30mInconclusive: 0 [39;49m[39;49m
[39;49m[31m[39;49m[31m[-] - Running without any params runs all files from the local folder -> Expected and actual values differ!
Expected: '/var/folders/bb/n7t3rs157850byt_jfdcq9k80000gn/T/dir/file1.Tests.ps1'
Actual  : 'file1.Tests.ps1'
at Verify-Equal, /Users/travis/build/pester/Pester/Dependencies/Axiom/Verify-Equal.ps1:16
at <ScriptBlock>, /Users/travis/build/pester/Pester/new-runtimepoc/Pester.RSpec.ts.ps1:184
at t, /Users/travis/build/pester/Pester/new-runtimepoc/p.psm1:103
at <ScriptBlock>, /Users/travis/build/pester/Pester/new-runtimepoc/Pester.RSpec.ts.ps1:179
at b, /Users/travis/build/pester/Pester/new-runtimepoc/p.psm1:77
at <ScriptBlock>, /Users/travis/build/pester/Pester/new-runtimepoc/Pester.RSpec.ts.ps1:167
at i, /Users/travis/build/pester/Pester/new-runtimepoc/p.psm1:43
at <ScriptBlock>, /Users/travis/build/pester/Pester/new-runtimepoc/Pester.RSpec.ts.ps1:16
at <ScriptBlock>, <No file>:1
at <ScriptBlock>, <No file>:1
[39;49m[39;49m
[39;49m[35m[39;49m[35mStarting test discovery in 2 files.[39;49m[39;49m
[39;49m[35m[39;49m[35mDiscovering tests in /var/folders/bb/n7t3rs157850byt_jfdcq9k80000gn/T/dir/file1.Tests.ps1.[39;49m[39;49m
[39;49m[35m[39;49m[35mFound 2 tests. 15ms[39;49m[39;49m
[39;49m[35m[39;49m[35mDiscovering tests in /var/folders/bb/n7t3rs157850byt_jfdcq9k80000gn/T/dir/file2.Tests.ps1.[39;49m[39;49m
[39;49m[35m[39;49m[35mFound 2 tests. 21ms[39;49m[39;49m
[39;49m[35m[39;49m[35mTest discovery finished. 57ms[39;49m[39;49m
[39;49m[35m[39;49m[35mRunning tests from '/var/folders/bb/n7t3rs157850byt_jfdcq9k80000gn/T/dir/file1.Tests.ps1'[39;49m[39;49m

[39;49m[32m[39;49m[32mDescribing d1[39;49m[39;49m
[39;49m[32m[39;49m[32m    [+] i1[39;49m[39;49m[39;49m[30m[39;49m[30m 6ms (1ms|5ms)[39;49m[39;49m
[39;49m[32m[39;49m[32m    [+] i2[39;49m[39;49m[39;49m[30m[39;49m[30m 6ms (1ms|5ms)[39;49m[39;49m
[39;49m[35m[39;49m[35mRunning tests from '/var/folders/bb/n7t3rs157850byt_jfdcq9k80000gn/T/dir/file2.Tests.ps1'[39;49m[39;49m

[39;49m[32m[39;49m[32mDescribing d1[39;49m[39;49m
[39;49m[32m[39;49m[32m    [+] i1[39;49m[39;49m[39;49m[30m[39;49m[30m 6ms (1ms|5ms)[39;49m[39;49m
[39;49m[32m[39;49m[32m    [+] i2[39;49m[39;49m[39;49m[30m[39;49m[30m 6ms (1ms|5ms)[39;49m[39;49m
[39;49m[37m[39;49m[37mTests completed in 188ms[39;49m[39;49m
[39;49m[32m[39;49m[32mTests Passed: 4, [39;49m[39;49m[39;49m[30m[39;49m[30mFailed: 0, [39;49m[39;49m[39;49m[30m[39;49m[30mSkipped: 0, [39;49m[39;49m[39;49m[30m[39;49m[30mPending: 0, [39;49m[39;49m[39;49m[30m[39;49m[30mInconclusive: 0 [39;49m[39;49m
[39;49m[32m[39;49m[32m[+] - Running tests from Paths runs them[39;49m[39;49m
[39;49m[35m[39;49m[35mStarting test discovery in 1 files.[39;49m[39;49m
[39;49m[35m[39;49m[35mDiscovering tests in /var/folders/bb/n7t3rs157850byt_jfdcq9k80000gn/T/dir/file1.Tests.ps1.[39;49m[39;49m
[39;49m[35m[39;49m[35mFound 2 tests. 15ms[39;49m[39;49m
[39;49m[35m[39;49m[35mTest discovery finished. 32ms[39;49m[39;49m
[39;49m[35m[39;49m[35mRunning tests from '/var/folders/bb/n7t3rs157850byt_jfdcq9k80000gn/T/dir/file1.Tests.ps1'[39;49m[39;49m

[39;49m[32m[39;49m[32mDescribing d1[39;49m[39;49m
[39;49m[32m[39;49m[32m    [+] i1[39;49m[39;49m[39;49m[30m[39;49m[30m 6ms (1ms|5ms)[39;49m[39;49m
[39;49m[32m[39;49m[32m    [+] i2[39;49m[39;49m[39;49m[30m[39;49m[30m 7ms (1ms|6ms)[39;49m[39;49m
[39;49m[37m[39;49m[37mTests completed in 0ms[39;49m[39;49m
[39;49m[32m[39;49m[32mTests Passed: 2, [39;49m[39;49m[39;49m[30m[39;49m[30mFailed: 0, [39;49m[39;49m[39;49m[30m[39;49m[30mSkipped: 0, [39;49m[39;49m[39;49m[30m[39;49m[30mPending: 0, [39;49m[39;49m[39;49m[30m[39;49m[30mInconclusive: 0 [39;49m[39;49m
[39;49m[31m[39;49m[31mERROR: - Exluding full path excludes it tests from Paths runs them -> The property 'Count' cannot be found on this object. Verify that the property 
exists.
At /Users/travis/build/pester/Pester/new-runtimepoc/Pester.RSpec.ts.ps1:199 
char:17
+                 $result.Count | Verify-Equal 1
+                 ~~~~~~~~~~~~~~~~~~~~~~~~~~~~~~
    + CategoryInfo          : NotSpecified: (:) [], PropertyNotFoundException
    + FullyQualifiedErrorId : PropertyNotFoundStrict
 

at <ScriptBlock>, /Users/travis/build/pester/Pester/new-runtimepoc/Pester.RSpec.ts.ps1:199
at t, /Users/travis/build/pester/Pester/new-runtimepoc/p.psm1:103
at <ScriptBlock>, /Users/travis/build/pester/Pester/new-runtimepoc/Pester.RSpec.ts.ps1:196
at b, /Users/travis/build/pester/Pester/new-runtimepoc/p.psm1:77
at <ScriptBlock>, /Users/travis/build/pester/Pester/new-runtimepoc/Pester.RSpec.ts.ps1:167
at i, /Users/travis/build/pester/Pester/new-runtimepoc/p.psm1:43
at <ScriptBlock>, /Users/travis/build/pester/Pester/new-runtimepoc/Pester.RSpec.ts.ps1:16
at <ScriptBlock>, <No file>:1
at <ScriptBlock>, <No file>:1
[39;49m[39;49m
[39;49m[35m[39;49m[35mStarting test discovery in 1 files.[39;49m[39;49m
[39;49m[35m[39;49m[35mDiscovering tests in /var/folders/bb/n7t3rs157850byt_jfdcq9k80000gn/T/dir/file1.Tests.ps1.[39;49m[39;49m
[39;49m[35m[39;49m[35mFound 2 tests. 18ms[39;49m[39;49m
[39;49m[35m[39;49m[35mTest discovery finished. 32ms[39;49m[39;49m
[39;49m[35m[39;49m[35mRunning tests from '/var/folders/bb/n7t3rs157850byt_jfdcq9k80000gn/T/dir/file1.Tests.ps1'[39;49m[39;49m

[39;49m[32m[39;49m[32mDescribing d1[39;49m[39;49m
[39;49m[32m[39;49m[32m    [+] i1[39;49m[39;49m[39;49m[30m[39;49m[30m 7ms (1ms|6ms)[39;49m[39;49m
[39;49m[37m[39;49m[37mTests completed in 0ms[39;49m[39;49m
[39;49m[32m[39;49m[32mTests Passed: 1, [39;49m[39;49m[39;49m[30m[39;49m[30mFailed: 0, [39;49m[39;49m[39;49m[33m[39;49m[33mSkipped: 1, [39;49m[39;49m[39;49m[30m[39;49m[30mPending: 0, [39;49m[39;49m[39;49m[30m[39;49m[30mInconclusive: 0 [39;49m[39;49m
[39;49m[32m[39;49m[32m[+] - Including tag runs just the test with that tag[39;49m[39;49m
[39;49m[35m[39;49m[35mStarting test discovery in 1 files.[39;49m[39;49m
[39;49m[35m[39;49m[35mDiscovering tests in /var/folders/bb/n7t3rs157850byt_jfdcq9k80000gn/T/dir/file1.Tests.ps1.[39;49m[39;49m
[39;49m[35m[39;49m[35mFound 2 tests. 26ms[39;49m[39;49m
[39;49m[35m[39;49m[35mTest discovery finished. 39ms[39;49m[39;49m
[39;49m[35m[39;49m[35mRunning tests from '/var/folders/bb/n7t3rs157850byt_jfdcq9k80000gn/T/dir/file1.Tests.ps1'[39;49m[39;49m

[39;49m[32m[39;49m[32mDescribing d1[39;49m[39;49m
[39;49m[32m[39;49m[32m    [+] i2[39;49m[39;49m[39;49m[30m[39;49m[30m 11ms (1ms|10ms)[39;49m[39;49m
[39;49m[37m[39;49m[37mTests completed in 0ms[39;49m[39;49m
[39;49m[32m[39;49m[32mTests Passed: 1, [39;49m[39;49m[39;49m[30m[39;49m[30mFailed: 0, [39;49m[39;49m[39;49m[33m[39;49m[33mSkipped: 1, [39;49m[39;49m[39;49m[30m[39;49m[30mPending: 0, [39;49m[39;49m[39;49m[30m[39;49m[30mInconclusive: 0 [39;49m[39;49m
[39;49m[32m[39;49m[32m[+] - Excluding tag skips the test with that tag[39;49m[39;49m
[39;49m[35m[39;49m[35mStarting test discovery in 1 files.[39;49m[39;49m
[39;49m[35m[39;49m[35mDiscovering tests in  Describe "d1" { It "i1" { $true }} .[39;49m[39;49m
[39;49m[35m[39;49m[35mFound 1 tests. 17ms[39;49m[39;49m
[39;49m[35m[39;49m[35mTest discovery finished. 37ms[39;49m[39;49m

[39;49m[32m[39;49m[32mDescribing d1[39;49m[39;49m
[39;49m[32m[39;49m[32m    [+] i1[39;49m[39;49m[39;49m[30m[39;49m[30m 8ms (2ms|7ms)[39;49m[39;49m
[39;49m[37m[39;49m[37mTests completed in 0ms[39;49m[39;49m
[39;49m[32m[39;49m[32mTests Passed: 1, [39;49m[39;49m[39;49m[30m[39;49m[30mFailed: 0, [39;49m[39;49m[39;49m[30m[39;49m[30mSkipped: 0, [39;49m[39;49m[39;49m[30m[39;49m[30mPending: 0, [39;49m[39;49m[39;49m[30m[39;49m[30mInconclusive: 0 [39;49m[39;49m
[39;49m[32m[39;49m[32m[+] - Scriptblock invokes inlined test[39;49m[39;49m
[39;49m[35m[39;49m[35mStarting test discovery in 1 files.[39;49m[39;49m
[39;49m[35m[39;49m[35mDiscovering tests in /var/folders/bb/n7t3rs157850byt_jfdcq9k80000gn/T/dir/file1.Tests.ps1.[39;49m[39;49m
[39;49m[35m[39;49m[35mFound 2 tests. 17ms[39;49m[39;49m
[39;49m[35m[39;49m[35mTest discovery finished. 59ms[39;49m[39;49m
[39;49m[35m[39;49m[35mRunning tests from '/var/folders/bb/n7t3rs157850byt_jfdcq9k80000gn/T/dir/file1.Tests.ps1'[39;49m[39;49m

[39;49m[32m[39;49m[32mDescribing d1[39;49m[39;49m
[39;49m[32m[39;49m[32m    [+] i1[39;49m[39;49m[39;49m[30m[39;49m[30m 11ms (1ms|10ms)[39;49m[39;49m
[39;49m[32m[39;49m[32m    [+] i2[39;49m[39;49m[39;49m[30m[39;49m[30m 6ms (1ms|5ms)[39;49m[39;49m
[39;49m[37m[39;49m[37mTests completed in 0ms[39;49m[39;49m
[39;49m[32m[39;49m[32mTests Passed: 2, [39;49m[39;49m[39;49m[30m[39;49m[30mFailed: 0, [39;49m[39;49m[39;49m[30m[39;49m[30mSkipped: 0, [39;49m[39;49m[39;49m[30m[39;49m[30mPending: 0, [39;49m[39;49m[39;49m[30m[39;49m[30mInconclusive: 0 [39;49m[39;49m
[39;49m[32m[39;49m[32m[+] - Result object is output by default[39;49m[39;49m
[39;49m[32m[39;49m[32m[+] - CI generates code coverage and xml output[39;49m[39;49m
[39;49m[32m[39;49m[32m
passed 10, [39;49m[39;49m[39;49m[31m[39;49m[31mfailed 5, [39;49m[39;49m[39;49m[37m[39;49m[37mtotal 15[39;49m[39;49m
[39;49m[36m[39;49m[36m| - Counting tests[39;49m[39;49m
[39;49m[32m[39;49m[32m[+] - Passed and counts are correct for non nested blocks[39;49m[39;49m
[39;49m[32m[39;49m[32m[+] - Passed and counts are correct nested blocks[39;49m[39;49m
[39;49m[32m[39;49m[32m[+] - Passed and counts are correct on blocks that fail in setup or teardown blocks[39;49m[39;49m
[39;49m[32m[39;49m[32m[+] - Passed and counts are correct container that fails in top-level BeforeAll[39;49m[39;49m
[39;49m[32m[39;49m[32m
passed 4, [39;49m[39;49m[39;49m[31m[39;49m[31mfailed 0, [39;49m[39;49m[39;49m[37m[39;49m[37mtotal 4[39;49m[39;49m
[39;49m[36m[39;49m[36m| - tryGetProperty[39;49m[39;49m
[39;49m[32m[39;49m[32m[+] - given null it returns null[39;49m[39;49m
[39;49m[32m[39;49m[32m[+] - given an object that has the property it return the correct value[39;49m[39;49m
[39;49m[36m[39;49m[36m| - or[39;49m[39;49m
[39;49m[32m[39;49m[32m[+] - given a non-null value it returns it[39;49m[39;49m
[39;49m[32m[39;49m[32m[+] - given null it returns the default value[39;49m[39;49m
[39;49m[36m[39;49m[36m| - combineNonNull[39;49m[39;49m
[39;49m[32m[39;49m[32m[+] - combines values from multiple arrays, skipping nulls and empty arrays, but keeping nulls in the arrays[39;49m[39;49m
[39;49m[36m[39;49m[36m| - any[39;49m[39;49m
[39;49m[32m[39;49m[32m[+] - given a non-null value it returns true[39;49m[39;49m
[39;49m[32m[39;49m[32m[+] - given null it returns false[39;49m[39;49m
[39;49m[32m[39;49m[32m[+] - given empty array it returns false[39;49m[39;49m
[39;49m[32m[39;49m[32m[+] - given null in array it returns false[39;49m[39;49m
[39;49m[32m[39;49m[32m[+] - given array with value it returns true[39;49m[39;49m
[39;49m[32m[39;49m[32m[+] - given array with multiple values it returns true[39;49m[39;49m
[39;49m[36m[39;49m[36m| - Basic[39;49m[39;49m
[39;49m[32m[39;49m[32m[+] - Given a scriptblock with 1 test in it, it finds 1 test[39;49m[39;49m
[39;49m[32m[39;49m[32m[+] - Given scriptblock with 2 tests in it it finds 2 tests[39;49m[39;49m
[39;49m[36m[39;49m[36m| - block[39;49m[39;49m
[39;49m[32m[39;49m[32m[+] - Given 0 tests it returns block containing no tests[39;49m[39;49m
[39;49m[32m[39;49m[32m[+] - Given 0 tests it returns block containing 0 tests[39;49m[39;49m
[39;49m[36m[39;49m[36m| - Find common setup for each test[39;49m[39;49m
[39;49m[32m[39;49m[32m[+] - Given block that has test setup for each test it finds it[39;49m[39;49m
[39;49m[36m[39;49m[36m| - Finding setup for all tests[39;49m[39;49m
[39;49m[32m[39;49m[32m[+] - Find setup to run before all tests in the block[39;49m[39;49m
[39;49m[36m[39;49m[36m| - Finding blocks[39;49m[39;49m
[39;49m[32m[39;49m[32m[+] - Find tests in block that is explicitly specified[39;49m[39;49m
[39;49m[32m[39;49m[32m[+] - Find tests in blocks that are next to each other[39;49m[39;49m
[39;49m[32m[39;49m[32m[+] - Find tests in blocks that are inside of each other[39;49m[39;49m
[39;49m[36m[39;49m[36m| - Executing tests[39;49m[39;49m
[39;49m[32m[39;49m[32m[+] - Executes 1 test[39;49m[39;49m
[39;49m[32m[39;49m[32m[+] - Executes 2 tests next to each other[39;49m[39;49m
[39;49m[32m[39;49m[32m[+] - Executes 2 tests in blocks next to each other[39;49m[39;49m
[39;49m[32m[39;49m[32m[+] - Executes 2 tests deeper in blocks[39;49m[39;49m
[39;49m[32m[39;49m[32m[+] - Executes container only if it contains anything that should run[39;49m[39;49m
[39;49m[36m[39;49m[36m| - filtering[39;49m[39;49m
[39;49m[32m[39;49m[32m[+] - Given null filter and a tagged test it includes it[39;49m[39;49m
[39;49m[32m[39;49m[32m[+] - Given a test with tag it excludes it when it matches the exclude filter[39;49m[39;49m
[39;49m[32m[39;49m[32m[+] - Given a test without tags it includes it when it does not match exclude filter [39;49m[39;49m
[39;49m[32m[39;49m[32m[+] - Given a test with tags it includes it when it does not match exclude filter [39;49m[39;49m
[39;49m[32m[39;49m[32m[+] - Given a test with tag it includes it when it matches the tag filter[39;49m[39;49m
[39;49m[32m[39;49m[32m[+] - Given a test without tags it excludes it when it does not match any other filter[39;49m[39;49m
[39;49m[32m[39;49m[32m[+] - Given a test without tags it include it when it matches path filter[39;49m[39;49m
[39;49m[32m[39;49m[32m[+] - Given a test with path it includes it when it matches path filter [39;49m[39;49m
[39;49m[32m[39;49m[32m[+] - Given a test with path it maybes it when it does not match path filter [39;49m[39;49m
[39;49m[36m[39;49m[36m| - discover and execute tests[39;49m[39;49m
[39;49m[32m[39;49m[32m[+] - discovers and executes one test[39;49m[39;49m
[39;49m[32m[39;49m[32m[+] - discovers and executes one failing test[39;49m[39;49m
[39;49m[39;49m


[39;49m[39;49m
[39;49m[32m[39;49m[32m[+] - re-runs failing tests[39;49m[39;49m
[39;49m[36m[39;49m[36m| - executing each setup & teardown on test[39;49m[39;49m
[39;49m[39;49meach test teardown[39;49m[39;49m
[39;49m[32m[39;49m[32m[+] - given a test with setups and teardowns they run in correct scopes[39;49m[39;49m
[39;49m[32m[39;49m[32m[+] - given a test with teardown it executes the teardown right before after the test and has the variables avaliable from the test[39;49m[39;49m
[39;49m[36m[39;49m[36m| - executing all test and teardown[39;49m[39;49m
[39;49m[32m[39;49m[32m[+] - given a test with one time setup it executes the setup inside of the block and does not bleed variables to the next block[39;49m[39;49m
[39;49m[32m[39;49m[32m[+] - given a test with each time setup it executes the setup inside of the test and does not affect the whole block[39;49m[39;49m
[39;49m[32m[39;49m[32m[+] - setups and teardowns don't run if there are no tests[39;49m[39;49m
[39;49m[32m[39;49m[32m[+] - one time setups&teardowns run one time and each time setups&teardowns run for every test[39;49m[39;49m
[39;49m[32m[39;49m[32m[+] - error in one container during Run phase does not prevent the next container from running[39;49m[39;49m
[39;49m[36m[39;49m[36m| - Skipping tests[39;49m[39;49m
[39;49m[32m[39;49m[32m[+] - tests can be skipped based on tags[39;49m[39;49m
[39;49m[32m[39;49m[32m[+] - blocks can be excluded based on tags[39;49m[39;49m
[39;49m[36m[39;49m[36m| - Block teardown and setup[39;49m[39;49m
[39;49m[32m[39;49m[32m[+] - setups&teardowns run only once[39;49m[39;49m
[39;49m[32m[39;49m[32m[+] - block setups&teardowns run only when there are some tests to run in the block[39;49m[39;49m
[39;49m[36m[39;49m[36m| - plugins[39;49m[39;49m
[39;49m[32m[39;49m[32m[+] - Given a plugin it is used in the run[39;49m[39;49m
[39;49m[32m[39;49m[32m[+] - Plugin has access to test info[39;49m[39;49m
[39;49m[32m[39;49m[32m[+] - Plugin has access to block info[39;49m[39;49m
[39;49m[36m[39;49m[36m| - test data[39;49m[39;49m
[39;49m[32m[39;49m[32m[+] - test can access data provided in -Data as variables[39;49m[39;49m
[39;49m[32m[39;49m[32m[+] - test can access data provided in -Data as parameters[39;49m[39;49m
[39;49m[32m[39;49m[32m[+] - test result contains data provided in -Data[39;49m[39;49m
[39;49m[32m[39;49m[32m[+] - tests do not share data[39;49m[39;49m
[39;49m[36m[39;49m[36m| - New-ParametrizedTest[39;49m[39;49m
[39;49m[32m[39;49m[32m[+] - New-ParameterizedTest takes data and generates as many tests as there are hashtables[39;49m[39;49m
[39;49m[31m[39;49m[31m[-] - Each parametrized test has unique id and they both successfully execute and have the correct data -> Expected and actual values differ!
Expected: '0'
Actual  : '1047'
at Verify-Equal, /Users/travis/build/pester/Pester/Dependencies/Axiom/Verify-Equal.ps1:16
at <ScriptBlock>, /Users/travis/build/pester/Pester/new-runtimepoc/Pester.Runtime.ts.ps1:1054
at t, /Users/travis/build/pester/Pester/new-runtimepoc/p.psm1:103
at <ScriptBlock>, /Users/travis/build/pester/Pester/new-runtimepoc/Pester.Runtime.ts.ps1:1038
at b, /Users/travis/build/pester/Pester/new-runtimepoc/p.psm1:77
at <ScriptBlock>, /Users/travis/build/pester/Pester/new-runtimepoc/Pester.Runtime.ts.ps1:1018
at i, /Users/travis/build/pester/Pester/new-runtimepoc/p.psm1:43
at <ScriptBlock>, /Users/travis/build/pester/Pester/new-runtimepoc/Pester.Runtime.ts.ps1:55
at <ScriptBlock>, <No file>:1
at <ScriptBlock>, <No file>:1
[39;49m[39;49m
[39;49m[36m[39;49m[36m| - running from files[39;49m[39;49m
[39;49m[32m[39;49m[32m[+] - given a path to file with tests it can execute it[39;49m[39;49m
[39;49m[32m[39;49m[32m[+] - given a path to multiple files with tests it can execute it[39;49m[39;49m
[39;49m[36m[39;49m[36m| - running parent each setups and teardowns[39;49m[39;49m
[39;49m[32m[39;49m[32m[+] - adding each test setup runs it before each test in that block and in any child blocks[39;49m[39;49m
[39;49m[32m[39;49m[32m[+] - adding multiple each test setups runs them in parent first, child last order [39;49m[39;49m
[39;49m[32m[39;49m[32m[+] - adding each test teardown runs it after each test in that block and in any child blocks[39;49m[39;49m
[39;49m[32m[39;49m[32m[+] - adding multiple each test teardowns runs them in child first, parent last order [39;49m[39;49m
[39;49m[36m[39;49m[36m| - failing one time block test setups and teardowns[39;49m[39;49m
[39;49m[32m[39;49m[32m[+] - failing in onetime setup will fail the block and everything below[39;49m[39;49m
[39;49m[32m[39;49m[32m[+] - failing in onetime block teardown will fail the block[39;49m[39;49m
[39;49m[36m[39;49m[36m| - focus[39;49m[39;49m
[39;49m[32m[39;49m[32m[+] - focusing one test in group will run only it[39;49m[39;49m
[39;49m[32m[39;49m[32m[+] - focusing one block in group will run only tests in it[39;49m[39;49m
[39;49m[36m[39;49m[36m| - generating tests[39;49m[39;49m
[39;49m[31m[39;49m[31m[-] - generating tests without external id -> Expected and actual values differ!
Expected: '2'
Actual  : ''
at Verify-Equal, /Users/travis/build/pester/Pester/Dependencies/Axiom/Verify-Equal.ps1:16
at <ScriptBlock>, /Users/travis/build/pester/Pester/new-runtimepoc/Pester.Runtime.ts.ps1:1399
at t, /Users/travis/build/pester/Pester/new-runtimepoc/p.psm1:103
at <ScriptBlock>, /Users/travis/build/pester/Pester/new-runtimepoc/Pester.Runtime.ts.ps1:1385
at b, /Users/travis/build/pester/Pester/new-runtimepoc/p.psm1:77
at <ScriptBlock>, /Users/travis/build/pester/Pester/new-runtimepoc/Pester.Runtime.ts.ps1:1384
at i, /Users/travis/build/pester/Pester/new-runtimepoc/p.psm1:43
at <ScriptBlock>, /Users/travis/build/pester/Pester/new-runtimepoc/Pester.Runtime.ts.ps1:55
at <ScriptBlock>, <No file>:1
at <ScriptBlock>, <No file>:1
[39;49m[39;49m
[39;49m[31m[39;49m[31m[-] - generating paremetrized tests without external id -> Expected and actual values differ!
Expected: '2'
Actual  : '1410'
Expected length: 1
Actual length: 4
at Verify-Equal, /Users/travis/build/pester/Pester/Dependencies/Axiom/Verify-Equal.ps1:16
at <ScriptBlock>, /Users/travis/build/pester/Pester/new-runtimepoc/Pester.Runtime.ts.ps1:1417
at t, /Users/travis/build/pester/Pester/new-runtimepoc/p.psm1:103
at <ScriptBlock>, /Users/travis/build/pester/Pester/new-runtimepoc/Pester.Runtime.ts.ps1:1404
at b, /Users/travis/build/pester/Pester/new-runtimepoc/p.psm1:77
at <ScriptBlock>, /Users/travis/build/pester/Pester/new-runtimepoc/Pester.Runtime.ts.ps1:1384
at i, /Users/travis/build/pester/Pester/new-runtimepoc/p.psm1:43
at <ScriptBlock>, /Users/travis/build/pester/Pester/new-runtimepoc/Pester.Runtime.ts.ps1:55
at <ScriptBlock>, <No file>:1
at <ScriptBlock>, <No file>:1
[39;49m[39;49m
[39;49m[31m[39;49m[31m[-] - generating multiple tests from one foreach without external id -> Expected and actual values differ!
Expected: '1'
Actual  : ''
at Verify-Equal, /Users/travis/build/pester/Pester/Dependencies/Axiom/Verify-Equal.ps1:16
at <ScriptBlock>, /Users/travis/build/pester/Pester/new-runtimepoc/Pester.Runtime.ts.ps1:1438
at t, /Users/travis/build/pester/Pester/new-runtimepoc/p.psm1:103
at <ScriptBlock>, /Users/travis/build/pester/Pester/new-runtimepoc/Pester.Runtime.ts.ps1:1422
at b, /Users/travis/build/pester/Pester/new-runtimepoc/p.psm1:77
at <ScriptBlock>, /Users/travis/build/pester/Pester/new-runtimepoc/Pester.Runtime.ts.ps1:1384
at i, /Users/travis/build/pester/Pester/new-runtimepoc/p.psm1:43
at <ScriptBlock>, /Users/travis/build/pester/Pester/new-runtimepoc/Pester.Runtime.ts.ps1:55
at <ScriptBlock>, <No file>:1
at <ScriptBlock>, <No file>:1
[39;49m[39;49m
[39;49m[32m[39;49m[32m[+] - generating tests with external id[39;49m[39;49m
[39;49m[36m[39;49m[36m| - generating blocks[39;49m[39;49m
[39;49m[32m[39;49m[32m[+] - generating blocks without external id[39;49m[39;49m
[39;49m[32m[39;49m[32m[+] - generating multiple blocks from one foreach without external id[39;49m[39;49m
[39;49m[32m[39;49m[32m[+] - generating blocks with external id[39;49m[39;49m
[39;49m[36m[39;49m[36m| - expandable variables in names[39;49m[39;49m
[39;49m[32m[39;49m[32m[+] - can run tests that have expandable variable in their name[39;49m[39;49m
[39;49m[32m[39;49m[32m[+] - can run tests that have expandable variable in their name that changes values between discovery and run[39;49m[39;49m
[39;49m[32m[39;49m[32m[+] - can run blocks that have expandable variable in their name[39;49m[39;49m
[39;49m[32m[39;49m[32m[+] - can run blocks that have expandable variable in their name that changes value between discovery and run[39;49m[39;49m
[39;49m[36m[39;49m[36m| - expanding values in names of parametrized tests[39;49m[39;49m
[39;49m[32m[39;49m[32m[+] - strings expand in the name[39;49m[39;49m
[39;49m[36m[39;49m[36m| - timing[39;49m[39;49m
[39;49m[39;49mReported test duration 10.942[39;49m[39;49m
[39;49m[39;49mReported test overhead 6.946[39;49m[39;49m
[39;49m[39;49mReported test total 17.888[39;49m[39;49m
[39;49m[39;49mReported block duration 11.558[39;49m[39;49m
[39;49m[39;49mReported block overhead 14.421[39;49m[39;49m
[39;49m[39;49mReported block total 25.979[39;49m[39;49m
[39;49m[39;49mReported total duration 11.558[39;49m[39;49m
[39;49m[39;49mReported total overhead 20.856[39;49m[39;49m
[39;49m[39;49mReported total 44.208[39;49m[39;49m
[39;49m[39;49mMeasured total 49.4[39;49m[39;49m
[39;49m[39;49mTotal difference 5.192[39;49m[39;49m
[39;49m[32m[39;49m[32m[+] - total time is roughly the same as time measured externally[39;49m[39;49m
[39;49m[39;49mReported test duration 0[39;49m[39;49m
[39;49m[39;49mReported test overhead 2.961[39;49m[39;49m
[39;49m[39;49mReported test total 2.961[39;49m[39;49m
[39;49m[39;49mReported block duration 0 ms[39;49m[39;49m
[39;49m[39;49mReported block overhead 0 ms[39;49m[39;49m
[39;49m[39;49mReported block total 0 ms[39;49m[39;49m
[39;49m[39;49mReported total duration 0 ms[39;49m[39;49m
[39;49m[39;49mReported total overhead 6.679 ms[39;49m[39;49m
[39;49m[39;49mReported total 37.114 ms[39;49m[39;49m
[39;49m[39;49mMeasured total 44.361 ms[39;49m[39;49m
[39;49m[39;49mTotal difference 7.247 ms[39;49m[39;49m
[39;49m[32m[39;49m[32m[+] - total time is roughly the same as time measured externally (measured on a second test)[39;49m[39;49m
[39;49m[39;49mTest count 100[39;49m[39;49m
[39;49m[39;49mPer test 14 ms[39;49m[39;49m
[39;49m[39;49mPer test without discovery 11 ms[39;49m[39;49m
[39;49m[39;49mReported discovery duration 337.564 ms[39;49m[39;49m
[39;49m[39;49mReported total duration 139.339 ms[39;49m[39;49m
[39;49m[39;49mReported total overhead 923.213 ms[39;49m[39;49m
[39;49m[39;49mReported total 1400.116 ms[39;49m[39;49m
[39;49m[39;49mMeasured total 1417.069 ms[39;49m[39;49m
[39;49m[39;49mTotal difference 16.953 ms[39;49m[39;49m
[39;49m[32m[39;49m[32m[+] - total time is roughly the same as time measured externally (on many tests)[39;49m[39;49m
[39;49m[36m[39;49m[36m| - Setup and Teardown on root block[39;49m[39;49m
[39;49m[32m[39;49m[32m[+] - OneTimeTestSetup is invoked when placed in the script root[39;49m[39;49m
[39;49m[32m[39;49m[32m
passed 79, [39;49m[39;49m[39;49m[31m[39;49m[31mfailed 4, [39;49m[39;49m[39;49m[37m[39;49m[37mtotal 83[39;49m[39;49m
travis_time:end:0213d034:start=1562523950284862000,finish=1562523976473640000,duration=26188778000[0K[31;1mThe command "pwsh -c 'Set-StrictMode -Version Latest; $r = Get-ChildItem *.ts.ps1 -Recurse | foreach { & $_.FullName -PassThru } ; if ([bool]($r | Where-Object { $_.Failed -gt 0 })) { exit 1 }; $global:PesterDebugPreference_ShowFullErrors = $true ;Import-Module ./Pester.psd1; Invoke-Pester -ExcludeTag VersionChecks, StyleRules, Help -ExcludePath '*/demo/*' -CI'" exited with 1.[0m



Done. Your build exited with 1.
