travis_fold:start:worker_info[0K[33;1mWorker information[0m
hostname: 73daa564-7775-4e08-abb5-72bd57d471a3@1.worker-org-7f6cdc984-pnpt2.macstadium-prod-1
version: v6.2.0 https://github.com/travis-ci/worker/tree/5e5476e01646095f48eec13196fdb3faf8f5cbf7
instance: 8c2f1f0f-82dc-4014-a8e0-b3a93629f3eb travis-ci-macos10.12-xcode9.1-1509557921 (via amqp)
startup: 1m7.999062329s
travis_fold:end:worker_info[0Ktravis_fold:start:system_info[0K[33;1mBuild system information[0m
Build language: generic
Build id: 562381289
Job id: 562381290
Runtime kernel version: 16.7.0
travis-build version: 24c88d12b
[34m[1mBuild image provisioning date and time[0m
Mon Nov  6 16:56:31 GMT 2017
[34m[1mOperating System Details[0m
ProductName:	Mac OS X
ProductVersion:	10.12.6
BuildVersion:	16G29
[34m[1mDarwin Version[0m
16.7.0
[34m[1mGit version[0m
git version 2.15.0
[34m[1mbash version[0m
GNU bash, version 3.2.57(1)-release (x86_64-apple-darwin16)
Copyright (C) 2007 Free Software Foundation, Inc.
[34m[1mGCC version[0m
Apple LLVM version 9.0.0 (clang-900.0.38)
Target: x86_64-apple-darwin16.7.0
Thread model: posix
InstalledDir: /Applications/Xcode.app/Contents/Developer/Toolchains/XcodeDefault.xctoolchain/usr/bin
[34m[1mLLVM version[0m
Apple LLVM version 9.0.0 (clang-900.0.38)
Target: x86_64-apple-darwin16.7.0
Thread model: posix
InstalledDir: /Applications/Xcode.app/Contents/Developer/Toolchains/XcodeDefault.xctoolchain/usr/bin
[34m[1mPre-installed Ruby versions[0m
ruby-2.3.5
ruby-2.4.2
[34m[1mPre-installed Node.js versions[0m
iojs-v3.3
iojs-v3.3.1
v0.10.48
v0.12.17
v0.12.18
v0.8.28
v4.8.3
v4.8.4
v4.8.5
v5.12.0
v6.11.0
v6.11.3
v6.11.5
v6.9.1
[34m[1mmvn -version[0m
Apache Maven 3.5.2 (138edd61fd100ec658bfa2d307c43b76940a5d7d; 2017-10-18T07:58:13Z)
Maven home: /usr/local/Cellar/maven/3.5.2/libexec
Java version: 1.8.0_112, vendor: Oracle Corporation
Java home: /Library/Java/JavaVirtualMachines/jdk1.8.0_112.jdk/Contents/Home/jre
Default locale: en_US, platform encoding: UTF-8
OS name: "mac os x", version: "10.12.6", arch: "x86_64", family: "mac"
travis_fold:end:system_info[0K
Uninstalled oclint to prevent interference with other packages.
If you need oclint, you must explicitly install it.


travis_fold:start:git.checkout[0Ktravis_time:start:0e1fc56d[0K$ git clone --depth=50 https://github.com/pester/Pester.git pester/Pester
Cloning into 'pester/Pester'...
remote: Enumerating objects: 677, done.[K
remote: Counting objects:   0% (1/677)   [Kremote: Counting objects:   1% (7/677)   [Kremote: Counting objects:   2% (14/677)   [Kremote: Counting objects:   3% (21/677)   [Kremote: Counting objects:   4% (28/677)   [Kremote: Counting objects:   5% (34/677)   [Kremote: Counting objects:   6% (41/677)   [Kremote: Counting objects:   7% (48/677)   [Kremote: Counting objects:   8% (55/677)   [Kremote: Counting objects:   9% (61/677)   [Kremote: Counting objects:  10% (68/677)   [Kremote: Counting objects:  11% (75/677)   [Kremote: Counting objects:  12% (82/677)   [Kremote: Counting objects:  13% (89/677)   [Kremote: Counting objects:  14% (95/677)   [Kremote: Counting objects:  15% (102/677)   [Kremote: Counting objects:  16% (109/677)   [Kremote: Counting objects:  17% (116/677)   [Kremote: Counting objects:  18% (122/677)   [Kremote: Counting objects:  19% (129/677)   [Kremote: Counting objects:  20% (136/677)   [Kremote: Counting objects:  21% (143/677)   [Kremote: Counting objects:  22% (149/677)   [Kremote: Counting objects:  23% (156/677)   [Kremote: Counting objects:  24% (163/677)   [Kremote: Counting objects:  25% (170/677)   [Kremote: Counting objects:  26% (177/677)   [Kremote: Counting objects:  27% (183/677)   [Kremote: Counting objects:  28% (190/677)   [Kremote: Counting objects:  29% (197/677)   [Kremote: Counting objects:  30% (204/677)   [Kremote: Counting objects:  31% (210/677)   [Kremote: Counting objects:  32% (217/677)   [Kremote: Counting objects:  33% (224/677)   [Kremote: Counting objects:  34% (231/677)   [Kremote: Counting objects:  35% (237/677)   [Kremote: Counting objects:  36% (244/677)   [Kremote: Counting objects:  37% (251/677)   [Kremote: Counting objects:  38% (258/677)   [Kremote: Counting objects:  39% (265/677)   [Kremote: Counting objects:  40% (271/677)   [Kremote: Counting objects:  41% (278/677)   [Kremote: Counting objects:  42% (285/677)   [Kremote: Counting objects:  43% (292/677)   [Kremote: Counting objects:  44% (298/677)   [Kremote: Counting objects:  45% (305/677)   [Kremote: Counting objects:  46% (312/677)   [Kremote: Counting objects:  47% (319/677)   [Kremote: Counting objects:  48% (325/677)   [Kremote: Counting objects:  49% (332/677)   [Kremote: Counting objects:  50% (339/677)   [Kremote: Counting objects:  51% (346/677)   [Kremote: Counting objects:  52% (353/677)   [Kremote: Counting objects:  53% (359/677)   [Kremote: Counting objects:  54% (366/677)   [Kremote: Counting objects:  55% (373/677)   [Kremote: Counting objects:  56% (380/677)   [Kremote: Counting objects:  57% (386/677)   [Kremote: Counting objects:  58% (393/677)   [Kremote: Counting objects:  59% (400/677)   [Kremote: Counting objects:  60% (407/677)   [Kremote: Counting objects:  61% (413/677)   [Kremote: Counting objects:  62% (420/677)   [Kremote: Counting objects:  63% (427/677)   [Kremote: Counting objects:  64% (434/677)   [Kremote: Counting objects:  65% (441/677)   [Kremote: Counting objects:  66% (447/677)   [Kremote: Counting objects:  67% (454/677)   [Kremote: Counting objects:  68% (461/677)   [Kremote: Counting objects:  69% (468/677)   [Kremote: Counting objects:  70% (474/677)   [Kremote: Counting objects:  71% (481/677)   [Kremote: Counting objects:  72% (488/677)   [Kremote: Counting objects:  73% (495/677)   [Kremote: Counting objects:  74% (501/677)   [Kremote: Counting objects:  75% (508/677)   [Kremote: Counting objects:  76% (515/677)   [Kremote: Counting objects:  77% (522/677)   [Kremote: Counting objects:  78% (529/677)   [Kremote: Counting objects:  79% (535/677)   [Kremote: Counting objects:  80% (542/677)   [Kremote: Counting objects:  81% (549/677)   [Kremote: Counting objects:  82% (556/677)   [Kremote: Counting objects:  83% (562/677)   [Kremote: Counting objects:  84% (569/677)   [Kremote: Counting objects:  85% (576/677)   [Kremote: Counting objects:  86% (583/677)   [Kremote: Counting objects:  87% (589/677)   [Kremote: Counting objects:  88% (596/677)   [Kremote: Counting objects:  89% (603/677)   [Kremote: Counting objects:  90% (610/677)   [Kremote: Counting objects:  91% (617/677)   [Kremote: Counting objects:  92% (623/677)   [Kremote: Counting objects:  93% (630/677)   [Kremote: Counting objects:  94% (637/677)   [Kremote: Counting objects:  95% (644/677)   [Kremote: Counting objects:  96% (650/677)   [Kremote: Counting objects:  97% (657/677)   [Kremote: Counting objects:  98% (664/677)   [Kremote: Counting objects:  99% (671/677)   [Kremote: Counting objects: 100% (677/677)   [Kremote: Counting objects: 100% (677/677), done.[K
remote: Compressing objects:   0% (1/370)   [Kremote: Compressing objects:   1% (4/370)   [Kremote: Compressing objects:   2% (8/370)   [Kremote: Compressing objects:   3% (12/370)   [Kremote: Compressing objects:   4% (15/370)   [Kremote: Compressing objects:   5% (19/370)   [Kremote: Compressing objects:   6% (23/370)   [Kremote: Compressing objects:   7% (26/370)   [Kremote: Compressing objects:   8% (30/370)   [Kremote: Compressing objects:   9% (34/370)   [Kremote: Compressing objects:  10% (37/370)   [Kremote: Compressing objects:  11% (41/370)   [Kremote: Compressing objects:  12% (45/370)   [Kremote: Compressing objects:  13% (49/370)   [Kremote: Compressing objects:  14% (52/370)   [Kremote: Compressing objects:  15% (56/370)   [Kremote: Compressing objects:  16% (60/370)   [Kremote: Compressing objects:  17% (63/370)   [Kremote: Compressing objects:  18% (67/370)   [Kremote: Compressing objects:  19% (71/370)   [Kremote: Compressing objects:  20% (74/370)   [Kremote: Compressing objects:  21% (78/370)   [Kremote: Compressing objects:  22% (82/370)   [Kremote: Compressing objects:  23% (86/370)   [Kremote: Compressing objects:  24% (89/370)   [Kremote: Compressing objects:  25% (93/370)   [Kremote: Compressing objects:  26% (97/370)   [Kremote: Compressing objects:  27% (100/370)   [Kremote: Compressing objects:  28% (104/370)   [Kremote: Compressing objects:  29% (108/370)   [Kremote: Compressing objects:  30% (111/370)   [Kremote: Compressing objects:  31% (115/370)   [Kremote: Compressing objects:  32% (119/370)   [Kremote: Compressing objects:  33% (123/370)   [Kremote: Compressing objects:  34% (126/370)   [Kremote: Compressing objects:  35% (130/370)   [Kremote: Compressing objects:  36% (134/370)   [Kremote: Compressing objects:  37% (137/370)   [Kremote: Compressing objects:  38% (141/370)   [Kremote: Compressing objects:  39% (145/370)   [Kremote: Compressing objects:  40% (148/370)   [Kremote: Compressing objects:  41% (152/370)   [Kremote: Compressing objects:  42% (156/370)   [Kremote: Compressing objects:  43% (160/370)   [Kremote: Compressing objects:  44% (163/370)   [Kremote: Compressing objects:  45% (167/370)   [Kremote: Compressing objects:  46% (171/370)   [Kremote: Compressing objects:  47% (174/370)   [Kremote: Compressing objects:  48% (178/370)   [Kremote: Compressing objects:  49% (182/370)   [Kremote: Compressing objects:  50% (185/370)   [Kremote: Compressing objects:  51% (189/370)   [Kremote: Compressing objects:  52% (193/370)   [Kremote: Compressing objects:  53% (197/370)   [Kremote: Compressing objects:  54% (200/370)   [Kremote: Compressing objects:  55% (204/370)   [Kremote: Compressing objects:  56% (208/370)   [Kremote: Compressing objects:  57% (211/370)   [Kremote: Compressing objects:  58% (215/370)   [Kremote: Compressing objects:  59% (219/370)   [Kremote: Compressing objects:  60% (222/370)   [Kremote: Compressing objects:  61% (226/370)   [Kremote: Compressing objects:  62% (230/370)   [Kremote: Compressing objects:  63% (234/370)   [Kremote: Compressing objects:  64% (237/370)   [Kremote: Compressing objects:  65% (241/370)   [Kremote: Compressing objects:  66% (245/370)   [Kremote: Compressing objects:  67% (248/370)   [Kremote: Compressing objects:  68% (252/370)   [Kremote: Compressing objects:  69% (256/370)   [Kremote: Compressing objects:  70% (259/370)   [Kremote: Compressing objects:  71% (263/370)   [Kremote: Compressing objects:  72% (267/370)   [Kremote: Compressing objects:  73% (271/370)   [Kremote: Compressing objects:  74% (274/370)   [Kremote: Compressing objects:  75% (278/370)   [Kremote: Compressing objects:  76% (282/370)   [Kremote: Compressing objects:  77% (285/370)   [Kremote: Compressing objects:  78% (289/370)   [Kremote: Compressing objects:  79% (293/370)   [Kremote: Compressing objects:  80% (296/370)   [Kremote: Compressing objects:  81% (300/370)   [Kremote: Compressing objects:  82% (304/370)   [Kremote: Compressing objects:  83% (308/370)   [Kremote: Compressing objects:  84% (311/370)   [Kremote: Compressing objects:  85% (315/370)   [Kremote: Compressing objects:  86% (319/370)   [Kremote: Compressing objects:  87% (322/370)   [Kremote: Compressing objects:  88% (326/370)   [Kremote: Compressing objects:  89% (330/370)   [Kremote: Compressing objects:  90% (333/370)   [Kremote: Compressing objects:  91% (337/370)   [Kremote: Compressing objects:  92% (341/370)   [Kremote: Compressing objects:  93% (345/370)   [Kremote: Compressing objects:  94% (348/370)   [Kremote: Compressing objects:  95% (352/370)   [Kremote: Compressing objects:  96% (356/370)   [Kremote: Compressing objects:  97% (359/370)   [Kremote: Compressing objects:  98% (363/370)   [Kremote: Compressing objects:  99% (367/370)   [Kremote: Compressing objects: 100% (370/370)   [Kremote: Compressing objects: 100% (370/370), done.[K
Receiving objects:   0% (1/677)   Receiving objects:   1% (7/677)   Receiving objects:   2% (14/677)   Receiving objects:   3% (21/677)   Receiving objects:   4% (28/677)   Receiving objects:   5% (34/677)   Receiving objects:   6% (41/677)   Receiving objects:   7% (48/677)   Receiving objects:   8% (55/677)   Receiving objects:   9% (61/677)   Receiving objects:  10% (68/677)   Receiving objects:  11% (75/677)   Receiving objects:  12% (82/677)   Receiving objects:  13% (89/677)   Receiving objects:  14% (95/677)   Receiving objects:  15% (102/677)   Receiving objects:  16% (109/677)   Receiving objects:  17% (116/677)   Receiving objects:  18% (122/677)   Receiving objects:  19% (129/677)   Receiving objects:  20% (136/677)   Receiving objects:  21% (143/677)   Receiving objects:  22% (149/677)   Receiving objects:  23% (156/677)   Receiving objects:  24% (163/677)   Receiving objects:  25% (170/677)   Receiving objects:  26% (177/677)   Receiving objects:  27% (183/677)   Receiving objects:  28% (190/677)   Receiving objects:  29% (197/677)   Receiving objects:  30% (204/677)   Receiving objects:  31% (210/677)   Receiving objects:  32% (217/677)   Receiving objects:  33% (224/677)   Receiving objects:  34% (231/677)   Receiving objects:  35% (237/677)   Receiving objects:  36% (244/677)   Receiving objects:  37% (251/677)   Receiving objects:  38% (258/677)   Receiving objects:  39% (265/677)   Receiving objects:  40% (271/677)   Receiving objects:  41% (278/677)   Receiving objects:  42% (285/677)   Receiving objects:  43% (292/677)   Receiving objects:  44% (298/677)   Receiving objects:  45% (305/677)   Receiving objects:  46% (312/677)   Receiving objects:  47% (319/677)   Receiving objects:  48% (325/677)   Receiving objects:  49% (332/677)   Receiving objects:  50% (339/677)   Receiving objects:  51% (346/677)   Receiving objects:  52% (353/677)   Receiving objects:  53% (359/677)   Receiving objects:  54% (366/677)   Receiving objects:  55% (373/677)   Receiving objects:  56% (380/677)   Receiving objects:  57% (386/677)   Receiving objects:  58% (393/677)   Receiving objects:  59% (400/677)   Receiving objects:  60% (407/677)   Receiving objects:  61% (413/677)   Receiving objects:  62% (420/677)   Receiving objects:  63% (427/677)   Receiving objects:  64% (434/677)   Receiving objects:  65% (441/677)   Receiving objects:  66% (447/677)   Receiving objects:  67% (454/677)   Receiving objects:  68% (461/677)   Receiving objects:  69% (468/677)   Receiving objects:  70% (474/677)   Receiving objects:  71% (481/677)   Receiving objects:  72% (488/677)   Receiving objects:  73% (495/677)   Receiving objects:  74% (501/677)   Receiving objects:  75% (508/677)   Receiving objects:  76% (515/677)   Receiving objects:  77% (522/677)   Receiving objects:  78% (529/677)   Receiving objects:  79% (535/677)   Receiving objects:  80% (542/677)   Receiving objects:  81% (549/677)   Receiving objects:  82% (556/677)   Receiving objects:  83% (562/677)   Receiving objects:  84% (569/677)   Receiving objects:  85% (576/677)   Receiving objects:  86% (583/677)   Receiving objects:  87% (589/677)   Receiving objects:  88% (596/677)   Receiving objects:  89% (603/677)   Receiving objects:  90% (610/677)   Receiving objects:  91% (617/677)   Receiving objects:  92% (623/677)   Receiving objects:  93% (630/677)   Receiving objects:  94% (637/677)   Receiving objects:  95% (644/677)   Receiving objects:  96% (650/677)   remote: Total 677 (delta 372), reused 491 (delta 298), pack-reused 0[K
Receiving objects:  97% (657/677)   Receiving objects:  98% (664/677)   Receiving objects:  99% (671/677)   Receiving objects: 100% (677/677)   Receiving objects: 100% (677/677), 4.21 MiB | 14.47 MiB/s, done.
Resolving deltas:   0% (0/372)   Resolving deltas:   1% (6/372)   Resolving deltas:  21% (79/372)   Resolving deltas:  22% (83/372)   Resolving deltas:  24% (90/372)   Resolving deltas:  25% (93/372)   Resolving deltas:  26% (97/372)   Resolving deltas:  27% (101/372)   Resolving deltas:  29% (108/372)   Resolving deltas:  30% (112/372)   Resolving deltas:  31% (117/372)   Resolving deltas:  32% (121/372)   Resolving deltas:  33% (123/372)   Resolving deltas:  35% (131/372)   Resolving deltas:  36% (136/372)   Resolving deltas:  37% (140/372)   Resolving deltas:  38% (142/372)   Resolving deltas:  39% (146/372)   Resolving deltas:  40% (151/372)   Resolving deltas:  41% (153/372)   Resolving deltas:  42% (157/372)   Resolving deltas:  43% (161/372)   Resolving deltas:  44% (164/372)   Resolving deltas:  45% (168/372)   Resolving deltas:  46% (172/372)   Resolving deltas:  47% (175/372)   Resolving deltas:  48% (180/372)   Resolving deltas:  50% (189/372)   Resolving deltas:  51% (190/372)   Resolving deltas:  52% (196/372)   Resolving deltas:  53% (198/372)   Resolving deltas:  54% (201/372)   Resolving deltas:  55% (205/372)   Resolving deltas:  56% (209/372)   Resolving deltas:  57% (213/372)   Resolving deltas:  58% (216/372)   Resolving deltas:  59% (222/372)   Resolving deltas:  63% (238/372)   Resolving deltas:  64% (240/372)   Resolving deltas:  65% (242/372)   Resolving deltas:  66% (248/372)   Resolving deltas:  67% (251/372)   Resolving deltas:  69% (258/372)   Resolving deltas:  70% (263/372)   Resolving deltas:  71% (265/372)   Resolving deltas:  72% (268/372)   Resolving deltas:  73% (274/372)   Resolving deltas:  74% (277/372)   Resolving deltas:  75% (279/372)   Resolving deltas:  76% (284/372)   Resolving deltas:  79% (296/372)   Resolving deltas:  80% (300/372)   Resolving deltas:  90% (335/372)   Resolving deltas:  91% (339/372)   Resolving deltas:  92% (344/372)   Resolving deltas:  93% (346/372)   Resolving deltas:  94% (350/372)   Resolving deltas:  95% (355/372)   Resolving deltas:  96% (358/372)   Resolving deltas:  97% (364/372)   Resolving deltas:  98% (365/372)   Resolving deltas:  99% (371/372)   Resolving deltas: 100% (372/372)   Resolving deltas: 100% (372/372), done.
travis_time:end:0e1fc56d:start=1563848302629324000,finish=1563848303611782000,duration=982458000[0K$ cd pester/Pester
travis_time:start:05f69c16[0K$ git fetch origin +refs/pull/1335/merge:
remote: Enumerating objects: 1881, done.[K
remote: Counting objects:   0% (1/1079)   [Kremote: Counting objects:   1% (11/1079)   [Kremote: Counting objects:   2% (22/1079)   [Kremote: Counting objects:   3% (33/1079)   [Kremote: Counting objects:   4% (44/1079)   [Kremote: Counting objects:   5% (54/1079)   [Kremote: Counting objects:   6% (65/1079)   [Kremote: Counting objects:   7% (76/1079)   [Kremote: Counting objects:   8% (87/1079)   [Kremote: Counting objects:   9% (98/1079)   [Kremote: Counting objects:  10% (108/1079)   [Kremote: Counting objects:  11% (119/1079)   [Kremote: Counting objects:  12% (130/1079)   [Kremote: Counting objects:  13% (141/1079)   [Kremote: Counting objects:  14% (152/1079)   [Kremote: Counting objects:  15% (162/1079)   [Kremote: Counting objects:  16% (173/1079)   [Kremote: Counting objects:  17% (184/1079)   [Kremote: Counting objects:  18% (195/1079)   [Kremote: Counting objects:  19% (206/1079)   [Kremote: Counting objects:  20% (216/1079)   [Kremote: Counting objects:  21% (227/1079)   [Kremote: Counting objects:  22% (238/1079)   [Kremote: Counting objects:  23% (249/1079)   [Kremote: Counting objects:  24% (259/1079)   [Kremote: Counting objects:  25% (270/1079)   [Kremote: Counting objects:  26% (281/1079)   [Kremote: Counting objects:  27% (292/1079)   [Kremote: Counting objects:  28% (303/1079)   [Kremote: Counting objects:  29% (313/1079)   [Kremote: Counting objects:  30% (324/1079)   [Kremote: Counting objects:  31% (335/1079)   [Kremote: Counting objects:  32% (346/1079)   [Kremote: Counting objects:  33% (357/1079)   [Kremote: Counting objects:  34% (367/1079)   [Kremote: Counting objects:  35% (378/1079)   [Kremote: Counting objects:  36% (389/1079)   [Kremote: Counting objects:  37% (400/1079)   [Kremote: Counting objects:  38% (411/1079)   [Kremote: Counting objects:  39% (421/1079)   [Kremote: Counting objects:  40% (432/1079)   [Kremote: Counting objects:  41% (443/1079)   [Kremote: Counting objects:  42% (454/1079)   [Kremote: Counting objects:  43% (464/1079)   [Kremote: Counting objects:  44% (475/1079)   [Kremote: Counting objects:  45% (486/1079)   [Kremote: Counting objects:  46% (497/1079)   [Kremote: Counting objects:  47% (508/1079)   [Kremote: Counting objects:  48% (518/1079)   [Kremote: Counting objects:  49% (529/1079)   [Kremote: Counting objects:  50% (540/1079)   [Kremote: Counting objects:  51% (551/1079)   [Kremote: Counting objects:  52% (562/1079)   [Kremote: Counting objects:  53% (572/1079)   [Kremote: Counting objects:  54% (583/1079)   [Kremote: Counting objects:  55% (594/1079)   [Kremote: Counting objects:  56% (605/1079)   [Kremote: Counting objects:  57% (616/1079)   [Kremote: Counting objects:  58% (626/1079)   [Kremote: Counting objects:  59% (637/1079)   [Kremote: Counting objects:  60% (648/1079)   [Kremote: Counting objects:  61% (659/1079)   [Kremote: Counting objects:  62% (669/1079)   [Kremote: Counting objects:  63% (680/1079)   [Kremote: Counting objects:  64% (691/1079)   [Kremote: Counting objects:  65% (702/1079)   [Kremote: Counting objects:  66% (713/1079)   [Kremote: Counting objects:  67% (723/1079)   [Kremote: Counting objects:  68% (734/1079)   [Kremote: Counting objects:  69% (745/1079)   [Kremote: Counting objects:  70% (756/1079)   [Kremote: Counting objects:  71% (767/1079)   [Kremote: Counting objects:  72% (777/1079)   [Kremote: Counting objects:  73% (788/1079)   [Kremote: Counting objects:  74% (799/1079)   [Kremote: Counting objects:  75% (810/1079)   [Kremote: Counting objects:  76% (821/1079)   [Kremote: Counting objects:  77% (831/1079)   [Kremote: Counting objects:  78% (842/1079)   [Kremote: Counting objects:  79% (853/1079)   [Kremote: Counting objects:  80% (864/1079)   [Kremote: Counting objects:  81% (874/1079)   [Kremote: Counting objects:  82% (885/1079)   [Kremote: Counting objects:  83% (896/1079)   [Kremote: Counting objects:  84% (907/1079)   [Kremote: Counting objects:  85% (918/1079)   [Kremote: Counting objects:  86% (928/1079)   [Kremote: Counting objects:  87% (939/1079)   [Kremote: Counting objects:  88% (950/1079)   [Kremote: Counting objects:  89% (961/1079)   [Kremote: Counting objects:  90% (972/1079)   [Kremote: Counting objects:  91% (982/1079)   [Kremote: Counting objects:  92% (993/1079)   [Kremote: Counting objects:  93% (1004/1079)   [Kremote: Counting objects:  94% (1015/1079)   [Kremote: Counting objects:  95% (1026/1079)   [Kremote: Counting objects:  96% (1036/1079)   [Kremote: Counting objects:  97% (1047/1079)   [Kremote: Counting objects:  98% (1058/1079)   [Kremote: Counting objects:  99% (1069/1079)   [Kremote: Counting objects: 100% (1079/1079)   [Kremote: Counting objects: 100% (1079/1079), done.[K
remote: Compressing objects:   0% (1/320)   [Kremote: Compressing objects:   1% (4/320)   [Kremote: Compressing objects:   2% (7/320)   [Kremote: Compressing objects:   3% (10/320)   [Kremote: Compressing objects:   4% (13/320)   [Kremote: Compressing objects:   5% (16/320)   [Kremote: Compressing objects:   6% (20/320)   [Kremote: Compressing objects:   7% (23/320)   [Kremote: Compressing objects:   8% (26/320)   [Kremote: Compressing objects:   9% (29/320)   [Kremote: Compressing objects:  10% (32/320)   [Kremote: Compressing objects:  11% (36/320)   [Kremote: Compressing objects:  12% (39/320)   [Kremote: Compressing objects:  13% (42/320)   [Kremote: Compressing objects:  14% (45/320)   [Kremote: Compressing objects:  15% (48/320)   [Kremote: Compressing objects:  16% (52/320)   [Kremote: Compressing objects:  17% (55/320)   [Kremote: Compressing objects:  18% (58/320)   [Kremote: Compressing objects:  19% (61/320)   [Kremote: Compressing objects:  20% (64/320)   [Kremote: Compressing objects:  21% (68/320)   [Kremote: Compressing objects:  22% (71/320)   [Kremote: Compressing objects:  23% (74/320)   [Kremote: Compressing objects:  24% (77/320)   [Kremote: Compressing objects:  25% (80/320)   [Kremote: Compressing objects:  26% (84/320)   [Kremote: Compressing objects:  27% (87/320)   [Kremote: Compressing objects:  28% (90/320)   [Kremote: Compressing objects:  29% (93/320)   [Kremote: Compressing objects:  30% (96/320)   [Kremote: Compressing objects:  31% (100/320)   [Kremote: Compressing objects:  32% (103/320)   [Kremote: Compressing objects:  33% (106/320)   [Kremote: Compressing objects:  34% (109/320)   [Kremote: Compressing objects:  35% (112/320)   [Kremote: Compressing objects:  36% (116/320)   [Kremote: Compressing objects:  37% (119/320)   [Kremote: Compressing objects:  38% (122/320)   [Kremote: Compressing objects:  39% (125/320)   [Kremote: Compressing objects:  40% (128/320)   [Kremote: Compressing objects:  41% (132/320)   [Kremote: Compressing objects:  42% (135/320)   [Kremote: Compressing objects:  43% (138/320)   [Kremote: Compressing objects:  44% (141/320)   [Kremote: Compressing objects:  45% (144/320)   [Kremote: Compressing objects:  46% (148/320)   [Kremote: Compressing objects:  47% (151/320)   [Kremote: Compressing objects:  48% (154/320)   [Kremote: Compressing objects:  49% (157/320)   [Kremote: Compressing objects:  50% (160/320)   [Kremote: Compressing objects:  51% (164/320)   [Kremote: Compressing objects:  52% (167/320)   [Kremote: Compressing objects:  53% (170/320)   [Kremote: Compressing objects:  54% (173/320)   [Kremote: Compressing objects:  55% (176/320)   [Kremote: Compressing objects:  56% (180/320)   [Kremote: Compressing objects:  57% (183/320)   [Kremote: Compressing objects:  58% (186/320)   [Kremote: Compressing objects:  59% (189/320)   [Kremote: Compressing objects:  60% (192/320)   [Kremote: Compressing objects:  61% (196/320)   [Kremote: Compressing objects:  62% (199/320)   [Kremote: Compressing objects:  63% (202/320)   [Kremote: Compressing objects:  64% (205/320)   [Kremote: Compressing objects:  65% (208/320)   [Kremote: Compressing objects:  66% (212/320)   [Kremote: Compressing objects:  67% (215/320)   [Kremote: Compressing objects:  68% (218/320)   [Kremote: Compressing objects:  69% (221/320)   [Kremote: Compressing objects:  70% (224/320)   [Kremote: Compressing objects:  71% (228/320)   [Kremote: Compressing objects:  72% (231/320)   [Kremote: Compressing objects:  73% (234/320)   [Kremote: Compressing objects:  74% (237/320)   [Kremote: Compressing objects:  75% (240/320)   [Kremote: Compressing objects:  76% (244/320)   [Kremote: Compressing objects:  77% (247/320)   [Kremote: Compressing objects:  78% (250/320)   [Kremote: Compressing objects:  79% (253/320)   [Kremote: Compressing objects:  80% (256/320)   [Kremote: Compressing objects:  81% (260/320)   [Kremote: Compressing objects:  82% (263/320)   [Kremote: Compressing objects:  83% (266/320)   [Kremote: Compressing objects:  84% (269/320)   [Kremote: Compressing objects:  85% (272/320)   [Kremote: Compressing objects:  86% (276/320)   [Kremote: Compressing objects:  87% (279/320)   [Kremote: Compressing objects:  88% (282/320)   [Kremote: Compressing objects:  89% (285/320)   [Kremote: Compressing objects:  90% (288/320)   [Kremote: Compressing objects:  91% (292/320)   [Kremote: Compressing objects:  92% (295/320)   [Kremote: Compressing objects:  93% (298/320)   [Kremote: Compressing objects:  94% (301/320)   [Kremote: Compressing objects:  95% (304/320)   [Kremote: Compressing objects:  96% (308/320)   [Kremote: Compressing objects:  97% (311/320)   [Kremote: Compressing objects:  98% (314/320)   [Kremote: Compressing objects:  99% (317/320)   [Kremote: Compressing objects: 100% (320/320)   [Kremote: Compressing objects: 100% (320/320), done.[K
Receiving objects:   0% (1/891)   Receiving objects:   1% (9/891)   Receiving objects:   2% (18/891)   Receiving objects:   3% (27/891)   Receiving objects:   4% (36/891)   Receiving objects:   5% (45/891)   Receiving objects:   6% (54/891)   Receiving objects:   7% (63/891)   Receiving objects:   8% (72/891)   Receiving objects:   9% (81/891)   Receiving objects:  10% (90/891)   Receiving objects:  11% (99/891)   Receiving objects:  12% (107/891)   Receiving objects:  13% (116/891)   Receiving objects:  14% (125/891)   Receiving objects:  15% (134/891)   Receiving objects:  16% (143/891)   Receiving objects:  17% (152/891)   Receiving objects:  18% (161/891)   Receiving objects:  19% (170/891)   Receiving objects:  20% (179/891)   Receiving objects:  21% (188/891)   Receiving objects:  22% (197/891)   Receiving objects:  23% (205/891)   Receiving objects:  24% (214/891)   Receiving objects:  25% (223/891)   Receiving objects:  26% (232/891)   Receiving objects:  27% (241/891)   Receiving objects:  28% (250/891)   Receiving objects:  29% (259/891)   Receiving objects:  30% (268/891)   Receiving objects:  31% (277/891)   Receiving objects:  32% (286/891)   Receiving objects:  33% (295/891)   Receiving objects:  34% (303/891)   Receiving objects:  35% (312/891)   Receiving objects:  36% (321/891)   Receiving objects:  37% (330/891)   Receiving objects:  38% (339/891)   Receiving objects:  39% (348/891)   Receiving objects:  40% (357/891)   Receiving objects:  41% (366/891)   Receiving objects:  42% (375/891)   Receiving objects:  43% (384/891)   Receiving objects:  44% (393/891)   Receiving objects:  45% (401/891)   Receiving objects:  46% (410/891)   Receiving objects:  47% (419/891)   Receiving objects:  48% (428/891)   Receiving objects:  49% (437/891)   Receiving objects:  50% (446/891)   Receiving objects:  51% (455/891)   Receiving objects:  52% (464/891)   Receiving objects:  53% (473/891)   Receiving objects:  54% (482/891)   Receiving objects:  55% (491/891)   Receiving objects:  56% (499/891)   Receiving objects:  57% (508/891)   Receiving objects:  58% (517/891)   Receiving objects:  59% (526/891)   Receiving objects:  60% (535/891)   Receiving objects:  61% (544/891)   Receiving objects:  62% (553/891)   Receiving objects:  63% (562/891)   Receiving objects:  64% (571/891)   Receiving objects:  65% (580/891)   Receiving objects:  66% (589/891)   Receiving objects:  67% (597/891)   Receiving objects:  68% (606/891)   Receiving objects:  69% (615/891)   Receiving objects:  70% (624/891)   Receiving objects:  71% (633/891)   Receiving objects:  72% (642/891)   Receiving objects:  73% (651/891)   Receiving objects:  74% (660/891)   Receiving objects:  75% (669/891)   Receiving objects:  76% (678/891)   Receiving objects:  77% (687/891)   Receiving objects:  78% (695/891)   Receiving objects:  79% (704/891)   Receiving objects:  80% (713/891)   Receiving objects:  81% (722/891)   Receiving objects:  82% (731/891)   Receiving objects:  83% (740/891)   Receiving objects:  84% (749/891)   Receiving objects:  85% (758/891)   Receiving objects:  86% (767/891)   Receiving objects:  87% (776/891)   Receiving objects:  88% (785/891)   Receiving objects:  89% (793/891)   Receiving objects:  90% (802/891)   Receiving objects:  91% (811/891)   Receiving objects:  92% (820/891)   Receiving objects:  93% (829/891)   Receiving objects:  94% (838/891)   remote: Total 891 (delta 697), reused 749 (delta 563), pack-reused 0[K
Receiving objects:  95% (847/891)   Receiving objects:  96% (856/891)   Receiving objects:  97% (865/891)   Receiving objects:  98% (874/891)   Receiving objects:  99% (883/891)   Receiving objects: 100% (891/891)   Receiving objects: 100% (891/891), 531.61 KiB | 8.31 MiB/s, done.
Resolving deltas:   0% (0/697)   Resolving deltas:   2% (18/697)   Resolving deltas:   3% (22/697)   Resolving deltas:   4% (30/697)   Resolving deltas:   6% (45/697)   Resolving deltas:   8% (58/697)   Resolving deltas:   9% (66/697)   Resolving deltas:  10% (76/697)   Resolving deltas:  11% (78/697)   Resolving deltas:  14% (101/697)   Resolving deltas:  15% (105/697)   Resolving deltas:  16% (112/697)   Resolving deltas:  17% (119/697)   Resolving deltas:  18% (126/697)   Resolving deltas:  19% (139/697)   Resolving deltas:  20% (145/697)   Resolving deltas:  21% (150/697)   Resolving deltas:  22% (160/697)   Resolving deltas:  23% (163/697)   Resolving deltas:  30% (213/697)   Resolving deltas:  31% (217/697)   Resolving deltas:  32% (227/697)   Resolving deltas:  33% (234/697)   Resolving deltas:  35% (245/697)   Resolving deltas:  47% (329/697)   Resolving deltas:  48% (339/697)   Resolving deltas:  49% (343/697)   Resolving deltas:  50% (349/697)   Resolving deltas:  51% (356/697)   Resolving deltas:  52% (363/697)   Resolving deltas:  53% (371/697)   Resolving deltas:  54% (377/697)   Resolving deltas:  55% (384/697)   Resolving deltas:  56% (392/697)   Resolving deltas:  57% (398/697)   Resolving deltas:  58% (405/697)   Resolving deltas:  59% (413/697)   Resolving deltas:  60% (421/697)   Resolving deltas:  61% (427/697)   Resolving deltas:  62% (435/697)   Resolving deltas:  63% (443/697)   Resolving deltas:  64% (449/697)   Resolving deltas:  65% (455/697)   Resolving deltas:  66% (462/697)   Resolving deltas:  67% (469/697)   Resolving deltas:  68% (474/697)   Resolving deltas:  69% (482/697)   Resolving deltas:  70% (488/697)   Resolving deltas:  71% (495/697)   Resolving deltas:  73% (509/697)   Resolving deltas:  75% (528/697)   Resolving deltas:  79% (552/697)   Resolving deltas:  80% (558/697)   Resolving deltas:  82% (575/697)   Resolving deltas:  83% (580/697)   Resolving deltas:  84% (586/697)   Resolving deltas:  85% (593/697)   Resolving deltas:  86% (602/697)   Resolving deltas:  87% (608/697)   Resolving deltas:  89% (622/697)   Resolving deltas:  90% (634/697)   Resolving deltas:  91% (640/697)   Resolving deltas:  92% (645/697)   Resolving deltas:  93% (653/697)   Resolving deltas:  94% (657/697)   Resolving deltas:  95% (663/697)   Resolving deltas:  96% (671/697)   Resolving deltas: 100% (697/697)   Resolving deltas: 100% (697/697), completed with 118 local objects.
From https://github.com/pester/Pester
 * branch            refs/pull/1335/merge -> FETCH_HEAD
travis_time:end:05f69c16:start=1563848303652476000,finish=1563848304269553000,duration=617077000[0K$ git checkout -qf FETCH_HEAD
travis_fold:end:git.checkout[0K
$ bash -c 'echo $BASH_VERSION'
3.2.57(1)-release

travis_fold:start:before_install[0Ktravis_time:start:1c786aba[0K$ brew cask install powershell
[34m==>[0m [1mCaveats[0m
A OpenSSL-backed libcurl is required for custom handling of certificates.
This is rarely needed, but you can install it with
  brew install curl --with-openssl
See https://github.com/PowerShell/PowerShell/issues/2211

[34m==>[0m [1mSatisfying dependencies[0m
All Formula dependencies satisfied.
[34m==>[0m [1mDownloading https://github.com/PowerShell/PowerShell/releases/download/v6.0.0-beta.9/powershell-6.0.0-beta.9-osx.10.12-x64.pkg[0m
[34m==>[0m [1mVerifying checksum for Cask powershell[0m
[32m==>[0m [1mInstalling Cask powershell[0m
[34m==>[0m [1mRunning installer for powershell; your password may be necessary.[0m
[34m==>[0m [1mPackage installers may write to any location; options such as --appdir are ignored.[0m
[34m==>[0m [1minstaller: Package name is powershell-6.0.0-beta.9-osx.10.12-x64[0m
[34m==>[0m [1minstaller: Installing at base path /[0m
[34m==>[0m [1minstaller: The install was successful.[0m
ğŸº  powershell was successfully installed!
travis_time:end:1c786aba:start=1563848304463199000,finish=1563848313860513000,duration=9397314000[0Ktravis_fold:end:before_install[0Ktravis_time:start:02bc8a38[0K$ pwsh -c 'Set-StrictMode -Version Latest; $r = Get-ChildItem *.ts.ps1 -Recurse | foreach { & $_.FullName -PassThru } ; if ([bool]($r | Where-Object { $_.Failed -gt 0 })) { exit 1 }; $global:PesterDebugPreference_ShowFullErrors = $true ;Import-Module ./Pester.psd1; Invoke-Pester -ExcludeTag VersionChecks, StyleRules, Help -ExcludePath '*/demo/*' -CI'
[?1h=[39;49m[36m[39;49m[36m| - basic mocking in RSpec Pester[39;49m[39;49m
[39;49m[35m[39;49m[35mStarting test discovery in 1 files.[39;49m[39;49m
[39;49m[35m[39;49m[35mDiscovering tests in 
                BeforeAll { function f { "real" } }
                Describe 'd1' {
                    It 'i1' {
                        Mock f { "mock" }
                        f
                    }
                }
            .[39;49m[39;49m
[39;49m[35m[39;49m[35mFound 1 tests. 226ms[39;49m[39;49m
[39;49m[35m[39;49m[35mTest discovery finished. 391ms[39;49m[39;49m

[39;49m[32m[39;49m[32mDescribing d1[39;49m[39;49m
[39;49m[31m[39;49m[31m    [-] i1[39;49m[39;49m[39;49m[30m[39;49m[30m 645ms (581ms|64ms)[39;49m[39;49m
[39;49m[31m[39;49m[31m      PropertyNotFoundException: The property 'Value' cannot be found on this object. Verify that the property exists.[39;49m[39;49m
[39;49m[31m[39;49m[31m      at <ScriptBlock>, /Users/travis/build/pester/Pester/new-runtimepoc/Pester.Runtime.psm1:1408[39;49m[39;49m
[39;49m[31m[39;49m[31m      at <ScriptBlock>, /Users/travis/build/pester/Pester/new-runtimepoc/Pester.Runtime.psm1:1355[39;49m[39;49m
[39;49m[31m[39;49m[31m      at Invoke-ScriptBlock, /Users/travis/build/pester/Pester/new-runtimepoc/Pester.Runtime.psm1:1537[39;49m[39;49m
[39;49m[31m[39;49m[31m      at Invoke-TestItem, /Users/travis/build/pester/Pester/new-runtimepoc/Pester.Runtime.psm1:589[39;49m[39;49m
[39;49m[31m[39;49m[31m      at Invoke-Block, /Users/travis/build/pester/Pester/new-runtimepoc/Pester.Runtime.psm1:262[39;49m[39;49m
[39;49m[31m[39;49m[31m      at <ScriptBlock>, /Users/travis/build/pester/Pester/new-runtimepoc/Pester.Runtime.psm1:333[39;49m[39;49m
[39;49m[31m[39;49m[31m      at <ScriptBlock>, /Users/travis/build/pester/Pester/new-runtimepoc/Pester.Runtime.psm1:1399[39;49m[39;49m
[39;49m[31m[39;49m[31m      at <ScriptBlock>, /Users/travis/build/pester/Pester/new-runtimepoc/Pester.Runtime.psm1:1355[39;49m[39;49m
[39;49m[31m[39;49m[31m      at Invoke-ScriptBlock, /Users/travis/build/pester/Pester/new-runtimepoc/Pester.Runtime.psm1:1540[39;49m[39;49m
[39;49m[31m[39;49m[31m      at Invoke-Block, /Users/travis/build/pester/Pester/new-runtimepoc/Pester.Runtime.psm1:362[39;49m[39;49m
[39;49m[31m[39;49m[31m      at Run-Test, /Users/travis/build/pester/Pester/new-runtimepoc/Pester.Runtime.psm1:1133[39;49m[39;49m
[39;49m[31m[39;49m[31m      at Invoke-Test, /Users/travis/build/pester/Pester/new-runtimepoc/Pester.Runtime.psm1:1876[39;49m[39;49m
[39;49m[31m[39;49m[31m      at Invoke-Pester<End>, /Users/travis/build/pester/Pester/Pester.psm1:729[39;49m[39;49m
[39;49m[31m[39;49m[31m      at <ScriptBlock>, /Users/travis/build/pester/Pester/new-runtimepoc/Pester.Mock.RSpec.ts.ps1:20[39;49m[39;49m
[39;49m[31m[39;49m[31m      at t, /Users/travis/build/pester/Pester/new-runtimepoc/p.psm1:103[39;49m[39;49m
[39;49m[31m[39;49m[31m      at <ScriptBlock>, /Users/travis/build/pester/Pester/new-runtimepoc/Pester.Mock.RSpec.ts.ps1:19[39;49m[39;49m
[39;49m[31m[39;49m[31m      at b, /Users/travis/build/pester/Pester/new-runtimepoc/p.psm1:77[39;49m[39;49m
[39;49m[31m[39;49m[31m      at <ScriptBlock>, /Users/travis/build/pester/Pester/new-runtimepoc/Pester.Mock.RSpec.ts.ps1:18[39;49m[39;49m
[39;49m[31m[39;49m[31m      at i, /Users/travis/build/pester/Pester/new-runtimepoc/p.psm1:43[39;49m[39;49m
[39;49m[31m[39;49m[31m      at <ScriptBlock>, /Users/travis/build/pester/Pester/new-runtimepoc/Pester.Mock.RSpec.ts.ps1:17[39;49m[39;49m
[39;49m[31m[39;49m[31mBlock 'd1' failed[39;49m[39;49m
[39;49m[31m[39;49m[31m      PropertyNotFoundException: The property 'Value' cannot be found on this object. Verify that the property exists.[39;49m[39;49m
[39;49m[31m[39;49m[31m      at <ScriptBlock>, /Users/travis/build/pester/Pester/new-runtimepoc/Pester.Runtime.psm1:1408[39;49m[39;49m
[39;49m[31m[39;49m[31m      at <ScriptBlock>, /Users/travis/build/pester/Pester/new-runtimepoc/Pester.Runtime.psm1:1355[39;49m[39;49m
[39;49m[31m[39;49m[31m      at Invoke-ScriptBlock, /Users/travis/build/pester/Pester/new-runtimepoc/Pester.Runtime.psm1:1540[39;49m[39;49m
[39;49m[31m[39;49m[31m      at Invoke-Block, /Users/travis/build/pester/Pester/new-runtimepoc/Pester.Runtime.psm1:362[39;49m[39;49m
[39;49m[31m[39;49m[31m      at Run-Test, /Users/travis/build/pester/Pester/new-runtimepoc/Pester.Runtime.psm1:1133[39;49m[39;49m
[39;49m[31m[39;49m[31m      at Invoke-Test, /Users/travis/build/pester/Pester/new-runtimepoc/Pester.Runtime.psm1:1876[39;49m[39;49m
[39;49m[31m[39;49m[31m      at Invoke-Pester<End>, /Users/travis/build/pester/Pester/Pester.psm1:729[39;49m[39;49m
[39;49m[31m[39;49m[31m      at <ScriptBlock>, /Users/travis/build/pester/Pester/new-runtimepoc/Pester.Mock.RSpec.ts.ps1:20[39;49m[39;49m
[39;49m[31m[39;49m[31m      at t, /Users/travis/build/pester/Pester/new-runtimepoc/p.psm1:103[39;49m[39;49m
[39;49m[31m[39;49m[31m      at <ScriptBlock>, /Users/travis/build/pester/Pester/new-runtimepoc/Pester.Mock.RSpec.ts.ps1:19[39;49m[39;49m
[39;49m[31m[39;49m[31m      at b, /Users/travis/build/pester/Pester/new-runtimepoc/p.psm1:77[39;49m[39;49m
[39;49m[31m[39;49m[31m      at <ScriptBlock>, /Users/travis/build/pester/Pester/new-runtimepoc/Pester.Mock.RSpec.ts.ps1:18[39;49m[39;49m
[39;49m[31m[39;49m[31m      at i, /Users/travis/build/pester/Pester/new-runtimepoc/p.psm1:43[39;49m[39;49m
[39;49m[31m[39;49m[31m      at <ScriptBlock>, /Users/travis/build/pester/Pester/new-runtimepoc/Pester.Mock.RSpec.ts.ps1:17[39;49m[39;49m
[39;49m[37m[39;49m[37mTests completed in 0ms[39;49m[39;49m
[39;49m[37m[39;49m[37mTests Passed: 0, [39;49m[39;49m[39;49m[31m[39;49m[31mFailed: 1, [39;49m[39;49m[39;49m[30m[39;49m[30mSkipped: 0, [39;49m[39;49m[39;49m[30m[39;49m[30mPending: 0, [39;49m[39;49m[39;49m[30m[39;49m[30mInconclusive: 0 [39;49m[39;49m
[39;49m[31m[39;49m[31m[-] - running a single mock in one It -> Expected and actual values differ!
Expected: 'mock'
Actual  : ''
at Verify-Equal, /Users/travis/build/pester/Pester/Dependencies/Axiom/Verify-Equal.ps1:16
at <ScriptBlock>, /Users/travis/build/pester/Pester/new-runtimepoc/Pester.Mock.RSpec.ts.ps1:30
at t, /Users/travis/build/pester/Pester/new-runtimepoc/p.psm1:103
at <ScriptBlock>, /Users/travis/build/pester/Pester/new-runtimepoc/Pester.Mock.RSpec.ts.ps1:19
at b, /Users/travis/build/pester/Pester/new-runtimepoc/p.psm1:77
at <ScriptBlock>, /Users/travis/build/pester/Pester/new-runtimepoc/Pester.Mock.RSpec.ts.ps1:18
at i, /Users/travis/build/pester/Pester/new-runtimepoc/p.psm1:43
at <ScriptBlock>, /Users/travis/build/pester/Pester/new-runtimepoc/Pester.Mock.RSpec.ts.ps1:17
at <ScriptBlock>, <No file>:1
at <ScriptBlock>, <No file>:1
[39;49m[39;49m
[39;49m[35m[39;49m[35mStarting test discovery in 1 files.[39;49m[39;49m
[39;49m[35m[39;49m[35mDiscovering tests in 
                BeforeAll { function f { "real" } }
                Describe 'd1' {
                    It 'i1' {
                        Mock f { "mock" }
                        f
                    }

                    It 'i2' {
                        f
                    }
                }
            .[39;49m[39;49m
[39;49m[35m[39;49m[35mFound 2 tests. 38ms[39;49m[39;49m
[39;49m[35m[39;49m[35mTest discovery finished. 122ms[39;49m[39;49m

[39;49m[32m[39;49m[32mDescribing d1[39;49m[39;49m
[39;49m[31m[39;49m[31m    [-] i1[39;49m[39;49m[39;49m[30m[39;49m[30m 114ms (101ms|12ms)[39;49m[39;49m
[39;49m[31m[39;49m[31m      PropertyNotFoundException: The property 'Value' cannot be found on this object. Verify that the property exists.[39;49m[39;49m
[39;49m[31m[39;49m[31m      at <ScriptBlock>, /Users/travis/build/pester/Pester/new-runtimepoc/Pester.Runtime.psm1:1408[39;49m[39;49m
[39;49m[31m[39;49m[31m      at <ScriptBlock>, /Users/travis/build/pester/Pester/new-runtimepoc/Pester.Runtime.psm1:1355[39;49m[39;49m
[39;49m[31m[39;49m[31m      at Invoke-ScriptBlock, /Users/travis/build/pester/Pester/new-runtimepoc/Pester.Runtime.psm1:1537[39;49m[39;49m
[39;49m[31m[39;49m[31m      at Invoke-TestItem, /Users/travis/build/pester/Pester/new-runtimepoc/Pester.Runtime.psm1:589[39;49m[39;49m
[39;49m[31m[39;49m[31m      at Invoke-Block, /Users/travis/build/pester/Pester/new-runtimepoc/Pester.Runtime.psm1:262[39;49m[39;49m
[39;49m[31m[39;49m[31m      at <ScriptBlock>, /Users/travis/build/pester/Pester/new-runtimepoc/Pester.Runtime.psm1:333[39;49m[39;49m
[39;49m[31m[39;49m[31m      at <ScriptBlock>, /Users/travis/build/pester/Pester/new-runtimepoc/Pester.Runtime.psm1:1399[39;49m[39;49m
[39;49m[31m[39;49m[31m      at <ScriptBlock>, /Users/travis/build/pester/Pester/new-runtimepoc/Pester.Runtime.psm1:1355[39;49m[39;49m
[39;49m[31m[39;49m[31m      at Invoke-ScriptBlock, /Users/travis/build/pester/Pester/new-runtimepoc/Pester.Runtime.psm1:1540[39;49m[39;49m
[39;49m[31m[39;49m[31m      at Invoke-Block, /Users/travis/build/pester/Pester/new-runtimepoc/Pester.Runtime.psm1:362[39;49m[39;49m
[39;49m[31m[39;49m[31m      at Run-Test, /Users/travis/build/pester/Pester/new-runtimepoc/Pester.Runtime.psm1:1133[39;49m[39;49m
[39;49m[31m[39;49m[31m      at Invoke-Test, /Users/travis/build/pester/Pester/new-runtimepoc/Pester.Runtime.psm1:1876[39;49m[39;49m
[39;49m[31m[39;49m[31m      at Invoke-Pester<End>, /Users/travis/build/pester/Pester/Pester.psm1:729[39;49m[39;49m
[39;49m[31m[39;49m[31m      at <ScriptBlock>, /Users/travis/build/pester/Pester/new-runtimepoc/Pester.Mock.RSpec.ts.ps1:34[39;49m[39;49m
[39;49m[31m[39;49m[31m      at t, /Users/travis/build/pester/Pester/new-runtimepoc/p.psm1:103[39;49m[39;49m
[39;49m[31m[39;49m[31m      at <ScriptBlock>, /Users/travis/build/pester/Pester/new-runtimepoc/Pester.Mock.RSpec.ts.ps1:33[39;49m[39;49m
[39;49m[31m[39;49m[31m      at b, /Users/travis/build/pester/Pester/new-runtimepoc/p.psm1:77[39;49m[39;49m
[39;49m[31m[39;49m[31m      at <ScriptBlock>, /Users/travis/build/pester/Pester/new-runtimepoc/Pester.Mock.RSpec.ts.ps1:18[39;49m[39;49m
[39;49m[31m[39;49m[31m      at i, /Users/travis/build/pester/Pester/new-runtimepoc/p.psm1:43[39;49m[39;49m
[39;49m[31m[39;49m[31m      at <ScriptBlock>, /Users/travis/build/pester/Pester/new-runtimepoc/Pester.Mock.RSpec.ts.ps1:17[39;49m[39;49m
[39;49m[31m[39;49m[31mBlock 'd1' failed[39;49m[39;49m
[39;49m[31m[39;49m[31m      PropertyNotFoundException: The property 'Value' cannot be found on this object. Verify that the property exists.[39;49m[39;49m
[39;49m[31m[39;49m[31m      at <ScriptBlock>, /Users/travis/build/pester/Pester/new-runtimepoc/Pester.Runtime.psm1:1408[39;49m[39;49m
[39;49m[31m[39;49m[31m      at <ScriptBlock>, /Users/travis/build/pester/Pester/new-runtimepoc/Pester.Runtime.psm1:1355[39;49m[39;49m
[39;49m[31m[39;49m[31m      at Invoke-ScriptBlock, /Users/travis/build/pester/Pester/new-runtimepoc/Pester.Runtime.psm1:1540[39;49m[39;49m
[39;49m[31m[39;49m[31m      at Invoke-Block, /Users/travis/build/pester/Pester/new-runtimepoc/Pester.Runtime.psm1:362[39;49m[39;49m
[39;49m[31m[39;49m[31m      at Run-Test, /Users/travis/build/pester/Pester/new-runtimepoc/Pester.Runtime.psm1:1133[39;49m[39;49m
[39;49m[31m[39;49m[31m      at Invoke-Test, /Users/travis/build/pester/Pester/new-runtimepoc/Pester.Runtime.psm1:1876[39;49m[39;49m
[39;49m[31m[39;49m[31m      at Invoke-Pester<End>, /Users/travis/build/pester/Pester/Pester.psm1:729[39;49m[39;49m
[39;49m[31m[39;49m[31m      at <ScriptBlock>, /Users/travis/build/pester/Pester/new-runtimepoc/Pester.Mock.RSpec.ts.ps1:34[39;49m[39;49m
[39;49m[31m[39;49m[31m      at t, /Users/travis/build/pester/Pester/new-runtimepoc/p.psm1:103[39;49m[39;49m
[39;49m[31m[39;49m[31m      at <ScriptBlock>, /Users/travis/build/pester/Pester/new-runtimepoc/Pester.Mock.RSpec.ts.ps1:33[39;49m[39;49m
[39;49m[31m[39;49m[31m      at b, /Users/travis/build/pester/Pester/new-runtimepoc/p.psm1:77[39;49m[39;49m
[39;49m[31m[39;49m[31m      at <ScriptBlock>, /Users/travis/build/pester/Pester/new-runtimepoc/Pester.Mock.RSpec.ts.ps1:18[39;49m[39;49m
[39;49m[31m[39;49m[31m      at i, /Users/travis/build/pester/Pester/new-runtimepoc/p.psm1:43[39;49m[39;49m
[39;49m[31m[39;49m[31m      at <ScriptBlock>, /Users/travis/build/pester/Pester/new-runtimepoc/Pester.Mock.RSpec.ts.ps1:17[39;49m[39;49m
[39;49m[37m[39;49m[37mTests completed in 0ms[39;49m[39;49m
[39;49m[37m[39;49m[37mTests Passed: 0, [39;49m[39;49m[39;49m[31m[39;49m[31mFailed: 2, [39;49m[39;49m[39;49m[30m[39;49m[30mSkipped: 0, [39;49m[39;49m[39;49m[30m[39;49m[30mPending: 0, [39;49m[39;49m[39;49m[30m[39;49m[30mInconclusive: 0 [39;49m[39;49m
[39;49m[31m[39;49m[31m[-] - mock does not leak into the subsequent It -> Expected and actual values differ!
Expected: 'mock'
Actual  : ''
at Verify-Equal, /Users/travis/build/pester/Pester/Dependencies/Axiom/Verify-Equal.ps1:16
at <ScriptBlock>, /Users/travis/build/pester/Pester/new-runtimepoc/Pester.Mock.RSpec.ts.ps1:48
at t, /Users/travis/build/pester/Pester/new-runtimepoc/p.psm1:103
at <ScriptBlock>, /Users/travis/build/pester/Pester/new-runtimepoc/Pester.Mock.RSpec.ts.ps1:33
at b, /Users/travis/build/pester/Pester/new-runtimepoc/p.psm1:77
at <ScriptBlock>, /Users/travis/build/pester/Pester/new-runtimepoc/Pester.Mock.RSpec.ts.ps1:18
at i, /Users/travis/build/pester/Pester/new-runtimepoc/p.psm1:43
at <ScriptBlock>, /Users/travis/build/pester/Pester/new-runtimepoc/Pester.Mock.RSpec.ts.ps1:17
at <ScriptBlock>, <No file>:1
at <ScriptBlock>, <No file>:1
[39;49m[39;49m
[39;49m[35m[39;49m[35mStarting test discovery in 1 files.[39;49m[39;49m
[39;49m[35m[39;49m[35mDiscovering tests in 
                BeforeAll { function f { "real" } }
                Describe 'd1' {
                    BeforeAll {
                        Mock f { "mock" }
                    }

                    It 'i1' {
                        f
                    }

                    It 'i2' {
                        f
                    }
                }
            .[39;49m[39;49m
[39;49m[35m[39;49m[35mFound 2 tests. 31ms[39;49m[39;49m
[39;49m[35m[39;49m[35mTest discovery finished. 61ms[39;49m[39;49m

[39;49m[32m[39;49m[32mDescribing d1[39;49m[39;49m
[39;49m[31m[39;49m[31m    [-] i1[39;49m[39;49m[39;49m[30m[39;49m[30m 80ms (66ms|14ms)[39;49m[39;49m
[39;49m[31m[39;49m[31m      PropertyNotFoundException: The property 'Value' cannot be found on this object. Verify that the property exists.[39;49m[39;49m
[39;49m[31m[39;49m[31m      at <ScriptBlock>, /Users/travis/build/pester/Pester/new-runtimepoc/Pester.Runtime.psm1:1408[39;49m[39;49m
[39;49m[31m[39;49m[31m      at <ScriptBlock>, /Users/travis/build/pester/Pester/new-runtimepoc/Pester.Runtime.psm1:1355[39;49m[39;49m
[39;49m[31m[39;49m[31m      at Invoke-ScriptBlock, /Users/travis/build/pester/Pester/new-runtimepoc/Pester.Runtime.psm1:1537[39;49m[39;49m
[39;49m[31m[39;49m[31m      at Invoke-TestItem, /Users/travis/build/pester/Pester/new-runtimepoc/Pester.Runtime.psm1:589[39;49m[39;49m
[39;49m[31m[39;49m[31m      at Invoke-Block, /Users/travis/build/pester/Pester/new-runtimepoc/Pester.Runtime.psm1:262[39;49m[39;49m
[39;49m[31m[39;49m[31m      at <ScriptBlock>, /Users/travis/build/pester/Pester/new-runtimepoc/Pester.Runtime.psm1:333[39;49m[39;49m
[39;49m[31m[39;49m[31m      at <ScriptBlock>, /Users/travis/build/pester/Pester/new-runtimepoc/Pester.Runtime.psm1:1399[39;49m[39;49m
[39;49m[31m[39;49m[31m      at <ScriptBlock>, /Users/travis/build/pester/Pester/new-runtimepoc/Pester.Runtime.psm1:1355[39;49m[39;49m
[39;49m[31m[39;49m[31m      at Invoke-ScriptBlock, /Users/travis/build/pester/Pester/new-runtimepoc/Pester.Runtime.psm1:1540[39;49m[39;49m
[39;49m[31m[39;49m[31m      at Invoke-Block, /Users/travis/build/pester/Pester/new-runtimepoc/Pester.Runtime.psm1:362[39;49m[39;49m
[39;49m[31m[39;49m[31m      at Run-Test, /Users/travis/build/pester/Pester/new-runtimepoc/Pester.Runtime.psm1:1133[39;49m[39;49m
[39;49m[31m[39;49m[31m      at Invoke-Test, /Users/travis/build/pester/Pester/new-runtimepoc/Pester.Runtime.psm1:1876[39;49m[39;49m
[39;49m[31m[39;49m[31m      at Invoke-Pester<End>, /Users/travis/build/pester/Pester/Pester.psm1:729[39;49m[39;49m
[39;49m[31m[39;49m[31m      at <ScriptBlock>, /Users/travis/build/pester/Pester/new-runtimepoc/Pester.Mock.RSpec.ts.ps1:53[39;49m[39;49m
[39;49m[31m[39;49m[31m      at t, /Users/travis/build/pester/Pester/new-runtimepoc/p.psm1:103[39;49m[39;49m
[39;49m[31m[39;49m[31m      at <ScriptBlock>, /Users/travis/build/pester/Pester/new-runtimepoc/Pester.Mock.RSpec.ts.ps1:52[39;49m[39;49m
[39;49m[31m[39;49m[31m      at b, /Users/travis/build/pester/Pester/new-runtimepoc/p.psm1:77[39;49m[39;49m
[39;49m[31m[39;49m[31m      at <ScriptBlock>, /Users/travis/build/pester/Pester/new-runtimepoc/Pester.Mock.RSpec.ts.ps1:18[39;49m[39;49m
[39;49m[31m[39;49m[31m      at i, /Users/travis/build/pester/Pester/new-runtimepoc/p.psm1:43[39;49m[39;49m
[39;49m[31m[39;49m[31m      at <ScriptBlock>, /Users/travis/build/pester/Pester/new-runtimepoc/Pester.Mock.RSpec.ts.ps1:17[39;49m[39;49m
[39;49m[31m[39;49m[31mBlock 'd1' failed[39;49m[39;49m
[39;49m[31m[39;49m[31m      PropertyNotFoundException: The property 'Value' cannot be found on this object. Verify that the property exists.[39;49m[39;49m
[39;49m[31m[39;49m[31m      at <ScriptBlock>, /Users/travis/build/pester/Pester/new-runtimepoc/Pester.Runtime.psm1:1408[39;49m[39;49m
[39;49m[31m[39;49m[31m      at <ScriptBlock>, /Users/travis/build/pester/Pester/new-runtimepoc/Pester.Runtime.psm1:1355[39;49m[39;49m
[39;49m[31m[39;49m[31m      at Invoke-ScriptBlock, /Users/travis/build/pester/Pester/new-runtimepoc/Pester.Runtime.psm1:1540[39;49m[39;49m
[39;49m[31m[39;49m[31m      at Invoke-Block, /Users/travis/build/pester/Pester/new-runtimepoc/Pester.Runtime.psm1:362[39;49m[39;49m
[39;49m[31m[39;49m[31m      at Run-Test, /Users/travis/build/pester/Pester/new-runtimepoc/Pester.Runtime.psm1:1133[39;49m[39;49m
[39;49m[31m[39;49m[31m      at Invoke-Test, /Users/travis/build/pester/Pester/new-runtimepoc/Pester.Runtime.psm1:1876[39;49m[39;49m
[39;49m[31m[39;49m[31m      at Invoke-Pester<End>, /Users/travis/build/pester/Pester/Pester.psm1:729[39;49m[39;49m
[39;49m[31m[39;49m[31m      at <ScriptBlock>, /Users/travis/build/pester/Pester/new-runtimepoc/Pester.Mock.RSpec.ts.ps1:53[39;49m[39;49m
[39;49m[31m[39;49m[31m      at t, /Users/travis/build/pester/Pester/new-runtimepoc/p.psm1:103[39;49m[39;49m
[39;49m[31m[39;49m[31m      at <ScriptBlock>, /Users/travis/build/pester/Pester/new-runtimepoc/Pester.Mock.RSpec.ts.ps1:52[39;49m[39;49m
[39;49m[31m[39;49m[31m      at b, /Users/travis/build/pester/Pester/new-runtimepoc/p.psm1:77[39;49m[39;49m
[39;49m[31m[39;49m[31m      at <ScriptBlock>, /Users/travis/build/pester/Pester/new-runtimepoc/Pester.Mock.RSpec.ts.ps1:18[39;49m[39;49m
[39;49m[31m[39;49m[31m      at i, /Users/travis/build/pester/Pester/new-runtimepoc/p.psm1:43[39;49m[39;49m
[39;49m[31m[39;49m[31m      at <ScriptBlock>, /Users/travis/build/pester/Pester/new-runtimepoc/Pester.Mock.RSpec.ts.ps1:17[39;49m[39;49m
[39;49m[37m[39;49m[37mTests completed in 0ms[39;49m[39;49m
[39;49m[37m[39;49m[37mTests Passed: 0, [39;49m[39;49m[39;49m[31m[39;49m[31mFailed: 2, [39;49m[39;49m[39;49m[30m[39;49m[30mSkipped: 0, [39;49m[39;49m[39;49m[30m[39;49m[30mPending: 0, [39;49m[39;49m[39;49m[30m[39;49m[30mInconclusive: 0 [39;49m[39;49m
[39;49m[31m[39;49m[31m[-] - mock defined in beforeall is used in every it -> Expected and actual values differ!
Expected: 'mock'
Actual  : ''
at Verify-Equal, /Users/travis/build/pester/Pester/Dependencies/Axiom/Verify-Equal.ps1:16
at <ScriptBlock>, /Users/travis/build/pester/Pester/new-runtimepoc/Pester.Mock.RSpec.ts.ps1:70
at t, /Users/travis/build/pester/Pester/new-runtimepoc/p.psm1:103
at <ScriptBlock>, /Users/travis/build/pester/Pester/new-runtimepoc/Pester.Mock.RSpec.ts.ps1:52
at b, /Users/travis/build/pester/Pester/new-runtimepoc/p.psm1:77
at <ScriptBlock>, /Users/travis/build/pester/Pester/new-runtimepoc/Pester.Mock.RSpec.ts.ps1:18
at i, /Users/travis/build/pester/Pester/new-runtimepoc/p.psm1:43
at <ScriptBlock>, /Users/travis/build/pester/Pester/new-runtimepoc/Pester.Mock.RSpec.ts.ps1:17
at <ScriptBlock>, <No file>:1
at <ScriptBlock>, <No file>:1
[39;49m[39;49m
[39;49m[35m[39;49m[35mStarting test discovery in 1 files.[39;49m[39;49m
[39;49m[35m[39;49m[35mDiscovering tests in 
                BeforeAll { function f { "real" } }
                Describe 'd1' {
                    BeforeAll {
                        Mock f { "mock" }
                    }

                    It 'i1' {
                        f
                        Should -Invoke f -Times 1 -Exactly
                    }

                    It 'i2' {
                        f
                        Should -Invoke f -Times 1 -Exactly
                    }
                }
            .[39;49m[39;49m
[39;49m[35m[39;49m[35mFound 2 tests. 35ms[39;49m[39;49m
[39;49m[35m[39;49m[35mTest discovery finished. 51ms[39;49m[39;49m

[39;49m[32m[39;49m[32mDescribing d1[39;49m[39;49m
[39;49m[31m[39;49m[31m    [-] i1[39;49m[39;49m[39;49m[30m[39;49m[30m 364ms (318ms|46ms)[39;49m[39;49m
[39;49m[31m[39;49m[31m      PropertyNotFoundException: The property 'Value' cannot be found on this object. Verify that the property exists.[39;49m[39;49m
[39;49m[31m[39;49m[31m      at <ScriptBlock>, /Users/travis/build/pester/Pester/new-runtimepoc/Pester.Runtime.psm1:1408[39;49m[39;49m
[39;49m[31m[39;49m[31m      at <ScriptBlock>, /Users/travis/build/pester/Pester/new-runtimepoc/Pester.Runtime.psm1:1355[39;49m[39;49m
[39;49m[31m[39;49m[31m      at Invoke-ScriptBlock, /Users/travis/build/pester/Pester/new-runtimepoc/Pester.Runtime.psm1:1537[39;49m[39;49m
[39;49m[31m[39;49m[31m      at Invoke-TestItem, /Users/travis/build/pester/Pester/new-runtimepoc/Pester.Runtime.psm1:589[39;49m[39;49m
[39;49m[31m[39;49m[31m      at Invoke-Block, /Users/travis/build/pester/Pester/new-runtimepoc/Pester.Runtime.psm1:262[39;49m[39;49m
[39;49m[31m[39;49m[31m      at <ScriptBlock>, /Users/travis/build/pester/Pester/new-runtimepoc/Pester.Runtime.psm1:333[39;49m[39;49m
[39;49m[31m[39;49m[31m      at <ScriptBlock>, /Users/travis/build/pester/Pester/new-runtimepoc/Pester.Runtime.psm1:1399[39;49m[39;49m
[39;49m[31m[39;49m[31m      at <ScriptBlock>, /Users/travis/build/pester/Pester/new-runtimepoc/Pester.Runtime.psm1:1355[39;49m[39;49m
[39;49m[31m[39;49m[31m      at Invoke-ScriptBlock, /Users/travis/build/pester/Pester/new-runtimepoc/Pester.Runtime.psm1:1540[39;49m[39;49m
[39;49m[31m[39;49m[31m      at Invoke-Block, /Users/travis/build/pester/Pester/new-runtimepoc/Pester.Runtime.psm1:362[39;49m[39;49m
[39;49m[31m[39;49m[31m      at Run-Test, /Users/travis/build/pester/Pester/new-runtimepoc/Pester.Runtime.psm1:1133[39;49m[39;49m
[39;49m[31m[39;49m[31m      at Invoke-Test, /Users/travis/build/pester/Pester/new-runtimepoc/Pester.Runtime.psm1:1876[39;49m[39;49m
[39;49m[31m[39;49m[31m      at Invoke-Pester<End>, /Users/travis/build/pester/Pester/Pester.psm1:729[39;49m[39;49m
[39;49m[31m[39;49m[31m      at <ScriptBlock>, /Users/travis/build/pester/Pester/new-runtimepoc/Pester.Mock.RSpec.ts.ps1:76[39;49m[39;49m
[39;49m[31m[39;49m[31m      at t, /Users/travis/build/pester/Pester/new-runtimepoc/p.psm1:103[39;49m[39;49m
[39;49m[31m[39;49m[31m      at <ScriptBlock>, /Users/travis/build/pester/Pester/new-runtimepoc/Pester.Mock.RSpec.ts.ps1:75[39;49m[39;49m
[39;49m[31m[39;49m[31m      at b, /Users/travis/build/pester/Pester/new-runtimepoc/p.psm1:77[39;49m[39;49m
[39;49m[31m[39;49m[31m      at <ScriptBlock>, /Users/travis/build/pester/Pester/new-runtimepoc/Pester.Mock.RSpec.ts.ps1:18[39;49m[39;49m
[39;49m[31m[39;49m[31m      at i, /Users/travis/build/pester/Pester/new-runtimepoc/p.psm1:43[39;49m[39;49m
[39;49m[31m[39;49m[31m      at <ScriptBlock>, /Users/travis/build/pester/Pester/new-runtimepoc/Pester.Mock.RSpec.ts.ps1:17[39;49m[39;49m
[39;49m[31m[39;49m[31mBlock 'd1' failed[39;49m[39;49m
[39;49m[31m[39;49m[31m      PropertyNotFoundException: The property 'Value' cannot be found on this object. Verify that the property exists.[39;49m[39;49m
[39;49m[31m[39;49m[31m      at <ScriptBlock>, /Users/travis/build/pester/Pester/new-runtimepoc/Pester.Runtime.psm1:1408[39;49m[39;49m
[39;49m[31m[39;49m[31m      at <ScriptBlock>, /Users/travis/build/pester/Pester/new-runtimepoc/Pester.Runtime.psm1:1355[39;49m[39;49m
[39;49m[31m[39;49m[31m      at Invoke-ScriptBlock, /Users/travis/build/pester/Pester/new-runtimepoc/Pester.Runtime.psm1:1540[39;49m[39;49m
[39;49m[31m[39;49m[31m      at Invoke-Block, /Users/travis/build/pester/Pester/new-runtimepoc/Pester.Runtime.psm1:362[39;49m[39;49m
[39;49m[31m[39;49m[31m      at Run-Test, /Users/travis/build/pester/Pester/new-runtimepoc/Pester.Runtime.psm1:1133[39;49m[39;49m
[39;49m[31m[39;49m[31m      at Invoke-Test, /Users/travis/build/pester/Pester/new-runtimepoc/Pester.Runtime.psm1:1876[39;49m[39;49m
[39;49m[31m[39;49m[31m      at Invoke-Pester<End>, /Users/travis/build/pester/Pester/Pester.psm1:729[39;49m[39;49m
[39;49m[31m[39;49m[31m      at <ScriptBlock>, /Users/travis/build/pester/Pester/new-runtimepoc/Pester.Mock.RSpec.ts.ps1:76[39;49m[39;49m
[39;49m[31m[39;49m[31m      at t, /Users/travis/build/pester/Pester/new-runtimepoc/p.psm1:103[39;49m[39;49m
[39;49m[31m[39;49m[31m      at <ScriptBlock>, /Users/travis/build/pester/Pester/new-runtimepoc/Pester.Mock.RSpec.ts.ps1:75[39;49m[39;49m
[39;49m[31m[39;49m[31m      at b, /Users/travis/build/pester/Pester/new-runtimepoc/p.psm1:77[39;49m[39;49m
[39;49m[31m[39;49m[31m      at <ScriptBlock>, /Users/travis/build/pester/Pester/new-runtimepoc/Pester.Mock.RSpec.ts.ps1:18[39;49m[39;49m
[39;49m[31m[39;49m[31m      at i, /Users/travis/build/pester/Pester/new-runtimepoc/p.psm1:43[39;49m[39;49m
[39;49m[31m[39;49m[31m      at <ScriptBlock>, /Users/travis/build/pester/Pester/new-runtimepoc/Pester.Mock.RSpec.ts.ps1:17[39;49m[39;49m
[39;49m[37m[39;49m[37mTests completed in 0ms[39;49m[39;49m
[39;49m[37m[39;49m[37mTests Passed: 0, [39;49m[39;49m[39;49m[31m[39;49m[31mFailed: 2, [39;49m[39;49m[39;49m[30m[39;49m[30mSkipped: 0, [39;49m[39;49m[39;49m[30m[39;49m[30mPending: 0, [39;49m[39;49m[39;49m[30m[39;49m[30mInconclusive: 0 [39;49m[39;49m
[39;49m[31m[39;49m[31m[-] - mock defined in beforeall is counted independently -> Expected $true but got 'False'.
at Verify-True, /Users/travis/build/pester/Pester/Dependencies/Axiom/Verify-True.ps1:8
at <ScriptBlock>, /Users/travis/build/pester/Pester/new-runtimepoc/Pester.Mock.RSpec.ts.ps1:95
at t, /Users/travis/build/pester/Pester/new-runtimepoc/p.psm1:103
at <ScriptBlock>, /Users/travis/build/pester/Pester/new-runtimepoc/Pester.Mock.RSpec.ts.ps1:75
at b, /Users/travis/build/pester/Pester/new-runtimepoc/p.psm1:77
at <ScriptBlock>, /Users/travis/build/pester/Pester/new-runtimepoc/Pester.Mock.RSpec.ts.ps1:18
at i, /Users/travis/build/pester/Pester/new-runtimepoc/p.psm1:43
at <ScriptBlock>, /Users/travis/build/pester/Pester/new-runtimepoc/Pester.Mock.RSpec.ts.ps1:17
at <ScriptBlock>, <No file>:1
at <ScriptBlock>, <No file>:1
[39;49m[39;49m
[39;49m[35m[39;49m[35mStarting test discovery in 1 files.[39;49m[39;49m
[39;49m[35m[39;49m[35mDiscovering tests in 
                BeforeAll { function f { "real" } }
                Describe 'd1' {
                    BeforeAll {
                        Mock f { "mock" }
                    }

                    It 'i1' {
                        f
                        Should -Invoke f -Times 1 -Exactly
                    }

                    It 'i2' {
                        f
                        Should -Invoke f -Times 2 -Exactly -Scope Describe
                    }
                }
            .[39;49m[39;49m
[39;49m[35m[39;49m[35mFound 2 tests. 75ms[39;49m[39;49m
[39;49m[35m[39;49m[35mTest discovery finished. 102ms[39;49m[39;49m

[39;49m[32m[39;49m[32mDescribing d1[39;49m[39;49m
[39;49m[31m[39;49m[31m    [-] i1[39;49m[39;49m[39;49m[30m[39;49m[30m 116ms (106ms|9ms)[39;49m[39;49m
[39;49m[31m[39;49m[31m      PropertyNotFoundException: The property 'Value' cannot be found on this object. Verify that the property exists.[39;49m[39;49m
[39;49m[31m[39;49m[31m      at <ScriptBlock>, /Users/travis/build/pester/Pester/new-runtimepoc/Pester.Runtime.psm1:1408[39;49m[39;49m
[39;49m[31m[39;49m[31m      at <ScriptBlock>, /Users/travis/build/pester/Pester/new-runtimepoc/Pester.Runtime.psm1:1355[39;49m[39;49m
[39;49m[31m[39;49m[31m      at Invoke-ScriptBlock, /Users/travis/build/pester/Pester/new-runtimepoc/Pester.Runtime.psm1:1537[39;49m[39;49m
[39;49m[31m[39;49m[31m      at Invoke-TestItem, /Users/travis/build/pester/Pester/new-runtimepoc/Pester.Runtime.psm1:589[39;49m[39;49m
[39;49m[31m[39;49m[31m      at Invoke-Block, /Users/travis/build/pester/Pester/new-runtimepoc/Pester.Runtime.psm1:262[39;49m[39;49m
[39;49m[31m[39;49m[31m      at <ScriptBlock>, /Users/travis/build/pester/Pester/new-runtimepoc/Pester.Runtime.psm1:333[39;49m[39;49m
[39;49m[31m[39;49m[31m      at <ScriptBlock>, /Users/travis/build/pester/Pester/new-runtimepoc/Pester.Runtime.psm1:1399[39;49m[39;49m
[39;49m[31m[39;49m[31m      at <ScriptBlock>, /Users/travis/build/pester/Pester/new-runtimepoc/Pester.Runtime.psm1:1355[39;49m[39;49m
[39;49m[31m[39;49m[31m      at Invoke-ScriptBlock, /Users/travis/build/pester/Pester/new-runtimepoc/Pester.Runtime.psm1:1540[39;49m[39;49m
[39;49m[31m[39;49m[31m      at Invoke-Block, /Users/travis/build/pester/Pester/new-runtimepoc/Pester.Runtime.psm1:362[39;49m[39;49m
[39;49m[31m[39;49m[31m      at Run-Test, /Users/travis/build/pester/Pester/new-runtimepoc/Pester.Runtime.psm1:1133[39;49m[39;49m
[39;49m[31m[39;49m[31m      at Invoke-Test, /Users/travis/build/pester/Pester/new-runtimepoc/Pester.Runtime.psm1:1876[39;49m[39;49m
[39;49m[31m[39;49m[31m      at Invoke-Pester<End>, /Users/travis/build/pester/Pester/Pester.psm1:729[39;49m[39;49m
[39;49m[31m[39;49m[31m      at <ScriptBlock>, /Users/travis/build/pester/Pester/new-runtimepoc/Pester.Mock.RSpec.ts.ps1:100[39;49m[39;49m
[39;49m[31m[39;49m[31m      at t, /Users/travis/build/pester/Pester/new-runtimepoc/p.psm1:103[39;49m[39;49m
[39;49m[31m[39;49m[31m      at <ScriptBlock>, /Users/travis/build/pester/Pester/new-runtimepoc/Pester.Mock.RSpec.ts.ps1:99[39;49m[39;49m
[39;49m[31m[39;49m[31m      at b, /Users/travis/build/pester/Pester/new-runtimepoc/p.psm1:77[39;49m[39;49m
[39;49m[31m[39;49m[31m      at <ScriptBlock>, /Users/travis/build/pester/Pester/new-runtimepoc/Pester.Mock.RSpec.ts.ps1:18[39;49m[39;49m
[39;49m[31m[39;49m[31m      at i, /Users/travis/build/pester/Pester/new-runtimepoc/p.psm1:43[39;49m[39;49m
[39;49m[31m[39;49m[31m      at <ScriptBlock>, /Users/travis/build/pester/Pester/new-runtimepoc/Pester.Mock.RSpec.ts.ps1:17[39;49m[39;49m
[39;49m[31m[39;49m[31mBlock 'd1' failed[39;49m[39;49m
[39;49m[31m[39;49m[31m      PropertyNotFoundException: The property 'Value' cannot be found on this object. Verify that the property exists.[39;49m[39;49m
[39;49m[31m[39;49m[31m      at <ScriptBlock>, /Users/travis/build/pester/Pester/new-runtimepoc/Pester.Runtime.psm1:1408[39;49m[39;49m
[39;49m[31m[39;49m[31m      at <ScriptBlock>, /Users/travis/build/pester/Pester/new-runtimepoc/Pester.Runtime.psm1:1355[39;49m[39;49m
[39;49m[31m[39;49m[31m      at Invoke-ScriptBlock, /Users/travis/build/pester/Pester/new-runtimepoc/Pester.Runtime.psm1:1540[39;49m[39;49m
[39;49m[31m[39;49m[31m      at Invoke-Block, /Users/travis/build/pester/Pester/new-runtimepoc/Pester.Runtime.psm1:362[39;49m[39;49m
[39;49m[31m[39;49m[31m      at Run-Test, /Users/travis/build/pester/Pester/new-runtimepoc/Pester.Runtime.psm1:1133[39;49m[39;49m
[39;49m[31m[39;49m[31m      at Invoke-Test, /Users/travis/build/pester/Pester/new-runtimepoc/Pester.Runtime.psm1:1876[39;49m[39;49m
[39;49m[31m[39;49m[31m      at Invoke-Pester<End>, /Users/travis/build/pester/Pester/Pester.psm1:729[39;49m[39;49m
[39;49m[31m[39;49m[31m      at <ScriptBlock>, /Users/travis/build/pester/Pester/new-runtimepoc/Pester.Mock.RSpec.ts.ps1:100[39;49m[39;49m
[39;49m[31m[39;49m[31m      at t, /Users/travis/build/pester/Pester/new-runtimepoc/p.psm1:103[39;49m[39;49m
[39;49m[31m[39;49m[31m      at <ScriptBlock>, /Users/travis/build/pester/Pester/new-runtimepoc/Pester.Mock.RSpec.ts.ps1:99[39;49m[39;49m
[39;49m[31m[39;49m[31m      at b, /Users/travis/build/pester/Pester/new-runtimepoc/p.psm1:77[39;49m[39;49m
[39;49m[31m[39;49m[31m      at <ScriptBlock>, /Users/travis/build/pester/Pester/new-runtimepoc/Pester.Mock.RSpec.ts.ps1:18[39;49m[39;49m
[39;49m[31m[39;49m[31m      at i, /Users/travis/build/pester/Pester/new-runtimepoc/p.psm1:43[39;49m[39;49m
[39;49m[31m[39;49m[31m      at <ScriptBlock>, /Users/travis/build/pester/Pester/new-runtimepoc/Pester.Mock.RSpec.ts.ps1:17[39;49m[39;49m
[39;49m[37m[39;49m[37mTests completed in 0ms[39;49m[39;49m
[39;49m[37m[39;49m[37mTests Passed: 0, [39;49m[39;49m[39;49m[31m[39;49m[31mFailed: 2, [39;49m[39;49m[39;49m[30m[39;49m[30mSkipped: 0, [39;49m[39;49m[39;49m[30m[39;49m[30mPending: 0, [39;49m[39;49m[39;49m[30m[39;49m[30mInconclusive: 0 [39;49m[39;49m
[39;49m[31m[39;49m[31m[-] - mock defined in before all can be counted from all tests with -Describe -> Expected $true but got 'False'.
at Verify-True, /Users/travis/build/pester/Pester/Dependencies/Axiom/Verify-True.ps1:8
at <ScriptBlock>, /Users/travis/build/pester/Pester/new-runtimepoc/Pester.Mock.RSpec.ts.ps1:119
at t, /Users/travis/build/pester/Pester/new-runtimepoc/p.psm1:103
at <ScriptBlock>, /Users/travis/build/pester/Pester/new-runtimepoc/Pester.Mock.RSpec.ts.ps1:99
at b, /Users/travis/build/pester/Pester/new-runtimepoc/p.psm1:77
at <ScriptBlock>, /Users/travis/build/pester/Pester/new-runtimepoc/Pester.Mock.RSpec.ts.ps1:18
at i, /Users/travis/build/pester/Pester/new-runtimepoc/p.psm1:43
at <ScriptBlock>, /Users/travis/build/pester/Pester/new-runtimepoc/Pester.Mock.RSpec.ts.ps1:17
at <ScriptBlock>, <No file>:1
at <ScriptBlock>, <No file>:1
[39;49m[39;49m
[39;49m[35m[39;49m[35mStarting test discovery in 1 files.[39;49m[39;49m
[39;49m[35m[39;49m[35mDiscovering tests in 
                BeforeAll { function f { "real" } }
                Describe 'd1' {
                    BeforeAll {
                        Mock f { "mock" }
                    }

                    It 'i1' {
                        f
                    }

                    It 'i2' {
                        f
                    }

                    AfterAll {
                        Should -Invoke f -Times 2 -Exactly
                    }
                }
            .[39;49m[39;49m
[39;49m[35m[39;49m[35mFound 2 tests. 32ms[39;49m[39;49m
[39;49m[35m[39;49m[35mTest discovery finished. 49ms[39;49m[39;49m

[39;49m[32m[39;49m[32mDescribing d1[39;49m[39;49m
[39;49m[31m[39;49m[31m    [-] i1[39;49m[39;49m[39;49m[30m[39;49m[30m 225ms (176ms|49ms)[39;49m[39;49m
[39;49m[31m[39;49m[31m      PropertyNotFoundException: The property 'Value' cannot be found on this object. Verify that the property exists.[39;49m[39;49m
[39;49m[31m[39;49m[31m      at <ScriptBlock>, /Users/travis/build/pester/Pester/new-runtimepoc/Pester.Runtime.psm1:1408[39;49m[39;49m
[39;49m[31m[39;49m[31m      at <ScriptBlock>, /Users/travis/build/pester/Pester/new-runtimepoc/Pester.Runtime.psm1:1355[39;49m[39;49m
[39;49m[31m[39;49m[31m      at Invoke-ScriptBlock, /Users/travis/build/pester/Pester/new-runtimepoc/Pester.Runtime.psm1:1537[39;49m[39;49m
[39;49m[31m[39;49m[31m      at Invoke-TestItem, /Users/travis/build/pester/Pester/new-runtimepoc/Pester.Runtime.psm1:589[39;49m[39;49m
[39;49m[31m[39;49m[31m      at Invoke-Block, /Users/travis/build/pester/Pester/new-runtimepoc/Pester.Runtime.psm1:262[39;49m[39;49m
[39;49m[31m[39;49m[31m      at <ScriptBlock>, /Users/travis/build/pester/Pester/new-runtimepoc/Pester.Runtime.psm1:333[39;49m[39;49m
[39;49m[31m[39;49m[31m      at <ScriptBlock>, /Users/travis/build/pester/Pester/new-runtimepoc/Pester.Runtime.psm1:1399[39;49m[39;49m
[39;49m[31m[39;49m[31m      at <ScriptBlock>, /Users/travis/build/pester/Pester/new-runtimepoc/Pester.Runtime.psm1:1355[39;49m[39;49m
[39;49m[31m[39;49m[31m      at Invoke-ScriptBlock, /Users/travis/build/pester/Pester/new-runtimepoc/Pester.Runtime.psm1:1540[39;49m[39;49m
[39;49m[31m[39;49m[31m      at Invoke-Block, /Users/travis/build/pester/Pester/new-runtimepoc/Pester.Runtime.psm1:362[39;49m[39;49m
[39;49m[31m[39;49m[31m      at Run-Test, /Users/travis/build/pester/Pester/new-runtimepoc/Pester.Runtime.psm1:1133[39;49m[39;49m
[39;49m[31m[39;49m[31m      at Invoke-Test, /Users/travis/build/pester/Pester/new-runtimepoc/Pester.Runtime.psm1:1876[39;49m[39;49m
[39;49m[31m[39;49m[31m      at Invoke-Pester<End>, /Users/travis/build/pester/Pester/Pester.psm1:729[39;49m[39;49m
[39;49m[31m[39;49m[31m      at <ScriptBlock>, /Users/travis/build/pester/Pester/new-runtimepoc/Pester.Mock.RSpec.ts.ps1:124[39;49m[39;49m
[39;49m[31m[39;49m[31m      at t, /Users/travis/build/pester/Pester/new-runtimepoc/p.psm1:103[39;49m[39;49m
[39;49m[31m[39;49m[31m      at <ScriptBlock>, /Users/travis/build/pester/Pester/new-runtimepoc/Pester.Mock.RSpec.ts.ps1:123[39;49m[39;49m
[39;49m[31m[39;49m[31m      at b, /Users/travis/build/pester/Pester/new-runtimepoc/p.psm1:77[39;49m[39;49m
[39;49m[31m[39;49m[31m      at <ScriptBlock>, /Users/travis/build/pester/Pester/new-runtimepoc/Pester.Mock.RSpec.ts.ps1:18[39;49m[39;49m
[39;49m[31m[39;49m[31m      at i, /Users/travis/build/pester/Pester/new-runtimepoc/p.psm1:43[39;49m[39;49m
[39;49m[31m[39;49m[31m      at <ScriptBlock>, /Users/travis/build/pester/Pester/new-runtimepoc/Pester.Mock.RSpec.ts.ps1:17[39;49m[39;49m
[39;49m[31m[39;49m[31mBlock 'd1' failed[39;49m[39;49m
[39;49m[31m[39;49m[31m      PropertyNotFoundException: The property 'Value' cannot be found on this object. Verify that the property exists.[39;49m[39;49m
[39;49m[31m[39;49m[31m      at <ScriptBlock>, /Users/travis/build/pester/Pester/new-runtimepoc/Pester.Runtime.psm1:1408[39;49m[39;49m
[39;49m[31m[39;49m[31m      at <ScriptBlock>, /Users/travis/build/pester/Pester/new-runtimepoc/Pester.Runtime.psm1:1355[39;49m[39;49m
[39;49m[31m[39;49m[31m      at Invoke-ScriptBlock, /Users/travis/build/pester/Pester/new-runtimepoc/Pester.Runtime.psm1:1540[39;49m[39;49m
[39;49m[31m[39;49m[31m      at Invoke-Block, /Users/travis/build/pester/Pester/new-runtimepoc/Pester.Runtime.psm1:362[39;49m[39;49m
[39;49m[31m[39;49m[31m      at Run-Test, /Users/travis/build/pester/Pester/new-runtimepoc/Pester.Runtime.psm1:1133[39;49m[39;49m
[39;49m[31m[39;49m[31m      at Invoke-Test, /Users/travis/build/pester/Pester/new-runtimepoc/Pester.Runtime.psm1:1876[39;49m[39;49m
[39;49m[31m[39;49m[31m      at Invoke-Pester<End>, /Users/travis/build/pester/Pester/Pester.psm1:729[39;49m[39;49m
[39;49m[31m[39;49m[31m      at <ScriptBlock>, /Users/travis/build/pester/Pester/new-runtimepoc/Pester.Mock.RSpec.ts.ps1:124[39;49m[39;49m
[39;49m[31m[39;49m[31m      at t, /Users/travis/build/pester/Pester/new-runtimepoc/p.psm1:103[39;49m[39;49m
[39;49m[31m[39;49m[31m      at <ScriptBlock>, /Users/travis/build/pester/Pester/new-runtimepoc/Pester.Mock.RSpec.ts.ps1:123[39;49m[39;49m
[39;49m[31m[39;49m[31m      at b, /Users/travis/build/pester/Pester/new-runtimepoc/p.psm1:77[39;49m[39;49m
[39;49m[31m[39;49m[31m      at <ScriptBlock>, /Users/travis/build/pester/Pester/new-runtimepoc/Pester.Mock.RSpec.ts.ps1:18[39;49m[39;49m
[39;49m[31m[39;49m[31m      at i, /Users/travis/build/pester/Pester/new-runtimepoc/p.psm1:43[39;49m[39;49m
[39;49m[31m[39;49m[31m      at <ScriptBlock>, /Users/travis/build/pester/Pester/new-runtimepoc/Pester.Mock.RSpec.ts.ps1:17[39;49m[39;49m
[39;49m[37m[39;49m[37mTests completed in 0ms[39;49m[39;49m
[39;49m[37m[39;49m[37mTests Passed: 0, [39;49m[39;49m[39;49m[31m[39;49m[31mFailed: 2, [39;49m[39;49m[39;49m[30m[39;49m[30mSkipped: 0, [39;49m[39;49m[39;49m[30m[39;49m[30mPending: 0, [39;49m[39;49m[39;49m[30m[39;49m[30mInconclusive: 0 [39;49m[39;49m
[39;49m[31m[39;49m[31m[-] - mock defined in before all can and counted from after all automatically counts all calls in the current block -> Expected $true but got 'False'.
at Verify-True, /Users/travis/build/pester/Pester/Dependencies/Axiom/Verify-True.ps1:8
at <ScriptBlock>, /Users/travis/build/pester/Pester/new-runtimepoc/Pester.Mock.RSpec.ts.ps1:145
at t, /Users/travis/build/pester/Pester/new-runtimepoc/p.psm1:103
at <ScriptBlock>, /Users/travis/build/pester/Pester/new-runtimepoc/Pester.Mock.RSpec.ts.ps1:123
at b, /Users/travis/build/pester/Pester/new-runtimepoc/p.psm1:77
at <ScriptBlock>, /Users/travis/build/pester/Pester/new-runtimepoc/Pester.Mock.RSpec.ts.ps1:18
at i, /Users/travis/build/pester/Pester/new-runtimepoc/p.psm1:43
at <ScriptBlock>, /Users/travis/build/pester/Pester/new-runtimepoc/Pester.Mock.RSpec.ts.ps1:17
at <ScriptBlock>, <No file>:1
at <ScriptBlock>, <No file>:1
[39;49m[39;49m
[39;49m[36m[39;49m[36m| - taking mocks from all scopes[39;49m[39;49m
[39;49m[35m[39;49m[35mStarting test discovery in 1 files.[39;49m[39;49m
[39;49m[35m[39;49m[35mDiscovering tests in 
                BeforeAll { function f { "real" } }
                Describe 'd1' {
                    BeforeAll {
                        Mock f { "mock" }
                    }

                    Describe 'd2' {
                        Describe 'd3' {
                            It 'i1' {
                                f
                            }
                        }
                    }

                    AfterAll {
                        Should -Invoke f -Times 1 -Exactly
                    }
                }
            .[39;49m[39;49m
[39;49m[35m[39;49m[35mFound 1 tests. 42ms[39;49m[39;49m
[39;49m[35m[39;49m[35mTest discovery finished. 63ms[39;49m[39;49m

[39;49m[32m[39;49m[32mDescribing d1[39;49m[39;49m

[39;49m[32m[39;49m[32m  Describing d2[39;49m[39;49m

[39;49m[32m[39;49m[32m    Describing d3[39;49m[39;49m
[39;49m[31m[39;49m[31m        [-] i1[39;49m[39;49m[39;49m[30m[39;49m[30m 60ms (45ms|15ms)[39;49m[39;49m
[39;49m[31m[39;49m[31m          PropertyNotFoundException: The property 'Value' cannot be found on this object. Verify that the property exists.[39;49m[39;49m
[39;49m[31m[39;49m[31m          at <ScriptBlock>, /Users/travis/build/pester/Pester/new-runtimepoc/Pester.Runtime.psm1:1408[39;49m[39;49m
[39;49m[31m[39;49m[31m          at <ScriptBlock>, /Users/travis/build/pester/Pester/new-runtimepoc/Pester.Runtime.psm1:1355[39;49m[39;49m
[39;49m[31m[39;49m[31m          at Invoke-ScriptBlock, /Users/travis/build/pester/Pester/new-runtimepoc/Pester.Runtime.psm1:1537[39;49m[39;49m
[39;49m[31m[39;49m[31m          at Invoke-TestItem, /Users/travis/build/pester/Pester/new-runtimepoc/Pester.Runtime.psm1:589[39;49m[39;49m
[39;49m[31m[39;49m[31m          at Invoke-Block, /Users/travis/build/pester/Pester/new-runtimepoc/Pester.Runtime.psm1:262[39;49m[39;49m
[39;49m[31m[39;49m[31m          at <ScriptBlock>, /Users/travis/build/pester/Pester/new-runtimepoc/Pester.Runtime.psm1:333[39;49m[39;49m
[39;49m[31m[39;49m[31m          at <ScriptBlock>, /Users/travis/build/pester/Pester/new-runtimepoc/Pester.Runtime.psm1:1399[39;49m[39;49m
[39;49m[31m[39;49m[31m          at <ScriptBlock>, /Users/travis/build/pester/Pester/new-runtimepoc/Pester.Runtime.psm1:1355[39;49m[39;49m
[39;49m[31m[39;49m[31m          at Invoke-ScriptBlock, /Users/travis/build/pester/Pester/new-runtimepoc/Pester.Runtime.psm1:1540[39;49m[39;49m
[39;49m[31m[39;49m[31m          at Invoke-Block, /Users/travis/build/pester/Pester/new-runtimepoc/Pester.Runtime.psm1:362[39;49m[39;49m
[39;49m[31m[39;49m[31m          at <ScriptBlock>, /Users/travis/build/pester/Pester/new-runtimepoc/Pester.Runtime.psm1:333[39;49m[39;49m
[39;49m[31m[39;49m[31m          at <ScriptBlock>, /Users/travis/build/pester/Pester/new-runtimepoc/Pester.Runtime.psm1:1399[39;49m[39;49m
[39;49m[31m[39;49m[31m          at <ScriptBlock>, /Users/travis/build/pester/Pester/new-runtimepoc/Pester.Runtime.psm1:1355[39;49m[39;49m
[39;49m[31m[39;49m[31m          at Invoke-ScriptBlock, /Users/travis/build/pester/Pester/new-runtimepoc/Pester.Runtime.psm1:1540[39;49m[39;49m
[39;49m[31m[39;49m[31m          at Invoke-Block, /Users/travis/build/pester/Pester/new-runtimepoc/Pester.Runtime.psm1:362[39;49m[39;49m
[39;49m[31m[39;49m[31m          at <ScriptBlock>, /Users/travis/build/pester/Pester/new-runtimepoc/Pester.Runtime.psm1:333[39;49m[39;49m
[39;49m[31m[39;49m[31m          at <ScriptBlock>, /Users/travis/build/pester/Pester/new-runtimepoc/Pester.Runtime.psm1:1399[39;49m[39;49m
[39;49m[31m[39;49m[31m          at <ScriptBlock>, /Users/travis/build/pester/Pester/new-runtimepoc/Pester.Runtime.psm1:1355[39;49m[39;49m
[39;49m[31m[39;49m[31m          at Invoke-ScriptBlock, /Users/travis/build/pester/Pester/new-runtimepoc/Pester.Runtime.psm1:1540[39;49m[39;49m
[39;49m[31m[39;49m[31m          at Invoke-Block, /Users/travis/build/pester/Pester/new-runtimepoc/Pester.Runtime.psm1:362[39;49m[39;49m
[39;49m[31m[39;49m[31m          at Run-Test, /Users/travis/build/pester/Pester/new-runtimepoc/Pester.Runtime.psm1:1133[39;49m[39;49m
[39;49m[31m[39;49m[31m          at Invoke-Test, /Users/travis/build/pester/Pester/new-runtimepoc/Pester.Runtime.psm1:1876[39;49m[39;49m
[39;49m[31m[39;49m[31m          at Invoke-Pester<End>, /Users/travis/build/pester/Pester/Pester.psm1:729[39;49m[39;49m
[39;49m[31m[39;49m[31m          at <ScriptBlock>, /Users/travis/build/pester/Pester/new-runtimepoc/Pester.Mock.RSpec.ts.ps1:152[39;49m[39;49m
[39;49m[31m[39;49m[31m          at t, /Users/travis/build/pester/Pester/new-runtimepoc/p.psm1:103[39;49m[39;49m
[39;49m[31m[39;49m[31m          at <ScriptBlock>, /Users/travis/build/pester/Pester/new-runtimepoc/Pester.Mock.RSpec.ts.ps1:151[39;49m[39;49m
[39;49m[31m[39;49m[31m          at b, /Users/travis/build/pester/Pester/new-runtimepoc/p.psm1:77[39;49m[39;49m
[39;49m[31m[39;49m[31m          at <ScriptBlock>, /Users/travis/build/pester/Pester/new-runtimepoc/Pester.Mock.RSpec.ts.ps1:150[39;49m[39;49m
[39;49m[31m[39;49m[31m          at i, /Users/travis/build/pester/Pester/new-runtimepoc/p.psm1:43[39;49m[39;49m
[39;49m[31m[39;49m[31m          at <ScriptBlock>, /Users/travis/build/pester/Pester/new-runtimepoc/Pester.Mock.RSpec.ts.ps1:17[39;49m[39;49m
[39;49m[31m[39;49m[31mBlock 'd1.d2.d3' failed[39;49m[39;49m
[39;49m[31m[39;49m[31m          PropertyNotFoundException: The property 'Value' cannot be found on this object. Verify that the property exists.[39;49m[39;49m
[39;49m[31m[39;49m[31m          at <ScriptBlock>, /Users/travis/build/pester/Pester/new-runtimepoc/Pester.Runtime.psm1:1408[39;49m[39;49m
[39;49m[31m[39;49m[31m          at <ScriptBlock>, /Users/travis/build/pester/Pester/new-runtimepoc/Pester.Runtime.psm1:1355[39;49m[39;49m
[39;49m[31m[39;49m[31m          at Invoke-ScriptBlock, /Users/travis/build/pester/Pester/new-runtimepoc/Pester.Runtime.psm1:1540[39;49m[39;49m
[39;49m[31m[39;49m[31m          at Invoke-Block, /Users/travis/build/pester/Pester/new-runtimepoc/Pester.Runtime.psm1:362[39;49m[39;49m
[39;49m[31m[39;49m[31m          at <ScriptBlock>, /Users/travis/build/pester/Pester/new-runtimepoc/Pester.Runtime.psm1:333[39;49m[39;49m
[39;49m[31m[39;49m[31m          at <ScriptBlock>, /Users/travis/build/pester/Pester/new-runtimepoc/Pester.Runtime.psm1:1399[39;49m[39;49m
[39;49m[31m[39;49m[31m          at <ScriptBlock>, /Users/travis/build/pester/Pester/new-runtimepoc/Pester.Runtime.psm1:1355[39;49m[39;49m
[39;49m[31m[39;49m[31m          at Invoke-ScriptBlock, /Users/travis/build/pester/Pester/new-runtimepoc/Pester.Runtime.psm1:1540[39;49m[39;49m
[39;49m[31m[39;49m[31m          at Invoke-Block, /Users/travis/build/pester/Pester/new-runtimepoc/Pester.Runtime.psm1:362[39;49m[39;49m
[39;49m[31m[39;49m[31m          at <ScriptBlock>, /Users/travis/build/pester/Pester/new-runtimepoc/Pester.Runtime.psm1:333[39;49m[39;49m
[39;49m[31m[39;49m[31m          at <ScriptBlock>, /Users/travis/build/pester/Pester/new-runtimepoc/Pester.Runtime.psm1:1399[39;49m[39;49m
[39;49m[31m[39;49m[31m          at <ScriptBlock>, /Users/travis/build/pester/Pester/new-runtimepoc/Pester.Runtime.psm1:1355[39;49m[39;49m
[39;49m[31m[39;49m[31m          at Invoke-ScriptBlock, /Users/travis/build/pester/Pester/new-runtimepoc/Pester.Runtime.psm1:1540[39;49m[39;49m
[39;49m[31m[39;49m[31m          at Invoke-Block, /Users/travis/build/pester/Pester/new-runtimepoc/Pester.Runtime.psm1:362[39;49m[39;49m
[39;49m[31m[39;49m[31m          at Run-Test, /Users/travis/build/pester/Pester/new-runtimepoc/Pester.Runtime.psm1:1133[39;49m[39;49m
[39;49m[31m[39;49m[31m          at Invoke-Test, /Users/travis/build/pester/Pester/new-runtimepoc/Pester.Runtime.psm1:1876[39;49m[39;49m
[39;49m[31m[39;49m[31m          at Invoke-Pester<End>, /Users/travis/build/pester/Pester/Pester.psm1:729[39;49m[39;49m
[39;49m[31m[39;49m[31m          at <ScriptBlock>, /Users/travis/build/pester/Pester/new-runtimepoc/Pester.Mock.RSpec.ts.ps1:152[39;49m[39;49m
[39;49m[31m[39;49m[31m          at t, /Users/travis/build/pester/Pester/new-runtimepoc/p.psm1:103[39;49m[39;49m
[39;49m[31m[39;49m[31m          at <ScriptBlock>, /Users/travis/build/pester/Pester/new-runtimepoc/Pester.Mock.RSpec.ts.ps1:151[39;49m[39;49m
[39;49m[31m[39;49m[31m          at b, /Users/travis/build/pester/Pester/new-runtimepoc/p.psm1:77[39;49m[39;49m
[39;49m[31m[39;49m[31m          at <ScriptBlock>, /Users/travis/build/pester/Pester/new-runtimepoc/Pester.Mock.RSpec.ts.ps1:150[39;49m[39;49m
[39;49m[31m[39;49m[31m          at i, /Users/travis/build/pester/Pester/new-runtimepoc/p.psm1:43[39;49m[39;49m
[39;49m[31m[39;49m[31m          at <ScriptBlock>, /Users/travis/build/pester/Pester/new-runtimepoc/Pester.Mock.RSpec.ts.ps1:17[39;49m[39;49m
[39;49m[31m[39;49m[31mBlock 'd1.d2' failed[39;49m[39;49m
[39;49m[31m[39;49m[31m          PropertyNotFoundException: The property 'Value' cannot be found on this object. Verify that the property exists.[39;49m[39;49m
[39;49m[31m[39;49m[31m          at <ScriptBlock>, /Users/travis/build/pester/Pester/new-runtimepoc/Pester.Runtime.psm1:1408[39;49m[39;49m
[39;49m[31m[39;49m[31m          at <ScriptBlock>, /Users/travis/build/pester/Pester/new-runtimepoc/Pester.Runtime.psm1:1355[39;49m[39;49m
[39;49m[31m[39;49m[31m          at Invoke-ScriptBlock, /Users/travis/build/pester/Pester/new-runtimepoc/Pester.Runtime.psm1:1540[39;49m[39;49m
[39;49m[31m[39;49m[31m          at Invoke-Block, /Users/travis/build/pester/Pester/new-runtimepoc/Pester.Runtime.psm1:362[39;49m[39;49m
[39;49m[31m[39;49m[31m          at <ScriptBlock>, /Users/travis/build/pester/Pester/new-runtimepoc/Pester.Runtime.psm1:333[39;49m[39;49m
[39;49m[31m[39;49m[31m          at <ScriptBlock>, /Users/travis/build/pester/Pester/new-runtimepoc/Pester.Runtime.psm1:1399[39;49m[39;49m
[39;49m[31m[39;49m[31m          at <ScriptBlock>, /Users/travis/build/pester/Pester/new-runtimepoc/Pester.Runtime.psm1:1355[39;49m[39;49m
[39;49m[31m[39;49m[31m          at Invoke-ScriptBlock, /Users/travis/build/pester/Pester/new-runtimepoc/Pester.Runtime.psm1:1540[39;49m[39;49m
[39;49m[31m[39;49m[31m          at Invoke-Block, /Users/travis/build/pester/Pester/new-runtimepoc/Pester.Runtime.psm1:362[39;49m[39;49m
[39;49m[31m[39;49m[31m          at Run-Test, /Users/travis/build/pester/Pester/new-runtimepoc/Pester.Runtime.psm1:1133[39;49m[39;49m
[39;49m[31m[39;49m[31m          at Invoke-Test, /Users/travis/build/pester/Pester/new-runtimepoc/Pester.Runtime.psm1:1876[39;49m[39;49m
[39;49m[31m[39;49m[31m          at Invoke-Pester<End>, /Users/travis/build/pester/Pester/Pester.psm1:729[39;49m[39;49m
[39;49m[31m[39;49m[31m          at <ScriptBlock>, /Users/travis/build/pester/Pester/new-runtimepoc/Pester.Mock.RSpec.ts.ps1:152[39;49m[39;49m
[39;49m[31m[39;49m[31m          at t, /Users/travis/build/pester/Pester/new-runtimepoc/p.psm1:103[39;49m[39;49m
[39;49m[31m[39;49m[31m          at <ScriptBlock>, /Users/travis/build/pester/Pester/new-runtimepoc/Pester.Mock.RSpec.ts.ps1:151[39;49m[39;49m
[39;49m[31m[39;49m[31m          at b, /Users/travis/build/pester/Pester/new-runtimepoc/p.psm1:77[39;49m[39;49m
[39;49m[31m[39;49m[31m          at <ScriptBlock>, /Users/travis/build/pester/Pester/new-runtimepoc/Pester.Mock.RSpec.ts.ps1:150[39;49m[39;49m
[39;49m[31m[39;49m[31m          at i, /Users/travis/build/pester/Pester/new-runtimepoc/p.psm1:43[39;49m[39;49m
[39;49m[31m[39;49m[31m          at <ScriptBlock>, /Users/travis/build/pester/Pester/new-runtimepoc/Pester.Mock.RSpec.ts.ps1:17[39;49m[39;49m
[39;49m[31m[39;49m[31mBlock 'd1' failed[39;49m[39;49m
[39;49m[31m[39;49m[31m          PropertyNotFoundException: The property 'Value' cannot be found on this object. Verify that the property exists.[39;49m[39;49m
[39;49m[31m[39;49m[31m          at <ScriptBlock>, /Users/travis/build/pester/Pester/new-runtimepoc/Pester.Runtime.psm1:1408[39;49m[39;49m
[39;49m[31m[39;49m[31m          at <ScriptBlock>, /Users/travis/build/pester/Pester/new-runtimepoc/Pester.Runtime.psm1:1355[39;49m[39;49m
[39;49m[31m[39;49m[31m          at Invoke-ScriptBlock, /Users/travis/build/pester/Pester/new-runtimepoc/Pester.Runtime.psm1:1540[39;49m[39;49m
[39;49m[31m[39;49m[31m          at Invoke-Block, /Users/travis/build/pester/Pester/new-runtimepoc/Pester.Runtime.psm1:362[39;49m[39;49m
[39;49m[31m[39;49m[31m          at Run-Test, /Users/travis/build/pester/Pester/new-runtimepoc/Pester.Runtime.psm1:1133[39;49m[39;49m
[39;49m[31m[39;49m[31m          at Invoke-Test, /Users/travis/build/pester/Pester/new-runtimepoc/Pester.Runtime.psm1:1876[39;49m[39;49m
[39;49m[31m[39;49m[31m          at Invoke-Pester<End>, /Users/travis/build/pester/Pester/Pester.psm1:729[39;49m[39;49m
[39;49m[31m[39;49m[31m          at <ScriptBlock>, /Users/travis/build/pester/Pester/new-runtimepoc/Pester.Mock.RSpec.ts.ps1:152[39;49m[39;49m
[39;49m[31m[39;49m[31m          at t, /Users/travis/build/pester/Pester/new-runtimepoc/p.psm1:103[39;49m[39;49m
[39;49m[31m[39;49m[31m          at <ScriptBlock>, /Users/travis/build/pester/Pester/new-runtimepoc/Pester.Mock.RSpec.ts.ps1:151[39;49m[39;49m
[39;49m[31m[39;49m[31m          at b, /Users/travis/build/pester/Pester/new-runtimepoc/p.psm1:77[39;49m[39;49m
[39;49m[31m[39;49m[31m          at <ScriptBlock>, /Users/travis/build/pester/Pester/new-runtimepoc/Pester.Mock.RSpec.ts.ps1:150[39;49m[39;49m
[39;49m[31m[39;49m[31m          at i, /Users/travis/build/pester/Pester/new-runtimepoc/p.psm1:43[39;49m[39;49m
[39;49m[31m[39;49m[31m          at <ScriptBlock>, /Users/travis/build/pester/Pester/new-runtimepoc/Pester.Mock.RSpec.ts.ps1:17[39;49m[39;49m
[39;49m[37m[39;49m[37mTests completed in 0ms[39;49m[39;49m
[39;49m[37m[39;49m[37mTests Passed: 0, [39;49m[39;49m[39;49m[31m[39;49m[31mFailed: 1, [39;49m[39;49m[39;49m[30m[39;49m[30mSkipped: 0, [39;49m[39;49m[39;49m[30m[39;49m[30mPending: 0, [39;49m[39;49m[39;49m[30m[39;49m[30mInconclusive: 0 [39;49m[39;49m
[39;49m[31m[39;49m[31m[-] - mocks defined in the parent scope can still be used -> Expected and actual values differ!
Expected: 'mock'
Actual  : ''
at Verify-Equal, /Users/travis/build/pester/Pester/Dependencies/Axiom/Verify-Equal.ps1:16
at <ScriptBlock>, /Users/travis/build/pester/Pester/new-runtimepoc/Pester.Mock.RSpec.ts.ps1:173
at t, /Users/travis/build/pester/Pester/new-runtimepoc/p.psm1:103
at <ScriptBlock>, /Users/travis/build/pester/Pester/new-runtimepoc/Pester.Mock.RSpec.ts.ps1:151
at b, /Users/travis/build/pester/Pester/new-runtimepoc/p.psm1:77
at <ScriptBlock>, /Users/travis/build/pester/Pester/new-runtimepoc/Pester.Mock.RSpec.ts.ps1:150
at i, /Users/travis/build/pester/Pester/new-runtimepoc/p.psm1:43
at <ScriptBlock>, /Users/travis/build/pester/Pester/new-runtimepoc/Pester.Mock.RSpec.ts.ps1:17
at <ScriptBlock>, <No file>:1
at <ScriptBlock>, <No file>:1
[39;49m[39;49m
[39;49m[36m[39;49m[36m| - mock filters[39;49m[39;49m
[39;49m[35m[39;49m[35mStarting test discovery in 1 files.[39;49m[39;49m
[39;49m[35m[39;49m[35mDiscovering tests in 
                BeforeAll { function f { "real" } }
                Describe 'd1' {
                    BeforeAll {
                        Mock Get-Variable { "filtered" } -ParameterFilter {
                            $Name -eq 'PSVersionTable' -and $ValueOnly
                        }

                        Mock Get-Variable { "default" }
                    }

                    It 'makes a call to the filtered mock' {
                        Get-Variable -Name PSVersionTable -ValueOnly | Should -Be "filtered"
                    }

                    It 'makes a call to the default mock' {
                        Get-Variable -Name PSVersionTable | Should -Be "default"
                    }
                }
            .[39;49m[39;49m
[39;49m[35m[39;49m[35mFound 2 tests. 28ms[39;49m[39;49m
[39;49m[35m[39;49m[35mTest discovery finished. 45ms[39;49m[39;49m

[39;49m[32m[39;49m[32mDescribing d1[39;49m[39;49m
[39;49m[31m[39;49m[31m    [-] makes a call to the filtered mock[39;49m[39;49m[39;49m[30m[39;49m[30m 239ms (228ms|11ms)[39;49m[39;49m
[39;49m[31m[39;49m[31m      PropertyNotFoundException: The property 'Value' cannot be found on this object. Verify that the property exists.[39;49m[39;49m
[39;49m[31m[39;49m[31m      at <ScriptBlock>, /Users/travis/build/pester/Pester/new-runtimepoc/Pester.Runtime.psm1:1408[39;49m[39;49m
[39;49m[31m[39;49m[31m      at <ScriptBlock>, /Users/travis/build/pester/Pester/new-runtimepoc/Pester.Runtime.psm1:1355[39;49m[39;49m
[39;49m[31m[39;49m[31m      at Invoke-ScriptBlock, /Users/travis/build/pester/Pester/new-runtimepoc/Pester.Runtime.psm1:1537[39;49m[39;49m
[39;49m[31m[39;49m[31m      at Invoke-TestItem, /Users/travis/build/pester/Pester/new-runtimepoc/Pester.Runtime.psm1:589[39;49m[39;49m
[39;49m[31m[39;49m[31m      at Invoke-Block, /Users/travis/build/pester/Pester/new-runtimepoc/Pester.Runtime.psm1:262[39;49m[39;49m
[39;49m[31m[39;49m[31m      at <ScriptBlock>, /Users/travis/build/pester/Pester/new-runtimepoc/Pester.Runtime.psm1:333[39;49m[39;49m
[39;49m[31m[39;49m[31m      at <ScriptBlock>, /Users/travis/build/pester/Pester/new-runtimepoc/Pester.Runtime.psm1:1399[39;49m[39;49m
[39;49m[31m[39;49m[31m      at <ScriptBlock>, /Users/travis/build/pester/Pester/new-runtimepoc/Pester.Runtime.psm1:1355[39;49m[39;49m
[39;49m[31m[39;49m[31m      at Invoke-ScriptBlock, /Users/travis/build/pester/Pester/new-runtimepoc/Pester.Runtime.psm1:1540[39;49m[39;49m
[39;49m[31m[39;49m[31m      at Invoke-Block, /Users/travis/build/pester/Pester/new-runtimepoc/Pester.Runtime.psm1:362[39;49m[39;49m
[39;49m[31m[39;49m[31m      at Run-Test, /Users/travis/build/pester/Pester/new-runtimepoc/Pester.Runtime.psm1:1133[39;49m[39;49m
[39;49m[31m[39;49m[31m      at Invoke-Test, /Users/travis/build/pester/Pester/new-runtimepoc/Pester.Runtime.psm1:1876[39;49m[39;49m
[39;49m[31m[39;49m[31m      at Invoke-Pester<End>, /Users/travis/build/pester/Pester/Pester.psm1:729[39;49m[39;49m
[39;49m[31m[39;49m[31m      at <ScriptBlock>, /Users/travis/build/pester/Pester/new-runtimepoc/Pester.Mock.RSpec.ts.ps1:179[39;49m[39;49m
[39;49m[31m[39;49m[31m      at t, /Users/travis/build/pester/Pester/new-runtimepoc/p.psm1:103[39;49m[39;49m
[39;49m[31m[39;49m[31m      at <ScriptBlock>, /Users/travis/build/pester/Pester/new-runtimepoc/Pester.Mock.RSpec.ts.ps1:178[39;49m[39;49m
[39;49m[31m[39;49m[31m      at b, /Users/travis/build/pester/Pester/new-runtimepoc/p.psm1:77[39;49m[39;49m
[39;49m[31m[39;49m[31m      at <ScriptBlock>, /Users/travis/build/pester/Pester/new-runtimepoc/Pester.Mock.RSpec.ts.ps1:177[39;49m[39;49m
[39;49m[31m[39;49m[31m      at i, /Users/travis/build/pester/Pester/new-runtimepoc/p.psm1:43[39;49m[39;49m
[39;49m[31m[39;49m[31m      at <ScriptBlock>, /Users/travis/build/pester/Pester/new-runtimepoc/Pester.Mock.RSpec.ts.ps1:17[39;49m[39;49m
[39;49m[31m[39;49m[31mBlock 'd1' failed[39;49m[39;49m
[39;49m[31m[39;49m[31m      PropertyNotFoundException: The property 'Value' cannot be found on this object. Verify that the property exists.[39;49m[39;49m
[39;49m[31m[39;49m[31m      at <ScriptBlock>, /Users/travis/build/pester/Pester/new-runtimepoc/Pester.Runtime.psm1:1408[39;49m[39;49m
[39;49m[31m[39;49m[31m      at <ScriptBlock>, /Users/travis/build/pester/Pester/new-runtimepoc/Pester.Runtime.psm1:1355[39;49m[39;49m
[39;49m[31m[39;49m[31m      at Invoke-ScriptBlock, /Users/travis/build/pester/Pester/new-runtimepoc/Pester.Runtime.psm1:1540[39;49m[39;49m
[39;49m[31m[39;49m[31m      at Invoke-Block, /Users/travis/build/pester/Pester/new-runtimepoc/Pester.Runtime.psm1:362[39;49m[39;49m
[39;49m[31m[39;49m[31m      at Run-Test, /Users/travis/build/pester/Pester/new-runtimepoc/Pester.Runtime.psm1:1133[39;49m[39;49m
[39;49m[31m[39;49m[31m      at Invoke-Test, /Users/travis/build/pester/Pester/new-runtimepoc/Pester.Runtime.psm1:1876[39;49m[39;49m
[39;49m[31m[39;49m[31m      at Invoke-Pester<End>, /Users/travis/build/pester/Pester/Pester.psm1:729[39;49m[39;49m
[39;49m[31m[39;49m[31m      at <ScriptBlock>, /Users/travis/build/pester/Pester/new-runtimepoc/Pester.Mock.RSpec.ts.ps1:179[39;49m[39;49m
[39;49m[31m[39;49m[31m      at t, /Users/travis/build/pester/Pester/new-runtimepoc/p.psm1:103[39;49m[39;49m
[39;49m[31m[39;49m[31m      at <ScriptBlock>, /Users/travis/build/pester/Pester/new-runtimepoc/Pester.Mock.RSpec.ts.ps1:178[39;49m[39;49m
[39;49m[31m[39;49m[31m      at b, /Users/travis/build/pester/Pester/new-runtimepoc/p.psm1:77[39;49m[39;49m
[39;49m[31m[39;49m[31m      at <ScriptBlock>, /Users/travis/build/pester/Pester/new-runtimepoc/Pester.Mock.RSpec.ts.ps1:177[39;49m[39;49m
[39;49m[31m[39;49m[31m      at i, /Users/travis/build/pester/Pester/new-runtimepoc/p.psm1:43[39;49m[39;49m
[39;49m[31m[39;49m[31m      at <ScriptBlock>, /Users/travis/build/pester/Pester/new-runtimepoc/Pester.Mock.RSpec.ts.ps1:17[39;49m[39;49m
[39;49m[37m[39;49m[37mTests completed in 0ms[39;49m[39;49m
[39;49m[37m[39;49m[37mTests Passed: 0, [39;49m[39;49m[39;49m[31m[39;49m[31mFailed: 2, [39;49m[39;49m[39;49m[30m[39;49m[30mSkipped: 0, [39;49m[39;49m[39;49m[30m[39;49m[30mPending: 0, [39;49m[39;49m[39;49m[30m[39;49m[30mInconclusive: 0 [39;49m[39;49m
[39;49m[31m[39;49m[31m[-] - calling filtered and default mock chooses the correct mock to call -> Expected $true but got 'False'.
at Verify-True, /Users/travis/build/pester/Pester/Dependencies/Axiom/Verify-True.ps1:8
at <ScriptBlock>, /Users/travis/build/pester/Pester/new-runtimepoc/Pester.Mock.RSpec.ts.ps1:200
at t, /Users/travis/build/pester/Pester/new-runtimepoc/p.psm1:103
at <ScriptBlock>, /Users/travis/build/pester/Pester/new-runtimepoc/Pester.Mock.RSpec.ts.ps1:178
at b, /Users/travis/build/pester/Pester/new-runtimepoc/p.psm1:77
at <ScriptBlock>, /Users/travis/build/pester/Pester/new-runtimepoc/Pester.Mock.RSpec.ts.ps1:177
at i, /Users/travis/build/pester/Pester/new-runtimepoc/p.psm1:43
at <ScriptBlock>, /Users/travis/build/pester/Pester/new-runtimepoc/Pester.Mock.RSpec.ts.ps1:17
at <ScriptBlock>, <No file>:1
at <ScriptBlock>, <No file>:1
[39;49m[39;49m
[39;49m[36m[39;49m[36m| - named mock scopes[39;49m[39;49m
[39;49m[35m[39;49m[35mStarting test discovery in 1 files.[39;49m[39;49m
[39;49m[35m[39;49m[35mDiscovering tests in 
                BeforeAll { function a { } }
                Describe 'd-2' {
                    # scope 4
                    Describe "d-1" {
                        # scope 3
                        Describe 'd1' {
                            # scope 2
                            BeforeAll {
                                Mock a {}
                            }

                            It 'i1' {
                                a # call 1
                            }

                            Context "c1" {
                                # scope 1
                                It 'i2' {
                                    a # call 2
                                }

                                It 'i1' {
                                    # scope 0
                                    Should -Invoke a -Exactly 0 -Scope 0
                                    Should -Invoke a -Exactly 0 -Scope It
                                    Should -Invoke a -Exactly 1 -Scope 1
                                    Should -Invoke a -Exactly 1 -Scope Context
                                    Should -Invoke a -Exactly 2 -Scope 2
                                    Should -Invoke a -Exactly 2 -Scope Describe
                                    Should -Invoke a -Exactly 2 -Scope 3
                                    Should -Invoke a -Exactly 2 -Scope 4
                                }
                            }
                        }
                    }
                }
            .[39;49m[39;49m
[39;49m[35m[39;49m[35mFound 3 tests. 98ms[39;49m[39;49m
[39;49m[35m[39;49m[35mTest discovery finished. 170ms[39;49m[39;49m

[39;49m[32m[39;49m[32mDescribing d-2[39;49m[39;49m

[39;49m[32m[39;49m[32m  Describing d-1[39;49m[39;49m

[39;49m[32m[39;49m[32m    Describing d1[39;49m[39;49m
[39;49m[31m[39;49m[31m        [-] i1[39;49m[39;49m[39;49m[30m[39;49m[30m 97ms (83ms|14ms)[39;49m[39;49m
[39;49m[31m[39;49m[31m          PropertyNotFoundException: The property 'Value' cannot be found on this object. Verify that the property exists.[39;49m[39;49m
[39;49m[31m[39;49m[31m          at <ScriptBlock>, /Users/travis/build/pester/Pester/new-runtimepoc/Pester.Runtime.psm1:1408[39;49m[39;49m
[39;49m[31m[39;49m[31m          at <ScriptBlock>, /Users/travis/build/pester/Pester/new-runtimepoc/Pester.Runtime.psm1:1355[39;49m[39;49m
[39;49m[31m[39;49m[31m          at Invoke-ScriptBlock, /Users/travis/build/pester/Pester/new-runtimepoc/Pester.Runtime.psm1:1537[39;49m[39;49m
[39;49m[31m[39;49m[31m          at Invoke-TestItem, /Users/travis/build/pester/Pester/new-runtimepoc/Pester.Runtime.psm1:589[39;49m[39;49m
[39;49m[31m[39;49m[31m          at Invoke-Block, /Users/travis/build/pester/Pester/new-runtimepoc/Pester.Runtime.psm1:262[39;49m[39;49m
[39;49m[31m[39;49m[31m          at <ScriptBlock>, /Users/travis/build/pester/Pester/new-runtimepoc/Pester.Runtime.psm1:333[39;49m[39;49m
[39;49m[31m[39;49m[31m          at <ScriptBlock>, /Users/travis/build/pester/Pester/new-runtimepoc/Pester.Runtime.psm1:1399[39;49m[39;49m
[39;49m[31m[39;49m[31m          at <ScriptBlock>, /Users/travis/build/pester/Pester/new-runtimepoc/Pester.Runtime.psm1:1355[39;49m[39;49m
[39;49m[31m[39;49m[31m          at Invoke-ScriptBlock, /Users/travis/build/pester/Pester/new-runtimepoc/Pester.Runtime.psm1:1540[39;49m[39;49m
[39;49m[31m[39;49m[31m          at Invoke-Block, /Users/travis/build/pester/Pester/new-runtimepoc/Pester.Runtime.psm1:362[39;49m[39;49m
[39;49m[31m[39;49m[31m          at <ScriptBlock>, /Users/travis/build/pester/Pester/new-runtimepoc/Pester.Runtime.psm1:333[39;49m[39;49m
[39;49m[31m[39;49m[31m          at <ScriptBlock>, /Users/travis/build/pester/Pester/new-runtimepoc/Pester.Runtime.psm1:1399[39;49m[39;49m
[39;49m[31m[39;49m[31m          at <ScriptBlock>, /Users/travis/build/pester/Pester/new-runtimepoc/Pester.Runtime.psm1:1355[39;49m[39;49m
[39;49m[31m[39;49m[31m          at Invoke-ScriptBlock, /Users/travis/build/pester/Pester/new-runtimepoc/Pester.Runtime.psm1:1540[39;49m[39;49m
[39;49m[31m[39;49m[31m          at Invoke-Block, /Users/travis/build/pester/Pester/new-runtimepoc/Pester.Runtime.psm1:362[39;49m[39;49m
[39;49m[31m[39;49m[31m          at <ScriptBlock>, /Users/travis/build/pester/Pester/new-runtimepoc/Pester.Runtime.psm1:333[39;49m[39;49m
[39;49m[31m[39;49m[31m          at <ScriptBlock>, /Users/travis/build/pester/Pester/new-runtimepoc/Pester.Runtime.psm1:1399[39;49m[39;49m
[39;49m[31m[39;49m[31m          at <ScriptBlock>, /Users/travis/build/pester/Pester/new-runtimepoc/Pester.Runtime.psm1:1355[39;49m[39;49m
[39;49m[31m[39;49m[31m          at Invoke-ScriptBlock, /Users/travis/build/pester/Pester/new-runtimepoc/Pester.Runtime.psm1:1540[39;49m[39;49m
[39;49m[31m[39;49m[31m          at Invoke-Block, /Users/travis/build/pester/Pester/new-runtimepoc/Pester.Runtime.psm1:362[39;49m[39;49m
[39;49m[31m[39;49m[31m          at Run-Test, /Users/travis/build/pester/Pester/new-runtimepoc/Pester.Runtime.psm1:1133[39;49m[39;49m
[39;49m[31m[39;49m[31m          at Invoke-Test, /Users/travis/build/pester/Pester/new-runtimepoc/Pester.Runtime.psm1:1876[39;49m[39;49m
[39;49m[31m[39;49m[31m          at Invoke-Pester<End>, /Users/travis/build/pester/Pester/Pester.psm1:729[39;49m[39;49m
[39;49m[31m[39;49m[31m          at <ScriptBlock>, /Users/travis/build/pester/Pester/new-runtimepoc/Pester.Mock.RSpec.ts.ps1:207[39;49m[39;49m
[39;49m[31m[39;49m[31m          at t, /Users/travis/build/pester/Pester/new-runtimepoc/p.psm1:103[39;49m[39;49m
[39;49m[31m[39;49m[31m          at <ScriptBlock>, /Users/travis/build/pester/Pester/new-runtimepoc/Pester.Mock.RSpec.ts.ps1:206[39;49m[39;49m
[39;49m[31m[39;49m[31m          at b, /Users/travis/build/pester/Pester/new-runtimepoc/p.psm1:77[39;49m[39;49m
[39;49m[31m[39;49m[31m          at <ScriptBlock>, /Users/travis/build/pester/Pester/new-runtimepoc/Pester.Mock.RSpec.ts.ps1:205[39;49m[39;49m
[39;49m[31m[39;49m[31m          at i, /Users/travis/build/pester/Pester/new-runtimepoc/p.psm1:43[39;49m[39;49m
[39;49m[31m[39;49m[31m          at <ScriptBlock>, /Users/travis/build/pester/Pester/new-runtimepoc/Pester.Mock.RSpec.ts.ps1:17[39;49m[39;49m
[39;49m[31m[39;49m[31mBlock 'd-2.d-1.d1' failed[39;49m[39;49m
[39;49m[31m[39;49m[31m          PropertyNotFoundException: The property 'Value' cannot be found on this object. Verify that the property exists.[39;49m[39;49m
[39;49m[31m[39;49m[31m          at <ScriptBlock>, /Users/travis/build/pester/Pester/new-runtimepoc/Pester.Runtime.psm1:1408[39;49m[39;49m
[39;49m[31m[39;49m[31m          at <ScriptBlock>, /Users/travis/build/pester/Pester/new-runtimepoc/Pester.Runtime.psm1:1355[39;49m[39;49m
[39;49m[31m[39;49m[31m          at Invoke-ScriptBlock, /Users/travis/build/pester/Pester/new-runtimepoc/Pester.Runtime.psm1:1540[39;49m[39;49m
[39;49m[31m[39;49m[31m          at Invoke-Block, /Users/travis/build/pester/Pester/new-runtimepoc/Pester.Runtime.psm1:362[39;49m[39;49m
[39;49m[31m[39;49m[31m          at <ScriptBlock>, /Users/travis/build/pester/Pester/new-runtimepoc/Pester.Runtime.psm1:333[39;49m[39;49m
[39;49m[31m[39;49m[31m          at <ScriptBlock>, /Users/travis/build/pester/Pester/new-runtimepoc/Pester.Runtime.psm1:1399[39;49m[39;49m
[39;49m[31m[39;49m[31m          at <ScriptBlock>, /Users/travis/build/pester/Pester/new-runtimepoc/Pester.Runtime.psm1:1355[39;49m[39;49m
[39;49m[31m[39;49m[31m          at Invoke-ScriptBlock, /Users/travis/build/pester/Pester/new-runtimepoc/Pester.Runtime.psm1:1540[39;49m[39;49m
[39;49m[31m[39;49m[31m          at Invoke-Block, /Users/travis/build/pester/Pester/new-runtimepoc/Pester.Runtime.psm1:362[39;49m[39;49m
[39;49m[31m[39;49m[31m          at <ScriptBlock>, /Users/travis/build/pester/Pester/new-runtimepoc/Pester.Runtime.psm1:333[39;49m[39;49m
[39;49m[31m[39;49m[31m          at <ScriptBlock>, /Users/travis/build/pester/Pester/new-runtimepoc/Pester.Runtime.psm1:1399[39;49m[39;49m
[39;49m[31m[39;49m[31m          at <ScriptBlock>, /Users/travis/build/pester/Pester/new-runtimepoc/Pester.Runtime.psm1:1355[39;49m[39;49m
[39;49m[31m[39;49m[31m          at Invoke-ScriptBlock, /Users/travis/build/pester/Pester/new-runtimepoc/Pester.Runtime.psm1:1540[39;49m[39;49m
[39;49m[31m[39;49m[31m          at Invoke-Block, /Users/travis/build/pester/Pester/new-runtimepoc/Pester.Runtime.psm1:362[39;49m[39;49m
[39;49m[31m[39;49m[31m          at Run-Test, /Users/travis/build/pester/Pester/new-runtimepoc/Pester.Runtime.psm1:1133[39;49m[39;49m
[39;49m[31m[39;49m[31m          at Invoke-Test, /Users/travis/build/pester/Pester/new-runtimepoc/Pester.Runtime.psm1:1876[39;49m[39;49m
[39;49m[31m[39;49m[31m          at Invoke-Pester<End>, /Users/travis/build/pester/Pester/Pester.psm1:729[39;49m[39;49m
[39;49m[31m[39;49m[31m          at <ScriptBlock>, /Users/travis/build/pester/Pester/new-runtimepoc/Pester.Mock.RSpec.ts.ps1:207[39;49m[39;49m
[39;49m[31m[39;49m[31m          at t, /Users/travis/build/pester/Pester/new-runtimepoc/p.psm1:103[39;49m[39;49m
[39;49m[31m[39;49m[31m          at <ScriptBlock>, /Users/travis/build/pester/Pester/new-runtimepoc/Pester.Mock.RSpec.ts.ps1:206[39;49m[39;49m
[39;49m[31m[39;49m[31m          at b, /Users/travis/build/pester/Pester/new-runtimepoc/p.psm1:77[39;49m[39;49m
[39;49m[31m[39;49m[31m          at <ScriptBlock>, /Users/travis/build/pester/Pester/new-runtimepoc/Pester.Mock.RSpec.ts.ps1:205[39;49m[39;49m
[39;49m[31m[39;49m[31m          at i, /Users/travis/build/pester/Pester/new-runtimepoc/p.psm1:43[39;49m[39;49m
[39;49m[31m[39;49m[31m          at <ScriptBlock>, /Users/travis/build/pester/Pester/new-runtimepoc/Pester.Mock.RSpec.ts.ps1:17[39;49m[39;49m
[39;49m[31m[39;49m[31mBlock 'd-2.d-1' failed[39;49m[39;49m
[39;49m[31m[39;49m[31m          PropertyNotFoundException: The property 'Value' cannot be found on this object. Verify that the property exists.[39;49m[39;49m
[39;49m[31m[39;49m[31m          at <ScriptBlock>, /Users/travis/build/pester/Pester/new-runtimepoc/Pester.Runtime.psm1:1408[39;49m[39;49m
[39;49m[31m[39;49m[31m          at <ScriptBlock>, /Users/travis/build/pester/Pester/new-runtimepoc/Pester.Runtime.psm1:1355[39;49m[39;49m
[39;49m[31m[39;49m[31m          at Invoke-ScriptBlock, /Users/travis/build/pester/Pester/new-runtimepoc/Pester.Runtime.psm1:1540[39;49m[39;49m
[39;49m[31m[39;49m[31m          at Invoke-Block, /Users/travis/build/pester/Pester/new-runtimepoc/Pester.Runtime.psm1:362[39;49m[39;49m
[39;49m[31m[39;49m[31m          at <ScriptBlock>, /Users/travis/build/pester/Pester/new-runtimepoc/Pester.Runtime.psm1:333[39;49m[39;49m
[39;49m[31m[39;49m[31m          at <ScriptBlock>, /Users/travis/build/pester/Pester/new-runtimepoc/Pester.Runtime.psm1:1399[39;49m[39;49m
[39;49m[31m[39;49m[31m          at <ScriptBlock>, /Users/travis/build/pester/Pester/new-runtimepoc/Pester.Runtime.psm1:1355[39;49m[39;49m
[39;49m[31m[39;49m[31m          at Invoke-ScriptBlock, /Users/travis/build/pester/Pester/new-runtimepoc/Pester.Runtime.psm1:1540[39;49m[39;49m
[39;49m[31m[39;49m[31m          at Invoke-Block, /Users/travis/build/pester/Pester/new-runtimepoc/Pester.Runtime.psm1:362[39;49m[39;49m
[39;49m[31m[39;49m[31m          at Run-Test, /Users/travis/build/pester/Pester/new-runtimepoc/Pester.Runtime.psm1:1133[39;49m[39;49m
[39;49m[31m[39;49m[31m          at Invoke-Test, /Users/travis/build/pester/Pester/new-runtimepoc/Pester.Runtime.psm1:1876[39;49m[39;49m
[39;49m[31m[39;49m[31m          at Invoke-Pester<End>, /Users/travis/build/pester/Pester/Pester.psm1:729[39;49m[39;49m
[39;49m[31m[39;49m[31m          at <ScriptBlock>, /Users/travis/build/pester/Pester/new-runtimepoc/Pester.Mock.RSpec.ts.ps1:207[39;49m[39;49m
[39;49m[31m[39;49m[31m          at t, /Users/travis/build/pester/Pester/new-runtimepoc/p.psm1:103[39;49m[39;49m
[39;49m[31m[39;49m[31m          at <ScriptBlock>, /Users/travis/build/pester/Pester/new-runtimepoc/Pester.Mock.RSpec.ts.ps1:206[39;49m[39;49m
[39;49m[31m[39;49m[31m          at b, /Users/travis/build/pester/Pester/new-runtimepoc/p.psm1:77[39;49m[39;49m
[39;49m[31m[39;49m[31m          at <ScriptBlock>, /Users/travis/build/pester/Pester/new-runtimepoc/Pester.Mock.RSpec.ts.ps1:205[39;49m[39;49m
[39;49m[31m[39;49m[31m          at i, /Users/travis/build/pester/Pester/new-runtimepoc/p.psm1:43[39;49m[39;49m
[39;49m[31m[39;49m[31m          at <ScriptBlock>, /Users/travis/build/pester/Pester/new-runtimepoc/Pester.Mock.RSpec.ts.ps1:17[39;49m[39;49m
[39;49m[31m[39;49m[31mBlock 'd-2' failed[39;49m[39;49m
[39;49m[31m[39;49m[31m          PropertyNotFoundException: The property 'Value' cannot be found on this object. Verify that the property exists.[39;49m[39;49m
[39;49m[31m[39;49m[31m          at <ScriptBlock>, /Users/travis/build/pester/Pester/new-runtimepoc/Pester.Runtime.psm1:1408[39;49m[39;49m
[39;49m[31m[39;49m[31m          at <ScriptBlock>, /Users/travis/build/pester/Pester/new-runtimepoc/Pester.Runtime.psm1:1355[39;49m[39;49m
[39;49m[31m[39;49m[31m          at Invoke-ScriptBlock, /Users/travis/build/pester/Pester/new-runtimepoc/Pester.Runtime.psm1:1540[39;49m[39;49m
[39;49m[31m[39;49m[31m          at Invoke-Block, /Users/travis/build/pester/Pester/new-runtimepoc/Pester.Runtime.psm1:362[39;49m[39;49m
[39;49m[31m[39;49m[31m          at Run-Test, /Users/travis/build/pester/Pester/new-runtimepoc/Pester.Runtime.psm1:1133[39;49m[39;49m
[39;49m[31m[39;49m[31m          at Invoke-Test, /Users/travis/build/pester/Pester/new-runtimepoc/Pester.Runtime.psm1:1876[39;49m[39;49m
[39;49m[31m[39;49m[31m          at Invoke-Pester<End>, /Users/travis/build/pester/Pester/Pester.psm1:729[39;49m[39;49m
[39;49m[31m[39;49m[31m          at <ScriptBlock>, /Users/travis/build/pester/Pester/new-runtimepoc/Pester.Mock.RSpec.ts.ps1:207[39;49m[39;49m
[39;49m[31m[39;49m[31m          at t, /Users/travis/build/pester/Pester/new-runtimepoc/p.psm1:103[39;49m[39;49m
[39;49m[31m[39;49m[31m          at <ScriptBlock>, /Users/travis/build/pester/Pester/new-runtimepoc/Pester.Mock.RSpec.ts.ps1:206[39;49m[39;49m
[39;49m[31m[39;49m[31m          at b, /Users/travis/build/pester/Pester/new-runtimepoc/p.psm1:77[39;49m[39;49m
[39;49m[31m[39;49m[31m          at <ScriptBlock>, /Users/travis/build/pester/Pester/new-runtimepoc/Pester.Mock.RSpec.ts.ps1:205[39;49m[39;49m
[39;49m[31m[39;49m[31m          at i, /Users/travis/build/pester/Pester/new-runtimepoc/p.psm1:43[39;49m[39;49m
[39;49m[31m[39;49m[31m          at <ScriptBlock>, /Users/travis/build/pester/Pester/new-runtimepoc/Pester.Mock.RSpec.ts.ps1:17[39;49m[39;49m
[39;49m[37m[39;49m[37mTests completed in 0ms[39;49m[39;49m
[39;49m[37m[39;49m[37mTests Passed: 0, [39;49m[39;49m[39;49m[31m[39;49m[31mFailed: 3, [39;49m[39;49m[39;49m[30m[39;49m[30mSkipped: 0, [39;49m[39;49m[39;49m[30m[39;49m[30mPending: 0, [39;49m[39;49m[39;49m[30m[39;49m[30mInconclusive: 0 [39;49m[39;49m
[39;49m[31m[39;49m[31m[-] - asserting in scope describe finds all mocks in the nearest describe -> Expected $true but got 'False'.
at Verify-True, /Users/travis/build/pester/Pester/Dependencies/Axiom/Verify-True.ps1:8
at <ScriptBlock>, /Users/travis/build/pester/Pester/new-runtimepoc/Pester.Mock.RSpec.ts.ps1:246
at t, /Users/travis/build/pester/Pester/new-runtimepoc/p.psm1:103
at <ScriptBlock>, /Users/travis/build/pester/Pester/new-runtimepoc/Pester.Mock.RSpec.ts.ps1:206
at b, /Users/travis/build/pester/Pester/new-runtimepoc/p.psm1:77
at <ScriptBlock>, /Users/travis/build/pester/Pester/new-runtimepoc/Pester.Mock.RSpec.ts.ps1:205
at i, /Users/travis/build/pester/Pester/new-runtimepoc/p.psm1:43
at <ScriptBlock>, /Users/travis/build/pester/Pester/new-runtimepoc/Pester.Mock.RSpec.ts.ps1:17
at <ScriptBlock>, <No file>:1
at <ScriptBlock>, <No file>:1
[39;49m[39;49m
[39;49m[32m[39;49m[32m
passed 0, [39;49m[39;49m[39;49m[31m[39;49m[31mfailed 9, [39;49m[39;49m[39;49m[37m[39;49m[37mtotal 9[39;49m[39;49m
[39;49m[36m[39;49m[36m| - Running generated tests[39;49m[39;49m
[39;49m[35m[39;49m[35mStarting test discovery in 1 files.[39;49m[39;49m
[39;49m[35m[39;49m[35mDiscovering tests in 
                Describe "d1" {
                    foreach ($id in 1..10) {
                        It "it${id}" { $true } -AutomationId $id
                    }
                }
            .[39;49m[39;49m
[39;49m[35m[39;49m[35mFound 10 tests. 76ms[39;49m[39;49m
[39;49m[35m[39;49m[35mTest discovery finished. 105ms[39;49m[39;49m

[39;49m[32m[39;49m[32mDescribing d1[39;49m[39;49m
[39;49m[31m[39;49m[31m    [-] it1[39;49m[39;49m[39;49m[30m[39;49m[30m 28ms (18ms|11ms)[39;49m[39;49m
[39;49m[31m[39;49m[31m      PropertyNotFoundException: The property 'Value' cannot be found on this object. Verify that the property exists.[39;49m[39;49m
[39;49m[31m[39;49m[31m      at <ScriptBlock>, /Users/travis/build/pester/Pester/new-runtimepoc/Pester.Runtime.psm1:1408[39;49m[39;49m
[39;49m[31m[39;49m[31m      at <ScriptBlock>, /Users/travis/build/pester/Pester/new-runtimepoc/Pester.Runtime.psm1:1355[39;49m[39;49m
[39;49m[31m[39;49m[31m      at Invoke-ScriptBlock, /Users/travis/build/pester/Pester/new-runtimepoc/Pester.Runtime.psm1:1537[39;49m[39;49m
[39;49m[31m[39;49m[31m      at Invoke-TestItem, /Users/travis/build/pester/Pester/new-runtimepoc/Pester.Runtime.psm1:589[39;49m[39;49m
[39;49m[31m[39;49m[31m      at Invoke-Block, /Users/travis/build/pester/Pester/new-runtimepoc/Pester.Runtime.psm1:262[39;49m[39;49m
[39;49m[31m[39;49m[31m      at <ScriptBlock>, /Users/travis/build/pester/Pester/new-runtimepoc/Pester.Runtime.psm1:333[39;49m[39;49m
[39;49m[31m[39;49m[31m      at <ScriptBlock>, /Users/travis/build/pester/Pester/new-runtimepoc/Pester.Runtime.psm1:1399[39;49m[39;49m
[39;49m[31m[39;49m[31m      at <ScriptBlock>, /Users/travis/build/pester/Pester/new-runtimepoc/Pester.Runtime.psm1:1355[39;49m[39;49m
[39;49m[31m[39;49m[31m      at Invoke-ScriptBlock, /Users/travis/build/pester/Pester/new-runtimepoc/Pester.Runtime.psm1:1540[39;49m[39;49m
[39;49m[31m[39;49m[31m      at Invoke-Block, /Users/travis/build/pester/Pester/new-runtimepoc/Pester.Runtime.psm1:362[39;49m[39;49m
[39;49m[31m[39;49m[31m      at Run-Test, /Users/travis/build/pester/Pester/new-runtimepoc/Pester.Runtime.psm1:1133[39;49m[39;49m
[39;49m[31m[39;49m[31m      at Invoke-Test, /Users/travis/build/pester/Pester/new-runtimepoc/Pester.Runtime.psm1:1876[39;49m[39;49m
[39;49m[31m[39;49m[31m      at Invoke-Pester<End>, /Users/travis/build/pester/Pester/Pester.psm1:729[39;49m[39;49m
[39;49m[31m[39;49m[31m      at <ScriptBlock>, /Users/travis/build/pester/Pester/new-runtimepoc/Pester.RSpec.ts.ps1:19[39;49m[39;49m
[39;49m[31m[39;49m[31m      at t, /Users/travis/build/pester/Pester/new-runtimepoc/p.psm1:103[39;49m[39;49m
[39;49m[31m[39;49m[31m      at <ScriptBlock>, /Users/travis/build/pester/Pester/new-runtimepoc/Pester.RSpec.ts.ps1:18[39;49m[39;49m
[39;49m[31m[39;49m[31m      at b, /Users/travis/build/pester/Pester/new-runtimepoc/p.psm1:77[39;49m[39;49m
[39;49m[31m[39;49m[31m      at <ScriptBlock>, /Users/travis/build/pester/Pester/new-runtimepoc/Pester.RSpec.ts.ps1:17[39;49m[39;49m
[39;49m[31m[39;49m[31m      at i, /Users/travis/build/pester/Pester/new-runtimepoc/p.psm1:43[39;49m[39;49m
[39;49m[31m[39;49m[31m      at <ScriptBlock>, /Users/travis/build/pester/Pester/new-runtimepoc/Pester.RSpec.ts.ps1:16[39;49m[39;49m
[39;49m[31m[39;49m[31mBlock 'd1' failed[39;49m[39;49m
[39;49m[31m[39;49m[31m      PropertyNotFoundException: The property 'Value' cannot be found on this object. Verify that the property exists.[39;49m[39;49m
[39;49m[31m[39;49m[31m      at <ScriptBlock>, /Users/travis/build/pester/Pester/new-runtimepoc/Pester.Runtime.psm1:1408[39;49m[39;49m
[39;49m[31m[39;49m[31m      at <ScriptBlock>, /Users/travis/build/pester/Pester/new-runtimepoc/Pester.Runtime.psm1:1355[39;49m[39;49m
[39;49m[31m[39;49m[31m      at Invoke-ScriptBlock, /Users/travis/build/pester/Pester/new-runtimepoc/Pester.Runtime.psm1:1540[39;49m[39;49m
[39;49m[31m[39;49m[31m      at Invoke-Block, /Users/travis/build/pester/Pester/new-runtimepoc/Pester.Runtime.psm1:362[39;49m[39;49m
[39;49m[31m[39;49m[31m      at Run-Test, /Users/travis/build/pester/Pester/new-runtimepoc/Pester.Runtime.psm1:1133[39;49m[39;49m
[39;49m[31m[39;49m[31m      at Invoke-Test, /Users/travis/build/pester/Pester/new-runtimepoc/Pester.Runtime.psm1:1876[39;49m[39;49m
[39;49m[31m[39;49m[31m      at Invoke-Pester<End>, /Users/travis/build/pester/Pester/Pester.psm1:729[39;49m[39;49m
[39;49m[31m[39;49m[31m      at <ScriptBlock>, /Users/travis/build/pester/Pester/new-runtimepoc/Pester.RSpec.ts.ps1:19[39;49m[39;49m
[39;49m[31m[39;49m[31m      at t, /Users/travis/build/pester/Pester/new-runtimepoc/p.psm1:103[39;49m[39;49m
[39;49m[31m[39;49m[31m      at <ScriptBlock>, /Users/travis/build/pester/Pester/new-runtimepoc/Pester.RSpec.ts.ps1:18[39;49m[39;49m
[39;49m[31m[39;49m[31m      at b, /Users/travis/build/pester/Pester/new-runtimepoc/p.psm1:77[39;49m[39;49m
[39;49m[31m[39;49m[31m      at <ScriptBlock>, /Users/travis/build/pester/Pester/new-runtimepoc/Pester.RSpec.ts.ps1:17[39;49m[39;49m
[39;49m[31m[39;49m[31m      at i, /Users/travis/build/pester/Pester/new-runtimepoc/p.psm1:43[39;49m[39;49m
[39;49m[31m[39;49m[31m      at <ScriptBlock>, /Users/travis/build/pester/Pester/new-runtimepoc/Pester.RSpec.ts.ps1:16[39;49m[39;49m
[39;49m[37m[39;49m[37mTests completed in 0ms[39;49m[39;49m
[39;49m[37m[39;49m[37mTests Passed: 0, [39;49m[39;49m[39;49m[31m[39;49m[31mFailed: 10, [39;49m[39;49m[39;49m[30m[39;49m[30mSkipped: 0, [39;49m[39;49m[39;49m[30m[39;49m[30mPending: 0, [39;49m[39;49m[39;49m[30m[39;49m[30mInconclusive: 0 [39;49m[39;49m
[39;49m[31m[39;49m[31m[-] - generating simple tests from foreach with external Id -> Expected $null but got 'The property 'Value' cannot be found on this object. Verify that the property exists.'.
at Verify-Null, /Users/travis/build/pester/Pester/Dependencies/Axiom/Verify-Null.ps1:8
at <ScriptBlock>, /Users/travis/build/pester/Pester/new-runtimepoc/Pester.RSpec.ts.ps1:27
at t, /Users/travis/build/pester/Pester/new-runtimepoc/p.psm1:103
at <ScriptBlock>, /Users/travis/build/pester/Pester/new-runtimepoc/Pester.RSpec.ts.ps1:18
at b, /Users/travis/build/pester/Pester/new-runtimepoc/p.psm1:77
at <ScriptBlock>, /Users/travis/build/pester/Pester/new-runtimepoc/Pester.RSpec.ts.ps1:17
at i, /Users/travis/build/pester/Pester/new-runtimepoc/p.psm1:43
at <ScriptBlock>, /Users/travis/build/pester/Pester/new-runtimepoc/Pester.RSpec.ts.ps1:16
at <ScriptBlock>, <No file>:1
at <ScriptBlock>, <No file>:1
[39;49m[39;49m
[39;49m[35m[39;49m[35mStarting test discovery in 1 files.[39;49m[39;49m
[39;49m[35m[39;49m[35mDiscovering tests in 
                Describe "d1" {
                    foreach ($id in 1..10) {
                        It "it$id-<value>" -TestCases @(
                            @{ Value = 1}
                            @{ Value = 2}
                            @{ Value = 3}
                        ) {
                            $true
                        } -AutomationId $id
                    }
                }
            .[39;49m[39;49m
[39;49m[35m[39;49m[35mFound 30 tests. 213ms[39;49m[39;49m
[39;49m[35m[39;49m[35mTest discovery finished. 284ms[39;49m[39;49m

[39;49m[32m[39;49m[32mDescribing d1[39;49m[39;49m
[39;49m[31m[39;49m[31m    [-] it1-1[39;49m[39;49m[39;49m[30m[39;49m[30m 32ms (15ms|17ms)[39;49m[39;49m
[39;49m[31m[39;49m[31m      PropertyNotFoundException: The property 'Value' cannot be found on this object. Verify that the property exists.[39;49m[39;49m
[39;49m[31m[39;49m[31m      at <ScriptBlock>, /Users/travis/build/pester/Pester/new-runtimepoc/Pester.Runtime.psm1:1408[39;49m[39;49m
[39;49m[31m[39;49m[31m      at <ScriptBlock>, /Users/travis/build/pester/Pester/new-runtimepoc/Pester.Runtime.psm1:1355[39;49m[39;49m
[39;49m[31m[39;49m[31m      at Invoke-ScriptBlock, /Users/travis/build/pester/Pester/new-runtimepoc/Pester.Runtime.psm1:1537[39;49m[39;49m
[39;49m[31m[39;49m[31m      at Invoke-TestItem, /Users/travis/build/pester/Pester/new-runtimepoc/Pester.Runtime.psm1:589[39;49m[39;49m
[39;49m[31m[39;49m[31m      at Invoke-Block, /Users/travis/build/pester/Pester/new-runtimepoc/Pester.Runtime.psm1:262[39;49m[39;49m
[39;49m[31m[39;49m[31m      at <ScriptBlock>, /Users/travis/build/pester/Pester/new-runtimepoc/Pester.Runtime.psm1:333[39;49m[39;49m
[39;49m[31m[39;49m[31m      at <ScriptBlock>, /Users/travis/build/pester/Pester/new-runtimepoc/Pester.Runtime.psm1:1399[39;49m[39;49m
[39;49m[31m[39;49m[31m      at <ScriptBlock>, /Users/travis/build/pester/Pester/new-runtimepoc/Pester.Runtime.psm1:1355[39;49m[39;49m
[39;49m[31m[39;49m[31m      at Invoke-ScriptBlock, /Users/travis/build/pester/Pester/new-runtimepoc/Pester.Runtime.psm1:1540[39;49m[39;49m
[39;49m[31m[39;49m[31m      at Invoke-Block, /Users/travis/build/pester/Pester/new-runtimepoc/Pester.Runtime.psm1:362[39;49m[39;49m
[39;49m[31m[39;49m[31m      at Run-Test, /Users/travis/build/pester/Pester/new-runtimepoc/Pester.Runtime.psm1:1133[39;49m[39;49m
[39;49m[31m[39;49m[31m      at Invoke-Test, /Users/travis/build/pester/Pester/new-runtimepoc/Pester.Runtime.psm1:1876[39;49m[39;49m
[39;49m[31m[39;49m[31m      at Invoke-Pester<End>, /Users/travis/build/pester/Pester/Pester.psm1:729[39;49m[39;49m
[39;49m[31m[39;49m[31m      at <ScriptBlock>, /Users/travis/build/pester/Pester/new-runtimepoc/Pester.RSpec.ts.ps1:33[39;49m[39;49m
[39;49m[31m[39;49m[31m      at t, /Users/travis/build/pester/Pester/new-runtimepoc/p.psm1:103[39;49m[39;49m
[39;49m[31m[39;49m[31m      at <ScriptBlock>, /Users/travis/build/pester/Pester/new-runtimepoc/Pester.RSpec.ts.ps1:32[39;49m[39;49m
[39;49m[31m[39;49m[31m      at b, /Users/travis/build/pester/Pester/new-runtimepoc/p.psm1:77[39;49m[39;49m
[39;49m[31m[39;49m[31m      at <ScriptBlock>, /Users/travis/build/pester/Pester/new-runtimepoc/Pester.RSpec.ts.ps1:17[39;49m[39;49m
[39;49m[31m[39;49m[31m      at i, /Users/travis/build/pester/Pester/new-runtimepoc/p.psm1:43[39;49m[39;49m
[39;49m[31m[39;49m[31m      at <ScriptBlock>, /Users/travis/build/pester/Pester/new-runtimepoc/Pester.RSpec.ts.ps1:16[39;49m[39;49m
[39;49m[31m[39;49m[31mBlock 'd1' failed[39;49m[39;49m
[39;49m[31m[39;49m[31m      PropertyNotFoundException: The property 'Value' cannot be found on this object. Verify that the property exists.[39;49m[39;49m
[39;49m[31m[39;49m[31m      at <ScriptBlock>, /Users/travis/build/pester/Pester/new-runtimepoc/Pester.Runtime.psm1:1408[39;49m[39;49m
[39;49m[31m[39;49m[31m      at <ScriptBlock>, /Users/travis/build/pester/Pester/new-runtimepoc/Pester.Runtime.psm1:1355[39;49m[39;49m
[39;49m[31m[39;49m[31m      at Invoke-ScriptBlock, /Users/travis/build/pester/Pester/new-runtimepoc/Pester.Runtime.psm1:1540[39;49m[39;49m
[39;49m[31m[39;49m[31m      at Invoke-Block, /Users/travis/build/pester/Pester/new-runtimepoc/Pester.Runtime.psm1:362[39;49m[39;49m
[39;49m[31m[39;49m[31m      at Run-Test, /Users/travis/build/pester/Pester/new-runtimepoc/Pester.Runtime.psm1:1133[39;49m[39;49m
[39;49m[31m[39;49m[31m      at Invoke-Test, /Users/travis/build/pester/Pester/new-runtimepoc/Pester.Runtime.psm1:1876[39;49m[39;49m
[39;49m[31m[39;49m[31m      at Invoke-Pester<End>, /Users/travis/build/pester/Pester/Pester.psm1:729[39;49m[39;49m
[39;49m[31m[39;49m[31m      at <ScriptBlock>, /Users/travis/build/pester/Pester/new-runtimepoc/Pester.RSpec.ts.ps1:33[39;49m[39;49m
[39;49m[31m[39;49m[31m      at t, /Users/travis/build/pester/Pester/new-runtimepoc/p.psm1:103[39;49m[39;49m
[39;49m[31m[39;49m[31m      at <ScriptBlock>, /Users/travis/build/pester/Pester/new-runtimepoc/Pester.RSpec.ts.ps1:32[39;49m[39;49m
[39;49m[31m[39;49m[31m      at b, /Users/travis/build/pester/Pester/new-runtimepoc/p.psm1:77[39;49m[39;49m
[39;49m[31m[39;49m[31m      at <ScriptBlock>, /Users/travis/build/pester/Pester/new-runtimepoc/Pester.RSpec.ts.ps1:17[39;49m[39;49m
[39;49m[31m[39;49m[31m      at i, /Users/travis/build/pester/Pester/new-runtimepoc/p.psm1:43[39;49m[39;49m
[39;49m[31m[39;49m[31m      at <ScriptBlock>, /Users/travis/build/pester/Pester/new-runtimepoc/Pester.RSpec.ts.ps1:16[39;49m[39;49m
[39;49m[37m[39;49m[37mTests completed in 0ms[39;49m[39;49m
[39;49m[37m[39;49m[37mTests Passed: 0, [39;49m[39;49m[39;49m[31m[39;49m[31mFailed: 30, [39;49m[39;49m[39;49m[30m[39;49m[30mSkipped: 0, [39;49m[39;49m[39;49m[30m[39;49m[30mPending: 0, [39;49m[39;49m[39;49m[30m[39;49m[30mInconclusive: 0 [39;49m[39;49m
[39;49m[31m[39;49m[31m[-] - generating parametrized tests from foreach with external id -> Expected $null but got 'The property 'Value' cannot be found on this object. Verify that the property exists.'.
at Verify-Null, /Users/travis/build/pester/Pester/Dependencies/Axiom/Verify-Null.ps1:8
at <ScriptBlock>, /Users/travis/build/pester/Pester/new-runtimepoc/Pester.RSpec.ts.ps1:47
at t, /Users/travis/build/pester/Pester/new-runtimepoc/p.psm1:103
at <ScriptBlock>, /Users/travis/build/pester/Pester/new-runtimepoc/Pester.RSpec.ts.ps1:32
at b, /Users/travis/build/pester/Pester/new-runtimepoc/p.psm1:77
at <ScriptBlock>, /Users/travis/build/pester/Pester/new-runtimepoc/Pester.RSpec.ts.ps1:17
at i, /Users/travis/build/pester/Pester/new-runtimepoc/p.psm1:43
at <ScriptBlock>, /Users/travis/build/pester/Pester/new-runtimepoc/Pester.RSpec.ts.ps1:16
at <ScriptBlock>, <No file>:1
at <ScriptBlock>, <No file>:1
[39;49m[39;49m
[39;49m[35m[39;49m[35mStarting test discovery in 1 files.[39;49m[39;49m
[39;49m[35m[39;49m[35mDiscovering tests in 
                Describe "d1" {
                    foreach ($id in 1..10) {
                        It "it$id" { $true }
                    }
                }
            .[39;49m[39;49m
[39;49m[35m[39;49m[35mFound 10 tests. 65ms[39;49m[39;49m
[39;49m[35m[39;49m[35mTest discovery finished. 96ms[39;49m[39;49m

[39;49m[32m[39;49m[32mDescribing d1[39;49m[39;49m
[39;49m[31m[39;49m[31m    [-] it1[39;49m[39;49m[39;49m[30m[39;49m[30m 29ms (18ms|11ms)[39;49m[39;49m
[39;49m[31m[39;49m[31m      PropertyNotFoundException: The property 'Value' cannot be found on this object. Verify that the property exists.[39;49m[39;49m
[39;49m[31m[39;49m[31m      at <ScriptBlock>, /Users/travis/build/pester/Pester/new-runtimepoc/Pester.Runtime.psm1:1408[39;49m[39;49m
[39;49m[31m[39;49m[31m      at <ScriptBlock>, /Users/travis/build/pester/Pester/new-runtimepoc/Pester.Runtime.psm1:1355[39;49m[39;49m
[39;49m[31m[39;49m[31m      at Invoke-ScriptBlock, /Users/travis/build/pester/Pester/new-runtimepoc/Pester.Runtime.psm1:1537[39;49m[39;49m
[39;49m[31m[39;49m[31m      at Invoke-TestItem, /Users/travis/build/pester/Pester/new-runtimepoc/Pester.Runtime.psm1:589[39;49m[39;49m
[39;49m[31m[39;49m[31m      at Invoke-Block, /Users/travis/build/pester/Pester/new-runtimepoc/Pester.Runtime.psm1:262[39;49m[39;49m
[39;49m[31m[39;49m[31m      at <ScriptBlock>, /Users/travis/build/pester/Pester/new-runtimepoc/Pester.Runtime.psm1:333[39;49m[39;49m
[39;49m[31m[39;49m[31m      at <ScriptBlock>, /Users/travis/build/pester/Pester/new-runtimepoc/Pester.Runtime.psm1:1399[39;49m[39;49m
[39;49m[31m[39;49m[31m      at <ScriptBlock>, /Users/travis/build/pester/Pester/new-runtimepoc/Pester.Runtime.psm1:1355[39;49m[39;49m
[39;49m[31m[39;49m[31m      at Invoke-ScriptBlock, /Users/travis/build/pester/Pester/new-runtimepoc/Pester.Runtime.psm1:1540[39;49m[39;49m
[39;49m[31m[39;49m[31m      at Invoke-Block, /Users/travis/build/pester/Pester/new-runtimepoc/Pester.Runtime.psm1:362[39;49m[39;49m
[39;49m[31m[39;49m[31m      at Run-Test, /Users/travis/build/pester/Pester/new-runtimepoc/Pester.Runtime.psm1:1133[39;49m[39;49m
[39;49m[31m[39;49m[31m      at Invoke-Test, /Users/travis/build/pester/Pester/new-runtimepoc/Pester.Runtime.psm1:1876[39;49m[39;49m
[39;49m[31m[39;49m[31m      at Invoke-Pester<End>, /Users/travis/build/pester/Pester/Pester.psm1:729[39;49m[39;49m
[39;49m[31m[39;49m[31m      at <ScriptBlock>, /Users/travis/build/pester/Pester/new-runtimepoc/Pester.RSpec.ts.ps1:53[39;49m[39;49m
[39;49m[31m[39;49m[31m      at t, /Users/travis/build/pester/Pester/new-runtimepoc/p.psm1:103[39;49m[39;49m
[39;49m[31m[39;49m[31m      at <ScriptBlock>, /Users/travis/build/pester/Pester/new-runtimepoc/Pester.RSpec.ts.ps1:52[39;49m[39;49m
[39;49m[31m[39;49m[31m      at b, /Users/travis/build/pester/Pester/new-runtimepoc/p.psm1:77[39;49m[39;49m
[39;49m[31m[39;49m[31m      at <ScriptBlock>, /Users/travis/build/pester/Pester/new-runtimepoc/Pester.RSpec.ts.ps1:17[39;49m[39;49m
[39;49m[31m[39;49m[31m      at i, /Users/travis/build/pester/Pester/new-runtimepoc/p.psm1:43[39;49m[39;49m
[39;49m[31m[39;49m[31m      at <ScriptBlock>, /Users/travis/build/pester/Pester/new-runtimepoc/Pester.RSpec.ts.ps1:16[39;49m[39;49m
[39;49m[31m[39;49m[31mBlock 'd1' failed[39;49m[39;49m
[39;49m[31m[39;49m[31m      PropertyNotFoundException: The property 'Value' cannot be found on this object. Verify that the property exists.[39;49m[39;49m
[39;49m[31m[39;49m[31m      at <ScriptBlock>, /Users/travis/build/pester/Pester/new-runtimepoc/Pester.Runtime.psm1:1408[39;49m[39;49m
[39;49m[31m[39;49m[31m      at <ScriptBlock>, /Users/travis/build/pester/Pester/new-runtimepoc/Pester.Runtime.psm1:1355[39;49m[39;49m
[39;49m[31m[39;49m[31m      at Invoke-ScriptBlock, /Users/travis/build/pester/Pester/new-runtimepoc/Pester.Runtime.psm1:1540[39;49m[39;49m
[39;49m[31m[39;49m[31m      at Invoke-Block, /Users/travis/build/pester/Pester/new-runtimepoc/Pester.Runtime.psm1:362[39;49m[39;49m
[39;49m[31m[39;49m[31m      at Run-Test, /Users/travis/build/pester/Pester/new-runtimepoc/Pester.Runtime.psm1:1133[39;49m[39;49m
[39;49m[31m[39;49m[31m      at Invoke-Test, /Users/travis/build/pester/Pester/new-runtimepoc/Pester.Runtime.psm1:1876[39;49m[39;49m
[39;49m[31m[39;49m[31m      at Invoke-Pester<End>, /Users/travis/build/pester/Pester/Pester.psm1:729[39;49m[39;49m
[39;49m[31m[39;49m[31m      at <ScriptBlock>, /Users/travis/build/pester/Pester/new-runtimepoc/Pester.RSpec.ts.ps1:53[39;49m[39;49m
[39;49m[31m[39;49m[31m      at t, /Users/travis/build/pester/Pester/new-runtimepoc/p.psm1:103[39;49m[39;49m
[39;49m[31m[39;49m[31m      at <ScriptBlock>, /Users/travis/build/pester/Pester/new-runtimepoc/Pester.RSpec.ts.ps1:52[39;49m[39;49m
[39;49m[31m[39;49m[31m      at b, /Users/travis/build/pester/Pester/new-runtimepoc/p.psm1:77[39;49m[39;49m
[39;49m[31m[39;49m[31m      at <ScriptBlock>, /Users/travis/build/pester/Pester/new-runtimepoc/Pester.RSpec.ts.ps1:17[39;49m[39;49m
[39;49m[31m[39;49m[31m      at i, /Users/travis/build/pester/Pester/new-runtimepoc/p.psm1:43[39;49m[39;49m
[39;49m[31m[39;49m[31m      at <ScriptBlock>, /Users/travis/build/pester/Pester/new-runtimepoc/Pester.RSpec.ts.ps1:16[39;49m[39;49m
[39;49m[37m[39;49m[37mTests completed in 0ms[39;49m[39;49m
[39;49m[37m[39;49m[37mTests Passed: 0, [39;49m[39;49m[39;49m[31m[39;49m[31mFailed: 10, [39;49m[39;49m[39;49m[30m[39;49m[30mSkipped: 0, [39;49m[39;49m[39;49m[30m[39;49m[30mPending: 0, [39;49m[39;49m[39;49m[30m[39;49m[30mInconclusive: 0 [39;49m[39;49m
[39;49m[31m[39;49m[31m[-] - generating simple tests from foreach without external Id -> Expected $null but got 'The property 'Value' cannot be found on this object. Verify that the property exists.'.
at Verify-Null, /Users/travis/build/pester/Pester/Dependencies/Axiom/Verify-Null.ps1:8
at <ScriptBlock>, /Users/travis/build/pester/Pester/new-runtimepoc/Pester.RSpec.ts.ps1:61
at t, /Users/travis/build/pester/Pester/new-runtimepoc/p.psm1:103
at <ScriptBlock>, /Users/travis/build/pester/Pester/new-runtimepoc/Pester.RSpec.ts.ps1:52
at b, /Users/travis/build/pester/Pester/new-runtimepoc/p.psm1:77
at <ScriptBlock>, /Users/travis/build/pester/Pester/new-runtimepoc/Pester.RSpec.ts.ps1:17
at i, /Users/travis/build/pester/Pester/new-runtimepoc/p.psm1:43
at <ScriptBlock>, /Users/travis/build/pester/Pester/new-runtimepoc/Pester.RSpec.ts.ps1:16
at <ScriptBlock>, <No file>:1
at <ScriptBlock>, <No file>:1
[39;49m[39;49m
[39;49m[35m[39;49m[35mStarting test discovery in 1 files.[39;49m[39;49m
[39;49m[35m[39;49m[35mDiscovering tests in 
                Describe "d1" {
                    foreach ($id in 1..10) {
                        It "it-$id-<value>" -TestCases @(
                            @{ Value = 1}
                            @{ Value = 2}
                            @{ Value = 3}
                        ) {
                            $true
                        }
                    }
                }
            .[39;49m[39;49m
[39;49m[35m[39;49m[35mFound 30 tests. 134ms[39;49m[39;49m
[39;49m[35m[39;49m[35mTest discovery finished. 181ms[39;49m[39;49m

[39;49m[32m[39;49m[32mDescribing d1[39;49m[39;49m
[39;49m[31m[39;49m[31m    [-] it-1-1[39;49m[39;49m[39;49m[30m[39;49m[30m 28ms (18ms|10ms)[39;49m[39;49m
[39;49m[31m[39;49m[31m      PropertyNotFoundException: The property 'Value' cannot be found on this object. Verify that the property exists.[39;49m[39;49m
[39;49m[31m[39;49m[31m      at <ScriptBlock>, /Users/travis/build/pester/Pester/new-runtimepoc/Pester.Runtime.psm1:1408[39;49m[39;49m
[39;49m[31m[39;49m[31m      at <ScriptBlock>, /Users/travis/build/pester/Pester/new-runtimepoc/Pester.Runtime.psm1:1355[39;49m[39;49m
[39;49m[31m[39;49m[31m      at Invoke-ScriptBlock, /Users/travis/build/pester/Pester/new-runtimepoc/Pester.Runtime.psm1:1537[39;49m[39;49m
[39;49m[31m[39;49m[31m      at Invoke-TestItem, /Users/travis/build/pester/Pester/new-runtimepoc/Pester.Runtime.psm1:589[39;49m[39;49m
[39;49m[31m[39;49m[31m      at Invoke-Block, /Users/travis/build/pester/Pester/new-runtimepoc/Pester.Runtime.psm1:262[39;49m[39;49m
[39;49m[31m[39;49m[31m      at <ScriptBlock>, /Users/travis/build/pester/Pester/new-runtimepoc/Pester.Runtime.psm1:333[39;49m[39;49m
[39;49m[31m[39;49m[31m      at <ScriptBlock>, /Users/travis/build/pester/Pester/new-runtimepoc/Pester.Runtime.psm1:1399[39;49m[39;49m
[39;49m[31m[39;49m[31m      at <ScriptBlock>, /Users/travis/build/pester/Pester/new-runtimepoc/Pester.Runtime.psm1:1355[39;49m[39;49m
[39;49m[31m[39;49m[31m      at Invoke-ScriptBlock, /Users/travis/build/pester/Pester/new-runtimepoc/Pester.Runtime.psm1:1540[39;49m[39;49m
[39;49m[31m[39;49m[31m      at Invoke-Block, /Users/travis/build/pester/Pester/new-runtimepoc/Pester.Runtime.psm1:362[39;49m[39;49m
[39;49m[31m[39;49m[31m      at Run-Test, /Users/travis/build/pester/Pester/new-runtimepoc/Pester.Runtime.psm1:1133[39;49m[39;49m
[39;49m[31m[39;49m[31m      at Invoke-Test, /Users/travis/build/pester/Pester/new-runtimepoc/Pester.Runtime.psm1:1876[39;49m[39;49m
[39;49m[31m[39;49m[31m      at Invoke-Pester<End>, /Users/travis/build/pester/Pester/Pester.psm1:729[39;49m[39;49m
[39;49m[31m[39;49m[31m      at <ScriptBlock>, /Users/travis/build/pester/Pester/new-runtimepoc/Pester.RSpec.ts.ps1:67[39;49m[39;49m
[39;49m[31m[39;49m[31m      at t, /Users/travis/build/pester/Pester/new-runtimepoc/p.psm1:103[39;49m[39;49m
[39;49m[31m[39;49m[31m      at <ScriptBlock>, /Users/travis/build/pester/Pester/new-runtimepoc/Pester.RSpec.ts.ps1:66[39;49m[39;49m
[39;49m[31m[39;49m[31m      at b, /Users/travis/build/pester/Pester/new-runtimepoc/p.psm1:77[39;49m[39;49m
[39;49m[31m[39;49m[31m      at <ScriptBlock>, /Users/travis/build/pester/Pester/new-runtimepoc/Pester.RSpec.ts.ps1:17[39;49m[39;49m
[39;49m[31m[39;49m[31m      at i, /Users/travis/build/pester/Pester/new-runtimepoc/p.psm1:43[39;49m[39;49m
[39;49m[31m[39;49m[31m      at <ScriptBlock>, /Users/travis/build/pester/Pester/new-runtimepoc/Pester.RSpec.ts.ps1:16[39;49m[39;49m
[39;49m[31m[39;49m[31mBlock 'd1' failed[39;49m[39;49m
[39;49m[31m[39;49m[31m      PropertyNotFoundException: The property 'Value' cannot be found on this object. Verify that the property exists.[39;49m[39;49m
[39;49m[31m[39;49m[31m      at <ScriptBlock>, /Users/travis/build/pester/Pester/new-runtimepoc/Pester.Runtime.psm1:1408[39;49m[39;49m
[39;49m[31m[39;49m[31m      at <ScriptBlock>, /Users/travis/build/pester/Pester/new-runtimepoc/Pester.Runtime.psm1:1355[39;49m[39;49m
[39;49m[31m[39;49m[31m      at Invoke-ScriptBlock, /Users/travis/build/pester/Pester/new-runtimepoc/Pester.Runtime.psm1:1540[39;49m[39;49m
[39;49m[31m[39;49m[31m      at Invoke-Block, /Users/travis/build/pester/Pester/new-runtimepoc/Pester.Runtime.psm1:362[39;49m[39;49m
[39;49m[31m[39;49m[31m      at Run-Test, /Users/travis/build/pester/Pester/new-runtimepoc/Pester.Runtime.psm1:1133[39;49m[39;49m
[39;49m[31m[39;49m[31m      at Invoke-Test, /Users/travis/build/pester/Pester/new-runtimepoc/Pester.Runtime.psm1:1876[39;49m[39;49m
[39;49m[31m[39;49m[31m      at Invoke-Pester<End>, /Users/travis/build/pester/Pester/Pester.psm1:729[39;49m[39;49m
[39;49m[31m[39;49m[31m      at <ScriptBlock>, /Users/travis/build/pester/Pester/new-runtimepoc/Pester.RSpec.ts.ps1:67[39;49m[39;49m
[39;49m[31m[39;49m[31m      at t, /Users/travis/build/pester/Pester/new-runtimepoc/p.psm1:103[39;49m[39;49m
[39;49m[31m[39;49m[31m      at <ScriptBlock>, /Users/travis/build/pester/Pester/new-runtimepoc/Pester.RSpec.ts.ps1:66[39;49m[39;49m
[39;49m[31m[39;49m[31m      at b, /Users/travis/build/pester/Pester/new-runtimepoc/p.psm1:77[39;49m[39;49m
[39;49m[31m[39;49m[31m      at <ScriptBlock>, /Users/travis/build/pester/Pester/new-runtimepoc/Pester.RSpec.ts.ps1:17[39;49m[39;49m
[39;49m[31m[39;49m[31m      at i, /Users/travis/build/pester/Pester/new-runtimepoc/p.psm1:43[39;49m[39;49m
[39;49m[31m[39;49m[31m      at <ScriptBlock>, /Users/travis/build/pester/Pester/new-runtimepoc/Pester.RSpec.ts.ps1:16[39;49m[39;49m
[39;49m[37m[39;49m[37mTests completed in 0ms[39;49m[39;49m
[39;49m[37m[39;49m[37mTests Passed: 0, [39;49m[39;49m[39;49m[31m[39;49m[31mFailed: 30, [39;49m[39;49m[39;49m[30m[39;49m[30mSkipped: 0, [39;49m[39;49m[39;49m[30m[39;49m[30mPending: 0, [39;49m[39;49m[39;49m[30m[39;49m[30mInconclusive: 0 [39;49m[39;49m
[39;49m[31m[39;49m[31m[-] - generating parametrized tests from foreach without external id -> Expected $null but got 'The property 'Value' cannot be found on this object. Verify that the property exists.'.
at Verify-Null, /Users/travis/build/pester/Pester/Dependencies/Axiom/Verify-Null.ps1:8
at <ScriptBlock>, /Users/travis/build/pester/Pester/new-runtimepoc/Pester.RSpec.ts.ps1:81
at t, /Users/travis/build/pester/Pester/new-runtimepoc/p.psm1:103
at <ScriptBlock>, /Users/travis/build/pester/Pester/new-runtimepoc/Pester.RSpec.ts.ps1:66
at b, /Users/travis/build/pester/Pester/new-runtimepoc/p.psm1:77
at <ScriptBlock>, /Users/travis/build/pester/Pester/new-runtimepoc/Pester.RSpec.ts.ps1:17
at i, /Users/travis/build/pester/Pester/new-runtimepoc/p.psm1:43
at <ScriptBlock>, /Users/travis/build/pester/Pester/new-runtimepoc/Pester.RSpec.ts.ps1:16
at <ScriptBlock>, <No file>:1
at <ScriptBlock>, <No file>:1
[39;49m[39;49m
[39;49m[35m[39;49m[35mStarting test discovery in 1 files.[39;49m[39;49m
[39;49m[35m[39;49m[35mDiscovering tests in 
                Describe "d1" {
                    foreach ($id in 1..10) {
                        It "first-it-$id-<value>" -TestCases @(
                            @{ Value = 1}
                            @{ Value = 2}
                            @{ Value = 3}
                        ) {
                            $true
                        }

                        It "second-it-$id-<value>" -TestCases @(
                            @{ Value = 1}
                            @{ Value = 2}
                            @{ Value = 3}
                        ) {
                            $true
                        }
                    }
                }
            .[39;49m[39;49m
[39;49m[35m[39;49m[35mFound 60 tests. 249ms[39;49m[39;49m
[39;49m[35m[39;49m[35mTest discovery finished. 348ms[39;49m[39;49m

[39;49m[32m[39;49m[32mDescribing d1[39;49m[39;49m
[39;49m[31m[39;49m[31m    [-] first-it-1-1[39;49m[39;49m[39;49m[30m[39;49m[30m 27ms (11ms|15ms)[39;49m[39;49m
[39;49m[31m[39;49m[31m      PropertyNotFoundException: The property 'Value' cannot be found on this object. Verify that the property exists.[39;49m[39;49m
[39;49m[31m[39;49m[31m      at <ScriptBlock>, /Users/travis/build/pester/Pester/new-runtimepoc/Pester.Runtime.psm1:1408[39;49m[39;49m
[39;49m[31m[39;49m[31m      at <ScriptBlock>, /Users/travis/build/pester/Pester/new-runtimepoc/Pester.Runtime.psm1:1355[39;49m[39;49m
[39;49m[31m[39;49m[31m      at Invoke-ScriptBlock, /Users/travis/build/pester/Pester/new-runtimepoc/Pester.Runtime.psm1:1537[39;49m[39;49m
[39;49m[31m[39;49m[31m      at Invoke-TestItem, /Users/travis/build/pester/Pester/new-runtimepoc/Pester.Runtime.psm1:589[39;49m[39;49m
[39;49m[31m[39;49m[31m      at Invoke-Block, /Users/travis/build/pester/Pester/new-runtimepoc/Pester.Runtime.psm1:262[39;49m[39;49m
[39;49m[31m[39;49m[31m      at <ScriptBlock>, /Users/travis/build/pester/Pester/new-runtimepoc/Pester.Runtime.psm1:333[39;49m[39;49m
[39;49m[31m[39;49m[31m      at <ScriptBlock>, /Users/travis/build/pester/Pester/new-runtimepoc/Pester.Runtime.psm1:1399[39;49m[39;49m
[39;49m[31m[39;49m[31m      at <ScriptBlock>, /Users/travis/build/pester/Pester/new-runtimepoc/Pester.Runtime.psm1:1355[39;49m[39;49m
[39;49m[31m[39;49m[31m      at Invoke-ScriptBlock, /Users/travis/build/pester/Pester/new-runtimepoc/Pester.Runtime.psm1:1540[39;49m[39;49m
[39;49m[31m[39;49m[31m      at Invoke-Block, /Users/travis/build/pester/Pester/new-runtimepoc/Pester.Runtime.psm1:362[39;49m[39;49m
[39;49m[31m[39;49m[31m      at Run-Test, /Users/travis/build/pester/Pester/new-runtimepoc/Pester.Runtime.psm1:1133[39;49m[39;49m
[39;49m[31m[39;49m[31m      at Invoke-Test, /Users/travis/build/pester/Pester/new-runtimepoc/Pester.Runtime.psm1:1876[39;49m[39;49m
[39;49m[31m[39;49m[31m      at Invoke-Pester<End>, /Users/travis/build/pester/Pester/Pester.psm1:729[39;49m[39;49m
[39;49m[31m[39;49m[31m      at <ScriptBlock>, /Users/travis/build/pester/Pester/new-runtimepoc/Pester.RSpec.ts.ps1:87[39;49m[39;49m
[39;49m[31m[39;49m[31m      at t, /Users/travis/build/pester/Pester/new-runtimepoc/p.psm1:103[39;49m[39;49m
[39;49m[31m[39;49m[31m      at <ScriptBlock>, /Users/travis/build/pester/Pester/new-runtimepoc/Pester.RSpec.ts.ps1:86[39;49m[39;49m
[39;49m[31m[39;49m[31m      at b, /Users/travis/build/pester/Pester/new-runtimepoc/p.psm1:77[39;49m[39;49m
[39;49m[31m[39;49m[31m      at <ScriptBlock>, /Users/travis/build/pester/Pester/new-runtimepoc/Pester.RSpec.ts.ps1:17[39;49m[39;49m
[39;49m[31m[39;49m[31m      at i, /Users/travis/build/pester/Pester/new-runtimepoc/p.psm1:43[39;49m[39;49m
[39;49m[31m[39;49m[31m      at <ScriptBlock>, /Users/travis/build/pester/Pester/new-runtimepoc/Pester.RSpec.ts.ps1:16[39;49m[39;49m
[39;49m[31m[39;49m[31mBlock 'd1' failed[39;49m[39;49m
[39;49m[31m[39;49m[31m      PropertyNotFoundException: The property 'Value' cannot be found on this object. Verify that the property exists.[39;49m[39;49m
[39;49m[31m[39;49m[31m      at <ScriptBlock>, /Users/travis/build/pester/Pester/new-runtimepoc/Pester.Runtime.psm1:1408[39;49m[39;49m
[39;49m[31m[39;49m[31m      at <ScriptBlock>, /Users/travis/build/pester/Pester/new-runtimepoc/Pester.Runtime.psm1:1355[39;49m[39;49m
[39;49m[31m[39;49m[31m      at Invoke-ScriptBlock, /Users/travis/build/pester/Pester/new-runtimepoc/Pester.Runtime.psm1:1540[39;49m[39;49m
[39;49m[31m[39;49m[31m      at Invoke-Block, /Users/travis/build/pester/Pester/new-runtimepoc/Pester.Runtime.psm1:362[39;49m[39;49m
[39;49m[31m[39;49m[31m      at Run-Test, /Users/travis/build/pester/Pester/new-runtimepoc/Pester.Runtime.psm1:1133[39;49m[39;49m
[39;49m[31m[39;49m[31m      at Invoke-Test, /Users/travis/build/pester/Pester/new-runtimepoc/Pester.Runtime.psm1:1876[39;49m[39;49m
[39;49m[31m[39;49m[31m      at Invoke-Pester<End>, /Users/travis/build/pester/Pester/Pester.psm1:729[39;49m[39;49m
[39;49m[31m[39;49m[31m      at <ScriptBlock>, /Users/travis/build/pester/Pester/new-runtimepoc/Pester.RSpec.ts.ps1:87[39;49m[39;49m
[39;49m[31m[39;49m[31m      at t, /Users/travis/build/pester/Pester/new-runtimepoc/p.psm1:103[39;49m[39;49m
[39;49m[31m[39;49m[31m      at <ScriptBlock>, /Users/travis/build/pester/Pester/new-runtimepoc/Pester.RSpec.ts.ps1:86[39;49m[39;49m
[39;49m[31m[39;49m[31m      at b, /Users/travis/build/pester/Pester/new-runtimepoc/p.psm1:77[39;49m[39;49m
[39;49m[31m[39;49m[31m      at <ScriptBlock>, /Users/travis/build/pester/Pester/new-runtimepoc/Pester.RSpec.ts.ps1:17[39;49m[39;49m
[39;49m[31m[39;49m[31m      at i, /Users/travis/build/pester/Pester/new-runtimepoc/p.psm1:43[39;49m[39;49m
[39;49m[31m[39;49m[31m      at <ScriptBlock>, /Users/travis/build/pester/Pester/new-runtimepoc/Pester.RSpec.ts.ps1:16[39;49m[39;49m
[39;49m[37m[39;49m[37mTests completed in 0ms[39;49m[39;49m
[39;49m[37m[39;49m[37mTests Passed: 0, [39;49m[39;49m[39;49m[31m[39;49m[31mFailed: 60, [39;49m[39;49m[39;49m[30m[39;49m[30mSkipped: 0, [39;49m[39;49m[39;49m[30m[39;49m[30mPending: 0, [39;49m[39;49m[39;49m[30m[39;49m[30mInconclusive: 0 [39;49m[39;49m
[39;49m[31m[39;49m[31m[-] - generating multiple parametrized tests from foreach without external id -> Expected $null but got 'The property 'Value' cannot be found on this object. Verify that the property exists.'.
at Verify-Null, /Users/travis/build/pester/Pester/Dependencies/Axiom/Verify-Null.ps1:8
at <ScriptBlock>, /Users/travis/build/pester/Pester/new-runtimepoc/Pester.RSpec.ts.ps1:109
at t, /Users/travis/build/pester/Pester/new-runtimepoc/p.psm1:103
at <ScriptBlock>, /Users/travis/build/pester/Pester/new-runtimepoc/Pester.RSpec.ts.ps1:86
at b, /Users/travis/build/pester/Pester/new-runtimepoc/p.psm1:77
at <ScriptBlock>, /Users/travis/build/pester/Pester/new-runtimepoc/Pester.RSpec.ts.ps1:17
at i, /Users/travis/build/pester/Pester/new-runtimepoc/p.psm1:43
at <ScriptBlock>, /Users/travis/build/pester/Pester/new-runtimepoc/Pester.RSpec.ts.ps1:16
at <ScriptBlock>, <No file>:1
at <ScriptBlock>, <No file>:1
[39;49m[39;49m
[39;49m[35m[39;49m[35mStarting test discovery in 1 files.[39;49m[39;49m
[39;49m[35m[39;49m[35mDiscovering tests in 
                Describe "d1" {
                    foreach ($id in 1..10) {
                        It "first-it-$id-<value>" -TestCases @(
                            @{ Value = 1}
                            @{ Value = 2}
                            @{ Value = 3}
                        ) {
                            $true
                        } -AutomationId $Id

                        It "second-it-$id-<value>" -TestCases @(
                            @{ Value = 1}
                            @{ Value = 2}
                            @{ Value = 3}
                        ) {
                            $true
                        } -AutomationId $id
                    }
                }
            .[39;49m[39;49m
[39;49m[35m[39;49m[35mFound 60 tests. 222ms[39;49m[39;49m
[39;49m[35m[39;49m[35mTest discovery finished. 334ms[39;49m[39;49m

[39;49m[32m[39;49m[32mDescribing d1[39;49m[39;49m
[39;49m[31m[39;49m[31m    [-] first-it-1-1[39;49m[39;49m[39;49m[30m[39;49m[30m 23ms (11ms|13ms)[39;49m[39;49m
[39;49m[31m[39;49m[31m      PropertyNotFoundException: The property 'Value' cannot be found on this object. Verify that the property exists.[39;49m[39;49m
[39;49m[31m[39;49m[31m      at <ScriptBlock>, /Users/travis/build/pester/Pester/new-runtimepoc/Pester.Runtime.psm1:1408[39;49m[39;49m
[39;49m[31m[39;49m[31m      at <ScriptBlock>, /Users/travis/build/pester/Pester/new-runtimepoc/Pester.Runtime.psm1:1355[39;49m[39;49m
[39;49m[31m[39;49m[31m      at Invoke-ScriptBlock, /Users/travis/build/pester/Pester/new-runtimepoc/Pester.Runtime.psm1:1537[39;49m[39;49m
[39;49m[31m[39;49m[31m      at Invoke-TestItem, /Users/travis/build/pester/Pester/new-runtimepoc/Pester.Runtime.psm1:589[39;49m[39;49m
[39;49m[31m[39;49m[31m      at Invoke-Block, /Users/travis/build/pester/Pester/new-runtimepoc/Pester.Runtime.psm1:262[39;49m[39;49m
[39;49m[31m[39;49m[31m      at <ScriptBlock>, /Users/travis/build/pester/Pester/new-runtimepoc/Pester.Runtime.psm1:333[39;49m[39;49m
[39;49m[31m[39;49m[31m      at <ScriptBlock>, /Users/travis/build/pester/Pester/new-runtimepoc/Pester.Runtime.psm1:1399[39;49m[39;49m
[39;49m[31m[39;49m[31m      at <ScriptBlock>, /Users/travis/build/pester/Pester/new-runtimepoc/Pester.Runtime.psm1:1355[39;49m[39;49m
[39;49m[31m[39;49m[31m      at Invoke-ScriptBlock, /Users/travis/build/pester/Pester/new-runtimepoc/Pester.Runtime.psm1:1540[39;49m[39;49m
[39;49m[31m[39;49m[31m      at Invoke-Block, /Users/travis/build/pester/Pester/new-runtimepoc/Pester.Runtime.psm1:362[39;49m[39;49m
[39;49m[31m[39;49m[31m      at Run-Test, /Users/travis/build/pester/Pester/new-runtimepoc/Pester.Runtime.psm1:1133[39;49m[39;49m
[39;49m[31m[39;49m[31m      at Invoke-Test, /Users/travis/build/pester/Pester/new-runtimepoc/Pester.Runtime.psm1:1876[39;49m[39;49m
[39;49m[31m[39;49m[31m      at Invoke-Pester<End>, /Users/travis/build/pester/Pester/Pester.psm1:729[39;49m[39;49m
[39;49m[31m[39;49m[31m      at <ScriptBlock>, /Users/travis/build/pester/Pester/new-runtimepoc/Pester.RSpec.ts.ps1:115[39;49m[39;49m
[39;49m[31m[39;49m[31m      at t, /Users/travis/build/pester/Pester/new-runtimepoc/p.psm1:103[39;49m[39;49m
[39;49m[31m[39;49m[31m      at <ScriptBlock>, /Users/travis/build/pester/Pester/new-runtimepoc/Pester.RSpec.ts.ps1:114[39;49m[39;49m
[39;49m[31m[39;49m[31m      at b, /Users/travis/build/pester/Pester/new-runtimepoc/p.psm1:77[39;49m[39;49m
[39;49m[31m[39;49m[31m      at <ScriptBlock>, /Users/travis/build/pester/Pester/new-runtimepoc/Pester.RSpec.ts.ps1:17[39;49m[39;49m
[39;49m[31m[39;49m[31m      at i, /Users/travis/build/pester/Pester/new-runtimepoc/p.psm1:43[39;49m[39;49m
[39;49m[31m[39;49m[31m      at <ScriptBlock>, /Users/travis/build/pester/Pester/new-runtimepoc/Pester.RSpec.ts.ps1:16[39;49m[39;49m
[39;49m[31m[39;49m[31mBlock 'd1' failed[39;49m[39;49m
[39;49m[31m[39;49m[31m      PropertyNotFoundException: The property 'Value' cannot be found on this object. Verify that the property exists.[39;49m[39;49m
[39;49m[31m[39;49m[31m      at <ScriptBlock>, /Users/travis/build/pester/Pester/new-runtimepoc/Pester.Runtime.psm1:1408[39;49m[39;49m
[39;49m[31m[39;49m[31m      at <ScriptBlock>, /Users/travis/build/pester/Pester/new-runtimepoc/Pester.Runtime.psm1:1355[39;49m[39;49m
[39;49m[31m[39;49m[31m      at Invoke-ScriptBlock, /Users/travis/build/pester/Pester/new-runtimepoc/Pester.Runtime.psm1:1540[39;49m[39;49m
[39;49m[31m[39;49m[31m      at Invoke-Block, /Users/travis/build/pester/Pester/new-runtimepoc/Pester.Runtime.psm1:362[39;49m[39;49m
[39;49m[31m[39;49m[31m      at Run-Test, /Users/travis/build/pester/Pester/new-runtimepoc/Pester.Runtime.psm1:1133[39;49m[39;49m
[39;49m[31m[39;49m[31m      at Invoke-Test, /Users/travis/build/pester/Pester/new-runtimepoc/Pester.Runtime.psm1:1876[39;49m[39;49m
[39;49m[31m[39;49m[31m      at Invoke-Pester<End>, /Users/travis/build/pester/Pester/Pester.psm1:729[39;49m[39;49m
[39;49m[31m[39;49m[31m      at <ScriptBlock>, /Users/travis/build/pester/Pester/new-runtimepoc/Pester.RSpec.ts.ps1:115[39;49m[39;49m
[39;49m[31m[39;49m[31m      at t, /Users/travis/build/pester/Pester/new-runtimepoc/p.psm1:103[39;49m[39;49m
[39;49m[31m[39;49m[31m      at <ScriptBlock>, /Users/travis/build/pester/Pester/new-runtimepoc/Pester.RSpec.ts.ps1:114[39;49m[39;49m
[39;49m[31m[39;49m[31m      at b, /Users/travis/build/pester/Pester/new-runtimepoc/p.psm1:77[39;49m[39;49m
[39;49m[31m[39;49m[31m      at <ScriptBlock>, /Users/travis/build/pester/Pester/new-runtimepoc/Pester.RSpec.ts.ps1:17[39;49m[39;49m
[39;49m[31m[39;49m[31m      at i, /Users/travis/build/pester/Pester/new-runtimepoc/p.psm1:43[39;49m[39;49m
[39;49m[31m[39;49m[31m      at <ScriptBlock>, /Users/travis/build/pester/Pester/new-runtimepoc/Pester.RSpec.ts.ps1:16[39;49m[39;49m
[39;49m[37m[39;49m[37mTests completed in 0ms[39;49m[39;49m
[39;49m[37m[39;49m[37mTests Passed: 0, [39;49m[39;49m[39;49m[31m[39;49m[31mFailed: 60, [39;49m[39;49m[39;49m[30m[39;49m[30mSkipped: 0, [39;49m[39;49m[39;49m[30m[39;49m[30mPending: 0, [39;49m[39;49m[39;49m[30m[39;49m[30mInconclusive: 0 [39;49m[39;49m
[39;49m[31m[39;49m[31m[-] - generating multiple parametrized tests from foreach with external id -> Expected $null but got 'The property 'Value' cannot be found on this object. Verify that the property exists.'.
at Verify-Null, /Users/travis/build/pester/Pester/Dependencies/Axiom/Verify-Null.ps1:8
at <ScriptBlock>, /Users/travis/build/pester/Pester/new-runtimepoc/Pester.RSpec.ts.ps1:137
at t, /Users/travis/build/pester/Pester/new-runtimepoc/p.psm1:103
at <ScriptBlock>, /Users/travis/build/pester/Pester/new-runtimepoc/Pester.RSpec.ts.ps1:114
at b, /Users/travis/build/pester/Pester/new-runtimepoc/p.psm1:77
at <ScriptBlock>, /Users/travis/build/pester/Pester/new-runtimepoc/Pester.RSpec.ts.ps1:17
at i, /Users/travis/build/pester/Pester/new-runtimepoc/p.psm1:43
at <ScriptBlock>, /Users/travis/build/pester/Pester/new-runtimepoc/Pester.RSpec.ts.ps1:16
at <ScriptBlock>, <No file>:1
at <ScriptBlock>, <No file>:1
[39;49m[39;49m
[39;49m[36m[39;49m[36m| - BeforeAll paths[39;49m[39;49m
[39;49m[35m[39;49m[35mStarting test discovery in 1 files.[39;49m[39;49m
[39;49m[35m[39;49m[35mDiscovering tests in 
                $container.InScript = $PSScriptRoot
                BeforeAll {
                    $container.InBeforeAll = $PSScriptRoot
                }

                Describe "a" {
                    It "b" {
                        # otherwise the container would not run
                        $true
                    }
                }
            .[39;49m[39;49m
[39;49m[35m[39;49m[35mFound 1 tests. 21ms[39;49m[39;49m
[39;49m[35m[39;49m[35mTest discovery finished. 37ms[39;49m[39;49m

[39;49m[32m[39;49m[32mDescribing a[39;49m[39;49m
[39;49m[31m[39;49m[31m    [-] b[39;49m[39;49m[39;49m[30m[39;49m[30m 21ms (11ms|9ms)[39;49m[39;49m
[39;49m[31m[39;49m[31m      PropertyNotFoundException: The property 'Value' cannot be found on this object. Verify that the property exists.[39;49m[39;49m
[39;49m[31m[39;49m[31m      at <ScriptBlock>, /Users/travis/build/pester/Pester/new-runtimepoc/Pester.Runtime.psm1:1408[39;49m[39;49m
[39;49m[31m[39;49m[31m      at <ScriptBlock>, /Users/travis/build/pester/Pester/new-runtimepoc/Pester.Runtime.psm1:1355[39;49m[39;49m
[39;49m[31m[39;49m[31m      at Invoke-ScriptBlock, /Users/travis/build/pester/Pester/new-runtimepoc/Pester.Runtime.psm1:1537[39;49m[39;49m
[39;49m[31m[39;49m[31m      at Invoke-TestItem, /Users/travis/build/pester/Pester/new-runtimepoc/Pester.Runtime.psm1:589[39;49m[39;49m
[39;49m[31m[39;49m[31m      at Invoke-Block, /Users/travis/build/pester/Pester/new-runtimepoc/Pester.Runtime.psm1:262[39;49m[39;49m
[39;49m[31m[39;49m[31m      at <ScriptBlock>, /Users/travis/build/pester/Pester/new-runtimepoc/Pester.Runtime.psm1:333[39;49m[39;49m
[39;49m[31m[39;49m[31m      at <ScriptBlock>, /Users/travis/build/pester/Pester/new-runtimepoc/Pester.Runtime.psm1:1399[39;49m[39;49m
[39;49m[31m[39;49m[31m      at <ScriptBlock>, /Users/travis/build/pester/Pester/new-runtimepoc/Pester.Runtime.psm1:1355[39;49m[39;49m
[39;49m[31m[39;49m[31m      at Invoke-ScriptBlock, /Users/travis/build/pester/Pester/new-runtimepoc/Pester.Runtime.psm1:1540[39;49m[39;49m
[39;49m[31m[39;49m[31m      at Invoke-Block, /Users/travis/build/pester/Pester/new-runtimepoc/Pester.Runtime.psm1:362[39;49m[39;49m
[39;49m[31m[39;49m[31m      at Run-Test, /Users/travis/build/pester/Pester/new-runtimepoc/Pester.Runtime.psm1:1133[39;49m[39;49m
[39;49m[31m[39;49m[31m      at Invoke-Test, /Users/travis/build/pester/Pester/new-runtimepoc/Pester.Runtime.psm1:1876[39;49m[39;49m
[39;49m[31m[39;49m[31m      at Invoke-Pester<End>, /Users/travis/build/pester/Pester/Pester.psm1:729[39;49m[39;49m
[39;49m[31m[39;49m[31m      at <ScriptBlock>, /Users/travis/build/pester/Pester/new-runtimepoc/Pester.RSpec.ts.ps1:149[39;49m[39;49m
[39;49m[31m[39;49m[31m      at t, /Users/travis/build/pester/Pester/new-runtimepoc/p.psm1:103[39;49m[39;49m
[39;49m[31m[39;49m[31m      at <ScriptBlock>, /Users/travis/build/pester/Pester/new-runtimepoc/Pester.RSpec.ts.ps1:144[39;49m[39;49m
[39;49m[31m[39;49m[31m      at b, /Users/travis/build/pester/Pester/new-runtimepoc/p.psm1:77[39;49m[39;49m
[39;49m[31m[39;49m[31m      at <ScriptBlock>, /Users/travis/build/pester/Pester/new-runtimepoc/Pester.RSpec.ts.ps1:143[39;49m[39;49m
[39;49m[31m[39;49m[31m      at i, /Users/travis/build/pester/Pester/new-runtimepoc/p.psm1:43[39;49m[39;49m
[39;49m[31m[39;49m[31m      at <ScriptBlock>, /Users/travis/build/pester/Pester/new-runtimepoc/Pester.RSpec.ts.ps1:16[39;49m[39;49m
[39;49m[31m[39;49m[31mBlock 'a' failed[39;49m[39;49m
[39;49m[31m[39;49m[31m      PropertyNotFoundException: The property 'Value' cannot be found on this object. Verify that the property exists.[39;49m[39;49m
[39;49m[31m[39;49m[31m      at <ScriptBlock>, /Users/travis/build/pester/Pester/new-runtimepoc/Pester.Runtime.psm1:1408[39;49m[39;49m
[39;49m[31m[39;49m[31m      at <ScriptBlock>, /Users/travis/build/pester/Pester/new-runtimepoc/Pester.Runtime.psm1:1355[39;49m[39;49m
[39;49m[31m[39;49m[31m      at Invoke-ScriptBlock, /Users/travis/build/pester/Pester/new-runtimepoc/Pester.Runtime.psm1:1540[39;49m[39;49m
[39;49m[31m[39;49m[31m      at Invoke-Block, /Users/travis/build/pester/Pester/new-runtimepoc/Pester.Runtime.psm1:362[39;49m[39;49m
[39;49m[31m[39;49m[31m      at Run-Test, /Users/travis/build/pester/Pester/new-runtimepoc/Pester.Runtime.psm1:1133[39;49m[39;49m
[39;49m[31m[39;49m[31m      at Invoke-Test, /Users/travis/build/pester/Pester/new-runtimepoc/Pester.Runtime.psm1:1876[39;49m[39;49m
[39;49m[31m[39;49m[31m      at Invoke-Pester<End>, /Users/travis/build/pester/Pester/Pester.psm1:729[39;49m[39;49m
[39;49m[31m[39;49m[31m      at <ScriptBlock>, /Users/travis/build/pester/Pester/new-runtimepoc/Pester.RSpec.ts.ps1:149[39;49m[39;49m
[39;49m[31m[39;49m[31m      at t, /Users/travis/build/pester/Pester/new-runtimepoc/p.psm1:103[39;49m[39;49m
[39;49m[31m[39;49m[31m      at <ScriptBlock>, /Users/travis/build/pester/Pester/new-runtimepoc/Pester.RSpec.ts.ps1:144[39;49m[39;49m
[39;49m[31m[39;49m[31m      at b, /Users/travis/build/pester/Pester/new-runtimepoc/p.psm1:77[39;49m[39;49m
[39;49m[31m[39;49m[31m      at <ScriptBlock>, /Users/travis/build/pester/Pester/new-runtimepoc/Pester.RSpec.ts.ps1:143[39;49m[39;49m
[39;49m[31m[39;49m[31m      at i, /Users/travis/build/pester/Pester/new-runtimepoc/p.psm1:43[39;49m[39;49m
[39;49m[31m[39;49m[31m      at <ScriptBlock>, /Users/travis/build/pester/Pester/new-runtimepoc/Pester.RSpec.ts.ps1:16[39;49m[39;49m
[39;49m[37m[39;49m[37mTests completed in 0ms[39;49m[39;49m
[39;49m[37m[39;49m[37mTests Passed: 0, [39;49m[39;49m[39;49m[31m[39;49m[31mFailed: 1, [39;49m[39;49m[39;49m[30m[39;49m[30mSkipped: 0, [39;49m[39;49m[39;49m[30m[39;49m[30mPending: 0, [39;49m[39;49m[39;49m[30m[39;49m[30mInconclusive: 0 [39;49m[39;49m
[39;49m[32m[39;49m[32m[+] - $PSScriptRoot in BeforeAll has the same value as in the script that calls it[39;49m[39;49m
[39;49m[32m[39;49m[32m
passed 1, [39;49m[39;49m[39;49m[31m[39;49m[31mfailed 6, [39;49m[39;49m[39;49m[37m[39;49m[37mtotal 7[39;49m[39;49m
[39;49m[36m[39;49m[36m| - tryGetProperty[39;49m[39;49m
[39;49m[32m[39;49m[32m[+] - given null it returns null[39;49m[39;49m
[39;49m[32m[39;49m[32m[+] - given an object that has the property it return the correct value[39;49m[39;49m
[39;49m[36m[39;49m[36m| - or[39;49m[39;49m
[39;49m[32m[39;49m[32m[+] - given a non-null value it returns it[39;49m[39;49m
[39;49m[32m[39;49m[32m[+] - given null it returns the default value[39;49m[39;49m
[39;49m[36m[39;49m[36m| - combineNonNull[39;49m[39;49m
[39;49m[32m[39;49m[32m[+] - combines values from multiple arrays, skipping nulls and empty arrays, but keeping nulls in the arrays[39;49m[39;49m
[39;49m[36m[39;49m[36m| - any[39;49m[39;49m
[39;49m[32m[39;49m[32m[+] - given a non-null value it returns true[39;49m[39;49m
[39;49m[32m[39;49m[32m[+] - given null it returns false[39;49m[39;49m
[39;49m[32m[39;49m[32m[+] - given empty array it returns false[39;49m[39;49m
[39;49m[32m[39;49m[32m[+] - given null in array it returns false[39;49m[39;49m
[39;49m[32m[39;49m[32m[+] - given array with value it returns true[39;49m[39;49m
[39;49m[32m[39;49m[32m[+] - given array with multiple values it returns true[39;49m[39;49m
[39;49m[36m[39;49m[36m| - Basic[39;49m[39;49m
[39;49m[32m[39;49m[32m[+] - Given a scriptblock with 1 test in it, it finds 1 test[39;49m[39;49m
[39;49m[32m[39;49m[32m[+] - Given scriptblock with 2 tests in it it finds 2 tests[39;49m[39;49m
[39;49m[36m[39;49m[36m| - block[39;49m[39;49m
[39;49m[32m[39;49m[32m[+] - Given 0 tests it returns block containing no tests[39;49m[39;49m
[39;49m[32m[39;49m[32m[+] - Given 0 tests it returns block containing 0 tests[39;49m[39;49m
[39;49m[36m[39;49m[36m| - Find common setup for each test[39;49m[39;49m
[39;49m[32m[39;49m[32m[+] - Given block that has test setup for each test it finds it[39;49m[39;49m
[39;49m[36m[39;49m[36m| - Finding setup for all tests[39;49m[39;49m
[39;49m[32m[39;49m[32m[+] - Find setup to run before all tests in the block[39;49m[39;49m
[39;49m[36m[39;49m[36m| - Finding blocks[39;49m[39;49m
[39;49m[32m[39;49m[32m[+] - Find tests in block that is explicitly specified[39;49m[39;49m
[39;49m[32m[39;49m[32m[+] - Find tests in blocks that are next to each other[39;49m[39;49m
[39;49m[32m[39;49m[32m[+] - Find tests in blocks that are inside of each other[39;49m[39;49m
[39;49m[36m[39;49m[36m| - Executing tests[39;49m[39;49m
[39;49m[31m[39;49m[31m[-] - Executes 1 test -> Expected and actual values differ!
Expected: 'a'
Actual  : ''
at Verify-Equal, /Users/travis/build/pester/Pester/Dependencies/Axiom/Verify-Equal.ps1:16
at <ScriptBlock>, /Users/travis/build/pester/Pester/new-runtimepoc/Pester.Runtime.ts.ps1:252
at t, /Users/travis/build/pester/Pester/new-runtimepoc/p.psm1:103
at <ScriptBlock>, /Users/travis/build/pester/Pester/new-runtimepoc/Pester.Runtime.ts.ps1:243
at b, /Users/travis/build/pester/Pester/new-runtimepoc/p.psm1:77
at <ScriptBlock>, /Users/travis/build/pester/Pester/new-runtimepoc/Pester.Runtime.ts.ps1:242
at <ScriptBlock>, /Users/travis/build/pester/Pester/new-runtimepoc/Pester.Runtime.ts.ps1:57
at i, /Users/travis/build/pester/Pester/new-runtimepoc/p.psm1:43
at <ScriptBlock>, /Users/travis/build/pester/Pester/new-runtimepoc/Pester.Runtime.ts.ps1:55
at <ScriptBlock>, <No file>:1
at <ScriptBlock>, <No file>:1
[39;49m[39;49m
[39;49m[31m[39;49m[31m[-] - Executes 2 tests next to each other -> Expected and actual values differ!
Expected: 'a'
Actual  : ''
at Verify-Equal, /Users/travis/build/pester/Pester/Dependencies/Axiom/Verify-Equal.ps1:16
at <ScriptBlock>, /Users/travis/build/pester/Pester/new-runtimepoc/Pester.Runtime.ts.ps1:265
at t, /Users/travis/build/pester/Pester/new-runtimepoc/p.psm1:103
at <ScriptBlock>, /Users/travis/build/pester/Pester/new-runtimepoc/Pester.Runtime.ts.ps1:255
at b, /Users/travis/build/pester/Pester/new-runtimepoc/p.psm1:77
at <ScriptBlock>, /Users/travis/build/pester/Pester/new-runtimepoc/Pester.Runtime.ts.ps1:242
at <ScriptBlock>, /Users/travis/build/pester/Pester/new-runtimepoc/Pester.Runtime.ts.ps1:57
at i, /Users/travis/build/pester/Pester/new-runtimepoc/p.psm1:43
at <ScriptBlock>, /Users/travis/build/pester/Pester/new-runtimepoc/Pester.Runtime.ts.ps1:55
at <ScriptBlock>, <No file>:1
at <ScriptBlock>, <No file>:1
[39;49m[39;49m
[39;49m[31m[39;49m[31m[-] - Executes 2 tests in blocks next to each other -> Expected and actual values differ!
Expected: 'a'
Actual  : ''
at Verify-Equal, /Users/travis/build/pester/Pester/Dependencies/Axiom/Verify-Equal.ps1:16
at <ScriptBlock>, /Users/travis/build/pester/Pester/new-runtimepoc/Pester.Runtime.ts.ps1:288
at t, /Users/travis/build/pester/Pester/new-runtimepoc/p.psm1:103
at <ScriptBlock>, /Users/travis/build/pester/Pester/new-runtimepoc/Pester.Runtime.ts.ps1:273
at b, /Users/travis/build/pester/Pester/new-runtimepoc/p.psm1:77
at <ScriptBlock>, /Users/travis/build/pester/Pester/new-runtimepoc/Pester.Runtime.ts.ps1:242
at <ScriptBlock>, /Users/travis/build/pester/Pester/new-runtimepoc/Pester.Runtime.ts.ps1:57
at i, /Users/travis/build/pester/Pester/new-runtimepoc/p.psm1:43
at <ScriptBlock>, /Users/travis/build/pester/Pester/new-runtimepoc/Pester.Runtime.ts.ps1:55
at <ScriptBlock>, <No file>:1
at <ScriptBlock>, <No file>:1
[39;49m[39;49m
[39;49m[31m[39;49m[31m[-] - Executes 2 tests deeper in blocks -> Expected and actual values differ!
Expected: 'a'
Actual  : ''
at Verify-Equal, /Users/travis/build/pester/Pester/Dependencies/Axiom/Verify-Equal.ps1:16
at <ScriptBlock>, /Users/travis/build/pester/Pester/new-runtimepoc/Pester.Runtime.ts.ps1:312
at t, /Users/travis/build/pester/Pester/new-runtimepoc/p.psm1:103
at <ScriptBlock>, /Users/travis/build/pester/Pester/new-runtimepoc/Pester.Runtime.ts.ps1:297
at b, /Users/travis/build/pester/Pester/new-runtimepoc/p.psm1:77
at <ScriptBlock>, /Users/travis/build/pester/Pester/new-runtimepoc/Pester.Runtime.ts.ps1:242
at <ScriptBlock>, /Users/travis/build/pester/Pester/new-runtimepoc/Pester.Runtime.ts.ps1:57
at i, /Users/travis/build/pester/Pester/new-runtimepoc/p.psm1:43
at <ScriptBlock>, /Users/travis/build/pester/Pester/new-runtimepoc/Pester.Runtime.ts.ps1:55
at <ScriptBlock>, <No file>:1
at <ScriptBlock>, <No file>:1
[39;49m[39;49m
[39;49m[32m[39;49m[32m[+] - Executes container only if it contains anything that should run[39;49m[39;49m
[39;49m[36m[39;49m[36m| - filtering[39;49m[39;49m
[39;49m[32m[39;49m[32m[+] - Given null filter and a tagged test it includes it[39;49m[39;49m
[39;49m[32m[39;49m[32m[+] - Given a test with tag it excludes it when it matches the exclude filter[39;49m[39;49m
[39;49m[32m[39;49m[32m[+] - Given a test without tags it includes it when it does not match exclude filter [39;49m[39;49m
[39;49m[32m[39;49m[32m[+] - Given a test with tags it includes it when it does not match exclude filter [39;49m[39;49m
[39;49m[32m[39;49m[32m[+] - Given a test with tag it includes it when it matches the tag filter[39;49m[39;49m
[39;49m[32m[39;49m[32m[+] - Given a test without tags it excludes it when it does not match any other filter[39;49m[39;49m
[39;49m[32m[39;49m[32m[+] - Given a test without tags it include it when it matches path filter[39;49m[39;49m
[39;49m[32m[39;49m[32m[+] - Given a test with path it includes it when it matches path filter [39;49m[39;49m
[39;49m[32m[39;49m[32m[+] - Given a test with path it maybes it when it does not match path filter [39;49m[39;49m
[39;49m[36m[39;49m[36m| - discover and execute tests[39;49m[39;49m
[39;49m[31m[39;49m[31m[-] - discovers and executes one test -> Expected $true but got 'False'.
at Verify-True, /Users/travis/build/pester/Pester/Dependencies/Axiom/Verify-True.ps1:8
at <ScriptBlock>, /Users/travis/build/pester/Pester/new-runtimepoc/Pester.Runtime.ts.ps1:442
at t, /Users/travis/build/pester/Pester/new-runtimepoc/p.psm1:103
at <ScriptBlock>, /Users/travis/build/pester/Pester/new-runtimepoc/Pester.Runtime.ts.ps1:436
at b, /Users/travis/build/pester/Pester/new-runtimepoc/p.psm1:77
at <ScriptBlock>, /Users/travis/build/pester/Pester/new-runtimepoc/Pester.Runtime.ts.ps1:435
at i, /Users/travis/build/pester/Pester/new-runtimepoc/p.psm1:43
at <ScriptBlock>, /Users/travis/build/pester/Pester/new-runtimepoc/Pester.Runtime.ts.ps1:55
at <ScriptBlock>, <No file>:1
at <ScriptBlock>, <No file>:1
[39;49m[39;49m
[39;49m[32m[39;49m[32m[+] - discovers and executes one failing test[39;49m[39;49m
[39;49m[31m[39;49m[31m[-] - re-runs failing tests -> Expected $true but got 'False'.
at Verify-True, /Users/travis/build/pester/Pester/Dependencies/Axiom/Verify-True.ps1:8
at <ScriptBlock>, /Users/travis/build/pester/Pester/new-runtimepoc/Pester.Runtime.ts.ps1:480
at t, /Users/travis/build/pester/Pester/new-runtimepoc/p.psm1:103
at <ScriptBlock>, /Users/travis/build/pester/Pester/new-runtimepoc/Pester.Runtime.ts.ps1:457
at b, /Users/travis/build/pester/Pester/new-runtimepoc/p.psm1:77
at <ScriptBlock>, /Users/travis/build/pester/Pester/new-runtimepoc/Pester.Runtime.ts.ps1:435
at i, /Users/travis/build/pester/Pester/new-runtimepoc/p.psm1:43
at <ScriptBlock>, /Users/travis/build/pester/Pester/new-runtimepoc/Pester.Runtime.ts.ps1:55
at <ScriptBlock>, <No file>:1
at <ScriptBlock>, <No file>:1
[39;49m[39;49m
[39;49m[36m[39;49m[36m| - executing each setup & teardown on test[39;49m[39;49m
[39;49m[31m[39;49m[31m[-] - given a test with setups and teardowns they run in correct scopes -> Expected and actual values differ!
Expected: 'one time setup'
Actual  : ''
at Verify-Equal, /Users/travis/build/pester/Pester/Dependencies/Axiom/Verify-Equal.ps1:16
at <ScriptBlock>, /Users/travis/build/pester/Pester/new-runtimepoc/Pester.Runtime.ts.ps1:566
at t, /Users/travis/build/pester/Pester/new-runtimepoc/p.psm1:103
at <ScriptBlock>, /Users/travis/build/pester/Pester/new-runtimepoc/Pester.Runtime.ts.ps1:516
at b, /Users/travis/build/pester/Pester/new-runtimepoc/p.psm1:77
at <ScriptBlock>, /Users/travis/build/pester/Pester/new-runtimepoc/Pester.Runtime.ts.ps1:515
at i, /Users/travis/build/pester/Pester/new-runtimepoc/p.psm1:43
at <ScriptBlock>, /Users/travis/build/pester/Pester/new-runtimepoc/Pester.Runtime.ts.ps1:55
at <ScriptBlock>, <No file>:1
at <ScriptBlock>, <No file>:1
[39;49m[39;49m
[39;49m[31m[39;49m[31m[-] - given a test with teardown it executes the teardown right before after the test and has the variables avaliable from the test -> Expected and actual values differ!
Expected: 'test'
Actual  : ''
at Verify-Equal, /Users/travis/build/pester/Pester/Dependencies/Axiom/Verify-Equal.ps1:16
at <ScriptBlock>, /Users/travis/build/pester/Pester/new-runtimepoc/Pester.Runtime.ts.ps1:590
at t, /Users/travis/build/pester/Pester/new-runtimepoc/p.psm1:103
at <ScriptBlock>, /Users/travis/build/pester/Pester/new-runtimepoc/Pester.Runtime.ts.ps1:569
at b, /Users/travis/build/pester/Pester/new-runtimepoc/p.psm1:77
at <ScriptBlock>, /Users/travis/build/pester/Pester/new-runtimepoc/Pester.Runtime.ts.ps1:515
at i, /Users/travis/build/pester/Pester/new-runtimepoc/p.psm1:43
at <ScriptBlock>, /Users/travis/build/pester/Pester/new-runtimepoc/Pester.Runtime.ts.ps1:55
at <ScriptBlock>, <No file>:1
at <ScriptBlock>, <No file>:1
[39;49m[39;49m
[39;49m[36m[39;49m[36m| - executing all test and teardown[39;49m[39;49m
[39;49m[31m[39;49m[31m[-] - given a test with one time setup it executes the setup inside of the block and does not bleed variables to the next block -> Expected $true but got 'False'.
at Verify-True, /Users/travis/build/pester/Pester/Dependencies/Axiom/Verify-True.ps1:8
at <ScriptBlock>, /Users/travis/build/pester/Pester/new-runtimepoc/Pester.Runtime.ts.ps1:625
at t, /Users/travis/build/pester/Pester/new-runtimepoc/p.psm1:103
at <ScriptBlock>, /Users/travis/build/pester/Pester/new-runtimepoc/Pester.Runtime.ts.ps1:595
at b, /Users/travis/build/pester/Pester/new-runtimepoc/p.psm1:77
at <ScriptBlock>, /Users/travis/build/pester/Pester/new-runtimepoc/Pester.Runtime.ts.ps1:594
at i, /Users/travis/build/pester/Pester/new-runtimepoc/p.psm1:43
at <ScriptBlock>, /Users/travis/build/pester/Pester/new-runtimepoc/Pester.Runtime.ts.ps1:55
at <ScriptBlock>, <No file>:1
at <ScriptBlock>, <No file>:1
[39;49m[39;49m
[39;49m[31m[39;49m[31m[-] - given a test with each time setup it executes the setup inside of the test and does not affect the whole block -> Expected $true but got 'False'.
at Verify-True, /Users/travis/build/pester/Pester/Dependencies/Axiom/Verify-True.ps1:8
at <ScriptBlock>, /Users/travis/build/pester/Pester/new-runtimepoc/Pester.Runtime.ts.ps1:657
at t, /Users/travis/build/pester/Pester/new-runtimepoc/p.psm1:103
at <ScriptBlock>, /Users/travis/build/pester/Pester/new-runtimepoc/Pester.Runtime.ts.ps1:629
at b, /Users/travis/build/pester/Pester/new-runtimepoc/p.psm1:77
at <ScriptBlock>, /Users/travis/build/pester/Pester/new-runtimepoc/Pester.Runtime.ts.ps1:594
at i, /Users/travis/build/pester/Pester/new-runtimepoc/p.psm1:43
at <ScriptBlock>, /Users/travis/build/pester/Pester/new-runtimepoc/Pester.Runtime.ts.ps1:55
at <ScriptBlock>, <No file>:1
at <ScriptBlock>, <No file>:1
[39;49m[39;49m
[39;49m[32m[39;49m[32m[+] - setups and teardowns don't run if there are no tests[39;49m[39;49m
[39;49m[31m[39;49m[31m[-] - one time setups&teardowns run one time and each time setups&teardowns run for every test -> Expected and actual values differ!
Expected: '2'
Actual  : '1'
at Verify-Equal, /Users/travis/build/pester/Pester/Dependencies/Axiom/Verify-Equal.ps1:16
at <ScriptBlock>, /Users/travis/build/pester/Pester/new-runtimepoc/Pester.Runtime.ts.ps1:737
at t, /Users/travis/build/pester/Pester/new-runtimepoc/p.psm1:103
at <ScriptBlock>, /Users/travis/build/pester/Pester/new-runtimepoc/Pester.Runtime.ts.ps1:700
at b, /Users/travis/build/pester/Pester/new-runtimepoc/p.psm1:77
at <ScriptBlock>, /Users/travis/build/pester/Pester/new-runtimepoc/Pester.Runtime.ts.ps1:594
at i, /Users/travis/build/pester/Pester/new-runtimepoc/p.psm1:43
at <ScriptBlock>, /Users/travis/build/pester/Pester/new-runtimepoc/Pester.Runtime.ts.ps1:55
at <ScriptBlock>, <No file>:1
at <ScriptBlock>, <No file>:1
[39;49m[39;49m
[39;49m[32m[39;49m[32m[+] - error in one container during Run phase does not prevent the next container from running[39;49m[39;49m
[39;49m[36m[39;49m[36m| - Skipping tests[39;49m[39;49m
[39;49m[32m[39;49m[32m[+] - tests can be skipped based on tags[39;49m[39;49m
[39;49m[32m[39;49m[32m[+] - blocks can be excluded based on tags[39;49m[39;49m
[39;49m[36m[39;49m[36m| - Block teardown and setup[39;49m[39;49m
[39;49m[31m[39;49m[31m[-] - setups&teardowns run only once -> Expected and actual values differ!
Expected: '1'
Actual  : '0'
at Verify-Equal, /Users/travis/build/pester/Pester/Dependencies/Axiom/Verify-Equal.ps1:16
at <ScriptBlock>, /Users/travis/build/pester/Pester/new-runtimepoc/Pester.Runtime.ts.ps1:813
at t, /Users/travis/build/pester/Pester/new-runtimepoc/p.psm1:103
at <ScriptBlock>, /Users/travis/build/pester/Pester/new-runtimepoc/Pester.Runtime.ts.ps1:791
at b, /Users/travis/build/pester/Pester/new-runtimepoc/p.psm1:77
at <ScriptBlock>, /Users/travis/build/pester/Pester/new-runtimepoc/Pester.Runtime.ts.ps1:790
at i, /Users/travis/build/pester/Pester/new-runtimepoc/p.psm1:43
at <ScriptBlock>, /Users/travis/build/pester/Pester/new-runtimepoc/Pester.Runtime.ts.ps1:55
at <ScriptBlock>, <No file>:1
at <ScriptBlock>, <No file>:1
[39;49m[39;49m
[39;49m[32m[39;49m[32m[+] - block setups&teardowns run only when there are some tests to run in the block[39;49m[39;49m
[39;49m[36m[39;49m[36m| - plugins[39;49m[39;49m
[39;49m[31m[39;49m[31m[-] - Given a plugin it is used in the run -> Expected and actual values differ!
Expected: '3'
Actual  : '2'
at Verify-Equal, /Users/travis/build/pester/Pester/Dependencies/Axiom/Verify-Equal.ps1:16
at <ScriptBlock>, /Users/travis/build/pester/Pester/new-runtimepoc/Pester.Runtime.ts.ps1:895
at t, /Users/travis/build/pester/Pester/new-runtimepoc/p.psm1:103
at <ScriptBlock>, /Users/travis/build/pester/Pester/new-runtimepoc/Pester.Runtime.ts.ps1:859
at b, /Users/travis/build/pester/Pester/new-runtimepoc/p.psm1:77
at <ScriptBlock>, /Users/travis/build/pester/Pester/new-runtimepoc/Pester.Runtime.ts.ps1:858
at i, /Users/travis/build/pester/Pester/new-runtimepoc/p.psm1:43
at <ScriptBlock>, /Users/travis/build/pester/Pester/new-runtimepoc/Pester.Runtime.ts.ps1:55
at <ScriptBlock>, <No file>:1
at <ScriptBlock>, <No file>:1
[39;49m[39;49m
[39;49m[31m[39;49m[31m[-] - Plugin has access to test info -> Expected $true but got 'False'.
at Verify-True, /Users/travis/build/pester/Pester/Dependencies/Axiom/Verify-True.ps1:8
at <ScriptBlock>, /Users/travis/build/pester/Pester/new-runtimepoc/Pester.Runtime.ts.ps1:916
at t, /Users/travis/build/pester/Pester/new-runtimepoc/p.psm1:103
at <ScriptBlock>, /Users/travis/build/pester/Pester/new-runtimepoc/Pester.Runtime.ts.ps1:904
at b, /Users/travis/build/pester/Pester/new-runtimepoc/p.psm1:77
at <ScriptBlock>, /Users/travis/build/pester/Pester/new-runtimepoc/Pester.Runtime.ts.ps1:858
at i, /Users/travis/build/pester/Pester/new-runtimepoc/p.psm1:43
at <ScriptBlock>, /Users/travis/build/pester/Pester/new-runtimepoc/Pester.Runtime.ts.ps1:55
at <ScriptBlock>, <No file>:1
at <ScriptBlock>, <No file>:1
[39;49m[39;49m
[39;49m[32m[39;49m[32m[+] - Plugin has access to block info[39;49m[39;49m
[39;49m[36m[39;49m[36m| - test data[39;49m[39;49m
[39;49m[32m[39;49m[32m[+] - test can access data provided in -Data as variables[39;49m[39;49m
[39;49m[32m[39;49m[32m[+] - test can access data provided in -Data as parameters[39;49m[39;49m
[39;49m[32m[39;49m[32m[+] - test result contains data provided in -Data[39;49m[39;49m
[39;49m[32m[39;49m[32m[+] - tests do not share data[39;49m[39;49m
[39;49m[36m[39;49m[36m| - New-ParametrizedTest[39;49m[39;49m
[39;49m[32m[39;49m[32m[+] - New-ParameterizedTest takes data and generates as many tests as there are hashtables[39;49m[39;49m
[39;49m[31m[39;49m[31m[-] - Each parametrized test has unique id and they both successfully execute and have the correct data -> Expected $true but got 'False'.
at Verify-True, /Users/travis/build/pester/Pester/Dependencies/Axiom/Verify-True.ps1:8
at <ScriptBlock>, /Users/travis/build/pester/Pester/new-runtimepoc/Pester.Runtime.ts.ps1:1058
at t, /Users/travis/build/pester/Pester/new-runtimepoc/p.psm1:103
at <ScriptBlock>, /Users/travis/build/pester/Pester/new-runtimepoc/Pester.Runtime.ts.ps1:1038
at b, /Users/travis/build/pester/Pester/new-runtimepoc/p.psm1:77
at <ScriptBlock>, /Users/travis/build/pester/Pester/new-runtimepoc/Pester.Runtime.ts.ps1:1018
at i, /Users/travis/build/pester/Pester/new-runtimepoc/p.psm1:43
at <ScriptBlock>, /Users/travis/build/pester/Pester/new-runtimepoc/Pester.Runtime.ts.ps1:55
at <ScriptBlock>, <No file>:1
at <ScriptBlock>, <No file>:1
[39;49m[39;49m
[39;49m[36m[39;49m[36m| - running from files[39;49m[39;49m
[39;49m[32m[39;49m[32m[+] - given a path to file with tests it can execute it[39;49m[39;49m
[39;49m[32m[39;49m[32m[+] - given a path to multiple files with tests it can execute it[39;49m[39;49m
[39;49m[36m[39;49m[36m| - running parent each setups and teardowns[39;49m[39;49m
[39;49m[31m[39;49m[31m[-] - adding each test setup runs it before each test in that block and in any child blocks -> Expected and actual values differ!
Expected: 'me'
Actual  : ''
at Verify-Equal, /Users/travis/build/pester/Pester/Dependencies/Axiom/Verify-Equal.ps1:16
at <ScriptBlock>, /Users/travis/build/pester/Pester/new-runtimepoc/Pester.Runtime.ts.ps1:1142
at t, /Users/travis/build/pester/Pester/new-runtimepoc/p.psm1:103
at <ScriptBlock>, /Users/travis/build/pester/Pester/new-runtimepoc/Pester.Runtime.ts.ps1:1121
at b, /Users/travis/build/pester/Pester/new-runtimepoc/p.psm1:77
at <ScriptBlock>, /Users/travis/build/pester/Pester/new-runtimepoc/Pester.Runtime.ts.ps1:1120
at i, /Users/travis/build/pester/Pester/new-runtimepoc/p.psm1:43
at <ScriptBlock>, /Users/travis/build/pester/Pester/new-runtimepoc/Pester.Runtime.ts.ps1:55
at <ScriptBlock>, <No file>:1
at <ScriptBlock>, <No file>:1
[39;49m[39;49m
[39;49m[31m[39;49m[31m[-] - adding multiple each test setups runs them in parent first, child last order  -> Expected and actual values differ!
Expected: 'parent'
Actual  : ''
Expected length: 6
Actual length: 0
at Verify-Equal, /Users/travis/build/pester/Pester/Dependencies/Axiom/Verify-Equal.ps1:16
at <ScriptBlock>, /Users/travis/build/pester/Pester/new-runtimepoc/Pester.Runtime.ts.ps1:1171
at t, /Users/travis/build/pester/Pester/new-runtimepoc/p.psm1:103
at <ScriptBlock>, /Users/travis/build/pester/Pester/new-runtimepoc/Pester.Runtime.ts.ps1:1147
at b, /Users/travis/build/pester/Pester/new-runtimepoc/p.psm1:77
at <ScriptBlock>, /Users/travis/build/pester/Pester/new-runtimepoc/Pester.Runtime.ts.ps1:1120
at i, /Users/travis/build/pester/Pester/new-runtimepoc/p.psm1:43
at <ScriptBlock>, /Users/travis/build/pester/Pester/new-runtimepoc/Pester.Runtime.ts.ps1:55
at <ScriptBlock>, <No file>:1
at <ScriptBlock>, <No file>:1
[39;49m[39;49m
[39;49m[31m[39;49m[31m[-] - adding each test teardown runs it after each test in that block and in any child blocks -> Expected and actual values differ!
Expected: 'me'
Actual  : ''
at Verify-Equal, /Users/travis/build/pester/Pester/Dependencies/Axiom/Verify-Equal.ps1:16
at <ScriptBlock>, /Users/travis/build/pester/Pester/new-runtimepoc/Pester.Runtime.ts.ps1:1197
at t, /Users/travis/build/pester/Pester/new-runtimepoc/p.psm1:103
at <ScriptBlock>, /Users/travis/build/pester/Pester/new-runtimepoc/Pester.Runtime.ts.ps1:1176
at b, /Users/travis/build/pester/Pester/new-runtimepoc/p.psm1:77
at <ScriptBlock>, /Users/travis/build/pester/Pester/new-runtimepoc/Pester.Runtime.ts.ps1:1120
at i, /Users/travis/build/pester/Pester/new-runtimepoc/p.psm1:43
at <ScriptBlock>, /Users/travis/build/pester/Pester/new-runtimepoc/Pester.Runtime.ts.ps1:55
at <ScriptBlock>, <No file>:1
at <ScriptBlock>, <No file>:1
[39;49m[39;49m
[39;49m[31m[39;49m[31m[-] - adding multiple each test teardowns runs them in child first, parent last order  -> Expected and actual values differ!
Expected: 'parent'
Actual  : ''
Expected length: 6
Actual length: 0
at Verify-Equal, /Users/travis/build/pester/Pester/Dependencies/Axiom/Verify-Equal.ps1:16
at <ScriptBlock>, /Users/travis/build/pester/Pester/new-runtimepoc/Pester.Runtime.ts.ps1:1226
at t, /Users/travis/build/pester/Pester/new-runtimepoc/p.psm1:103
at <ScriptBlock>, /Users/travis/build/pester/Pester/new-runtimepoc/Pester.Runtime.ts.ps1:1202
at b, /Users/travis/build/pester/Pester/new-runtimepoc/p.psm1:77
at <ScriptBlock>, /Users/travis/build/pester/Pester/new-runtimepoc/Pester.Runtime.ts.ps1:1120
at i, /Users/travis/build/pester/Pester/new-runtimepoc/p.psm1:43
at <ScriptBlock>, /Users/travis/build/pester/Pester/new-runtimepoc/Pester.Runtime.ts.ps1:55
at <ScriptBlock>, <No file>:1
at <ScriptBlock>, <No file>:1
[39;49m[39;49m
[39;49m[36m[39;49m[36m| - failing one time block test setups and teardowns[39;49m[39;49m
[39;49m[31m[39;49m[31m[-] - failing in onetime setup will fail the block and everything below -> Expected $true but got 'False'.
at Verify-True, /Users/travis/build/pester/Pester/Dependencies/Axiom/Verify-True.ps1:8
at <ScriptBlock>, /Users/travis/build/pester/Pester/new-runtimepoc/Pester.Runtime.ts.ps1:1277
at t, /Users/travis/build/pester/Pester/new-runtimepoc/p.psm1:103
at <ScriptBlock>, /Users/travis/build/pester/Pester/new-runtimepoc/Pester.Runtime.ts.ps1:1233
at b, /Users/travis/build/pester/Pester/new-runtimepoc/p.psm1:77
at <ScriptBlock>, /Users/travis/build/pester/Pester/new-runtimepoc/Pester.Runtime.ts.ps1:1232
at i, /Users/travis/build/pester/Pester/new-runtimepoc/p.psm1:43
at <ScriptBlock>, /Users/travis/build/pester/Pester/new-runtimepoc/Pester.Runtime.ts.ps1:55
at <ScriptBlock>, <No file>:1
at <ScriptBlock>, <No file>:1
[39;49m[39;49m
[39;49m[31m[39;49m[31m[-] - failing in onetime block teardown will fail the block -> Expected $true but got 'False'.
at Verify-True, /Users/travis/build/pester/Pester/Dependencies/Axiom/Verify-True.ps1:8
at <ScriptBlock>, /Users/travis/build/pester/Pester/new-runtimepoc/Pester.Runtime.ts.ps1:1313
at t, /Users/travis/build/pester/Pester/new-runtimepoc/p.psm1:103
at <ScriptBlock>, /Users/travis/build/pester/Pester/new-runtimepoc/Pester.Runtime.ts.ps1:1286
at b, /Users/travis/build/pester/Pester/new-runtimepoc/p.psm1:77
at <ScriptBlock>, /Users/travis/build/pester/Pester/new-runtimepoc/Pester.Runtime.ts.ps1:1232
at i, /Users/travis/build/pester/Pester/new-runtimepoc/p.psm1:43
at <ScriptBlock>, /Users/travis/build/pester/Pester/new-runtimepoc/Pester.Runtime.ts.ps1:55
at <ScriptBlock>, <No file>:1
at <ScriptBlock>, <No file>:1
[39;49m[39;49m
[39;49m[36m[39;49m[36m| - focus[39;49m[39;49m
[39;49m[32m[39;49m[32m[+] - focusing one test in group will run only it[39;49m[39;49m
[39;49m[32m[39;49m[32m[+] - focusing one block in group will run only tests in it[39;49m[39;49m
[39;49m[36m[39;49m[36m| - generating tests[39;49m[39;49m
[39;49m[31m[39;49m[31m[-] - generating tests without external id -> Expected $null but got 'The property 'Value' cannot be found on this object. Verify that the property exists.'.
at Verify-Null, /Users/travis/build/pester/Pester/Dependencies/Axiom/Verify-Null.ps1:8
at <ScriptBlock>, /Users/travis/build/pester/Pester/new-runtimepoc/Pester.Runtime.ts.ps1:1398
at t, /Users/travis/build/pester/Pester/new-runtimepoc/p.psm1:103
at <ScriptBlock>, /Users/travis/build/pester/Pester/new-runtimepoc/Pester.Runtime.ts.ps1:1385
at b, /Users/travis/build/pester/Pester/new-runtimepoc/p.psm1:77
at <ScriptBlock>, /Users/travis/build/pester/Pester/new-runtimepoc/Pester.Runtime.ts.ps1:1384
at i, /Users/travis/build/pester/Pester/new-runtimepoc/p.psm1:43
at <ScriptBlock>, /Users/travis/build/pester/Pester/new-runtimepoc/Pester.Runtime.ts.ps1:55
at <ScriptBlock>, <No file>:1
at <ScriptBlock>, <No file>:1
[39;49m[39;49m
[39;49m[31m[39;49m[31m[-] - generating paremetrized tests without external id -> Expected $null but got 'The property 'Value' cannot be found on this object. Verify that the property exists.'.
at Verify-Null, /Users/travis/build/pester/Pester/Dependencies/Axiom/Verify-Null.ps1:8
at <ScriptBlock>, /Users/travis/build/pester/Pester/new-runtimepoc/Pester.Runtime.ts.ps1:1416
at t, /Users/travis/build/pester/Pester/new-runtimepoc/p.psm1:103
at <ScriptBlock>, /Users/travis/build/pester/Pester/new-runtimepoc/Pester.Runtime.ts.ps1:1404
at b, /Users/travis/build/pester/Pester/new-runtimepoc/p.psm1:77
at <ScriptBlock>, /Users/travis/build/pester/Pester/new-runtimepoc/Pester.Runtime.ts.ps1:1384
at i, /Users/travis/build/pester/Pester/new-runtimepoc/p.psm1:43
at <ScriptBlock>, /Users/travis/build/pester/Pester/new-runtimepoc/Pester.Runtime.ts.ps1:55
at <ScriptBlock>, <No file>:1
at <ScriptBlock>, <No file>:1
[39;49m[39;49m
[39;49m[31m[39;49m[31m[-] - generating multiple tests from one foreach without external id -> Expected $null but got 'The property 'Value' cannot be found on this object. Verify that the property exists.'.
at Verify-Null, /Users/travis/build/pester/Pester/Dependencies/Axiom/Verify-Null.ps1:8
at <ScriptBlock>, /Users/travis/build/pester/Pester/new-runtimepoc/Pester.Runtime.ts.ps1:1435
at t, /Users/travis/build/pester/Pester/new-runtimepoc/p.psm1:103
at <ScriptBlock>, /Users/travis/build/pester/Pester/new-runtimepoc/Pester.Runtime.ts.ps1:1422
at b, /Users/travis/build/pester/Pester/new-runtimepoc/p.psm1:77
at <ScriptBlock>, /Users/travis/build/pester/Pester/new-runtimepoc/Pester.Runtime.ts.ps1:1384
at i, /Users/travis/build/pester/Pester/new-runtimepoc/p.psm1:43
at <ScriptBlock>, /Users/travis/build/pester/Pester/new-runtimepoc/Pester.Runtime.ts.ps1:55
at <ScriptBlock>, <No file>:1
at <ScriptBlock>, <No file>:1
[39;49m[39;49m
[39;49m[31m[39;49m[31m[-] - generating tests with external id -> Expected $null but got 'The property 'Value' cannot be found on this object. Verify that the property exists.'.
at Verify-Null, /Users/travis/build/pester/Pester/Dependencies/Axiom/Verify-Null.ps1:8
at <ScriptBlock>, /Users/travis/build/pester/Pester/new-runtimepoc/Pester.Runtime.ts.ps1:1459
at t, /Users/travis/build/pester/Pester/new-runtimepoc/p.psm1:103
at <ScriptBlock>, /Users/travis/build/pester/Pester/new-runtimepoc/Pester.Runtime.ts.ps1:1447
at b, /Users/travis/build/pester/Pester/new-runtimepoc/p.psm1:77
at <ScriptBlock>, /Users/travis/build/pester/Pester/new-runtimepoc/Pester.Runtime.ts.ps1:1384
at i, /Users/travis/build/pester/Pester/new-runtimepoc/p.psm1:43
at <ScriptBlock>, /Users/travis/build/pester/Pester/new-runtimepoc/Pester.Runtime.ts.ps1:55
at <ScriptBlock>, <No file>:1
at <ScriptBlock>, <No file>:1
[39;49m[39;49m
[39;49m[36m[39;49m[36m| - generating blocks[39;49m[39;49m
[39;49m[31m[39;49m[31m[-] - generating blocks without external id -> Expected $null but got 'The property 'Value' cannot be found on this object. Verify that the property exists.'.
at Verify-Null, /Users/travis/build/pester/Pester/Dependencies/Axiom/Verify-Null.ps1:8
at <ScriptBlock>, /Users/travis/build/pester/Pester/new-runtimepoc/Pester.Runtime.ts.ps1:1479
at t, /Users/travis/build/pester/Pester/new-runtimepoc/p.psm1:103
at <ScriptBlock>, /Users/travis/build/pester/Pester/new-runtimepoc/Pester.Runtime.ts.ps1:1467
at b, /Users/travis/build/pester/Pester/new-runtimepoc/p.psm1:77
at <ScriptBlock>, /Users/travis/build/pester/Pester/new-runtimepoc/Pester.Runtime.ts.ps1:1466
at i, /Users/travis/build/pester/Pester/new-runtimepoc/p.psm1:43
at <ScriptBlock>, /Users/travis/build/pester/Pester/new-runtimepoc/Pester.Runtime.ts.ps1:55
at <ScriptBlock>, <No file>:1
at <ScriptBlock>, <No file>:1
[39;49m[39;49m
[39;49m[31m[39;49m[31m[-] - generating multiple blocks from one foreach without external id -> Expected $null but got 'The property 'Value' cannot be found on this object. Verify that the property exists.'.
at Verify-Null, /Users/travis/build/pester/Pester/Dependencies/Axiom/Verify-Null.ps1:8
at <ScriptBlock>, /Users/travis/build/pester/Pester/new-runtimepoc/Pester.Runtime.ts.ps1:1501
at t, /Users/travis/build/pester/Pester/new-runtimepoc/p.psm1:103
at <ScriptBlock>, /Users/travis/build/pester/Pester/new-runtimepoc/Pester.Runtime.ts.ps1:1485
at b, /Users/travis/build/pester/Pester/new-runtimepoc/p.psm1:77
at <ScriptBlock>, /Users/travis/build/pester/Pester/new-runtimepoc/Pester.Runtime.ts.ps1:1466
at i, /Users/travis/build/pester/Pester/new-runtimepoc/p.psm1:43
at <ScriptBlock>, /Users/travis/build/pester/Pester/new-runtimepoc/Pester.Runtime.ts.ps1:55
at <ScriptBlock>, <No file>:1
at <ScriptBlock>, <No file>:1
[39;49m[39;49m
[39;49m[31m[39;49m[31m[-] - generating blocks with external id -> Expected $null but got 'The property 'Value' cannot be found on this object. Verify that the property exists.'.
at Verify-Null, /Users/travis/build/pester/Pester/Dependencies/Axiom/Verify-Null.ps1:8
at <ScriptBlock>, /Users/travis/build/pester/Pester/new-runtimepoc/Pester.Runtime.ts.ps1:1529
at t, /Users/travis/build/pester/Pester/new-runtimepoc/p.psm1:103
at <ScriptBlock>, /Users/travis/build/pester/Pester/new-runtimepoc/Pester.Runtime.ts.ps1:1517
at b, /Users/travis/build/pester/Pester/new-runtimepoc/p.psm1:77
at <ScriptBlock>, /Users/travis/build/pester/Pester/new-runtimepoc/Pester.Runtime.ts.ps1:1466
at i, /Users/travis/build/pester/Pester/new-runtimepoc/p.psm1:43
at <ScriptBlock>, /Users/travis/build/pester/Pester/new-runtimepoc/Pester.Runtime.ts.ps1:55
at <ScriptBlock>, <No file>:1
at <ScriptBlock>, <No file>:1
[39;49m[39;49m
[39;49m[36m[39;49m[36m| - expandable variables in names[39;49m[39;49m
[39;49m[31m[39;49m[31m[-] - can run tests that have expandable variable in their name -> Expected $true but got 'False'.
at Verify-True, /Users/travis/build/pester/Pester/Dependencies/Axiom/Verify-True.ps1:8
at <ScriptBlock>, /Users/travis/build/pester/Pester/new-runtimepoc/Pester.Runtime.ts.ps1:1550
at t, /Users/travis/build/pester/Pester/new-runtimepoc/p.psm1:103
at <ScriptBlock>, /Users/travis/build/pester/Pester/new-runtimepoc/Pester.Runtime.ts.ps1:1537
at b, /Users/travis/build/pester/Pester/new-runtimepoc/p.psm1:77
at <ScriptBlock>, /Users/travis/build/pester/Pester/new-runtimepoc/Pester.Runtime.ts.ps1:1536
at i, /Users/travis/build/pester/Pester/new-runtimepoc/p.psm1:43
at <ScriptBlock>, /Users/travis/build/pester/Pester/new-runtimepoc/Pester.Runtime.ts.ps1:55
at <ScriptBlock>, <No file>:1
at <ScriptBlock>, <No file>:1
[39;49m[39;49m
[39;49m[31m[39;49m[31m[-] - can run tests that have expandable variable in their name that changes values between discovery and run -> Expected $true but got 'False'.
at Verify-True, /Users/travis/build/pester/Pester/Dependencies/Axiom/Verify-True.ps1:8
at <ScriptBlock>, /Users/travis/build/pester/Pester/new-runtimepoc/Pester.Runtime.ts.ps1:1564
at t, /Users/travis/build/pester/Pester/new-runtimepoc/p.psm1:103
at <ScriptBlock>, /Users/travis/build/pester/Pester/new-runtimepoc/Pester.Runtime.ts.ps1:1553
at b, /Users/travis/build/pester/Pester/new-runtimepoc/p.psm1:77
at <ScriptBlock>, /Users/travis/build/pester/Pester/new-runtimepoc/Pester.Runtime.ts.ps1:1536
at i, /Users/travis/build/pester/Pester/new-runtimepoc/p.psm1:43
at <ScriptBlock>, /Users/travis/build/pester/Pester/new-runtimepoc/Pester.Runtime.ts.ps1:55
at <ScriptBlock>, <No file>:1
at <ScriptBlock>, <No file>:1
[39;49m[39;49m
[39;49m[31m[39;49m[31m[-] - can run blocks that have expandable variable in their name -> Expected $true but got 'False'.
at Verify-True, /Users/travis/build/pester/Pester/Dependencies/Axiom/Verify-True.ps1:8
at <ScriptBlock>, /Users/travis/build/pester/Pester/new-runtimepoc/Pester.Runtime.ts.ps1:1580
at t, /Users/travis/build/pester/Pester/new-runtimepoc/p.psm1:103
at <ScriptBlock>, /Users/travis/build/pester/Pester/new-runtimepoc/Pester.Runtime.ts.ps1:1567
at b, /Users/travis/build/pester/Pester/new-runtimepoc/p.psm1:77
at <ScriptBlock>, /Users/travis/build/pester/Pester/new-runtimepoc/Pester.Runtime.ts.ps1:1536
at i, /Users/travis/build/pester/Pester/new-runtimepoc/p.psm1:43
at <ScriptBlock>, /Users/travis/build/pester/Pester/new-runtimepoc/Pester.Runtime.ts.ps1:55
at <ScriptBlock>, <No file>:1
at <ScriptBlock>, <No file>:1
[39;49m[39;49m
[39;49m[31m[39;49m[31m[-] - can run blocks that have expandable variable in their name that changes value between discovery and run -> Expected $true but got 'False'.
at Verify-True, /Users/travis/build/pester/Pester/Dependencies/Axiom/Verify-True.ps1:8
at <ScriptBlock>, /Users/travis/build/pester/Pester/new-runtimepoc/Pester.Runtime.ts.ps1:1594
at t, /Users/travis/build/pester/Pester/new-runtimepoc/p.psm1:103
at <ScriptBlock>, /Users/travis/build/pester/Pester/new-runtimepoc/Pester.Runtime.ts.ps1:1583
at b, /Users/travis/build/pester/Pester/new-runtimepoc/p.psm1:77
at <ScriptBlock>, /Users/travis/build/pester/Pester/new-runtimepoc/Pester.Runtime.ts.ps1:1536
at i, /Users/travis/build/pester/Pester/new-runtimepoc/p.psm1:43
at <ScriptBlock>, /Users/travis/build/pester/Pester/new-runtimepoc/Pester.Runtime.ts.ps1:55
at <ScriptBlock>, <No file>:1
at <ScriptBlock>, <No file>:1
[39;49m[39;49m
[39;49m[36m[39;49m[36m| - expanding values in names of parametrized tests[39;49m[39;49m
[39;49m[32m[39;49m[32m[+] - strings expand in the name[39;49m[39;49m
[39;49m[36m[39;49m[36m| - timing[39;49m[39;49m
[39;49m[39;49mReported test duration 14.526[39;49m[39;49m
[39;49m[39;49mReported test overhead 14.787[39;49m[39;49m
[39;49m[39;49mReported test total 29.313[39;49m[39;49m
[39;49m[39;49mReported block duration 15.166[39;49m[39;49m
[39;49m[39;49mReported block overhead 35.447[39;49m[39;49m
[39;49m[39;49mReported block total 50.613[39;49m[39;49m
[39;49m[39;49mReported total duration 15.166[39;49m[39;49m
[39;49m[39;49mReported total overhead 41.565[39;49m[39;49m
[39;49m[39;49mReported total 68.408[39;49m[39;49m
[39;49m[39;49mMeasured total 74.43[39;49m[39;49m
[39;49m[39;49mTotal difference 6.022[39;49m[39;49m
[39;49m[32m[39;49m[32m[+] - total time is roughly the same as time measured externally[39;49m[39;49m
[39;49m[39;49mReported test duration 0[39;49m[39;49m
[39;49m[39;49mReported test overhead 3.017[39;49m[39;49m
[39;49m[39;49mReported test total 3.017[39;49m[39;49m
[39;49m[39;49mReported block duration 0 ms[39;49m[39;49m
[39;49m[39;49mReported block overhead 0 ms[39;49m[39;49m
[39;49m[39;49mReported block total 0 ms[39;49m[39;49m
[39;49m[39;49mReported total duration 0 ms[39;49m[39;49m
[39;49m[39;49mReported total overhead 8.652 ms[39;49m[39;49m
[39;49m[39;49mReported total 29.886 ms[39;49m[39;49m
[39;49m[39;49mMeasured total 38.418 ms[39;49m[39;49m
[39;49m[39;49mTotal difference 8.532 ms[39;49m[39;49m
[39;49m[32m[39;49m[32m[+] - total time is roughly the same as time measured externally (measured on a second test)[39;49m[39;49m
[39;49m[39;49mTest count 100[39;49m[39;49m
[39;49m[39;49mPer test 9 ms[39;49m[39;49m
[39;49m[39;49mPer test without discovery 5 ms[39;49m[39;49m
[39;49m[39;49mReported discovery duration 430.12 ms[39;49m[39;49m
[39;49m[39;49mReported total duration 97.452 ms[39;49m[39;49m
[39;49m[39;49mReported total overhead 393.685 ms[39;49m[39;49m
[39;49m[39;49mReported total 921.257 ms[39;49m[39;49m
[39;49m[39;49mMeasured total 944.636 ms[39;49m[39;49m
[39;49m[39;49mTotal difference 23.379 ms[39;49m[39;49m
[39;49m[32m[39;49m[32m[+] - total time is roughly the same as time measured externally (on many tests)[39;49m[39;49m
[39;49m[36m[39;49m[36m| - Setup and Teardown on root block[39;49m[39;49m
[39;49m[32m[39;49m[32m[+] - OneTimeTestSetup is invoked when placed in the script root[39;49m[39;49m
[39;49m[32m[39;49m[32m
passed 51, [39;49m[39;49m[39;49m[31m[39;49m[31mfailed 32, [39;49m[39;49m[39;49m[37m[39;49m[37mtotal 83[39;49m[39;49m
travis_time:end:02bc8a38:start=1563848313868739000,finish=1563848337651031000,duration=23782292000[0K[31;1mThe command "pwsh -c 'Set-StrictMode -Version Latest; $r = Get-ChildItem *.ts.ps1 -Recurse | foreach { & $_.FullName -PassThru } ; if ([bool]($r | Where-Object { $_.Failed -gt 0 })) { exit 1 }; $global:PesterDebugPreference_ShowFullErrors = $true ;Import-Module ./Pester.psd1; Invoke-Pester -ExcludeTag VersionChecks, StyleRules, Help -ExcludePath '*/demo/*' -CI'" exited with 1.[0m



Done. Your build exited with 1.
