travis_fold:start:worker_info[0K[33;1mWorker information[0m
hostname: ed8ff43e-2b4e-48f3-ba89-815b13329b80@1.worker-org-7f6cdc984-kkkjp.macstadium-prod-1
version: v6.2.0 https://github.com/travis-ci/worker/tree/5e5476e01646095f48eec13196fdb3faf8f5cbf7
instance: d948c7ed-84cb-4cb4-ad16-cfcbbff559fd travis-ci-macos10.12-xcode9.1-1509557921 (via amqp)
startup: 1m2.552817748s
travis_fold:end:worker_info[0Ktravis_fold:start:system_info[0K[33;1mBuild system information[0m
Build language: generic
Build id: 571956551
Job id: 571956552
Runtime kernel version: 16.7.0
travis-build version: 95d02c42e
[34m[1mBuild image provisioning date and time[0m
Mon Nov  6 16:56:31 GMT 2017
[34m[1mOperating System Details[0m
ProductName:	Mac OS X
ProductVersion:	10.12.6
BuildVersion:	16G29
[34m[1mDarwin Version[0m
16.7.0
[34m[1mGit version[0m
git version 2.15.0
[34m[1mbash version[0m
GNU bash, version 3.2.57(1)-release (x86_64-apple-darwin16)
Copyright (C) 2007 Free Software Foundation, Inc.
[34m[1mGCC version[0m
Apple LLVM version 9.0.0 (clang-900.0.38)
Target: x86_64-apple-darwin16.7.0
Thread model: posix
InstalledDir: /Applications/Xcode.app/Contents/Developer/Toolchains/XcodeDefault.xctoolchain/usr/bin
[34m[1mLLVM version[0m
Apple LLVM version 9.0.0 (clang-900.0.38)
Target: x86_64-apple-darwin16.7.0
Thread model: posix
InstalledDir: /Applications/Xcode.app/Contents/Developer/Toolchains/XcodeDefault.xctoolchain/usr/bin
[34m[1mPre-installed Ruby versions[0m
ruby-2.3.5
ruby-2.4.2
[34m[1mPre-installed Node.js versions[0m
iojs-v3.3
iojs-v3.3.1
v0.10.48
v0.12.17
v0.12.18
v0.8.28
v4.8.3
v4.8.4
v4.8.5
v5.12.0
v6.11.0
v6.11.3
v6.11.5
v6.9.1
[34m[1mmvn -version[0m
Apache Maven 3.5.2 (138edd61fd100ec658bfa2d307c43b76940a5d7d; 2017-10-18T07:58:13Z)
Maven home: /usr/local/Cellar/maven/3.5.2/libexec
Java version: 1.8.0_112, vendor: Oracle Corporation
Java home: /Library/Java/JavaVirtualMachines/jdk1.8.0_112.jdk/Contents/Home/jre
Default locale: en_US, platform encoding: UTF-8
OS name: "mac os x", version: "10.12.6", arch: "x86_64", family: "mac"
travis_fold:end:system_info[0K
Uninstalled oclint to prevent interference with other packages.
If you need oclint, you must explicitly install it.


travis_fold:start:git.checkout[0Ktravis_time:start:16ed1118[0K$ git clone --depth=50 https://github.com/pester/Pester.git pester/Pester
Cloning into 'pester/Pester'...
remote: Enumerating objects: 679, done.[K
remote: Counting objects:   0% (1/679)[Kremote: Counting objects:   1% (7/679)[Kremote: Counting objects:   2% (14/679)[Kremote: Counting objects:   3% (21/679)[Kremote: Counting objects:   4% (28/679)[Kremote: Counting objects:   5% (34/679)[Kremote: Counting objects:   6% (41/679)[Kremote: Counting objects:   7% (48/679)[Kremote: Counting objects:   8% (55/679)[Kremote: Counting objects:   9% (62/679)[Kremote: Counting objects:  10% (68/679)[Kremote: Counting objects:  11% (75/679)[Kremote: Counting objects:  12% (82/679)[Kremote: Counting objects:  13% (89/679)[Kremote: Counting objects:  14% (96/679)[Kremote: Counting objects:  15% (102/679)[Kremote: Counting objects:  16% (109/679)[Kremote: Counting objects:  17% (116/679)[Kremote: Counting objects:  18% (123/679)[Kremote: Counting objects:  19% (130/679)[Kremote: Counting objects:  20% (136/679)[Kremote: Counting objects:  21% (143/679)[Kremote: Counting objects:  22% (150/679)[Kremote: Counting objects:  23% (157/679)[Kremote: Counting objects:  24% (163/679)[Kremote: Counting objects:  25% (170/679)[Kremote: Counting objects:  26% (177/679)[Kremote: Counting objects:  27% (184/679)[Kremote: Counting objects:  28% (191/679)[Kremote: Counting objects:  29% (197/679)[Kremote: Counting objects:  30% (204/679)[Kremote: Counting objects:  31% (211/679)[Kremote: Counting objects:  32% (218/679)[Kremote: Counting objects:  33% (225/679)[Kremote: Counting objects:  34% (231/679)[Kremote: Counting objects:  35% (238/679)[Kremote: Counting objects:  36% (245/679)[Kremote: Counting objects:  37% (252/679)[Kremote: Counting objects:  38% (259/679)[Kremote: Counting objects:  39% (265/679)[Kremote: Counting objects:  40% (272/679)[Kremote: Counting objects:  41% (279/679)[Kremote: Counting objects:  42% (286/679)[Kremote: Counting objects:  43% (292/679)[Kremote: Counting objects:  44% (299/679)[Kremote: Counting objects:  45% (306/679)[Kremote: Counting objects:  46% (313/679)[Kremote: Counting objects:  47% (320/679)[Kremote: Counting objects:  48% (326/679)[Kremote: Counting objects:  49% (333/679)[Kremote: Counting objects:  50% (340/679)[Kremote: Counting objects:  51% (347/679)[Kremote: Counting objects:  52% (354/679)[Kremote: Counting objects:  53% (360/679)[Kremote: Counting objects:  54% (367/679)[Kremote: Counting objects:  55% (374/679)[Kremote: Counting objects:  56% (381/679)[Kremote: Counting objects:  57% (388/679)[Kremote: Counting objects:  58% (394/679)[Kremote: Counting objects:  59% (401/679)[Kremote: Counting objects:  60% (408/679)[Kremote: Counting objects:  61% (415/679)[Kremote: Counting objects:  62% (421/679)[Kremote: Counting objects:  63% (428/679)[Kremote: Counting objects:  64% (435/679)[Kremote: Counting objects:  65% (442/679)[Kremote: Counting objects:  66% (449/679)[Kremote: Counting objects:  67% (455/679)[Kremote: Counting objects:  68% (462/679)[Kremote: Counting objects:  69% (469/679)[Kremote: Counting objects:  70% (476/679)[Kremote: Counting objects:  71% (483/679)[Kremote: Counting objects:  72% (489/679)[Kremote: Counting objects:  73% (496/679)[Kremote: Counting objects:  74% (503/679)[Kremote: Counting objects:  75% (510/679)[Kremote: Counting objects:  76% (517/679)[Kremote: Counting objects:  77% (523/679)[Kremote: Counting objects:  78% (530/679)[Kremote: Counting objects:  79% (537/679)[Kremote: Counting objects:  80% (544/679)[Kremote: Counting objects:  81% (550/679)[Kremote: Counting objects:  82% (557/679)[Kremote: Counting objects:  83% (564/679)[Kremote: Counting objects:  84% (571/679)[Kremote: Counting objects:  85% (578/679)[Kremote: Counting objects:  86% (584/679)[Kremote: Counting objects:  87% (591/679)[Kremote: Counting objects:  88% (598/679)[Kremote: Counting objects:  89% (605/679)[Kremote: Counting objects:  90% (612/679)[Kremote: Counting objects:  91% (618/679)[Kremote: Counting objects:  92% (625/679)[Kremote: Counting objects:  93% (632/679)[Kremote: Counting objects:  94% (639/679)[Kremote: Counting objects:  95% (646/679)[Kremote: Counting objects:  96% (652/679)[Kremote: Counting objects:  97% (659/679)[Kremote: Counting objects:  98% (666/679)[Kremote: Counting objects:  99% (673/679)[Kremote: Counting objects: 100% (679/679)[Kremote: Counting objects: 100% (679/679), done.[K
remote: Compressing objects:   0% (1/372)[Kremote: Compressing objects:   1% (4/372)[Kremote: Compressing objects:   2% (8/372)[Kremote: Compressing objects:   3% (12/372)[Kremote: Compressing objects:   4% (15/372)[Kremote: Compressing objects:   5% (19/372)[Kremote: Compressing objects:   6% (23/372)[Kremote: Compressing objects:   7% (27/372)[Kremote: Compressing objects:   8% (30/372)[Kremote: Compressing objects:   9% (34/372)[Kremote: Compressing objects:  10% (38/372)[Kremote: Compressing objects:  11% (41/372)[Kremote: Compressing objects:  12% (45/372)[Kremote: Compressing objects:  13% (49/372)[Kremote: Compressing objects:  14% (53/372)[Kremote: Compressing objects:  15% (56/372)[Kremote: Compressing objects:  16% (60/372)[Kremote: Compressing objects:  17% (64/372)[Kremote: Compressing objects:  18% (67/372)[Kremote: Compressing objects:  19% (71/372)[Kremote: Compressing objects:  20% (75/372)[Kremote: Compressing objects:  21% (79/372)[Kremote: Compressing objects:  22% (82/372)[Kremote: Compressing objects:  23% (86/372)[Kremote: Compressing objects:  24% (90/372)[Kremote: Compressing objects:  25% (93/372)[Kremote: Compressing objects:  26% (97/372)[Kremote: Compressing objects:  27% (101/372)[Kremote: Compressing objects:  28% (105/372)[Kremote: Compressing objects:  29% (108/372)[Kremote: Compressing objects:  30% (112/372)[Kremote: Compressing objects:  31% (116/372)[Kremote: Compressing objects:  32% (120/372)[Kremote: Compressing objects:  33% (123/372)[Kremote: Compressing objects:  34% (127/372)[Kremote: Compressing objects:  35% (131/372)[Kremote: Compressing objects:  36% (134/372)[Kremote: Compressing objects:  37% (138/372)[Kremote: Compressing objects:  38% (142/372)[Kremote: Compressing objects:  39% (146/372)[Kremote: Compressing objects:  40% (149/372)[Kremote: Compressing objects:  41% (153/372)[Kremote: Compressing objects:  42% (157/372)[Kremote: Compressing objects:  43% (160/372)[Kremote: Compressing objects:  44% (164/372)[Kremote: Compressing objects:  45% (168/372)[Kremote: Compressing objects:  46% (172/372)[Kremote: Compressing objects:  47% (175/372)[Kremote: Compressing objects:  48% (179/372)[Kremote: Compressing objects:  49% (183/372)[Kremote: Compressing objects:  50% (186/372)[Kremote: Compressing objects:  51% (190/372)[Kremote: Compressing objects:  52% (194/372)[Kremote: Compressing objects:  53% (198/372)[Kremote: Compressing objects:  54% (201/372)[Kremote: Compressing objects:  55% (205/372)[Kremote: Compressing objects:  56% (209/372)[Kremote: Compressing objects:  57% (213/372)[Kremote: Compressing objects:  58% (216/372)[Kremote: Compressing objects:  59% (220/372)[Kremote: Compressing objects:  60% (224/372)[Kremote: Compressing objects:  61% (227/372)[Kremote: Compressing objects:  62% (231/372)[Kremote: Compressing objects:  63% (235/372)[Kremote: Compressing objects:  64% (239/372)[Kremote: Compressing objects:  65% (242/372)[Kremote: Compressing objects:  66% (246/372)[Kremote: Compressing objects:  67% (250/372)[Kremote: Compressing objects:  68% (253/372)[Kremote: Compressing objects:  69% (257/372)[Kremote: Compressing objects:  70% (261/372)[Kremote: Compressing objects:  71% (265/372)[Kremote: Compressing objects:  72% (268/372)[Kremote: Compressing objects:  73% (272/372)[Kremote: Compressing objects:  74% (276/372)[Kremote: Compressing objects:  75% (279/372)[Kremote: Compressing objects:  76% (283/372)[Kremote: Compressing objects:  77% (287/372)[Kremote: Compressing objects:  78% (291/372)[Kremote: Compressing objects:  79% (294/372)[Kremote: Compressing objects:  80% (298/372)[Kremote: Compressing objects:  81% (302/372)[Kremote: Compressing objects:  82% (306/372)[Kremote: Compressing objects:  83% (309/372)[Kremote: Compressing objects:  84% (313/372)[Kremote: Compressing objects:  85% (317/372)[Kremote: Compressing objects:  86% (320/372)[Kremote: Compressing objects:  87% (324/372)[Kremote: Compressing objects:  88% (328/372)[Kremote: Compressing objects:  89% (332/372)[Kremote: Compressing objects:  90% (335/372)[Kremote: Compressing objects:  91% (339/372)[Kremote: Compressing objects:  92% (343/372)[Kremote: Compressing objects:  93% (346/372)[Kremote: Compressing objects:  94% (350/372)[Kremote: Compressing objects:  95% (354/372)[Kremote: Compressing objects:  96% (358/372)[Kremote: Compressing objects:  97% (361/372)[Kremote: Compressing objects:  98% (365/372)[Kremote: Compressing objects:  99% (369/372)[Kremote: Compressing objects: 100% (372/372)[Kremote: Compressing objects: 100% (372/372), done.[K
Receiving objects:   0% (1/679)   Receiving objects:   1% (7/679)   Receiving objects:   2% (14/679)   Receiving objects:   3% (21/679)   Receiving objects:   4% (28/679)   Receiving objects:   5% (34/679)   Receiving objects:   6% (41/679)   Receiving objects:   7% (48/679)   Receiving objects:   8% (55/679)   Receiving objects:   9% (62/679)   Receiving objects:  10% (68/679)   Receiving objects:  11% (75/679)   Receiving objects:  12% (82/679)   Receiving objects:  13% (89/679)   Receiving objects:  14% (96/679)   Receiving objects:  15% (102/679)   Receiving objects:  16% (109/679)   Receiving objects:  17% (116/679)   Receiving objects:  18% (123/679)   Receiving objects:  19% (130/679)   Receiving objects:  20% (136/679)   Receiving objects:  21% (143/679)   Receiving objects:  22% (150/679)   Receiving objects:  23% (157/679)   Receiving objects:  24% (163/679)   Receiving objects:  25% (170/679)   Receiving objects:  26% (177/679)   Receiving objects:  27% (184/679)   Receiving objects:  28% (191/679)   Receiving objects:  29% (197/679)   Receiving objects:  30% (204/679)   Receiving objects:  31% (211/679)   Receiving objects:  32% (218/679)   Receiving objects:  33% (225/679)   Receiving objects:  34% (231/679)   Receiving objects:  35% (238/679)   Receiving objects:  36% (245/679)   Receiving objects:  37% (252/679)   Receiving objects:  38% (259/679)   Receiving objects:  39% (265/679)   Receiving objects:  40% (272/679)   Receiving objects:  41% (279/679)   Receiving objects:  42% (286/679)   Receiving objects:  43% (292/679)   Receiving objects:  44% (299/679)   Receiving objects:  45% (306/679)   Receiving objects:  46% (313/679)   Receiving objects:  47% (320/679)   Receiving objects:  48% (326/679)   Receiving objects:  49% (333/679)   Receiving objects:  50% (340/679)   Receiving objects:  51% (347/679)   Receiving objects:  52% (354/679)   Receiving objects:  53% (360/679)   Receiving objects:  54% (367/679)   Receiving objects:  55% (374/679)   Receiving objects:  56% (381/679)   Receiving objects:  57% (388/679)   Receiving objects:  58% (394/679)   Receiving objects:  59% (401/679)   Receiving objects:  60% (408/679)   Receiving objects:  61% (415/679)   Receiving objects:  62% (421/679)   Receiving objects:  63% (428/679)   Receiving objects:  64% (435/679)   Receiving objects:  65% (442/679)   Receiving objects:  66% (449/679)   Receiving objects:  67% (455/679)   Receiving objects:  68% (462/679)   Receiving objects:  69% (469/679)   Receiving objects:  70% (476/679)   Receiving objects:  71% (483/679)   Receiving objects:  72% (489/679)   Receiving objects:  73% (496/679)   Receiving objects:  74% (503/679)   Receiving objects:  75% (510/679)   Receiving objects:  76% (517/679)   Receiving objects:  77% (523/679)   Receiving objects:  78% (530/679)   Receiving objects:  79% (537/679)   Receiving objects:  80% (544/679)   Receiving objects:  81% (550/679)   Receiving objects:  82% (557/679)   Receiving objects:  83% (564/679)   Receiving objects:  84% (571/679)   Receiving objects:  85% (578/679)   Receiving objects:  86% (584/679)   Receiving objects:  87% (591/679)   Receiving objects:  88% (598/679)   Receiving objects:  89% (605/679)   Receiving objects:  90% (612/679)   Receiving objects:  91% (618/679)   Receiving objects:  92% (625/679)   remote: Total 679 (delta 374), reused 490 (delta 298), pack-reused 0[K
Receiving objects:  93% (632/679)   Receiving objects:  94% (639/679)   Receiving objects:  95% (646/679)   Receiving objects:  96% (652/679)   Receiving objects:  97% (659/679)   Receiving objects:  98% (666/679)   Receiving objects:  99% (673/679)   Receiving objects: 100% (679/679)   Receiving objects: 100% (679/679), 4.21 MiB | 11.44 MiB/s, done.
Resolving deltas:   0% (0/374)   Resolving deltas:  21% (81/374)   Resolving deltas:  22% (83/374)   Resolving deltas:  23% (88/374)   Resolving deltas:  24% (93/374)   Resolving deltas:  25% (94/374)   Resolving deltas:  26% (99/374)   Resolving deltas:  27% (101/374)   Resolving deltas:  29% (109/374)   Resolving deltas:  30% (113/374)   Resolving deltas:  31% (116/374)   Resolving deltas:  32% (120/374)   Resolving deltas:  33% (124/374)   Resolving deltas:  35% (132/374)   Resolving deltas:  36% (137/374)   Resolving deltas:  37% (142/374)   Resolving deltas:  38% (144/374)   Resolving deltas:  39% (149/374)   Resolving deltas:  40% (150/374)   Resolving deltas:  41% (155/374)   Resolving deltas:  42% (158/374)   Resolving deltas:  43% (162/374)   Resolving deltas:  44% (165/374)   Resolving deltas:  45% (169/374)   Resolving deltas:  46% (173/374)   Resolving deltas:  47% (176/374)   Resolving deltas:  48% (182/374)   Resolving deltas:  50% (190/374)   Resolving deltas:  51% (191/374)   Resolving deltas:  52% (196/374)   Resolving deltas:  53% (200/374)   Resolving deltas:  54% (202/374)   Resolving deltas:  55% (206/374)   Resolving deltas:  56% (210/374)   Resolving deltas:  57% (214/374)   Resolving deltas:  58% (217/374)   Resolving deltas:  59% (221/374)   Resolving deltas:  63% (237/374)   Resolving deltas:  64% (240/374)   Resolving deltas:  66% (247/374)   Resolving deltas:  67% (252/374)   Resolving deltas:  69% (259/374)   Resolving deltas:  70% (262/374)   Resolving deltas:  71% (266/374)   Resolving deltas:  72% (272/374)   Resolving deltas:  73% (275/374)   Resolving deltas:  74% (277/374)   Resolving deltas:  75% (282/374)   Resolving deltas:  79% (296/374)   Resolving deltas:  89% (335/374)   Resolving deltas:  90% (337/374)   Resolving deltas:  92% (346/374)   Resolving deltas:  93% (349/374)   Resolving deltas:  94% (352/374)   Resolving deltas:  95% (357/374)   Resolving deltas:  96% (360/374)   Resolving deltas:  97% (366/374)   Resolving deltas:  98% (367/374)   Resolving deltas:  99% (373/374)   Resolving deltas: 100% (374/374)   Resolving deltas: 100% (374/374), done.
travis_time:end:16ed1118:start=1565806372433763000,finish=1565806373566022000,duration=1132259000[0K$ cd pester/Pester
travis_time:start:0c2f21a0[0K$ git fetch origin +refs/pull/1347/merge:
remote: Enumerating objects: 48, done.[K
remote: Counting objects:   2% (1/36)[Kremote: Counting objects:   5% (2/36)[Kremote: Counting objects:   8% (3/36)[Kremote: Counting objects:  11% (4/36)[Kremote: Counting objects:  13% (5/36)[Kremote: Counting objects:  16% (6/36)[Kremote: Counting objects:  19% (7/36)[Kremote: Counting objects:  22% (8/36)[Kremote: Counting objects:  25% (9/36)[Kremote: Counting objects:  27% (10/36)[Kremote: Counting objects:  30% (11/36)[Kremote: Counting objects:  33% (12/36)[Kremote: Counting objects:  36% (13/36)[Kremote: Counting objects:  38% (14/36)[Kremote: Counting objects:  41% (15/36)[Kremote: Counting objects:  44% (16/36)[Kremote: Counting objects:  47% (17/36)[Kremote: Counting objects:  50% (18/36)[Kremote: Counting objects:  52% (19/36)[Kremote: Counting objects:  55% (20/36)[Kremote: Counting objects:  58% (21/36)[Kremote: Counting objects:  61% (22/36)[Kremote: Counting objects:  63% (23/36)[Kremote: Counting objects:  66% (24/36)[Kremote: Counting objects:  69% (25/36)[Kremote: Counting objects:  72% (26/36)[Kremote: Counting objects:  75% (27/36)[Kremote: Counting objects:  77% (28/36)[Kremote: Counting objects:  80% (29/36)[Kremote: Counting objects:  83% (30/36)[Kremote: Counting objects:  86% (31/36)[Kremote: Counting objects:  88% (32/36)[Kremote: Counting objects:  91% (33/36)[Kremote: Counting objects:  94% (34/36)[Kremote: Counting objects:  97% (35/36)[Kremote: Counting objects: 100% (36/36)[Kremote: Counting objects: 100% (36/36), done.[K
remote: Compressing objects:  14% (1/7)[Kremote: Compressing objects:  28% (2/7)[Kremote: Compressing objects:  42% (3/7)[Kremote: Compressing objects:  57% (4/7)[Kremote: Compressing objects:  71% (5/7)[Kremote: Compressing objects:  85% (6/7)[Kremote: Compressing objects: 100% (7/7)[Kremote: Compressing objects: 100% (7/7), done.[K
remote: Total 12 (delta 8), reused 8 (delta 5), pack-reused 0[K
Unpacking objects:   8% (1/12)   Unpacking objects:  16% (2/12)   Unpacking objects:  25% (3/12)   Unpacking objects:  33% (4/12)   Unpacking objects:  41% (5/12)   Unpacking objects:  50% (6/12)   Unpacking objects:  58% (7/12)   Unpacking objects:  66% (8/12)   Unpacking objects:  75% (9/12)   Unpacking objects:  83% (10/12)   Unpacking objects:  91% (11/12)   Unpacking objects: 100% (12/12)   Unpacking objects: 100% (12/12), done.
From https://github.com/pester/Pester
 * branch            refs/pull/1347/merge -> FETCH_HEAD
travis_time:end:0c2f21a0:start=1565806373609097000,finish=1565806373970793000,duration=361696000[0K$ git checkout -qf FETCH_HEAD
travis_fold:end:git.checkout[0K
$ bash -c 'echo $BASH_VERSION'
3.2.57(1)-release

travis_fold:start:before_install[0Ktravis_time:start:0081467d[0K$ brew cask install powershell
[34m==>[0m [1mCaveats[0m
A OpenSSL-backed libcurl is required for custom handling of certificates.
This is rarely needed, but you can install it with
  brew install curl --with-openssl
See https://github.com/PowerShell/PowerShell/issues/2211

[34m==>[0m [1mSatisfying dependencies[0m
All Formula dependencies satisfied.
[34m==>[0m [1mDownloading https://github.com/PowerShell/PowerShell/releases/download/v6.0.0-beta.9/powershell-6.0.0-beta.9-osx.10.12-x64.pkg[0m
[34m==>[0m [1mVerifying checksum for Cask powershell[0m
[32m==>[0m [1mInstalling Cask powershell[0m
[34m==>[0m [1mRunning installer for powershell; your password may be necessary.[0m
[34m==>[0m [1mPackage installers may write to any location; options such as --appdir are ignored.[0m
[34m==>[0m [1minstaller: Package name is powershell-6.0.0-beta.9-osx.10.12-x64[0m
[34m==>[0m [1minstaller: Installing at base path /[0m
[34m==>[0m [1minstaller: The install was successful.[0m
üç∫  powershell was successfully installed!
travis_time:end:0081467d:start=1565806374128461000,finish=1565806385162844000,duration=11034383000[0Ktravis_fold:end:before_install[0Ktravis_time:start:27c0705c[0K$ pwsh -c 'Set-StrictMode -Version Latest; $global:PesterDebugPreference_ShowFullErrors = $true ;Import-Module ./Pester.psd1; Invoke-Pester -ExcludeTag VersionChecks, StyleRules, Help -EnableExit'
[?1h=[39;49m[37m[39;49m[37m    ____            __
   / __ \___  _____/ /____  _____
  / /_/ / _ \/ ___/ __/ _ \/ ___/
 / ____/  __(__  ) /_/  __/ /
/_/    \___/____/\__/\___/_/
Pester v4.8.1
Executing all tests in '.'[39;49m[39;49m

[39;49m[32m[39;49m[32mExecuting script /Users/travis/build/pester/Pester/Dependencies/Format/Format.Tests.ps1[39;49m[39;49m

[39;49m[32m[39;49m[32m  Describing Format-Collection[39;49m[39;49m
[39;49m[32m[39;49m[32m    [+] Formats collection of values '@(1, 2, 3)' to '@(1, 2, 3)' using comma separator[39;49m[39;49m[39;49m[30m[39;49m[30m 43ms[39;49m[39;49m

[39;49m[32m[39;49m[32m  Describing Format-Number[39;49m[39;49m
[39;49m[32m[39;49m[32m    [+] Formats number to use . separator (tests anything only on non-english systems --todo)[39;49m[39;49m[39;49m[30m[39;49m[30m 4ms[39;49m[39;49m
[39;49m[32m[39;49m[32m    [+] Formats number to use . separator (tests anything only on non-english systems --todo)[39;49m[39;49m[39;49m[30m[39;49m[30m 2ms[39;49m[39;49m
[39;49m[32m[39;49m[32m    [+] Formats number to use . separator (tests anything only on non-english systems --todo)[39;49m[39;49m[39;49m[30m[39;49m[30m 4ms[39;49m[39;49m
[39;49m[32m[39;49m[32m    [+] Formats number to use . separator (tests anything only on non-english systems --todo)[39;49m[39;49m[39;49m[30m[39;49m[30m 2ms[39;49m[39;49m
[39;49m[32m[39;49m[32m    [+] Formats number to use . separator (tests anything only on non-english systems --todo)[39;49m[39;49m[39;49m[30m[39;49m[30m 5ms[39;49m[39;49m

[39;49m[32m[39;49m[32m  Describing Format-Boolean[39;49m[39;49m
[39;49m[32m[39;49m[32m    [+] Formats boolean '$true' to '$true'[39;49m[39;49m[39;49m[30m[39;49m[30m 3ms[39;49m[39;49m
[39;49m[32m[39;49m[32m    [+] Formats boolean '$false' to '$false'[39;49m[39;49m[39;49m[30m[39;49m[30m 2ms[39;49m[39;49m

[39;49m[32m[39;49m[32m  Describing Format-Null[39;49m[39;49m
[39;49m[32m[39;49m[32m    [+] Formats null to '$null'[39;49m[39;49m[39;49m[30m[39;49m[30m 3ms[39;49m[39;49m

[39;49m[32m[39;49m[32m  Describing Format-String[39;49m[39;49m
[39;49m[32m[39;49m[32m    [+] Formats empty string to '<empty>'[39;49m[39;49m[39;49m[30m[39;49m[30m 7ms[39;49m[39;49m
[39;49m[32m[39;49m[32m    [+] Formats string to be sorrounded by quotes[39;49m[39;49m[39;49m[30m[39;49m[30m 3ms[39;49m[39;49m

[39;49m[32m[39;49m[32m  Describing Format-DateTime[39;49m[39;49m
[39;49m[32m[39;49m[32m    [+] Formats date to orderable format with ticks[39;49m[39;49m[39;49m[30m[39;49m[30m 18ms[39;49m[39;49m

[39;49m[32m[39;49m[32m  Describing Format-ScriptBlock[39;49m[39;49m
[39;49m[32m[39;49m[32m    [+] Formats scriptblock as string with curly braces[39;49m[39;49m[39;49m[30m[39;49m[30m 5ms[39;49m[39;49m

[39;49m[32m[39;49m[32m  Describing Format-Nicely[39;49m[39;49m
[39;49m[32m[39;49m[32m    [+] Formats value '$null' correctly to '$null'[39;49m[39;49m[39;49m[30m[39;49m[30m 3ms[39;49m[39;49m
[39;49m[32m[39;49m[32m    [+] Formats value '$true' correctly to '$true'[39;49m[39;49m[39;49m[30m[39;49m[30m 2ms[39;49m[39;49m
[39;49m[32m[39;49m[32m    [+] Formats value '$false' correctly to '$false'[39;49m[39;49m[39;49m[30m[39;49m[30m 2ms[39;49m[39;49m
[39;49m[32m[39;49m[32m    [+] Formats value 'a' correctly to ''a''[39;49m[39;49m[39;49m[30m[39;49m[30m 5ms[39;49m[39;49m
[39;49m[32m[39;49m[32m    [+] Formats value '<empty>' correctly to '<empty>'[39;49m[39;49m[39;49m[30m[39;49m[30m 2ms[39;49m[39;49m
[39;49m[32m[39;49m[32m    [+] Formats value '2018-02-18T17:35:41.8385266' correctly to '2018-02-18T17:35:41.8385266'[39;49m[39;49m[39;49m[30m[39;49m[30m 2ms[39;49m[39;49m
[39;49m[32m[39;49m[32m    [+] Formats value '1' correctly to '1'[39;49m[39;49m[39;49m[30m[39;49m[30m 5ms[39;49m[39;49m
[39;49m[32m[39;49m[32m    [+] Formats value '@(1, 2, 3)' correctly to '@(1, 2, 3)'[39;49m[39;49m[39;49m[30m[39;49m[30m 8ms[39;49m[39;49m
[39;49m[32m[39;49m[32m    [+] Formats value '1.1' correctly to '1.1'[39;49m[39;49m[39;49m[30m[39;49m[30m 2ms[39;49m[39;49m
[39;49m[32m[39;49m[32m    [+] Formats value '[int]' correctly to '[int]'[39;49m[39;49m[39;49m[30m[39;49m[30m 10ms[39;49m[39;49m

[39;49m[32m[39;49m[32m  Describing Format-Type[39;49m[39;49m
[39;49m[32m[39;49m[32m    [+] Given '[int]' it returns the correct shortened type name 'int'[39;49m[39;49m[39;49m[30m[39;49m[30m 2ms[39;49m[39;49m
[39;49m[32m[39;49m[32m    [+] Given '[double]' it returns the correct shortened type name 'double'[39;49m[39;49m[39;49m[30m[39;49m[30m 2ms[39;49m[39;49m
[39;49m[32m[39;49m[32m    [+] Given '[string]' it returns the correct shortened type name 'string'[39;49m[39;49m[39;49m[30m[39;49m[30m 2ms[39;49m[39;49m
[39;49m[32m[39;49m[32m    [+] Given '$null' it returns the correct shortened type name '<none>'[39;49m[39;49m[39;49m[30m[39;49m[30m 6ms[39;49m[39;49m

[39;49m[32m[39;49m[32m  Describing Get-ShortType[39;49m[39;49m
[39;49m[32m[39;49m[32m    [+] Given '1' it returns the correct shortened type name 'int'[39;49m[39;49m[39;49m[30m[39;49m[30m 7ms[39;49m[39;49m
[39;49m[32m[39;49m[32m    [+] Given '1.1' it returns the correct shortened type name 'double'[39;49m[39;49m[39;49m[30m[39;49m[30m 4ms[39;49m[39;49m
[39;49m[32m[39;49m[32m    [+] Given 'a' it returns the correct shortened type name 'string'[39;49m[39;49m[39;49m[30m[39;49m[30m 4ms[39;49m[39;49m
[39;49m[32m[39;49m[32m    [+] Given '$null' it returns the correct shortened type name '<none>'[39;49m[39;49m[39;49m[30m[39;49m[30m 2ms[39;49m[39;49m
[39;49m[32m[39;49m[32m    [+] Given '@{Name=Jakub}' it returns the correct shortened type name 'PSObject'[39;49m[39;49m[39;49m[30m[39;49m[30m 4ms[39;49m[39;49m
[39;49m[32m[39;49m[32m    [+] Given '@(1, 2, 3)' it returns the correct shortened type name 'collection'[39;49m[39;49m[39;49m[30m[39;49m[30m 18ms[39;49m[39;49m

[39;49m[32m[39;49m[32mExecuting script /Users/travis/build/pester/Pester/Dependencies/TypeClass/TypeClass.Tests.ps1[39;49m[39;49m

[39;49m[32m[39;49m[32m  Describing Is-Value[39;49m[39;49m
[39;49m[32m[39;49m[32m    [+] Given '1', which is a value, string, enum, scriptblock or array with a single item of those types it returns $true[39;49m[39;49m[39;49m[30m[39;49m[30m 6ms[39;49m[39;49m
[39;49m[32m[39;49m[32m    [+] Given '2', which is a value, string, enum, scriptblock or array with a single item of those types it returns $true[39;49m[39;49m[39;49m[30m[39;49m[30m 1ms[39;49m[39;49m
[39;49m[32m[39;49m[32m    [+] Given '1.2', which is a value, string, enum, scriptblock or array with a single item of those types it returns $true[39;49m[39;49m[39;49m[30m[39;49m[30m 2ms[39;49m[39;49m
[39;49m[32m[39;49m[32m    [+] Given '1.3', which is a value, string, enum, scriptblock or array with a single item of those types it returns $true[39;49m[39;49m[39;49m[30m[39;49m[30m 1ms[39;49m[39;49m
[39;49m[32m[39;49m[32m    [+] Given 'abc', which is a value, string, enum, scriptblock or array with a single item of those types it returns $true[39;49m[39;49m[39;49m[30m[39;49m[30m 1ms[39;49m[39;49m
[39;49m[32m[39;49m[32m    [+] Given 'Monday', which is a value, string, enum, scriptblock or array with a single item of those types it returns $true[39;49m[39;49m[39;49m[30m[39;49m[30m 1ms[39;49m[39;49m
[39;49m[32m[39;49m[32m    [+] Given 'abc', which is a value, string, enum, scriptblock or array with a single item of those types it returns $true[39;49m[39;49m[39;49m[30m[39;49m[30m 1ms[39;49m[39;49m
[39;49m[32m[39;49m[32m    [+] Given '1', which is a value, string, enum, scriptblock or array with a single item of those types it returns $true[39;49m[39;49m[39;49m[30m[39;49m[30m 1ms[39;49m[39;49m
[39;49m[32m[39;49m[32m    [+] Given '{abc}', which is a value, string, enum, scriptblock or array with a single item of those types it returns $true[39;49m[39;49m[39;49m[30m[39;49m[30m 2ms[39;49m[39;49m
[39;49m[32m[39;49m[32m    [+] Given $null it returns $false[39;49m[39;49m[39;49m[30m[39;49m[30m 3ms[39;49m[39;49m
[39;49m[32m[39;49m[32m    [+] Given reference type (not string) '@()' it returns $false[39;49m[39;49m[39;49m[30m[39;49m[30m 2ms[39;49m[39;49m
[39;49m[32m[39;49m[32m    [+] Given reference type (not string) '@(1, 2)' it returns $false[39;49m[39;49m[39;49m[30m[39;49m[30m 1ms[39;49m[39;49m
[39;49m[32m[39;49m[32m    [+] Given reference type (not string) 'System.Collections.Hashtable' it returns $false[39;49m[39;49m[39;49m[30m[39;49m[30m 1ms[39;49m[39;49m
[39;49m[32m[39;49m[32m    [+] Given reference type (not string) '[type]' it returns $false[39;49m[39;49m[39;49m[30m[39;49m[30m 8ms[39;49m[39;49m
[39;49m[32m[39;49m[32m    [+] Given reference type (not string) 'System.Diagnostics.Process' it returns $false[39;49m[39;49m[39;49m[30m[39;49m[30m 1ms[39;49m[39;49m

[39;49m[32m[39;49m[32m  Describing Is-DecimalNumber[39;49m[39;49m
[39;49m[32m[39;49m[32m    [+] Given a number it returns $true[39;49m[39;49m[39;49m[30m[39;49m[30m 2ms[39;49m[39;49m
[39;49m[32m[39;49m[32m    [+] Given a number it returns $true[39;49m[39;49m[39;49m[30m[39;49m[30m 1ms[39;49m[39;49m
[39;49m[32m[39;49m[32m    [+] Given a number it returns $true[39;49m[39;49m[39;49m[30m[39;49m[30m 1ms[39;49m[39;49m
[39;49m[32m[39;49m[32m    [+] Given a number it returns $true[39;49m[39;49m[39;49m[30m[39;49m[30m 1ms[39;49m[39;49m
[39;49m[32m[39;49m[32m    [+] Given a number it returns $true[39;49m[39;49m[39;49m[30m[39;49m[30m 1ms[39;49m[39;49m
[39;49m[32m[39;49m[32m    [+] Given a string it returns $false[39;49m[39;49m[39;49m[30m[39;49m[30m 2ms[39;49m[39;49m

[39;49m[32m[39;49m[32m  Describing Is-ScriptBlock[39;49m[39;49m
[39;49m[32m[39;49m[32m    [+] Given a scriptblock '{{}}' it returns $true[39;49m[39;49m[39;49m[30m[39;49m[30m 2ms[39;49m[39;49m
[39;49m[32m[39;49m[32m    [+] Given a scriptblock '{{abc}}' it returns $true[39;49m[39;49m[39;49m[30m[39;49m[30m 1ms[39;49m[39;49m
[39;49m[32m[39;49m[32m    [+] Given a scriptblock '{{ Get-Process }}' it returns $true[39;49m[39;49m[39;49m[30m[39;49m[30m 1ms[39;49m[39;49m
[39;49m[32m[39;49m[32m    [+] Given a value '$null' that is not a scriptblock it returns $false[39;49m[39;49m[39;49m[30m[39;49m[30m 2ms[39;49m[39;49m
[39;49m[32m[39;49m[32m    [+] Given a value '1' that is not a scriptblock it returns $false[39;49m[39;49m[39;49m[30m[39;49m[30m 1ms[39;49m[39;49m
[39;49m[32m[39;49m[32m    [+] Given a value 'abc' that is not a scriptblock it returns $false[39;49m[39;49m[39;49m[30m[39;49m[30m 1ms[39;49m[39;49m
[39;49m[32m[39;49m[32m    [+] Given a value '[type]' that is not a scriptblock it returns $false[39;49m[39;49m[39;49m[30m[39;49m[30m 1ms[39;49m[39;49m

[39;49m[32m[39;49m[32m  Describing Is-Hashtable[39;49m[39;49m
[39;49m[32m[39;49m[32m    [+] Given hashtable 'System.Collections.Hashtable' it returns $true[39;49m[39;49m[39;49m[30m[39;49m[30m 3ms[39;49m[39;49m
[39;49m[32m[39;49m[32m    [+] Given hashtable 'System.Collections.Hashtable' it returns $true[39;49m[39;49m[39;49m[30m[39;49m[30m 1ms[39;49m[39;49m
[39;49m[32m[39;49m[32m    [+] Given a value 'Jakub' which is not a hashtable it returns $false[39;49m[39;49m[39;49m[30m[39;49m[30m 2ms[39;49m[39;49m
[39;49m[32m[39;49m[32m    [+] Given a value '@(1, 2, 3, 4)' which is not a hashtable it returns $false[39;49m[39;49m[39;49m[30m[39;49m[30m 1ms[39;49m[39;49m

[39;49m[32m[39;49m[32m  Describing Is-Dictionary[39;49m[39;49m
[39;49m[32m[39;49m[32m    [+] Given dictionary 'System.Collections.Generic.Dictionary`2[System.String,System.Object]' it returns $true[39;49m[39;49m[39;49m[30m[39;49m[30m 2ms[39;49m[39;49m
[39;49m[32m[39;49m[32m    [+] Given dictionary 'System.Collections.Generic.Dictionary`2[System.String,System.Object]' it returns $true[39;49m[39;49m[39;49m[30m[39;49m[30m 1ms[39;49m[39;49m
[39;49m[32m[39;49m[32m    [+] Given a value 'Jakub' which is not a dictionary it returns $false[39;49m[39;49m[39;49m[30m[39;49m[30m 2ms[39;49m[39;49m
[39;49m[32m[39;49m[32m    [+] Given a value '@(1, 2, 3, 4)' which is not a dictionary it returns $false[39;49m[39;49m[39;49m[30m[39;49m[30m 1ms[39;49m[39;49m

[39;49m[32m[39;49m[32m  Describing Is-Collection[39;49m[39;49m
[39;49m[32m[39;49m[32m    [+] Given a collection '@()' of type '<type>' it returns $true[39;49m[39;49m[39;49m[30m[39;49m[30m 2ms[39;49m[39;49m
[39;49m[32m[39;49m[32m    [+] Given a collection '@(1, 2, 3)' of type '<type>' it returns $true[39;49m[39;49m[39;49m[30m[39;49m[30m 1ms[39;49m[39;49m
[39;49m[32m[39;49m[32m    [+] Given a collection '1' of type '<type>' it returns $true[39;49m[39;49m[39;49m[30m[39;49m[30m 3ms[39;49m[39;49m
[39;49m[32m[39;49m[32m    [+] Given a collection '2' of type '<type>' it returns $true[39;49m[39;49m[39;49m[30m[39;49m[30m 8ms[39;49m[39;49m
[39;49m[32m[39;49m[32m    [+] Given a collection '@(1, 2, 3)' of type '<type>' it returns $true[39;49m[39;49m[39;49m[30m[39;49m[30m 1ms[39;49m[39;49m
[39;49m[32m[39;49m[32m    [+] Given a collection '@(System.Diagnostics.Process, System.Diagnostics.Process, System.Diagnostics.Process, System.Diagnostics.Process, System.Diagnostics.Process, System.Diagnostics.Process, System.Diagnostics.Process, System.Diagnostics.Process, System.Diagnostics.Process, System.Diagnostics.Process)' of type '<type>' it returns $true[39;49m[39;49m[39;49m[30m[39;49m[30m 2ms[39;49m[39;49m
[39;49m[32m[39;49m[32m    [+] Given $null it returns $false[39;49m[39;49m[39;49m[30m[39;49m[30m 3ms[39;49m[39;49m
[39;49m[32m[39;49m[32m    [+] Given an object 'a' of type '<type>' that is not a collection it returns $false[39;49m[39;49m[39;49m[30m[39;49m[30m 3ms[39;49m[39;49m
[39;49m[32m[39;49m[32m    [+] Given an object 'a' of type '<type>' that is not a collection it returns $false[39;49m[39;49m[39;49m[30m[39;49m[30m 1ms[39;49m[39;49m
[39;49m[32m[39;49m[32m    [+] Given an object '1' of type '<type>' that is not a collection it returns $false[39;49m[39;49m[39;49m[30m[39;49m[30m 1ms[39;49m[39;49m
[39;49m[32m[39;49m[32m    [+] Given an object '1' of type '<type>' that is not a collection it returns $false[39;49m[39;49m[39;49m[30m[39;49m[30m 2ms[39;49m[39;49m
[39;49m[32m[39;49m[32m    [+] Given an object '1.1' of type '<type>' that is not a collection it returns $false[39;49m[39;49m[39;49m[30m[39;49m[30m 1ms[39;49m[39;49m
[39;49m[32m[39;49m[32m    [+] Given an object '101' of type '<type>' that is not a collection it returns $false[39;49m[39;49m[39;49m[30m[39;49m[30m 1ms[39;49m[39;49m
[39;49m[32m[39;49m[32m    [+] Given an object '101' of type '<type>' that is not a collection it returns $false[39;49m[39;49m[39;49m[30m[39;49m[30m 1ms[39;49m[39;49m
[39;49m[32m[39;49m[32m    [+] Given an object '101' of type '<type>' that is not a collection it returns $false[39;49m[39;49m[39;49m[30m[39;49m[30m 1ms[39;49m[39;49m
[39;49m[32m[39;49m[32m    [+] Given an object '101.1' of type '<type>' that is not a collection it returns $false[39;49m[39;49m[39;49m[30m[39;49m[30m 1ms[39;49m[39;49m
[39;49m[32m[39;49m[32m    [+] Given an object '1048576' of type '<type>' that is not a collection it returns $false[39;49m[39;49m[39;49m[30m[39;49m[30m 1ms[39;49m[39;49m
[39;49m[32m[39;49m[32m    [+] Given an object '1048576' of type '<type>' that is not a collection it returns $false[39;49m[39;49m[39;49m[30m[39;49m[30m 1ms[39;49m[39;49m
[39;49m[32m[39;49m[32m    [+] Given an object '1153433.6' of type '<type>' that is not a collection it returns $false[39;49m[39;49m[39;49m[30m[39;49m[30m 1ms[39;49m[39;49m
[39;49m[32m[39;49m[32m    [+] Given an object '{}' of type '<type>' that is not a collection it returns $false[39;49m[39;49m[39;49m[30m[39;49m[30m 3ms[39;49m[39;49m
[39;49m[32m[39;49m[32m    [+] Given an object 'System.Collections.Hashtable' of type '<type>' that is not a collection it returns $false[39;49m[39;49m[39;49m[30m[39;49m[30m 4ms[39;49m[39;49m
[39;49m[32m[39;49m[32m    [+] Given an object 'System.Collections.Hashtable' of type '<type>' that is not a collection it returns $false[39;49m[39;49m[39;49m[30m[39;49m[30m 1ms[39;49m[39;49m
[39;49m[32m[39;49m[32m    [+] Given an object 'System.Diagnostics.Process (pwsh)' of type '<type>' that is not a collection it returns $false[39;49m[39;49m[39;49m[30m[39;49m[30m 1ms[39;49m[39;49m
[39;49m[32m[39;49m[32m    [+] Given an object 'System.Diagnostics.Process' of type '<type>' that is not a collection it returns $false[39;49m[39;49m[39;49m[30m[39;49m[30m 6ms[39;49m[39;49m

[39;49m[32m[39;49m[32mExecuting script /Users/travis/build/pester/Pester/Examples/Calculator/Add-Numbers.Tests.ps1[39;49m[39;49m

[39;49m[32m[39;49m[32m  Describing Add-Numbers[39;49m[39;49m
[39;49m[32m[39;49m[32m    [+] adds positive numbers[39;49m[39;49m[39;49m[30m[39;49m[30m 116ms[39;49m[39;49m
[39;49m[32m[39;49m[32m    [+] adds negative numbers[39;49m[39;49m[39;49m[30m[39;49m[30m 10ms[39;49m[39;49m
[39;49m[32m[39;49m[32m    [+] adds one negative number to positive number[39;49m[39;49m[39;49m[30m[39;49m[30m 11ms[39;49m[39;49m
[39;49m[32m[39;49m[32m    [+] concatenates strings if given strings[39;49m[39;49m[39;49m[30m[39;49m[30m 11ms[39;49m[39;49m
[39;49m[32m[39;49m[32m    [+] should not be 0[39;49m[39;49m[39;49m[30m[39;49m[30m 8ms[39;49m[39;49m

[39;49m[32m[39;49m[32mExecuting script /Users/travis/build/pester/Pester/Examples/Planets/Get-Planet.Tests.ps1[39;49m[39;49m

[39;49m[32m[39;49m[32m  Describing Get-Planet[39;49m[39;49m
[39;49m[32m[39;49m[32m    [+] Given no parameters, it lists all 8 planets[39;49m[39;49m[39;49m[30m[39;49m[30m 15ms[39;49m[39;49m

[39;49m[32m[39;49m[32m    Context Filtering by Name[39;49m[39;49m
[39;49m[32m[39;49m[32m      [+] Given valid -Name 'Earth', it returns 'Earth'[39;49m[39;49m[39;49m[30m[39;49m[30m 13ms[39;49m[39;49m
[39;49m[32m[39;49m[32m      [+] Given valid -Name 'ne*', it returns 'Neptune'[39;49m[39;49m[39;49m[30m[39;49m[30m 10ms[39;49m[39;49m
[39;49m[32m[39;49m[32m      [+] Given valid -Name 'ur*', it returns 'Uranus'[39;49m[39;49m[39;49m[30m[39;49m[30m 10ms[39;49m[39;49m
[39;49m[32m[39;49m[32m      [+] Given valid -Name 'm*', it returns '@('Mercury', 'Mars')'[39;49m[39;49m[39;49m[30m[39;49m[30m 17ms[39;49m[39;49m
[39;49m[32m[39;49m[32m      [+] Given invalid parameter -Name 'Alpha Centauri', it returns $null[39;49m[39;49m[39;49m[30m[39;49m[30m 14ms[39;49m[39;49m

[39;49m[32m[39;49m[32mExecuting script /Users/travis/build/pester/Pester/Examples/Validator/Validator.Tests.ps1[39;49m[39;49m

[39;49m[32m[39;49m[32m  Describing Testing a validator[39;49m[39;49m
[39;49m[32m[39;49m[32m    [+] calls MyValidator[39;49m[39;49m[39;49m[30m[39;49m[30m 477ms[39;49m[39;49m

[39;49m[32m[39;49m[32m  Describing MyValidator[39;49m[39;49m
[39;49m[32m[39;49m[32m    [+] passes things that start with the letter S[39;49m[39;49m[39;49m[30m[39;49m[30m 19ms[39;49m[39;49m
[39;49m[32m[39;49m[32m    [+] does not pass a param that does not start with S[39;49m[39;49m[39;49m[30m[39;49m[30m 6ms[39;49m[39;49m

[39;49m[32m[39;49m[32mExecuting script /Users/travis/build/pester/Pester/Functions/Assertions/Be.Tests.ps1[39;49m[39;49m

[39;49m[32m[39;49m[32m  Describing Should -Be[39;49m[39;49m
[39;49m[32m[39;49m[32m    [+] returns true if the 2 arguments are equal[39;49m[39;49m[39;49m[30m[39;49m[30m 45ms[39;49m[39;49m
[39;49m[32m[39;49m[32m    [+] returns true if the 2 arguments are equal and have different case[39;49m[39;49m[39;49m[30m[39;49m[30m 20ms[39;49m[39;49m
[39;49m[32m[39;49m[32m    [+] returns false if the 2 arguments are not equal[39;49m[39;49m[39;49m[30m[39;49m[30m 16ms[39;49m[39;49m
[39;49m[32m[39;49m[32m    [+] Compares Arrays properly[39;49m[39;49m[39;49m[30m[39;49m[30m 37ms[39;49m[39;49m
[39;49m[32m[39;49m[32m    [+] Compares arrays with correct case-insensitive behavior[39;49m[39;49m[39;49m[30m[39;49m[30m 21ms[39;49m[39;49m
[39;49m[32m[39;49m[32m    [+] Handles reference types properly[39;49m[39;49m[39;49m[30m[39;49m[30m 101ms[39;49m[39;49m
[39;49m[32m[39;49m[32m    [+] Handles arrays with nested arrays[39;49m[39;49m[39;49m[30m[39;49m[30m 57ms[39;49m[39;49m
[39;49m[32m[39;49m[32m    [+] returns true if the actual value can be cast to the expected value and they are the same value[39;49m[39;49m[39;49m[30m[39;49m[30m 20ms[39;49m[39;49m
[39;49m[32m[39;49m[32m    [+] returns true if the actual value can be cast to the expected value and they are the same value (case sensitive)[39;49m[39;49m[39;49m[30m[39;49m[30m 23ms[39;49m[39;49m
[39;49m[32m[39;49m[32m    [+] Does not overflow on IEnumerable[39;49m[39;49m[39;49m[30m[39;49m[30m 20ms[39;49m[39;49m

[39;49m[32m[39;49m[32m  Describing ShouldBeFailureMessage[39;49m[39;49m
[39;49m[32m[39;49m[32m    [+] Shows excerpted error messages correctly[39;49m[39;49m[39;49m[30m[39;49m[30m 160ms[39;49m[39;49m
[39;49m[32m[39;49m[32m    [+] Shows excerpted error messages correctly[39;49m[39;49m[39;49m[30m[39;49m[30m 36ms[39;49m[39;49m
[39;49m[32m[39;49m[32m    [+] Shows excerpted 'actual values' correctly[39;49m[39;49m[39;49m[30m[39;49m[30m 34ms[39;49m[39;49m
[39;49m[32m[39;49m[32m    [+] Returns nothing for two identical strings[39;49m[39;49m[39;49m[30m[39;49m[30m 3ms[39;49m[39;49m
[39;49m[32m[39;49m[32m    [+] Outputs less verbose message for two different objects that are not strings[39;49m[39;49m[39;49m[30m[39;49m[30m 5ms[39;49m[39;49m
[39;49m[32m[39;49m[32m    [+] Outputs less verbose message for two different objects that are not strings, with reason[39;49m[39;49m[39;49m[30m[39;49m[30m 7ms[39;49m[39;49m
[39;49m[32m[39;49m[32m    [+] Outputs verbose message for two strings of different length[39;49m[39;49m[39;49m[30m[39;49m[30m 4ms[39;49m[39;49m
[39;49m[32m[39;49m[32m    [+] Outputs verbose message for two strings of different length[39;49m[39;49m[39;49m[30m[39;49m[30m 5ms[39;49m[39;49m
[39;49m[32m[39;49m[32m    [+] Outputs verbose message for two different strings of the same length[39;49m[39;49m[39;49m[30m[39;49m[30m 6ms[39;49m[39;49m
[39;49m[32m[39;49m[32m    [+] Replaces non-printable characters correctly[39;49m[39;49m[39;49m[30m[39;49m[30m 5ms[39;49m[39;49m
[39;49m[32m[39;49m[32m    [+] The arrow points to the correct position when non-printable characters are replaced before the difference[39;49m[39;49m[39;49m[30m[39;49m[30m 5ms[39;49m[39;49m
[39;49m[32m[39;49m[32m    [+] The arrow points to the correct position when non-printable characters are replaced after the difference[39;49m[39;49m[39;49m[30m[39;49m[30m 11ms[39;49m[39;49m

[39;49m[32m[39;49m[32m  Describing Should -BeExactly[39;49m[39;49m
[39;49m[32m[39;49m[32m    [+] passes if letter case matches[39;49m[39;49m[39;49m[30m[39;49m[30m 10ms[39;49m[39;49m
[39;49m[32m[39;49m[32m    [+] fails if letter case doesn't match[39;49m[39;49m[39;49m[30m[39;49m[30m 11ms[39;49m[39;49m
[39;49m[32m[39;49m[32m    [+] passes for numbers[39;49m[39;49m[39;49m[30m[39;49m[30m 28ms[39;49m[39;49m
[39;49m[32m[39;49m[32m    [+] Compares Arrays properly[39;49m[39;49m[39;49m[30m[39;49m[30m 17ms[39;49m[39;49m
[39;49m[32m[39;49m[32m    [+] Compares arrays with correct case-sensitive behavior[39;49m[39;49m[39;49m[30m[39;49m[30m 12ms[39;49m[39;49m

[39;49m[32m[39;49m[32m  Describing ShouldBeExactlyFailureMessage[39;49m[39;49m
[39;49m[32m[39;49m[32m    [+] Writes verbose message for strings that differ by case[39;49m[39;49m[39;49m[30m[39;49m[30m 9ms[39;49m[39;49m

[39;49m[32m[39;49m[32mExecuting script /Users/travis/build/pester/Pester/Functions/Assertions/BeGreaterThan.Tests.ps1[39;49m[39;49m

[39;49m[32m[39;49m[32m  Describing Should -BeGreaterThan[39;49m[39;49m
[39;49m[32m[39;49m[32m    [+] passes if value greater than expected[39;49m[39;49m[39;49m[30m[39;49m[30m 21ms[39;49m[39;49m
[39;49m[32m[39;49m[32m    [+] fails if values equal[39;49m[39;49m[39;49m[30m[39;49m[30m 55ms[39;49m[39;49m
[39;49m[32m[39;49m[32m    [+] fails if value less than expected[39;49m[39;49m[39;49m[30m[39;49m[30m 52ms[39;49m[39;49m
[39;49m[32m[39;49m[32m    [+] returns the correct assertion message[39;49m[39;49m[39;49m[30m[39;49m[30m 21ms[39;49m[39;49m
[39;49m[32m[39;49m[32m    [+] passes when expected value is negative[39;49m[39;49m[39;49m[30m[39;49m[30m 6ms[39;49m[39;49m

[39;49m[32m[39;49m[32m  Describing Should -Not -BeGreaterThan[39;49m[39;49m
[39;49m[32m[39;49m[32m    [+] passes if value is lower than the expected value[39;49m[39;49m[39;49m[30m[39;49m[30m 12ms[39;49m[39;49m
[39;49m[32m[39;49m[32m    [+] passes if value is equal to the expected value[39;49m[39;49m[39;49m[30m[39;49m[30m 9ms[39;49m[39;49m
[39;49m[32m[39;49m[32m    [+] fails if value is greater than the expected value[39;49m[39;49m[39;49m[30m[39;49m[30m 50ms[39;49m[39;49m
[39;49m[32m[39;49m[32m    [+] passes when expected value is negative[39;49m[39;49m[39;49m[30m[39;49m[30m 6ms[39;49m[39;49m
[39;49m[32m[39;49m[32m    [+] returns the correct assertion message[39;49m[39;49m[39;49m[30m[39;49m[30m 15ms[39;49m[39;49m

[39;49m[32m[39;49m[32m  Describing Should -BeLessOrEqual[39;49m[39;49m
[39;49m[32m[39;49m[32m    [+] passes if value is less than the expected value[39;49m[39;49m[39;49m[30m[39;49m[30m 6ms[39;49m[39;49m
[39;49m[32m[39;49m[32m    [+] passes if value is equal to the expected value[39;49m[39;49m[39;49m[30m[39;49m[30m 6ms[39;49m[39;49m
[39;49m[32m[39;49m[32m    [+] fails if value is greater than the expected value[39;49m[39;49m[39;49m[30m[39;49m[30m 37ms[39;49m[39;49m
[39;49m[32m[39;49m[32m    [+] passes when expected value is negative[39;49m[39;49m[39;49m[30m[39;49m[30m 4ms[39;49m[39;49m
[39;49m[32m[39;49m[32m    [+] returns the correct assertion message[39;49m[39;49m[39;49m[30m[39;49m[30m 18ms[39;49m[39;49m

[39;49m[32m[39;49m[32m    Describing Should -Not -BeLessOrEqual[39;49m[39;49m
[39;49m[32m[39;49m[32m      [+] passes if value greater than expected[39;49m[39;49m[39;49m[30m[39;49m[30m 10ms[39;49m[39;49m
[39;49m[32m[39;49m[32m      [+] fails if values equal[39;49m[39;49m[39;49m[30m[39;49m[30m 36ms[39;49m[39;49m
[39;49m[32m[39;49m[32m      [+] fails if value less than expected[39;49m[39;49m[39;49m[30m[39;49m[30m 38ms[39;49m[39;49m
[39;49m[32m[39;49m[32m      [+] passes when expected value is negative[39;49m[39;49m[39;49m[30m[39;49m[30m 6ms[39;49m[39;49m
[39;49m[32m[39;49m[32m      [+] returns the correct assertion message[39;49m[39;49m[39;49m[30m[39;49m[30m 18ms[39;49m[39;49m

[39;49m[32m[39;49m[32mExecuting script /Users/travis/build/pester/Pester/Functions/Assertions/BeIn.Tests.ps1[39;49m[39;49m

[39;49m[32m[39;49m[32m  Describing Should -BeIn[39;49m[39;49m
[39;49m[32m[39;49m[32m    [+] passes if value is in the collection[39;49m[39;49m[39;49m[30m[39;49m[30m 19ms[39;49m[39;49m
[39;49m[32m[39;49m[32m    [+] fails if value is not in the collection[39;49m[39;49m[39;49m[30m[39;49m[30m 42ms[39;49m[39;49m
[39;49m[32m[39;49m[32m    [+] returns the correct assertion message[39;49m[39;49m[39;49m[30m[39;49m[30m 18ms[39;49m[39;49m

[39;49m[32m[39;49m[32m  Describing Should -Not -BeIn[39;49m[39;49m
[39;49m[32m[39;49m[32m    [+] passes if value is not in the collection[39;49m[39;49m[39;49m[30m[39;49m[30m 16ms[39;49m[39;49m
[39;49m[32m[39;49m[32m    [+] fails if value is in the collection[39;49m[39;49m[39;49m[30m[39;49m[30m 55ms[39;49m[39;49m
[39;49m[32m[39;49m[32m    [+] returns the correct assertion message[39;49m[39;49m[39;49m[30m[39;49m[30m 18ms[39;49m[39;49m

[39;49m[32m[39;49m[32mExecuting script /Users/travis/build/pester/Pester/Functions/Assertions/BeLessThan.Tests.ps1[39;49m[39;49m

[39;49m[32m[39;49m[32m  Describing Should -BeLessThan[39;49m[39;49m
[39;49m[32m[39;49m[32m    [+] passes if value is less than expected[39;49m[39;49m[39;49m[30m[39;49m[30m 13ms[39;49m[39;49m
[39;49m[32m[39;49m[32m    [+] fails if values equal[39;49m[39;49m[39;49m[30m[39;49m[30m 56ms[39;49m[39;49m
[39;49m[32m[39;49m[32m    [+] fails if value is greater than expected[39;49m[39;49m[39;49m[30m[39;49m[30m 43ms[39;49m[39;49m
[39;49m[32m[39;49m[32m    [+] passes when expected value is negative[39;49m[39;49m[39;49m[30m[39;49m[30m 6ms[39;49m[39;49m
[39;49m[32m[39;49m[32m    [+] returns the correct assertion message[39;49m[39;49m[39;49m[30m[39;49m[30m 16ms[39;49m[39;49m

[39;49m[32m[39;49m[32m  Describing Should -Not -BeLessThan[39;49m[39;49m
[39;49m[32m[39;49m[32m    [+] passes if value is greater than the expected value[39;49m[39;49m[39;49m[30m[39;49m[30m 23ms[39;49m[39;49m
[39;49m[32m[39;49m[32m    [+] passes if value is equal to the expected value[39;49m[39;49m[39;49m[30m[39;49m[30m 12ms[39;49m[39;49m
[39;49m[32m[39;49m[32m    [+] fails if value is less than the expected value[39;49m[39;49m[39;49m[30m[39;49m[30m 67ms[39;49m[39;49m
[39;49m[32m[39;49m[32m    [+] passes when expected value is negative[39;49m[39;49m[39;49m[30m[39;49m[30m 6ms[39;49m[39;49m
[39;49m[32m[39;49m[32m    [+] returns the correct assertion message[39;49m[39;49m[39;49m[30m[39;49m[30m 17ms[39;49m[39;49m

[39;49m[32m[39;49m[32m  Describing Should -BeGreaterOrEqual[39;49m[39;49m
[39;49m[32m[39;49m[32m    [+] passes if value is greater than the expected value[39;49m[39;49m[39;49m[30m[39;49m[30m 7ms[39;49m[39;49m
[39;49m[32m[39;49m[32m    [+] passes if value is equal to the expected value[39;49m[39;49m[39;49m[30m[39;49m[30m 6ms[39;49m[39;49m
[39;49m[32m[39;49m[32m    [+] fails if value is less than the expected value[39;49m[39;49m[39;49m[30m[39;49m[30m 27ms[39;49m[39;49m
[39;49m[32m[39;49m[32m    [+] passes when expected value is negative[39;49m[39;49m[39;49m[30m[39;49m[30m 7ms[39;49m[39;49m
[39;49m[32m[39;49m[32m    [+] returns the correct assertion message[39;49m[39;49m[39;49m[30m[39;49m[30m 16ms[39;49m[39;49m

[39;49m[32m[39;49m[32m    Describing Should -Not -BeGreaterOrEqual[39;49m[39;49m
[39;49m[32m[39;49m[32m      [+] passes if value is less than the expected value[39;49m[39;49m[39;49m[30m[39;49m[30m 7ms[39;49m[39;49m
[39;49m[32m[39;49m[32m      [+] fails if values equal[39;49m[39;49m[39;49m[30m[39;49m[30m 35ms[39;49m[39;49m
[39;49m[32m[39;49m[32m      [+] fails if value greater than expected[39;49m[39;49m[39;49m[30m[39;49m[30m 30ms[39;49m[39;49m
[39;49m[32m[39;49m[32m      [+] passes when expected value is negative[39;49m[39;49m[39;49m[30m[39;49m[30m 6ms[39;49m[39;49m
[39;49m[32m[39;49m[32m      [+] returns the correct assertion message[39;49m[39;49m[39;49m[30m[39;49m[30m 16ms[39;49m[39;49m

[39;49m[32m[39;49m[32mExecuting script /Users/travis/build/pester/Pester/Functions/Assertions/BeLike.Tests.ps1[39;49m[39;49m

[39;49m[32m[39;49m[32m  Describing Should -BeLike[39;49m[39;49m
[39;49m[32m[39;49m[32m    [+] passes for things that are like wildcard[39;49m[39;49m[39;49m[30m[39;49m[30m 12ms[39;49m[39;49m
[39;49m[32m[39;49m[32m    [+] passes for strings with different case[39;49m[39;49m[39;49m[30m[39;49m[30m 4ms[39;49m[39;49m
[39;49m[32m[39;49m[32m    [+] fails for things that do not match[39;49m[39;49m[39;49m[30m[39;49m[30m 23ms[39;49m[39;49m
[39;49m[32m[39;49m[32m    [+] returns the correct assertion message[39;49m[39;49m[39;49m[30m[39;49m[30m 39ms[39;49m[39;49m

[39;49m[32m[39;49m[32m  Describing Should -Not -BeLike[39;49m[39;49m
[39;49m[32m[39;49m[32m    [+] passes for things that are not like wildcard[39;49m[39;49m[39;49m[30m[39;49m[30m 7ms[39;49m[39;49m
[39;49m[32m[39;49m[32m    [+] fails for things that match[39;49m[39;49m[39;49m[30m[39;49m[30m 15ms[39;49m[39;49m
[39;49m[32m[39;49m[32m    [+] fails for strings with different case[39;49m[39;49m[39;49m[30m[39;49m[30m 14ms[39;49m[39;49m
[39;49m[32m[39;49m[32m    [+] returns the correct assertion message[39;49m[39;49m[39;49m[30m[39;49m[30m 15ms[39;49m[39;49m

[39;49m[32m[39;49m[32mExecuting script /Users/travis/build/pester/Pester/Functions/Assertions/BeLikeExactly.Tests.ps1[39;49m[39;49m

[39;49m[32m[39;49m[32m  Describing Should -BeLikeExactly[39;49m[39;49m
[39;49m[32m[39;49m[32m    [+] passes for things that are like wildcard[39;49m[39;49m[39;49m[30m[39;49m[30m 18ms[39;49m[39;49m
[39;49m[32m[39;49m[32m    [+] fails for strings with different case[39;49m[39;49m[39;49m[30m[39;49m[30m 20ms[39;49m[39;49m
[39;49m[32m[39;49m[32m    [+] fails for things that do not match[39;49m[39;49m[39;49m[30m[39;49m[30m 13ms[39;49m[39;49m
[39;49m[32m[39;49m[32m    [+] returns the correct assertion message[39;49m[39;49m[39;49m[30m[39;49m[30m 14ms[39;49m[39;49m

[39;49m[32m[39;49m[32m  Describing Should -Not -BeLikeExactly[39;49m[39;49m
[39;49m[32m[39;49m[32m    [+] passes for things that are not like wildcard[39;49m[39;49m[39;49m[30m[39;49m[30m 6ms[39;49m[39;49m
[39;49m[32m[39;49m[32m    [+] passes for strings with different case[39;49m[39;49m[39;49m[30m[39;49m[30m 4ms[39;49m[39;49m
[39;49m[32m[39;49m[32m    [+] fails for things that match[39;49m[39;49m[39;49m[30m[39;49m[30m 14ms[39;49m[39;49m
[39;49m[32m[39;49m[32m    [+] returns the correct assertion message[39;49m[39;49m[39;49m[30m[39;49m[30m 21ms[39;49m[39;49m

[39;49m[32m[39;49m[32mExecuting script /Users/travis/build/pester/Pester/Functions/Assertions/BeNullOrEmpty.Tests.ps1[39;49m[39;49m

[39;49m[32m[39;49m[32m  Describing Should -BeNullOrEmpty[39;49m[39;49m
[39;49m[32m[39;49m[32m    [+] should return true if null[39;49m[39;49m[39;49m[30m[39;49m[30m 23ms[39;49m[39;49m
[39;49m[32m[39;49m[32m    [+] should return true if empty string[39;49m[39;49m[39;49m[30m[39;49m[30m 6ms[39;49m[39;49m
[39;49m[32m[39;49m[32m    [+] should return true if empty array[39;49m[39;49m[39;49m[30m[39;49m[30m 7ms[39;49m[39;49m
[39;49m[32m[39;49m[32m    [+] should pass if empty hashtable[39;49m[39;49m[39;49m[30m[39;49m[30m 11ms[39;49m[39;49m
[39;49m[32m[39;49m[32m    [+] should throw if not-empty hashtable[39;49m[39;49m[39;49m[30m[39;49m[30m 53ms[39;49m[39;49m
[39;49m[32m[39;49m[32m    [+] Should return false for non-empty strings or arrays[39;49m[39;49m[39;49m[30m[39;49m[30m 21ms[39;49m[39;49m
[39;49m[32m[39;49m[32m    [+] returns the correct assertion message[39;49m[39;49m[39;49m[30m[39;49m[30m 22ms[39;49m[39;49m

[39;49m[32m[39;49m[32m  Describing Should -Not -BeNullOrEmpty[39;49m[39;49m
[39;49m[32m[39;49m[32m    [+] returns the correct assertion message[39;49m[39;49m[39;49m[30m[39;49m[30m 14ms[39;49m[39;49m

[39;49m[32m[39;49m[32mExecuting script /Users/travis/build/pester/Pester/Functions/Assertions/BeOfType.Tests.ps1[39;49m[39;49m

[39;49m[32m[39;49m[32m  Describing Should -BeOfType[39;49m[39;49m
[39;49m[32m[39;49m[32m    [+] passes if value is of the expected type[39;49m[39;49m[39;49m[30m[39;49m[30m 80ms[39;49m[39;49m
[39;49m[32m[39;49m[32m    [+] fails if value is of a different types[39;49m[39;49m[39;49m[30m[39;49m[30m 10ms[39;49m[39;49m
[39;49m[32m[39;49m[32m    [+] throws argument execption if type isn't a loaded type[39;49m[39;49m[39;49m[30m[39;49m[30m 29ms[39;49m[39;49m
[39;49m[32m[39;49m[32m    [+] throws argument execption if type isn't a loaded type[39;49m[39;49m[39;49m[30m[39;49m[30m 22ms[39;49m[39;49m
[39;49m[32m[39;49m[32m    [+] returns the correct assertion message when actual value has a real type[39;49m[39;49m[39;49m[30m[39;49m[30m 18ms[39;49m[39;49m
[39;49m[32m[39;49m[32m    [+] returns the correct assertion message when actual value is $null[39;49m[39;49m[39;49m[30m[39;49m[30m 17ms[39;49m[39;49m

[39;49m[32m[39;49m[32m  Describing Should -Not -BeOfType[39;49m[39;49m
[39;49m[32m[39;49m[32m    [+] throws argument execption if type isn't a loaded type[39;49m[39;49m[39;49m[30m[39;49m[30m 21ms[39;49m[39;49m
[39;49m[32m[39;49m[32m    [+] returns the correct assertion message when actual value has a real type[39;49m[39;49m[39;49m[30m[39;49m[30m 16ms[39;49m[39;49m

[39;49m[32m[39;49m[32mExecuting script /Users/travis/build/pester/Pester/Functions/Assertions/BeTrueOrFalse.Tests.ps1[39;49m[39;49m

[39;49m[32m[39;49m[32m  Describing Should -BeTrue[39;49m[39;49m

[39;49m[32m[39;49m[32m    Context Basic functionality[39;49m[39;49m
[39;49m[32m[39;49m[32m      [+] given true it passes[39;49m[39;49m[39;49m[30m[39;49m[30m 7ms[39;49m[39;49m
[39;49m[32m[39;49m[32m      [+] given truthy it passes[39;49m[39;49m[39;49m[30m[39;49m[30m 5ms[39;49m[39;49m
[39;49m[32m[39;49m[32m      [+] given false it fails[39;49m[39;49m[39;49m[30m[39;49m[30m 18ms[39;49m[39;49m

[39;49m[32m[39;49m[32m    Context Testing messages[39;49m[39;49m
[39;49m[32m[39;49m[32m      [+] given false it returns the correct assertion message[39;49m[39;49m[39;49m[30m[39;49m[30m 18ms[39;49m[39;49m
[39;49m[32m[39;49m[32m      [+] given false and a reason it returns the correct assertion message[39;49m[39;49m[39;49m[30m[39;49m[30m 15ms[39;49m[39;49m

[39;49m[32m[39;49m[32m  Describing Should -Not -BeTrue[39;49m[39;49m

[39;49m[32m[39;49m[32m    Context Basic functionality[39;49m[39;49m
[39;49m[32m[39;49m[32m      [+] given false it passes[39;49m[39;49m[39;49m[30m[39;49m[30m 5ms[39;49m[39;49m
[39;49m[32m[39;49m[32m      [+] given falsy '$null' it passes[39;49m[39;49m[39;49m[30m[39;49m[30m 4ms[39;49m[39;49m
[39;49m[32m[39;49m[32m      [+] given falsy '@()' it passes[39;49m[39;49m[39;49m[30m[39;49m[30m 4ms[39;49m[39;49m
[39;49m[32m[39;49m[32m      [+] given falsy '0' it passes[39;49m[39;49m[39;49m[30m[39;49m[30m 5ms[39;49m[39;49m
[39;49m[32m[39;49m[32m      [+] given true it fails[39;49m[39;49m[39;49m[30m[39;49m[30m 16ms[39;49m[39;49m

[39;49m[32m[39;49m[32m    Context Testing messages[39;49m[39;49m
[39;49m[32m[39;49m[32m      [+] given true it returns the correct assertion message[39;49m[39;49m[39;49m[30m[39;49m[30m 15ms[39;49m[39;49m

[39;49m[32m[39;49m[32m  Describing Should -BeFalse[39;49m[39;49m

[39;49m[32m[39;49m[32m    Context Basic functionality[39;49m[39;49m
[39;49m[32m[39;49m[32m      [+] given false it passes[39;49m[39;49m[39;49m[30m[39;49m[30m 3ms[39;49m[39;49m
[39;49m[32m[39;49m[32m      [+] given true it fails[39;49m[39;49m[39;49m[30m[39;49m[30m 13ms[39;49m[39;49m

[39;49m[32m[39;49m[32m    Context Testing messages[39;49m[39;49m
[39;49m[32m[39;49m[32m      [+] given true it returns the correct assertion message[39;49m[39;49m[39;49m[30m[39;49m[30m 14ms[39;49m[39;49m
[39;49m[32m[39;49m[32m    [+] given true and a reason it returns the correct assertion message[39;49m[39;49m[39;49m[30m[39;49m[30m 17ms[39;49m[39;49m

[39;49m[32m[39;49m[32m  Describing Should -Not -BeFalse[39;49m[39;49m

[39;49m[32m[39;49m[32m    Context Basic functionality[39;49m[39;49m
[39;49m[32m[39;49m[32m      [+] given true it passes[39;49m[39;49m[39;49m[30m[39;49m[30m 4ms[39;49m[39;49m
[39;49m[32m[39;49m[32m      [+] given false it fails[39;49m[39;49m[39;49m[30m[39;49m[30m 14ms[39;49m[39;49m

[39;49m[32m[39;49m[32m    Context Testing messages[39;49m[39;49m
[39;49m[32m[39;49m[32m      [+] given false it returns the correct assertion message[39;49m[39;49m[39;49m[30m[39;49m[30m 14ms[39;49m[39;49m

[39;49m[32m[39;49m[32mExecuting script /Users/travis/build/pester/Pester/Functions/Assertions/Contain.Tests.ps1[39;49m[39;49m

[39;49m[32m[39;49m[32m  Describing Should -Contain[39;49m[39;49m
[39;49m[32m[39;49m[32m    [+] passes if collection contains the value[39;49m[39;49m[39;49m[30m[39;49m[30m 13ms[39;49m[39;49m
[39;49m[32m[39;49m[32m    [+] fails collection does not contain the value[39;49m[39;49m[39;49m[30m[39;49m[30m 31ms[39;49m[39;49m
[39;49m[32m[39;49m[32m    [+] returns the correct assertion message[39;49m[39;49m[39;49m[30m[39;49m[30m 27ms[39;49m[39;49m

[39;49m[32m[39;49m[32m  Describing Should -Not -Contain[39;49m[39;49m
[39;49m[32m[39;49m[32m    [+] passes if collection does not contain the value[39;49m[39;49m[39;49m[30m[39;49m[30m 4ms[39;49m[39;49m
[39;49m[32m[39;49m[32m    [+] fails if collection contains the value[39;49m[39;49m[39;49m[30m[39;49m[30m 18ms[39;49m[39;49m
[39;49m[32m[39;49m[32m    [+] returns the correct assertion message[39;49m[39;49m[39;49m[30m[39;49m[30m 17ms[39;49m[39;49m

[39;49m[32m[39;49m[32mExecuting script /Users/travis/build/pester/Pester/Functions/Assertions/Exist.Tests.ps1[39;49m[39;49m

[39;49m[32m[39;49m[32m  Describing Should -Exist[39;49m[39;49m
[39;49m[32m[39;49m[32m    [+] returns true for paths that exist[39;49m[39;49m[39;49m[30m[39;49m[30m 24ms[39;49m[39;49m
[39;49m[32m[39;49m[32m    [+] returns false for paths do not exist[39;49m[39;49m[39;49m[30m[39;49m[30m 9ms[39;49m[39;49m
[39;49m[32m[39;49m[32m    [+] works for path with escaped [ ] characters[39;49m[39;49m[39;49m[30m[39;49m[30m 19ms[39;49m[39;49m
[39;49m[32m[39;49m[32m    [+] returns correct result for function drive[39;49m[39;49m[39;49m[30m[39;49m[30m 6ms[39;49m[39;49m
[39;49m[32m[39;49m[32m    [+] returns correct result for env drive[39;49m[39;49m[39;49m[30m[39;49m[30m 7ms[39;49m[39;49m
[39;49m[32m[39;49m[32m    [+] returns correct result for env drive[39;49m[39;49m[39;49m[30m[39;49m[30m 7ms[39;49m[39;49m
[39;49m[32m[39;49m[32m    [+] returns correct assertion message[39;49m[39;49m[39;49m[30m[39;49m[30m 16ms[39;49m[39;49m

[39;49m[32m[39;49m[32m  Describing Should -Not -Exist[39;49m[39;49m
[39;49m[32m[39;49m[32m    [+] returns correct assertion message[39;49m[39;49m[39;49m[30m[39;49m[30m 22ms[39;49m[39;49m

[39;49m[32m[39;49m[32mExecuting script /Users/travis/build/pester/Pester/Functions/Assertions/FileContentMatch.Tests.ps1[39;49m[39;49m

[39;49m[32m[39;49m[32m  Describing Should -FileContentMatch[39;49m[39;49m

[39;49m[32m[39;49m[32m    Context when testing file contents[39;49m[39;49m
[39;49m[32m[39;49m[32m      [+] returns true if the file contains the specified content[39;49m[39;49m[39;49m[30m[39;49m[30m 15ms[39;49m[39;49m
[39;49m[32m[39;49m[32m      [+] returns true if the file contains the specified content with different case[39;49m[39;49m[39;49m[30m[39;49m[30m 9ms[39;49m[39;49m
[39;49m[32m[39;49m[32m      [+] returns false if the file does not contain the specified content[39;49m[39;49m[39;49m[30m[39;49m[30m 17ms[39;49m[39;49m
[39;49m[32m[39;49m[32m      [+] returns true if the file contains the specified UTF8 content[39;49m[39;49m[39;49m[30m[39;49m[30m 9ms[39;49m[39;49m
[39;49m[32m[39;49m[32m    [+] returns correct assertion message when[39;49m[39;49m[39;49m[30m[39;49m[30m 20ms[39;49m[39;49m

[39;49m[32m[39;49m[32m  Describing Should -Not -FileContentMatch[39;49m[39;49m
[39;49m[32m[39;49m[32m    [+] returns correct assertion message[39;49m[39;49m[39;49m[30m[39;49m[30m 18ms[39;49m[39;49m

[39;49m[32m[39;49m[32mExecuting script /Users/travis/build/pester/Pester/Functions/Assertions/FileContentMatchExactly.Tests.ps1[39;49m[39;49m

[39;49m[32m[39;49m[32m  Describing Should -FileContentMatchExactly[39;49m[39;49m

[39;49m[32m[39;49m[32m    Context when testing file contents[39;49m[39;49m
[39;49m[32m[39;49m[32m      [+] returns true if the file contains the specified content exactly[39;49m[39;49m[39;49m[30m[39;49m[30m 13ms[39;49m[39;49m
[39;49m[32m[39;49m[32m      [+] returns false if the file does not contain the specified content exactly[39;49m[39;49m[39;49m[30m[39;49m[30m 9ms[39;49m[39;49m
[39;49m[32m[39;49m[32m      [+] returns true if the file contains the specified Unicode content exactyle[39;49m[39;49m[39;49m[30m[39;49m[30m 9ms[39;49m[39;49m
[39;49m[32m[39;49m[32m    [+] returns correct assertion message when[39;49m[39;49m[39;49m[30m[39;49m[30m 23ms[39;49m[39;49m

[39;49m[32m[39;49m[32m  Describing Should -Not -FileContentMatchExactly[39;49m[39;49m
[39;49m[32m[39;49m[32m    [+] returns correct assertion message[39;49m[39;49m[39;49m[30m[39;49m[30m 19ms[39;49m[39;49m

[39;49m[32m[39;49m[32mExecuting script /Users/travis/build/pester/Pester/Functions/Assertions/FileContentMatchMultiline.Tests.ps1[39;49m[39;49m

[39;49m[32m[39;49m[32m  Describing Should -FileContentMatchMultiline[39;49m[39;49m

[39;49m[32m[39;49m[32m    Context when testing file contents[39;49m[39;49m
[39;49m[32m[39;49m[32m      [+] returns true if the file matches the specified content on one line[39;49m[39;49m[39;49m[30m[39;49m[30m 19ms[39;49m[39;49m
[39;49m[32m[39;49m[32m      [+] returns true if the file matches the specified content across multiple lines[39;49m[39;49m[39;49m[30m[39;49m[30m 6ms[39;49m[39;49m
[39;49m[32m[39;49m[32m      [+] returns false if the file does not contain the specified content[39;49m[39;49m[39;49m[30m[39;49m[30m 6ms[39;49m[39;49m
[39;49m[32m[39;49m[32m    [+] returns correct assertion message when[39;49m[39;49m[39;49m[30m[39;49m[30m 24ms[39;49m[39;49m

[39;49m[32m[39;49m[32m  Describing Should -Not -FileContentMatchMultiline[39;49m[39;49m
[39;49m[32m[39;49m[32m    [+] returns correct assertion message[39;49m[39;49m[39;49m[30m[39;49m[30m 24ms[39;49m[39;49m

[39;49m[32m[39;49m[32mExecuting script /Users/travis/build/pester/Pester/Functions/Assertions/HaveCount.Tests.ps1[39;49m[39;49m

[39;49m[32m[39;49m[32m  Describing Should -HaveCount[39;49m[39;49m
[39;49m[32m[39;49m[32m    [+] passes if collection has the expected amount of items[39;49m[39;49m[39;49m[30m[39;49m[30m 21ms[39;49m[39;49m
[39;49m[32m[39;49m[32m    [+] passes given scalar value and expecting collection of count 1[39;49m[39;49m[39;49m[30m[39;49m[30m 4ms[39;49m[39;49m
[39;49m[32m[39;49m[32m    [+] fails if collection has less values[39;49m[39;49m[39;49m[30m[39;49m[30m 21ms[39;49m[39;49m
[39;49m[32m[39;49m[32m    [+] fails if collection has more values[39;49m[39;49m[39;49m[30m[39;49m[30m 22ms[39;49m[39;49m
[39;49m[32m[39;49m[32m    [+] fails if given scalar value[39;49m[39;49m[39;49m[30m[39;49m[30m 14ms[39;49m[39;49m
[39;49m[32m[39;49m[32m    [+] returns the correct assertion message when collection is not empty[39;49m[39;49m[39;49m[30m[39;49m[30m 18ms[39;49m[39;49m
[39;49m[32m[39;49m[32m    [+] returns the correct assertion message when collection is not empty[39;49m[39;49m[39;49m[30m[39;49m[30m 14ms[39;49m[39;49m
[39;49m[32m[39;49m[32m    [+] returns the correct assertion message when collection is not empty[39;49m[39;49m[39;49m[30m[39;49m[30m 15ms[39;49m[39;49m
[39;49m[32m[39;49m[32m    [+] validates the expected size to be bigger than 0[39;49m[39;49m[39;49m[30m[39;49m[30m 16ms[39;49m[39;49m

[39;49m[32m[39;49m[32m  Describing Should -Not -HaveCount[39;49m[39;49m
[39;49m[32m[39;49m[32m    [+] passes if collection does not have the expected count of items[39;49m[39;49m[39;49m[30m[39;49m[30m 4ms[39;49m[39;49m
[39;49m[32m[39;49m[32m    [+] fails if collection HaveCounts the value[39;49m[39;49m[39;49m[30m[39;49m[30m 25ms[39;49m[39;49m
[39;49m[32m[39;49m[32m    [+] returns the correct assertion message[39;49m[39;49m[39;49m[30m[39;49m[30m 17ms[39;49m[39;49m
[39;49m[32m[39;49m[32m    [+] returns the correct assertion message[39;49m[39;49m[39;49m[30m[39;49m[30m 13ms[39;49m[39;49m
[39;49m[32m[39;49m[32m    [+] validates the expected size to be bigger than 0[39;49m[39;49m[39;49m[30m[39;49m[30m 18ms[39;49m[39;49m

[39;49m[32m[39;49m[32mExecuting script /Users/travis/build/pester/Pester/Functions/Assertions/HaveParameter.Tests.ps1[39;49m[39;49m

[39;49m[32m[39;49m[32m  Describing Should -HaveParameter[39;49m[39;49m
[39;49m[32m[39;49m[32m    [+] passes if the parameter MandatoryParam exists[39;49m[39;49m[39;49m[30m[39;49m[30m 50ms[39;49m[39;49m
[39;49m[32m[39;49m[32m    [+] passes if the parameter ParamWithNotNullOrEmptyValidation exists[39;49m[39;49m[39;49m[30m[39;49m[30m 4ms[39;49m[39;49m
[39;49m[32m[39;49m[32m    [+] passes if the parameter ParamWithScriptValidation exists[39;49m[39;49m[39;49m[30m[39;49m[30m 4ms[39;49m[39;49m
[39;49m[32m[39;49m[32m    [+] passes if the parameter ParamWithArgumentCompleter exists[39;49m[39;49m[39;49m[30m[39;49m[30m 5ms[39;49m[39;49m
[39;49m[32m[39;49m[32m    [+] passes if the parameter MandatoryParam is mandatory[39;49m[39;49m[39;49m[30m[39;49m[30m 10ms[39;49m[39;49m
[39;49m[32m[39;49m[32m    [+] passes if the parameter MandatoryParam is of type [System.Object][39;49m[39;49m[39;49m[30m[39;49m[30m 13ms[39;49m[39;49m
[39;49m[32m[39;49m[32m    [+] passes if the parameter ParamWithNotNullOrEmptyValidation is of type [datetime][39;49m[39;49m[39;49m[30m[39;49m[30m 5ms[39;49m[39;49m
[39;49m[32m[39;49m[32m    [+] passes if the parameter ParamWithScriptValidation is of type String[39;49m[39;49m[39;49m[30m[39;49m[30m 10ms[39;49m[39;49m
[39;49m[32m[39;49m[32m    [+] passes if the parameter ParamWithArgumentCompleter is of type String[39;49m[39;49m[39;49m[30m[39;49m[30m 5ms[39;49m[39;49m
[39;49m[32m[39;49m[32m    [+] passes if the parameter ParamWithArgumentCompleter has an ArgumentCompleter[39;49m[39;49m[39;49m[30m[39;49m[30m 13ms[39;49m[39;49m
[39;49m[32m[39;49m[32m    [+] passes if the parameter MandatoryParam has a default value '<empty>'[39;49m[39;49m[39;49m[30m[39;49m[30m 226ms[39;49m[39;49m
[39;49m[32m[39;49m[32m    [+] passes if the parameter ParamWithNotNullOrEmptyValidation has a default value '(Get-Date)'[39;49m[39;49m[39;49m[30m[39;49m[30m 111ms[39;49m[39;49m
[39;49m[32m[39;49m[32m    [+] passes if the parameter ParamWithScriptValidation has a default value '.'[39;49m[39;49m[39;49m[30m[39;49m[30m 109ms[39;49m[39;49m
[39;49m[32m[39;49m[32m    [+] passes if the parameter ParamWithArgumentCompleter has a default value './.git'[39;49m[39;49m[39;49m[30m[39;49m[30m 117ms[39;49m[39;49m
[39;49m[32m[39;49m[32m    [+] passes if the parameter ParamWithNotNullOrEmptyValidation exists, is of type [datetime] and has a default value '(Get-Date)'[39;49m[39;49m[39;49m[30m[39;49m[30m 106ms[39;49m[39;49m
[39;49m[32m[39;49m[32m    [+] passes if the parameter ParamWithScriptValidation exists, is of type [string] and has a default value '.'[39;49m[39;49m[39;49m[30m[39;49m[30m 116ms[39;49m[39;49m
[39;49m[32m[39;49m[32m    [+] passes if the parameter ParamWithArgumentCompleter exists, is of type String and has a default value './.git'[39;49m[39;49m[39;49m[30m[39;49m[30m 111ms[39;49m[39;49m
[39;49m[32m[39;49m[32m    [+] passes if the parameter ParamWithArgumentCompleter exists, is of type [string], has a default value './.git' and has an ArgumentCompleter[39;49m[39;49m[39;49m[30m[39;49m[30m 108ms[39;49m[39;49m
[39;49m[32m[39;49m[32m    [+] fails if the command does not have any parameters[39;49m[39;49m[39;49m[30m[39;49m[30m 23ms[39;49m[39;49m
[39;49m[32m[39;49m[32m    [+] fails if the parameter InputObject does not exists[39;49m[39;49m[39;49m[30m[39;49m[30m 20ms[39;49m[39;49m
[39;49m[32m[39;49m[32m    [+] fails if the parameter Date does not exists[39;49m[39;49m[39;49m[30m[39;49m[30m 14ms[39;49m[39;49m
[39;49m[32m[39;49m[32m    [+] fails if the parameter Path does not exists[39;49m[39;49m[39;49m[30m[39;49m[30m 15ms[39;49m[39;49m
[39;49m[32m[39;49m[32m    [+] fails if the parameter ParamWithNotNullOrEmptyValidation is not mandatory or does not exist[39;49m[39;49m[39;49m[30m[39;49m[30m 20ms[39;49m[39;49m
[39;49m[32m[39;49m[32m    [+] fails if the parameter ParamWithScriptValidation is not mandatory or does not exist[39;49m[39;49m[39;49m[30m[39;49m[30m 17ms[39;49m[39;49m
[39;49m[32m[39;49m[32m    [+] fails if the parameter ParamWithArgumentCompleter is not mandatory or does not exist[39;49m[39;49m[39;49m[30m[39;49m[30m 16ms[39;49m[39;49m
[39;49m[32m[39;49m[32m    [+] fails if the parameter InputObject is not mandatory or does not exist[39;49m[39;49m[39;49m[30m[39;49m[30m 15ms[39;49m[39;49m
[39;49m[32m[39;49m[32m    [+] fails if the parameter MandatoryParam is not of type [int] or does not exist[39;49m[39;49m[39;49m[30m[39;49m[30m 18ms[39;49m[39;49m
[39;49m[32m[39;49m[32m    [+] fails if the parameter ParamWithNotNullOrEmptyValidation is not of type [int] or does not exist[39;49m[39;49m[39;49m[30m[39;49m[30m 16ms[39;49m[39;49m
[39;49m[32m[39;49m[32m    [+] fails if the parameter ParamWithScriptValidation is not of type [datetime] or does not exist[39;49m[39;49m[39;49m[30m[39;49m[30m 16ms[39;49m[39;49m
[39;49m[32m[39;49m[32m    [+] fails if the parameter ParamWithArgumentCompleter is not of type DateTime or does not exist[39;49m[39;49m[39;49m[30m[39;49m[30m 18ms[39;49m[39;49m
[39;49m[32m[39;49m[32m    [+] fails if the parameter InputObject is not of type [string] or does not exist[39;49m[39;49m[39;49m[30m[39;49m[30m 15ms[39;49m[39;49m
[39;49m[32m[39;49m[32m    [+] fails if the parameter MandatoryParam has not an ArgumentCompleter or does not exist[39;49m[39;49m[39;49m[30m[39;49m[30m 16ms[39;49m[39;49m
[39;49m[32m[39;49m[32m    [+] fails if the parameter ParamWithNotNullOrEmptyValidation has not an ArgumentCompleter or does not exist[39;49m[39;49m[39;49m[30m[39;49m[30m 15ms[39;49m[39;49m
[39;49m[32m[39;49m[32m    [+] fails if the parameter ParamWithScriptValidation has not an ArgumentCompleter or does not exist[39;49m[39;49m[39;49m[30m[39;49m[30m 23ms[39;49m[39;49m
[39;49m[32m[39;49m[32m    [+] fails if the parameter InputObject has not an ArgumentCompleter or does not exist[39;49m[39;49m[39;49m[30m[39;49m[30m 25ms[39;49m[39;49m
[39;49m[32m[39;49m[32m    [+] fails if the parameter MandatoryParam has a default value other than '.' or does not exist[39;49m[39;49m[39;49m[30m[39;49m[30m 131ms[39;49m[39;49m
[39;49m[32m[39;49m[32m    [+] fails if the parameter ParamWithNotNullOrEmptyValidation has a default value other than '(Get-Item)' or does not exist[39;49m[39;49m[39;49m[30m[39;49m[30m 135ms[39;49m[39;49m
[39;49m[32m[39;49m[32m    [+] fails if the parameter ParamWithScriptValidation has a default value other than '<empty>' or does not exist[39;49m[39;49m[39;49m[30m[39;49m[30m 126ms[39;49m[39;49m
[39;49m[32m[39;49m[32m    [+] fails if the parameter ParamWithArgumentCompleter has a default value other than '.' or does not exist[39;49m[39;49m[39;49m[30m[39;49m[30m 116ms[39;49m[39;49m
[39;49m[32m[39;49m[32m    [+] fails if the parameter InputObject has a default value other than '<empty>' or does not exist[39;49m[39;49m[39;49m[30m[39;49m[30m 16ms[39;49m[39;49m
[39;49m[32m[39;49m[32m    [+] fails if the parameter MandatoryParam does not exist, is not of type [datetime] or has a default value other than '(Get-Item)'[39;49m[39;49m[39;49m[30m[39;49m[30m 122ms[39;49m[39;49m
[39;49m[32m[39;49m[32m    [+] fails if the parameter ParamWithNotNullOrEmptyValidation does not exist, is not of type [datetime] or has a default value other than '(Get-Item)'[39;49m[39;49m[39;49m[30m[39;49m[30m 122ms[39;49m[39;49m
[39;49m[32m[39;49m[32m    [+] fails if the parameter ParamWithScriptValidation does not exist, is not of type [datetime] or has a default value other than '.'[39;49m[39;49m[39;49m[30m[39;49m[30m 123ms[39;49m[39;49m
[39;49m[32m[39;49m[32m    [+] fails if the parameter ParamWithArgumentCompleter does not exist, is not of type String or has a default value other than '<empty>'[39;49m[39;49m[39;49m[30m[39;49m[30m 127ms[39;49m[39;49m
[39;49m[32m[39;49m[32m    [+] fails if the parameter InputObject does not exist, is not of type [string] or has a default value other than '<empty>'[39;49m[39;49m[39;49m[30m[39;49m[30m 15ms[39;49m[39;49m
[39;49m[32m[39;49m[32m    [+] fails if the parameter MandatoryParam does not exist, is not of type [System.Object], has a default value other than '<empty>' or has not an ArgumentCompleter[39;49m[39;49m[39;49m[30m[39;49m[30m 135ms[39;49m[39;49m
[39;49m[32m[39;49m[32m    [+] fails if the parameter ParamWithNotNullOrEmptyValidation does not exist, is not of type [datetime], has a default value other than '.' or has not an ArgumentCompleter[39;49m[39;49m[39;49m[30m[39;49m[30m 132ms[39;49m[39;49m
[39;49m[32m[39;49m[32m    [+] fails if the parameter ParamWithScriptValidation does not exist, is not of type [string], has a default value other than '.' or has not an ArgumentCompleter[39;49m[39;49m[39;49m[30m[39;49m[30m 122ms[39;49m[39;49m
[39;49m[32m[39;49m[32m    [+] fails if the parameter ParamWithArgumentCompleter does not exist, is not of type [string], has a default value other than '.' or has not an ArgumentCompleter[39;49m[39;49m[39;49m[30m[39;49m[30m 131ms[39;49m[39;49m
[39;49m[32m[39;49m[32m    [+] fails if the parameter InputObject does not exist, is not of type [string], has a default value other than '.' or has not an ArgumentCompleter[39;49m[39;49m[39;49m[30m[39;49m[30m 15ms[39;49m[39;49m
[39;49m[32m[39;49m[32m    [+] returns the correct assertion message when the command does not have any parameters[39;49m[39;49m[39;49m[30m[39;49m[30m 16ms[39;49m[39;49m
[39;49m[32m[39;49m[32m    [+] returns the correct assertion message when parameter ParamWithNotNullOrEmptyValidation is not mandatory[39;49m[39;49m[39;49m[30m[39;49m[30m 17ms[39;49m[39;49m
[39;49m[32m[39;49m[32m    [+] returns the correct assertion message when parameter ParamWithNotNullOrEmptyValidation is not mandatory, of the wrong type and has a different default value than expected[39;49m[39;49m[39;49m[30m[39;49m[30m 135ms[39;49m[39;49m
[39;49m[32m[39;49m[32m    [+] returns the correct assertion message when parameter ParamWithNotNullOrEmptyValidation is not mandatory, of the wrong type, has a different default value than expected and has no ArgumentCompleter[39;49m[39;49m[39;49m[30m[39;49m[30m 134ms[39;49m[39;49m

[39;49m[32m[39;49m[32m  Describing Should -Not -HavePameter[39;49m[39;49m
[39;49m[32m[39;49m[32m    [+] passes if the parameter FirstParam does not exists[39;49m[39;49m[39;49m[30m[39;49m[30m 5ms[39;49m[39;49m
[39;49m[32m[39;49m[32m    [+] passes if the parameter InputObject does not exists[39;49m[39;49m[39;49m[30m[39;49m[30m 5ms[39;49m[39;49m
[39;49m[32m[39;49m[32m    [+] passes if the parameter ParamWithNotNullOrEmptyValidation does not exist or is not mandatory[39;49m[39;49m[39;49m[30m[39;49m[30m 6ms[39;49m[39;49m
[39;49m[32m[39;49m[32m    [+] passes if the parameter ParamWithScriptValidation does not exist or is not mandatory[39;49m[39;49m[39;49m[30m[39;49m[30m 6ms[39;49m[39;49m
[39;49m[32m[39;49m[32m    [+] passes if the parameter ParamWithArgumentCompleter does not exist or is not mandatory[39;49m[39;49m[39;49m[30m[39;49m[30m 6ms[39;49m[39;49m
[39;49m[32m[39;49m[32m    [+] passes if the parameter InputObject does not exist or is not mandatory[39;49m[39;49m[39;49m[30m[39;49m[30m 9ms[39;49m[39;49m
[39;49m[32m[39;49m[32m    [+] passes if the parameter ParamWithNotNullOrEmptyValidation does not exist, is not mandatory or is not of type [TimeSpan][39;49m[39;49m[39;49m[30m[39;49m[30m 6ms[39;49m[39;49m
[39;49m[32m[39;49m[32m    [+] passes if the parameter ParamWithScriptValidation does not exist, is not mandatory or is not of type [TimeSpan][39;49m[39;49m[39;49m[30m[39;49m[30m 10ms[39;49m[39;49m
[39;49m[32m[39;49m[32m    [+] passes if the parameter ParamWithArgumentCompleter does not exist, is not mandatory or is not of type [timespan][39;49m[39;49m[39;49m[30m[39;49m[30m 5ms[39;49m[39;49m
[39;49m[32m[39;49m[32m    [+] passes if the parameter InputObject does not exist, is not mandatory or is not of type [Object][39;49m[39;49m[39;49m[30m[39;49m[30m 4ms[39;49m[39;49m
[39;49m[32m[39;49m[32m    [+] passes if the parameter MandatoryParam does not exist, is not mandatory, is not of type [TimeSpan] or the default value is not wrong[39;49m[39;49m[39;49m[30m[39;49m[30m 105ms[39;49m[39;49m
[39;49m[32m[39;49m[32m    [+] passes if the parameter ParamWithNotNullOrEmptyValidation does not exist, is not mandatory, is not of type [TimeSpan] or the default value is not <empty>[39;49m[39;49m[39;49m[30m[39;49m[30m 107ms[39;49m[39;49m
[39;49m[32m[39;49m[32m    [+] passes if the parameter ParamWithScriptValidation does not exist, is not mandatory, is not of type [Int32] or the default value is not ..[39;49m[39;49m[39;49m[30m[39;49m[30m 109ms[39;49m[39;49m
[39;49m[32m[39;49m[32m    [+] passes if the parameter ParamWithArgumentCompleter does not exist, is not mandatory, is not of type [timespan] or the default value is not .[39;49m[39;49m[39;49m[30m[39;49m[30m 116ms[39;49m[39;49m
[39;49m[32m[39;49m[32m    [+] passes if the parameter InputObject does not exist, is not mandatory, is not of type [Object] or the default value is not <empty>[39;49m[39;49m[39;49m[30m[39;49m[30m 4ms[39;49m[39;49m
[39;49m[32m[39;49m[32m    [+] passes if the parameter MandatoryParam does not exist, has not an ArgumentCompleter[39;49m[39;49m[39;49m[30m[39;49m[30m 5ms[39;49m[39;49m
[39;49m[32m[39;49m[32m    [+] passes if the parameter ParamWithNotNullOrEmptyValidation does not exist, has not an ArgumentCompleter[39;49m[39;49m[39;49m[30m[39;49m[30m 4ms[39;49m[39;49m
[39;49m[32m[39;49m[32m    [+] passes if the parameter ParamWithScriptValidation does not exist, has not an ArgumentCompleter[39;49m[39;49m[39;49m[30m[39;49m[30m 4ms[39;49m[39;49m
[39;49m[32m[39;49m[32m    [+] passes if the parameter InputObject does not exist, has not an ArgumentCompleter[39;49m[39;49m[39;49m[30m[39;49m[30m 4ms[39;49m[39;49m
[39;49m[32m[39;49m[32m    [+] fails if the parameter MandatoryParam exists[39;49m[39;49m[39;49m[30m[39;49m[30m 15ms[39;49m[39;49m
[39;49m[32m[39;49m[32m    [+] fails if the parameter ParamWithNotNullOrEmptyValidation exists[39;49m[39;49m[39;49m[30m[39;49m[30m 16ms[39;49m[39;49m
[39;49m[32m[39;49m[32m    [+] fails if the parameter ParamWithScriptValidation exists[39;49m[39;49m[39;49m[30m[39;49m[30m 16ms[39;49m[39;49m
[39;49m[32m[39;49m[32m    [+] fails if the parameter ParamWithArgumentCompleter exists[39;49m[39;49m[39;49m[30m[39;49m[30m 13ms[39;49m[39;49m
[39;49m[32m[39;49m[32m    [+] fails if the parameter MandatoryParam is mandatory[39;49m[39;49m[39;49m[30m[39;49m[30m 25ms[39;49m[39;49m
[39;49m[32m[39;49m[32m    [+] fails if the parameter MandatoryParam is of type [System.Object][39;49m[39;49m[39;49m[30m[39;49m[30m 15ms[39;49m[39;49m
[39;49m[32m[39;49m[32m    [+] fails if the parameter ParamWithNotNullOrEmptyValidation is of type [datetime][39;49m[39;49m[39;49m[30m[39;49m[30m 13ms[39;49m[39;49m
[39;49m[32m[39;49m[32m    [+] fails if the parameter ParamWithScriptValidation is of type [string][39;49m[39;49m[39;49m[30m[39;49m[30m 16ms[39;49m[39;49m
[39;49m[32m[39;49m[32m    [+] fails if the parameter ParamWithArgumentCompleter is of type String[39;49m[39;49m[39;49m[30m[39;49m[30m 14ms[39;49m[39;49m
[39;49m[32m[39;49m[32m    [+] fails if the parameter MandatoryParam is of type [Object] or the default value is <empty>[39;49m[39;49m[39;49m[30m[39;49m[30m 119ms[39;49m[39;49m
[39;49m[32m[39;49m[32m    [+] fails if the parameter ParamWithNotNullOrEmptyValidation is of type [DateTime] or the default value is <empty>[39;49m[39;49m[39;49m[30m[39;49m[30m 115ms[39;49m[39;49m
[39;49m[32m[39;49m[32m    [+] fails if the parameter ParamWithScriptValidation is of type [String] or the default value is ..[39;49m[39;49m[39;49m[30m[39;49m[30m 122ms[39;49m[39;49m
[39;49m[32m[39;49m[32m    [+] fails if the parameter ParamWithArgumentCompleter is of type [string] or the default value is .[39;49m[39;49m[39;49m[30m[39;49m[30m 133ms[39;49m[39;49m
[39;49m[32m[39;49m[32m    [+] fails if the parameter ParamWithArgumentCompleter has an ArgumentCompleter[39;49m[39;49m[39;49m[30m[39;49m[30m 17ms[39;49m[39;49m
[39;49m[32m[39;49m[32m    [+] fails if the parameter MandatoryParam has a default value of '<empty>'[39;49m[39;49m[39;49m[30m[39;49m[30m 20ms[39;49m[39;49m
[39;49m[32m[39;49m[32m    [+] fails if the parameter ParamWithNotNullOrEmptyValidation has a default value of '(Get-Date)'[39;49m[39;49m[39;49m[30m[39;49m[30m 132ms[39;49m[39;49m
[39;49m[32m[39;49m[32m    [+] fails if the parameter ParamWithScriptValidation has a default value of '.'[39;49m[39;49m[39;49m[30m[39;49m[30m 125ms[39;49m[39;49m
[39;49m[32m[39;49m[32m    [+] fails if the parameter ParamWithArgumentCompleter has a default value of './.git'[39;49m[39;49m[39;49m[30m[39;49m[30m 126ms[39;49m[39;49m
[39;49m[32m[39;49m[32m    [+] fails if the parameter MandatoryParam is of type [System.Object] or has a default value of '<empty>'[39;49m[39;49m[39;49m[30m[39;49m[30m 128ms[39;49m[39;49m
[39;49m[32m[39;49m[32m    [+] fails if the parameter ParamWithNotNullOrEmptyValidation is of type [datetime] or has a default value of '(Get-Date)'[39;49m[39;49m[39;49m[30m[39;49m[30m 132ms[39;49m[39;49m
[39;49m[32m[39;49m[32m    [+] fails if the parameter ParamWithScriptValidation is of type [string] or has a default value of '.'[39;49m[39;49m[39;49m[30m[39;49m[30m 130ms[39;49m[39;49m
[39;49m[32m[39;49m[32m    [+] fails if the parameter ParamWithArgumentCompleter is of type String or has a default value of './.git'[39;49m[39;49m[39;49m[30m[39;49m[30m 136ms[39;49m[39;49m
[39;49m[32m[39;49m[32m    [+] fails if the parameter ParamWithArgumentCompleter is of type [string], has a default value of './.git' or has an ArgumentCompleter[39;49m[39;49m[39;49m[30m[39;49m[30m 126ms[39;49m[39;49m
[39;49m[32m[39;49m[32m    [+] fails if the parameter ParamWithArgumentCompleter is of type [datetime], has a default value of './.git' or has an ArgumentCompleter[39;49m[39;49m[39;49m[30m[39;49m[30m 134ms[39;49m[39;49m
[39;49m[32m[39;49m[32m    [+] fails if the parameter ParamWithArgumentCompleter is of type [datetime], has a default value of '<empty>' or has an ArgumentCompleter[39;49m[39;49m[39;49m[30m[39;49m[30m 130ms[39;49m[39;49m
[39;49m[32m[39;49m[32m    [+] returns the correct assertion message when parameter ParamWithNotNullOrEmptyValidation is not mandatory[39;49m[39;49m[39;49m[30m[39;49m[30m 18ms[39;49m[39;49m
[39;49m[32m[39;49m[32m    [+] returns the correct assertion message when parameter ParamWithNotNullOrEmptyValidation is not mandatory, of the wrong type and has a different default value than expected[39;49m[39;49m[39;49m[30m[39;49m[30m 131ms[39;49m[39;49m
[39;49m[32m[39;49m[32m    [+] returns the correct assertion message when parameter ParamWithNotNullOrEmptyValidation is not mandatory, of the wrong type, has a different default value than expected and has no ArgumentCompleter[39;49m[39;49m[39;49m[30m[39;49m[30m 123ms[39;49m[39;49m

[39;49m[32m[39;49m[32mExecuting script /Users/travis/build/pester/Pester/Functions/Assertions/Match.Tests.ps1[39;49m[39;49m

[39;49m[32m[39;49m[32m  Describing Should -Match[39;49m[39;49m
[39;49m[32m[39;49m[32m    [+] returns true for things that match[39;49m[39;49m[39;49m[30m[39;49m[30m 7ms[39;49m[39;49m
[39;49m[32m[39;49m[32m    [+] returns false for things that do not match[39;49m[39;49m[39;49m[30m[39;49m[30m 6ms[39;49m[39;49m
[39;49m[32m[39;49m[32m    [+] passes for strings with different case[39;49m[39;49m[39;49m[30m[39;49m[30m 6ms[39;49m[39;49m
[39;49m[32m[39;49m[32m    [+] uses regular expressions[39;49m[39;49m[39;49m[30m[39;49m[30m 6ms[39;49m[39;49m
[39;49m[32m[39;49m[32m    [+] passes for regular expressions that match[39;49m[39;49m[39;49m[30m[39;49m[30m 6ms[39;49m[39;49m
[39;49m[32m[39;49m[32m    [+] passes for regular expression with different case[39;49m[39;49m[39;49m[30m[39;49m[30m 4ms[39;49m[39;49m
[39;49m[32m[39;49m[32m    [+] fails for regular expressions that do not match[39;49m[39;49m[39;49m[30m[39;49m[30m 17ms[39;49m[39;49m
[39;49m[32m[39;49m[32m    [+] returns the correct assertion message[39;49m[39;49m[39;49m[30m[39;49m[30m 16ms[39;49m[39;49m

[39;49m[32m[39;49m[32m  Describing Should -Not -Match[39;49m[39;49m
[39;49m[32m[39;49m[32m    [+] passes for regular expressions that do not match[39;49m[39;49m[39;49m[30m[39;49m[30m 6ms[39;49m[39;49m
[39;49m[32m[39;49m[32m    [+] fails for things that match[39;49m[39;49m[39;49m[30m[39;49m[30m 18ms[39;49m[39;49m
[39;49m[32m[39;49m[32m    [+] fails for strings with different case[39;49m[39;49m[39;49m[30m[39;49m[30m 14ms[39;49m[39;49m
[39;49m[32m[39;49m[32m    [+] returns the correct assertion message[39;49m[39;49m[39;49m[30m[39;49m[30m 14ms[39;49m[39;49m

[39;49m[32m[39;49m[32mExecuting script /Users/travis/build/pester/Pester/Functions/Assertions/MatchExactly.Tests.ps1[39;49m[39;49m

[39;49m[32m[39;49m[32m  Describing Should -MatchExactly[39;49m[39;49m
[39;49m[32m[39;49m[32m    [+] returns true for things that match exactly[39;49m[39;49m[39;49m[30m[39;49m[30m 10ms[39;49m[39;49m
[39;49m[32m[39;49m[32m    [+] returns false for things that do not match exactly[39;49m[39;49m[39;49m[30m[39;49m[30m 11ms[39;49m[39;49m
[39;49m[32m[39;49m[32m    [+] uses regular expressions[39;49m[39;49m[39;49m[30m[39;49m[30m 8ms[39;49m[39;49m
[39;49m[32m[39;49m[32m    [+] passes for regular expressions that match[39;49m[39;49m[39;49m[30m[39;49m[30m 6ms[39;49m[39;49m
[39;49m[32m[39;49m[32m    [+] fails for regular expression with different case[39;49m[39;49m[39;49m[30m[39;49m[30m 15ms[39;49m[39;49m
[39;49m[32m[39;49m[32m    [+] fails for regular expressions that do not match[39;49m[39;49m[39;49m[30m[39;49m[30m 14ms[39;49m[39;49m
[39;49m[32m[39;49m[32m    [+] returns the correct assertion message[39;49m[39;49m[39;49m[30m[39;49m[30m 18ms[39;49m[39;49m

[39;49m[32m[39;49m[32m  Describing Should -Not -MatchExactly[39;49m[39;49m
[39;49m[32m[39;49m[32m    [+] passes for regular expressions that do not MatchExactly[39;49m[39;49m[39;49m[30m[39;49m[30m 7ms[39;49m[39;49m
[39;49m[32m[39;49m[32m    [+] passes for strings with different case[39;49m[39;49m[39;49m[30m[39;49m[30m 3ms[39;49m[39;49m
[39;49m[32m[39;49m[32m    [+] fails for things that MatchExactly[39;49m[39;49m[39;49m[30m[39;49m[30m 21ms[39;49m[39;49m
[39;49m[32m[39;49m[32m    [+] returns the correct assertion message[39;49m[39;49m[39;49m[30m[39;49m[30m 19ms[39;49m[39;49m

[39;49m[32m[39;49m[32mExecuting script /Users/travis/build/pester/Pester/Functions/Assertions/PesterThrow.Tests.ps1[39;49m[39;49m

[39;49m[32m[39;49m[32m  Describing Should -Throw[39;49m[39;49m

[39;49m[32m[39;49m[32m    Context Basic functionality[39;49m[39;49m
[39;49m[32m[39;49m[32m      [+] given scriptblock that throws an exception it passes[39;49m[39;49m[39;49m[30m[39;49m[30m 12ms[39;49m[39;49m
[39;49m[32m[39;49m[32m      [+] given scriptblock that throws an exception is passes - legacy syntax[39;49m[39;49m[39;49m[30m[39;49m[30m 10ms[39;49m[39;49m
[39;49m[32m[39;49m[32m      [+] given scriptblock that does not throw an exception it fails[39;49m[39;49m[39;49m[30m[39;49m[30m 29ms[39;49m[39;49m
[39;49m[32m[39;49m[32m      [+] given scriptblock that does not throw an exception it fails - legacy syntax[39;49m[39;49m[39;49m[30m[39;49m[30m 17ms[39;49m[39;49m
[39;49m[32m[39;49m[32m      [+] throws ArgumentException if null ScriptBlock is provided[39;49m[39;49m[39;49m[30m[39;49m[30m 26ms[39;49m[39;49m
[39;49m[32m[39;49m[32m      [+] throws ArgumentException if null ScriptBlock is provided - legacy syntax[39;49m[39;49m[39;49m[30m[39;49m[30m 21ms[39;49m[39;49m
[39;49m[32m[39;49m[32m      [+] returns error when -PassThru is specified[39;49m[39;49m[39;49m[30m[39;49m[30m 17ms[39;49m[39;49m

[39;49m[32m[39;49m[32m    Context Matching error message[39;49m[39;49m
[39;49m[32m[39;49m[32m      [+] given scriptblock that throws exception with the expected message it passes[39;49m[39;49m[39;49m[30m[39;49m[30m 12ms[39;49m[39;49m
[39;49m[32m[39;49m[32m      [+] given scriptblock that throws exception with the expected message it passes - legacy syntax[39;49m[39;49m[39;49m[30m[39;49m[30m 11ms[39;49m[39;49m
[39;49m[32m[39;49m[32m      [+] given scriptblock that throws exception with the expected message in UPPERCASE it passes[39;49m[39;49m[39;49m[30m[39;49m[30m 14ms[39;49m[39;49m
[39;49m[32m[39;49m[32m      [+] given scriptblock that throws exception with the expected message in UPPERCASE it passes - legacy syntax[39;49m[39;49m[39;49m[30m[39;49m[30m 26ms[39;49m[39;49m
[39;49m[32m[39;49m[32m      [+] given scriptblock that throws exception with a different message it fails[39;49m[39;49m[39;49m[30m[39;49m[30m 30ms[39;49m[39;49m
[39;49m[32m[39;49m[32m      [+] given scriptblock that throws exception with a different message it fails - legacy syntax[39;49m[39;49m[39;49m[30m[39;49m[30m 22ms[39;49m[39;49m
[39;49m[32m[39;49m[32m      [+] given scriptblock that throws exception with message that contains the expected message it passes[39;49m[39;49m[39;49m[30m[39;49m[30m 11ms[39;49m[39;49m
[39;49m[32m[39;49m[32m      [+] given scriptblock that throws exception with message that contains the expected message it passes - legacy syntax[39;49m[39;49m[39;49m[30m[39;49m[30m 13ms[39;49m[39;49m

[39;49m[32m[39;49m[32m    Context Matching ErrorId (FullyQualifiedErrorId)[39;49m[39;49m
[39;49m[32m[39;49m[32m      [+] given scriptblock that throws exception with FullyQualifiedErrorId with the expected ErrorId it passes[39;49m[39;49m[39;49m[30m[39;49m[30m 12ms[39;49m[39;49m
[39;49m[32m[39;49m[32m      [+] given scriptblock that throws exception with FullyQualifiedErrorId that contains the expected ErrorId it passes[39;49m[39;49m[39;49m[30m[39;49m[30m 12ms[39;49m[39;49m
[39;49m[32m[39;49m[32m      [+] given scriptblock that throws exception with FullyQualifiedErrorId that is different from the expected ErrorId it fails[39;49m[39;49m[39;49m[30m[39;49m[30m 31ms[39;49m[39;49m

[39;49m[32m[39;49m[32m    Context Matching exception type[39;49m[39;49m
[39;49m[32m[39;49m[32m      [+] given scriptblock that throws exception with the expected type it passes[39;49m[39;49m[39;49m[30m[39;49m[30m 12ms[39;49m[39;49m
[39;49m[32m[39;49m[32m      [+] given scriptblock that throws exception with a sub-type of the expected type it passes[39;49m[39;49m[39;49m[30m[39;49m[30m 14ms[39;49m[39;49m
[39;49m[32m[39;49m[32m      [+] given scriptblock that throws errorrecord with the expected exception type it passes[39;49m[39;49m[39;49m[30m[39;49m[30m 10ms[39;49m[39;49m
[39;49m[32m[39;49m[32m      [+] given scriptblock that throws exception with a different type than the expected type it fails[39;49m[39;49m[39;49m[30m[39;49m[30m 27ms[39;49m[39;49m
[39;49m[32m[39;49m[32m      [+] given scriptblock that throws errorrecord with a different exception type it fails[39;49m[39;49m[39;49m[30m[39;49m[30m 27ms[39;49m[39;49m

[39;49m[32m[39;49m[32m    Context Assertion messages[39;49m[39;49m
[39;49m[32m[39;49m[32m      [+] returns the correct assertion message when no exception is thrown[39;49m[39;49m[39;49m[30m[39;49m[30m 18ms[39;49m[39;49m
[39;49m[32m[39;49m[32m      [+] returns the correct assertion message when type filter is used, but no exception is thrown[39;49m[39;49m[39;49m[30m[39;49m[30m 16ms[39;49m[39;49m
[39;49m[32m[39;49m[32m      [+] returns the correct assertion message when message filter is used, but no exception is thrown[39;49m[39;49m[39;49m[30m[39;49m[30m 15ms[39;49m[39;49m
[39;49m[32m[39;49m[32m      [+] returns the correct assertion message when errorId filter is used, but no exception is thrown[39;49m[39;49m[39;49m[30m[39;49m[30m 15ms[39;49m[39;49m
[39;49m[32m[39;49m[32m      [+] returns the correct assertion message when exceptions messages differ[39;49m[39;49m[39;49m[30m[39;49m[30m 38ms[39;49m[39;49m
[39;49m[32m[39;49m[32m      [+] returns the correct assertion message when reason is specified[39;49m[39;49m[39;49m[30m[39;49m[30m 27ms[39;49m[39;49m

[39;49m[32m[39;49m[32m      Context parameter combintation, returns the correct assertion message[39;49m[39;49m
[39;49m[32m[39;49m[32m        [+] given scriptblock that throws an exception where 1 parameter(s) don't match, it fails with correct assertion message
actual:   id -id, message +mess, type [System.InvalidOperationException]
expected: id +id, message +mess type [System.InvalidOperationException][39;49m[39;49m[39;49m[30m[39;49m[30m 44ms[39;49m[39;49m
[39;49m[32m[39;49m[32m        [+] given scriptblock that throws an exception where 2 parameter(s) don't match, it fails with correct assertion message
actual:   id -id, message -mess, type [System.InvalidOperationException]
expected: id +id, message +mess type [System.InvalidOperationException][39;49m[39;49m[39;49m[30m[39;49m[30m 42ms[39;49m[39;49m
[39;49m[32m[39;49m[32m        [+] given scriptblock that throws an exception where 2 parameter(s) don't match, it fails with correct assertion message
actual:   id +id, message -mess, type [System.ArgumentException]
expected: id +id, message +mess type [System.InvalidOperationException][39;49m[39;49m[39;49m[30m[39;49m[30m 37ms[39;49m[39;49m
[39;49m[32m[39;49m[32m        [+] given scriptblock that throws an exception where 2 parameter(s) don't match, it fails with correct assertion message
actual:   id -id, message +mess, type [System.ArgumentException]
expected: id +id, message +mess type [System.InvalidOperationException][39;49m[39;49m[39;49m[30m[39;49m[30m 43ms[39;49m[39;49m
[39;49m[32m[39;49m[32m        [+] given scriptblock that throws an exception where 3 parameter(s) don't match, it fails with correct assertion message
actual:   id -id, message -mess, type [System.ArgumentException]
expected: id +id, message +mess type [System.InvalidOperationException][39;49m[39;49m[39;49m[30m[39;49m[30m 41ms[39;49m[39;49m

[39;49m[32m[39;49m[32m  Describing Should -Not -Throw[39;49m[39;49m

[39;49m[32m[39;49m[32m    Context Basic functionality[39;49m[39;49m
[39;49m[32m[39;49m[32m      [+] given scriptblock that does not throw an exception it passes[39;49m[39;49m[39;49m[30m[39;49m[30m 9ms[39;49m[39;49m
[39;49m[32m[39;49m[32m      [+] given scriptblock that does not throw an exception it passes - legacy syntax[39;49m[39;49m[39;49m[30m[39;49m[30m 4ms[39;49m[39;49m
[39;49m[32m[39;49m[32m      [+] given scriptblock that throws an exception it fails[39;49m[39;49m[39;49m[30m[39;49m[30m 19ms[39;49m[39;49m
[39;49m[32m[39;49m[32m      [+] given scriptblock that throws an exception it fails - legacy syntax[39;49m[39;49m[39;49m[30m[39;49m[30m 18ms[39;49m[39;49m
[39;49m[32m[39;49m[32m      [+] given scriptblock that throws an exception it fails, even if the messages match [39;49m[39;49m[39;49m[30m[39;49m[30m 17ms[39;49m[39;49m
[39;49m[32m[39;49m[32m      [+] given scriptblock that throws an exception it fails, even if the messages match - legacy syntax[39;49m[39;49m[39;49m[30m[39;49m[30m 17ms[39;49m[39;49m
[39;49m[32m[39;49m[32m      [+] given scriptblock that throws an exception it fails, even if the messages do not match [39;49m[39;49m[39;49m[30m[39;49m[30m 22ms[39;49m[39;49m
[39;49m[32m[39;49m[32m      [+] given scriptblock that throws an exception it fails, even if the messages do not match - legacy syntax[39;49m[39;49m[39;49m[30m[39;49m[30m 17ms[39;49m[39;49m
[39;49m[32m[39;49m[32m      [+] throws ArgumentException if null ScriptBlock is provided[39;49m[39;49m[39;49m[30m[39;49m[30m 15ms[39;49m[39;49m
[39;49m[32m[39;49m[32m      [+] throws ArgumentException if null ScriptBlock is provided - legacy syntax[39;49m[39;49m[39;49m[30m[39;49m[30m 26ms[39;49m[39;49m

[39;49m[32m[39;49m[32m    Context Assertion messages[39;49m[39;49m
[39;49m[39;49m

[39;49m[39;49m
[39;49m[32m[39;49m[32m      [+] returns the correct assertion message when an exception is thrown[39;49m[39;49m[39;49m[30m[39;49m[30m 22ms[39;49m[39;49m

[39;49m[32m[39;49m[32m  Describing Get-DoMessagesMatch[39;49m[39;49m
[39;49m[32m[39;49m[32m    [+] given the same messages it returns true[39;49m[39;49m[39;49m[30m[39;49m[30m 2ms[39;49m[39;49m
[39;49m[32m[39;49m[32m    [+] given different messages it returns false[39;49m[39;49m[39;49m[30m[39;49m[30m 1ms[39;49m[39;49m
[39;49m[32m[39;49m[32m    [+] given no expectation it returns true[39;49m[39;49m[39;49m[30m[39;49m[30m 1ms[39;49m[39;49m
[39;49m[32m[39;49m[32m    [+] given empty message and no expectation it returns true[39;49m[39;49m[39;49m[30m[39;49m[30m 1ms[39;49m[39;49m
[39;49m[32m[39;49m[32m    [+] given empty message and empty expectation it returns true[39;49m[39;49m[39;49m[30m[39;49m[30m 2ms[39;49m[39;49m
[39;49m[32m[39;49m[32m    [+] given message that contains the expectation it returns true[39;49m[39;49m[39;49m[30m[39;49m[30m 1ms[39;49m[39;49m

[39;49m[32m[39;49m[32mExecuting script /Users/travis/build/pester/Pester/Functions/Assertions/Set-TestInconclusive.Tests.ps1[39;49m[39;49m

[39;49m[32m[39;49m[32m  Describing Ensuring Set-TestInconclusive is deprecated[39;49m[39;49m

[39;49m[32m[39;49m[32m    Context Set-TestInconclusive calls Set-ItResult -Inconclusive[39;49m[39;49m
[39;49m[33m[39;49m[33mWARNING: DEPRECATED: Set-TestInconclusive was deprecated and will be removed in
 the future. Please update your scripts to use `Set-ItResult -Inconclusive 
-Because $Message`.[39;49m[39;49m
[39;49m[32m[39;49m[32m      [+] Set-TestInconclusive calls Set-ItResult internally[39;49m[39;49m[39;49m[30m[39;49m[30m 106ms[39;49m[39;49m

[39;49m[32m[39;49m[32mExecuting script /Users/travis/build/pester/Pester/Functions/Assertions/Should.Tests.ps1[39;49m[39;49m

[39;49m[32m[39;49m[32m  Describing Parse-ShouldArgs[39;49m[39;49m
[39;49m[32m[39;49m[32m    [+] identifies assertion functions[39;49m[39;49m[39;49m[30m[39;49m[30m 9ms[39;49m[39;49m
[39;49m[32m[39;49m[32m    [+] works with strict mode when using 'switch' style tests[39;49m[39;49m[39;49m[30m[39;49m[30m 16ms[39;49m[39;49m

[39;49m[32m[39;49m[32m    Context for positive assertions[39;49m[39;49m
[39;49m[32m[39;49m[32m      [+] gets the expected value from the 2nd argument[39;49m[39;49m[39;49m[30m[39;49m[30m 4ms[39;49m[39;49m
[39;49m[32m[39;49m[32m      [+] marks the args as a positive assertion[39;49m[39;49m[39;49m[30m[39;49m[30m 11ms[39;49m[39;49m

[39;49m[32m[39;49m[32m    Context for negative assertions[39;49m[39;49m
[39;49m[32m[39;49m[32m      [+] gets the expected value from the third argument[39;49m[39;49m[39;49m[30m[39;49m[30m 5ms[39;49m[39;49m
[39;49m[32m[39;49m[32m      [+] marks the args as a negative assertion[39;49m[39;49m[39;49m[30m[39;49m[30m 5ms[39;49m[39;49m

[39;49m[32m[39;49m[32m  Describing Should[39;49m[39;49m
[39;49m[32m[39;49m[32m    [+] can use the Be assertion[39;49m[39;49m[39;49m[30m[39;49m[30m 12ms[39;49m[39;49m
[39;49m[32m[39;49m[32m    [+] can use the Not Be assertion[39;49m[39;49m[39;49m[30m[39;49m[30m 8ms[39;49m[39;49m
[39;49m[32m[39;49m[32m    [+] can use the BeNullOrEmpty assertion[39;49m[39;49m[39;49m[30m[39;49m[30m 16ms[39;49m[39;49m
[39;49m[32m[39;49m[32m    [+] can use the Not BeNullOrEmpty assertion[39;49m[39;49m[39;49m[30m[39;49m[30m 37ms[39;49m[39;49m
[39;49m[32m[39;49m[32m    [+] can handle exception thrown assertions[39;49m[39;49m[39;49m[30m[39;49m[30m 89ms[39;49m[39;49m
[39;49m[32m[39;49m[32m    [+] can handle exception should not be thrown assertions[39;49m[39;49m[39;49m[30m[39;49m[30m 9ms[39;49m[39;49m
[39;49m[32m[39;49m[32m    [+] can handle Exist assertion[39;49m[39;49m[39;49m[30m[39;49m[30m 8ms[39;49m[39;49m
[39;49m[32m[39;49m[32m    [+] can handle the Match assertion[39;49m[39;49m[39;49m[30m[39;49m[30m 6ms[39;49m[39;49m
[39;49m[32m[39;49m[32m    [+] can test for file contents[39;49m[39;49m[39;49m[30m[39;49m[30m 13ms[39;49m[39;49m
[39;49m[32m[39;49m[32m    [+] ensures all assertion functions provide failure messages[39;49m[39;49m[39;49m[30m[39;49m[30m 82ms[39;49m[39;49m
[39;49m[32m[39;49m[32m    [+] can process functions with empty output as input[39;49m[39;49m[39;49m[30m[39;49m[30m 38ms[39;49m[39;49m

[39;49m[32m[39;49m[32mExecuting script /Users/travis/build/pester/Pester/Functions/BreakAndContinue.Tests.ps1[39;49m[39;49m

[39;49m[32m[39;49m[32m  Describing Clean handling of break and continue[39;49m[39;49m

[39;49m[32m[39;49m[32m    Context Break[39;49m[39;49m

[39;49m[32m[39;49m[32m    Context Continue[39;49m[39;49m
[39;49m[32m[39;49m[32m    [+] Did not abort the whole test run[39;49m[39;49m[39;49m[30m[39;49m[30m 1ms[39;49m[39;49m

[39;49m[32m[39;49m[32mExecuting script /Users/travis/build/pester/Pester/Functions/Context.Tests.ps1[39;49m[39;49m

[39;49m[32m[39;49m[32m  Describing Testing Context[39;49m[39;49m
[39;49m[32m[39;49m[32m    [+] Context throws a missing name error[39;49m[39;49m[39;49m[30m[39;49m[30m 16ms[39;49m[39;49m
[39;49m[32m[39;49m[32m    [+] Has a name that looks like a script block[39;49m[39;49m[39;49m[30m[39;49m[30m 13ms[39;49m[39;49m

[39;49m[32m[39;49m[32mExecuting script /Users/travis/build/pester/Pester/Functions/Coverage.Tests.ps1[39;49m[39;49m

[39;49m[32m[39;49m[32m  Describing Code Coverage Analysis[39;49m[39;49m

[39;49m[32m[39;49m[32m    Context Entire file[39;49m[39;49m
[39;49m[32m[39;49m[32m      [+] Has the proper number of breakpoints defined[39;49m[39;49m[39;49m[30m[39;49m[30m 30ms[39;49m[39;49m
[39;49m[32m[39;49m[32m      [+] Reports the proper number of executed commands[39;49m[39;49m[39;49m[30m[39;49m[30m 11ms[39;49m[39;49m
[39;49m[32m[39;49m[32m      [+] Reports the proper number of analyzed commands[39;49m[39;49m[39;49m[30m[39;49m[30m 10ms[39;49m[39;49m
[39;49m[32m[39;49m[32m      [+] Reports the proper number of analyzed files[39;49m[39;49m[39;49m[30m[39;49m[30m 12ms[39;49m[39;49m
[39;49m[32m[39;49m[32m      [+] Reports the proper number of missed commands[39;49m[39;49m[39;49m[30m[39;49m[30m 15ms[39;49m[39;49m
[39;49m[32m[39;49m[32m      [+] Reports the correct missed command[39;49m[39;49m[39;49m[30m[39;49m[30m 29ms[39;49m[39;49m
[39;49m[32m[39;49m[32m      [+] Reports the proper number of hit commands[39;49m[39;49m[39;49m[30m[39;49m[30m 11ms[39;49m[39;49m
[39;49m[32m[39;49m[32m      [+] Reports the correct hit command[39;49m[39;49m[39;49m[30m[39;49m[30m 18ms[39;49m[39;49m
[39;49m[32m[39;49m[32m      [+] Reports the correct class names[39;49m[39;49m[39;49m[30m[39;49m[30m 23ms[39;49m[39;49m
[39;49m[32m[39;49m[32m      [+] Reports the correct function names[39;49m[39;49m[39;49m[30m[39;49m[30m 27ms[39;49m[39;49m
[39;49m[32m[39;49m[32m      [+] JaCoCo report must be correct[39;49m[39;49m[39;49m[30m[39;49m[30m 489ms[39;49m[39;49m
[39;49m[32m[39;49m[32m      [+] Reports the right line numbers[39;49m[39;49m[39;49m[30m[39;49m[30m 21ms[39;49m[39;49m
[39;49m[32m[39;49m[32m      [+] Reports the right column numbers[39;49m[39;49m[39;49m[30m[39;49m[30m 16ms[39;49m[39;49m

[39;49m[32m[39;49m[32m    Context Single function with missed commands[39;49m[39;49m
[39;49m[32m[39;49m[32m      [+] Has the proper number of breakpoints defined[39;49m[39;49m[39;49m[30m[39;49m[30m 11ms[39;49m[39;49m
[39;49m[32m[39;49m[32m      [+] Reports the proper number of executed commands[39;49m[39;49m[39;49m[30m[39;49m[30m 8ms[39;49m[39;49m
[39;49m[32m[39;49m[32m      [+] Reports the proper number of analyzed commands[39;49m[39;49m[39;49m[30m[39;49m[30m 8ms[39;49m[39;49m
[39;49m[32m[39;49m[32m      [+] Reports the proper number of missed commands[39;49m[39;49m[39;49m[30m[39;49m[30m 15ms[39;49m[39;49m
[39;49m[32m[39;49m[32m      [+] Reports the correct missed command[39;49m[39;49m[39;49m[30m[39;49m[30m 8ms[39;49m[39;49m
[39;49m[32m[39;49m[32m      [+] Reports the proper number of hit commands[39;49m[39;49m[39;49m[30m[39;49m[30m 11ms[39;49m[39;49m

[39;49m[32m[39;49m[32m    Context Single function with no missed commands[39;49m[39;49m
[39;49m[32m[39;49m[32m      [+] Has the proper number of breakpoints defined[39;49m[39;49m[39;49m[30m[39;49m[30m 9ms[39;49m[39;49m
[39;49m[32m[39;49m[32m      [+] Reports the proper number of executed commands[39;49m[39;49m[39;49m[30m[39;49m[30m 15ms[39;49m[39;49m
[39;49m[32m[39;49m[32m      [+] Reports the proper number of analyzed commands[39;49m[39;49m[39;49m[30m[39;49m[30m 8ms[39;49m[39;49m
[39;49m[32m[39;49m[32m      [+] Reports the proper number of missed commands[39;49m[39;49m[39;49m[30m[39;49m[30m 41ms[39;49m[39;49m
[39;49m[32m[39;49m[32m      [+] Reports the proper number of hit commands[39;49m[39;49m[39;49m[30m[39;49m[30m 12ms[39;49m[39;49m
[39;49m[32m[39;49m[32m      [+] Reports the correct hit command[39;49m[39;49m[39;49m[30m[39;49m[30m 10ms[39;49m[39;49m

[39;49m[32m[39;49m[32m    Context Range of lines[39;49m[39;49m
[39;49m[32m[39;49m[32m      [+] Has the proper number of breakpoints defined[39;49m[39;49m[39;49m[30m[39;49m[30m 11ms[39;49m[39;49m
[39;49m[32m[39;49m[32m      [+] Reports the proper number of executed commands[39;49m[39;49m[39;49m[30m[39;49m[30m 7ms[39;49m[39;49m
[39;49m[32m[39;49m[32m      [+] Reports the proper number of analyzed commands[39;49m[39;49m[39;49m[30m[39;49m[30m 7ms[39;49m[39;49m
[39;49m[32m[39;49m[32m      [+] Reports the proper number of missed commands[39;49m[39;49m[39;49m[30m[39;49m[30m 7ms[39;49m[39;49m
[39;49m[32m[39;49m[32m      [+] Reports the proper number of hit commands[39;49m[39;49m[39;49m[30m[39;49m[30m 6ms[39;49m[39;49m
[39;49m[32m[39;49m[32m      [+] Reports the correct hit command[39;49m[39;49m[39;49m[30m[39;49m[30m 6ms[39;49m[39;49m

[39;49m[32m[39;49m[32m    Context Function wildcard resolution[39;49m[39;49m
[39;49m[32m[39;49m[32m      [+] Has the proper number of breakpoints defined[39;49m[39;49m[39;49m[30m[39;49m[30m 6ms[39;49m[39;49m
[39;49m[32m[39;49m[32m      [+] Reports the proper number of executed commands[39;49m[39;49m[39;49m[30m[39;49m[30m 38ms[39;49m[39;49m
[39;49m[32m[39;49m[32m      [+] Reports the proper number of analyzed commands[39;49m[39;49m[39;49m[30m[39;49m[30m 181ms[39;49m[39;49m
[39;49m[32m[39;49m[32m      [+] Reports the proper number of analyzed files[39;49m[39;49m[39;49m[30m[39;49m[30m 13ms[39;49m[39;49m
[39;49m[32m[39;49m[32m      [+] Reports the proper number of missed commands[39;49m[39;49m[39;49m[30m[39;49m[30m 5ms[39;49m[39;49m
[39;49m[32m[39;49m[32m      [+] Reports the correct missed command[39;49m[39;49m[39;49m[30m[39;49m[30m 9ms[39;49m[39;49m
[39;49m[32m[39;49m[32m      [+] Reports the proper number of hit commands[39;49m[39;49m[39;49m[30m[39;49m[30m 5ms[39;49m[39;49m
[39;49m[32m[39;49m[32m      [+] Reports the correct hit command[39;49m[39;49m[39;49m[30m[39;49m[30m 6ms[39;49m[39;49m

[39;49m[32m[39;49m[32m    Context Single class[39;49m[39;49m
[39;49m[32m[39;49m[32m      [+] Has the proper number of breakpoints defined[39;49m[39;49m[39;49m[30m[39;49m[30m 7ms[39;49m[39;49m
[39;49m[32m[39;49m[32m      [+] Reports the proper number of executed commands[39;49m[39;49m[39;49m[30m[39;49m[30m 7ms[39;49m[39;49m
[39;49m[32m[39;49m[32m      [+] Reports the proper number of analyzed commands[39;49m[39;49m[39;49m[30m[39;49m[30m 6ms[39;49m[39;49m
[39;49m[32m[39;49m[32m      [+] Reports the proper number of missed commands[39;49m[39;49m[39;49m[30m[39;49m[30m 6ms[39;49m[39;49m
[39;49m[32m[39;49m[32m      [+] Reports the proper number of hit commands[39;49m[39;49m[39;49m[30m[39;49m[30m 6ms[39;49m[39;49m

[39;49m[32m[39;49m[32m    Context Class wildcard resolution[39;49m[39;49m
[39;49m[32m[39;49m[32m      [+] Has the proper number of breakpoints defined[39;49m[39;49m[39;49m[30m[39;49m[30m 5ms[39;49m[39;49m
[39;49m[32m[39;49m[32m      [+] Reports the proper number of executed commands[39;49m[39;49m[39;49m[30m[39;49m[30m 5ms[39;49m[39;49m
[39;49m[32m[39;49m[32m      [+] Reports the proper number of analyzed commands[39;49m[39;49m[39;49m[30m[39;49m[30m 5ms[39;49m[39;49m
[39;49m[32m[39;49m[32m      [+] Reports the proper number of missed commands[39;49m[39;49m[39;49m[30m[39;49m[30m 5ms[39;49m[39;49m
[39;49m[32m[39;49m[32m      [+] Reports the proper number of hit commands[39;49m[39;49m[39;49m[30m[39;49m[30m 5ms[39;49m[39;49m

[39;49m[32m[39;49m[32m    Context Class and function filter[39;49m[39;49m
[39;49m[32m[39;49m[32m      [+] Has the proper number of breakpoints defined[39;49m[39;49m[39;49m[30m[39;49m[30m 6ms[39;49m[39;49m
[39;49m[32m[39;49m[32m      [+] Reports the proper number of executed commands[39;49m[39;49m[39;49m[30m[39;49m[30m 6ms[39;49m[39;49m
[39;49m[32m[39;49m[32m      [+] Reports the proper number of analyzed commands[39;49m[39;49m[39;49m[30m[39;49m[30m 5ms[39;49m[39;49m
[39;49m[32m[39;49m[32m      [+] Reports the proper number of missed commands[39;49m[39;49m[39;49m[30m[39;49m[30m 5ms[39;49m[39;49m
[39;49m[32m[39;49m[32m      [+] Reports the proper number of hit commands[39;49m[39;49m[39;49m[30m[39;49m[30m 10ms[39;49m[39;49m

[39;49m[32m[39;49m[32m  Describing Path resolution for test files[39;49m[39;49m

[39;49m[32m[39;49m[32m    Context Using Path-input (auto-detect)[39;49m[39;49m
[39;49m[32m[39;49m[32m      [+] Excludes test files by default when using wildcard path[39;49m[39;49m[39;49m[30m[39;49m[30m 10ms[39;49m[39;49m
[39;49m[32m[39;49m[32m      [+] Includes test files when specified in wildcard path[39;49m[39;49m[39;49m[30m[39;49m[30m 22ms[39;49m[39;49m
[39;49m[32m[39;49m[32m      [+] Includes test file when targeted directly using filepath[39;49m[39;49m[39;49m[30m[39;49m[30m 16ms[39;49m[39;49m

[39;49m[32m[39;49m[32m    Context Using object-input[39;49m[39;49m
[39;49m[32m[39;49m[32m      [+] Excludes test files when IncludeTests is not specified[39;49m[39;49m[39;49m[30m[39;49m[30m 14ms[39;49m[39;49m
[39;49m[32m[39;49m[32m      [+] Excludes test files when IncludeTests is false[39;49m[39;49m[39;49m[30m[39;49m[30m 12ms[39;49m[39;49m
[39;49m[32m[39;49m[32m      [+] Includes test files when IncludeTests is true[39;49m[39;49m[39;49m[30m[39;49m[30m 18ms[39;49m[39;49m

[39;49m[32m[39;49m[32m  Describing Stripping common parent paths[39;49m[39;49m
[39;49m[32m[39;49m[32m    [+] Identifies the correct parent path[39;49m[39;49m[39;49m[30m[39;49m[30m 4ms[39;49m[39;49m
[39;49m[32m[39;49m[32m    [+] Strips the common path correctly[39;49m[39;49m[39;49m[30m[39;49m[30m 14ms[39;49m[39;49m

[39;49m[32m[39;49m[32mExecuting script /Users/travis/build/pester/Pester/Functions/Describe.Tests.ps1[39;49m[39;49m

[39;49m[32m[39;49m[32m  Describing Testing Describe[39;49m[39;49m
[39;49m[32m[39;49m[32m    [+] Has a non-mandatory fixture parameter which throws the proper error message if missing[39;49m[39;49m[39;49m[30m[39;49m[30m 42ms[39;49m[39;49m
[39;49m[32m[39;49m[32m    [+] Has a name that looks like a test fixture[39;49m[39;49m[39;49m[30m[39;49m[30m 33ms[39;49m[39;49m

[39;49m[32m[39;49m[32m  Describing Describe - Implementation[39;49m[39;49m

[39;49m[32m[39;49m[32m    Context Handling errors in the Fixture[39;49m[39;49m
[39;49m[32m[39;49m[32m      [+] Does not rethrow terminating exceptions from the Fixture block[39;49m[39;49m[39;49m[30m[39;49m[30m 24ms[39;49m[39;49m
[39;49m[32m[39;49m[32m      [+] Adds a failed test result when errors occur in the Describe block[39;49m[39;49m[39;49m[30m[39;49m[30m 28ms[39;49m[39;49m
[39;49m[32m[39;49m[32m      [+] Does not attempt to run the rest of the Describe block after the error occurs[39;49m[39;49m[39;49m[30m[39;49m[30m 8ms[39;49m[39;49m

[39;49m[32m[39;49m[32m    Context Calls to the output blocks[39;49m[39;49m
[39;49m[32m[39;49m[32m      [+] Calls the Describe output block once, and does not call the test output block when no errors occur[39;49m[39;49m[39;49m[30m[39;49m[30m 72ms[39;49m[39;49m
[39;49m[32m[39;49m[32m      [+] Calls the Describe output block once, and the test output block once if an error occurs.[39;49m[39;49m[39;49m[30m[39;49m[30m 116ms[39;49m[39;49m

[39;49m[32m[39;49m[32m    Context Test Name Filter[39;49m[39;49m
[39;49m[32m[39;49m[32m      [+] Calls the test block when the test name matches a wildcard[39;49m[39;49m[39;49m[30m[39;49m[30m 38ms[39;49m[39;49m
[39;49m[32m[39;49m[32m      [+] Calls the test block when the test name matches exactly[39;49m[39;49m[39;49m[30m[39;49m[30m 41ms[39;49m[39;49m
[39;49m[32m[39;49m[32m      [+] Calls the test block when the test name matches ignoring case[39;49m[39;49m[39;49m[30m[39;49m[30m 36ms[39;49m[39;49m
[39;49m[32m[39;49m[32m      [+] Does not call the test block when the test name doesn't match a filter[39;49m[39;49m[39;49m[30m[39;49m[30m 27ms[39;49m[39;49m

[39;49m[32m[39;49m[32m    Context Tags Filter[39;49m[39;49m
[39;49m[32m[39;49m[32m      [+] Given a filter @('Unit', 'Integ*') and a test with tags Unit the test runs, because the first tag matches exactly[39;49m[39;49m[39;49m[30m[39;49m[30m 36ms[39;49m[39;49m
[39;49m[32m[39;49m[32m      [+] Given a filter @('Unit', 'Integ*') and a test with tags @('Unit', 'Integration') the test runs, because the first tag matches exactly and the second tag matches by wildcard[39;49m[39;49m[39;49m[30m[39;49m[30m 37ms[39;49m[39;49m
[39;49m[32m[39;49m[32m      [+] Given a filter @('Unit', 'Integ*') and a test with tags @('Low', 'Unit') the test runs, because the first tag does not match but the second tag does[39;49m[39;49m[39;49m[30m[39;49m[30m 50ms[39;49m[39;49m
[39;49m[32m[39;49m[32m      [+] Given a filter @('Unit', 'Integ*') and a test with tags Low that do not match it does not run the test, because none of the tags match[39;49m[39;49m[39;49m[30m[39;49m[30m 51ms[39;49m[39;49m

[39;49m[32m[39;49m[32m    Context Exclude Tags Filter[39;49m[39;49m
[39;49m[32m[39;49m[32m      [+] Given a filter @('Unit', 'Integ*') and a test with tags Unit the test does not run, because the first tag matches exactly[39;49m[39;49m[39;49m[30m[39;49m[30m 15ms[39;49m[39;49m
[39;49m[32m[39;49m[32m      [+] Given a filter @('Unit', 'Integ*') and a test with tags @('Unit', 'Integration') the test does not run, because the first tag matches exactly and the second tag matches by wildcard[39;49m[39;49m[39;49m[30m[39;49m[30m 8ms[39;49m[39;49m
[39;49m[32m[39;49m[32m      [+] Given a filter @('Unit', 'Integ*') and a test with tags @('Low', 'Unit') the test does not run, because the first tag does not match but the second tag does[39;49m[39;49m[39;49m[30m[39;49m[30m 14ms[39;49m[39;49m
[39;49m[32m[39;49m[32m      [+] Given a filter @('Unit', 'Integ*') and a test with tags Low that do not match it runs the test, because none of the tags match[39;49m[39;49m[39;49m[30m[39;49m[30m 41ms[39;49m[39;49m

[39;49m[32m[39;49m[32mExecuting script /Users/travis/build/pester/Pester/Functions/Environment.Tests.ps1[39;49m[39;49m

[39;49m[32m[39;49m[32m  Describing GetPesterPsVersion[39;49m[39;49m
[39;49m[32m[39;49m[32m    [+] Returns value of $PSVersionTable.PsVersion.Major[39;49m[39;49m[39;49m[30m[39;49m[30m 122ms[39;49m[39;49m

[39;49m[32m[39;49m[32m  Describing GetPesterOs[39;49m[39;49m

[39;49m[32m[39;49m[32m    Context Windows with PowerShell 5 and lower[39;49m[39;49m
[39;49m[32m[39;49m[32m      [+] Returns 'Windows' when PowerShell version is lower than 6[39;49m[39;49m[39;49m[30m[39;49m[30m 41ms[39;49m[39;49m

[39;49m[32m[39;49m[32m    Context Windows with PowerShell 6 and higher[39;49m[39;49m
[39;49m[32m[39;49m[32m      [+] Returns 'Windows' when $IsWindows is $true and powershell version is 6 or higher[39;49m[39;49m[39;49m[30m[39;49m[30m 126ms[39;49m[39;49m
[39;49m[32m[39;49m[32m      [+] Uses Get-Variable to retrieve IsWindows[39;49m[39;49m[39;49m[30m[39;49m[30m 48ms[39;49m[39;49m

[39;49m[32m[39;49m[32m    Context Linux with PowerShell 6 and higher[39;49m[39;49m
[39;49m[32m[39;49m[32m      [+] Returns 'Linux' when $IsLinux is $true and powershell version is 6 or higher[39;49m[39;49m[39;49m[30m[39;49m[30m 134ms[39;49m[39;49m
[39;49m[32m[39;49m[32m      [+] Uses Get-Variable to retrieve IsLinux[39;49m[39;49m[39;49m[30m[39;49m[30m 108ms[39;49m[39;49m

[39;49m[32m[39;49m[32m    Context macOS with PowerShell 6 and higher[39;49m[39;49m
[39;49m[32m[39;49m[32m      [+] Returns 'OSX' when $IsMacOS is $true and powershell version is 6 or higher[39;49m[39;49m[39;49m[30m[39;49m[30m 92ms[39;49m[39;49m
[39;49m[32m[39;49m[32m      [+] Uses Get-Variable to retrieve IsMacOS[39;49m[39;49m[39;49m[30m[39;49m[30m 98ms[39;49m[39;49m

[39;49m[32m[39;49m[32m  Describing Get-TempDirectory[39;49m[39;49m
[39;49m[33m[39;49m[33m    [!] returns the correct temp directory for Windows[39;49m[39;49m[39;49m[33m[39;49m[33m, is skipped[39;49m[39;49m[39;49m[30m[39;49m[30m 0ms[39;49m[39;49m
[39;49m[32m[39;49m[32m    [+] returns '/private/tmp' directory for MacOS[39;49m[39;49m[39;49m[30m[39;49m[30m 35ms[39;49m[39;49m
[39;49m[33m[39;49m[33m    [!] returns '/tmp' directory for Linux[39;49m[39;49m[39;49m[33m[39;49m[33m, is skipped[39;49m[39;49m[39;49m[30m[39;49m[30m 0ms[39;49m[39;49m

[39;49m[32m[39;49m[32mExecuting script /Users/travis/build/pester/Pester/Functions/Get-ShouldOperator.Tests.ps1[39;49m[39;49m

[39;49m[32m[39;49m[32m  Describing Get-ShouldOperator[39;49m[39;49m

[39;49m[32m[39;49m[32m    Context Overview[39;49m[39;49m
[39;49m[32m[39;49m[32m      [+] Returns all registered operators[39;49m[39;49m[39;49m[30m[39;49m[30m 8ms[39;49m[39;49m
[39;49m[32m[39;49m[32m      [+] Returns Name and Alias properties[39;49m[39;49m[39;49m[30m[39;49m[30m 8ms[39;49m[39;49m

[39;49m[32m[39;49m[32m    Context Name parameter[39;49m[39;49m
[39;49m[32m[39;49m[32m      [+] Should return a help examples object[39;49m[39;49m[39;49m[30m[39;49m[30m 12ms[39;49m[39;49m
[39;49m[32m[39;49m[32m      [+] Returns help for all internal Pester assertion operators[39;49m[39;49m[39;49m[30m[39;49m[30m 1.97s[39;49m[39;49m

[39;49m[32m[39;49m[32mExecuting script /Users/travis/build/pester/Pester/Functions/Gherkin.Tests.ps1[39;49m[39;49m

[39;49m[32m[39;49m[32m  Describing Invoke-Gherkin Validator.de.feature (de)[39;49m[39;49m
[6n[6n[?1h=[39;49m[32m[39;49m[32m    [+] Works on the Validator example[39;49m[39;49m[39;49m[30m[39;49m[30m 9ms[39;49m[39;49m
[39;49m[32m[39;49m[32m    [+] Supports testing only scenarios with certain tags[39;49m[39;49m[39;49m[30m[39;49m[30m 16ms[39;49m[39;49m
[39;49m[32m[39;49m[32m    [+] Supports tagging examples[39;49m[39;49m[39;49m[30m[39;49m[30m 18ms[39;49m[39;49m
[39;49m[32m[39;49m[32m    [+] Supports excluding scenarios by tag[39;49m[39;49m[39;49m[30m[39;49m[30m 12ms[39;49m[39;49m
[39;49m[32m[39;49m[32m    [+] Supports running specific scenarios by name 'Etwas verwendet MeinValidator'[39;49m[39;49m[39;49m[30m[39;49m[30m 6ms[39;49m[39;49m
[39;49m[32m[39;49m[32m    [+] Outputs the correct number of passed scenarios[39;49m[39;49m[39;49m[30m[39;49m[30m 12ms[39;49m[39;49m
[39;49m[32m[39;49m[32m    [+] should be converted into a well-formed NUnit XML file (my_unit_de.xml)[39;49m[39;49m[39;49m[30m[39;49m[30m 27ms[39;49m[39;49m

[39;49m[32m[39;49m[32m  Describing Invoke-Gherkin Validator.es.feature (es)[39;49m[39;49m
[6n[6n[39;49m[32m[39;49m[32m    [+] Works on the Validator example[39;49m[39;49m[39;49m[30m[39;49m[30m 4ms[39;49m[39;49m
[?1h=[39;49m[32m[39;49m[32m    [+] Supports testing only scenarios with certain tags[39;49m[39;49m[39;49m[30m[39;49m[30m 7ms[39;49m[39;49m
[39;49m[32m[39;49m[32m    [+] Supports tagging examples[39;49m[39;49m[39;49m[30m[39;49m[30m 20ms[39;49m[39;49m
[39;49m[32m[39;49m[32m    [+] Supports excluding scenarios by tag[39;49m[39;49m[39;49m[30m[39;49m[30m 9ms[39;49m[39;49m
[39;49m[32m[39;49m[32m    [+] Supports running specific scenarios by name 'Algo usa MiValidator'[39;49m[39;49m[39;49m[30m[39;49m[30m 3ms[39;49m[39;49m
[39;49m[32m[39;49m[32m    [+] Outputs the correct number of passed scenarios[39;49m[39;49m[39;49m[30m[39;49m[30m 7ms[39;49m[39;49m
[39;49m[32m[39;49m[32m    [+] should be converted into a well-formed NUnit XML file (my_unit_es.xml)[39;49m[39;49m[39;49m[30m[39;49m[30m 19ms[39;49m[39;49m

[39;49m[32m[39;49m[32m  Describing Invoke-Gherkin Validator.feature (en)[39;49m[39;49m
[6n[6n[39;49m[32m[39;49m[32m    [+] Works on the Validator example[39;49m[39;49m[39;49m[30m[39;49m[30m 4ms[39;49m[39;49m
[?1h=[39;49m[32m[39;49m[32m    [+] Supports testing only scenarios with certain tags[39;49m[39;49m[39;49m[30m[39;49m[30m 7ms[39;49m[39;49m
[39;49m[32m[39;49m[32m    [+] Supports "Scenario Template" in place of "Scenario Outline"[39;49m[39;49m[39;49m[30m[39;49m[30m 8ms[39;49m[39;49m
[39;49m[32m[39;49m[32m    [+] Supports tagging examples[39;49m[39;49m[39;49m[30m[39;49m[30m 23ms[39;49m[39;49m
[39;49m[32m[39;49m[32m    [+] Supports excluding scenarios by tag[39;49m[39;49m[39;49m[30m[39;49m[30m 10ms[39;49m[39;49m
[39;49m[32m[39;49m[32m    [+] Supports running specific scenarios by name 'When something uses MyValidator'[39;49m[39;49m[39;49m[30m[39;49m[30m 4ms[39;49m[39;49m
[39;49m[32m[39;49m[32m    [+] Outputs the correct number of passed scenarios[39;49m[39;49m[39;49m[30m[39;49m[30m 7ms[39;49m[39;49m
[39;49m[32m[39;49m[32m    [+] should be converted into a well-formed NUnit XML file (my_unit_en.xml)[39;49m[39;49m[39;49m[30m[39;49m[30m 17ms[39;49m[39;49m

[39;49m[32m[39;49m[32m  Describing Gherkin Before Feature[39;49m[39;49m
[6n[6n[?1h=[39;49m[32m[39;49m[32m    [+] Should output two passed scenarios, not the background plus scenarios (bug 911)[39;49m[39;49m[39;49m[30m[39;49m[30m 5ms[39;49m[39;49m

[39;49m[32m[39;49m[32m  Describing Gherkin Scopes to Scenarios[39;49m[39;49m
[6n[6n[39;49m[32m[39;49m[32m    [+] Should output three passed scenarios[39;49m[39;49m[39;49m[30m[39;49m[30m 5ms[39;49m[39;49m
[?1h=
[39;49m[32m[39;49m[32m  Describing Mocking works in Gherkin[39;49m[39;49m
[6n[6n[39;49m[32m[39;49m[32m    [+] Should output three passed scenarios[39;49m[39;49m[39;49m[30m[39;49m[30m 5ms[39;49m[39;49m
[?1h=
[39;49m[32m[39;49m[32m  Describing Get-StepParameters[39;49m[39;49m

[39;49m[32m[39;49m[32m    Context Converts data in feature file steps[39;49m[39;49m
[39;49m[32m[39;49m[32m      [+] Should process a single-column table correctly[39;49m[39;49m[39;49m[30m[39;49m[30m 570ms[39;49m[39;49m
[39;49m[32m[39;49m[32m      [+] Should process a multi-column table correctly[39;49m[39;49m[39;49m[30m[39;49m[30m 133ms[39;49m[39;49m

[39;49m[32m[39;49m[32m  When displaying PesterResults in the console[39;49m[39;49m
[6n[6n[?1h=[39;49m[32m[39;49m[32m    [+] Should show the names of the features executed during the test run[39;49m[39;49m[39;49m[30m[39;49m[30m 9ms[39;49m[39;49m
[39;49m[32m[39;49m[32m    [+] Should show the names of the passed scenarios[39;49m[39;49m[39;49m[30m[39;49m[30m 5ms[39;49m[39;49m
[39;49m[32m[39;49m[32m    [+] Should show the names of the failed scenarios[39;49m[39;49m[39;49m[30m[39;49m[30m 8ms[39;49m[39;49m

[39;49m[32m[39;49m[32m  Check test results of steps[39;49m[39;49m
[6n[6n[39;49m[32m[39;49m[32m    [+] Should have the expected number of test results[39;49m[39;49m[39;49m[30m[39;49m[30m 5ms[39;49m[39;49m
[?1h=[39;49m[32m[39;49m[32m    [+] Test result 1 is correct[39;49m[39;49m[39;49m[30m[39;49m[30m 5ms[39;49m[39;49m
[39;49m[32m[39;49m[32m    [+] Test result 2 is correct[39;49m[39;49m[39;49m[30m[39;49m[30m 5ms[39;49m[39;49m
[39;49m[32m[39;49m[32m    [+] Test result 3 is correct[39;49m[39;49m[39;49m[30m[39;49m[30m 4ms[39;49m[39;49m
[39;49m[32m[39;49m[32m    [+] Test result 4 is correct[39;49m[39;49m[39;49m[30m[39;49m[30m 4ms[39;49m[39;49m
[39;49m[32m[39;49m[32m    [+] Test result 5 is correct[39;49m[39;49m[39;49m[30m[39;49m[30m 4ms[39;49m[39;49m
[39;49m[32m[39;49m[32m    [+] Test result 6 is correct[39;49m[39;49m[39;49m[30m[39;49m[30m 4ms[39;49m[39;49m
[39;49m[32m[39;49m[32m    [+] Test result 7 is correct[39;49m[39;49m[39;49m[30m[39;49m[30m 7ms[39;49m[39;49m
[39;49m[32m[39;49m[32m    [+] Test result 8 is correct[39;49m[39;49m[39;49m[30m[39;49m[30m 4ms[39;49m[39;49m
[39;49m[32m[39;49m[32m    [+] Test result 9 is correct[39;49m[39;49m[39;49m[30m[39;49m[30m 4ms[39;49m[39;49m
[39;49m[32m[39;49m[32m    [+] Test result 10 is correct[39;49m[39;49m[39;49m[30m[39;49m[30m 4ms[39;49m[39;49m
[39;49m[32m[39;49m[32m    [+] Test result 11 is correct[39;49m[39;49m[39;49m[30m[39;49m[30m 4ms[39;49m[39;49m
[39;49m[32m[39;49m[32m    [+] Test result 12 is correct[39;49m[39;49m[39;49m[30m[39;49m[30m 4ms[39;49m[39;49m
[39;49m[32m[39;49m[32m    [+] Test result 13 is correct[39;49m[39;49m[39;49m[30m[39;49m[30m 5ms[39;49m[39;49m
[39;49m[32m[39;49m[32m    [+] Test result 14 is correct[39;49m[39;49m[39;49m[30m[39;49m[30m 4ms[39;49m[39;49m
[39;49m[32m[39;49m[32m    [+] Test result 15 is correct[39;49m[39;49m[39;49m[30m[39;49m[30m 4ms[39;49m[39;49m

[39;49m[32m[39;49m[32m  A generated NUnit report[39;49m[39;49m
[6n[6n[?1h=[39;49m[32m[39;49m[32m    [+] should be an existing and well formed XML file[39;49m[39;49m[39;49m[30m[39;49m[30m 8ms[39;49m[39;49m
[39;49m[32m[39;49m[32m    [+] should contain feature 1[39;49m[39;49m[39;49m[30m[39;49m[30m 19ms[39;49m[39;49m
[39;49m[32m[39;49m[32m    [+] should contain feature 2[39;49m[39;49m[39;49m[30m[39;49m[30m 6ms[39;49m[39;49m
[39;49m[32m[39;49m[32m    [+] should contain all scenarios of feature 1 with correct names and test results[39;49m[39;49m[39;49m[30m[39;49m[30m 38ms[39;49m[39;49m
[39;49m[32m[39;49m[32m    [+] should contain all scenarios of feature 2 with correct names and test results[39;49m[39;49m[39;49m[30m[39;49m[30m 55ms[39;49m[39;49m
[39;49m[32m[39;49m[32m    [+] should contain all steps of scenario 1 with correct names and test results[39;49m[39;49m[39;49m[30m[39;49m[30m 34ms[39;49m[39;49m
[39;49m[32m[39;49m[32m    [+] should contain all steps of scenario 2 (examples 1) with correct names and test results[39;49m[39;49m[39;49m[30m[39;49m[30m 71ms[39;49m[39;49m
[39;49m[32m[39;49m[32m    [+] should contain all steps of scenario 2 (examples 2) with correct names and test results[39;49m[39;49m[39;49m[30m[39;49m[30m 54ms[39;49m[39;49m
[39;49m[32m[39;49m[32m    [+] should contain all steps of scenario 3 with correct names and test results[39;49m[39;49m[39;49m[30m[39;49m[30m 57ms[39;49m[39;49m
[39;49m[32m[39;49m[32m    [+] should contain all steps of scenario 4 with correct names and test results[39;49m[39;49m[39;49m[30m[39;49m[30m 43ms[39;49m[39;49m
[39;49m[32m[39;49m[32m    [+] should contain all steps of scenario 5 (examples 1) with correct names and test results[39;49m[39;49m[39;49m[30m[39;49m[30m 41ms[39;49m[39;49m
[39;49m[32m[39;49m[32m    [+] should contain all steps of scenario 5 (examples 2) with correct names and test results[39;49m[39;49m[39;49m[30m[39;49m[30m 43ms[39;49m[39;49m
[39;49m[32m[39;49m[32m    [+] should contain all steps of scenario 5 (examples 3) with correct names and test results[39;49m[39;49m[39;49m[30m[39;49m[30m 131ms[39;49m[39;49m

[39;49m[32m[39;49m[32mExecuting script /Users/travis/build/pester/Pester/Functions/GherkinHook.Tests.ps1[39;49m[39;49m

[39;49m[32m[39;49m[32m  Testing Gherkin Hook[39;49m[39;49m
[39;49m[32m[39;49m[32m    [+] Has a BeforeEachFeature function which takes a ScriptBlock and populates GherkinHooks[39;49m[39;49m[39;49m[30m[39;49m[30m 13ms[39;49m[39;49m
[39;49m[32m[39;49m[32m    [+] Has a BeforeEachScenario function which takes a ScriptBlock and populates GherkinHooks[39;49m[39;49m[39;49m[30m[39;49m[30m 11ms[39;49m[39;49m
[39;49m[32m[39;49m[32m    [+] Has a AfterEachFeature function which takes a ScriptBlock and populates GherkinHooks[39;49m[39;49m[39;49m[30m[39;49m[30m 10ms[39;49m[39;49m
[39;49m[32m[39;49m[32m    [+] Has a AfterEachFeature function which takes a ScriptBlock and populates GherkinHooks[39;49m[39;49m[39;49m[30m[39;49m[30m 6ms[39;49m[39;49m
[39;49m[32m[39;49m[32m    [+] The BeforeEachFeature function takes Tags and stores them[39;49m[39;49m[39;49m[30m[39;49m[30m 8ms[39;49m[39;49m
[39;49m[32m[39;49m[32m    [+] The BeforeEachScenario function takes Tags and stores them[39;49m[39;49m[39;49m[30m[39;49m[30m 6ms[39;49m[39;49m
[39;49m[32m[39;49m[32m    [+] The AfterEachFeature function takes Tags and stores them[39;49m[39;49m[39;49m[30m[39;49m[30m 8ms[39;49m[39;49m
[39;49m[32m[39;49m[32m    [+] The AfterEachFeature function takes Tags and stores them[39;49m[39;49m[39;49m[30m[39;49m[30m 12ms[39;49m[39;49m
[6n[6n[?1h=[39;49m[32m[39;49m[32m    [+] Calls the hooks in order[39;49m[39;49m[39;49m[30m[39;49m[30m 7.55s[39;49m[39;49m

[39;49m[32m[39;49m[32mExecuting script /Users/travis/build/pester/Pester/Functions/GherkinStep.Tests.ps1[39;49m[39;49m

[39;49m[32m[39;49m[32m  Testing Gherkin Step[39;49m[39;49m
[39;49m[32m[39;49m[32m    [+] Generates a function named "GherkinStep" with mandatory name and test parameters[39;49m[39;49m[39;49m[30m[39;49m[30m 51ms[39;49m[39;49m
[39;49m[32m[39;49m[32m    [+] Generates aliases Given, When, Then, And, But for GherkinStep[39;49m[39;49m[39;49m[30m[39;49m[30m 9ms[39;49m[39;49m
[39;49m[32m[39;49m[32m    [+] Populates the GherkinSteps module variable[39;49m[39;49m[39;49m[30m[39;49m[30m 18ms[39;49m[39;49m

[39;49m[32m[39;49m[32mExecuting script /Users/travis/build/pester/Pester/Functions/GlobalMock-A.Tests.ps1[39;49m[39;49m

[39;49m[32m[39;49m[32m  Mocking Global Functions - Part One[39;49m[39;49m
[39;49m[32m[39;49m[32m    [+] Mocks the global function[39;49m[39;49m[39;49m[30m[39;49m[30m 20ms[39;49m[39;49m

[39;49m[32m[39;49m[32mExecuting script /Users/travis/build/pester/Pester/Functions/GlobalMock-B.Tests.ps1[39;49m[39;49m

[39;49m[32m[39;49m[32m  Mocking Global Functions - Part Two[39;49m[39;49m
[39;49m[32m[39;49m[32m    [+] Restored the global function properly[39;49m[39;49m[39;49m[30m[39;49m[30m 9ms[39;49m[39;49m

[39;49m[32m[39;49m[32mExecuting script /Users/travis/build/pester/Pester/Functions/In.Tests.ps1[39;49m[39;49m

[39;49m[32m[39;49m[32m  the In statement[39;49m[39;49m
[39;49m[32m[39;49m[32m    [+] executes a command in that directory[39;49m[39;49m[39;49m[30m[39;49m[30m 17ms[39;49m[39;49m
[39;49m[32m[39;49m[32m    [+] updates the $pwd variable when executed[39;49m[39;49m[39;49m[30m[39;49m[30m 8ms[39;49m[39;49m

[39;49m[32m[39;49m[32mExecuting script /Users/travis/build/pester/Pester/Functions/InModuleScope.Tests.ps1[39;49m[39;49m

[39;49m[32m[39;49m[32m  Module scope separation[39;49m[39;49m

[39;49m[32m[39;49m[32m    When users define variables with the same name as Pester parameters[39;49m[39;49m
[39;49m[32m[39;49m[32m      [+] does not hide user variables[39;49m[39;49m[39;49m[30m[39;49m[30m 5ms[39;49m[39;49m
[39;49m[32m[39;49m[32m    [+] Does not expose Pester implementation details to the SUT[39;49m[39;49m[39;49m[30m[39;49m[30m 6ms[39;49m[39;49m

[39;49m[32m[39;49m[32m  Executing test code inside a module[39;49m[39;49m
[39;49m[32m[39;49m[32m    [+] Cannot call module internal functions, by default[39;49m[39;49m[39;49m[30m[39;49m[30m 44ms[39;49m[39;49m
[39;49m[32m[39;49m[32m    [+] Can call module internal functions using InModuleScope[39;49m[39;49m[39;49m[30m[39;49m[30m 17ms[39;49m[39;49m
[39;49m[32m[39;49m[32m    [+] Can mock functions inside the module without using Mock -ModuleName[39;49m[39;49m[39;49m[30m[39;49m[30m 34ms[39;49m[39;49m
[39;49m[32m[39;49m[32m    [+] Can execute bound ScriptBlock inside the module scope[39;49m[39;49m[39;49m[30m[39;49m[30m 9ms[39;49m[39;49m
[39;49m[32m[39;49m[32m    [+] Can execute unbound ScriptBlock inside the module scope[39;49m[39;49m[39;49m[30m[39;49m[30m 15ms[39;49m[39;49m

[39;49m[32m[39;49m[32m  Get-ScriptModule behavior[39;49m[39;49m

[39;49m[32m[39;49m[32m    When attempting to mock a command in a non-existent module[39;49m[39;49m
[39;49m[32m[39;49m[32m      [+] should throw an exception[39;49m[39;49m[39;49m[30m[39;49m[30m 19ms[39;49m[39;49m

[39;49m[32m[39;49m[32mExecuting script /Users/travis/build/pester/Pester/Functions/It.Tests.ps1[39;49m[39;49m

[39;49m[32m[39;49m[32m  It - Implementation[39;49m[39;49m
[39;49m[32m[39;49m[32m    [+] Throws an error if you fail to pass in a test block[39;49m[39;49m[39;49m[30m[39;49m[30m 12ms[39;49m[39;49m
[39;49m[32m[39;49m[32m    [+] Throws an error if your name looks like a test block[39;49m[39;49m[39;49m[30m[39;49m[30m 12ms[39;49m[39;49m
[39;49m[32m[39;49m[32m    [+] Does not throw an error if It is passed a script block, and adds a successful test result.[39;49m[39;49m[39;49m[30m[39;49m[30m 13ms[39;49m[39;49m
[39;49m[32m[39;49m[32m    [+] Does not throw an error if the -Pending switch is used, and no script block is passed[39;49m[39;49m[39;49m[30m[39;49m[30m 6ms[39;49m[39;49m
[39;49m[32m[39;49m[32m    [+] Does not throw an error if the -Skip switch is used, and no script block is passed[39;49m[39;49m[39;49m[30m[39;49m[30m 6ms[39;49m[39;49m
[39;49m[32m[39;49m[32m    [+] Does not throw an error if the -Ignore switch is used, and no script block is passed[39;49m[39;49m[39;49m[30m[39;49m[30m 10ms[39;49m[39;49m
[39;49m[32m[39;49m[32m    [+] Creates a pending test for an empty (whitespace and comments only) script block[39;49m[39;49m[39;49m[30m[39;49m[30m 9ms[39;49m[39;49m
[39;49m[32m[39;49m[32m    [+] Adds a failed test if the script block throws an exception[39;49m[39;49m[39;49m[30m[39;49m[30m 40ms[39;49m[39;49m
[39;49m[32m[39;49m[32m    [+] Calls the output script block for each test[39;49m[39;49m[39;49m[30m[39;49m[30m 16ms[39;49m[39;49m

[39;49m[32m[39;49m[32m    Parameterized Tests[39;49m[39;49m
[39;49m[32m[39;49m[32m      [+] Creates test result records with the ParameterizedSuiteName property set[39;49m[39;49m[39;49m[30m[39;49m[30m 11ms[39;49m[39;49m
[39;49m[32m[39;49m[32m      [+] Expands parameters in parameterized test suite names[39;49m[39;49m[39;49m[30m[39;49m[30m 15ms[39;49m[39;49m

[39;49m[32m[39;49m[32m  Get-OrderedParameterDictionary[39;49m[39;49m
[39;49m[32m[39;49m[32m    [+] Reports keys and values in the same order as the param block[39;49m[39;49m[39;49m[30m[39;49m[30m 11ms[39;49m[39;49m

[39;49m[32m[39;49m[32m  Remove-Comments[39;49m[39;49m
[39;49m[32m[39;49m[32m    [+] Removes single line comments[39;49m[39;49m[39;49m[30m[39;49m[30m 5ms[39;49m[39;49m
[39;49m[32m[39;49m[32m    [+] Removes multi line comments[39;49m[39;49m[39;49m[30m[39;49m[30m 5ms[39;49m[39;49m

[39;49m[32m[39;49m[32mExecuting script /Users/travis/build/pester/Pester/Functions/Mock.Tests.ps1[39;49m[39;49m

[39;49m[32m[39;49m[32m  When the caller mocks a command Pester uses internally[39;49m[39;49m

[39;49m[32m[39;49m[32m    Context run when Write-Host is mocked[39;49m[39;49m
[39;49m[32m[39;49m[32m      [+] does not make extra calls to the mocked command[39;49m[39;49m[39;49m[30m[39;49m[30m 44ms[39;49m[39;49m
[39;49m[32m[39;49m[32m      [+] retains the correct mock count after the first test completes[39;49m[39;49m[39;49m[30m[39;49m[30m 7ms[39;49m[39;49m

[39;49m[32m[39;49m[32m  When calling Mock on existing cmdlet[39;49m[39;49m
[39;49m[32m[39;49m[32m    [+] Should Invoke the mocked script[39;49m[39;49m[39;49m[30m[39;49m[30m 4ms[39;49m[39;49m
[39;49m[32m[39;49m[32m    [+] Should not resolve $args to the parent scope[39;49m[39;49m[39;49m[30m[39;49m[30m 33ms[39;49m[39;49m

[39;49m[32m[39;49m[32m  When calling Mock on an alias[39;49m[39;49m
[39;49m[32m[39;49m[32m    [+] Should Invoke the mocked script[39;49m[39;49m[39;49m[30m[39;49m[30m 5ms[39;49m[39;49m

[39;49m[32m[39;49m[32m  When calling Mock on an alias that refers to a function Pester can't see[39;49m[39;49m
[39;49m[32m[39;49m[32m    [+] Mocks the aliased command successfully[39;49m[39;49m[39;49m[30m[39;49m[30m 47ms[39;49m[39;49m

[39;49m[32m[39;49m[32m  When calling Mock on a filter[39;49m[39;49m
[39;49m[32m[39;49m[32m    [+] Should Invoke the mocked script[39;49m[39;49m[39;49m[30m[39;49m[30m 4ms[39;49m[39;49m

[39;49m[32m[39;49m[32m  When calling Mock on an external script[39;49m[39;49m
[39;49m[32m[39;49m[32m    [+] Should Invoke the mocked script using just the script name[39;49m[39;49m[39;49m[30m[39;49m[30m 10ms[39;49m[39;49m
[39;49m[32m[39;49m[32m    [+] Should Invoke the mocked script using the command-invocation operator[39;49m[39;49m[39;49m[30m[39;49m[30m 4ms[39;49m[39;49m
[39;49m[32m[39;49m[32m    [+] Should Invoke the mocked script using dot source notation[39;49m[39;49m[39;49m[30m[39;49m[30m 4ms[39;49m[39;49m

[39;49m[32m[39;49m[32m  When calling Mock on an application command[39;49m[39;49m
[39;49m[32m[39;49m[32m    [+] Should Invoke the mocked script[39;49m[39;49m[39;49m[30m[39;49m[30m 5ms[39;49m[39;49m

[39;49m[32m[39;49m[32m  When calling Mock in the Describe block[39;49m[39;49m
[39;49m[32m[39;49m[32m    [+] Should mock Out-File successfully[39;49m[39;49m[39;49m[30m[39;49m[30m 51ms[39;49m[39;49m

[39;49m[32m[39;49m[32m  When calling Mock on existing cmdlet to handle pipelined input[39;49m[39;49m
[39;49m[32m[39;49m[32m    [+] Should process the pipeline in the mocked script[39;49m[39;49m[39;49m[30m[39;49m[30m 4ms[39;49m[39;49m

[39;49m[32m[39;49m[32m  When calling Mock on existing cmdlet with Common params[39;49m[39;49m
[39;49m[32m[39;49m[32m    [+] Should strip verbose[39;49m[39;49m[39;49m[30m[39;49m[30m 5ms[39;49m[39;49m
[39;49m[32m[39;49m[32m    [+] Should strip Debug[39;49m[39;49m[39;49m[30m[39;49m[30m 4ms[39;49m[39;49m
[39;49m[32m[39;49m[32m    [+] Should strip ErrorAction[39;49m[39;49m[39;49m[30m[39;49m[30m 4ms[39;49m[39;49m
[39;49m[32m[39;49m[32m    [+] Should strip WarningAction[39;49m[39;49m[39;49m[30m[39;49m[30m 4ms[39;49m[39;49m
[39;49m[32m[39;49m[32m    [+] Should strip ErrorVariable[39;49m[39;49m[39;49m[30m[39;49m[30m 4ms[39;49m[39;49m
[39;49m[32m[39;49m[32m    [+] Should strip WarningVariable[39;49m[39;49m[39;49m[30m[39;49m[30m 4ms[39;49m[39;49m
[39;49m[32m[39;49m[32m    [+] Should strip OutVariable[39;49m[39;49m[39;49m[30m[39;49m[30m 4ms[39;49m[39;49m
[39;49m[32m[39;49m[32m    [+] Should strip OutBuffer[39;49m[39;49m[39;49m[30m[39;49m[30m 4ms[39;49m[39;49m
[39;49m[32m[39;49m[32m    [+] Should not strip an Uncommon param[39;49m[39;49m[39;49m[30m[39;49m[30m 4ms[39;49m[39;49m

[39;49m[32m[39;49m[32m  When calling Mock on non-existing function[39;49m[39;49m
[39;49m[32m[39;49m[32m    [+] Should throw correct error[39;49m[39;49m[39;49m[30m[39;49m[30m 5ms[39;49m[39;49m

[39;49m[32m[39;49m[32m  When calling Mock on non existent module[39;49m[39;49m
[39;49m[32m[39;49m[32m    [+] Should throw correct error[39;49m[39;49m[39;49m[30m[39;49m[30m 16ms[39;49m[39;49m

[39;49m[32m[39;49m[32m  When calling Mock, StrictMode is enabled, and variables are used in the ParameterFilter[39;49m[39;49m
[39;49m[32m[39;49m[32m    [+] Does not throw an error when testing the parameter filter[39;49m[39;49m[39;49m[30m[39;49m[30m 4ms[39;49m[39;49m
[39;49m[32m[39;49m[32m    [+] Calls the mock properly[39;49m[39;49m[39;49m[30m[39;49m[30m 22ms[39;49m[39;49m
[39;49m[32m[39;49m[32m    [+] Properly asserts the mock was called when there is a variable in the parameter filter[39;49m[39;49m[39;49m[30m[39;49m[30m 7ms[39;49m[39;49m

[39;49m[32m[39;49m[32m  When calling Mock on existing function without matching bound params[39;49m[39;49m
[39;49m[32m[39;49m[32m    [+] Should redirect to real function[39;49m[39;49m[39;49m[30m[39;49m[30m 4ms[39;49m[39;49m

[39;49m[32m[39;49m[32m  When calling Mock on existing function with matching bound params[39;49m[39;49m
[39;49m[32m[39;49m[32m    [+] Should return mocked result[39;49m[39;49m[39;49m[30m[39;49m[30m 4ms[39;49m[39;49m

[39;49m[32m[39;49m[32m  When calling Mock on existing function without matching unbound arguments[39;49m[39;49m
[39;49m[32m[39;49m[32m    [+] Should redirect to real function[39;49m[39;49m[39;49m[30m[39;49m[30m 4ms[39;49m[39;49m

[39;49m[32m[39;49m[32m  When calling Mock on existing function with matching unbound arguments[39;49m[39;49m
[39;49m[32m[39;49m[32m    [+] Should return mocked result[39;49m[39;49m[39;49m[30m[39;49m[30m 4ms[39;49m[39;49m

[39;49m[32m[39;49m[32m  When calling Mock on a function that has no parameters[39;49m[39;49m
[39;49m[32m[39;49m[32m    [+] Sends the $args variable properly with 2+ elements[39;49m[39;49m[39;49m[30m[39;49m[30m 25ms[39;49m[39;49m
[39;49m[32m[39;49m[32m    [+] Sends the $args variable properly with 1 element[39;49m[39;49m[39;49m[30m[39;49m[30m 19ms[39;49m[39;49m
[39;49m[32m[39;49m[32m    [+] Sends the $args variable properly with 0 elements[39;49m[39;49m[39;49m[30m[39;49m[30m 13ms[39;49m[39;49m

[39;49m[32m[39;49m[32m  When calling Mock on cmdlet Used by Mock[39;49m[39;49m
[39;49m[32m[39;49m[32m    [+] Should Invoke the mocked script[39;49m[39;49m[39;49m[30m[39;49m[30m 4ms[39;49m[39;49m

[39;49m[32m[39;49m[32m  When calling Mock on More than one command[39;49m[39;49m
[39;49m[32m[39;49m[32m    [+] Should Invoke the mocked script for the first Mock[39;49m[39;49m[39;49m[30m[39;49m[30m 4ms[39;49m[39;49m
[39;49m[32m[39;49m[32m    [+] Should Invoke the mocked script for the second Mock[39;49m[39;49m[39;49m[30m[39;49m[30m 10ms[39;49m[39;49m

[39;49m[32m[39;49m[32m  When calling Mock on a module-internal function.[39;49m[39;49m
[39;49m[32m[39;49m[32m    [+] Should fail to call the internal module function[39;49m[39;49m[39;49m[30m[39;49m[30m 12ms[39;49m[39;49m
[39;49m[32m[39;49m[32m    [+] Should call the actual internal module function from the public function[39;49m[39;49m[39;49m[30m[39;49m[30m 5ms[39;49m[39;49m

[39;49m[32m[39;49m[32m    Using Mock -ModuleName "ModuleName" "CommandName" syntax[39;49m[39;49m
[39;49m[32m[39;49m[32m      [+] Should call the mocked function[39;49m[39;49m[39;49m[30m[39;49m[30m 16ms[39;49m[39;49m
[39;49m[32m[39;49m[32m      [+] Should mock calls to external functions from inside the module[39;49m[39;49m[39;49m[30m[39;49m[30m 36ms[39;49m[39;49m
[39;49m[32m[39;49m[32m      [+] Should only call mocks within the same module[39;49m[39;49m[39;49m[30m[39;49m[30m 24ms[39;49m[39;49m
[39;49m[32m[39;49m[32m      [+] Should call mocks from inside another mock[39;49m[39;49m[39;49m[30m[39;49m[30m 29ms[39;49m[39;49m
[39;49m[32m[39;49m[32m      [+] Should work even if the function is weird and steps on the automatic $ExecutionContext variable.[39;49m[39;49m[39;49m[30m[39;49m[30m 26ms[39;49m[39;49m
[39;49m[32m[39;49m[32m      [+] Should call the original command from the proper scope if no parameter filters match[39;49m[39;49m[39;49m[30m[39;49m[30m 26ms[39;49m[39;49m
[39;49m[32m[39;49m[32m      [+] Does not trigger the mocked Get-Content from Pester internals[39;49m[39;49m[39;49m[30m[39;49m[30m 10ms[39;49m[39;49m

[39;49m[32m[39;49m[32m  When Applying multiple Mocks on a single command[39;49m[39;49m
[39;49m[32m[39;49m[32m    [+] Should Invoke the mocked script for the first Mock[39;49m[39;49m[39;49m[30m[39;49m[30m 4ms[39;49m[39;49m
[39;49m[32m[39;49m[32m    [+] Should Invoke the mocked script for the second Mock[39;49m[39;49m[39;49m[30m[39;49m[30m 4ms[39;49m[39;49m

[39;49m[32m[39;49m[32m  When Applying multiple Mocks with filters on a single command where both qualify[39;49m[39;49m
[39;49m[32m[39;49m[32m    [+] The last Mock should win[39;49m[39;49m[39;49m[30m[39;49m[30m 4ms[39;49m[39;49m

[39;49m[32m[39;49m[32m  When Applying multiple Mocks on a single command where one has no filter[39;49m[39;49m
[39;49m[32m[39;49m[32m    [+] The parameterless mock is evaluated last[39;49m[39;49m[39;49m[30m[39;49m[30m 4ms[39;49m[39;49m
[39;49m[32m[39;49m[32m    [+] The parameterless mock will be applied if no other wins[39;49m[39;49m[39;49m[30m[39;49m[30m 8ms[39;49m[39;49m

[39;49m[32m[39;49m[32m  When Creating a Verifiable Mock that is not called[39;49m[39;49m

[39;49m[32m[39;49m[32m    In the test script's scope[39;49m[39;49m
[39;49m[32m[39;49m[32m      [+] Should throw[39;49m[39;49m[39;49m[30m[39;49m[30m 5ms[39;49m[39;49m

[39;49m[32m[39;49m[32m    In a module's scope[39;49m[39;49m
[39;49m[32m[39;49m[32m      [+] Should throw[39;49m[39;49m[39;49m[30m[39;49m[30m 5ms[39;49m[39;49m

[39;49m[32m[39;49m[32m  When Creating a Verifiable Mock that is called[39;49m[39;49m
[39;49m[32m[39;49m[32m    [+] Assert-VerifiableMock Should not throw[39;49m[39;49m[39;49m[30m[39;49m[30m 8ms[39;49m[39;49m

[39;49m[32m[39;49m[32m  When Calling Assert-MockCalled 0 without exactly[39;49m[39;49m
[39;49m[32m[39;49m[32m    [+] Should throw if mock was called[39;49m[39;49m[39;49m[30m[39;49m[30m 4ms[39;49m[39;49m
[39;49m[32m[39;49m[32m    [+] Should not throw if mock was not called[39;49m[39;49m[39;49m[30m[39;49m[30m 12ms[39;49m[39;49m

[39;49m[32m[39;49m[32m  When Calling Assert-MockCalled with exactly[39;49m[39;49m
[39;49m[32m[39;49m[32m    [+] Should throw if mock was not called the number of times specified[39;49m[39;49m[39;49m[30m[39;49m[30m 4ms[39;49m[39;49m
[39;49m[32m[39;49m[32m    [+] Should not throw if mock was called the number of times specified[39;49m[39;49m[39;49m[30m[39;49m[30m 11ms[39;49m[39;49m

[39;49m[32m[39;49m[32m  When Calling Assert-MockCalled without exactly[39;49m[39;49m
[39;49m[32m[39;49m[32m    [+] Should throw if mock was not called at least the number of times specified[39;49m[39;49m[39;49m[30m[39;49m[30m 26ms[39;49m[39;49m
[39;49m[32m[39;49m[32m    [+] Should not throw if mock was called at least the number of times specified[39;49m[39;49m[39;49m[30m[39;49m[30m 22ms[39;49m[39;49m
[39;49m[32m[39;49m[32m    [+] Should not throw if mock was called at exactly the number of times specified[39;49m[39;49m[39;49m[30m[39;49m[30m 15ms[39;49m[39;49m
[39;49m[32m[39;49m[32m    [+] Should throw an error if any non-matching calls to the mock are made, and the -ExclusiveFilter parameter is used[39;49m[39;49m[39;49m[30m[39;49m[30m 30ms[39;49m[39;49m

[39;49m[32m[39;49m[32m  Using Pester Scopes (Describe,Context,It)[39;49m[39;49m

[39;49m[32m[39;49m[32m    When in the first context[39;49m[39;49m
[39;49m[32m[39;49m[32m      [+] should mock Describe scoped paramless mock[39;49m[39;49m[39;49m[30m[39;49m[30m 22ms[39;49m[39;49m
[39;49m[32m[39;49m[32m      [+] should mock Describe scoped single param mock[39;49m[39;49m[39;49m[30m[39;49m[30m 16ms[39;49m[39;49m

[39;49m[32m[39;49m[32m    When in the second context[39;49m[39;49m
[39;49m[32m[39;49m[32m      [+] should mock Describe scoped paramless mock again[39;49m[39;49m[39;49m[30m[39;49m[30m 17ms[39;49m[39;49m
[39;49m[32m[39;49m[32m      [+] should mock Describe scoped single param mock again[39;49m[39;49m[39;49m[30m[39;49m[30m 18ms[39;49m[39;49m

[39;49m[32m[39;49m[32m    When using mocks in both scopes[39;49m[39;49m
[39;49m[32m[39;49m[32m      [+] should mock Describe scoped mock.[39;49m[39;49m[39;49m[30m[39;49m[30m 14ms[39;49m[39;49m
[39;49m[32m[39;49m[32m      [+] should mock Context scoped mock.[39;49m[39;49m[39;49m[30m[39;49m[30m 15ms[39;49m[39;49m

[39;49m[32m[39;49m[32m    When context hides a describe mock[39;49m[39;49m
[39;49m[32m[39;49m[32m      [+] should use the context paramless mock[39;49m[39;49m[39;49m[30m[39;49m[30m 17ms[39;49m[39;49m
[39;49m[32m[39;49m[32m      [+] should use the context parameterized mock[39;49m[39;49m[39;49m[30m[39;49m[30m 19ms[39;49m[39;49m

[39;49m[32m[39;49m[32m    When context no longer hides a describe mock[39;49m[39;49m
[39;49m[32m[39;49m[32m      [+] should use the describe mock[39;49m[39;49m[39;49m[30m[39;49m[30m 14ms[39;49m[39;49m
[39;49m[32m[39;49m[32m      [+] should use the describe parameterized mock[39;49m[39;49m[39;49m[30m[39;49m[30m 13ms[39;49m[39;49m

[39;49m[32m[39;49m[32m    When someone calls Mock from inside an It block[39;49m[39;49m
[39;49m[32m[39;49m[32m      [+] Sets the mock[39;49m[39;49m[39;49m[30m[39;49m[30m 9ms[39;49m[39;49m
[39;49m[32m[39;49m[32m      [+] Leaves the mock active in the parent scope[39;49m[39;49m[39;49m[30m[39;49m[30m 15ms[39;49m[39;49m

[39;49m[32m[39;49m[32m  Testing mock history behavior from each scope[39;49m[39;49m

[39;49m[32m[39;49m[32m    Without overriding the mock in lower scopes[39;49m[39;49m
[39;49m[32m[39;49m[32m      [+] Reports that zero calls have been made to in the describe scope[39;49m[39;49m[39;49m[30m[39;49m[30m 3ms[39;49m[39;49m
[39;49m[32m[39;49m[32m      [+] Calls the describe mock[39;49m[39;49m[39;49m[30m[39;49m[30m 22ms[39;49m[39;49m
[39;49m[32m[39;49m[32m      [+] Reports that zero calls have been made in an It block, after a context-scoped call[39;49m[39;49m[39;49m[30m[39;49m[30m 3ms[39;49m[39;49m
[39;49m[32m[39;49m[32m      [+] Reports one Context-scoped call[39;49m[39;49m[39;49m[30m[39;49m[30m 6ms[39;49m[39;49m
[39;49m[32m[39;49m[32m      [+] Reports one Describe-scoped call[39;49m[39;49m[39;49m[30m[39;49m[30m 6ms[39;49m[39;49m

[39;49m[32m[39;49m[32m    After exiting the previous context[39;49m[39;49m
[39;49m[32m[39;49m[32m      [+] Reports zero context-scoped calls in the new context.[39;49m[39;49m[39;49m[30m[39;49m[30m 3ms[39;49m[39;49m
[39;49m[32m[39;49m[32m      [+] Reports one describe-scoped call from the previous context[39;49m[39;49m[39;49m[30m[39;49m[30m 6ms[39;49m[39;49m

[39;49m[32m[39;49m[32m    While overriding mocks in lower scopes[39;49m[39;49m
[39;49m[32m[39;49m[32m      [+] Calls the context mock[39;49m[39;49m[39;49m[30m[39;49m[30m 14ms[39;49m[39;49m
[39;49m[32m[39;49m[32m      [+] Reports one context-scoped call[39;49m[39;49m[39;49m[30m[39;49m[30m 6ms[39;49m[39;49m
[39;49m[32m[39;49m[32m      [+] Reports two describe-scoped calls, even when one is an override mock in a lower scope[39;49m[39;49m[39;49m[30m[39;49m[30m 9ms[39;49m[39;49m
[39;49m[32m[39;49m[32m      [+] Calls an It-scoped mock[39;49m[39;49m[39;49m[30m[39;49m[30m 19ms[39;49m[39;49m
[39;49m[32m[39;49m[32m      [+] Reports 2 context-scoped calls[39;49m[39;49m[39;49m[30m[39;49m[30m 9ms[39;49m[39;49m
[39;49m[32m[39;49m[32m      [+] Reports 3 describe-scoped calls[39;49m[39;49m[39;49m[30m[39;49m[30m 12ms[39;49m[39;49m
[39;49m[32m[39;49m[32m    [+] Reports 3 describe-scoped calls using the default scope in a Describe block[39;49m[39;49m[39;49m[30m[39;49m[30m 13ms[39;49m[39;49m

[39;49m[32m[39;49m[32m  Using a single no param Describe[39;49m[39;49m

[39;49m[32m[39;49m[32m    With a context mocking the same function with no params[39;49m[39;49m
[39;49m[32m[39;49m[32m      [+] Should use the context mock[39;49m[39;49m[39;49m[30m[39;49m[30m 28ms[39;49m[39;49m

[39;49m[32m[39;49m[32m  Dot Source Test[39;49m[39;49m
[39;49m[32m[39;49m[32m    [+] Calls the mock with parameter 'Test'[39;49m[39;49m[39;49m[30m[39;49m[30m 7ms[39;49m[39;49m
[39;49m[32m[39;49m[32m    [+] Doesn't call the mock with any other parameters[39;49m[39;49m[39;49m[30m[39;49m[30m 13ms[39;49m[39;49m

[39;49m[32m[39;49m[32m  Mocking Cmdlets with dynamic parameters[39;49m[39;49m
[39;49m[32m[39;49m[32m    [+] Allows calls to be made with dynamic parameters (including parameter filters)[39;49m[39;49m[39;49m[30m[39;49m[30m 32ms[39;49m[39;49m

[39;49m[32m[39;49m[32m  Mocking functions with dynamic parameters[39;49m[39;49m

[39;49m[32m[39;49m[32m    Dynamicparam block that uses the variables of static parameters in its logic[39;49m[39;49m
[39;49m[32m[39;49m[32m      [+] Allows calls to be made with dynamic parameters (including parameter filters)[39;49m[39;49m[39;49m[30m[39;49m[30m 43ms[39;49m[39;49m
[39;49m[32m[39;49m[32m      [+] Sets the dynamic parameter variable properly[39;49m[39;49m[39;49m[30m[39;49m[30m 30ms[39;49m[39;49m

[39;49m[32m[39;49m[32m    When the mocked command is in a module[39;49m[39;49m
[39;49m[32m[39;49m[32m      [+] Allows calls to be made with dynamic parameters (including parameter filters)[39;49m[39;49m[39;49m[30m[39;49m[30m 40ms[39;49m[39;49m

[39;49m[32m[39;49m[32m    When the mocked command has mandatory parameters that are passed in via the pipeline[39;49m[39;49m
[39;49m[32m[39;49m[32m      [+] Should successfully call the mock and generate the dynamic parameters[39;49m[39;49m[39;49m[30m[39;49m[30m 45ms[39;49m[39;49m

[39;49m[32m[39;49m[32m    When the mocked command has parameter sets that are ambiguous at the time the dynamic param block is executed[39;49m[39;49m
[39;49m[32m[39;49m[32m      [+] Should successfully call the mock and generate the dynamic parameters[39;49m[39;49m[39;49m[30m[39;49m[30m 37ms[39;49m[39;49m

[39;49m[32m[39;49m[32m    When the mocked command's dynamicparam block depends on the contents of $PSBoundParameters[39;49m[39;49m
[39;49m[32m[39;49m[32m      [+] Should successfully call the mock and generate the dynamic parameters[39;49m[39;49m[39;49m[30m[39;49m[30m 28ms[39;49m[39;49m

[39;49m[32m[39;49m[32m    When the mocked command's dynamicparam block depends on the contents of $PSCmdlet.ParameterSetName[39;49m[39;49m
[39;49m[32m[39;49m[32m      [+] Should successfully call the mock and generate the dynamic parameters[39;49m[39;49m[39;49m[30m[39;49m[30m 33ms[39;49m[39;49m

[39;49m[32m[39;49m[32m  Mocking Cmdlets with dynamic parameters in a module[39;49m[39;49m
[39;49m[32m[39;49m[32m    [+] Allows calls to be made with dynamic parameters (including parameter filters)[39;49m[39;49m[39;49m[30m[39;49m[30m 38ms[39;49m[39;49m

[39;49m[32m[39;49m[32m  DynamicParam blocks in other scopes[39;49m[39;49m
[39;49m[32m[39;49m[32m    [+] Properly evaluates dynamic parameters when called from another scope[39;49m[39;49m[39;49m[30m[39;49m[30m 45ms[39;49m[39;49m
[39;49m[32m[39;49m[32m    [+] Properly evaluates dynamic parameters when called from another scope when the call is from a ValidateScript block[39;49m[39;49m[39;49m[30m[39;49m[30m 14ms[39;49m[39;49m

[39;49m[32m[39;49m[32m  Parameter Filters and Common Parameters[39;49m[39;49m
[39;49m[32m[39;49m[32m    [+] Applies common parameters correctly when testing the parameter filter[39;49m[39;49m[39;49m[30m[39;49m[30m 34ms[39;49m[39;49m

[39;49m[32m[39;49m[32m  Mocking Get-ItemProperty[39;49m[39;49m
[39;49m[32m[39;49m[32m    [+] Does not fail with NotImplementedException[39;49m[39;49m[39;49m[30m[39;49m[30m 32ms[39;49m[39;49m

[39;49m[32m[39;49m[32m  When mocking a command with parameters that match internal variable names[39;49m[39;49m
[39;49m[32m[39;49m[32m    [+] Should execute the mocked command successfully[39;49m[39;49m[39;49m[30m[39;49m[30m 53ms[39;49m[39;49m

[39;49m[32m[39;49m[32m  Mocking commands with potentially ambiguous parameter sets[39;49m[39;49m
[39;49m[32m[39;49m[32m    [+] Should call the function successfully, even with delayed parameter binding[39;49m[39;49m[39;49m[30m[39;49m[30m 27ms[39;49m[39;49m

[39;49m[32m[39;49m[32m  When mocking a command that has an ArgumentList parameter with validation[39;49m[39;49m
[39;49m[32m[39;49m[32m    [+] Calls the mock properly[39;49m[39;49m[39;49m[30m[39;49m[30m 39ms[39;49m[39;49m

[39;49m[32m[39;49m[32m  Mocking New-Object[39;49m[39;49m
[39;49m[32m[39;49m[32m    [+] Works properly[39;49m[39;49m[39;49m[30m[39;49m[30m 52ms[39;49m[39;49m

[39;49m[32m[39;49m[32m  Mocking a function taking input from pipeline[39;49m[39;49m

[39;49m[32m[39;49m[32m    when calling original function with an array[39;49m[39;49m
[39;49m[32m[39;49m[32m      [+] Returns actual implementation[39;49m[39;49m[39;49m[30m[39;49m[30m 66ms[39;49m[39;49m

[39;49m[32m[39;49m[32m    when calling original function with an int[39;49m[39;49m
[39;49m[32m[39;49m[32m      [+] Returns actual implementation[39;49m[39;49m[39;49m[30m[39;49m[30m 35ms[39;49m[39;49m

[39;49m[32m[39;49m[32m    when calling original function with a string[39;49m[39;49m
[39;49m[32m[39;49m[32m      [+] Returns actual implementation[39;49m[39;49m[39;49m[30m[39;49m[30m 33ms[39;49m[39;49m

[39;49m[32m[39;49m[32m    when calling original function and pipeline is bound by property name[39;49m[39;49m
[39;49m[32m[39;49m[32m      [+] Returns actual implementation[39;49m[39;49m[39;49m[30m[39;49m[30m 27ms[39;49m[39;49m

[39;49m[32m[39;49m[32m    when calling original function and forcing a parameter binding exception[39;49m[39;49m
[39;49m[32m[39;49m[32m      [+] falls back to no pipeline input[39;49m[39;49m[39;49m[30m[39;49m[30m 4ms[39;49m[39;49m

[39;49m[32m[39;49m[32m    when calling original function and pipeline is bound by property name with array values[39;49m[39;49m
[39;49m[32m[39;49m[32m      [+] Returns actual implementation[39;49m[39;49m[39;49m[30m[39;49m[30m 27ms[39;49m[39;49m

[39;49m[32m[39;49m[32m    when calling the mocked function[39;49m[39;49m
[39;49m[32m[39;49m[32m      [+] Returns mocked implementation[39;49m[39;49m[39;49m[30m[39;49m[30m 4ms[39;49m[39;49m

[39;49m[32m[39;49m[32m  Mocking module-qualified calls[39;49m[39;49m
[39;49m[32m[39;49m[32m    [+] Mock alias should not exist before the mock is defined[39;49m[39;49m[39;49m[30m[39;49m[30m 5ms[39;49m[39;49m
[39;49m[32m[39;49m[32m    [+] Creates the alias while the mock is in effect[39;49m[39;49m[39;49m[30m[39;49m[30m 12ms[39;49m[39;49m
[39;49m[32m[39;49m[32m    [+] Calls the mock properly even if the call is module-qualified[39;49m[39;49m[39;49m[30m[39;49m[30m 37ms[39;49m[39;49m

[39;49m[32m[39;49m[32m  After a mock goes out of scope[39;49m[39;49m
[39;49m[32m[39;49m[32m    [+] Removes the alias after the mock goes out of scope[39;49m[39;49m[39;49m[30m[39;49m[30m 6ms[39;49m[39;49m

[39;49m[32m[39;49m[32m  Assert-MockCalled with Aliases[39;49m[39;49m
[39;49m[32m[39;49m[32m    [+] Allows calls to Assert-MockCalled to use both aliases and the original command name[39;49m[39;49m[39;49m[30m[39;49m[30m 45ms[39;49m[39;49m

[39;49m[32m[39;49m[32m  Mocking Get-Command[39;49m[39;49m
[39;49m[32m[39;49m[32m    [+] Does not break when Get-Command is mocked[39;49m[39;49m[39;49m[30m[39;49m[30m 21ms[39;49m[39;49m

[39;49m[32m[39;49m[32m  Mocks with closures[39;49m[39;49m
[39;49m[32m[39;49m[32m    [+] Resolves variables in the closure rather than Pester's current scope[39;49m[39;49m[39;49m[30m[39;49m[30m 40ms[39;49m[39;49m

[39;49m[32m[39;49m[32m  $args handling[39;49m[39;49m
[39;49m[32m[39;49m[32m    [+] Advanced function mock should be callable with dot operator[39;49m[39;49m[39;49m[30m[39;49m[30m 19ms[39;49m[39;49m
[39;49m[32m[39;49m[32m    [+] Advanced function with Args parameter should be mockable[39;49m[39;49m[39;49m[30m[39;49m[30m 25ms[39;49m[39;49m
[39;49m[32m[39;49m[32m    [+] Cmdlet with Args parameter should be mockable[39;49m[39;49m[39;49m[30m[39;49m[30m 30ms[39;49m[39;49m

[39;49m[32m[39;49m[32m  Single quote in command/module name[39;49m[39;49m
[39;49m[32m[39;49m[32m    [+] Command with single quote in module name should be mockable[39;49m[39;49m[39;49m[30m[39;49m[30m 47ms[39;49m[39;49m
[39;49m[32m[39;49m[32m    [+] Command with single quote in name should be mockable[39;49m[39;49m[39;49m[30m[39;49m[30m 33ms[39;49m[39;49m

[39;49m[32m[39;49m[32m  Mocking cmdlet without positional parameters[39;49m[39;49m
[39;49m[32m[39;49m[32m    [+] Original cmdlet does not have positional parameters[39;49m[39;49m[39;49m[30m[39;49m[30m 13ms[39;49m[39;49m
[39;49m[32m[39;49m[32m    [+] Mock of cmdlet should not make parameters to be positional[39;49m[39;49m[39;49m[30m[39;49m[30m 28ms[39;49m[39;49m
[39;49m[32m[39;49m[32m    [+] Original cmdlet bind all to Remainings[39;49m[39;49m[39;49m[30m[39;49m[30m 7ms[39;49m[39;49m
[39;49m[32m[39;49m[32m    [+] Mock of cmdlet should bind all to Remainings[39;49m[39;49m[39;49m[30m[39;49m[30m 28ms[39;49m[39;49m

[39;49m[32m[39;49m[32m  Nested Mock calls[39;49m[39;49m
[39;49m[32m[39;49m[32m    [+] Properly handles nested mocks[39;49m[39;49m[39;49m[30m[39;49m[30m 61ms[39;49m[39;49m

[39;49m[32m[39;49m[32m  Globbing characters in command name[39;49m[39;49m
[39;49m[32m[39;49m[32m    [+] Command with globbing characters in name should be mockable[39;49m[39;49m[39;49m[30m[39;49m[30m 98ms[39;49m[39;49m

[39;49m[32m[39;49m[32m  Naming conflicts in mocked functions[39;49m[39;49m

[39;49m[32m[39;49m[32m    parameter named Metadata[39;49m[39;49m
[39;49m[32m[39;49m[32m      [+] Works with commands with parameter named Metadata[39;49m[39;49m[39;49m[30m[39;49m[30m 29ms[39;49m[39;49m

[39;49m[32m[39;49m[32m    parameter named Keys[39;49m[39;49m
[39;49m[32m[39;49m[32m      [+] Works with command with parameter named Keys[39;49m[39;49m[39;49m[30m[39;49m[30m 23ms[39;49m[39;49m

[39;49m[32m[39;49m[32m  Passing unbound script blocks as mocks[39;49m[39;49m
[39;49m[32m[39;49m[32m    [+] Does not produce an error[39;49m[39;49m[39;49m[30m[39;49m[30m 39ms[39;49m[39;49m

[39;49m[32m[39;49m[32m  Assert-MockCalled when mock called outside of It block[39;49m[39;49m

[39;49m[32m[39;49m[32m    Context[39;49m[39;49m
[39;49m[32m[39;49m[32m      [+] Should log the correct number of calls[39;49m[39;49m[39;49m[30m[39;49m[30m 51ms[39;49m[39;49m
[39;49m[32m[39;49m[32m      [+] Should log the correct number of calls (second test)[39;49m[39;49m[39;49m[30m[39;49m[30m 46ms[39;49m[39;49m

[39;49m[32m[39;49m[32m  Restoring original commands when mock scopes exit[39;49m[39;49m

[39;49m[32m[39;49m[32m    first context[39;49m[39;49m
[39;49m[32m[39;49m[32m      [+] original function exists[39;49m[39;49m[39;49m[30m[39;49m[30m 5ms[39;49m[39;49m
[39;49m[32m[39;49m[32m      [+] passes in first context[39;49m[39;49m[39;49m[30m[39;49m[30m 20ms[39;49m[39;49m

[39;49m[32m[39;49m[32m    second context[39;49m[39;49m
[39;49m[32m[39;49m[32m      [+] original function exists[39;49m[39;49m[39;49m[30m[39;49m[30m 4ms[39;49m[39;49m
[39;49m[32m[39;49m[32m      [+] passes in second context[39;49m[39;49m[39;49m[30m[39;49m[30m 14ms[39;49m[39;49m

[39;49m[32m[39;49m[32m  Mocking Set-Variable[39;49m[39;49m
[39;49m[32m[39;49m[32m    [+] sets variable correctly when mocking Set-Variable without -Scope parameter[39;49m[39;49m[39;49m[30m[39;49m[30m 61ms[39;49m[39;49m
[39;49m[32m[39;49m[32m    [+] sets variable correctly when mocking Set-Variable without -Scope 0 parameter[39;49m[39;49m[39;49m[30m[39;49m[30m 46ms[39;49m[39;49m
[39;49m[32m[39;49m[32m    [+] sets variable correctly when mocking Set-Variable without -Scope Local parameter[39;49m[39;49m[39;49m[30m[39;49m[30m 48ms[39;49m[39;49m
[39;49m[32m[39;49m[32m    [+] sets variable correctly when mocking Set-Variable with -Scope 3 parameter[39;49m[39;49m[39;49m[30m[39;49m[30m 56ms[39;49m[39;49m

[39;49m[32m[39;49m[32m  Mocking functions with conflicting parameters[39;49m[39;49m

[39;49m[32m[39;49m[32m    Faked conflicting parameter[39;49m[39;49m
[39;49m[32m[39;49m[32m      [+] executes the mock[39;49m[39;49m[39;49m[30m[39;49m[30m 28ms[39;49m[39;49m
[39;49m[32m[39;49m[32m      [+] defaults to the original function[39;49m[39;49m[39;49m[30m[39;49m[30m 25ms[39;49m[39;49m

[39;49m[32m[39;49m[32m      Assert-MockCalled[39;49m[39;49m
[39;49m[32m[39;49m[32m        [+] simple Assert-Mockcalled[39;49m[39;49m[39;49m[30m[39;49m[30m 25ms[39;49m[39;49m
[39;49m[32m[39;49m[32m        [+] with parameterfilter[39;49m[39;49m[39;49m[30m[39;49m[30m 37ms[39;49m[39;49m

[39;49m[32m[39;49m[32m    Get-Module[39;49m[39;49m
[39;49m[32m[39;49m[32m      [+] mocks Get-Module properly[39;49m[39;49m[39;49m[30m[39;49m[30m 53ms[39;49m[39;49m

[39;49m[32m[39;49m[32m  Usage of Alias in Parameter Filters[39;49m[39;49m

[39;49m[32m[39;49m[32m    Mock definition[39;49m[39;49m

[39;49m[32m[39;49m[32m      Get-Content[39;49m[39;49m
[39;49m[32m[39;49m[32m        [+] returns mock that matches parameter filter block[39;49m[39;49m[39;49m[30m[39;49m[30m 17ms[39;49m[39;49m
[39;49m[32m[39;49m[32m        [+] returns default mock[39;49m[39;49m[39;49m[30m[39;49m[30m 18ms[39;49m[39;49m

[39;49m[32m[39;49m[32m      Alias rewriting works when alias and parameter name differ in length[39;49m[39;49m
[39;49m[32m[39;49m[32m        [+] calls the mock[39;49m[39;49m[39;49m[30m[39;49m[30m 36ms[39;49m[39;49m

[39;49m[32m[39;49m[32m      Get-Module[39;49m[39;49m
[39;49m[32m[39;49m[32m        [+] works with read-only/constant automatic variables[39;49m[39;49m[39;49m[30m[39;49m[30m 67ms[39;49m[39;49m

[39;49m[32m[39;49m[32m    Assert-MockCalled[39;49m[39;49m
[39;49m[32m[39;49m[32m      [+] Uses parameter aliases in ParameterFilter[39;49m[39;49m[39;49m[30m[39;49m[30m 39ms[39;49m[39;49m

[39;49m[32m[39;49m[32m  Alias for external commands[39;49m[39;49m

[39;49m[32m[39;49m[32m    Without extensions[39;49m[39;49m
[39;49m[32m[39;49m[32m      [+] mocks ls command[39;49m[39;49m[39;49m[30m[39;49m[30m 51ms[39;49m[39;49m

[39;49m[32m[39;49m[32m  Mock definition output[39;49m[39;49m
[39;49m[32m[39;49m[32m    [+] Outputs nothing[39;49m[39;49m[39;49m[30m[39;49m[30m 18ms[39;49m[39;49m

[39;49m[32m[39;49m[32m  Mocking using ParameterFilter[39;49m[39;49m

[39;49m[32m[39;49m[32m    Scriptblock [Scriptblock]::Create() passed to ParameterFilter as var[39;49m[39;49m
[39;49m[32m[39;49m[32m      [+] Returns default mock[39;49m[39;49m[39;49m[30m[39;49m[30m 24ms[39;49m[39;49m
[39;49m[32m[39;49m[32m      [+] returns mock that matches parameter filter block[39;49m[39;49m[39;49m[30m[39;49m[30m 15ms[39;49m[39;49m

[39;49m[32m[39;49m[32m    Scriptblock expression $( [Scriptblock]::Create() ) passed to ParameterFilter[39;49m[39;49m
[39;49m[32m[39;49m[32m      [+] Returns default mock[39;49m[39;49m[39;49m[30m[39;49m[30m 17ms[39;49m[39;49m
[39;49m[32m[39;49m[32m      [+] returns mock that matches parameter filter block[39;49m[39;49m[39;49m[30m[39;49m[30m 15ms[39;49m[39;49m

[39;49m[32m[39;49m[32m    Scriptblock {} passed to ParameterFilter[39;49m[39;49m
[39;49m[32m[39;49m[32m      [+] Returns default mock[39;49m[39;49m[39;49m[30m[39;49m[30m 17ms[39;49m[39;49m
[39;49m[32m[39;49m[32m      [+] returns mock that matches parameter filter block[39;49m[39;49m[39;49m[30m[39;49m[30m 15ms[39;49m[39;49m

[39;49m[32m[39;49m[32m    Scriptblock {} passed to ParameterFilter as var[39;49m[39;49m
[39;49m[32m[39;49m[32m      [+] Returns default mock[39;49m[39;49m[39;49m[30m[39;49m[30m 17ms[39;49m[39;49m
[39;49m[32m[39;49m[32m      [+] returns mock that matches parameter filter block[39;49m[39;49m[39;49m[30m[39;49m[30m 15ms[39;49m[39;49m

[39;49m[32m[39;49m[32m    Function Definition ${} passed to ParameterFilter[39;49m[39;49m
[39;49m[32m[39;49m[32m      [+] Returns default mock[39;49m[39;49m[39;49m[30m[39;49m[30m 17ms[39;49m[39;49m
[39;49m[32m[39;49m[32m      [+] returns mock that matches parameter filter block[39;49m[39;49m[39;49m[30m[39;49m[30m 21ms[39;49m[39;49m

[39;49m[32m[39;49m[32m  -RemoveParameterType[39;49m[39;49m
[39;49m[32m[39;49m[32m    [+] removes parameter type for simple function[39;49m[39;49m[39;49m[30m[39;49m[30m 58ms[39;49m[39;49m

[39;49m[32m[39;49m[32m  RemoveParameterValidation[39;49m[39;49m
[39;49m[32m[39;49m[32m    [+] throws when number is not in the valid range[39;49m[39;49m[39;49m[30m[39;49m[30m 17ms[39;49m[39;49m
[39;49m[32m[39;49m[32m    [+] passes when mock removes the validation[39;49m[39;49m[39;49m[30m[39;49m[30m 67ms[39;49m[39;49m

[39;49m[32m[39;49m[32mExecuting script /Users/travis/build/pester/Pester/Functions/New-Fixture.Tests.ps1[39;49m[39;49m

[39;49m[32m[39;49m[32m  New-Fixture[39;49m[39;49m
[39;49m[32m[39;49m[32m    [+] Name parameter is mandatory:[39;49m[39;49m[39;49m[30m[39;49m[30m 11ms[39;49m[39;49m

[39;49m[32m[39;49m[32m    Only Name parameter is specified:[39;49m[39;49m
[39;49m[32m[39;49m[32m      [+] Creates fixture in current directory:[39;49m[39;49m[39;49m[30m[39;49m[30m 34ms[39;49m[39;49m

[39;49m[32m[39;49m[32m    Name and Path parameter is specified:[39;49m[39;49m
[39;49m[32m[39;49m[32m      [+] Creates fixture in full Path:[39;49m[39;49m[39;49m[30m[39;49m[30m 31ms[39;49m[39;49m
[39;49m[32m[39;49m[32m      [+] Creates fixture in relative Path:[39;49m[39;49m[39;49m[30m[39;49m[30m 27ms[39;49m[39;49m
[39;49m[32m[39;49m[32m      [+] Creates fixture if Path is set to '.':[39;49m[39;49m[39;49m[30m[39;49m[30m 23ms[39;49m[39;49m
[39;49m[32m[39;49m[32m      [+] Creates fixture if Path is set to '(pwd)':[39;49m[39;49m[39;49m[30m[39;49m[30m 27ms[39;49m[39;49m
[39;49m[32m[39;49m[32m      [+] Creates fixture if Path is set to '(pwd)' and Name contains the 'ps1' extension:[39;49m[39;49m[39;49m[30m[39;49m[30m 25ms[39;49m[39;49m
[39;49m[32m[39;49m[32m      [+] Writes warning if file exists[39;49m[39;49m[39;49m[30m[39;49m[30m 66ms[39;49m[39;49m

[39;49m[32m[39;49m[32mExecuting script /Users/travis/build/pester/Pester/Functions/New-MockObject.Tests.ps1[39;49m[39;49m

[39;49m[32m[39;49m[32m  New-MockObject[39;49m[39;49m
[39;49m[32m[39;49m[32m    [+] instantiates an object from a class with no public constructors[39;49m[39;49m[39;49m[30m[39;49m[30m 13ms[39;49m[39;49m

[39;49m[32m[39;49m[32mExecuting script /Users/travis/build/pester/Pester/Functions/OuterMock.Tests.ps1[39;49m[39;49m

[39;49m[32m[39;49m[32m  Mock at script scope[39;49m[39;49m
[39;49m[32m[39;49m[32m    [+] t[39;49m[39;49m[39;49m[30m[39;49m[30m 4ms[39;49m[39;49m

[39;49m[32m[39;49m[32mExecuting script /Users/travis/build/pester/Pester/Functions/Output.Tests.ps1[39;49m[39;49m

[39;49m[32m[39;49m[32m  Has-Flag[39;49m[39;49m
[39;49m[32m[39;49m[32m    [+] Returns true when setting and value are the same[39;49m[39;49m[39;49m[30m[39;49m[30m 5ms[39;49m[39;49m
[39;49m[32m[39;49m[32m    [+] Returns false when setting and value are the different[39;49m[39;49m[39;49m[30m[39;49m[30m 5ms[39;49m[39;49m
[39;49m[32m[39;49m[32m    [+] Returns true when setting contains value[39;49m[39;49m[39;49m[30m[39;49m[30m 10ms[39;49m[39;49m
[39;49m[32m[39;49m[32m    [+] Returns false when setting does not contain the value[39;49m[39;49m[39;49m[30m[39;49m[30m 6ms[39;49m[39;49m
[39;49m[32m[39;49m[32m    [+] Returns true when at least one setting is contained in value[39;49m[39;49m[39;49m[30m[39;49m[30m 6ms[39;49m[39;49m
[39;49m[32m[39;49m[32m    [+] Returns false when none of settings is contained in value[39;49m[39;49m[39;49m[30m[39;49m[30m 6ms[39;49m[39;49m

[39;49m[32m[39;49m[32m  Default OutputTypes[39;49m[39;49m
[39;49m[32m[39;49m[32m    [+] Fails output type contains all except passed[39;49m[39;49m[39;49m[30m[39;49m[30m 13ms[39;49m[39;49m
[39;49m[32m[39;49m[32m    [+] All output type contains all flags[39;49m[39;49m[39;49m[30m[39;49m[30m 5ms[39;49m[39;49m

[39;49m[32m[39;49m[32m  ConvertTo-PesterResult[39;49m[39;49m

[39;49m[32m[39;49m[32m    failed tests in Tests file[39;49m[39;49m
[39;49m[32m[39;49m[32m      [+] records the correct stack line number[39;49m[39;49m[39;49m[30m[39;49m[30m 11ms[39;49m[39;49m
[39;49m[32m[39;49m[32m      [+] records the correct error record[39;49m[39;49m[39;49m[30m[39;49m[30m 7ms[39;49m[39;49m
[39;49m[32m[39;49m[32m    [+] Does not modify the error message from the original exception[39;49m[39;49m[39;49m[30m[39;49m[30m 15ms[39;49m[39;49m

[39;49m[32m[39;49m[32m    failed tests in another file[39;49m[39;49m
[39;49m[32m[39;49m[32m      [+] records the correct stack line number[39;49m[39;49m[39;49m[30m[39;49m[30m 4ms[39;49m[39;49m
[39;49m[32m[39;49m[32m      [+] records the correct error record[39;49m[39;49m[39;49m[30m[39;49m[30m 7ms[39;49m[39;49m

[39;49m[32m[39;49m[32m  Format-PesterPath[39;49m[39;49m
[39;49m[32m[39;49m[32m    [+] Writes path correctly when it is given $null[39;49m[39;49m[39;49m[30m[39;49m[30m 8ms[39;49m[39;49m
[39;49m[32m[39;49m[32m    [+] Writes path correctly when it is provided as string[39;49m[39;49m[39;49m[30m[39;49m[30m 5ms[39;49m[39;49m
[39;49m[32m[39;49m[32m    [+] Writes path correctly when it is provided as string[][39;49m[39;49m[39;49m[30m[39;49m[30m 5ms[39;49m[39;49m
[39;49m[32m[39;49m[32m    [+] Writes path correctly when provided through hashtable[39;49m[39;49m[39;49m[30m[39;49m[30m 7ms[39;49m[39;49m
[39;49m[32m[39;49m[32m    [+] Writes path correctly when provided through array of hashtable[39;49m[39;49m[39;49m[30m[39;49m[30m 9ms[39;49m[39;49m

[39;49m[32m[39;49m[32m  Write-PesterStart[39;49m[39;49m
[39;49m[37m[39;49m[37m    ____            __
   / __ \___  _____/ /____  _____
  / /_/ / _ \/ ___/ __/ _ \/ ___/
 / ____/  __(__  ) /_/  __/ /
/_/    \___/____/\__/\___/_/
Pester v4.8.1
Executing all tests in ''[39;49m[39;49m
[39;49m[32m[39;49m[32m    [+] uses Format-PesterPath with the provided path[39;49m[39;49m[39;49m[30m[39;49m[30m 54ms[39;49m[39;49m

[39;49m[32m[39;49m[32m  ConvertTo-FailureLines[39;49m[39;49m
[39;49m[32m[39;49m[32m    [+] produces correct message lines.[39;49m[39;49m[39;49m[30m[39;49m[30m 67ms[39;49m[39;49m
[39;49m[32m[39;49m[32m    [+] failed should produces correct message lines.[39;49m[39;49m[39;49m[30m[39;49m[30m 57ms[39;49m[39;49m

[39;49m[32m[39;49m[32m    exception thrown in nested functions in file[39;49m[39;49m
[39;49m[32m[39;49m[32m      [+] produces correct message lines.[39;49m[39;49m[39;49m[30m[39;49m[30m 5ms[39;49m[39;49m
[39;49m[32m[39;49m[32m      [+] produces correct trace lines.[39;49m[39;49m[39;49m[30m[39;49m[30m 14ms[39;49m[39;49m

[39;49m[32m[39;49m[32m    nested exceptions thrown in file[39;49m[39;49m
[39;49m[32m[39;49m[32m      [+] produces correct message lines.[39;49m[39;49m[39;49m[30m[39;49m[30m 11ms[39;49m[39;49m
[39;49m[32m[39;49m[32m      [+] produces correct trace line.[39;49m[39;49m[39;49m[30m[39;49m[30m 8ms[39;49m[39;49m

[39;49m[32m[39;49m[32mExecuting script /Users/travis/build/pester/Pester/Functions/PesterState.Tests.ps1[39;49m[39;49m

[39;49m[32m[39;49m[32m  New-PesterState[39;49m[39;49m

[39;49m[32m[39;49m[32m    TestNameFilter parameter is set[39;49m[39;49m
[39;49m[32m[39;49m[32m      [+] sets the TestNameFilter property[39;49m[39;49m[39;49m[30m[39;49m[30m 4ms[39;49m[39;49m

[39;49m[32m[39;49m[32m    TagFilter parameter is set[39;49m[39;49m
[39;49m[32m[39;49m[32m      [+] sets the TestNameFilter property[39;49m[39;49m[39;49m[30m[39;49m[30m 5ms[39;49m[39;49m

[39;49m[32m[39;49m[32m    ExcludeTagFilter parameter is set[39;49m[39;49m
[39;49m[32m[39;49m[32m      [+] sets the ExcludeTagFilter property[39;49m[39;49m[39;49m[30m[39;49m[30m 5ms[39;49m[39;49m

[39;49m[32m[39;49m[32m    TagFilter and ExcludeTagFilter parameter are set[39;49m[39;49m
[39;49m[32m[39;49m[32m      [+] sets the TestNameFilter property[39;49m[39;49m[39;49m[30m[39;49m[30m 5ms[39;49m[39;49m
[39;49m[32m[39;49m[32m      [+] sets the ExcludeTagFilter property[39;49m[39;49m[39;49m[30m[39;49m[30m 4ms[39;49m[39;49m

[39;49m[32m[39;49m[32m    TestNameFilter and TagFilter parameter is set[39;49m[39;49m
[39;49m[32m[39;49m[32m      [+] sets the TagFilter property[39;49m[39;49m[39;49m[30m[39;49m[30m 8ms[39;49m[39;49m
[39;49m[32m[39;49m[32m      [+] sets the TestNameFilter property[39;49m[39;49m[39;49m[30m[39;49m[30m 5ms[39;49m[39;49m

[39;49m[32m[39;49m[32m    ScritpBlockFilter is set[39;49m[39;49m
[39;49m[32m[39;49m[32m      [+] sets the ScriptBlockFilter property[39;49m[39;49m[39;49m[30m[39;49m[30m 22ms[39;49m[39;49m

[39;49m[32m[39;49m[32m  Pester state object[39;49m[39;49m

[39;49m[32m[39;49m[32m    entering describe[39;49m[39;49m
[39;49m[32m[39;49m[32m      [+] enters describe[39;49m[39;49m[39;49m[30m[39;49m[30m 11ms[39;49m[39;49m

[39;49m[32m[39;49m[32m    leaving describe[39;49m[39;49m
[39;49m[32m[39;49m[32m      [+] leaves describe[39;49m[39;49m[39;49m[30m[39;49m[30m 8ms[39;49m[39;49m

[39;49m[32m[39;49m[32m    adding test result[39;49m[39;49m
[39;49m[32m[39;49m[32m      [+] times test accurately within 10 milliseconds[39;49m[39;49m[39;49m[30m[39;49m[30m 135ms[39;49m[39;49m
[39;49m[32m[39;49m[32m      [+] accurately increments total testsuite time within 10 milliseconds[39;49m[39;49m[39;49m[30m[39;49m[30m 348ms[39;49m[39;49m
[39;49m[32m[39;49m[32m      [+] adds passed test[39;49m[39;49m[39;49m[30m[39;49m[30m 30ms[39;49m[39;49m
[39;49m[32m[39;49m[32m      [+] adds failed test[39;49m[39;49m[39;49m[30m[39;49m[30m 47ms[39;49m[39;49m
[39;49m[32m[39;49m[32m      [+] adds skipped test[39;49m[39;49m[39;49m[30m[39;49m[30m 16ms[39;49m[39;49m
[39;49m[32m[39;49m[32m      [+] adds Pending test[39;49m[39;49m[39;49m[30m[39;49m[30m 15ms[39;49m[39;49m

[39;49m[32m[39;49m[32m    Path and TestNameFilter parameter is set[39;49m[39;49m
[39;49m[32m[39;49m[32m      [+] Keeps Passed state[39;49m[39;49m[39;49m[30m[39;49m[30m 10ms[39;49m[39;49m
[39;49m[32m[39;49m[32m      [+] Keeps Failed state[39;49m[39;49m[39;49m[30m[39;49m[30m 14ms[39;49m[39;49m
[39;49m[32m[39;49m[32m      [+] Changes Pending state to Failed[39;49m[39;49m[39;49m[30m[39;49m[30m 20ms[39;49m[39;49m
[39;49m[32m[39;49m[32m      [+] Changes Skipped state to Failed[39;49m[39;49m[39;49m[30m[39;49m[30m 14ms[39;49m[39;49m
[39;49m[32m[39;49m[32m      [+] Changes Inconclusive state to Failed[39;49m[39;49m[39;49m[30m[39;49m[30m 11ms[39;49m[39;49m

[39;49m[32m[39;49m[32m    Status counts in Strict mode[39;49m[39;49m
[39;49m[32m[39;49m[32m      [+] increases Passed count[39;49m[39;49m[39;49m[30m[39;49m[30m 15ms[39;49m[39;49m
[39;49m[32m[39;49m[32m      [+] increases Failed count[39;49m[39;49m[39;49m[30m[39;49m[30m 18ms[39;49m[39;49m
[39;49m[32m[39;49m[32m      [+] increases Failed count instead of Pending[39;49m[39;49m[39;49m[30m[39;49m[30m 22ms[39;49m[39;49m
[39;49m[32m[39;49m[32m      [+] increases Failed count instead of Skipped[39;49m[39;49m[39;49m[30m[39;49m[30m 22ms[39;49m[39;49m
[39;49m[32m[39;49m[32m      [+] increases Failed count instead of Inconclusive[39;49m[39;49m[39;49m[30m[39;49m[30m 22ms[39;49m[39;49m

[39;49m[32m[39;49m[32mExecuting script /Users/travis/build/pester/Pester/Functions/Set-ItResult.Tests.ps1[39;49m[39;49m

[39;49m[32m[39;49m[32m  Testing Set-ItResult[39;49m[39;49m
[39;49m[32m[39;49m[32m    [+] This test should be inconclusive[39;49m[39;49m[39;49m[30m[39;49m[30m 28ms[39;49m[39;49m
[39;49m[32m[39;49m[32m    [+] This test should be pending[39;49m[39;49m[39;49m[30m[39;49m[30m 10ms[39;49m[39;49m
[39;49m[32m[39;49m[32m    [+] This test should be skipped[39;49m[39;49m[39;49m[30m[39;49m[30m 11ms[39;49m[39;49m
[39;49m[32m[39;49m[32m    [+] Set-ItResult can be called without -Because[39;49m[39;49m[39;49m[30m[39;49m[30m 10ms[39;49m[39;49m
[39;49m[32m[39;49m[32m    [+] Set-ItResult has to have a switch indicating what to set it to[39;49m[39;49m[39;49m[30m[39;49m[30m 12ms[39;49m[39;49m
[39;49m[32m[39;49m[32m    [+] Set-ItResult cannot be called with two states requested[39;49m[39;49m[39;49m[30m[39;49m[30m 10ms[39;49m[39;49m

[39;49m[32m[39;49m[32mExecuting script /Users/travis/build/pester/Pester/Functions/SetupTeardown.Tests.ps1[39;49m[39;49m

[39;49m[32m[39;49m[32m  Describe-Scoped Test Case setup[39;49m[39;49m
[39;49m[32m[39;49m[32m    [+] Assigns the correct value in first test[39;49m[39;49m[39;49m[30m[39;49m[30m 11ms[39;49m[39;49m
[39;49m[32m[39;49m[32m    [+] Assigns the correct value in subsequent tests[39;49m[39;49m[39;49m[30m[39;49m[30m 5ms[39;49m[39;49m

[39;49m[32m[39;49m[32m  Describe-Scoped Test Case setup using named ScriptBlock-parameter[39;49m[39;49m
[39;49m[32m[39;49m[32m    [+] Assigns the correct value in first test[39;49m[39;49m[39;49m[30m[39;49m[30m 5ms[39;49m[39;49m
[39;49m[32m[39;49m[32m    [+] Assigns the correct value in subsequent tests[39;49m[39;49m[39;49m[30m[39;49m[30m 5ms[39;49m[39;49m

[39;49m[32m[39;49m[32m  Context-scoped Test Case setup[39;49m[39;49m

[39;49m[32m[39;49m[32m    The context[39;49m[39;49m
[39;49m[32m[39;49m[32m      [+] Assigns the correct value inside the context[39;49m[39;49m[39;49m[30m[39;49m[30m 5ms[39;49m[39;49m
[39;49m[32m[39;49m[32m    [+] Reports the original value after the Context[39;49m[39;49m[39;49m[30m[39;49m[30m 4ms[39;49m[39;49m

[39;49m[32m[39;49m[32m  Multiple Test Case setup blocks[39;49m[39;49m

[39;49m[32m[39;49m[32m    The context[39;49m[39;49m
[39;49m[32m[39;49m[32m      [+] Executes Describe setup blocks first, then Context blocks in the order they were defined (even if they are defined after the It block.)[39;49m[39;49m[39;49m[30m[39;49m[30m 7ms[39;49m[39;49m
[39;49m[32m[39;49m[32m    [+] Continues to execute Describe setup blocks after the Context[39;49m[39;49m[39;49m[30m[39;49m[30m 4ms[39;49m[39;49m

[39;49m[32m[39;49m[32m  Describe-scoped Test Case teardown[39;49m[39;49m
[39;49m[32m[39;49m[32m    [+] Does not modify the variable before the first test[39;49m[39;49m[39;49m[30m[39;49m[30m 5ms[39;49m[39;49m
[39;49m[32m[39;49m[32m    [+] Modifies the variable after the first test[39;49m[39;49m[39;49m[30m[39;49m[30m 4ms[39;49m[39;49m

[39;49m[32m[39;49m[32m  Multiple Test Case teardown blocks[39;49m[39;49m

[39;49m[32m[39;49m[32m    The context[39;49m[39;49m
[39;49m[32m[39;49m[32m      [+] Performs a test in Context[39;49m[39;49m[39;49m[30m[39;49m[30m 2ms[39;49m[39;49m
[39;49m[32m[39;49m[32m      [+] Executes Describe teardown blocks after Context teardown blocks[39;49m[39;49m[39;49m[30m[39;49m[30m 5ms[39;49m[39;49m

[39;49m[32m[39;49m[32m  Test Group Setup and Teardown[39;49m[39;49m
[39;49m[32m[39;49m[32m    [+] Executed the Describe BeforeAll regardless of definition order[39;49m[39;49m[39;49m[30m[39;49m[30m 4ms[39;49m[39;49m
[39;49m[32m[39;49m[32m    [+] Did not execute any other block yet[39;49m[39;49m[39;49m[30m[39;49m[30m 12ms[39;49m[39;49m

[39;49m[32m[39;49m[32m    Context scoped setup and teardown[39;49m[39;49m
[39;49m[32m[39;49m[32m      [+] Executed the Context BeforeAll block[39;49m[39;49m[39;49m[30m[39;49m[30m 4ms[39;49m[39;49m
[39;49m[32m[39;49m[32m      [+] Has not executed any other blocks yet[39;49m[39;49m[39;49m[30m[39;49m[30m 10ms[39;49m[39;49m
[39;49m[32m[39;49m[32m    [+] Executed the Context AfterAll block[39;49m[39;49m[39;49m[30m[39;49m[30m 5ms[39;49m[39;49m

[39;49m[32m[39;49m[32m  Finishing TestGroup Setup and Teardown tests[39;49m[39;49m
[39;49m[32m[39;49m[32m    [+] Executed each Describe and Context group block once[39;49m[39;49m[39;49m[30m[39;49m[30m 13ms[39;49m[39;49m

[39;49m[32m[39;49m[32m  Script Blocks and file association (testing automatic variables)[39;49m[39;49m
[39;49m[32m[39;49m[32m    [+] Creates script block objects associated with the proper file[39;49m[39;49m[39;49m[30m[39;49m[30m 8ms[39;49m[39;49m
[39;49m[32m[39;49m[32m    [+] Has the correct automatic variable values inside the BeforeEach block[39;49m[39;49m[39;49m[30m[39;49m[30m 5ms[39;49m[39;49m

[39;49m[32m[39;49m[32mExecuting script /Users/travis/build/pester/Pester/Functions/TestDrive.Tests.ps1[39;49m[39;49m

[39;49m[32m[39;49m[32m  Setup[39;49m[39;49m
[39;49m[32m[39;49m[32m    [+] returns a location that is in a temp area[39;49m[39;49m[39;49m[30m[39;49m[30m 6ms[39;49m[39;49m
[39;49m[32m[39;49m[32m    [+] creates a drive location called TestDrive:[39;49m[39;49m[39;49m[30m[39;49m[30m 3ms[39;49m[39;49m

[39;49m[32m[39;49m[32m  TestDrive[39;49m[39;49m
[39;49m[32m[39;49m[32m    [+] handles creation of a drive with . characters in the path[39;49m[39;49m[39;49m[30m[39;49m[30m 1ms[39;49m[39;49m

[39;49m[32m[39;49m[32m  Create filesystem with directories[39;49m[39;49m
[39;49m[32m[39;49m[32m    [+] creates directory when called with no file content[39;49m[39;49m[39;49m[30m[39;49m[30m 4ms[39;49m[39;49m
[39;49m[32m[39;49m[32m    [+] creates another directory when called with no file content and doesn't remove first directory[39;49m[39;49m[39;49m[30m[39;49m[30m 6ms[39;49m[39;49m

[39;49m[32m[39;49m[32m  Create nested directory structure[39;49m[39;49m
[39;49m[32m[39;49m[32m    [+] creates parent directory[39;49m[39;49m[39;49m[30m[39;49m[30m 4ms[39;49m[39;49m
[39;49m[32m[39;49m[32m    [+] creates child directory underneath parent[39;49m[39;49m[39;49m[30m[39;49m[30m 7ms[39;49m[39;49m

[39;49m[32m[39;49m[32m  Create a file with no content[39;49m[39;49m
[39;49m[32m[39;49m[32m    [+] creates file[39;49m[39;49m[39;49m[30m[39;49m[30m 4ms[39;49m[39;49m
[39;49m[32m[39;49m[32m    [+] also has no content[39;49m[39;49m[39;49m[30m[39;49m[30m 4ms[39;49m[39;49m

[39;49m[32m[39;49m[32m  Create a file with content[39;49m[39;49m
[39;49m[32m[39;49m[32m    [+] creates file[39;49m[39;49m[39;49m[30m[39;49m[30m 4ms[39;49m[39;49m
[39;49m[32m[39;49m[32m    [+] adds content to the file[39;49m[39;49m[39;49m[30m[39;49m[30m 5ms[39;49m[39;49m

[39;49m[32m[39;49m[32m  Create file with passthru[39;49m[39;49m
[39;49m[32m[39;49m[32m    [+] returns the file from the temp location[39;49m[39;49m[39;49m[30m[39;49m[30m 9ms[39;49m[39;49m

[39;49m[32m[39;49m[32m  Create directory with passthru[39;49m[39;49m
[39;49m[32m[39;49m[32m    [+] returns the directory from the temp location[39;49m[39;49m[39;49m[30m[39;49m[30m 11ms[39;49m[39;49m

[39;49m[32m[39;49m[32m  TestDrive scoping[39;49m[39;49m

[39;49m[32m[39;49m[32m    Describe file is available in context[39;49m[39;49m
[39;49m[32m[39;49m[32m      [+] Finds the file[39;49m[39;49m[39;49m[30m[39;49m[30m 7ms[39;49m[39;49m
[39;49m[32m[39;49m[32m      [+] Creates It-scoped contents[39;49m[39;49m[39;49m[30m[39;49m[30m 6ms[39;49m[39;49m
[39;49m[32m[39;49m[32m      [+] Does not clear It-scoped contents on exit[39;49m[39;49m[39;49m[30m[39;49m[30m 4ms[39;49m[39;49m
[39;49m[32m[39;49m[32m    [+] Context file are removed when returning to Describe[39;49m[39;49m[39;49m[30m[39;49m[30m 4ms[39;49m[39;49m
[39;49m[32m[39;49m[32m    [+] Describe file is still available in Describe[39;49m[39;49m[39;49m[30m[39;49m[30m 4ms[39;49m[39;49m

[39;49m[32m[39;49m[32m  Cleanup[39;49m[39;49m

[39;49m[32m[39;49m[32m  Cleanup[39;49m[39;49m
[39;49m[32m[39;49m[32m    [+] should have removed the temp folder from the previous fixture[39;49m[39;49m[39;49m[30m[39;49m[30m 5ms[39;49m[39;49m
[39;49m[32m[39;49m[32m    [+] should also remove the TestDrive:[39;49m[39;49m[39;49m[30m[39;49m[30m 4ms[39;49m[39;49m

[39;49m[32m[39;49m[32m  Cleanup when Remove-Item is mocked[39;49m[39;49m

[39;49m[32m[39;49m[32m    add a temp directory[39;49m[39;49m

[39;49m[32m[39;49m[32m    next context[39;49m[39;49m
[39;49m[32m[39;49m[32m      [+] should have removed the temp folder[39;49m[39;49m[39;49m[30m[39;49m[30m 10ms[39;49m[39;49m

[39;49m[32m[39;49m[32m  New-RandomTempDirectory[39;49m[39;49m
[39;49m[32m[39;49m[32m    [+] creates randomly named directory[39;49m[39;49m[39;49m[30m[39;49m[30m 17ms[39;49m[39;49m

[39;49m[32m[39;49m[32m  Clear-TestDrive[39;49m[39;49m
[39;49m[32m[39;49m[32m    [+] Deletes symbolic links in TestDrive[39;49m[39;49m[39;49m[30m[39;49m[30m 23ms[39;49m[39;49m
[39;49m[32m[39;49m[32m    [+] Clear-TestDrive removes problematic symlinks[39;49m[39;49m[39;49m[30m[39;49m[30m 34ms[39;49m[39;49m

[39;49m[32m[39;49m[32mExecuting script /Users/travis/build/pester/Pester/Functions/TestRegistry.Tests.ps1[39;49m[39;49m

[39;49m[32m[39;49m[32mExecuting script /Users/travis/build/pester/Pester/Functions/TestResults.Tests.ps1[39;49m[39;49m

[39;49m[32m[39;49m[32m  Write nunit test results[39;49m[39;49m
[39;49m[31m[39;49m[31m    [-] should write a successful test result[39;49m[39;49m[39;49m[30m[39;49m[30m 47ms[39;49m[39;49m
[39;49m[31m[39;49m[31m      CommandNotFoundException: The term 'Export-NunitReport' is not recognized as the name of a cmdlet, function, script file, or operable program.[39;49m[39;49m
[39;49m[31m[39;49m[31m      Check the spelling of the name, or if a path was included, verify that the path is correct and try again.[39;49m[39;49m
[39;49m[31m[39;49m[31m    [-] should write a failed test result[39;49m[39;49m[39;49m[30m[39;49m[30m 45ms[39;49m[39;49m
[39;49m[31m[39;49m[31m      CommandNotFoundException: The term 'Export-NunitReport' is not recognized as the name of a cmdlet, function, script file, or operable program.[39;49m[39;49m
[39;49m[31m[39;49m[31m      Check the spelling of the name, or if a path was included, verify that the path is correct and try again.[39;49m[39;49m
[39;49m[31m[39;49m[31m    [-] should write the test summary[39;49m[39;49m[39;49m[30m[39;49m[30m 43ms[39;49m[39;49m
[39;49m[31m[39;49m[31m      CommandNotFoundException: The term 'Export-NunitReport' is not recognized as the name of a cmdlet, function, script file, or operable program.[39;49m[39;49m
[39;49m[31m[39;49m[31m      Check the spelling of the name, or if a path was included, verify that the path is correct and try again.[39;49m[39;49m
[39;49m[31m[39;49m[31m    [-] should write the test-suite information[39;49m[39;49m[39;49m[30m[39;49m[30m 379ms[39;49m[39;49m
[39;49m[31m[39;49m[31m      CommandNotFoundException: The term 'Export-NunitReport' is not recognized as the name of a cmdlet, function, script file, or operable program.[39;49m[39;49m
[39;49m[31m[39;49m[31m      Check the spelling of the name, or if a path was included, verify that the path is correct and try again.[39;49m[39;49m
[39;49m[31m[39;49m[31m    [-] should write two test-suite elements for two describes[39;49m[39;49m[39;49m[30m[39;49m[30m 544ms[39;49m[39;49m
[39;49m[31m[39;49m[31m      CommandNotFoundException: The term 'Export-NunitReport' is not recognized as the name of a cmdlet, function, script file, or operable program.[39;49m[39;49m
[39;49m[31m[39;49m[31m      Check the spelling of the name, or if a path was included, verify that the path is correct and try again.[39;49m[39;49m
[39;49m[31m[39;49m[31m    [-] should write the environment information[39;49m[39;49m[39;49m[30m[39;49m[30m 31ms[39;49m[39;49m
[39;49m[31m[39;49m[31m      CommandNotFoundException: The term 'Export-NunitReport' is not recognized as the name of a cmdlet, function, script file, or operable program.[39;49m[39;49m
[39;49m[31m[39;49m[31m      Check the spelling of the name, or if a path was included, verify that the path is correct and try again.[39;49m[39;49m
[39;49m[31m[39;49m[31m    [-] Should validate test results against the nunit 2.5 schema[39;49m[39;49m[39;49m[30m[39;49m[30m 42ms[39;49m[39;49m
[39;49m[31m[39;49m[31m      CommandNotFoundException: The term 'Export-NunitReport' is not recognized as the name of a cmdlet, function, script file, or operable program.[39;49m[39;49m
[39;49m[31m[39;49m[31m      Check the spelling of the name, or if a path was included, verify that the path is correct and try again.[39;49m[39;49m
[39;49m[31m[39;49m[31m    [-] handles special characters in block descriptions well -!@#$%^&*()_+1234567890[];'',./"- [39;49m[39;49m[39;49m[30m[39;49m[30m 35ms[39;49m[39;49m
[39;49m[31m[39;49m[31m      CommandNotFoundException: The term 'Export-NunitReport' is not recognized as the name of a cmdlet, function, script file, or operable program.[39;49m[39;49m
[39;49m[31m[39;49m[31m      Check the spelling of the name, or if a path was included, verify that the path is correct and try again.[39;49m[39;49m

[39;49m[32m[39;49m[32m    Exporting Parameterized Tests (Newer format)[39;49m[39;49m
[39;49m[31m[39;49m[31m      [-] Error occurred in Context block[39;49m[39;49m[39;49m[30m[39;49m[30m 0ms[39;49m[39;49m
[39;49m[31m[39;49m[31m        CommandNotFoundException: The term 'Export-NunitReport' is not recognized as the name of a cmdlet, function, script file, or operable program.[39;49m[39;49m
[39;49m[31m[39;49m[31m        Check the spelling of the name, or if a path was included, verify that the path is correct and try again.[39;49m[39;49m
[39;49m[31m[39;49m[31m        at DescribeImpl, /Users/travis/build/pester/Pester/Functions/Describe.ps1: line 199[39;49m[39;49m

[39;49m[32m[39;49m[32m  Get-TestTime[39;49m[39;49m
[39;49m[32m[39;49m[32m    [+] output is culture agnostic[39;49m[39;49m[39;49m[30m[39;49m[30m 41ms[39;49m[39;49m
[39;49m[32m[39;49m[32m    [+] Time is measured in seconds with 0,1 millisecond as lowest value[39;49m[39;49m[39;49m[30m[39;49m[30m 19ms[39;49m[39;49m

[39;49m[32m[39;49m[32m  GetFullPath[39;49m[39;49m
[39;49m[32m[39;49m[32m    [+] Resolves non existing path correctly[39;49m[39;49m[39;49m[30m[39;49m[30m 16ms[39;49m[39;49m
[39;49m[32m[39;49m[32m    [+] Resolves non existing path correctly - PSDrive[39;49m[39;49m[39;49m[30m[39;49m[30m 13ms[39;49m[39;49m
[39;49m[32m[39;49m[32m    [+] Resolves existing path correctly[39;49m[39;49m[39;49m[30m[39;49m[30m 9ms[39;49m[39;49m
[39;49m[32m[39;49m[32m    [+] Resolves existing path correctly - PSDrive[39;49m[39;49m[39;49m[30m[39;49m[30m 8ms[39;49m[39;49m
[39;49m[32m[39;49m[32m    [+] Resolves full path correctly[39;49m[39;49m[39;49m[30m[39;49m[30m 12ms[39;49m[39;49m

[39;49m[32m[39;49m[32mExecuting script /Users/travis/build/pester/Pester/Functions/TestsRunningInCleanRunspace.Tests.ps1[39;49m[39;49m

[39;49m[32m[39;49m[32m  Tests running in clean runspace[39;49m[39;49m
[6n[6n[?1h=[39;49m[32m[39;49m[32m    [+] It - Skip and Pending tests[39;49m[39;49m[39;49m[30m[39;49m[30m 6.73s[39;49m[39;49m
[6n[6n[?1h=[39;49m[32m[39;49m[32m    [+] It - It without ScriptBlock fails[39;49m[39;49m[39;49m[30m[39;49m[30m 5.95s[39;49m[39;49m
[6n[6n[?1h=[39;49m[32m[39;49m[32m    [+] Invoke-Pester - PassThru output[39;49m[39;49m[39;49m[30m[39;49m[30m 6.02s[39;49m[39;49m
[6n[6n[?1h=[39;49m[32m[39;49m[32m    [+] Produces valid NUnit output when syntax errors occur in test scripts[39;49m[39;49m[39;49m[30m[39;49m[30m 6.08s[39;49m[39;49m
[6n[6n[?1h=[39;49m[32m[39;49m[32m    [+] Invoke-Pester - Strict mode[39;49m[39;49m[39;49m[30m[39;49m[30m 6.92s[39;49m[39;49m

[39;49m[32m[39;49m[32m  Guarantee It fail on setup or teardown fail (running in clean runspace)[39;49m[39;49m
[6n[6n[?1h=[39;49m[32m[39;49m[32m    [+] It fails if BeforeEach fails[39;49m[39;49m[39;49m[30m[39;49m[30m 6.09s[39;49m[39;49m
[6n[6n[?1h=[39;49m[32m[39;49m[32m    [+] It fails if AfterEach fails[39;49m[39;49m[39;49m[30m[39;49m[30m 6.26s[39;49m[39;49m

[39;49m[32m[39;49m[32m    Teardown fails[39;49m[39;49m
[6n[6n[?1h=[39;49m[32m[39;49m[32m      [+] Failed teardown does not let exception propagate outside of the scope of Describe/Context in which it failed[39;49m[39;49m[39;49m[30m[39;49m[30m 6.89s[39;49m[39;49m

[39;49m[32m[39;49m[32m  Swallowing output[39;49m[39;49m
[6n[6n[?1h=[39;49m[32m[39;49m[32m    [+] Invoke-Pester happy path returns only test results[39;49m[39;49m[39;49m[30m[39;49m[30m 7.8s[39;49m[39;49m
[6n[6n[?1h=[39;49m[32m[39;49m[32m    [+] Invoke-Pester swallows pipeline output from system-under-test[39;49m[39;49m[39;49m[30m[39;49m[30m 6.55s[39;49m[39;49m
[6n[6n[?1h=[39;49m[32m[39;49m[32m    [+] Invoke-Pester swallows pipeline output from test script[39;49m[39;49m[39;49m[30m[39;49m[30m 6.5s[39;49m[39;49m

[39;49m[32m[39;49m[32mExecuting script /Users/travis/build/pester/Pester/Pester.Tests.ps1[39;49m[39;49m

[39;49m[32m[39;49m[32m  Clean treatment of the $error variable[39;49m[39;49m

[39;49m[32m[39;49m[32m    A Context[39;49m[39;49m
[39;49m[32m[39;49m[32m      [+] Performs a successful test[39;49m[39;49m[39;49m[30m[39;49m[30m 4ms[39;49m[39;49m
[39;49m[32m[39;49m[32m    [+] Did not add anything to the $error variable[39;49m[39;49m[39;49m[30m[39;49m[30m 6ms[39;49m[39;49m

[39;49m[32m[39;49m[32m  SafeCommands table[39;49m[39;49m
[39;49m[32m[39;49m[32m    [+] The SafeCommands table contains all commands that are called from the module[39;49m[39;49m[39;49m[30m[39;49m[30m 5ms[39;49m[39;49m

[39;49m[32m[39;49m[32m  Public API[39;49m[39;49m
[39;49m[32m[39;49m[32m    [+] all non-deprecated, non-internal public commands use CmdletBinding[39;49m[39;49m[39;49m[30m[39;49m[30m 43ms[39;49m[39;49m

[39;49m[32m[39;49m[32m  ResolveTestScripts[39;49m[39;49m
[39;49m[32m[39;49m[32m    [+] Resolves non-wildcarded file paths regardless of whether the file ends with Tests.ps1[39;49m[39;49m[39;49m[30m[39;49m[30m 15ms[39;49m[39;49m
[39;49m[32m[39;49m[32m    [+] Finds only *.Tests.ps1 files when the path contains wildcards[39;49m[39;49m[39;49m[30m[39;49m[30m 20ms[39;49m[39;49m
[39;49m[32m[39;49m[32m    [+] Finds only *.Tests.ps1 files when the path refers to a directory and does not contain wildcards[39;49m[39;49m[39;49m[30m[39;49m[30m 20ms[39;49m[39;49m
[39;49m[32m[39;49m[32m    [+] Assigns empty array and hashtable to the Arguments and Parameters properties when none are specified by the caller[39;49m[39;49m[39;49m[30m[39;49m[30m 47ms[39;49m[39;49m

[39;49m[32m[39;49m[32m    Passing in Dictionaries instead of Strings[39;49m[39;49m
[39;49m[32m[39;49m[32m      [+] Allows the use of a "p" key instead of "Path"[39;49m[39;49m[39;49m[30m[39;49m[30m 15ms[39;49m[39;49m
[39;49m[32m[39;49m[32m      [+] Allows the use of an "Arguments" key in the dictionary[39;49m[39;49m[39;49m[30m[39;49m[30m 20ms[39;49m[39;49m
[39;49m[32m[39;49m[32m      [+] Allows the use of an "args" key in the dictionary[39;49m[39;49m[39;49m[30m[39;49m[30m 19ms[39;49m[39;49m
[39;49m[32m[39;49m[32m      [+] Allows the use of an "a" key in the dictionary[39;49m[39;49m[39;49m[30m[39;49m[30m 19ms[39;49m[39;49m
[39;49m[32m[39;49m[32m      [+] Allows the use of a "Parameters" key in the dictionary[39;49m[39;49m[39;49m[30m[39;49m[30m 24ms[39;49m[39;49m
[39;49m[32m[39;49m[32m      [+] Allows the use of a "params" key in the dictionary[39;49m[39;49m[39;49m[30m[39;49m[30m 21ms[39;49m[39;49m
[39;49m[32m[39;49m[32m      [+] Allows to pass test script string[39;49m[39;49m[39;49m[30m[39;49m[30m 18ms[39;49m[39;49m
[39;49m[32m[39;49m[32m      [+] Throws an error if no Path is specified[39;49m[39;49m[39;49m[30m[39;49m[30m 21ms[39;49m[39;49m
[39;49m[32m[39;49m[32m      [+] Throws an error if a Parameters key is used, but does not contain an IDictionary object[39;49m[39;49m[39;49m[30m[39;49m[30m 15ms[39;49m[39;49m

[39;49m[32m[39;49m[32m  Assertion operators[39;49m[39;49m
[39;49m[32m[39;49m[32m    [+] Allows an operator with an identical name and test to be re-registered[39;49m[39;49m[39;49m[30m[39;49m[30m 26ms[39;49m[39;49m
[39;49m[32m[39;49m[32m    [+] Allows an operator with an identical name, test, and alias to be re-registered[39;49m[39;49m[39;49m[30m[39;49m[30m 15ms[39;49m[39;49m
[39;49m[32m[39;49m[32m    [+] Allows an operator to be registered with multiple aliases[39;49m[39;49m[39;49m[30m[39;49m[30m 14ms[39;49m[39;49m
[39;49m[32m[39;49m[32m    [+] Does not allow an operator with a different test to be registered using an existing name[39;49m[39;49m[39;49m[30m[39;49m[30m 27ms[39;49m[39;49m
[39;49m[32m[39;49m[32m    [+] Does not allow an operator with a different test to be registered using an existing alias[39;49m[39;49m[39;49m[30m[39;49m[30m 47ms[39;49m[39;49m

[39;49m[32m[39;49m[32m  Set-StrictMode for all tests files[39;49m[39;49m
[39;49m[32m[39;49m[32m    [+] Pester tests files start with explicit declaration of StrictMode set to Latest[39;49m[39;49m[39;49m[30m[39;49m[30m 38ms[39;49m[39;49m

[39;49m[32m[39;49m[32m  Contain-AnyStringLike[39;49m[39;49m
[39;49m[32m[39;49m[32m    [+] Given a filter Unit that does not match any items in collection Integration it returns $false[39;49m[39;49m[39;49m[30m[39;49m[30m 4ms[39;49m[39;49m
[39;49m[32m[39;49m[32m    [+] Given a filter *Unit* that does not match any items in collection Integration it returns $false[39;49m[39;49m[39;49m[30m[39;49m[30m 3ms[39;49m[39;49m
[39;49m[32m[39;49m[32m    [+] Given a filter @('*Unit*', 'IntegrationTest') that does not match any items in collection Integration it returns $false[39;49m[39;49m[39;49m[30m[39;49m[30m 6ms[39;49m[39;49m
[39;49m[32m[39;49m[32m    [+] Given a filter Unit that does not match any items in collection @('Low', 'Medium', 'High') it returns $false[39;49m[39;49m[39;49m[30m[39;49m[30m 3ms[39;49m[39;49m
[39;49m[32m[39;49m[32m    [+] Given a filter *Unit* that does not match any items in collection @('Low', 'Medium', 'High') it returns $false[39;49m[39;49m[39;49m[30m[39;49m[30m 3ms[39;49m[39;49m
[39;49m[32m[39;49m[32m    [+] Given a filter Unit that matches one or more items in collection Unit it returns $true[39;49m[39;49m[39;49m[30m[39;49m[30m 4ms[39;49m[39;49m
[39;49m[32m[39;49m[32m    [+] Given a filter *Unit* that matches one or more items in collection UnitTest it returns $true[39;49m[39;49m[39;49m[30m[39;49m[30m 3ms[39;49m[39;49m
[39;49m[32m[39;49m[32m    [+] Given a filter @('UnitTest', 'IntegrationTest') that matches one or more items in collection UnitTest it returns $true[39;49m[39;49m[39;49m[30m[39;49m[30m 6ms[39;49m[39;49m
[39;49m[32m[39;49m[32m    [+] Given a filter Low that matches one or more items in collection @('Low', 'Medium', 'High') it returns $true[39;49m[39;49m[39;49m[30m[39;49m[30m 3ms[39;49m[39;49m
[39;49m[32m[39;49m[32m    [+] Given a filter @('Low', 'Medium') that matches one or more items in collection @('Low', 'Medium', 'High') it returns $true[39;49m[39;49m[39;49m[30m[39;49m[30m 3ms[39;49m[39;49m
[39;49m[32m[39;49m[32m    [+] Given a filter l* that matches one or more items in collection @('Low', 'Medium', 'High') it returns $true[39;49m[39;49m[39;49m[30m[39;49m[30m 3ms[39;49m[39;49m
[39;49m[37m[39;49m[37mTests completed in 207s[39;49m[39;49m
[39;49m[37m[39;49m[37mTests Passed: 996, [39;49m[39;49m[39;49m[31m[39;49m[31mFailed: 9, [39;49m[39;49m[39;49m[33m[39;49m[33mSkipped: 2, [39;49m[39;49m[39;49m[30m[39;49m[30mPending: 0, [39;49m[39;49m[39;49m[30m[39;49m[30mInconclusive: 0 [39;49m[39;49m
travis_time:end:27c0705c:start=1565806385171937000,finish=1565806598101250000,duration=212929313000[0K[31;1mThe command "pwsh -c 'Set-StrictMode -Version Latest; $global:PesterDebugPreference_ShowFullErrors = $true ;Import-Module ./Pester.psd1; Invoke-Pester -ExcludeTag VersionChecks, StyleRules, Help -EnableExit'" exited with 9.[0m



Done. Your build exited with 1.
