travis_fold:start:worker_info[0K[33;1mWorker information[0m
hostname: 80b2c826-6c16-4f44-b371-7cefeaf9c9d4@1.production-1-worker-org-gce-2f1v
version: v6.2.0 https://github.com/travis-ci/worker/tree/5e5476e01646095f48eec13196fdb3faf8f5cbf7
instance: travis-job-9f44fb8d-024e-40fa-848d-0647ec13a421 travis-ci-garnet-trusty-1512502259-986baf0 (via amqp)
startup: 6.303693206s
travis_fold:end:worker_info[0Ktravis_fold:start:system_info[0K[33;1mBuild system information[0m
Build language: c
Build group: stable
Build dist: trusty
Build id: 496555781
Job id: 496555782
Runtime kernel version: 4.4.0-101-generic
travis-build version: 275ce64b5
[34m[1mBuild image provisioning date and time[0m
Tue Dec  5 19:58:13 UTC 2017
[34m[1mOperating System Details[0m
Distributor ID:	Ubuntu
Description:	Ubuntu 14.04.5 LTS
Release:	14.04
Codename:	trusty
[34m[1mCookbooks Version[0m
7c2c6a6 https://github.com/travis-ci/travis-cookbooks/tree/7c2c6a6
[34m[1mgit version[0m
git version 2.15.1
[34m[1mbash version[0m
GNU bash, version 4.3.11(1)-release (x86_64-pc-linux-gnu)
[34m[1mgcc version[0m
gcc (Ubuntu 4.8.4-2ubuntu1~14.04.3) 4.8.4
Copyright (C) 2013 Free Software Foundation, Inc.
This is free software; see the source for copying conditions.  There is NO
warranty; not even for MERCHANTABILITY or FITNESS FOR A PARTICULAR PURPOSE.

[34m[1mdocker version[0m
Client:
 Version:      17.09.0-ce
 API version:  1.32
 Go version:   go1.8.3
 Git commit:   afdb6d4
 Built:        Tue Sep 26 22:42:38 2017
 OS/Arch:      linux/amd64

Server:
 Version:      17.09.0-ce
 API version:  1.32 (minimum version 1.12)
 Go version:   go1.8.3
 Git commit:   afdb6d4
 Built:        Tue Sep 26 22:41:20 2017
 OS/Arch:      linux/amd64
 Experimental: false
[34m[1mclang version[0m
clang version 5.0.0 (tags/RELEASE_500/final)
Target: x86_64-unknown-linux-gnu
Thread model: posix
InstalledDir: /usr/local/clang-5.0.0/bin
[34m[1mjq version[0m
jq-1.5
[34m[1mbats version[0m
Bats 0.4.0
[34m[1mshellcheck version[0m
0.4.6
[34m[1mshfmt version[0m
v2.0.0
[34m[1mccache version[0m
ccache version 3.1.9

Copyright (C) 2002-2007 Andrew Tridgell
Copyright (C) 2009-2011 Joel Rosdahl

This program is free software; you can redistribute it and/or modify it under
the terms of the GNU General Public License as published by the Free Software
Foundation; either version 3 of the License, or (at your option) any later
version.
[34m[1mcmake version[0m
cmake version 3.9.2

CMake suite maintained and supported by Kitware (kitware.com/cmake).
[34m[1mheroku version[0m
heroku-cli/6.14.39-addc925 (linux-x64) node-v9.2.0
[34m[1mimagemagick version[0m
Version: ImageMagick 6.7.7-10 2017-07-31 Q16 http://www.imagemagick.org
[34m[1mmd5deep version[0m
4.2
[34m[1mmercurial version[0m
Mercurial Distributed SCM (version 4.2.2)
(see https://mercurial-scm.org for more information)

Copyright (C) 2005-2017 Matt Mackall and others
This is free software; see the source for copying conditions. There is NO
warranty; not even for MERCHANTABILITY or FITNESS FOR A PARTICULAR PURPOSE.
[34m[1mmysql version[0m
mysql  Ver 14.14 Distrib 5.6.33, for debian-linux-gnu (x86_64) using  EditLine wrapper
[34m[1mopenssl version[0m
OpenSSL 1.0.1f 6 Jan 2014
[34m[1mpacker version[0m
Packer v1.0.2

Your version of Packer is out of date! The latest version
is 1.1.2. You can update by downloading from www.packer.io
[34m[1mpostgresql client version[0m
psql (PostgreSQL) 9.6.6
[34m[1mragel version[0m
Ragel State Machine Compiler version 6.8 Feb 2013
Copyright (c) 2001-2009 by Adrian Thurston
[34m[1msubversion version[0m
svn, version 1.8.8 (r1568071)
   compiled Aug 10 2017, 17:20:39 on x86_64-pc-linux-gnu

Copyright (C) 2013 The Apache Software Foundation.
This software consists of contributions made by many people;
see the NOTICE file for more information.
Subversion is open source software, see http://subversion.apache.org/

The following repository access (RA) modules are available:

* ra_svn : Module for accessing a repository using the svn network protocol.
  - with Cyrus SASL authentication
  - handles 'svn' scheme
* ra_local : Module for accessing a repository on local disk.
  - handles 'file' scheme
* ra_serf : Module for accessing a repository via WebDAV protocol using serf.
  - using serf 1.3.3
  - handles 'http' scheme
  - handles 'https' scheme

[34m[1msudo version[0m
Sudo version 1.8.9p5
Configure options: --prefix=/usr -v --with-all-insults --with-pam --with-fqdn --with-logging=syslog --with-logfac=authpriv --with-env-editor --with-editor=/usr/bin/editor --with-timeout=15 --with-password-timeout=0 --with-passprompt=[sudo] password for %p:  --without-lecture --with-tty-tickets --disable-root-mailer --enable-admin-flag --with-sendmail=/usr/sbin/sendmail --with-timedir=/var/lib/sudo --mandir=/usr/share/man --libexecdir=/usr/lib/sudo --with-sssd --with-sssd-lib=/usr/lib/x86_64-linux-gnu --with-selinux
Sudoers policy plugin version 1.8.9p5
Sudoers file grammar version 43

Sudoers path: /etc/sudoers
Authentication methods: 'pam'
Syslog facility if syslog is being used for logging: authpriv
Syslog priority to use when user authenticates successfully: notice
Syslog priority to use when user authenticates unsuccessfully: alert
Send mail if the user is not in sudoers
Use a separate timestamp for each user/tty combo
Lecture user the first time they run sudo
Root may run sudo
Allow some information gathering to give useful error messages
Require fully-qualified hostnames in the sudoers file
Visudo will honor the EDITOR environment variable
Set the LOGNAME and USER environment variables
Length at which to wrap log file lines (0 for no wrap): 80
Authentication timestamp timeout: 15.0 minutes
Password prompt timeout: 0.0 minutes
Number of tries to enter a password: 3
Umask to use or 0777 to use user's: 022
Path to mail program: /usr/sbin/sendmail
Flags for mail program: -t
Address to send mail to: root
Subject line for mail messages: *** SECURITY information for %h ***
Incorrect password message: Sorry, try again.
Path to authentication timestamp dir: /var/lib/sudo
Default password prompt: [sudo] password for %p: 
Default user to run commands as: root
Value to override user's $PATH with: /usr/local/sbin:/usr/local/bin:/usr/sbin:/usr/bin:/sbin:/bin:/snap/bin
Path to the editor for use by visudo: /usr/bin/editor
When to require a password for 'list' pseudocommand: any
When to require a password for 'verify' pseudocommand: all
File descriptors >= 3 will be closed before executing a command
Environment variables to check for sanity:
	TZ
	TERM
	LINGUAS
	LC_*
	LANGUAGE
	LANG
	COLORTERM
Environment variables to remove:
	RUBYOPT
	RUBYLIB
	PYTHONUSERBASE
	PYTHONINSPECT
	PYTHONPATH
	PYTHONHOME
	TMPPREFIX
	ZDOTDIR
	READNULLCMD
	NULLCMD
	FPATH
	PERL5DB
	PERL5OPT
	PERL5LIB
	PERLLIB
	PERLIO_DEBUG 
	JAVA_TOOL_OPTIONS
	SHELLOPTS
	GLOBIGNORE
	PS4
	BASH_ENV
	ENV
	TERMCAP
	TERMPATH
	TERMINFO_DIRS
	TERMINFO
	_RLD*
	LD_*
	PATH_LOCALE
	NLSPATH
	HOSTALIASES
	RES_OPTIONS
	LOCALDOMAIN
	CDPATH
	IFS
Environment variables to preserve:
	JAVA_HOME
	TRAVIS
	CI
	DEBIAN_FRONTEND
	XAUTHORIZATION
	XAUTHORITY
	PS2
	PS1
	PATH
	LS_COLORS
	KRB5CCNAME
	HOSTNAME
	HOME
	DISPLAY
	COLORS
Locale to use while parsing sudoers: C
Directory in which to store input/output logs: /var/log/sudo-io
File in which to store the input/output log: %{seq}
Add an entry to the utmp/utmpx file when allocating a pty
PAM service name to use
PAM service name to use for login shells
Create a new PAM session for the command to run in
Maximum I/O log sequence number: 0

Local IP address and netmask pairs:
	10.240.0.28/255.255.255.255
	172.17.0.1/255.255.0.0

Sudoers I/O plugin version 1.8.9p5
[34m[1mgzip version[0m
gzip 1.6
Copyright (C) 2007, 2010, 2011 Free Software Foundation, Inc.
Copyright (C) 1993 Jean-loup Gailly.
This is free software.  You may redistribute copies of it under the terms of
the GNU General Public License <http://www.gnu.org/licenses/gpl.html>.
There is NO WARRANTY, to the extent permitted by law.

Written by Jean-loup Gailly.
[34m[1mzip version[0m
Copyright (c) 1990-2008 Info-ZIP - Type 'zip "-L"' for software license.
This is Zip 3.0 (July 5th 2008), by Info-ZIP.
Currently maintained by E. Gordon.  Please send bug reports to
the authors using the web page at www.info-zip.org; see README for details.

Latest sources and executables are at ftp://ftp.info-zip.org/pub/infozip,
as of above date; see http://www.info-zip.org/ for other sites.

Compiled with gcc 4.8.2 for Unix (Linux ELF) on Oct 21 2013.

Zip special compilation options:
	USE_EF_UT_TIME       (store Universal Time)
	BZIP2_SUPPORT        (bzip2 library version 1.0.6, 6-Sept-2010)
	    bzip2 code and library copyright (c) Julian R Seward
	    (See the bzip2 license for terms of use)
	SYMLINK_SUPPORT      (symbolic links supported)
	LARGE_FILE_SUPPORT   (can read and write large files on file system)
	ZIP64_SUPPORT        (use Zip64 to store large files in archives)
	UNICODE_SUPPORT      (store and read UTF-8 Unicode paths)
	STORE_UNIX_UIDs_GIDs (store UID/GID sizes/values using new extra field)
	UIDGID_NOT_16BIT     (old Unix 16-bit UID/GID extra field not used)
	[encryption, version 2.91 of 05 Jan 2007] (modified for Zip 3)

Encryption notice:
	The encryption code of this program is not copyrighted and is
	put in the public domain.  It was originally written in Europe
	and, to the best of our knowledge, can be freely distributed
	in both source and object forms from any country, including
	the USA under License Exception TSU of the U.S. Export
	Administration Regulations (section 740.13(e)) of 6 June 2002.

Zip environment options:
             ZIP:  [none]
          ZIPOPT:  [none]
[34m[1mvim version[0m
VIM - Vi IMproved 7.4 (2013 Aug 10, compiled Nov 24 2016 16:43:18)
Included patches: 1-52
Extra patches: 8.0.0056
Modified by pkg-vim-maintainers@lists.alioth.debian.org
Compiled by buildd@
Huge version without GUI.  Features included (+) or not (-):
+acl             +farsi           +mouse_netterm   +syntax
+arabic          +file_in_path    +mouse_sgr       +tag_binary
+autocmd         +find_in_path    -mouse_sysmouse  +tag_old_static
-balloon_eval    +float           +mouse_urxvt     -tag_any_white
-browse          +folding         +mouse_xterm     -tcl
++builtin_terms  -footer          +multi_byte      +terminfo
+byte_offset     +fork()          +multi_lang      +termresponse
+cindent         +gettext         -mzscheme        +textobjects
-clientserver    -hangul_input    +netbeans_intg   +title
-clipboard       +iconv           +path_extra      -toolbar
+cmdline_compl   +insert_expand   -perl            +user_commands
+cmdline_hist    +jumplist        +persistent_undo +vertsplit
+cmdline_info    +keymap          +postscript      +virtualedit
+comments        +langmap         +printer         +visual
+conceal         +libcall         +profile         +visualextra
+cryptv          +linebreak       +python          +viminfo
+cscope          +lispindent      -python3         +vreplace
+cursorbind      +listcmds        +quickfix        +wildignore
+cursorshape     +localmap        +reltime         +wildmenu
+dialog_con      -lua             +rightleft       +windows
+diff            +menu            -ruby            +writebackup
+digraphs        +mksession       +scrollbind      -X11
-dnd             +modify_fname    +signs           -xfontset
-ebcdic          +mouse           +smartindent     -xim
+emacs_tags      -mouseshape      -sniff           -xsmp
+eval            +mouse_dec       +startuptime     -xterm_clipboard
+ex_extra        +mouse_gpm       +statusline      -xterm_save
+extra_search    -mouse_jsbterm   -sun_workshop    -xpm
   system vimrc file: "$VIM/vimrc"
     user vimrc file: "$HOME/.vimrc"
 2nd user vimrc file: "~/.vim/vimrc"
      user exrc file: "$HOME/.exrc"
  fall-back for $VIM: "/usr/share/vim"
Compilation: gcc -c -I. -Iproto -DHAVE_CONFIG_H     -g -O2 -fstack-protector --param=ssp-buffer-size=4 -Wformat -Werror=format-security -U_FORTIFY_SOURCE -D_FORTIFY_SOURCE=1      
Linking: gcc   -Wl,-Bsymbolic-functions -Wl,-z,relro -Wl,--as-needed -o vim        -lm -ltinfo -lnsl  -lselinux  -lacl -lattr -lgpm -ldl    -L/usr/lib/python2.7/config-x86_64-linux-gnu -lpython2.7 -lpthread -ldl -lutil -lm -Xlinker -export-dynamic -Wl,-O1 -Wl,-Bsymbolic-functions      
[34m[1miptables version[0m
iptables v1.4.21
[34m[1mcurl version[0m
curl 7.35.0 (x86_64-pc-linux-gnu) libcurl/7.35.0 OpenSSL/1.0.1f zlib/1.2.8 libidn/1.28 librtmp/2.3
[34m[1mwget version[0m
GNU Wget 1.15 built on linux-gnu.
[34m[1mrsync version[0m
rsync  version 3.1.0  protocol version 31
[34m[1mgimme version[0m
v1.2.0
[34m[1mnvm version[0m
0.33.6
[34m[1mperlbrew version[0m
/home/travis/perl5/perlbrew/bin/perlbrew  - App::perlbrew/0.80
[34m[1mphpenv version[0m
rbenv 1.1.1-25-g6aa70b6
[34m[1mrvm version[0m
rvm 1.29.3 (latest) by Michal Papis, Piotr Kuczynski, Wayne E. Seguin [https://rvm.io]
[34m[1mdefault ruby version[0m
ruby 2.4.1p111 (2017-03-22 revision 58053) [x86_64-linux]
[34m[1mCouchDB version[0m
couchdb 1.6.1
[34m[1mElasticSearch version[0m
5.5.0
[34m[1mInstalled Firefox version[0m
firefox 56.0.2
[34m[1mMongoDB version[0m
MongoDB 3.4.10
[34m[1mPhantomJS version[0m
2.1.1
[34m[1mPre-installed PostgreSQL versions[0m
9.2.24
9.3.20
9.4.15
9.5.10
9.6.6
[34m[1mRabbitMQ Version[0m
3.6.14
[34m[1mRedis version[0m
redis-server 4.0.6
[34m[1mriak version[0m
2.2.3
[34m[1mPre-installed Go versions[0m
1.7.4
[34m[1mant version[0m
Apache Ant(TM) version 1.9.3 compiled on April 8 2014
[34m[1mmvn version[0m
Apache Maven 3.5.2 (138edd61fd100ec658bfa2d307c43b76940a5d7d; 2017-10-18T07:58:13Z)
Maven home: /usr/local/maven-3.5.2
Java version: 1.8.0_151, vendor: Oracle Corporation
Java home: /usr/lib/jvm/java-8-oracle/jre
Default locale: en_US, platform encoding: UTF-8
OS name: "linux", version: "4.4.0-98-generic", arch: "amd64", family: "unix"
[34m[1mgradle version[0m

------------------------------------------------------------
Gradle 4.0.1
------------------------------------------------------------

Build time:   2017-07-07 14:02:41 UTC
Revision:     38e5dc0f772daecca1d2681885d3d85414eb6826

Groovy:       2.4.11
Ant:          Apache Ant(TM) version 1.9.6 compiled on June 29 2015
JVM:          1.8.0_151 (Oracle Corporation 25.151-b12)
OS:           Linux 4.4.0-98-generic amd64

[34m[1mlein version[0m
Leiningen 2.8.1 on Java 1.8.0_151 Java HotSpot(TM) 64-Bit Server VM
[34m[1mPre-installed Node.js versions[0m
v4.8.6
v6.12.0
v6.12.1
v8.9
v8.9.1
[34m[1mphpenv versions[0m
  system
  5.6
* 5.6.32 (set by /home/travis/.phpenv/version)
  7.0
  7.0.25
  7.1
  7.1.11
  hhvm
  hhvm-stable
[34m[1mcomposer --version[0m
Composer version 1.5.2 2017-09-11 16:59:25
[34m[1mPre-installed Ruby versions[0m
ruby-2.2.7
ruby-2.3.4
ruby-2.4.1
travis_fold:end:system_info[0K
travis_fold:start:apt[0K[33;1mInstalling APT Packages[0m
travis_time:start:073e5448[0K$ travis_apt_get_update
travis_time:end:073e5448:start=1550762754539091766,finish=1550762765451797344,duration=10912705578[0Ktravis_time:start:1d93ad6b[0K$ sudo -E apt-get -yq --no-install-suggests --no-install-recommends $(travis_apt_get_options) install 9base libacl1-dev libtre-dev
Reading package lists...
Building dependency tree...
Reading state information...
The following additional packages will be installed:
  libattr1-dev libtre5
Suggested packages:
  wmii2 tre-agrep
The following NEW packages will be installed:
  9base libacl1-dev libattr1-dev libtre-dev libtre5
0 upgraded, 5 newly installed, 0 to remove and 295 not upgraded.
Need to get 2,085 kB of archives.
After this operation, 4,962 kB of additional disk space will be used.
Get:1 http://us-east-1.ec2.archive.ubuntu.com/ubuntu trusty-updates/universe amd64 libtre5 amd64 0.8.0-3+deb7u1ubuntu1 [46.7 kB]
Get:2 http://us-east-1.ec2.archive.ubuntu.com/ubuntu trusty/universe amd64 9base amd64 1:6-6 [1,893 kB]
Get:3 http://us-east-1.ec2.archive.ubuntu.com/ubuntu trusty-updates/universe amd64 libtre-dev amd64 0.8.0-3+deb7u1ubuntu1 [32.7 kB]
Get:4 http://us-east-1.ec2.archive.ubuntu.com/ubuntu trusty/main amd64 libattr1-dev amd64 1:2.4.47-1ubuntu1 [33.6 kB]
Get:5 http://us-east-1.ec2.archive.ubuntu.com/ubuntu trusty/main amd64 libacl1-dev amd64 2.2.52-1 [78.8 kB]
Fetched 2,085 kB in 0s (4,098 kB/s)
Selecting previously unselected package libtre5:amd64.
(Reading database ... (Reading database ... 5%(Reading database ... 10%(Reading database ... 15%(Reading database ... 20%(Reading database ... 25%(Reading database ... 30%(Reading database ... 35%(Reading database ... 40%(Reading database ... 45%(Reading database ... 50%(Reading database ... 55%(Reading database ... 60%(Reading database ... 65%(Reading database ... 70%(Reading database ... 75%(Reading database ... 80%(Reading database ... 85%(Reading database ... 90%(Reading database ... 95%(Reading database ... 100%(Reading database ... 93695 files and directories currently installed.)
Preparing to unpack .../libtre5_0.8.0-3+deb7u1ubuntu1_amd64.deb ...
Unpacking libtre5:amd64 (0.8.0-3+deb7u1ubuntu1) ...
Selecting previously unselected package 9base.
Preparing to unpack .../9base_1%3a6-6_amd64.deb ...
Unpacking 9base (1:6-6) ...
Selecting previously unselected package libtre-dev.
Preparing to unpack .../libtre-dev_0.8.0-3+deb7u1ubuntu1_amd64.deb ...
Unpacking libtre-dev (0.8.0-3+deb7u1ubuntu1) ...
Selecting previously unselected package libattr1-dev:amd64.
Preparing to unpack .../libattr1-dev_1%3a2.4.47-1ubuntu1_amd64.deb ...
Unpacking libattr1-dev:amd64 (1:2.4.47-1ubuntu1) ...
Selecting previously unselected package libacl1-dev.
Preparing to unpack .../libacl1-dev_2.2.52-1_amd64.deb ...
Unpacking libacl1-dev (2.2.52-1) ...
Processing triggers for man-db (2.6.7.1-1ubuntu1) ...
Setting up libtre5:amd64 (0.8.0-3+deb7u1ubuntu1) ...
Setting up 9base (1:6-6) ...
Setting up libtre-dev (0.8.0-3+deb7u1ubuntu1) ...
Setting up libattr1-dev:amd64 (1:2.4.47-1ubuntu1) ...
Setting up libacl1-dev (2.2.52-1) ...
Processing triggers for libc-bin (2.19-0ubuntu6.13) ...
travis_time:end:1d93ad6b:start=1550762765455025492,finish=1550762768060607903,duration=2605582411[0Ktravis_fold:end:apt[0K
travis_fold:start:git.checkout[0Ktravis_time:start:1c38dfd7[0K$ git clone --depth=50 https://github.com/martanne/vis.git martanne/vis
Cloning into 'martanne/vis'...
remote: Enumerating objects: 468, done.[K
remote: Counting objects:   0% (1/468)   [Kremote: Counting objects:   1% (5/468)   [Kremote: Counting objects:   2% (10/468)   [Kremote: Counting objects:   3% (15/468)   [Kremote: Counting objects:   4% (19/468)   [Kremote: Counting objects:   5% (24/468)   [Kremote: Counting objects:   6% (29/468)   [Kremote: Counting objects:   7% (33/468)   [Kremote: Counting objects:   8% (38/468)   [Kremote: Counting objects:   9% (43/468)   [Kremote: Counting objects:  10% (47/468)   [Kremote: Counting objects:  11% (52/468)   [Kremote: Counting objects:  12% (57/468)   [Kremote: Counting objects:  13% (61/468)   [Kremote: Counting objects:  14% (66/468)   [Kremote: Counting objects:  15% (71/468)   [Kremote: Counting objects:  16% (75/468)   [Kremote: Counting objects:  17% (80/468)   [Kremote: Counting objects:  18% (85/468)   [Kremote: Counting objects:  19% (89/468)   [Kremote: Counting objects:  20% (94/468)   [Kremote: Counting objects:  21% (99/468)   [Kremote: Counting objects:  22% (103/468)   [Kremote: Counting objects:  23% (108/468)   [Kremote: Counting objects:  24% (113/468)   [Kremote: Counting objects:  25% (117/468)   [Kremote: Counting objects:  26% (122/468)   [Kremote: Counting objects:  27% (127/468)   [Kremote: Counting objects:  28% (132/468)   [Kremote: Counting objects:  29% (136/468)   [Kremote: Counting objects:  30% (141/468)   [Kremote: Counting objects:  31% (146/468)   [Kremote: Counting objects:  32% (150/468)   [Kremote: Counting objects:  33% (155/468)   [Kremote: Counting objects:  34% (160/468)   [Kremote: Counting objects:  35% (164/468)   [Kremote: Counting objects:  36% (169/468)   [Kremote: Counting objects:  37% (174/468)   [Kremote: Counting objects:  38% (178/468)   [Kremote: Counting objects:  39% (183/468)   [Kremote: Counting objects:  40% (188/468)   [Kremote: Counting objects:  41% (192/468)   [Kremote: Counting objects:  42% (197/468)   [Kremote: Counting objects:  43% (202/468)   [Kremote: Counting objects:  44% (206/468)   [Kremote: Counting objects:  45% (211/468)   [Kremote: Counting objects:  46% (216/468)   [Kremote: Counting objects:  47% (220/468)   [Kremote: Counting objects:  48% (225/468)   [Kremote: Counting objects:  49% (230/468)   [Kremote: Counting objects:  50% (234/468)   [Kremote: Counting objects:  51% (239/468)   [Kremote: Counting objects:  52% (244/468)   [Kremote: Counting objects:  53% (249/468)   [Kremote: Counting objects:  54% (253/468)   [Kremote: Counting objects:  55% (258/468)   [Kremote: Counting objects:  56% (263/468)   [Kremote: Counting objects:  57% (267/468)   [Kremote: Counting objects:  58% (272/468)   [Kremote: Counting objects:  59% (277/468)   [Kremote: Counting objects:  60% (281/468)   [Kremote: Counting objects:  61% (286/468)   [Kremote: Counting objects:  62% (291/468)   [Kremote: Counting objects:  63% (295/468)   [Kremote: Counting objects:  64% (300/468)   [Kremote: Counting objects:  65% (305/468)   [Kremote: Counting objects:  66% (309/468)   [Kremote: Counting objects:  67% (314/468)   [Kremote: Counting objects:  68% (319/468)   [Kremote: Counting objects:  69% (323/468)   [Kremote: Counting objects:  70% (328/468)   [Kremote: Counting objects:  71% (333/468)   [Kremote: Counting objects:  72% (337/468)   [Kremote: Counting objects:  73% (342/468)   [Kremote: Counting objects:  74% (347/468)   [Kremote: Counting objects:  75% (351/468)   [Kremote: Counting objects:  76% (356/468)   [Kremote: Counting objects:  77% (361/468)   [Kremote: Counting objects:  78% (366/468)   [Kremote: Counting objects:  79% (370/468)   [Kremote: Counting objects:  80% (375/468)   [Kremote: Counting objects:  81% (380/468)   [Kremote: Counting objects:  82% (384/468)   [Kremote: Counting objects:  83% (389/468)   [Kremote: Counting objects:  84% (394/468)   [Kremote: Counting objects:  85% (398/468)   [Kremote: Counting objects:  86% (403/468)   [Kremote: Counting objects:  87% (408/468)   [Kremote: Counting objects:  88% (412/468)   [Kremote: Counting objects:  89% (417/468)   [Kremote: Counting objects:  90% (422/468)   [Kremote: Counting objects:  91% (426/468)   [Kremote: Counting objects:  92% (431/468)   [Kremote: Counting objects:  93% (436/468)   [Kremote: Counting objects:  94% (440/468)   [Kremote: Counting objects:  95% (445/468)   [Kremote: Counting objects:  96% (450/468)   [Kremote: Counting objects:  97% (454/468)   [Kremote: Counting objects:  98% (459/468)   [Kremote: Counting objects:  99% (464/468)   [Kremote: Counting objects: 100% (468/468)   [Kremote: Counting objects: 100% (468/468), done.[K
remote: Compressing objects:   0% (1/316)   [Kremote: Compressing objects:   1% (4/316)   [Kremote: Compressing objects:   2% (7/316)   [Kremote: Compressing objects:   3% (10/316)   [Kremote: Compressing objects:   4% (13/316)   [Kremote: Compressing objects:   5% (16/316)   [Kremote: Compressing objects:   6% (19/316)   [Kremote: Compressing objects:   7% (23/316)   [Kremote: Compressing objects:   8% (26/316)   [Kremote: Compressing objects:   9% (29/316)   [Kremote: Compressing objects:  10% (32/316)   [Kremote: Compressing objects:  11% (35/316)   [Kremote: Compressing objects:  12% (38/316)   [Kremote: Compressing objects:  13% (42/316)   [Kremote: Compressing objects:  14% (45/316)   [Kremote: Compressing objects:  15% (48/316)   [Kremote: Compressing objects:  16% (51/316)   [Kremote: Compressing objects:  17% (54/316)   [Kremote: Compressing objects:  18% (57/316)   [Kremote: Compressing objects:  19% (61/316)   [Kremote: Compressing objects:  20% (64/316)   [Kremote: Compressing objects:  21% (67/316)   [Kremote: Compressing objects:  22% (70/316)   [Kremote: Compressing objects:  23% (73/316)   [Kremote: Compressing objects:  24% (76/316)   [Kremote: Compressing objects:  25% (79/316)   [Kremote: Compressing objects:  26% (83/316)   [Kremote: Compressing objects:  27% (86/316)   [Kremote: Compressing objects:  28% (89/316)   [Kremote: Compressing objects:  29% (92/316)   [Kremote: Compressing objects:  30% (95/316)   [Kremote: Compressing objects:  31% (98/316)   [Kremote: Compressing objects:  32% (102/316)   [Kremote: Compressing objects:  33% (105/316)   [Kremote: Compressing objects:  34% (108/316)   [Kremote: Compressing objects:  35% (111/316)   [Kremote: Compressing objects:  36% (114/316)   [Kremote: Compressing objects:  37% (117/316)   [Kremote: Compressing objects:  38% (121/316)   [Kremote: Compressing objects:  39% (124/316)   [Kremote: Compressing objects:  40% (127/316)   [Kremote: Compressing objects:  41% (130/316)   [Kremote: Compressing objects:  42% (133/316)   [Kremote: Compressing objects:  43% (136/316)   [Kremote: Compressing objects:  44% (140/316)   [Kremote: Compressing objects:  45% (143/316)   [Kremote: Compressing objects:  46% (146/316)   [Kremote: Compressing objects:  47% (149/316)   [Kremote: Compressing objects:  48% (152/316)   [Kremote: Compressing objects:  49% (155/316)   [Kremote: Compressing objects:  50% (158/316)   [Kremote: Compressing objects:  51% (162/316)   [Kremote: Compressing objects:  52% (165/316)   [Kremote: Compressing objects:  53% (168/316)   [Kremote: Compressing objects:  54% (171/316)   [Kremote: Compressing objects:  55% (174/316)   [Kremote: Compressing objects:  56% (177/316)   [Kremote: Compressing objects:  57% (181/316)   [Kremote: Compressing objects:  58% (184/316)   [Kremote: Compressing objects:  59% (187/316)   [Kremote: Compressing objects:  60% (190/316)   [Kremote: Compressing objects:  61% (193/316)   [Kremote: Compressing objects:  62% (196/316)   [Kremote: Compressing objects:  63% (200/316)   [Kremote: Compressing objects:  64% (203/316)   [Kremote: Compressing objects:  65% (206/316)   [Kremote: Compressing objects:  66% (209/316)   [Kremote: Compressing objects:  67% (212/316)   [Kremote: Compressing objects:  68% (215/316)   [Kremote: Compressing objects:  69% (219/316)   [Kremote: Compressing objects:  70% (222/316)   [Kremote: Compressing objects:  71% (225/316)   [Kremote: Compressing objects:  72% (228/316)   [Kremote: Compressing objects:  73% (231/316)   [Kremote: Compressing objects:  74% (234/316)   [Kremote: Compressing objects:  75% (237/316)   [Kremote: Compressing objects:  76% (241/316)   [Kremote: Compressing objects:  77% (244/316)   [Kremote: Compressing objects:  78% (247/316)   [Kremote: Compressing objects:  79% (250/316)   [Kremote: Compressing objects:  80% (253/316)   [Kremote: Compressing objects:  81% (256/316)   [Kremote: Compressing objects:  82% (260/316)   [Kremote: Compressing objects:  83% (263/316)   [Kremote: Compressing objects:  84% (266/316)   [Kremote: Compressing objects:  85% (269/316)   [Kremote: Compressing objects:  86% (272/316)   [Kremote: Compressing objects:  87% (275/316)   [Kremote: Compressing objects:  88% (279/316)   [Kremote: Compressing objects:  89% (282/316)   [Kremote: Compressing objects:  90% (285/316)   [Kremote: Compressing objects:  91% (288/316)   [Kremote: Compressing objects:  92% (291/316)   [Kremote: Compressing objects:  93% (294/316)   [Kremote: Compressing objects:  94% (298/316)   [Kremote: Compressing objects:  95% (301/316)   [Kremote: Compressing objects:  96% (304/316)   [Kremote: Compressing objects:  97% (307/316)   [Kremote: Compressing objects:  98% (310/316)   [Kremote: Compressing objects:  99% (313/316)   [Kremote: Compressing objects: 100% (316/316)   [Kremote: Compressing objects: 100% (316/316), done.[K
Receiving objects:   0% (1/468)   Receiving objects:   1% (5/468)   Receiving objects:   2% (10/468)   Receiving objects:   3% (15/468)   Receiving objects:   4% (19/468)   Receiving objects:   5% (24/468)   Receiving objects:   6% (29/468)   Receiving objects:   7% (33/468)   Receiving objects:   8% (38/468)   Receiving objects:   9% (43/468)   Receiving objects:  10% (47/468)   Receiving objects:  11% (52/468)   Receiving objects:  12% (57/468)   Receiving objects:  13% (61/468)   Receiving objects:  14% (66/468)   Receiving objects:  15% (71/468)   Receiving objects:  16% (75/468)   Receiving objects:  17% (80/468)   Receiving objects:  18% (85/468)   Receiving objects:  19% (89/468)   Receiving objects:  20% (94/468)   Receiving objects:  21% (99/468)   Receiving objects:  22% (103/468)   Receiving objects:  23% (108/468)   Receiving objects:  24% (113/468)   Receiving objects:  25% (117/468)   Receiving objects:  26% (122/468)   Receiving objects:  27% (127/468)   Receiving objects:  28% (132/468)   Receiving objects:  29% (136/468)   Receiving objects:  30% (141/468)   Receiving objects:  31% (146/468)   Receiving objects:  32% (150/468)   Receiving objects:  33% (155/468)   Receiving objects:  34% (160/468)   Receiving objects:  35% (164/468)   Receiving objects:  36% (169/468)   Receiving objects:  37% (174/468)   Receiving objects:  38% (178/468)   Receiving objects:  39% (183/468)   Receiving objects:  40% (188/468)   Receiving objects:  41% (192/468)   Receiving objects:  42% (197/468)   Receiving objects:  43% (202/468)   Receiving objects:  44% (206/468)   Receiving objects:  45% (211/468)   Receiving objects:  46% (216/468)   Receiving objects:  47% (220/468)   Receiving objects:  48% (225/468)   Receiving objects:  49% (230/468)   Receiving objects:  50% (234/468)   Receiving objects:  51% (239/468)   Receiving objects:  52% (244/468)   Receiving objects:  53% (249/468)   Receiving objects:  54% (253/468)   Receiving objects:  55% (258/468)   Receiving objects:  56% (263/468)   Receiving objects:  57% (267/468)   Receiving objects:  58% (272/468)   Receiving objects:  59% (277/468)   Receiving objects:  60% (281/468)   Receiving objects:  61% (286/468)   Receiving objects:  62% (291/468)   Receiving objects:  63% (295/468)   Receiving objects:  64% (300/468)   Receiving objects:  65% (305/468)   Receiving objects:  66% (309/468)   Receiving objects:  67% (314/468)   Receiving objects:  68% (319/468)   Receiving objects:  69% (323/468)   Receiving objects:  70% (328/468)   Receiving objects:  71% (333/468)   Receiving objects:  72% (337/468)   Receiving objects:  73% (342/468)   Receiving objects:  74% (347/468)   Receiving objects:  75% (351/468)   Receiving objects:  76% (356/468)   Receiving objects:  77% (361/468)   Receiving objects:  78% (366/468)   Receiving objects:  79% (370/468)   Receiving objects:  80% (375/468)   Receiving objects:  81% (380/468)   Receiving objects:  82% (384/468)   Receiving objects:  83% (389/468)   Receiving objects:  84% (394/468)   Receiving objects:  85% (398/468)   Receiving objects:  86% (403/468)   Receiving objects:  87% (408/468)   Receiving objects:  88% (412/468)   Receiving objects:  89% (417/468)   Receiving objects:  90% (422/468)   Receiving objects:  91% (426/468)   Receiving objects:  92% (431/468)   Receiving objects:  93% (436/468)   Receiving objects:  94% (440/468)   Receiving objects:  95% (445/468)   Receiving objects:  96% (450/468)   Receiving objects:  97% (454/468)   remote: Total 468 (delta 197), reused 262 (delta 144), pack-reused 0[K
Receiving objects:  98% (459/468)   Receiving objects:  99% (464/468)   Receiving objects: 100% (468/468)   Receiving objects: 100% (468/468), 493.64 KiB | 7.96 MiB/s, done.
Resolving deltas:   0% (0/197)   Resolving deltas:   5% (11/197)   Resolving deltas:   8% (17/197)   Resolving deltas:  10% (20/197)   Resolving deltas:  20% (40/197)   Resolving deltas:  22% (44/197)   Resolving deltas:  26% (52/197)   Resolving deltas:  29% (58/197)   Resolving deltas:  37% (73/197)   Resolving deltas:  43% (85/197)   Resolving deltas:  46% (91/197)   Resolving deltas:  47% (94/197)   Resolving deltas:  48% (95/197)   Resolving deltas:  50% (100/197)   Resolving deltas:  51% (101/197)   Resolving deltas:  52% (103/197)   Resolving deltas:  53% (105/197)   Resolving deltas:  54% (108/197)   Resolving deltas:  55% (110/197)   Resolving deltas:  57% (113/197)   Resolving deltas:  58% (116/197)   Resolving deltas:  60% (119/197)   Resolving deltas:  61% (121/197)   Resolving deltas:  62% (123/197)   Resolving deltas:  64% (127/197)   Resolving deltas:  65% (129/197)   Resolving deltas:  66% (131/197)   Resolving deltas:  67% (132/197)   Resolving deltas:  68% (134/197)   Resolving deltas:  69% (136/197)   Resolving deltas:  70% (139/197)   Resolving deltas:  71% (140/197)   Resolving deltas:  80% (158/197)   Resolving deltas:  84% (166/197)   Resolving deltas:  85% (168/197)   Resolving deltas:  86% (170/197)   Resolving deltas:  87% (172/197)   Resolving deltas:  88% (175/197)   Resolving deltas:  89% (177/197)   Resolving deltas:  90% (178/197)   Resolving deltas:  91% (180/197)   Resolving deltas:  92% (183/197)   Resolving deltas:  94% (186/197)   Resolving deltas:  96% (191/197)   Resolving deltas:  97% (192/197)   Resolving deltas: 100% (197/197)   Resolving deltas: 100% (197/197), done.
travis_time:end:1c38dfd7:start=1550762768064049829,finish=1550762769167110821,duration=1103060992[0K$ cd martanne/vis
travis_time:start:00c2f340[0K$ git fetch origin +refs/pull/753/merge:
remote: Enumerating objects: 8, done.[K
remote: Counting objects:  14% (1/7)   [Kremote: Counting objects:  28% (2/7)   [Kremote: Counting objects:  42% (3/7)   [Kremote: Counting objects:  57% (4/7)   [Kremote: Counting objects:  71% (5/7)   [Kremote: Counting objects:  85% (6/7)   [Kremote: Counting objects: 100% (7/7)   [Kremote: Counting objects: 100% (7/7), done.[K
remote: Compressing objects:  25% (1/4)   [Kremote: Compressing objects:  50% (2/4)   [Kremote: Compressing objects:  75% (3/4)   [Kremote: Compressing objects: 100% (4/4)   [Kremote: Compressing objects: 100% (4/4), done.[K
remote: Total 4 (delta 2), reused 0 (delta 0), pack-reused 0[K
Unpacking objects:  25% (1/4)   Unpacking objects:  50% (2/4)   Unpacking objects:  75% (3/4)   Unpacking objects: 100% (4/4)   Unpacking objects: 100% (4/4), done.
From https://github.com/martanne/vis
 * branch            refs/pull/753/merge -> FETCH_HEAD
travis_time:end:00c2f340:start=1550762769170733065,finish=1550762769665007180,duration=494274115[0K$ git checkout -qf FETCH_HEAD
travis_fold:end:git.checkout[0K
travis_fold:start:git.submodule[0Ktravis_time:start:04d17a8e[0K$ git submodule update --init --recursive
Submodule 'test' (https://github.com/martanne/vis-test) registered for path 'test'
Cloning into '/home/travis/build/martanne/vis/test'...
Submodule path 'test': checked out '46a2b9991ff3faf47b02dfe9b37ffb0efe354b3d'
travis_time:end:04d17a8e:start=1550762769681359549,finish=1550762770266768675,duration=585409126[0Ktravis_fold:end:git.submodule[0K
[33;1mSetting environment variables from .travis.yml[0m
$ export TARGET=

$ export TRAVIS_COMPILER=gcc
$ export CC=gcc
$ export CC_FOR_BUILD=gcc
travis_fold:start:cache.1[0KSetting up build cache
$ export CASHER_DIR=${TRAVIS_HOME}/.casher
travis_time:start:010c4be3[0K$ Installing caching utilities
travis_time:end:010c4be3:start=1550762774202355703,finish=1550762774359435313,duration=157079610[0Ktravis_time:start:11a0ca1c[0Ktravis_time:end:11a0ca1c:start=1550762774363791518,finish=1550762774366429200,duration=2637682[0Ktravis_time:start:0ad341e5[0K[32;1mattempting to download cache archive[0m
[32;1mfetching PR.753/cache-linux-trusty-2725feceb8db5809931a50c9d57b35ec6b3f7deffa56d2c35d4e4ba4aa4b701d--compiler-gcc.tgz[0m
[32;1mfetching PR.753/cache--compiler-gcc.tgz[0m
[32;1mfetching master/cache-linux-trusty-2725feceb8db5809931a50c9d57b35ec6b3f7deffa56d2c35d4e4ba4aa4b701d--compiler-gcc.tgz[0m
[32;1mfound cache[0m
travis_time:end:0ad341e5:start=1550762774369787342,finish=1550762775720998723,duration=1351211381[0Ktravis_time:start:1188052c[0Ktravis_time:end:1188052c:start=1550762775724599511,finish=1550762775727187160,duration=2587649[0Ktravis_time:start:087acb26[0K[32;1madding /home/travis/.cache/vis to cache[0m
[32;1mcreating directory /home/travis/.cache/vis[0m
travis_time:end:087acb26:start=1550762775730474475,finish=1550762777715321024,duration=1984846549[0Ktravis_fold:end:cache.1[0K
$ gcc --version
gcc (Ubuntu 4.8.4-2ubuntu1~14.04.3) 4.8.4
Copyright (C) 2013 Free Software Foundation, Inc.
This is free software; see the source for copying conditions.  There is NO
warranty; not even for MERCHANTABILITY or FITNESS FOR A PARTICULAR PURPOSE.

travis_fold:start:before_install[0Ktravis_time:start:0774088a[0K$ mkdir -p "$HOME/.cache/vis/sources" && mkdir dependency && ln -s "$HOME/.cache/vis/sources" dependency/sources
travis_time:end:0774088a:start=1550762777720909087,finish=1550762777726208692,duration=5299605[0Ktravis_fold:end:before_install[0Ktravis_fold:start:install[0Ktravis_time:start:36595812[0K$ if [ "$TRAVIS_OS_NAME" = "osx" ]; then brew update && brew install libtermkey lua luarocks tre plan9port && luarocks install lpeg && luarocks install busted; fi
travis_time:end:36595812:start=1550762777729921059,finish=1550762777732401613,duration=2480554[0Ktravis_fold:end:install[0Ktravis_time:start:00fb1486[0K$ id
uid=2000(travis) gid=2000(travis) groups=2000(travis),999(docker)
travis_time:end:00fb1486:start=1550762777736038084,finish=1550762777740103654,duration=4065570[0K[32;1mThe command "id" exited with 0.[0m

travis_time:start:0ac09b27[0K$ env
MANPATH=/home/travis/.nvm/versions/node/v8.9.1/share/man:/home/travis/.kiex/elixirs/elixir-1.4.5/man:/home/travis/.rvm/rubies/ruby-2.4.1/share/man:/usr/local/man:/usr/local/cmake-3.9.2/man:/usr/local/clang-5.0.0/share/man:/usr/local/share/man:/usr/share/man:/home/travis/.rvm/man
TRAVIS_ARCH=amd64
XDG_SESSION_ID=2
MYSQL_UNIX_PORT=/var/run/mysqld/mysqld.sock
rvm_bin_path=/home/travis/.rvm/bin
HAS_JOSH_K_SEAL_OF_APPROVAL=true
PYENV_ROOT=/opt/pyenv
NVM_CD_FLAGS=
GEM_HOME=/home/travis/.rvm/gems/ruby-2.4.1
TRAVIS_STACK_JOB_BOARD_REGISTER=/.job-board-register.yml
TRAVIS_TEST_RESULT=0
TRAVIS_STACK_LANGUAGES=__garnet__ c c++ clojure cplusplus cpp default go groovy java node_js php pure_java python ruby scala
SHELL=/bin/bash
TERM=xterm
HISTSIZE=1000
ELIXIR_VERSION=1.4.5
IRBRC=/home/travis/.rvm/rubies/ruby-2.4.1/.irbrc
SSH_CLIENT=10.10.4.77 60394 22
TRAVIS_COMMIT=e7fe461ca243b9339a560cc4729552c661cd905a
TRAVIS_OS_NAME=linux
TRAVIS_APT_PROXY=http://build-cache.travisci.net
TRAVIS_JOB_NAME=
CASHER_DIR=/home/travis/.casher
TRAVIS_UID=2000
TRAVIS_INTERNAL_RUBY_REGEX=^ruby-(2\.[0-4]\.[0-9]|1\.9\.3)
OLDPWD=/home/travis/build
MY_RUBY_HOME=/home/travis/.rvm/rubies/ruby-2.4.1
TRAVIS_ROOT=/
SSH_TTY=/dev/pts/0
TRAVIS_TIMER_ID=0ac09b27
LC_ALL=en_US.UTF-8
MIX_ARCHIVES=/home/travis/.kiex/mix/elixir-1.4.5
ANSI_GREEN=\033[32;1m
NVM_DIR=/home/travis/.nvm
HISTFILESIZE=2000
USER=travis
_system_type=Linux
TRAVIS_LANGUAGE=c
TRAVIS_INFRA=gce
PERLBREW_BASHRC_VERSION=0.80
ANSI_RESET=\033[0m
rvm_path=/home/travis/.rvm
TRAVIS_DIST=trusty
TRAVIS=true
TRAVIS_REPO_SLUG=martanne/vis
ANSI_YELLOW=\033[33;1m
HAS_ANTARES_THREE_LITTLE_FRONZIES_BADGE=true
PYTHON_CONFIGURE_OPTS=--enable-unicode=ucs4 --with-wide-unicode --enable-shared --enable-ipv6 --enable-loadable-sqlite-extensions --with-computed-gotos
TRAVIS_BUILD_STAGE_NAME=
TRAVIS_COMMIT_MESSAGE=Merge d4a4222d33a4ee8d0774590bc3cead4ba3ef7c4b into f8c9f23619ffa407251426d706a996965e6d1cc9
TRAVIS_PULL_REQUEST=753
PAGER=cat
RACK_ENV=test
TRAVIS_CMD=env
PERLBREW_ROOT=/home/travis/perl5/perlbrew
TRAVIS_STACK_TIMESTAMP=2017-12-05 19:33:09 UTC
rvm_prefix=/home/travis
PYTHON_CFLAGS=-g -fstack-protector --param=ssp-buffer-size=4 -Wformat -Werror=format-security
PATH=/home/travis/.rvm/gems/ruby-2.4.1/bin:/home/travis/.rvm/gems/ruby-2.4.1@global/bin:/home/travis/.rvm/rubies/ruby-2.4.1/bin:/home/travis/.rvm/bin:/home/travis/bin:/home/travis/.local/bin:/opt/pyenv/shims:/home/travis/.phpenv/shims:/home/travis/perl5/perlbrew/bin:/home/travis/.nvm/versions/node/v8.9.1/bin:/home/travis/.kiex/elixirs/elixir-1.4.5/bin:/home/travis/.kiex/bin:/home/travis/gopath/bin:/home/travis/.gimme/versions/go1.7.4.linux.amd64/bin:/usr/local/phantomjs/bin:/usr/local/phantomjs:/usr/local/neo4j-3.2.7/bin:/usr/local/maven-3.5.2/bin:/usr/local/cmake-3.9.2/bin:/usr/local/clang-5.0.0/bin:/usr/local/sbin:/usr/local/bin:/usr/sbin:/usr/bin:/sbin:/bin:/home/travis/.phpenv/bin:/opt/pyenv/bin:/home/travis/.yarn/bin
MAIL=/var/mail/travis
TRAVIS_PULL_REQUEST_SHA=d4a4222d33a4ee8d0774590bc3cead4ba3ef7c4b
TRAVIS_OSX_IMAGE=
TRAVIS_JOB_WEB_URL=https://travis-ci.org/martanne/vis/jobs/496555782
TRAVIS_TMPDIR=/tmp/tmp.4ghUiiaVSe
TRAVIS_BUILD_WEB_URL=https://travis-ci.org/martanne/vis/builds/496555781
PWD=/home/travis/build/martanne/vis
JAVA_HOME=/usr/lib/jvm/java-8-oracle
CONTINUOUS_INTEGRATION=true
LANG=en_US.UTF-8
TRAVIS_PRE_CHEF_BOOTSTRAP_TIME=2017-12-05T19:32:55
MERB_ENV=test
TZ=UTC
_system_arch=x86_64
PERLBREW_HOME=/home/travis/.perlbrew
PS1=${debian_chroot:+($debian_chroot)}\u@\h:\w\$ 
TRAVIS_ENABLE_INFRA_DETECTION=true
_system_version=14.04
TRAVIS_SUDO=true
TRAVIS_TAG=
TRAVIS_ALLOW_FAILURE=false
RBENV_SHELL=bash
CC_FOR_BUILD=gcc
HISTCONTROL=ignoredups:ignorespace
TRAVIS_HOME=/home/travis
TRAVIS_INIT=upstart
rvm_version=1.29.3 (latest)
TRAVIS_COMPILER=gcc
TRAVIS_JOB_NUMBER=1025.1
TRAVIS_EVENT_TYPE=pull_request
PYENV_SHELL=bash
rvm_pretty_print_flag=auto
PS4=+
HOME=/home/travis
SHLVL=2
GOROOT=/home/travis/.gimme/versions/go1.7.4.linux.amd64
ANSI_CLEAR=\033[0K
RAILS_ENV=test
TRAVIS_TIMER_START_TIME=1550762777743642858
CI=true
TRAVIS_BUILD_ID=496555781
TARGET=
LOGNAME=travis
TRAVIS_STACK_FEATURES=basic cassandra chromium couchdb disabled-ipv6 docker docker-compose elasticsearch firefox go-toolchain google-chrome jdk memcached mongodb mysql neo4j nodejs_interpreter perl_interpreter perlbrew phantomjs postgresql python_interpreter rabbitmq redis riak ruby_interpreter sqlite xserver
TRAVIS_PULL_REQUEST_SLUG=erf/vis
COMPOSER_NO_INTERACTION=1
GEM_PATH=/home/travis/.rvm/gems/ruby-2.4.1:/home/travis/.rvm/gems/ruby-2.4.1@global
SSH_CONNECTION=10.10.4.77 60394 10.20.5.84 22
LC_CTYPE=en_US.UTF-8
TRAVIS_SECURE_ENV_VARS=false
DEBIAN_FRONTEND=noninteractive
NVM_BIN=/home/travis/.nvm/versions/node/v8.9.1/bin
GOPATH=/home/travis/gopath
TRAVIS_STACK_NODE_ATTRIBUTES=/.node-attributes.yml
TRAVIS_STACK_NAME=garnet
TRAVIS_APP_HOST=build.travis-ci.org
GIT_ASKPASS=echo
CC=gcc
TRAVIS_BRANCH=master
XDG_RUNTIME_DIR=/run/user/2000
TRAVIS_COMMIT_RANGE=f8c9f23619ffa407251426d706a996965e6d1cc9...d4a4222d33a4ee8d0774590bc3cead4ba3ef7c4b
JRUBY_OPTS= --client -J-XX:+TieredCompilation -J-XX:TieredStopAtLevel=1 -J-Xss2m -Xcompile.invokedynamic=false
JDK_SWITCHER_DEFAULT=oraclejdk8
TRAVIS_PULL_REQUEST_BRANCH=patch-1
TRAVIS_JOB_ID=496555782
ANSI_RED=\033[31;1m
RUBY_VERSION=ruby-2.4.1
_system_name=Ubuntu
TRAVIS_BUILD_NUMBER=1025
TRAVIS_BUILD_DIR=/home/travis/build/martanne/vis
_=/usr/bin/env
travis_time:end:0ac09b27:start=1550762777743642858,finish=1550762777747348147,duration=3705289[0K[32;1mThe command "env" exited with 0.[0m

travis_time:start:01479200[0K$ locale
LANG=en_US.UTF-8
LANGUAGE=
LC_CTYPE="en_US.UTF-8"
LC_NUMERIC="en_US.UTF-8"
LC_TIME="en_US.UTF-8"
LC_COLLATE="en_US.UTF-8"
LC_MONETARY="en_US.UTF-8"
LC_MESSAGES="en_US.UTF-8"
LC_PAPER="en_US.UTF-8"
LC_NAME="en_US.UTF-8"
LC_ADDRESS="en_US.UTF-8"
LC_TELEPHONE="en_US.UTF-8"
LC_MEASUREMENT="en_US.UTF-8"
LC_IDENTIFICATION="en_US.UTF-8"
LC_ALL=en_US.UTF-8
travis_time:end:01479200:start=1550762777751340354,finish=1550762777754928045,duration=3587691[0K[32;1mThe command "locale" exited with 0.[0m

travis_time:start:024d3780[0K$ tty || true
/dev/pts/0
travis_time:end:024d3780:start=1550762777758524849,finish=1550762777763680357,duration=5155508[0K[32;1mThe command "tty || true" exited with 0.[0m

travis_time:start:0f435a20[0K$ if [ "$TRAVIS_OS_NAME" = "linux" ]; then make local && make clean; fi
cleaning
./configure --environment-only
checking for C compiler... gcc
checking whether C compiler works... yes
checking whether compiler accepts -Werror=unknown-warning-option... no
checking whether compiler accepts -Werror=unused-command-line-argument... no
checking whether linker accepts -Werror=unknown-warning-option... no
checking whether linker accepts -Werror=unused-command-line-argument... no
checking whether compiler accepts -pipe... yes
checking whether compiler accepts -Os... yes
checking whether compiler accepts -ffunction-sections... yes
checking whether compiler accepts -fdata-sections... yes
checking whether linker accepts -Wl,--gc-sections... yes
checking whether compiler accepts -fPIE... yes
checking whether compiler accepts -fstack-protector-all... yes
checking whether linker accepts -Wl,-z,now... yes
checking whether linker accepts -Wl,-z,relro... yes
checking whether linker accepts -pie... yes
creating config.mk... done
make dependency/build/local
make[1]: Entering directory `/home/travis/build/martanne/vis'
wget -c -O dependency/sources/libtermkey-0.21.1.tar.gz.part http://www.leonerd.org.uk/code/libtermkey/libtermkey-0.21.1.tar.gz
--2019-02-21 15:26:17--  http://www.leonerd.org.uk/code/libtermkey/libtermkey-0.21.1.tar.gz
Resolving www.leonerd.org.uk (www.leonerd.org.uk)... 146.185.142.76, 2a03:b0c0:0:1010::3b7:b001
Connecting to www.leonerd.org.uk (www.leonerd.org.uk)|146.185.142.76|:80... connected.
HTTP request sent, awaiting response... 200 OK
Length: 45209 (44K) [application/gzip]
Saving to: â€˜dependency/sources/libtermkey-0.21.1.tar.gz.partâ€™

 0% [                                       ] 0           --.-K/s              100%[======================================>] 45,209       211KB/s             100%[======================================>] 45,209       211KB/s   in 0.2s   

2019-02-21 15:26:18 (211 KB/s) - â€˜dependency/sources/libtermkey-0.21.1.tar.gz.partâ€™ saved [45209/45209]

mv dependency/sources/libtermkey-0.21.1.tar.gz.part dependency/sources/libtermkey-0.21.1.tar.gz
[ -z 6c0d87c94ab9915e76ecd313baec08dedf3bd56de83743d9aa923a081935d2f5 ] || (echo '6c0d87c94ab9915e76ecd313baec08dedf3bd56de83743d9aa923a081935d2f5  dependency/sources/libtermkey-0.21.1.tar.gz' | sha256sum -c)
dependency/sources/libtermkey-0.21.1.tar.gz: FAILED
sha256sum: WARNING: 1 computed checksum did NOT match
make[1]: *** [dependency/sources/libtermkey-0.21.1.tar.gz] Error 1
make[1]: Leaving directory `/home/travis/build/martanne/vis'
make: *** [local] Error 2
travis_time:end:0f435a20:start=1550762777767521009,finish=1550762778714716873,duration=947195864[0K[31;1mThe command "if [ "$TRAVIS_OS_NAME" = "linux" ]; then make local && make clean; fi" exited with 2.[0m

travis_time:start:00383b14[0K$ ./configure CFLAGS="-I$(pwd)/dependency/install/usr/include" LDFLAGS="-L$(pwd)/dependency/install/usr/lib" $CONFIG
checking for C compiler... gcc
checking whether C compiler works... yes
checking whether compiler accepts -Werror=unknown-warning-option... no
checking whether compiler accepts -Werror=unused-command-line-argument... no
checking whether linker accepts -Werror=unknown-warning-option... no
checking whether linker accepts -Werror=unused-command-line-argument... no
checking whether compiler accepts -pipe... yes
checking whether compiler accepts -Os... yes
checking whether compiler accepts -ffunction-sections... yes
checking whether compiler accepts -fdata-sections... yes
checking whether linker accepts -Wl,--gc-sections... yes
checking whether compiler accepts -fPIE... yes
checking whether compiler accepts -fstack-protector-all... yes
checking whether linker accepts -Wl,-z,now... yes
checking whether linker accepts -Wl,-z,relro... yes
checking whether linker accepts -pie... yes
creating config.mk... done
checking for pkg-config... yes
checking for libcurses...
 checking for ncursesw... yes
checking for libtermkey... no
./configure: cannot find libtermkey
travis_time:end:00383b14:start=1550762778718972945,finish=1550762779074330109,duration=355357164[0K[31;1mThe command "./configure CFLAGS="-I$(pwd)/dependency/install/usr/include" LDFLAGS="-L$(pwd)/dependency/install/usr/lib" $CONFIG" exited with 1.[0m

travis_time:start:2e8d55a0[0K$ make CFLAGS_EXTRA=--coverage $TARGET
cp config.def.h config.h
gcc -I/home/travis/build/martanne/vis/dependency/install/usr/include -pipe -Os -ffunction-sections -fdata-sections -fPIE -fstack-protector-all        -std=c99 -D_POSIX_C_SOURCE=200809L -D_XOPEN_SOURCE=700 -DNDEBUG -D_FORTIFY_SOURCE=2 -DVERSION=\"v0.5-58-ge7fe461\" -DHAVE_MEMRCHR=0 -DVIS_PATH=\"/usr/local/share/vis\" -DCONFIG_HELP=1 -DCONFIG_CURSES=1 -DCONFIG_LUA=1 -DCONFIG_LPEG=0 -DCONFIG_TRE=0 -DCONFIG_SELINUX=0 -DCONFIG_ACL=0 --coverage array.c buffer.c libutf.c main.c map.c sam.c text.c text-motions.c text-objects.c text-util.c ui-terminal.c view.c vis.c vis-lua.c vis-modes.c vis-motions.c vis-operators.c vis-registers.c vis-marks.c vis-prompt.c vis-text-objects.c text-regex.c -L/home/travis/build/martanne/vis/dependency/install/usr/lib -Wl,-z,now -Wl,-z,relro -Wl,--gc-sections -pie        -lc -o vis
In file included from ui-terminal.h:4:0,
                 from main.c:13:
ui.h:6:21: fatal error: termkey.h: No such file or directory
 #include <termkey.h>
                     ^
compilation terminated.
In file included from vis.h:12:0,
                 from sam.h:4,
                 from sam.c:26:
ui.h:6:21: fatal error: termkey.h: No such file or directory
 #include <termkey.h>
                     ^
compilation terminated.
In file included from text.c:28:0:
util.h:28:14: error: static declaration of â€˜memrchrâ€™ follows non-static declaration
 static void *memrchr(const void *m, int c, size_t n)
              ^
In file included from text.c:7:0:
/usr/include/string.h:121:14: note: previous declaration of â€˜memrchrâ€™ was here
 extern void *memrchr (const void *__s, int __c, size_t __n)
              ^
In file included from ui-terminal.h:4:0,
                 from ui-terminal.c:16:
ui.h:6:21: fatal error: termkey.h: No such file or directory
 #include <termkey.h>
                     ^
compilation terminated.
In file included from view.h:11:0,
                 from view.c:7:
ui.h:6:21: fatal error: termkey.h: No such file or directory
 #include <termkey.h>
                     ^
compilation terminated.
vis.c:21:21: fatal error: termkey.h: No such file or directory
 #include <termkey.h>
                     ^
compilation terminated.
In file included from vis-lua.c:24:0:
vis-lua.h:5:17: fatal error: lua.h: No such file or directory
 #include <lua.h>
                 ^
compilation terminated.
In file included from vis.h:12:0,
                 from vis-core.h:5,
                 from vis-modes.c:3:
ui.h:6:21: fatal error: termkey.h: No such file or directory
 #include <termkey.h>
                     ^
compilation terminated.
In file included from vis.h:12:0,
                 from vis-core.h:5,
                 from vis-motions.c:4:
ui.h:6:21: fatal error: termkey.h: No such file or directory
 #include <termkey.h>
                     ^
compilation terminated.
In file included from vis.h:12:0,
                 from vis-core.h:5,
                 from vis-operators.c:3:
ui.h:6:21: fatal error: termkey.h: No such file or directory
 #include <termkey.h>
                     ^
compilation terminated.
In file included from vis.h:12:0,
                 from vis-core.h:5,
                 from vis-registers.c:4:
ui.h:6:21: fatal error: termkey.h: No such file or directory
 #include <termkey.h>
                     ^
compilation terminated.
In file included from vis.h:12:0,
                 from vis-core.h:5,
                 from vis-marks.c:1:
ui.h:6:21: fatal error: termkey.h: No such file or directory
 #include <termkey.h>
                     ^
compilation terminated.
In file included from vis.h:12:0,
                 from vis-core.h:5,
                 from vis-prompt.c:2:
ui.h:6:21: fatal error: termkey.h: No such file or directory
 #include <termkey.h>
                     ^
compilation terminated.
In file included from vis.h:12:0,
                 from vis-core.h:5,
                 from vis-text-objects.c:1:
ui.h:6:21: fatal error: termkey.h: No such file or directory
 #include <termkey.h>
                     ^
compilation terminated.
make: *** [vis] Error 1
travis_time:end:2e8d55a0:start=1550762779079874938,finish=1550762781610578257,duration=2530703319[0K[31;1mThe command "make CFLAGS_EXTRA=--coverage $TARGET" exited with 2.[0m

travis_time:start:00488353[0K$ if [ -e vis ]; then LD_LIBRARY_PATH="$(pwd)/dependency/install/usr/lib" ./vis -v; file vis; size vis; if [ "$TRAVIS_OS_NAME" = "osx" ]; then otool -L vis; else ldd vis; fi fi
travis_time:end:00488353:start=1550762781614339570,finish=1550762781617318676,duration=2979106[0K[32;1mThe command "if [ -e vis ]; then LD_LIBRARY_PATH="$(pwd)/dependency/install/usr/lib" ./vis -v; file vis; size vis; if [ "$TRAVIS_OS_NAME" = "osx" ]; then otool -L vis; else ldd vis; fi fi" exited with 0.[0m

travis_time:start:22102b72[0K$ make -C test/core coverage
make: Entering directory `/home/travis/build/martanne/vis/test/core'
cleaning
make CFLAGS_EXTRA='--coverage'
make[1]: Entering directory `/home/travis/build/martanne/vis/test/core'
Generating ccan configuration header
Compiling buffer-test binary
buffer-test.c: In function â€˜mainâ€™:
buffer-test.c:71:3: warning: zero-length gnu_printf format string [-Wformat-zero-length]
   ok(buffer_printf(&buf, "") && compare0(&buf, ""), "Set formatted empty string");
   ^
buffer-test.c:82:4: warning: zero-length gnu_printf format string [-Wformat-zero-length]
    append &= buffer_appendf(&buf, "");
    ^
Compiling map-test binary
Compiling array-test binary
Compiling text-test binary
In file included from ../../text.c:28:0:
../../util.h:28:14: error: static declaration of â€˜memrchrâ€™ follows non-static declaration
 static void *memrchr(const void *m, int c, size_t n)
              ^
In file included from ../../text.c:7:0:
/usr/include/string.h:121:14: note: previous declaration of â€˜memrchrâ€™ was here
 extern void *memrchr (const void *__s, int __c, size_t __n)
              ^
make[1]: *** [text-test] Error 1
make[1]: Leaving directory `/home/travis/build/martanne/vis/test/core'
make: *** [coverage] Error 2
make: Leaving directory `/home/travis/build/martanne/vis/test/core'
travis_time:end:22102b72:start=1550762781620807784,finish=1550762785234735182,duration=3613927398[0K[31;1mThe command "make -C test/core coverage" exited with 2.[0m

travis_time:start:12871164[0K$ test ! -e vis || LD_LIBRARY_PATH="$(pwd)/dependency/install/usr/lib" make -C test/lua
travis_time:end:12871164:start=1550762785238379746,finish=1550762785240657532,duration=2277786[0K[32;1mThe command "test ! -e vis || LD_LIBRARY_PATH="$(pwd)/dependency/install/usr/lib" make -C test/lua" exited with 0.[0m

travis_time:start:084bb7ae[0K$ test ! -e vis || LD_LIBRARY_PATH="$(pwd)/dependency/install/usr/lib" make -C test/vis
travis_time:end:084bb7ae:start=1550762785243946709,finish=1550762785246350859,duration=2404150[0K[32;1mThe command "test ! -e vis || LD_LIBRARY_PATH="$(pwd)/dependency/install/usr/lib" make -C test/vis" exited with 0.[0m

travis_time:start:08a15e00[0K$ test ! -e vis || LD_LIBRARY_PATH="$(pwd)/dependency/install/usr/lib" make -C test/sam
travis_time:end:08a15e00:start=1550762785249808808,finish=1550762785252203048,duration=2394240[0K[32;1mThe command "test ! -e vis || LD_LIBRARY_PATH="$(pwd)/dependency/install/usr/lib" make -C test/sam" exited with 0.[0m

travis_time:start:01699fb7[0K$ test ! -e vis || LD_LIBRARY_PATH="$(pwd)/dependency/install/usr/lib" make -C test/vim
travis_time:end:01699fb7:start=1550762785255699956,finish=1550762785258068448,duration=2368492[0K[32;1mThe command "test ! -e vis || LD_LIBRARY_PATH="$(pwd)/dependency/install/usr/lib" make -C test/vim" exited with 0.[0m

travis_fold:start:cache.2[0Kstore build cache
travis_time:start:316e624a[0Ktravis_time:end:316e624a:start=1550762785261784398,finish=1550762785264672643,duration=2888245[0Ktravis_time:start:01f10754[0K[32;1mchange detected (content changed, file is created, or file is deleted):
/home/travis/.cache/vis/sources/libtermkey-0.21.1.tar.gz

[0m
[32;1mchanges detected, packing new archive[0m
[32;1muploading PR.753/cache-linux-trusty-2725feceb8db5809931a50c9d57b35ec6b3f7deffa56d2c35d4e4ba4aa4b701d--compiler-gcc.tgz[0m
[32;1mcache uploaded[0m
travis_time:end:01f10754:start=1550762785267838598,finish=1550762787402573119,duration=2134734521[0Ktravis_fold:end:cache.2[0K

Done. Your build exited with 1.
