travis_fold:start:worker_info[0K[33;1mWorker information[0m
hostname: 02215d2b-2930-4672-801b-a2ae403d5f12@1.worker-org-5dcc948c89-xzxsq.gce-production-2
version: v6.2.1 https://github.com/travis-ci/worker/tree/4e3246c044eb4915c2378ffacd0b3d3ed0136bba
instance: travis-job-c7112de0-f85b-4546-8607-297b99ea9cb9 travis-ci-sardonyx-xenial-1553530528-f909ac5 (via amqp)
startup: 6.296376876s
travis_fold:end:worker_info[0Ktravis_fold:start:system_info[0K[33;1mBuild system information[0m
Build language: ruby
Build group: stable
Build dist: xenial
Build id: 566659348
Job id: 566659351
Runtime kernel version: 4.15.0-1028-gcp
travis-build version: 65949ed1e
[34m[1mBuild image provisioning date and time[0m
Mon Mar 25 16:43:24 UTC 2019
[34m[1mOperating System Details[0m
Distributor ID:	Ubuntu
Description:	Ubuntu 16.04.6 LTS
Release:	16.04
Codename:	xenial
[34m[1mSystemd Version[0m
systemd 229
[34m[1mCookbooks Version[0m
42e42e4 https://github.com/travis-ci/travis-cookbooks/tree/42e42e4
[34m[1mgit version[0m
git version 2.21.0
[34m[1mbash version[0m
GNU bash, version 4.3.48(1)-release (x86_64-pc-linux-gnu)
[34m[1mgcc version[0m
gcc (Ubuntu 5.4.0-6ubuntu1~16.04.11) 5.4.0 20160609
[34m[1mdocker version[0m
Client:
 Version:           18.06.0-ce
 API version:       1.38
 Go version:        go1.10.3
 Git commit:        0ffa825
 Built:             Wed Jul 18 19:11:02 2018
 OS/Arch:           linux/amd64
 Experimental:      false

Server:
 Engine:
  Version:          18.06.0-ce
  API version:      1.38 (minimum version 1.12)
  Go version:       go1.10.3
  Git commit:       0ffa825
  Built:            Wed Jul 18 19:09:05 2018
  OS/Arch:          linux/amd64
  Experimental:     false
[34m[1mclang version[0m
clang version 7.0.0 (tags/RELEASE_700/final)
[34m[1mjq version[0m
jq-1.5
[34m[1mbats version[0m
Bats 0.4.0
[34m[1mshellcheck version[0m
0.6.0
[34m[1mshfmt version[0m
v2.6.3
[34m[1mccache version[0m
3.2.4
[34m[1mcmake version[0m
cmake version 3.12.4
[34m[1mheroku version[0m
heroku/7.22.7 linux-x64 node-v11.10.1
[34m[1mimagemagick version[0m
Version: ImageMagick 6.8.9-9 Q16 x86_64 2018-09-28 http://www.imagemagick.org
[34m[1mmd5deep version[0m
4.4
[34m[1mmercurial version[0m
version 4.8
[34m[1mmysql version[0m
mysql  Ver 14.14 Distrib 5.7.25, for Linux (x86_64) using  EditLine wrapper
[34m[1mopenssl version[0m
OpenSSL 1.0.2g  1 Mar 2016
[34m[1mpacker version[0m
1.3.3
[34m[1mpostgresql client version[0m
psql (PostgreSQL) 10.7 (Ubuntu 10.7-1.pgdg16.04+1)
[34m[1mragel version[0m
Ragel State Machine Compiler version 6.8 Feb 2013
[34m[1msudo version[0m
1.8.16
[34m[1mgzip version[0m
gzip 1.6
[34m[1mzip version[0m
Zip 3.0
[34m[1mvim version[0m
VIM - Vi IMproved 7.4 (2013 Aug 10, compiled Nov 24 2016 16:44:48)
[34m[1miptables version[0m
iptables v1.6.0
[34m[1mcurl version[0m
curl 7.47.0 (x86_64-pc-linux-gnu) libcurl/7.47.0 GnuTLS/3.4.10 zlib/1.2.8 libidn/1.32 librtmp/2.3
[34m[1mwget version[0m
GNU Wget 1.17.1 built on linux-gnu.
[34m[1mrsync version[0m
rsync  version 3.1.1  protocol version 31
[34m[1mgimme version[0m
v1.5.3
[34m[1mnvm version[0m
0.34.0
[34m[1mperlbrew version[0m
/home/travis/perl5/perlbrew/bin/perlbrew  - App::perlbrew/0.86
[34m[1mphpenv version[0m
rbenv 1.1.2
[34m[1mrvm version[0m
rvm 1.29.7 (latest) by Michal Papis, Piotr Kuczynski, Wayne E. Seguin [https://rvm.io]
[34m[1mdefault ruby version[0m
ruby 2.5.3p105 (2018-10-18 revision 65156) [x86_64-linux]
[34m[1mCouchDB version[0m
couchdb 1.6.1
[34m[1mElasticSearch version[0m
5.5.0
[34m[1mInstalled Firefox version[0m
firefox 63.0.1
[34m[1mMongoDB version[0m
MongoDB 4.0.7
[34m[1mPhantomJS version[0m
2.1.1
[34m[1mPre-installed PostgreSQL versions[0m
9.4.21
9.5.16
9.6.12
[34m[1mRedis version[0m
redis-server 5.0.4
[34m[1mPre-installed Go versions[0m
1.11.1
[34m[1mmvn version[0m
Apache Maven 3.6.0 (97c98ec64a1fdfee7767ce5ffb20918da4f719f3; 2018-10-24T18:41:47Z)
[34m[1mgradle version[0m
Gradle 4.10.2!
[34m[1mlein version[0m
Leiningen 2.9.1 on Java 11.0.2 OpenJDK 64-Bit Server VM
[34m[1mPre-installed Node.js versions[0m
v10.15.3
v11.0.0
v4.9.1
v6.17.0
v8.12.0
v8.15.1
v8.9
[34m[1mphpenv versions[0m
  system
  5.6
  5.6.40
  7.1
  7.1.27
  7.2
* 7.2.15 (set by /home/travis/.phpenv/version)
  hhvm
  hhvm-stable
[34m[1mcomposer --version[0m
Composer version 1.8.4 2019-02-11 10:52:10
[34m[1mPre-installed Ruby versions[0m
ruby-2.3.8
ruby-2.4.5
ruby-2.5.3
travis_fold:end:system_info[0K
travis_fold:start:docker_mtu[0Ktravis_fold:end:docker_mtu[0Ktravis_fold:start:resolvconf[0Ktravis_fold:end:resolvconf[0K
travis_fold:start:git.checkout[0Ktravis_time:start:1edd4089[0K$ git clone --depth=50 --branch=master https://github.com/jekyll/jekyll.git jekyll/jekyll
Cloning into 'jekyll/jekyll'...
travis_time:end:1edd4089:start=1564690915774831710,finish=1564690916963404311,duration=1188572601[0K$ cd jekyll/jekyll
$ git checkout -qf b55927e8f71b5d3cd6258f7f0d08962dd759cf7d
travis_fold:end:git.checkout[0K

[33;1mSetting environment variables from repository settings[0m
$ export CC_TEST_REPORTER_ID=[secure]

[33;1mSetting environment variables from .travis.yml[0m
$ export TEST_SUITE=test

travis_fold:start:rvm[0Ktravis_time:start:2cbf6b24[0K$ rvm use jruby-9.2.7.0 --install --binary --fuzzy
curl: (22) The requested URL returned error: 404 Not Found
Unknown ruby string (do not know how to handle): jruby-9.2.7.0.
Unknown ruby string (do not know how to handle): jruby-9.2.7.0.
Unknown ruby string (do not know how to handle): jruby-9.2.7.0.
Required jruby-9.2.7.0 is not installed - installing.
curl: (22) The requested URL returned error: 404 Not Found
Unknown ruby string (do not know how to handle): jruby-9.2.7.0.
Unknown ruby string (do not know how to handle): jruby-9.2.7.0.
Unknown ruby string (do not know how to handle): jruby-9.2.7.0.
Searching for binary rubies, this might take some time.
Unknown ruby string (do not know how to handle): jruby-9.2.7.0.
Unknown ruby string (do not know how to handle): jruby-9.2.7.0.
Unknown ruby string (do not know how to handle): jruby-9.2.7.0.
Found remote file https://repo1.maven.org/maven2/org/jruby/jruby-dist/9.2.7.0/jruby-dist-9.2.7.0-bin.tar.gz
Checking requirements for ubuntu.
Requirements installation successful.
jruby-9.2.7.0 - #configure
Unknown ruby string (do not know how to handle): jruby-9.2.7.0.
jruby-9.2.7.0 - #download
  % Total    % Received % Xferd  Average Speed   Time    Time     Time  Current
                                 Dload  Upload   Total   Spent    Left  Speed
  0     0    0     0    0     0      0      0 --:--:-- --:--:-- --:--:--     0  0     0    0     0    0     0      0      0 --:--:-- --:--:-- --:--:--     0100 24.4M  100 24.4M    0     0  40.4M      0 --:--:-- --:--:-- --:--:-- 40.4M
No checksum for downloaded archive, recording checksum in user configuration.
jruby-9.2.7.0 - #validate archive
jruby-9.2.7.0 - #extract
jruby-9.2.7.0 - #validate binary
jruby-9.2.7.0 - #setup
jruby-9.2.7.0 - #gemset created /home/travis/.rvm/gems/jruby-9.2.7.0@global
[32mjruby-9.2.7.0 - #importing gemset /home/travis/.rvm/gemsets/jruby/global.gems[0m|/-\|/-\|.-\|/-\|/-.|/-.
[32mjruby-9.2.7.0 - #generating global wrappers[0m|/-\|/-\|.-\|/-\|/-.|/-\|/-\|.-\|/-\|/-.|/-\|/-\|.-\|/-\|/-.|/-\|/-\|.-\|/-\|/-.|/-\|/-\|.-\|/-\.
2019-08-01T20:23:07.599Z [main] WARN FilenoUtil : Native subprocess control requires open access to sun.nio.ch
Pass '--add-opens java.base/sun.nio.ch=org.jruby.dist' or '=org.jruby.core' to enable.
java.lang.IllegalCallerException: sun.nio.ch is not open to module org.jruby.dist
	at java.base/java.lang.Module.addOpens(Module.java:763)
	at org.jruby.dist/com.headius.backport9.modules.impl.Module9.addOpens(Module9.java:28)
	at org.jruby.dist/com.headius.backport9.modules.Modules.addOpens(Modules.java:22)
	at org.jruby.dist/org.jruby.util.io.FilenoUtil$ReflectiveAccess.<clinit>(FilenoUtil.java:140)
	at org.jruby.dist/org.jruby.util.io.FilenoUtil.getFilenoUsingReflection(FilenoUtil.java:111)
	at org.jruby.dist/org.jruby.util.io.FilenoUtil.filenoFrom(FilenoUtil.java:107)
	at org.jruby.dist/org.jruby.util.io.ChannelFD.initFileno(ChannelFD.java:42)
	at org.jruby.dist/org.jruby.util.io.ChannelFD.<init>(ChannelFD.java:32)
	at org.jruby.dist/org.jruby.RubyIO.<init>(RubyIO.java:174)
	at org.jruby.dist/org.jruby.RubyFile.<init>(RubyFile.java:281)
	at org.jruby.dist/org.jruby.parser.Parser.parse(Parser.java:99)
	at org.jruby.dist/org.jruby.Ruby.parseFileAndGetAST(Ruby.java:2709)
	at org.jruby.dist/org.jruby.Ruby.parseFileFromMainAndGetAST(Ruby.java:2702)
	at org.jruby.dist/org.jruby.Ruby.parseFileFromMain(Ruby.java:2686)
	at org.jruby.dist/org.jruby.Ruby.parseFromMain(Ruby.java:642)
	at org.jruby.dist/org.jruby.Ruby.runFromMain(Ruby.java:588)
	at org.jruby.dist/org.jruby.Main.doRunFromMain(Main.java:415)
	at org.jruby.dist/org.jruby.Main.internalRun(Main.java:307)
	at org.jruby.dist/org.jruby.Main.run(Main.java:234)
	at org.jruby.dist/org.jruby.Main.main(Main.java:206)
WARNING: An illegal reflective access operation has occurred
WARNING: Illegal reflective access by org.jruby.ext.openssl.SecurityHelper (file:/home/travis/.rvm/rubies/jruby-9.2.7.0/lib/ruby/stdlib/jopenssl.jar) to constructor java.security.cert.CertificateFactory(java.security.cert.CertificateFactorySpi,java.security.Provider,java.lang.String)
WARNING: Please consider reporting this to the maintainers of org.jruby.ext.openssl.SecurityHelper
WARNING: Use --illegal-access=warn to enable warnings of further illegal reflective access operations
WARNING: All illegal access operations will be denied in a future release
2019-08-01T20:23:15.034Z [main] WARN FilenoUtil : Native subprocess control requires open access to sun.nio.ch
Pass '--add-opens java.base/sun.nio.ch=org.jruby.dist' or '=org.jruby.core' to enable.
java.lang.IllegalCallerException: sun.nio.ch is not open to module org.jruby.dist
	at java.base/java.lang.Module.addOpens(Module.java:763)
	at org.jruby.dist/com.headius.backport9.modules.impl.Module9.addOpens(Module9.java:28)
	at org.jruby.dist/com.headius.backport9.modules.Modules.addOpens(Modules.java:22)
	at org.jruby.dist/org.jruby.util.io.FilenoUtil$ReflectiveAccess.<clinit>(FilenoUtil.java:140)
	at org.jruby.dist/org.jruby.util.io.FilenoUtil.getFilenoUsingReflection(FilenoUtil.java:111)
	at org.jruby.dist/org.jruby.util.io.FilenoUtil.filenoFrom(FilenoUtil.java:107)
	at org.jruby.dist/org.jruby.util.io.ChannelFD.initFileno(ChannelFD.java:42)
	at org.jruby.dist/org.jruby.util.io.ChannelFD.<init>(ChannelFD.java:32)
	at org.jruby.dist/org.jruby.RubyIO.<init>(RubyIO.java:174)
	at org.jruby.dist/org.jruby.RubyFile.<init>(RubyFile.java:281)
	at org.jruby.dist/org.jruby.parser.Parser.parse(Parser.java:99)
	at org.jruby.dist/org.jruby.Ruby.parseFileAndGetAST(Ruby.java:2709)
	at org.jruby.dist/org.jruby.Ruby.parseFileFromMainAndGetAST(Ruby.java:2702)
	at org.jruby.dist/org.jruby.Ruby.parseFileFromMain(Ruby.java:2686)
	at org.jruby.dist/org.jruby.Ruby.parseFromMain(Ruby.java:642)
	at org.jruby.dist/org.jruby.Ruby.runFromMain(Ruby.java:588)
	at org.jruby.dist/org.jruby.Main.doRunFromMain(Main.java:415)
	at org.jruby.dist/org.jruby.Main.internalRun(Main.java:307)
	at org.jruby.dist/org.jruby.Main.run(Main.java:234)
	at org.jruby.dist/org.jruby.Main.main(Main.java:206)
WARNING: An illegal reflective access operation has occurred
WARNING: Illegal reflective access by org.jruby.ext.openssl.SecurityHelper (file:/home/travis/.rvm/rubies/jruby-9.2.7.0/lib/ruby/stdlib/jopenssl.jar) to constructor java.security.cert.CertificateFactory(java.security.cert.CertificateFactorySpi,java.security.Provider,java.lang.String)
WARNING: Please consider reporting this to the maintainers of org.jruby.ext.openssl.SecurityHelper
WARNING: Use --illegal-access=warn to enable warnings of further illegal reflective access operations
WARNING: All illegal access operations will be denied in a future release
[32mjruby-9.2.7.0 - #uninstalling gem rubygems-bundler-1.4.5[0m|/-\|/-\|.-\|/-\|/-.|/-\|/-\|..
jruby-9.2.7.0 - #gemset created /home/travis/.rvm/gems/jruby-9.2.7.0
2019-08-01T20:23:29.248Z [main] WARN FilenoUtil : Native subprocess control requires open access to sun.nio.ch
Pass '--add-opens java.base/sun.nio.ch=org.jruby.dist' or '=org.jruby.core' to enable.
java.lang.IllegalCallerException: sun.nio.ch is not open to module org.jruby.dist
	at java.base/java.lang.Module.addOpens(Module.java:763)
	at org.jruby.dist/com.headius.backport9.modules.impl.Module9.addOpens(Module9.java:28)
	at org.jruby.dist/com.headius.backport9.modules.Modules.addOpens(Modules.java:22)
	at org.jruby.dist/org.jruby.util.io.FilenoUtil$ReflectiveAccess.<clinit>(FilenoUtil.java:140)
	at org.jruby.dist/org.jruby.util.io.FilenoUtil.getFilenoUsingReflection(FilenoUtil.java:111)
	at org.jruby.dist/org.jruby.util.io.FilenoUtil.filenoFrom(FilenoUtil.java:107)
	at org.jruby.dist/org.jruby.util.io.ChannelFD.initFileno(ChannelFD.java:42)
	at org.jruby.dist/org.jruby.util.io.ChannelFD.<init>(ChannelFD.java:32)
	at org.jruby.dist/org.jruby.RubyIO.<init>(RubyIO.java:174)
	at org.jruby.dist/org.jruby.RubyFile.<init>(RubyFile.java:281)
	at org.jruby.dist/org.jruby.parser.Parser.parse(Parser.java:99)
	at org.jruby.dist/org.jruby.Ruby.parseFileAndGetAST(Ruby.java:2709)
	at org.jruby.dist/org.jruby.Ruby.parseFileFromMainAndGetAST(Ruby.java:2702)
	at org.jruby.dist/org.jruby.Ruby.parseFileFromMain(Ruby.java:2686)
	at org.jruby.dist/org.jruby.Ruby.parseFromMain(Ruby.java:642)
	at org.jruby.dist/org.jruby.Ruby.runFromMain(Ruby.java:588)
	at org.jruby.dist/org.jruby.Main.doRunFromMain(Main.java:415)
	at org.jruby.dist/org.jruby.Main.internalRun(Main.java:307)
	at org.jruby.dist/org.jruby.Main.run(Main.java:234)
	at org.jruby.dist/org.jruby.Main.main(Main.java:206)
WARNING: An illegal reflective access operation has occurred
WARNING: Illegal reflective access by org.jruby.ext.openssl.SecurityHelper (file:/home/travis/.rvm/rubies/jruby-9.2.7.0/lib/ruby/stdlib/jopenssl.jar) to constructor java.security.cert.CertificateFactory(java.security.cert.CertificateFactorySpi,java.security.Provider,java.lang.String)
WARNING: Please consider reporting this to the maintainers of org.jruby.ext.openssl.SecurityHelper
WARNING: Use --illegal-access=warn to enable warnings of further illegal reflective access operations
WARNING: All illegal access operations will be denied in a future release
[32mjruby-9.2.7.0 - #importing gemset /home/travis/.rvm/gemsets/default.gems[0m|/-\|/-\|.-\|/-\|/-.|/-\|/-\|.-\|/.
[32mjruby-9.2.7.0 - #generating default wrappers[0m|/-\|/-\|.-\|/-\|/-.|/-\|/-\|.-\|/-\|/-.|/-\|/-\|.-\|/-\|/-.|/-\|/-\|.-\|/-\|/-.|/-\|/-\|.-\|/-\|.
Using /home/travis/.rvm/gems/jruby-9.2.7.0
2019-08-01T20:23:58.972Z [main] WARN FilenoUtil : Native subprocess control requires open access to sun.nio.ch
Pass '--add-opens java.base/sun.nio.ch=org.jruby.dist' or '=org.jruby.core' to enable.
java.lang.IllegalCallerException: sun.nio.ch is not open to module org.jruby.dist
	at java.base/java.lang.Module.addOpens(Module.java:763)
	at org.jruby.dist/com.headius.backport9.modules.impl.Module9.addOpens(Module9.java:28)
	at org.jruby.dist/com.headius.backport9.modules.Modules.addOpens(Modules.java:22)
	at org.jruby.dist/org.jruby.util.io.FilenoUtil$ReflectiveAccess.<clinit>(FilenoUtil.java:140)
	at org.jruby.dist/org.jruby.util.io.FilenoUtil.getFilenoUsingReflection(FilenoUtil.java:111)
	at org.jruby.dist/org.jruby.util.io.FilenoUtil.filenoFrom(FilenoUtil.java:107)
	at org.jruby.dist/org.jruby.util.io.ChannelFD.initFileno(ChannelFD.java:42)
	at org.jruby.dist/org.jruby.util.io.ChannelFD.<init>(ChannelFD.java:32)
	at org.jruby.dist/org.jruby.RubyIO.<init>(RubyIO.java:174)
	at org.jruby.dist/org.jruby.RubyFile.<init>(RubyFile.java:281)
	at org.jruby.dist/org.jruby.parser.Parser.parse(Parser.java:99)
	at org.jruby.dist/org.jruby.Ruby.parseFileAndGetAST(Ruby.java:2709)
	at org.jruby.dist/org.jruby.Ruby.parseFileFromMainAndGetAST(Ruby.java:2702)
	at org.jruby.dist/org.jruby.Ruby.parseFileFromMain(Ruby.java:2686)
	at org.jruby.dist/org.jruby.Ruby.parseFromMain(Ruby.java:642)
	at org.jruby.dist/org.jruby.Ruby.runFromMain(Ruby.java:588)
	at org.jruby.dist/org.jruby.Main.doRunFromMain(Main.java:415)
	at org.jruby.dist/org.jruby.Main.internalRun(Main.java:307)
	at org.jruby.dist/org.jruby.Main.run(Main.java:234)
	at org.jruby.dist/org.jruby.Main.main(Main.java:206)
WARNING: An illegal reflective access operation has occurred
WARNING: Illegal reflective access by org.jruby.ext.openssl.SecurityHelper (file:/home/travis/.rvm/rubies/jruby-9.2.7.0/lib/ruby/stdlib/jopenssl.jar) to constructor java.security.cert.CertificateFactory(java.security.cert.CertificateFactorySpi,java.security.Provider,java.lang.String)
WARNING: Please consider reporting this to the maintainers of org.jruby.ext.openssl.SecurityHelper
WARNING: Use --illegal-access=warn to enable warnings of further illegal reflective access operations
WARNING: All illegal access operations will be denied in a future release
travis_time:end:2cbf6b24:start=1564690917021362536,finish=1564691041021299024,duration=123999936488[0Ktravis_fold:end:rvm[0K
$ export BUNDLE_GEMFILE=$PWD/Gemfile
travis_fold:start:cache.1[0KSetting up build cache
$ export CASHER_DIR=${TRAVIS_HOME}/.casher
travis_time:start:0d6d25a0[0K$ Installing caching utilities
travis_time:end:0d6d25a0:start=1564691050517314114,finish=1564691050863339390,duration=346025276[0Ktravis_time:start:15525cd8[0Ktravis_time:end:15525cd8:start=1564691050871841837,finish=1564691050876587477,duration=4745640[0Ktravis_time:start:0a72e2d0[0Kattempting to download cache archive[0m
[32;1mfetching master/cache-linux-xenial-575660ea328e67683a6d612dc1247e3f130b0c6880107c6c0c872c39a43e4747--rvm-jruby-9.2.7.0--gemfile-Gemfile.tgz[0m
[32;1mfound cache[0m
travis_time:end:0a72e2d0:start=1564691050881816031,finish=1564691052760733373,duration=1878917342[0Ktravis_fold:end:cache.1[0K

travis_fold:start:cache.bundler[0Ktravis_time:start:0e06d9db[0Ktravis_time:end:0e06d9db:start=1564691052767406835,finish=1564691052771940694,duration=4533859[0Ktravis_time:start:18c55903[0Kadding /home/travis/build/jekyll/jekyll/vendor/bundle to cache[0m
creating directory /home/travis/build/jekyll/jekyll/vendor/bundle[0m
travis_time:end:18c55903:start=1564691052777310077,finish=1564691054931844191,duration=2154534114[0Ktravis_fold:end:cache.bundler[0Ktravis_fold:start:ruby.versions[0K$ java -Xmx32m -version
openjdk version "11.0.2" 2019-01-15
OpenJDK Runtime Environment 18.9 (build 11.0.2+9)
OpenJDK 64-Bit Server VM 18.9 (build 11.0.2+9, mixed mode)
$ javac -J-Xmx32m -version
javac 11.0.2
$ ruby --version
jruby 9.2.7.0 (2.5.3) 2019-04-09 8a269e3 OpenJDK 64-Bit Server VM 11.0.2+9 on 11.0.2+9 +jit [linux-x86_64]
$ rvm --version
rvm 1.29.7 (latest) by Michal Papis, Piotr Kuczynski, Wayne E. Seguin [https://rvm.io]
$ bundle --version
2019-08-01T20:24:18.347Z [main] WARN FilenoUtil : Native subprocess control requires open access to sun.nio.ch
Pass '--add-opens java.base/sun.nio.ch=org.jruby.dist' or '=org.jruby.core' to enable.
java.lang.IllegalCallerException: sun.nio.ch is not open to module org.jruby.dist
	at java.base/java.lang.Module.addOpens(Module.java:763)
	at org.jruby.dist/com.headius.backport9.modules.impl.Module9.addOpens(Module9.java:28)
	at org.jruby.dist/com.headius.backport9.modules.Modules.addOpens(Modules.java:22)
	at org.jruby.dist/org.jruby.util.io.FilenoUtil$ReflectiveAccess.<clinit>(FilenoUtil.java:140)
	at org.jruby.dist/org.jruby.util.io.FilenoUtil.getFilenoUsingReflection(FilenoUtil.java:111)
	at org.jruby.dist/org.jruby.util.io.FilenoUtil.filenoFrom(FilenoUtil.java:107)
	at org.jruby.dist/org.jruby.util.io.ChannelFD.initFileno(ChannelFD.java:42)
	at org.jruby.dist/org.jruby.util.io.ChannelFD.<init>(ChannelFD.java:32)
	at org.jruby.dist/org.jruby.RubyIO.<init>(RubyIO.java:174)
	at org.jruby.dist/org.jruby.RubyFile.<init>(RubyFile.java:281)
	at org.jruby.dist/org.jruby.parser.Parser.parse(Parser.java:99)
	at org.jruby.dist/org.jruby.Ruby.parseFileAndGetAST(Ruby.java:2709)
	at org.jruby.dist/org.jruby.Ruby.parseFileFromMainAndGetAST(Ruby.java:2702)
	at org.jruby.dist/org.jruby.Ruby.parseFileFromMain(Ruby.java:2686)
	at org.jruby.dist/org.jruby.Ruby.parseFromMain(Ruby.java:642)
	at org.jruby.dist/org.jruby.Ruby.runFromMain(Ruby.java:588)
	at org.jruby.dist/org.jruby.Main.doRunFromMain(Main.java:415)
	at org.jruby.dist/org.jruby.Main.internalRun(Main.java:307)
	at org.jruby.dist/org.jruby.Main.run(Main.java:234)
	at org.jruby.dist/org.jruby.Main.main(Main.java:206)
Bundler version 2.0.2
$ gem --version
2019-08-01T20:24:22.080Z [main] WARN FilenoUtil : Native subprocess control requires open access to sun.nio.ch
Pass '--add-opens java.base/sun.nio.ch=org.jruby.dist' or '=org.jruby.core' to enable.
java.lang.IllegalCallerException: sun.nio.ch is not open to module org.jruby.dist
	at java.base/java.lang.Module.addOpens(Module.java:763)
	at org.jruby.dist/com.headius.backport9.modules.impl.Module9.addOpens(Module9.java:28)
	at org.jruby.dist/com.headius.backport9.modules.Modules.addOpens(Modules.java:22)
	at org.jruby.dist/org.jruby.util.io.FilenoUtil$ReflectiveAccess.<clinit>(FilenoUtil.java:140)
	at org.jruby.dist/org.jruby.util.io.FilenoUtil.getFilenoUsingReflection(FilenoUtil.java:111)
	at org.jruby.dist/org.jruby.util.io.FilenoUtil.filenoFrom(FilenoUtil.java:107)
	at org.jruby.dist/org.jruby.util.io.ChannelFD.initFileno(ChannelFD.java:42)
	at org.jruby.dist/org.jruby.util.io.ChannelFD.<init>(ChannelFD.java:32)
	at org.jruby.dist/org.jruby.RubyIO.<init>(RubyIO.java:174)
	at org.jruby.dist/org.jruby.RubyFile.<init>(RubyFile.java:281)
	at org.jruby.dist/org.jruby.parser.Parser.parse(Parser.java:99)
	at org.jruby.dist/org.jruby.Ruby.parseFileAndGetAST(Ruby.java:2709)
	at org.jruby.dist/org.jruby.Ruby.parseFileFromMainAndGetAST(Ruby.java:2702)
	at org.jruby.dist/org.jruby.Ruby.parseFileFromMain(Ruby.java:2686)
	at org.jruby.dist/org.jruby.Ruby.parseFromMain(Ruby.java:642)
	at org.jruby.dist/org.jruby.Ruby.runFromMain(Ruby.java:588)
	at org.jruby.dist/org.jruby.Main.doRunFromMain(Main.java:415)
	at org.jruby.dist/org.jruby.Main.internalRun(Main.java:307)
	at org.jruby.dist/org.jruby.Main.run(Main.java:234)
	at org.jruby.dist/org.jruby.Main.main(Main.java:206)
WARNING: An illegal reflective access operation has occurred
WARNING: Illegal reflective access by org.jruby.ext.openssl.SecurityHelper (file:/home/travis/.rvm/rubies/jruby-9.2.7.0/lib/ruby/stdlib/jopenssl.jar) to constructor java.security.cert.CertificateFactory(java.security.cert.CertificateFactorySpi,java.security.Provider,java.lang.String)
WARNING: Please consider reporting this to the maintainers of org.jruby.ext.openssl.SecurityHelper
WARNING: Use --illegal-access=warn to enable warnings of further illegal reflective access operations
WARNING: All illegal access operations will be denied in a future release
2.7.9
travis_fold:end:ruby.versions[0K
travis_fold:start:before_install.1[0Ktravis_time:start:03d31fe5[0K$ gem update --system --no-document
2019-08-01T20:24:26.590Z [main] WARN FilenoUtil : Native subprocess control requires open access to sun.nio.ch
Pass '--add-opens java.base/sun.nio.ch=org.jruby.dist' or '=org.jruby.core' to enable.
java.lang.IllegalCallerException: sun.nio.ch is not open to module org.jruby.dist
	at java.base/java.lang.Module.addOpens(Module.java:763)
	at org.jruby.dist/com.headius.backport9.modules.impl.Module9.addOpens(Module9.java:28)
	at org.jruby.dist/com.headius.backport9.modules.Modules.addOpens(Modules.java:22)
	at org.jruby.dist/org.jruby.util.io.FilenoUtil$ReflectiveAccess.<clinit>(FilenoUtil.java:140)
	at org.jruby.dist/org.jruby.util.io.FilenoUtil.getFilenoUsingReflection(FilenoUtil.java:111)
	at org.jruby.dist/org.jruby.util.io.FilenoUtil.filenoFrom(FilenoUtil.java:107)
	at org.jruby.dist/org.jruby.util.io.ChannelFD.initFileno(ChannelFD.java:42)
	at org.jruby.dist/org.jruby.util.io.ChannelFD.<init>(ChannelFD.java:32)
	at org.jruby.dist/org.jruby.RubyIO.<init>(RubyIO.java:174)
	at org.jruby.dist/org.jruby.RubyFile.<init>(RubyFile.java:281)
	at org.jruby.dist/org.jruby.parser.Parser.parse(Parser.java:99)
	at org.jruby.dist/org.jruby.Ruby.parseFileAndGetAST(Ruby.java:2709)
	at org.jruby.dist/org.jruby.Ruby.parseFileFromMainAndGetAST(Ruby.java:2702)
	at org.jruby.dist/org.jruby.Ruby.parseFileFromMain(Ruby.java:2686)
	at org.jruby.dist/org.jruby.Ruby.parseFromMain(Ruby.java:642)
	at org.jruby.dist/org.jruby.Ruby.runFromMain(Ruby.java:588)
	at org.jruby.dist/org.jruby.Main.doRunFromMain(Main.java:415)
	at org.jruby.dist/org.jruby.Main.internalRun(Main.java:307)
	at org.jruby.dist/org.jruby.Main.run(Main.java:234)
	at org.jruby.dist/org.jruby.Main.main(Main.java:206)
WARNING: An illegal reflective access operation has occurred
WARNING: Illegal reflective access by org.jruby.ext.openssl.SecurityHelper (file:/home/travis/.rvm/rubies/jruby-9.2.7.0/lib/ruby/stdlib/jopenssl.jar) to constructor java.security.cert.CertificateFactory(java.security.cert.CertificateFactorySpi,java.security.Provider,java.lang.String)
WARNING: Please consider reporting this to the maintainers of org.jruby.ext.openssl.SecurityHelper
WARNING: Use --illegal-access=warn to enable warnings of further illegal reflective access operations
WARNING: All illegal access operations will be denied in a future release
Updating rubygems-update
Successfully installed rubygems-update-3.0.4
Installing RubyGems 3.0.4
2019-08-01T20:24:40.736Z [main] WARN FilenoUtil : Native subprocess control requires open access to sun.nio.ch
Pass '--add-opens java.base/sun.nio.ch=org.jruby.dist' or '=org.jruby.core' to enable.
java.lang.IllegalCallerException: sun.nio.ch is not open to module org.jruby.dist
	at java.base/java.lang.Module.addOpens(Module.java:763)
	at org.jruby.dist/com.headius.backport9.modules.impl.Module9.addOpens(Module9.java:28)
	at org.jruby.dist/com.headius.backport9.modules.Modules.addOpens(Modules.java:22)
	at org.jruby.dist/org.jruby.util.io.FilenoUtil$ReflectiveAccess.<clinit>(FilenoUtil.java:140)
	at org.jruby.dist/org.jruby.util.io.FilenoUtil.getFilenoUsingReflection(FilenoUtil.java:111)
	at org.jruby.dist/org.jruby.util.io.FilenoUtil.filenoFrom(FilenoUtil.java:107)
	at org.jruby.dist/org.jruby.util.io.ChannelFD.initFileno(ChannelFD.java:42)
	at org.jruby.dist/org.jruby.util.io.ChannelFD.<init>(ChannelFD.java:32)
	at org.jruby.dist/org.jruby.RubyIO.<init>(RubyIO.java:174)
	at org.jruby.dist/org.jruby.RubyFile.<init>(RubyFile.java:281)
	at org.jruby.dist/org.jruby.parser.Parser.parse(Parser.java:99)
	at org.jruby.dist/org.jruby.Ruby.parseFileAndGetAST(Ruby.java:2709)
	at org.jruby.dist/org.jruby.Ruby.parseFileFromMainAndGetAST(Ruby.java:2702)
	at org.jruby.dist/org.jruby.Ruby.parseFileFromMain(Ruby.java:2686)
	at org.jruby.dist/org.jruby.Ruby.parseFromMain(Ruby.java:642)
	at org.jruby.dist/org.jruby.Ruby.runFromMain(Ruby.java:588)
	at org.jruby.dist/org.jruby.Main.doRunFromMain(Main.java:415)
	at org.jruby.dist/org.jruby.Main.internalRun(Main.java:307)
	at org.jruby.dist/org.jruby.Main.run(Main.java:234)
	at org.jruby.dist/org.jruby.Main.main(Main.java:206)
2019-08-01T20:24:42.760Z [main] WARN FilenoUtil : Native subprocess control requires open access to sun.nio.ch
Pass '--add-opens java.base/sun.nio.ch=org.jruby.dist' or '=org.jruby.core' to enable.
java.lang.IllegalCallerException: sun.nio.ch is not open to module org.jruby.dist
	at java.base/java.lang.Module.addOpens(Module.java:763)
	at org.jruby.dist/com.headius.backport9.modules.impl.Module9.addOpens(Module9.java:28)
	at org.jruby.dist/com.headius.backport9.modules.Modules.addOpens(Modules.java:22)
	at org.jruby.dist/org.jruby.util.io.FilenoUtil$ReflectiveAccess.<clinit>(FilenoUtil.java:140)
	at org.jruby.dist/org.jruby.util.io.FilenoUtil.getFilenoUsingReflection(FilenoUtil.java:111)
	at org.jruby.dist/org.jruby.util.io.FilenoUtil.filenoFrom(FilenoUtil.java:107)
	at org.jruby.dist/org.jruby.util.io.ChannelFD.initFileno(ChannelFD.java:42)
	at org.jruby.dist/org.jruby.util.io.ChannelFD.<init>(ChannelFD.java:32)
	at org.jruby.dist/org.jruby.RubyIO.<init>(RubyIO.java:174)
	at org.jruby.dist/org.jruby.RubyFile.<init>(RubyFile.java:281)
	at org.jruby.dist/org.jruby.parser.Parser.parse(Parser.java:99)
	at org.jruby.dist/org.jruby.Ruby.parseFileAndGetAST(Ruby.java:2709)
	at org.jruby.dist/org.jruby.Ruby.parseFileFromMainAndGetAST(Ruby.java:2702)
	at org.jruby.dist/org.jruby.Ruby.parseFileFromMain(Ruby.java:2686)
	at org.jruby.dist/org.jruby.Ruby.parseFromMain(Ruby.java:642)
	at org.jruby.dist/org.jruby.Ruby.runFromMain(Ruby.java:588)
	at org.jruby.dist/org.jruby.Main.doRunFromMain(Main.java:415)
	at org.jruby.dist/org.jruby.Main.internalRun(Main.java:307)
	at org.jruby.dist/org.jruby.Main.run(Main.java:234)
	at org.jruby.dist/org.jruby.Main.main(Main.java:206)
WARNING: An illegal reflective access operation has occurred
WARNING: Illegal reflective access by org.jruby.ext.openssl.SecurityHelper (file:/home/travis/.rvm/rubies/jruby-9.2.7.0/lib/ruby/stdlib/jopenssl.jar) to constructor java.security.cert.CertificateFactory(java.security.cert.CertificateFactorySpi,java.security.Provider,java.lang.String)
WARNING: Please consider reporting this to the maintainers of org.jruby.ext.openssl.SecurityHelper
WARNING: Use --illegal-access=warn to enable warnings of further illegal reflective access operations
WARNING: All illegal access operations will be denied in a future release
Bundler 1.17.3 installed
RubyGems 3.0.4 installed
Regenerating binstubs

=== 3.0.4 / 2019-06-14

Minor enhancements:

* Add support for TruffleRuby #2612 by Benoit Daloze
* Serve a more descriptive error when --no-ri or --no-rdoc are used #2572
  by Grey Baker
* Improve test compatibility with CMake 2.8. Pull request #2590 by V√≠t
  Ondruch.
* Restore gem build behavior and introduce the "-C" flag to gem build.
  Pull request #2596 by Luis Sagastume.
* Enabled block call with util_set_arch. Pull request #2603 by SHIBATA
  Hiroshi.
* Avoid rdoc hook when it's failed to load rdoc library. Pull request
  #2604 by SHIBATA Hiroshi.
* Drop tests for legacy RDoc. Pull request #2608 by Nobuyoshi Nakada.
* Update TODO comment. Pull request #2658 by Luis Sagastume.
* Skip malicious extension test with mswin platform. Pull request #2670 by
  SHIBATA Hiroshi.
* Check deprecated methods on release. Pull request #2673 by David
  Rodr√≠guez.
* Add steps to run bundler tests. Pull request #2680 by Aditya Prakash.
* Skip temporary "No such host is known" error. Pull request #2684 by
  Takashi Kokubun.
* Replaced aws-sdk-s3 instead of s3cmd. Pull request #2688 by SHIBATA
  Hiroshi.
* Allow uninstall from symlinked GEM_HOME. Pull request #2720 by David
  Rodr√≠guez.
* Use current checkout in CI to uninstall RVM related gems. Pull request
  #2729 by David Rodr√≠guez.
* Update Contributor Covenant v1.4.1. Pull request #2751 by SHIBATA
  Hiroshi.
* Added supported versions of Ruby. Pull request #2756 by SHIBATA Hiroshi.
* Fix shadowing outer local variable warning. Pull request #2763 by Luis
  Sagastume.
* Update the certificate files to make the test pass on Debian 10. Pull
  request #2777 by Yusuke Endoh.
* Backport ruby core changes. Pull request #2778 by SHIBATA Hiroshi.

Bug fixes:

* Test_gem.rb - intermittent failure fix. Pull request #2613 by MSP-Greg.
* Fix sporadic CI failures. Pull request #2617 by David Rodr√≠guez.
* Fix flaky bundler version finder tests. Pull request #2624 by David
  Rodr√≠guez.
* Fix gem indexer tests leaking utility gems. Pull request #2625 by David
  Rodr√≠guez.
* Clean up default spec dir too. Pull request #2639 by David Rodr√≠guez.
* Fix 2.6.1 build against vendored bundler. Pull request #2645 by David
  Rodr√≠guez.
* Fix comment typo. Pull request #2664 by Luis Sagastume.
* Fix comment of Gem::Specification#required_ruby_version=. Pull request
  #2732 by Alex Junger.
* Fix TODOs. Pull request #2748 by David Rodr√≠guez.

=== 3.0.3 / 2019-03-05

Security fixes:

* Fixed following vulnerabilities:
  * CVE-2019-8320: Delete directory using symlink when decompressing tar
  * CVE-2019-8321: Escape sequence injection vulnerability in `verbose`
  * CVE-2019-8322: Escape sequence injection vulnerability in `gem owner`
  * CVE-2019-8323: Escape sequence injection vulnerability in API response handling
  * CVE-2019-8324: Installing a malicious gem may lead to arbitrary code execution
  * CVE-2019-8325: Escape sequence injection vulnerability in errors

=== 3.0.2 / 2019-01-01

Minor enhancements:

* Use Bundler-1.17.3. Pull request #2556 by SHIBATA Hiroshi.
* Fix document flag description. Pull request #2555 by Luis Sagastume.

Bug fixes:

* Fix tests when ruby --program-suffix is used without rubygems
  --format-executable. Pull request #2549 by Jeremy Evans.
* Fix Gem::Requirement equality comparison when ~> operator is used. Pull
  request #2554 by Grey Baker.
* Unset SOURCE_DATE_EPOCH in the test cases. Pull request #2558 by Sorah
  Fukumori.
* Restore SOURCE_DATE_EPOCH. Pull request #2560 by SHIBATA Hiroshi.

=== 3.0.1 / 2018-12-23

Bug fixes:

* Ensure globbed files paths are expanded. Pull request #2536 by Tony Ta.
* Dup the Dir.home string before passing it on. Pull request #2545 by
  Charles Oliver Nutter.
* Added permissions to installed files for non-owners. Pull request #2546
  by SHIBATA Hiroshi.
* Restore release task without hoe. Pull request #2547 by SHIBATA Hiroshi.

=== 3.0.0 / 2018-12-19

Major enhancements:

* S3 source. Pull request #1690 by Aditya Prakash.
* Download gems with threads. Pull request #1898 by Andr√© Arko.
* Update to SPDX license list 3.0. Pull request #2152 by Mike Linksvayer.
* [GSoC] Multi-factor feature for RubyGems. Pull request #2369 by Qiu
  Chaofan.
* Use bundler 1.17.2. Pull request #2521 by SHIBATA Hiroshi.

Minor enhancements:

* Don't treat inaccessible working directories as build failures. Pull
  request #1135 by Pete.
* Remove useless directory parameter from builders .build methods.
  [rebased]. Pull request #1433 by Kurtis Rainbolt-Greene.
* Skipping more than one gem in pristine. Pull request #1592 by Henne
  Vogelsang.
* Add info command to print information about an installed gem. Pull
  request #2023 by Colby Swandale.
* Add --[no-]check-development option to cleanup command. Pull request
  #2061 by Lin Jen-Shin (godfat).
* Show which gem referenced a missing gem. Pull request #2067 by Artem
  Khramov.
* Prevent to delete to "bundler-" prefix gem like bundler-audit. Pull
  request #2086 by SHIBATA Hiroshi.
* Fix rake install_test_deps once the rake clean_env does not exist. Pull
  request #2090 by Lucas Arantes.
* Workaround common options mutation in Gem::Command test. Pull request
  #2098 by Thibault Jouan.
* Extract a SpecificationPolicy validation class. Pull request #2101 by
  Olle Jonsson.
* Handle environment that does not have `flock` system call. Pull request
  #2107 by SHIBATA Hiroshi.
* Handle the explain option in gem update. Pull request #2110 by Colby
  Swandale.
* Add Gem.operating_system_defaults to allow packagers to override
  defaults. Pull request #2116 by V√≠t Ondruch.
* Update for compatibilty with new minitest. Pull request #2118 by
  MSP-Greg.
* Make Windows bin stubs portable. Pull request #2119 by MSP-Greg.
* Avoid to warnings about gemspec loadings in rubygems tests. Pull request
  #2125 by SHIBATA Hiroshi.
* Set whether bundler is used for gemdeps with an environmental variable.
  Pull request #2126 by SHIBATA Hiroshi.
* Titleize "GETTING HELP" in readme. Pull request #2136 by Colby Swandale.
* Improve the error message given when using --version with multiple gems
  in the install command. Pull request #2137 by Colby Swandale.
* Use `File.open` instead of `open`. Pull request #2142 by SHIBATA
  Hiroshi.
* Gem::Util.traverse_parents should not crash on permissions error. Pull
  request #2147 by Robert Ulejczyk.
* [Installer] Avoid a #mkdir race condition. Pull request #2148 by Samuel
  Giddins.
* Allow writing gemspecs from gem unpack to location specified by target
  option. Pull request #2150 by Colby Swandale.
* Raise errors in `gem uninstall` when a file in a gem could not be
  removed . Pull request #2154 by Colby Swandale.
* Remove PID from gem index directory. Pull request #2155 by SHIBATA
  Hiroshi.
* Nil guard on `Gem::Specification`. Pull request #2164 by SHIBATA
  Hiroshi.
* Skip broken test with macOS platform. Pull request #2167 by SHIBATA
  Hiroshi.
* Support option for `--destdir` with upgrade installer. Pull request
  #2169 by SHIBATA Hiroshi.
* To use constant instead of hard-coded version. Pull request #2171 by
  SHIBATA Hiroshi.
* Add Rake task to install dev dependencies. Pull request #2173 by Ellen
  Marie Dash.
* Add new sections to the README and explaination of what RubyGems is.
  Pull request #2174 by Colby Swandale.
* Prefer to use `Numeric#zero?` instead of `== 0`. Pull request #2176 by
  SHIBATA Hiroshi.
* Ignore perfomance test of version regexp pattern. Pull request #2179 by
  SHIBATA Hiroshi.
* Ignore .DS_Store files in the update_manifest task. Pull request #2199
  by Colby Swandale.
* Allow building gems without having to be in the gem folder . Pull
  request #2204 by Colby Swandale.
* Added coverage ability used by simplecov. Pull request #2207 by SHIBATA
  Hiroshi.
* Improve invalid proxy error message. Pull request #2217 by Luis
  Sagastume.
* Simplify home directory detection and platform condition. Pull request
  #2218 by SHIBATA Hiroshi.
* Permission options. Pull request #2219 by Nobuyoshi Nakada.
* Improve gemspec and package task. Pull request #2220 by SHIBATA Hiroshi.
* Prefer to use util_spec in `Gem::TestCase`. Pull request #2227 by
  SHIBATA Hiroshi.
*  [Requirement] Treat requirements with == versions as equal. Pull
  request #2230 by Samuel Giddins.
* Add a note for the non-semantically versioned case. Pull request #2242
  by David Rodr√≠guez.
* Keep feature names loaded in the block. Pull request #2261 by Nobuyoshi
  Nakada.
* Tweak warning recommendation. Pull request #2266 by David Rodr√≠guez.
* Show git path in gem env. Pull request #2268 by Luis Sagastume.
* Add `--env-shebang` flag to setup command. Pull request #2271 by James
  Myers.
* Support SOURCE_DATE_EPOCH to make gem spec reproducible. Pull request
  #2278 by Levente Polyak.
* Chdir back to original directory when building an extension fails. Pull
  request #2282 by Samuel Giddins.
* [Rakefile] Add a default task that runs the tests. Pull request #2283 by
  Samuel Giddins.
* Support SOURCE_DATE_EPOCH to make gem tar reproducible. Pull request
  #2289 by Levente Polyak.
* Reset hooks in test cases. Pull request #2297 by Samuel Giddins.
* Minor typo: nokogiri. Pull request #2298 by Darshan Baid.
* Ignore vendored molinillo from code coverage. Pull request #2302 by
  SHIBATA Hiroshi.
* Support IO.copy_stream. Pull request #2303 by okkez.
* Prepare beta release. Pull request #2304 by SHIBATA Hiroshi.
* Add error message when trying to open a default gem. Pull request #2307
  by Luis Sagastume.
* Add alias command 'i' for 'install' command. Pull request #2308 by
  ota42y.
* Cleanup rdoc task in Rakefile. Pull request #2318 by SHIBATA Hiroshi.
* Add testcase to test_gem_text.rb. Pull request #2329 by Oliver.
* Gem build strict option. Pull request #2332 by David Rodr√≠guez.
* Make spec reset more informative. Pull request #2333 by Luis Sagastume.
* [Rakefile] Set bundler build metadata when doing a release. Pull request
  #2335 by Samuel Giddins.
* Speed up globbing relative to given directories. Pull request #2336 by
  Samuel Giddins.
* Remove semver gem build warning. Pull request #2351 by David Rodr√≠guez.
* Expand symlinks in gem path. Pull request #2352 by Benoit Daloze.
* Normalize comment indentations. Pull request #2353 by David Rodr√≠guez.
* Add bindir flag to pristine. Pull request #2361 by Luis Sagastume.
* Add --user-install behaviour to cleanup command. Pull request #2362 by
  Luis Sagastume.
* Allow build options to be passed to Rake. Pull request #2382 by Alyssa
  Ross.
* Add --re-sign flag to cert command. Pull request #2391 by Luis
  Sagastume.
* Fix "interpreted as grouped expression" warning. Pull request #2399 by
  Colby Swandale.
* [Gem::Ext::Builder] Comments to aid future refactoring. Pull request
  #2405 by Ellen Marie Dash.
* Move CONTRIBUTING.rdoc and POLICIES.rdoc documents to markdown. Pull
  request #2412 by Colby Swandale.
* Improve certificate expiration defaults. Pull request #2420 by Luis
  Sagastume.
* Freeze all possible constants. Pull request #2422 by Colby Swandale.
* Fix bundler rubygems binstub not properly looking for bundler. Pull
  request #2426 by David Rodr√≠guez.
* Make sure rubygems never leaks to another installation. Pull request
  #2427 by David Rodr√≠guez.
* Update README.md. Pull request #2428 by Marc-Andr√© Lafortune.
* Restrict special chars from prefixing new gem names. Pull request #2432
  by Luis Sagastume.
* This removes support for dynamic API backend lookup via DNS SRV records.
  Pull request #2433 by Arlandis Word.
* Fix link to CONTRIBUTING.md doc. Pull request #2434 by Arlandis Word.
* Support Keyword args with Pysch. Pull request #2439 by SHIBATA Hiroshi.
* Bug/kernel#warn uplevel. Pull request #2442 by Nobuyoshi Nakada.
* Improve certificate error message. Pull request #2454 by Luis Sagastume.
* Update gem open command help text. Pull request #2458 by Aditya Prakash.
* Uninstall with versions. Pull request #2466 by David Rodr√≠guez.
* Add output option to build command. Pull request #2501 by Colby
  Swandale.
* Move rubocop into a separate stage in travis ci. Pull request #2510 by
  Colby Swandale.
* Ignore warnings with test_gem_specification.rb. Pull request #2523 by
  SHIBATA Hiroshi.
* Support the environment without OpenSSL. Pull request #2528 by SHIBATA
  Hiroshi.

Bug fixes:

* Fix undefined method error when printing alert. Pull request #1884 by
  Robert Ross.
* Frozen string fix - lib/rubygems/bundler_version_finder.rb. Pull request
  #2115 by MSP-Greg.
* Fixed typos. Pull request #2143 by SHIBATA Hiroshi.
* Fix regression of destdir on Windows platform. Pull request #2178 by
  SHIBATA Hiroshi.
* Fixed no assignment variables about default gems installation. Pull
  request #2181 by SHIBATA Hiroshi.
* Fix spelling errors in the README. Pull request #2187 by Colby Swandale.
* Missing comma creates ambiguous meaning. Pull request #2190 by Clifford
  Heath.
* Fix getting started instructions. Pull request #2198 by Luis Sagastume.
* Fix rubygems dev env. Pull request #2201 by Luis Sagastume.
* Fix #1470: generate documentation when --install-dir is present. Pull
  request #2229 by Elias Hernandis.
* Fix activation when multiple platforms installed. Pull request #2339 by
  MSP-Greg.
* Fix required_ruby_version with prereleases and improve error message.
  Pull request #2344 by David Rodr√≠guez.
* Update tests for 'newer' Windows builds. Pull request #2348 by MSP-Greg.
* Fix broken rubocop task by upgrading to 0.58.1. Pull request #2356 by
  David Rodr√≠guez.
* Gem::Version should handle nil like it used to before. Pull request
  #2363 by Luis Sagastume.
* Avoid need of C++ compiler to pass the test suite. Pull request #2367 by
  V√≠t Ondruch.
* Fix auto resign expired certificate. Pull request #2380 by Luis
  Sagastume.
* Skip permissions-dependent test when root. Pull request #2386 by Alyssa
  Ross.
* Fix test that depended on /usr/bin being in PATH. Pull request #2387 by
  Alyssa Ross.
* Fixed test fail with mswin environment. Pull request #2390 by SHIBATA
  Hiroshi.
* Fix broken builds using the correct rubocop version. Pull request #2396
  by Luis Sagastume.
* Fix extension builder failure when verbose. Pull request #2457 by Sorah
  Fukumori.
* Fix test warnings. Pull request #2472 by MSP-Greg.
* The test suite of bundler is not present ruby description. Pull request
  #2484 by SHIBATA Hiroshi.
* Fix crash on certain gemspecs. Pull request #2506 by David Rodr√≠guez.
* Fixed test fails with the newer version of OpenSSL. Pull request #2507
  by SHIBATA Hiroshi.
* Fix broken symlink that points to ../*. Pull request #2516 by Akira
  Matsuda.
* Fix remote fetcher tests. Pull request #2520 by Luis Sagastume.
* Fix tests when --program-suffix and similar ruby configure options are
  used. Pull request #2529 by Jeremy Evans.

Compatibility changes:

* IO.binread is not provided at Ruby 1.8. Pull request #2093 by SHIBATA
  Hiroshi.
* Ignored to publish rdoc documentation of rubygems for
  docs.seattlerb.org. Pull request #2105 by SHIBATA Hiroshi.
* Support pre-release RubyGems. Pull request #2128 by SHIBATA Hiroshi.
* Relax minitest version for 5. Pull request #2131 by SHIBATA Hiroshi.
* Remove zentest from dev dependency. Pull request #2132 by SHIBATA
  Hiroshi.
* Remove hoe for test suite. Pull request #2160 by SHIBATA Hiroshi.
* Cleanup deprecated tasks. Pull request #2162 by SHIBATA Hiroshi.
* Drop to support Ruby < 2.2. Pull request #2182 by SHIBATA Hiroshi.
* Cleanup deprecated style. Pull request #2193 by SHIBATA Hiroshi.
* Remove CVEs from the rubygems repo. Pull request #2195 by Colby
  Swandale.
* Removed needless condition for old version of ruby. Pull request #2206
  by SHIBATA Hiroshi.
* Removed deprecated methods over the limit day. Pull request #2216 by
  SHIBATA Hiroshi.
* Remove syck support. Pull request #2222 by SHIBATA Hiroshi.
* Removed needless condition for Encoding. Pull request #2223 by SHIBATA
  Hiroshi.
* Removed needless condition for String#force_encoding. Pull request #2225
  by SHIBATA Hiroshi.
* Removed needless OpenSSL patch for Ruby 1.8. Pull request #2243 by
  SHIBATA Hiroshi.
* Removed compatibility code for Ruby 1.9.2. Pull request #2244 by SHIBATA
  Hiroshi.
* Removed needless version condition for the old ruby. Pull request #2252
  by SHIBATA Hiroshi.
* Remove needless define/respond_to condition. Pull request #2255 by
  SHIBATA Hiroshi.
* Use File.realpath directlry in Gem::Package. Pull request #2284 by
  SHIBATA Hiroshi.
* Removed needless condition for old versions of Ruby. Pull request #2286
  by SHIBATA Hiroshi.
* Remove the --rdoc and --ri options from install/update. Pull request
  #2354 by Colby Swandale.
* Move authors assigner to required attributes section of
  Gem::Specification. Pull request #2406 by Grey Baker.
* Remove rubyforge_page functionality. Pull request #2436 by Nick
  Schwaderer.
* Drop ruby 1.8 support and use IO.popen. Pull request #2441 by Nobuyoshi
  Nakada.
* Drop ruby 2.2 support. Pull request #2487 by David Rodr√≠guez.
* Remove some old compatibility code. Pull request #2488 by David
  Rodr√≠guez.
* Remove .document from src. Pull request #2489 by Colby Swandale.
* Remove old version support. Pull request #2493 by Nobuyoshi Nakada.
* [BudlerVersionFinder] set .filter! and .compatible? to match only on
  major versions. Pull request #2515 by Colby Swandale.

Style changes:

* Add Rubocop. Pull request #2250 by Colby Swandale.
* Removed explicitly declaration of thread library. Pull request #2324 by
  SHIBATA Hiroshi.
* Remove Trailing whitespace with rubocop. Pull request #2394 by SHIBATA
  Hiroshi.
* Update rubocop and also use correct pessimistic version. Pull request
  #2404 by Colby Swandale.
* Enable more rubocop rules. Pull request #2435 by Ellen Marie Dash.
* Fix and lock rubocop. Pull request #2465 by David Rodr√≠guez.
* Add a rubocop binstub. Pull request #2468 by David Rodr√≠guez.
* Restore the `rubocop` task. Pull request #2470 by David Rodr√≠guez.
* Remove trailing blank lines. Pull request #2471 by David Rodr√≠guez.
* Remove empty lines around method bodies. Pull request #2473 by David
  Rodr√≠guez.
* Enable Style/MethodDefParentheses in Rubocop. Pull request #2478 by
  Colby Swandale.
* Enable Style/MultilineIfThen in Rubocop. Pull request #2479 by Luis
  Sagastume.
* Remove trailing 'then' from generated code. Pull request #2480 by Luis
  Sagastume.


------------------------------------------------------------------------------

RubyGems installed the following executables:
	/home/travis/.rvm/rubies/jruby-9.2.7.0/bin/jgem
	/home/travis/.rvm/rubies/jruby-9.2.7.0/bin/jbundle

RubyGems system software updated
travis_time:end:03d31fe5:start=1564691064098568754,finish=1564691089591472211,duration=25492903457[0Ktravis_fold:end:before_install.1[0Ktravis_fold:start:before_install.2[0Ktravis_time:start:000fd8c6[0K$ gem install bundler --no-document
2019-08-01T20:24:52.633Z [main] WARN FilenoUtil : Native subprocess control requires open access to sun.nio.ch
Pass '--add-opens java.base/sun.nio.ch=org.jruby.dist' or '=org.jruby.core' to enable.
java.lang.IllegalCallerException: sun.nio.ch is not open to module org.jruby.dist
	at java.base/java.lang.Module.addOpens(Module.java:763)
	at org.jruby.dist/com.headius.backport9.modules.impl.Module9.addOpens(Module9.java:28)
	at org.jruby.dist/com.headius.backport9.modules.Modules.addOpens(Modules.java:22)
	at org.jruby.dist/org.jruby.util.io.FilenoUtil$ReflectiveAccess.<clinit>(FilenoUtil.java:140)
	at org.jruby.dist/org.jruby.util.io.FilenoUtil.getFilenoUsingReflection(FilenoUtil.java:111)
	at org.jruby.dist/org.jruby.util.io.FilenoUtil.filenoFrom(FilenoUtil.java:107)
	at org.jruby.dist/org.jruby.util.io.ChannelFD.initFileno(ChannelFD.java:42)
	at org.jruby.dist/org.jruby.util.io.ChannelFD.<init>(ChannelFD.java:32)
	at org.jruby.dist/org.jruby.RubyIO.<init>(RubyIO.java:174)
	at org.jruby.dist/org.jruby.RubyFile.<init>(RubyFile.java:281)
	at org.jruby.dist/org.jruby.parser.Parser.parse(Parser.java:99)
	at org.jruby.dist/org.jruby.Ruby.parseFileAndGetAST(Ruby.java:2709)
	at org.jruby.dist/org.jruby.Ruby.parseFileFromMainAndGetAST(Ruby.java:2702)
	at org.jruby.dist/org.jruby.Ruby.parseFileFromMain(Ruby.java:2686)
	at org.jruby.dist/org.jruby.Ruby.parseFromMain(Ruby.java:642)
	at org.jruby.dist/org.jruby.Ruby.runFromMain(Ruby.java:588)
	at org.jruby.dist/org.jruby.Main.doRunFromMain(Main.java:415)
	at org.jruby.dist/org.jruby.Main.internalRun(Main.java:307)
	at org.jruby.dist/org.jruby.Main.run(Main.java:234)
	at org.jruby.dist/org.jruby.Main.main(Main.java:206)
WARNING: An illegal reflective access operation has occurred
WARNING: Illegal reflective access by org.jruby.ext.openssl.SecurityHelper (file:/home/travis/.rvm/rubies/jruby-9.2.7.0/lib/ruby/stdlib/jopenssl.jar) to constructor java.security.cert.CertificateFactory(java.security.cert.CertificateFactorySpi,java.security.Provider,java.lang.String)
WARNING: Please consider reporting this to the maintainers of org.jruby.ext.openssl.SecurityHelper
WARNING: Use --illegal-access=warn to enable warnings of further illegal reflective access operations
WARNING: All illegal access operations will be denied in a future release
Successfully installed bundler-2.0.2
1 gem installed
travis_time:end:000fd8c6:start=1564691089663902452,finish=1564691099324718192,duration=9660815740[0Ktravis_fold:end:before_install.2[0Ktravis_fold:start:install.bundler[0Ktravis_time:start:07e03f15[0K$ bundle install --without benchmark:development --path=${BUNDLE_PATH:-vendor/bundle}
2019-08-01T20:25:01.943Z [main] WARN FilenoUtil : Native subprocess control requires open access to sun.nio.ch
Pass '--add-opens java.base/sun.nio.ch=org.jruby.dist' or '=org.jruby.core' to enable.
java.lang.IllegalCallerException: sun.nio.ch is not open to module org.jruby.dist
	at java.base/java.lang.Module.addOpens(Module.java:763)
	at org.jruby.dist/com.headius.backport9.modules.impl.Module9.addOpens(Module9.java:28)
	at org.jruby.dist/com.headius.backport9.modules.Modules.addOpens(Modules.java:22)
	at org.jruby.dist/org.jruby.util.io.FilenoUtil$ReflectiveAccess.<clinit>(FilenoUtil.java:140)
	at org.jruby.dist/org.jruby.util.io.FilenoUtil.getFilenoUsingReflection(FilenoUtil.java:111)
	at org.jruby.dist/org.jruby.util.io.FilenoUtil.filenoFrom(FilenoUtil.java:107)
	at org.jruby.dist/org.jruby.util.io.ChannelFD.initFileno(ChannelFD.java:42)
	at org.jruby.dist/org.jruby.util.io.ChannelFD.<init>(ChannelFD.java:32)
	at org.jruby.dist/org.jruby.RubyIO.<init>(RubyIO.java:174)
	at org.jruby.dist/org.jruby.RubyFile.<init>(RubyFile.java:281)
	at org.jruby.dist/org.jruby.parser.Parser.parse(Parser.java:99)
	at org.jruby.dist/org.jruby.Ruby.parseFileAndGetAST(Ruby.java:2709)
	at org.jruby.dist/org.jruby.Ruby.parseFileFromMainAndGetAST(Ruby.java:2702)
	at org.jruby.dist/org.jruby.Ruby.parseFileFromMain(Ruby.java:2686)
	at org.jruby.dist/org.jruby.Ruby.parseFromMain(Ruby.java:642)
	at org.jruby.dist/org.jruby.Ruby.runFromMain(Ruby.java:588)
	at org.jruby.dist/org.jruby.Main.doRunFromMain(Main.java:415)
	at org.jruby.dist/org.jruby.Main.internalRun(Main.java:307)
	at org.jruby.dist/org.jruby.Main.run(Main.java:234)
	at org.jruby.dist/org.jruby.Main.main(Main.java:206)
WARNING: An illegal reflective access operation has occurred
WARNING: Illegal reflective access by org.jruby.ext.openssl.SecurityHelper (file:/home/travis/.rvm/rubies/jruby-9.2.7.0/lib/ruby/stdlib/jopenssl.jar) to constructor java.security.cert.CertificateFactory(java.security.cert.CertificateFactorySpi,java.security.Provider,java.lang.String)
WARNING: Please consider reporting this to the maintainers of org.jruby.ext.openssl.SecurityHelper
WARNING: Use --illegal-access=warn to enable warnings of further illegal reflective access operations
WARNING: All illegal access operations will be denied in a future release
The dependency classifier-reborn (~> 2.2) will be unused by any of the platforms Bundler is installing for. Bundler is installing for java but the dependency is only for ruby, x86-mswin32, x86-mingw32, x64-mingw32. To add those platforms to the bundle, run `bundle lock --add-platform ruby x86-mswin32 x86-mingw32 x64-mingw32`.
The dependency liquid-c (~> 4.0) will be unused by any of the platforms Bundler is installing for. Bundler is installing for java but the dependency is only for ruby, x86-mswin32, x86-mingw32, x64-mingw32. To add those platforms to the bundle, run `bundle lock --add-platform ruby x86-mswin32 x86-mingw32 x64-mingw32`.
The dependency yajl-ruby (~> 1.4) will be unused by any of the platforms Bundler is installing for. Bundler is installing for java but the dependency is only for ruby, x86-mswin32, x86-mingw32, x64-mingw32. To add those platforms to the bundle, run `bundle lock --add-platform ruby x86-mswin32 x86-mingw32 x64-mingw32`.
Fetching gem metadata from https://rubygems.org/..........
Fetching gem metadata from https://rubygems.org/.
Resolving dependencies...............
Using rake 12.3.3
Using concurrent-ruby 1.1.5
Using i18n 1.2.0
Using minitest 5.11.3
Using thread_safe 0.3.6 (java)
Using tzinfo 1.2.5
Using activesupport 5.2.3
Using public_suffix 3.1.1
Using addressable 2.6.0
Using ansi 1.5.0
Using ast 2.4.0
Using backports 3.15.0
Using builder 3.2.3
Using bundler 2.0.2
Using coderay 1.1.2
Using coffee-script-source 1.12.2
Using execjs 2.7.0
Using coffee-script 2.4.1
Using colorator 1.1.0
Using cucumber-tag_expressions 1.1.1
Using gherkin 5.1.0
Using cucumber-core 3.2.1
Using cucumber-expressions 6.0.1
Using cucumber-wire 0.0.1
Using diff-lcs 1.3
Using multi_json 1.13.1
Using multi_test 0.1.2
Using cucumber 3.1.2
Using docile 1.3.2
Using eventmachine 1.2.7 (java)
Using http_parser.rb 0.6.0 (java)
Using em-websocket 0.5.1
Using multipart-post 2.1.1
Using faraday 0.15.4
Using ffi 1.11.1 (java)
Using forwardable-extended 2.6.0
Using gemoji 3.0.1
Using nokogiri 1.10.3 (java)
Using html-pipeline 2.11.1
Using httpclient 2.8.3
Using jaro_winkler 1.5.3 (java)
Using rb-fsevent 0.10.3
Using rb-inotify 0.10.0
Using sass-listen 4.0.0
Using sass 3.7.4
Using jekyll-sass-converter 1.5.2
Using ruby_dep 1.5.0
Using listen 3.1.5
Using jekyll-watch 2.2.1
Using kramdown 2.1.0
Using kramdown-parser-gfm 1.1.0
Using liquid 4.0.3
Using mercenary 0.3.6
Using pathutil 0.16.2
Using rouge 3.7.0
Using safe_yaml 1.0.5
Using jekyll 4.0.0.pre.alpha1 from source at `.`
Using jekyll-avatar 0.6.0
Using jekyll-coffeescript 1.2.2
Using jekyll-feed 0.12.1
Using sawyer 0.8.2
Using octokit 4.14.0
Using jekyll-gist 1.5.0
Using jekyll-mentions 1.5.1
Using jekyll-paginate 1.1.0
Using jekyll-redirect-from 0.15.0
Using jekyll-seo-tag 2.6.1
Using jekyll-sitemap 1.3.1
Using jekyll_test_plugin 0.1.0
Using jekyll_test_plugin_malicious 0.2.0
Using jemoji 0.11.0
Using jruby-openssl 0.10.2 (java)
Using json 2.2.0 (java)
Using kramdown-syntax-coderay 1.0.1
Using memory_profiler 0.9.14
Using mime-types-data 3.2019.0331
Using mime-types 3.2.2
Using minitest-profile 0.0.2
Using ruby-progressbar 1.10.1
Using minitest-reporters 1.3.6
Using parallel 1.17.0
Using parser 2.6.3.0
Using rainbow 3.0.0
Using rdoc 6.1.1
Using rspec-support 3.8.2
Using rspec-core 3.8.2
Using rspec-expectations 3.8.4
Using rspec-mocks 3.8.1
Using rspec 3.8.0
Using unicode-display_width 1.6.0
Using rubocop 0.72.0
Using rubocop-performance 1.4.1
Using shoulda-context 1.2.2
Using shoulda-matchers 3.1.3
Using shoulda 3.6.0
Using simplecov-html 0.10.2
Using simplecov 0.17.0
Using test-dependency-theme 0.1.0 from source at `/home/travis/build/jekyll/jekyll/test/fixtures/test-dependency-theme`
Using test-theme 0.1.0 from source at `/home/travis/build/jekyll/jekyll/test/fixtures/test-theme`
Using test-theme-skinny 0.1.0 from source at `/home/travis/build/jekyll/jekyll/test/fixtures/test-theme-skinny`
Using test-theme-symlink 0.1.0 from source at `/home/travis/build/jekyll/jekyll/test/fixtures/test-theme-symlink`
Using tomlrb 1.2.8
Using tzinfo-data 1.2019.2
Bundle complete! 44 Gemfile dependencies, 103 gems now installed.
Gems in the groups benchmark and development were not installed.
Bundled gems are installed into `./vendor/bundle`
travis_time:end:07e03f15:start=1564691099330949143,finish=1564691121077055345,duration=21746106202[0Ktravis_fold:end:install.bundler[0K
travis_fold:start:before_script.1[0Ktravis_time:start:147bbf91[0K$ curl -L https://codeclimate.com/downloads/test-reporter/test-reporter-latest-linux-amd64 > ./cc-test-reporter
travis_time:end:147bbf91:start=1564691121083304175,finish=1564691122204556889,duration=1121252714[0Ktravis_fold:end:before_script.1[0Ktravis_fold:start:before_script.2[0Ktravis_time:start:033239a4[0K$ chmod +x ./cc-test-reporter
travis_time:end:033239a4:start=1564691122210658352,finish=1564691122216803776,duration=6145424[0Ktravis_fold:end:before_script.2[0Ktravis_fold:start:before_script.3[0Ktravis_time:start:1764016e[0K$ ./cc-test-reporter before-build
travis_time:end:1764016e:start=1564691122223218151,finish=1564691122231953522,duration=8735371[0Ktravis_fold:end:before_script.3[0Ktravis_time:start:3152611b[0K$ script/cibuild
 ---------------------------------------------------------- 
          _   ______   _  __ __     __  _        _          
         | | |  ____| | |/ / \ \   / / | |      | |         
         | | | |__    | ' /   \ \_/ /  | |      | |         
     _   | | |  __|   |  <     \   /   | |      | |         
    | |__| | | |____  | . \     | |    | |____  | |____     
     \____/  |______| |_|\_\    |_|    |______| |______|    
                                                            
 ---------------------------------------------------------- 
+ruby -S bundle exec rake TESTOPTS=--profile test
2019-08-01T20:25:24.744Z [main] WARN FilenoUtil : Native subprocess control requires open access to sun.nio.ch
Pass '--add-opens java.base/sun.nio.ch=org.jruby.dist' or '=org.jruby.core' to enable.
java.lang.IllegalCallerException: sun.nio.ch is not open to module org.jruby.dist
	at java.base/java.lang.Module.addOpens(Module.java:763)
	at org.jruby.dist/com.headius.backport9.modules.impl.Module9.addOpens(Module9.java:28)
	at org.jruby.dist/com.headius.backport9.modules.Modules.addOpens(Modules.java:22)
	at org.jruby.dist/org.jruby.util.io.FilenoUtil$ReflectiveAccess.<clinit>(FilenoUtil.java:140)
	at org.jruby.dist/org.jruby.util.io.FilenoUtil.getFilenoUsingReflection(FilenoUtil.java:111)
	at org.jruby.dist/org.jruby.util.io.FilenoUtil.filenoFrom(FilenoUtil.java:107)
	at org.jruby.dist/org.jruby.util.io.ChannelFD.initFileno(ChannelFD.java:42)
	at org.jruby.dist/org.jruby.util.io.ChannelFD.<init>(ChannelFD.java:32)
	at org.jruby.dist/org.jruby.RubyIO.<init>(RubyIO.java:174)
	at org.jruby.dist/org.jruby.RubyFile.<init>(RubyFile.java:281)
	at org.jruby.dist/org.jruby.parser.Parser.parse(Parser.java:99)
	at org.jruby.dist/org.jruby.Ruby.parseFileAndGetAST(Ruby.java:2709)
	at org.jruby.dist/org.jruby.Ruby.parseFileFromMainAndGetAST(Ruby.java:2702)
	at org.jruby.dist/org.jruby.Ruby.parseFileFromMain(Ruby.java:2686)
	at org.jruby.dist/org.jruby.Ruby.parseFromMain(Ruby.java:642)
	at org.jruby.dist/org.jruby.Ruby.runFromMain(Ruby.java:588)
	at org.jruby.dist/org.jruby.Main.doRunFromMain(Main.java:415)
	at org.jruby.dist/org.jruby.Main.internalRun(Main.java:307)
	at org.jruby.dist/org.jruby.Main.run(Main.java:234)
	at org.jruby.dist/org.jruby.Main.main(Main.java:206)
2019-08-01T20:25:30.918Z [main] WARN FilenoUtil : Native subprocess control requires open access to sun.nio.ch
Pass '--add-opens java.base/sun.nio.ch=org.jruby.dist' or '=org.jruby.core' to enable.
java.lang.IllegalCallerException: sun.nio.ch is not open to module org.jruby.dist
	at java.base/java.lang.Module.addOpens(Module.java:763)
	at org.jruby.dist/com.headius.backport9.modules.impl.Module9.addOpens(Module9.java:28)
	at org.jruby.dist/com.headius.backport9.modules.Modules.addOpens(Modules.java:22)
	at org.jruby.dist/org.jruby.util.io.FilenoUtil$ReflectiveAccess.<clinit>(FilenoUtil.java:140)
	at org.jruby.dist/org.jruby.util.io.FilenoUtil.getFilenoUsingReflection(FilenoUtil.java:111)
	at org.jruby.dist/org.jruby.util.io.FilenoUtil.filenoFrom(FilenoUtil.java:107)
	at org.jruby.dist/org.jruby.util.io.ChannelFD.initFileno(ChannelFD.java:42)
	at org.jruby.dist/org.jruby.util.io.ChannelFD.<init>(ChannelFD.java:32)
	at org.jruby.dist/org.jruby.RubyIO.<init>(RubyIO.java:174)
	at org.jruby.dist/org.jruby.RubyFile.<init>(RubyFile.java:281)
	at org.jruby.dist/org.jruby.parser.Parser.parse(Parser.java:99)
	at org.jruby.dist/org.jruby.Ruby.parseFileAndGetAST(Ruby.java:2709)
	at org.jruby.dist/org.jruby.Ruby.parseFileFromMainAndGetAST(Ruby.java:2702)
	at org.jruby.dist/org.jruby.Ruby.parseFileFromMain(Ruby.java:2686)
	at org.jruby.dist/org.jruby.Ruby.parseFromMain(Ruby.java:642)
	at org.jruby.dist/org.jruby.Ruby.runFromMain(Ruby.java:588)
	at org.jruby.dist/org.jruby.Main.doRunFromMain(Main.java:415)
	at org.jruby.dist/org.jruby.Main.internalRun(Main.java:307)
	at org.jruby.dist/org.jruby.Main.run(Main.java:234)
	at org.jruby.dist/org.jruby.Main.main(Main.java:206)
/home/travis/.rvm/rubies/jruby-9.2.7.0/bin/jruby -w -I"lib:lib:test" -I"/home/travis/build/jekyll/jekyll/vendor/bundle/jruby/2.5.0/gems/rake-12.3.3/lib" "/home/travis/build/jekyll/jekyll/vendor/bundle/jruby/2.5.0/gems/rake-12.3.3/lib/rake/rake_test_loader.rb" "test/test_ansi.rb" "test/test_cleaner.rb" "test/test_coffeescript.rb" "test/test_collections.rb" "test/test_command.rb" "test/test_commands_serve.rb" "test/test_commands_serve_servlet.rb" "test/test_configuration.rb" "test/test_convertible.rb" "test/test_data_reader.rb" "test/test_doctor_command.rb" "test/test_document.rb" "test/test_drop.rb" "test/test_entry_filter.rb" "test/test_excerpt.rb" "test/test_excerpt_drop.rb" "test/test_filters.rb" "test/test_front_matter_defaults.rb" "test/test_generated_site.rb" "test/test_kramdown.rb" "test/test_layout_reader.rb" "test/test_liquid_extensions.rb" "test/test_liquid_renderer.rb" "test/test_log_adapter.rb" "test/test_new_command.rb" "test/test_page.rb" "test/test_page_without_a_file.rb" "test/test_path_sanitization.rb" "test/test_plugin_manager.rb" "test/test_post_reader.rb" "test/test_regenerator.rb" "test/test_related_posts.rb" "test/test_sass.rb" "test/test_site.rb" "test/test_site_drop.rb" "test/test_static_file.rb" "test/test_tags.rb" "test/test_theme.rb" "test/test_theme_assets_reader.rb" "test/test_url.rb" "test/test_utils.rb" --profile
/home/travis/.rvm/rubies/jruby-9.2.7.0/lib/ruby/stdlib/rubygems/text.rb:2: warning: loading in progress, circular require considered harmful - /home/travis/.rvm/rubies/jruby-9.2.7.0/lib/ruby/stdlib/rubygems.rb/home/travis/.rvm/rubies/jruby-9.2.7.0/lib/ruby/stdlib/rubygems/text.rb:2:in `require'
/home/travis/.rvm/rubies/jruby-9.2.7.0/lib/ruby/stdlib/rubygems/text.rb:2:in `<main>'
/home/travis/.rvm/rubies/jruby-9.2.7.0/lib/ruby/stdlib/rubygems/user_interaction.rb:1:in `require'
/home/travis/.rvm/rubies/jruby-9.2.7.0/lib/ruby/stdlib/rubygems/user_interaction.rb:1:in `<main>'
/home/travis/.rvm/rubies/jruby-9.2.7.0/lib/ruby/stdlib/rubygems/user_interaction.rb:10:in `require'
/home/travis/.rvm/rubies/jruby-9.2.7.0/lib/ruby/stdlib/rubygems/user_interaction.rb:10:in `<main>'
/home/travis/.rvm/rubies/jruby-9.2.7.0/lib/ruby/stdlib/rubygems/config_file.rb:1:in `<main>'
/home/travis/.rvm/rubies/jruby-9.2.7.0/lib/ruby/stdlib/rubygems/config_file.rb:8:in `require'
/home/travis/.rvm/rubies/jruby-9.2.7.0/lib/ruby/stdlib/rubygems/config_file.rb:8:in `<main>'
/home/travis/.rvm/rubies/jruby-9.2.7.0/lib/ruby/stdlib/rubygems/defaults/jruby_native.rb:1:in `require'
/home/travis/.rvm/rubies/jruby-9.2.7.0/lib/ruby/stdlib/rubygems/defaults/jruby_native.rb:1:in `<main>'
/home/travis/.rvm/rubies/jruby-9.2.7.0/lib/ruby/stdlib/rubygems/defaults/jruby_native.rb:1:in `require'
/home/travis/.rvm/rubies/jruby-9.2.7.0/lib/ruby/stdlib/rubygems/defaults/jruby_native.rb:1:in `<main>'
/home/travis/.rvm/rubies/jruby-9.2.7.0/lib/ruby/stdlib/rubygems/defaults/jruby.rb:1:in `require'
/home/travis/.rvm/rubies/jruby-9.2.7.0/lib/ruby/stdlib/rubygems/defaults/jruby.rb:1:in `<main>'
/home/travis/.rvm/rubies/jruby-9.2.7.0/lib/ruby/stdlib/rubygems/defaults/jruby.rb:122:in `load'
/home/travis/.rvm/rubies/jruby-9.2.7.0/lib/ruby/stdlib/rubygems/defaults/jruby.rb:122:in `<main>'

2019-08-01T20:25:37.580Z [main] WARN FilenoUtil : Native subprocess control requires open access to sun.nio.ch
Pass '--add-opens java.base/sun.nio.ch=org.jruby.dist' or '=org.jruby.core' to enable.
java.lang.IllegalCallerException: sun.nio.ch is not open to module org.jruby.dist
	at java.base/java.lang.Module.addOpens(Module.java:763)
	at org.jruby.dist/com.headius.backport9.modules.impl.Module9.addOpens(Module9.java:28)
	at org.jruby.dist/com.headius.backport9.modules.Modules.addOpens(Modules.java:22)
	at org.jruby.dist/org.jruby.util.io.FilenoUtil$ReflectiveAccess.<clinit>(FilenoUtil.java:140)
	at org.jruby.dist/org.jruby.util.io.FilenoUtil.getFilenoUsingReflection(FilenoUtil.java:111)
	at org.jruby.dist/org.jruby.util.io.FilenoUtil.filenoFrom(FilenoUtil.java:107)
	at org.jruby.dist/org.jruby.util.io.ChannelFD.initFileno(ChannelFD.java:42)
	at org.jruby.dist/org.jruby.util.io.ChannelFD.<init>(ChannelFD.java:32)
	at org.jruby.dist/org.jruby.RubyIO.<init>(RubyIO.java:174)
	at org.jruby.dist/org.jruby.RubyFile.<init>(RubyFile.java:281)
	at org.jruby.dist/org.jruby.parser.Parser.parse(Parser.java:99)
	at org.jruby.dist/org.jruby.Ruby.parseFileAndGetAST(Ruby.java:2709)
	at org.jruby.dist/org.jruby.Ruby.parseFileFromMainAndGetAST(Ruby.java:2702)
	at org.jruby.dist/org.jruby.Ruby.parseFileFromMain(Ruby.java:2686)
	at org.jruby.dist/org.jruby.Ruby.parseFromMain(Ruby.java:642)
	at org.jruby.dist/org.jruby.Ruby.runFromMain(Ruby.java:588)
	at org.jruby.dist/org.jruby.Main.doRunFromMain(Main.java:415)
	at org.jruby.dist/org.jruby.Main.internalRun(Main.java:307)
	at org.jruby.dist/org.jruby.Main.run(Main.java:234)
	at org.jruby.dist/org.jruby.Main.main(Main.java:206)
# -------------------------------------------------------------
# SPECS AND TESTS ARE RUNNING WITH WARNINGS OFF.
# SEE: https://github.com/Shopify/liquid/issues/730
# SEE: https://github.com/jekyll/jekyll/issues/4719
# -------------------------------------------------------------
WARNING: An illegal reflective access operation has occurred
WARNING: Illegal reflective access by org.jruby.ext.openssl.SecurityHelper (file:/home/travis/.rvm/rubies/jruby-9.2.7.0/lib/ruby/gems/shared/gems/jruby-openssl-0.10.2-java/lib/jopenssl.jar) to constructor java.security.cert.CertificateFactory(java.security.cert.CertificateFactorySpi,java.security.Provider,java.lang.String)
WARNING: Please consider reporting this to the maintainers of org.jruby.ext.openssl.SecurityHelper
WARNING: Use --illegal-access=warn to enable warnings of further illegal reflective access operations
WARNING: All illegal access operations will be denied in a future release

# Running tests with run options --profile --seed 22702:

.........................................................................................................................................................................................................................................................SSS.......................................................................................................................................................S..S.S....S...........................................................................................................................................................................................................................................................2019-08-01T20:28:55.414Z [main] WARN FilenoUtil : Native subprocess control requires open access to sun.nio.ch
Pass '--add-opens java.base/sun.nio.ch=org.jruby.dist' or '=org.jruby.core' to enable.
java.lang.IllegalCallerException: sun.nio.ch is not open to module org.jruby.dist
	at java.base/java.lang.Module.addOpens(Module.java:763)
	at org.jruby.dist/com.headius.backport9.modules.impl.Module9.addOpens(Module9.java:28)
	at org.jruby.dist/com.headius.backport9.modules.Modules.addOpens(Modules.java:22)
	at org.jruby.dist/org.jruby.util.io.FilenoUtil$ReflectiveAccess.<clinit>(FilenoUtil.java:140)
	at org.jruby.dist/org.jruby.util.io.FilenoUtil.getFilenoUsingReflection(FilenoUtil.java:111)
	at org.jruby.dist/org.jruby.util.io.FilenoUtil.filenoFrom(FilenoUtil.java:107)
	at org.jruby.dist/org.jruby.util.io.ChannelFD.initFileno(ChannelFD.java:42)
	at org.jruby.dist/org.jruby.util.io.ChannelFD.<init>(ChannelFD.java:32)
	at org.jruby.dist/org.jruby.RubyIO.<init>(RubyIO.java:174)
	at org.jruby.dist/org.jruby.RubyFile.<init>(RubyFile.java:281)
	at org.jruby.dist/org.jruby.parser.Parser.parse(Parser.java:99)
	at org.jruby.dist/org.jruby.Ruby.parseFileAndGetAST(Ruby.java:2709)
	at org.jruby.dist/org.jruby.Ruby.parseFileFromMainAndGetAST(Ruby.java:2702)
	at org.jruby.dist/org.jruby.Ruby.parseFileFromMain(Ruby.java:2686)
	at org.jruby.dist/org.jruby.Ruby.parseFromMain(Ruby.java:642)
	at org.jruby.dist/org.jruby.Ruby.runFromMain(Ruby.java:588)
	at org.jruby.dist/org.jruby.Main.doRunFromMain(Main.java:415)
	at org.jruby.dist/org.jruby.Main.internalRun(Main.java:307)
	at org.jruby.dist/org.jruby.Main.run(Main.java:234)
	at org.jruby.dist/org.jruby.Main.main(Main.java:206)
WARNING: An illegal reflective access operation has occurred
WARNING: Illegal reflective access by org.jruby.ext.openssl.SecurityHelper (file:/home/travis/.rvm/rubies/jruby-9.2.7.0/lib/ruby/gems/shared/gems/jruby-openssl-0.10.2-java/lib/jopenssl.jar) to constructor java.security.cert.CertificateFactory(java.security.cert.CertificateFactorySpi,java.security.Provider,java.lang.String)
WARNING: Please consider reporting this to the maintainers of org.jruby.ext.openssl.SecurityHelper
WARNING: Use --illegal-access=warn to enable warnings of further illegal reflective access operations
WARNING: All illegal access operations will be denied in a future release
The dependency classifier-reborn (~> 2.2) will be unused by any of the platforms Bundler is installing for. Bundler is installing for java but the dependency is only for ruby, x86-mswin32, x86-mingw32, x64-mingw32. To add those platforms to the bundle, run `bundle lock --add-platform ruby x86-mswin32 x86-mingw32 x64-mingw32`.
The dependency liquid-c (~> 4.0) will be unused by any of the platforms Bundler is installing for. Bundler is installing for java but the dependency is only for ruby, x86-mswin32, x86-mingw32, x64-mingw32. To add those platforms to the bundle, run `bundle lock --add-platform ruby x86-mswin32 x86-mingw32 x64-mingw32`.
The dependency yajl-ruby (~> 1.4) will be unused by any of the platforms Bundler is installing for. Bundler is installing for java but the dependency is only for ruby, x86-mswin32, x86-mingw32, x64-mingw32. To add those platforms to the bundle, run `bundle lock --add-platform ruby x86-mswin32 x86-mingw32 x64-mingw32`.
Using rake 12.3.3
Using concurrent-ruby 1.1.5
Using i18n 1.2.0
Using minitest 5.11.3
Using thread_safe 0.3.6 (java)
Using tzinfo 1.2.5
Using activesupport 5.2.3
Using public_suffix 3.1.1
Using addressable 2.6.0
Using ansi 1.5.0
Using ast 2.4.0
Using backports 3.15.0
Using builder 3.2.3
Using bundler 2.0.2
Using coderay 1.1.2
Using coffee-script-source 1.12.2
Using execjs 2.7.0
Using coffee-script 2.4.1
Using colorator 1.1.0
Using cucumber-tag_expressions 1.1.1
Using gherkin 5.1.0
Using cucumber-core 3.2.1
Using cucumber-expressions 6.0.1
Using cucumber-wire 0.0.1
Using diff-lcs 1.3
Using multi_json 1.13.1
Using multi_test 0.1.2
Using cucumber 3.1.2
Using docile 1.3.2
Using eventmachine 1.2.7 (java)
Using http_parser.rb 0.6.0 (java)
Using em-websocket 0.5.1
Using multipart-post 2.1.1
Using faraday 0.15.4
Using ffi 1.11.1 (java)
Using forwardable-extended 2.6.0
Using gemoji 3.0.1
Using nokogiri 1.10.3 (java)
Using html-pipeline 2.11.1
Using httpclient 2.8.3
Using jaro_winkler 1.5.3 (java)
Using rb-fsevent 0.10.3
Using rb-inotify 0.10.0
Using sass-listen 4.0.0
Using sass 3.7.4
Using jekyll-sass-converter 1.5.2
Using ruby_dep 1.5.0
Using listen 3.1.5
Using jekyll-watch 2.2.1
Using kramdown 2.1.0
Using kramdown-parser-gfm 1.1.0
Using liquid 4.0.3
Using mercenary 0.3.6
Using pathutil 0.16.2
Using rouge 3.7.0
Using safe_yaml 1.0.5
Using jekyll 4.0.0.pre.alpha1 from source at `.`
Using jekyll-avatar 0.6.0
Using jekyll-coffeescript 1.2.2
Using jekyll-feed 0.12.1
Using sawyer 0.8.2
Using octokit 4.14.0
Using jekyll-gist 1.5.0
Using jekyll-mentions 1.5.1
Using jekyll-paginate 1.1.0
Using jekyll-redirect-from 0.15.0
Using jekyll-seo-tag 2.6.1
Using jekyll-sitemap 1.3.1
Using jekyll_test_plugin 0.1.0
Using jekyll_test_plugin_malicious 0.2.0
Using jemoji 0.11.0
Using jruby-openssl 0.10.2 (java)
Using json 2.2.0 (java)
Using kramdown-syntax-coderay 1.0.1
Using memory_profiler 0.9.14
Using mime-types-data 3.2019.0331
Using mime-types 3.2.2
Using minitest-profile 0.0.2
Using ruby-progressbar 1.10.1
Using minitest-reporters 1.3.6
Using parallel 1.17.0
Using parser 2.6.3.0
Using rainbow 3.0.0
Using rdoc 6.1.1
Using rspec-support 3.8.2
Using rspec-core 3.8.2
Using rspec-expectations 3.8.4
Using rspec-mocks 3.8.1
Using rspec 3.8.0
Using unicode-display_width 1.6.0
Using rubocop 0.72.0
Using rubocop-performance 1.4.1
Using shoulda-context 1.2.2
Using shoulda-matchers 3.1.3
Using shoulda 3.6.0
Using simplecov-html 0.10.2
Using simplecov 0.17.0
Using test-dependency-theme 0.1.0 from source at `test/fixtures/test-dependency-theme`
Using test-theme 0.1.0 from source at `test/fixtures/test-theme`
Using test-theme-skinny 0.1.0 from source at `test/fixtures/test-theme-skinny`
Using test-theme-symlink 0.1.0 from source at `test/fixtures/test-theme-symlink`
Using tomlrb 1.2.8
Using tzinfo-data 1.2019.2
Bundle complete! 44 Gemfile dependencies, 103 gems now installed.
Gems in the groups benchmark and development were not installed.
Bundled gems are installed into `../vendor/bundle`
.2019-08-01T20:29:03.956Z [main] WARN FilenoUtil : Native subprocess control requires open access to sun.nio.ch
Pass '--add-opens java.base/sun.nio.ch=org.jruby.dist' or '=org.jruby.core' to enable.
java.lang.IllegalCallerException: sun.nio.ch is not open to module org.jruby.dist
	at java.base/java.lang.Module.addOpens(Module.java:763)
	at org.jruby.dist/com.headius.backport9.modules.impl.Module9.addOpens(Module9.java:28)
	at org.jruby.dist/com.headius.backport9.modules.Modules.addOpens(Modules.java:22)
	at org.jruby.dist/org.jruby.util.io.FilenoUtil$ReflectiveAccess.<clinit>(FilenoUtil.java:140)
	at org.jruby.dist/org.jruby.util.io.FilenoUtil.getFilenoUsingReflection(FilenoUtil.java:111)
	at org.jruby.dist/org.jruby.util.io.FilenoUtil.filenoFrom(FilenoUtil.java:107)
	at org.jruby.dist/org.jruby.util.io.ChannelFD.initFileno(ChannelFD.java:42)
	at org.jruby.dist/org.jruby.util.io.ChannelFD.<init>(ChannelFD.java:32)
	at org.jruby.dist/org.jruby.RubyIO.<init>(RubyIO.java:174)
	at org.jruby.dist/org.jruby.RubyFile.<init>(RubyFile.java:281)
	at org.jruby.dist/org.jruby.parser.Parser.parse(Parser.java:99)
	at org.jruby.dist/org.jruby.Ruby.parseFileAndGetAST(Ruby.java:2709)
	at org.jruby.dist/org.jruby.Ruby.parseFileFromMainAndGetAST(Ruby.java:2702)
	at org.jruby.dist/org.jruby.Ruby.parseFileFromMain(Ruby.java:2686)
	at org.jruby.dist/org.jruby.Ruby.parseFromMain(Ruby.java:642)
	at org.jruby.dist/org.jruby.Ruby.runFromMain(Ruby.java:588)
	at org.jruby.dist/org.jruby.Main.doRunFromMain(Main.java:415)
	at org.jruby.dist/org.jruby.Main.internalRun(Main.java:307)
	at org.jruby.dist/org.jruby.Main.run(Main.java:234)
	at org.jruby.dist/org.jruby.Main.main(Main.java:206)
WARNING: An illegal reflective access operation has occurred
WARNING: Illegal reflective access by org.jruby.ext.openssl.SecurityHelper (file:/home/travis/.rvm/rubies/jruby-9.2.7.0/lib/ruby/gems/shared/gems/jruby-openssl-0.10.2-java/lib/jopenssl.jar) to constructor java.security.cert.CertificateFactory(java.security.cert.CertificateFactorySpi,java.security.Provider,java.lang.String)
WARNING: Please consider reporting this to the maintainers of org.jruby.ext.openssl.SecurityHelper
WARNING: Use --illegal-access=warn to enable warnings of further illegal reflective access operations
WARNING: All illegal access operations will be denied in a future release
The dependency classifier-reborn (~> 2.2) will be unused by any of the platforms Bundler is installing for. Bundler is installing for java but the dependency is only for ruby, x86-mswin32, x86-mingw32, x64-mingw32. To add those platforms to the bundle, run `bundle lock --add-platform ruby x86-mswin32 x86-mingw32 x64-mingw32`.
The dependency liquid-c (~> 4.0) will be unused by any of the platforms Bundler is installing for. Bundler is installing for java but the dependency is only for ruby, x86-mswin32, x86-mingw32, x64-mingw32. To add those platforms to the bundle, run `bundle lock --add-platform ruby x86-mswin32 x86-mingw32 x64-mingw32`.
The dependency yajl-ruby (~> 1.4) will be unused by any of the platforms Bundler is installing for. Bundler is installing for java but the dependency is only for ruby, x86-mswin32, x86-mingw32, x64-mingw32. To add those platforms to the bundle, run `bundle lock --add-platform ruby x86-mswin32 x86-mingw32 x64-mingw32`.
Using rake 12.3.3
Using concurrent-ruby 1.1.5
Using i18n 1.2.0
Using minitest 5.11.3
Using thread_safe 0.3.6 (java)
Using tzinfo 1.2.5
Using activesupport 5.2.3
Using public_suffix 3.1.1
Using addressable 2.6.0
Using ansi 1.5.0
Using ast 2.4.0
Using backports 3.15.0
Using builder 3.2.3
Using bundler 2.0.2
Using coderay 1.1.2
Using coffee-script-source 1.12.2
Using execjs 2.7.0
Using coffee-script 2.4.1
Using colorator 1.1.0
Using cucumber-tag_expressions 1.1.1
Using gherkin 5.1.0
Using cucumber-core 3.2.1
Using cucumber-expressions 6.0.1
Using cucumber-wire 0.0.1
Using diff-lcs 1.3
Using multi_json 1.13.1
Using multi_test 0.1.2
Using cucumber 3.1.2
Using docile 1.3.2
Using eventmachine 1.2.7 (java)
Using http_parser.rb 0.6.0 (java)
Using em-websocket 0.5.1
Using multipart-post 2.1.1
Using faraday 0.15.4
Using ffi 1.11.1 (java)
Using forwardable-extended 2.6.0
Using gemoji 3.0.1
Using nokogiri 1.10.3 (java)
Using html-pipeline 2.11.1
Using httpclient 2.8.3
Using jaro_winkler 1.5.3 (java)
Using rb-fsevent 0.10.3
Using rb-inotify 0.10.0
Using sass-listen 4.0.0
Using sass 3.7.4
Using jekyll-sass-converter 1.5.2
Using ruby_dep 1.5.0
Using listen 3.1.5
Using jekyll-watch 2.2.1
Using kramdown 2.1.0
Using kramdown-parser-gfm 1.1.0
Using liquid 4.0.3
Using mercenary 0.3.6
Using pathutil 0.16.2
Using rouge 3.7.0
Using safe_yaml 1.0.5
Using jekyll 4.0.0.pre.alpha1 from source at `.`
Using jekyll-avatar 0.6.0
Using jekyll-coffeescript 1.2.2
Using jekyll-feed 0.12.1
Using sawyer 0.8.2
Using octokit 4.14.0
Using jekyll-gist 1.5.0
Using jekyll-mentions 1.5.1
Using jekyll-paginate 1.1.0
Using jekyll-redirect-from 0.15.0
Using jekyll-seo-tag 2.6.1
Using jekyll-sitemap 1.3.1
Using jekyll_test_plugin 0.1.0
Using jekyll_test_plugin_malicious 0.2.0
Using jemoji 0.11.0
Using jruby-openssl 0.10.2 (java)
Using json 2.2.0 (java)
Using kramdown-syntax-coderay 1.0.1
Using memory_profiler 0.9.14
Using mime-types-data 3.2019.0331
Using mime-types 3.2.2
Using minitest-profile 0.0.2
Using ruby-progressbar 1.10.1
Using minitest-reporters 1.3.6
Using parallel 1.17.0
Using parser 2.6.3.0
Using rainbow 3.0.0
Using rdoc 6.1.1
Using rspec-support 3.8.2
Using rspec-core 3.8.2
Using rspec-expectations 3.8.4
Using rspec-mocks 3.8.1
Using rspec 3.8.0
Using unicode-display_width 1.6.0
Using rubocop 0.72.0
Using rubocop-performance 1.4.1
Using shoulda-context 1.2.2
Using shoulda-matchers 3.1.3
Using shoulda 3.6.0
Using simplecov-html 0.10.2
Using simplecov 0.17.0
Using test-dependency-theme 0.1.0 from source at `test/fixtures/test-dependency-theme`
Using test-theme 0.1.0 from source at `test/fixtures/test-theme`
Using test-theme-skinny 0.1.0 from source at `test/fixtures/test-theme-skinny`
Using test-theme-symlink 0.1.0 from source at `test/fixtures/test-theme-symlink`
Using tomlrb 1.2.8
Using tzinfo-data 1.2019.2
Bundle complete! 44 Gemfile dependencies, 103 gems now installed.
Gems in the groups benchmark and development were not installed.
Bundled gems are installed into `../vendor/bundle`
.2019-08-01T20:29:12.359Z [main] WARN FilenoUtil : Native subprocess control requires open access to sun.nio.ch
Pass '--add-opens java.base/sun.nio.ch=org.jruby.dist' or '=org.jruby.core' to enable.
java.lang.IllegalCallerException: sun.nio.ch is not open to module org.jruby.dist
	at java.base/java.lang.Module.addOpens(Module.java:763)
	at org.jruby.dist/com.headius.backport9.modules.impl.Module9.addOpens(Module9.java:28)
	at org.jruby.dist/com.headius.backport9.modules.Modules.addOpens(Modules.java:22)
	at org.jruby.dist/org.jruby.util.io.FilenoUtil$ReflectiveAccess.<clinit>(FilenoUtil.java:140)
	at org.jruby.dist/org.jruby.util.io.FilenoUtil.getFilenoUsingReflection(FilenoUtil.java:111)
	at org.jruby.dist/org.jruby.util.io.FilenoUtil.filenoFrom(FilenoUtil.java:107)
	at org.jruby.dist/org.jruby.util.io.ChannelFD.initFileno(ChannelFD.java:42)
	at org.jruby.dist/org.jruby.util.io.ChannelFD.<init>(ChannelFD.java:32)
	at org.jruby.dist/org.jruby.RubyIO.<init>(RubyIO.java:174)
	at org.jruby.dist/org.jruby.RubyFile.<init>(RubyFile.java:281)
	at org.jruby.dist/org.jruby.parser.Parser.parse(Parser.java:99)
	at org.jruby.dist/org.jruby.Ruby.parseFileAndGetAST(Ruby.java:2709)
	at org.jruby.dist/org.jruby.Ruby.parseFileFromMainAndGetAST(Ruby.java:2702)
	at org.jruby.dist/org.jruby.Ruby.parseFileFromMain(Ruby.java:2686)
	at org.jruby.dist/org.jruby.Ruby.parseFromMain(Ruby.java:642)
	at org.jruby.dist/org.jruby.Ruby.runFromMain(Ruby.java:588)
	at org.jruby.dist/org.jruby.Main.doRunFromMain(Main.java:415)
	at org.jruby.dist/org.jruby.Main.internalRun(Main.java:307)
	at org.jruby.dist/org.jruby.Main.run(Main.java:234)
	at org.jruby.dist/org.jruby.Main.main(Main.java:206)
WARNING: An illegal reflective access operation has occurred
WARNING: Illegal reflective access by org.jruby.ext.openssl.SecurityHelper (file:/home/travis/.rvm/rubies/jruby-9.2.7.0/lib/ruby/gems/shared/gems/jruby-openssl-0.10.2-java/lib/jopenssl.jar) to constructor java.security.cert.CertificateFactory(java.security.cert.CertificateFactorySpi,java.security.Provider,java.lang.String)
WARNING: Please consider reporting this to the maintainers of org.jruby.ext.openssl.SecurityHelper
WARNING: Use --illegal-access=warn to enable warnings of further illegal reflective access operations
WARNING: All illegal access operations will be denied in a future release
The dependency classifier-reborn (~> 2.2) will be unused by any of the platforms Bundler is installing for. Bundler is installing for java but the dependency is only for ruby, x86-mswin32, x86-mingw32, x64-mingw32. To add those platforms to the bundle, run `bundle lock --add-platform ruby x86-mswin32 x86-mingw32 x64-mingw32`.
The dependency liquid-c (~> 4.0) will be unused by any of the platforms Bundler is installing for. Bundler is installing for java but the dependency is only for ruby, x86-mswin32, x86-mingw32, x64-mingw32. To add those platforms to the bundle, run `bundle lock --add-platform ruby x86-mswin32 x86-mingw32 x64-mingw32`.
The dependency yajl-ruby (~> 1.4) will be unused by any of the platforms Bundler is installing for. Bundler is installing for java but the dependency is only for ruby, x86-mswin32, x86-mingw32, x64-mingw32. To add those platforms to the bundle, run `bundle lock --add-platform ruby x86-mswin32 x86-mingw32 x64-mingw32`.
Using rake 12.3.3
Using concurrent-ruby 1.1.5
Using i18n 1.2.0
Using minitest 5.11.3
Using thread_safe 0.3.6 (java)
Using tzinfo 1.2.5
Using activesupport 5.2.3
Using public_suffix 3.1.1
Using addressable 2.6.0
Using ansi 1.5.0
Using ast 2.4.0
Using backports 3.15.0
Using builder 3.2.3
Using bundler 2.0.2
Using coderay 1.1.2
Using coffee-script-source 1.12.2
Using execjs 2.7.0
Using coffee-script 2.4.1
Using colorator 1.1.0
Using cucumber-tag_expressions 1.1.1
Using gherkin 5.1.0
Using cucumber-core 3.2.1
Using cucumber-expressions 6.0.1
Using cucumber-wire 0.0.1
Using diff-lcs 1.3
Using multi_json 1.13.1
Using multi_test 0.1.2
Using cucumber 3.1.2
Using docile 1.3.2
Using eventmachine 1.2.7 (java)
Using http_parser.rb 0.6.0 (java)
Using em-websocket 0.5.1
Using multipart-post 2.1.1
Using faraday 0.15.4
Using ffi 1.11.1 (java)
Using forwardable-extended 2.6.0
Using gemoji 3.0.1
Using nokogiri 1.10.3 (java)
Using html-pipeline 2.11.1
Using httpclient 2.8.3
Using jaro_winkler 1.5.3 (java)
Using rb-fsevent 0.10.3
Using rb-inotify 0.10.0
Using sass-listen 4.0.0
Using sass 3.7.4
Using jekyll-sass-converter 1.5.2
Using ruby_dep 1.5.0
Using listen 3.1.5
Using jekyll-watch 2.2.1
Using kramdown 2.1.0
Using kramdown-parser-gfm 1.1.0
Using liquid 4.0.3
Using mercenary 0.3.6
Using pathutil 0.16.2
Using rouge 3.7.0
Using safe_yaml 1.0.5
Using jekyll 4.0.0.pre.alpha1 from source at `.`
Using jekyll-avatar 0.6.0
Using jekyll-coffeescript 1.2.2
Using jekyll-feed 0.12.1
Using sawyer 0.8.2
Using octokit 4.14.0
Using jekyll-gist 1.5.0
Using jekyll-mentions 1.5.1
Using jekyll-paginate 1.1.0
Using jekyll-redirect-from 0.15.0
Using jekyll-seo-tag 2.6.1
Using jekyll-sitemap 1.3.1
Using jekyll_test_plugin 0.1.0
Using jekyll_test_plugin_malicious 0.2.0
Using jemoji 0.11.0
Using jruby-openssl 0.10.2 (java)
Using json 2.2.0 (java)
Using kramdown-syntax-coderay 1.0.1
Using memory_profiler 0.9.14
Using mime-types-data 3.2019.0331
Using mime-types 3.2.2
Using minitest-profile 0.0.2
Using ruby-progressbar 1.10.1
Using minitest-reporters 1.3.6
Using parallel 1.17.0
Using parser 2.6.3.0
Using rainbow 3.0.0
Using rdoc 6.1.1
Using rspec-support 3.8.2
Using rspec-core 3.8.2
Using rspec-expectations 3.8.4
Using rspec-mocks 3.8.1
Using rspec 3.8.0
Using unicode-display_width 1.6.0
Using rubocop 0.72.0
Using rubocop-performance 1.4.1
Using shoulda-context 1.2.2
Using shoulda-matchers 3.1.3
Using shoulda 3.6.0
Using simplecov-html 0.10.2
Using simplecov 0.17.0
Using test-dependency-theme 0.1.0 from source at `test/fixtures/test-dependency-theme`
Using test-theme 0.1.0 from source at `test/fixtures/test-theme`
Using test-theme-skinny 0.1.0 from source at `test/fixtures/test-theme-skinny`
Using test-theme-symlink 0.1.0 from source at `test/fixtures/test-theme-symlink`
Using tomlrb 1.2.8
Using tzinfo-data 1.2019.2
Bundle complete! 44 Gemfile dependencies, 103 gems now installed.
Gems in the groups benchmark and development were not installed.
Bundled gems are installed into `../vendor/bundle`
.2019-08-01T20:29:20.188Z [main] WARN FilenoUtil : Native subprocess control requires open access to sun.nio.ch
Pass '--add-opens java.base/sun.nio.ch=org.jruby.dist' or '=org.jruby.core' to enable.
java.lang.IllegalCallerException: sun.nio.ch is not open to module org.jruby.dist
	at java.base/java.lang.Module.addOpens(Module.java:763)
	at org.jruby.dist/com.headius.backport9.modules.impl.Module9.addOpens(Module9.java:28)
	at org.jruby.dist/com.headius.backport9.modules.Modules.addOpens(Modules.java:22)
	at org.jruby.dist/org.jruby.util.io.FilenoUtil$ReflectiveAccess.<clinit>(FilenoUtil.java:140)
	at org.jruby.dist/org.jruby.util.io.FilenoUtil.getFilenoUsingReflection(FilenoUtil.java:111)
	at org.jruby.dist/org.jruby.util.io.FilenoUtil.filenoFrom(FilenoUtil.java:107)
	at org.jruby.dist/org.jruby.util.io.ChannelFD.initFileno(ChannelFD.java:42)
	at org.jruby.dist/org.jruby.util.io.ChannelFD.<init>(ChannelFD.java:32)
	at org.jruby.dist/org.jruby.RubyIO.<init>(RubyIO.java:174)
	at org.jruby.dist/org.jruby.RubyFile.<init>(RubyFile.java:281)
	at org.jruby.dist/org.jruby.parser.Parser.parse(Parser.java:99)
	at org.jruby.dist/org.jruby.Ruby.parseFileAndGetAST(Ruby.java:2709)
	at org.jruby.dist/org.jruby.Ruby.parseFileFromMainAndGetAST(Ruby.java:2702)
	at org.jruby.dist/org.jruby.Ruby.parseFileFromMain(Ruby.java:2686)
	at org.jruby.dist/org.jruby.Ruby.parseFromMain(Ruby.java:642)
	at org.jruby.dist/org.jruby.Ruby.runFromMain(Ruby.java:588)
	at org.jruby.dist/org.jruby.Main.doRunFromMain(Main.java:415)
	at org.jruby.dist/org.jruby.Main.internalRun(Main.java:307)
	at org.jruby.dist/org.jruby.Main.run(Main.java:234)
	at org.jruby.dist/org.jruby.Main.main(Main.java:206)
WARNING: An illegal reflective access operation has occurred
WARNING: Illegal reflective access by org.jruby.ext.openssl.SecurityHelper (file:/home/travis/.rvm/rubies/jruby-9.2.7.0/lib/ruby/gems/shared/gems/jruby-openssl-0.10.2-java/lib/jopenssl.jar) to constructor java.security.cert.CertificateFactory(java.security.cert.CertificateFactorySpi,java.security.Provider,java.lang.String)
WARNING: Please consider reporting this to the maintainers of org.jruby.ext.openssl.SecurityHelper
WARNING: Use --illegal-access=warn to enable warnings of further illegal reflective access operations
WARNING: All illegal access operations will be denied in a future release
The dependency classifier-reborn (~> 2.2) will be unused by any of the platforms Bundler is installing for. Bundler is installing for java but the dependency is only for ruby, x86-mswin32, x86-mingw32, x64-mingw32. To add those platforms to the bundle, run `bundle lock --add-platform ruby x86-mswin32 x86-mingw32 x64-mingw32`.
The dependency liquid-c (~> 4.0) will be unused by any of the platforms Bundler is installing for. Bundler is installing for java but the dependency is only for ruby, x86-mswin32, x86-mingw32, x64-mingw32. To add those platforms to the bundle, run `bundle lock --add-platform ruby x86-mswin32 x86-mingw32 x64-mingw32`.
The dependency yajl-ruby (~> 1.4) will be unused by any of the platforms Bundler is installing for. Bundler is installing for java but the dependency is only for ruby, x86-mswin32, x86-mingw32, x64-mingw32. To add those platforms to the bundle, run `bundle lock --add-platform ruby x86-mswin32 x86-mingw32 x64-mingw32`.
Using rake 12.3.3
Using concurrent-ruby 1.1.5
Using i18n 1.2.0
Using minitest 5.11.3
Using thread_safe 0.3.6 (java)
Using tzinfo 1.2.5
Using activesupport 5.2.3
Using public_suffix 3.1.1
Using addressable 2.6.0
Using ansi 1.5.0
Using ast 2.4.0
Using backports 3.15.0
Using builder 3.2.3
Using bundler 2.0.2
Using coderay 1.1.2
Using coffee-script-source 1.12.2
Using execjs 2.7.0
Using coffee-script 2.4.1
Using colorator 1.1.0
Using cucumber-tag_expressions 1.1.1
Using gherkin 5.1.0
Using cucumber-core 3.2.1
Using cucumber-expressions 6.0.1
Using cucumber-wire 0.0.1
Using diff-lcs 1.3
Using multi_json 1.13.1
Using multi_test 0.1.2
Using cucumber 3.1.2
Using docile 1.3.2
Using eventmachine 1.2.7 (java)
Using http_parser.rb 0.6.0 (java)
Using em-websocket 0.5.1
Using multipart-post 2.1.1
Using faraday 0.15.4
Using ffi 1.11.1 (java)
Using forwardable-extended 2.6.0
Using gemoji 3.0.1
Using nokogiri 1.10.3 (java)
Using html-pipeline 2.11.1
Using httpclient 2.8.3
Using jaro_winkler 1.5.3 (java)
Using rb-fsevent 0.10.3
Using rb-inotify 0.10.0
Using sass-listen 4.0.0
Using sass 3.7.4
Using jekyll-sass-converter 1.5.2
Using ruby_dep 1.5.0
Using listen 3.1.5
Using jekyll-watch 2.2.1
Using kramdown 2.1.0
Using kramdown-parser-gfm 1.1.0
Using liquid 4.0.3
Using mercenary 0.3.6
Using pathutil 0.16.2
Using rouge 3.7.0
Using safe_yaml 1.0.5
Using jekyll 4.0.0.pre.alpha1 from source at `.`
Using jekyll-avatar 0.6.0
Using jekyll-coffeescript 1.2.2
Using jekyll-feed 0.12.1
Using sawyer 0.8.2
Using octokit 4.14.0
Using jekyll-gist 1.5.0
Using jekyll-mentions 1.5.1
Using jekyll-paginate 1.1.0
Using jekyll-redirect-from 0.15.0
Using jekyll-seo-tag 2.6.1
Using jekyll-sitemap 1.3.1
Using jekyll_test_plugin 0.1.0
Using jekyll_test_plugin_malicious 0.2.0
Using jemoji 0.11.0
Using jruby-openssl 0.10.2 (java)
Using json 2.2.0 (java)
Using kramdown-syntax-coderay 1.0.1
Using memory_profiler 0.9.14
Using mime-types-data 3.2019.0331
Using mime-types 3.2.2
Using minitest-profile 0.0.2
Using ruby-progressbar 1.10.1
Using minitest-reporters 1.3.6
Using parallel 1.17.0
Using parser 2.6.3.0
Using rainbow 3.0.0
Using rdoc 6.1.1
Using rspec-support 3.8.2
Using rspec-core 3.8.2
Using rspec-expectations 3.8.4
Using rspec-mocks 3.8.1
Using rspec 3.8.0
Using unicode-display_width 1.6.0
Using rubocop 0.72.0
Using rubocop-performance 1.4.1
Using shoulda-context 1.2.2
Using shoulda-matchers 3.1.3
Using shoulda 3.6.0
Using simplecov-html 0.10.2
Using simplecov 0.17.0
Using test-dependency-theme 0.1.0 from source at `test/fixtures/test-dependency-theme`
Using test-theme 0.1.0 from source at `test/fixtures/test-theme`
Using test-theme-skinny 0.1.0 from source at `test/fixtures/test-theme-skinny`
Using test-theme-symlink 0.1.0 from source at `test/fixtures/test-theme-symlink`
Using tomlrb 1.2.8
Using tzinfo-data 1.2019.2
Bundle complete! 44 Gemfile dependencies, 103 gems now installed.
Gems in the groups benchmark and development were not installed.
Bundled gems are installed into `../vendor/bundle`
..2019-08-01T20:29:28.058Z [main] WARN FilenoUtil : Native subprocess control requires open access to sun.nio.ch
Pass '--add-opens java.base/sun.nio.ch=org.jruby.dist' or '=org.jruby.core' to enable.
java.lang.IllegalCallerException: sun.nio.ch is not open to module org.jruby.dist
	at java.base/java.lang.Module.addOpens(Module.java:763)
	at org.jruby.dist/com.headius.backport9.modules.impl.Module9.addOpens(Module9.java:28)
	at org.jruby.dist/com.headius.backport9.modules.Modules.addOpens(Modules.java:22)
	at org.jruby.dist/org.jruby.util.io.FilenoUtil$ReflectiveAccess.<clinit>(FilenoUtil.java:140)
	at org.jruby.dist/org.jruby.util.io.FilenoUtil.getFilenoUsingReflection(FilenoUtil.java:111)
	at org.jruby.dist/org.jruby.util.io.FilenoUtil.filenoFrom(FilenoUtil.java:107)
	at org.jruby.dist/org.jruby.util.io.ChannelFD.initFileno(ChannelFD.java:42)
	at org.jruby.dist/org.jruby.util.io.ChannelFD.<init>(ChannelFD.java:32)
	at org.jruby.dist/org.jruby.RubyIO.<init>(RubyIO.java:174)
	at org.jruby.dist/org.jruby.RubyFile.<init>(RubyFile.java:281)
	at org.jruby.dist/org.jruby.parser.Parser.parse(Parser.java:99)
	at org.jruby.dist/org.jruby.Ruby.parseFileAndGetAST(Ruby.java:2709)
	at org.jruby.dist/org.jruby.Ruby.parseFileFromMainAndGetAST(Ruby.java:2702)
	at org.jruby.dist/org.jruby.Ruby.parseFileFromMain(Ruby.java:2686)
	at org.jruby.dist/org.jruby.Ruby.parseFromMain(Ruby.java:642)
	at org.jruby.dist/org.jruby.Ruby.runFromMain(Ruby.java:588)
	at org.jruby.dist/org.jruby.Main.doRunFromMain(Main.java:415)
	at org.jruby.dist/org.jruby.Main.internalRun(Main.java:307)
	at org.jruby.dist/org.jruby.Main.run(Main.java:234)
	at org.jruby.dist/org.jruby.Main.main(Main.java:206)
WARNING: An illegal reflective access operation has occurred
WARNING: Illegal reflective access by org.jruby.ext.openssl.SecurityHelper (file:/home/travis/.rvm/rubies/jruby-9.2.7.0/lib/ruby/gems/shared/gems/jruby-openssl-0.10.2-java/lib/jopenssl.jar) to constructor java.security.cert.CertificateFactory(java.security.cert.CertificateFactorySpi,java.security.Provider,java.lang.String)
WARNING: Please consider reporting this to the maintainers of org.jruby.ext.openssl.SecurityHelper
WARNING: Use --illegal-access=warn to enable warnings of further illegal reflective access operations
WARNING: All illegal access operations will be denied in a future release
The dependency classifier-reborn (~> 2.2) will be unused by any of the platforms Bundler is installing for. Bundler is installing for java but the dependency is only for ruby, x86-mswin32, x86-mingw32, x64-mingw32. To add those platforms to the bundle, run `bundle lock --add-platform ruby x86-mswin32 x86-mingw32 x64-mingw32`.
The dependency liquid-c (~> 4.0) will be unused by any of the platforms Bundler is installing for. Bundler is installing for java but the dependency is only for ruby, x86-mswin32, x86-mingw32, x64-mingw32. To add those platforms to the bundle, run `bundle lock --add-platform ruby x86-mswin32 x86-mingw32 x64-mingw32`.
The dependency yajl-ruby (~> 1.4) will be unused by any of the platforms Bundler is installing for. Bundler is installing for java but the dependency is only for ruby, x86-mswin32, x86-mingw32, x64-mingw32. To add those platforms to the bundle, run `bundle lock --add-platform ruby x86-mswin32 x86-mingw32 x64-mingw32`.
Using rake 12.3.3
Using concurrent-ruby 1.1.5
Using i18n 1.2.0
Using minitest 5.11.3
Using thread_safe 0.3.6 (java)
Using tzinfo 1.2.5
Using activesupport 5.2.3
Using public_suffix 3.1.1
Using addressable 2.6.0
Using ansi 1.5.0
Using ast 2.4.0
Using backports 3.15.0
Using builder 3.2.3
Using bundler 2.0.2
Using coderay 1.1.2
Using coffee-script-source 1.12.2
Using execjs 2.7.0
Using coffee-script 2.4.1
Using colorator 1.1.0
Using cucumber-tag_expressions 1.1.1
Using gherkin 5.1.0
Using cucumber-core 3.2.1
Using cucumber-expressions 6.0.1
Using cucumber-wire 0.0.1
Using diff-lcs 1.3
Using multi_json 1.13.1
Using multi_test 0.1.2
Using cucumber 3.1.2
Using docile 1.3.2
Using eventmachine 1.2.7 (java)
Using http_parser.rb 0.6.0 (java)
Using em-websocket 0.5.1
Using multipart-post 2.1.1
Using faraday 0.15.4
Using ffi 1.11.1 (java)
Using forwardable-extended 2.6.0
Using gemoji 3.0.1
Using nokogiri 1.10.3 (java)
Using html-pipeline 2.11.1
Using httpclient 2.8.3
Using jaro_winkler 1.5.3 (java)
Using rb-fsevent 0.10.3
Using rb-inotify 0.10.0
Using sass-listen 4.0.0
Using sass 3.7.4
Using jekyll-sass-converter 1.5.2
Using ruby_dep 1.5.0
Using listen 3.1.5
Using jekyll-watch 2.2.1
Using kramdown 2.1.0
Using kramdown-parser-gfm 1.1.0
Using liquid 4.0.3
Using mercenary 0.3.6
Using pathutil 0.16.2
Using rouge 3.7.0
Using safe_yaml 1.0.5
Using jekyll 4.0.0.pre.alpha1 from source at `.`
Using jekyll-avatar 0.6.0
Using jekyll-coffeescript 1.2.2
Using jekyll-feed 0.12.1
Using sawyer 0.8.2
Using octokit 4.14.0
Using jekyll-gist 1.5.0
Using jekyll-mentions 1.5.1
Using jekyll-paginate 1.1.0
Using jekyll-redirect-from 0.15.0
Using jekyll-seo-tag 2.6.1
Using jekyll-sitemap 1.3.1
Using jekyll_test_plugin 0.1.0
Using jekyll_test_plugin_malicious 0.2.0
Using jemoji 0.11.0
Using jruby-openssl 0.10.2 (java)
Using json 2.2.0 (java)
Using kramdown-syntax-coderay 1.0.1
Using memory_profiler 0.9.14
Using mime-types-data 3.2019.0331
Using mime-types 3.2.2
Using minitest-profile 0.0.2
Using ruby-progressbar 1.10.1
Using minitest-reporters 1.3.6
Using parallel 1.17.0
Using parser 2.6.3.0
Using rainbow 3.0.0
Using rdoc 6.1.1
Using rspec-support 3.8.2
Using rspec-core 3.8.2
Using rspec-expectations 3.8.4
Using rspec-mocks 3.8.1
Using rspec 3.8.0
Using unicode-display_width 1.6.0
Using rubocop 0.72.0
Using rubocop-performance 1.4.1
Using shoulda-context 1.2.2
Using shoulda-matchers 3.1.3
Using shoulda 3.6.0
Using simplecov-html 0.10.2
Using simplecov 0.17.0
Using test-dependency-theme 0.1.0 from source at `test/fixtures/test-dependency-theme`
Using test-theme 0.1.0 from source at `test/fixtures/test-theme`
Using test-theme-skinny 0.1.0 from source at `test/fixtures/test-theme-skinny`
Using test-theme-symlink 0.1.0 from source at `test/fixtures/test-theme-symlink`
Using tomlrb 1.2.8
Using tzinfo-data 1.2019.2
Bundle complete! 44 Gemfile dependencies, 103 gems now installed.
Gems in the groups benchmark and development were not installed.
Bundled gems are installed into `../vendor/bundle`
2019-08-01T20:29:35.865Z [main] WARN FilenoUtil : Native subprocess control requires open access to sun.nio.ch
Pass '--add-opens java.base/sun.nio.ch=org.jruby.dist' or '=org.jruby.core' to enable.
java.lang.IllegalCallerException: sun.nio.ch is not open to module org.jruby.dist
	at java.base/java.lang.Module.addOpens(Module.java:763)
	at org.jruby.dist/com.headius.backport9.modules.impl.Module9.addOpens(Module9.java:28)
	at org.jruby.dist/com.headius.backport9.modules.Modules.addOpens(Modules.java:22)
	at org.jruby.dist/org.jruby.util.io.FilenoUtil$ReflectiveAccess.<clinit>(FilenoUtil.java:140)
	at org.jruby.dist/org.jruby.util.io.FilenoUtil.getFilenoUsingReflection(FilenoUtil.java:111)
	at org.jruby.dist/org.jruby.util.io.FilenoUtil.filenoFrom(FilenoUtil.java:107)
	at org.jruby.dist/org.jruby.util.io.ChannelFD.initFileno(ChannelFD.java:42)
	at org.jruby.dist/org.jruby.util.io.ChannelFD.<init>(ChannelFD.java:32)
	at org.jruby.dist/org.jruby.RubyIO.<init>(RubyIO.java:174)
	at org.jruby.dist/org.jruby.RubyFile.<init>(RubyFile.java:281)
	at org.jruby.dist/org.jruby.parser.Parser.parse(Parser.java:99)
	at org.jruby.dist/org.jruby.Ruby.parseFileAndGetAST(Ruby.java:2709)
	at org.jruby.dist/org.jruby.Ruby.parseFileFromMainAndGetAST(Ruby.java:2702)
	at org.jruby.dist/org.jruby.Ruby.parseFileFromMain(Ruby.java:2686)
	at org.jruby.dist/org.jruby.Ruby.parseFromMain(Ruby.java:642)
	at org.jruby.dist/org.jruby.Ruby.runFromMain(Ruby.java:588)
	at org.jruby.dist/org.jruby.Main.doRunFromMain(Main.java:415)
	at org.jruby.dist/org.jruby.Main.internalRun(Main.java:307)
	at org.jruby.dist/org.jruby.Main.run(Main.java:234)
	at org.jruby.dist/org.jruby.Main.main(Main.java:206)
WARNING: An illegal reflective access operation has occurred
WARNING: Illegal reflective access by org.jruby.ext.openssl.SecurityHelper (file:/home/travis/.rvm/rubies/jruby-9.2.7.0/lib/ruby/gems/shared/gems/jruby-openssl-0.10.2-java/lib/jopenssl.jar) to constructor java.security.cert.CertificateFactory(java.security.cert.CertificateFactorySpi,java.security.Provider,java.lang.String)
WARNING: Please consider reporting this to the maintainers of org.jruby.ext.openssl.SecurityHelper
WARNING: Use --illegal-access=warn to enable warnings of further illegal reflective access operations
WARNING: All illegal access operations will be denied in a future release
The dependency classifier-reborn (~> 2.2) will be unused by any of the platforms Bundler is installing for. Bundler is installing for java but the dependency is only for ruby, x86-mswin32, x86-mingw32, x64-mingw32. To add those platforms to the bundle, run `bundle lock --add-platform ruby x86-mswin32 x86-mingw32 x64-mingw32`.
The dependency liquid-c (~> 4.0) will be unused by any of the platforms Bundler is installing for. Bundler is installing for java but the dependency is only for ruby, x86-mswin32, x86-mingw32, x64-mingw32. To add those platforms to the bundle, run `bundle lock --add-platform ruby x86-mswin32 x86-mingw32 x64-mingw32`.
The dependency yajl-ruby (~> 1.4) will be unused by any of the platforms Bundler is installing for. Bundler is installing for java but the dependency is only for ruby, x86-mswin32, x86-mingw32, x64-mingw32. To add those platforms to the bundle, run `bundle lock --add-platform ruby x86-mswin32 x86-mingw32 x64-mingw32`.
Using rake 12.3.3
Using concurrent-ruby 1.1.5
Using i18n 1.2.0
Using minitest 5.11.3
Using thread_safe 0.3.6 (java)
Using tzinfo 1.2.5
Using activesupport 5.2.3
Using public_suffix 3.1.1
Using addressable 2.6.0
Using ansi 1.5.0
Using ast 2.4.0
Using backports 3.15.0
Using builder 3.2.3
Using bundler 2.0.2
Using coderay 1.1.2
Using coffee-script-source 1.12.2
Using execjs 2.7.0
Using coffee-script 2.4.1
Using colorator 1.1.0
Using cucumber-tag_expressions 1.1.1
Using gherkin 5.1.0
Using cucumber-core 3.2.1
Using cucumber-expressions 6.0.1
Using cucumber-wire 0.0.1
Using diff-lcs 1.3
Using multi_json 1.13.1
Using multi_test 0.1.2
Using cucumber 3.1.2
Using docile 1.3.2
Using eventmachine 1.2.7 (java)
Using http_parser.rb 0.6.0 (java)
Using em-websocket 0.5.1
Using multipart-post 2.1.1
Using faraday 0.15.4
Using ffi 1.11.1 (java)
Using forwardable-extended 2.6.0
Using gemoji 3.0.1
Using nokogiri 1.10.3 (java)
Using html-pipeline 2.11.1
Using httpclient 2.8.3
Using jaro_winkler 1.5.3 (java)
Using rb-fsevent 0.10.3
Using rb-inotify 0.10.0
Using sass-listen 4.0.0
Using sass 3.7.4
Using jekyll-sass-converter 1.5.2
Using ruby_dep 1.5.0
Using listen 3.1.5
Using jekyll-watch 2.2.1
Using kramdown 2.1.0
Using kramdown-parser-gfm 1.1.0
Using liquid 4.0.3
Using mercenary 0.3.6
Using pathutil 0.16.2
Using rouge 3.7.0
Using safe_yaml 1.0.5
Using jekyll 4.0.0.pre.alpha1 from source at `.`
Using jekyll-avatar 0.6.0
Using jekyll-coffeescript 1.2.2
Using jekyll-feed 0.12.1
Using sawyer 0.8.2
Using octokit 4.14.0
Using jekyll-gist 1.5.0
Using jekyll-mentions 1.5.1
Using jekyll-paginate 1.1.0
Using jekyll-redirect-from 0.15.0
Using jekyll-seo-tag 2.6.1
Using jekyll-sitemap 1.3.1
Using jekyll_test_plugin 0.1.0
Using jekyll_test_plugin_malicious 0.2.0
Using jemoji 0.11.0
Using jruby-openssl 0.10.2 (java)
Using json 2.2.0 (java)
Using kramdown-syntax-coderay 1.0.1
Using memory_profiler 0.9.14
Using mime-types-data 3.2019.0331
Using mime-types 3.2.2
Using minitest-profile 0.0.2
Using ruby-progressbar 1.10.1
Using minitest-reporters 1.3.6
Using parallel 1.17.0
Using parser 2.6.3.0
Using rainbow 3.0.0
Using rdoc 6.1.1
Using rspec-support 3.8.2
Using rspec-core 3.8.2
Using rspec-expectations 3.8.4
Using rspec-mocks 3.8.1
Using rspec 3.8.0
Using unicode-display_width 1.6.0
Using rubocop 0.72.0
Using rubocop-performance 1.4.1
Using shoulda-context 1.2.2
Using shoulda-matchers 3.1.3
Using shoulda 3.6.0
Using simplecov-html 0.10.2
Using simplecov 0.17.0
Using test-dependency-theme 0.1.0 from source at `test/fixtures/test-dependency-theme`
Using test-theme 0.1.0 from source at `test/fixtures/test-theme`
Using test-theme-skinny 0.1.0 from source at `test/fixtures/test-theme-skinny`
Using test-theme-symlink 0.1.0 from source at `test/fixtures/test-theme-symlink`
Using tomlrb 1.2.8
Using tzinfo-data 1.2019.2
Bundle complete! 44 Gemfile dependencies, 103 gems now installed.
Gems in the groups benchmark and development were not installed.
Bundled gems are installed into `../vendor/bundle`
.2019-08-01T20:29:43.824Z [main] WARN FilenoUtil : Native subprocess control requires open access to sun.nio.ch
Pass '--add-opens java.base/sun.nio.ch=org.jruby.dist' or '=org.jruby.core' to enable.
java.lang.IllegalCallerException: sun.nio.ch is not open to module org.jruby.dist
	at java.base/java.lang.Module.addOpens(Module.java:763)
	at org.jruby.dist/com.headius.backport9.modules.impl.Module9.addOpens(Module9.java:28)
	at org.jruby.dist/com.headius.backport9.modules.Modules.addOpens(Modules.java:22)
	at org.jruby.dist/org.jruby.util.io.FilenoUtil$ReflectiveAccess.<clinit>(FilenoUtil.java:140)
	at org.jruby.dist/org.jruby.util.io.FilenoUtil.getFilenoUsingReflection(FilenoUtil.java:111)
	at org.jruby.dist/org.jruby.util.io.FilenoUtil.filenoFrom(FilenoUtil.java:107)
	at org.jruby.dist/org.jruby.util.io.ChannelFD.initFileno(ChannelFD.java:42)
	at org.jruby.dist/org.jruby.util.io.ChannelFD.<init>(ChannelFD.java:32)
	at org.jruby.dist/org.jruby.RubyIO.<init>(RubyIO.java:174)
	at org.jruby.dist/org.jruby.RubyFile.<init>(RubyFile.java:281)
	at org.jruby.dist/org.jruby.parser.Parser.parse(Parser.java:99)
	at org.jruby.dist/org.jruby.Ruby.parseFileAndGetAST(Ruby.java:2709)
	at org.jruby.dist/org.jruby.Ruby.parseFileFromMainAndGetAST(Ruby.java:2702)
	at org.jruby.dist/org.jruby.Ruby.parseFileFromMain(Ruby.java:2686)
	at org.jruby.dist/org.jruby.Ruby.parseFromMain(Ruby.java:642)
	at org.jruby.dist/org.jruby.Ruby.runFromMain(Ruby.java:588)
	at org.jruby.dist/org.jruby.Main.doRunFromMain(Main.java:415)
	at org.jruby.dist/org.jruby.Main.internalRun(Main.java:307)
	at org.jruby.dist/org.jruby.Main.run(Main.java:234)
	at org.jruby.dist/org.jruby.Main.main(Main.java:206)
WARNING: An illegal reflective access operation has occurred
WARNING: Illegal reflective access by org.jruby.ext.openssl.SecurityHelper (file:/home/travis/.rvm/rubies/jruby-9.2.7.0/lib/ruby/gems/shared/gems/jruby-openssl-0.10.2-java/lib/jopenssl.jar) to constructor java.security.cert.CertificateFactory(java.security.cert.CertificateFactorySpi,java.security.Provider,java.lang.String)
WARNING: Please consider reporting this to the maintainers of org.jruby.ext.openssl.SecurityHelper
WARNING: Use --illegal-access=warn to enable warnings of further illegal reflective access operations
WARNING: All illegal access operations will be denied in a future release
The dependency classifier-reborn (~> 2.2) will be unused by any of the platforms Bundler is installing for. Bundler is installing for java but the dependency is only for ruby, x86-mswin32, x86-mingw32, x64-mingw32. To add those platforms to the bundle, run `bundle lock --add-platform ruby x86-mswin32 x86-mingw32 x64-mingw32`.
The dependency liquid-c (~> 4.0) will be unused by any of the platforms Bundler is installing for. Bundler is installing for java but the dependency is only for ruby, x86-mswin32, x86-mingw32, x64-mingw32. To add those platforms to the bundle, run `bundle lock --add-platform ruby x86-mswin32 x86-mingw32 x64-mingw32`.
The dependency yajl-ruby (~> 1.4) will be unused by any of the platforms Bundler is installing for. Bundler is installing for java but the dependency is only for ruby, x86-mswin32, x86-mingw32, x64-mingw32. To add those platforms to the bundle, run `bundle lock --add-platform ruby x86-mswin32 x86-mingw32 x64-mingw32`.
Using rake 12.3.3
Using concurrent-ruby 1.1.5
Using i18n 1.2.0
Using minitest 5.11.3
Using thread_safe 0.3.6 (java)
Using tzinfo 1.2.5
Using activesupport 5.2.3
Using public_suffix 3.1.1
Using addressable 2.6.0
Using ansi 1.5.0
Using ast 2.4.0
Using backports 3.15.0
Using builder 3.2.3
Using bundler 2.0.2
Using coderay 1.1.2
Using coffee-script-source 1.12.2
Using execjs 2.7.0
Using coffee-script 2.4.1
Using colorator 1.1.0
Using cucumber-tag_expressions 1.1.1
Using gherkin 5.1.0
Using cucumber-core 3.2.1
Using cucumber-expressions 6.0.1
Using cucumber-wire 0.0.1
Using diff-lcs 1.3
Using multi_json 1.13.1
Using multi_test 0.1.2
Using cucumber 3.1.2
Using docile 1.3.2
Using eventmachine 1.2.7 (java)
Using http_parser.rb 0.6.0 (java)
Using em-websocket 0.5.1
Using multipart-post 2.1.1
Using faraday 0.15.4
Using ffi 1.11.1 (java)
Using forwardable-extended 2.6.0
Using gemoji 3.0.1
Using nokogiri 1.10.3 (java)
Using html-pipeline 2.11.1
Using httpclient 2.8.3
Using jaro_winkler 1.5.3 (java)
Using rb-fsevent 0.10.3
Using rb-inotify 0.10.0
Using sass-listen 4.0.0
Using sass 3.7.4
Using jekyll-sass-converter 1.5.2
Using ruby_dep 1.5.0
Using listen 3.1.5
Using jekyll-watch 2.2.1
Using kramdown 2.1.0
Using kramdown-parser-gfm 1.1.0
Using liquid 4.0.3
Using mercenary 0.3.6
Using pathutil 0.16.2
Using rouge 3.7.0
Using safe_yaml 1.0.5
Using jekyll 4.0.0.pre.alpha1 from source at `.`
Using jekyll-avatar 0.6.0
Using jekyll-coffeescript 1.2.2
Using jekyll-feed 0.12.1
Using sawyer 0.8.2
Using octokit 4.14.0
Using jekyll-gist 1.5.0
Using jekyll-mentions 1.5.1
Using jekyll-paginate 1.1.0
Using jekyll-redirect-from 0.15.0
Using jekyll-seo-tag 2.6.1
Using jekyll-sitemap 1.3.1
Using jekyll_test_plugin 0.1.0
Using jekyll_test_plugin_malicious 0.2.0
Using jemoji 0.11.0
Using jruby-openssl 0.10.2 (java)
Using json 2.2.0 (java)
Using kramdown-syntax-coderay 1.0.1
Using memory_profiler 0.9.14
Using mime-types-data 3.2019.0331
Using mime-types 3.2.2
Using minitest-profile 0.0.2
Using ruby-progressbar 1.10.1
Using minitest-reporters 1.3.6
Using parallel 1.17.0
Using parser 2.6.3.0
Using rainbow 3.0.0
Using rdoc 6.1.1
Using rspec-support 3.8.2
Using rspec-core 3.8.2
Using rspec-expectations 3.8.4
Using rspec-mocks 3.8.1
Using rspec 3.8.0
Using unicode-display_width 1.6.0
Using rubocop 0.72.0
Using rubocop-performance 1.4.1
Using shoulda-context 1.2.2
Using shoulda-matchers 3.1.3
Using shoulda 3.6.0
Using simplecov-html 0.10.2
Using simplecov 0.17.0
Using test-dependency-theme 0.1.0 from source at `test/fixtures/test-dependency-theme`
Using test-theme 0.1.0 from source at `test/fixtures/test-theme`
Using test-theme-skinny 0.1.0 from source at `test/fixtures/test-theme-skinny`
Using test-theme-symlink 0.1.0 from source at `test/fixtures/test-theme-symlink`
Using tomlrb 1.2.8
Using tzinfo-data 1.2019.2
Bundle complete! 44 Gemfile dependencies, 103 gems now installed.
Gems in the groups benchmark and development were not installed.
Bundled gems are installed into `../vendor/bundle`
....2019-08-01T20:29:51.686Z [main] WARN FilenoUtil : Native subprocess control requires open access to sun.nio.ch
Pass '--add-opens java.base/sun.nio.ch=org.jruby.dist' or '=org.jruby.core' to enable.
java.lang.IllegalCallerException: sun.nio.ch is not open to module org.jruby.dist
	at java.base/java.lang.Module.addOpens(Module.java:763)
	at org.jruby.dist/com.headius.backport9.modules.impl.Module9.addOpens(Module9.java:28)
	at org.jruby.dist/com.headius.backport9.modules.Modules.addOpens(Modules.java:22)
	at org.jruby.dist/org.jruby.util.io.FilenoUtil$ReflectiveAccess.<clinit>(FilenoUtil.java:140)
	at org.jruby.dist/org.jruby.util.io.FilenoUtil.getFilenoUsingReflection(FilenoUtil.java:111)
	at org.jruby.dist/org.jruby.util.io.FilenoUtil.filenoFrom(FilenoUtil.java:107)
	at org.jruby.dist/org.jruby.util.io.ChannelFD.initFileno(ChannelFD.java:42)
	at org.jruby.dist/org.jruby.util.io.ChannelFD.<init>(ChannelFD.java:32)
	at org.jruby.dist/org.jruby.RubyIO.<init>(RubyIO.java:174)
	at org.jruby.dist/org.jruby.RubyFile.<init>(RubyFile.java:281)
	at org.jruby.dist/org.jruby.parser.Parser.parse(Parser.java:99)
	at org.jruby.dist/org.jruby.Ruby.parseFileAndGetAST(Ruby.java:2709)
	at org.jruby.dist/org.jruby.Ruby.parseFileFromMainAndGetAST(Ruby.java:2702)
	at org.jruby.dist/org.jruby.Ruby.parseFileFromMain(Ruby.java:2686)
	at org.jruby.dist/org.jruby.Ruby.parseFromMain(Ruby.java:642)
	at org.jruby.dist/org.jruby.Ruby.runFromMain(Ruby.java:588)
	at org.jruby.dist/org.jruby.Main.doRunFromMain(Main.java:415)
	at org.jruby.dist/org.jruby.Main.internalRun(Main.java:307)
	at org.jruby.dist/org.jruby.Main.run(Main.java:234)
	at org.jruby.dist/org.jruby.Main.main(Main.java:206)
WARNING: An illegal reflective access operation has occurred
WARNING: Illegal reflective access by org.jruby.ext.openssl.SecurityHelper (file:/home/travis/.rvm/rubies/jruby-9.2.7.0/lib/ruby/gems/shared/gems/jruby-openssl-0.10.2-java/lib/jopenssl.jar) to constructor java.security.cert.CertificateFactory(java.security.cert.CertificateFactorySpi,java.security.Provider,java.lang.String)
WARNING: Please consider reporting this to the maintainers of org.jruby.ext.openssl.SecurityHelper
WARNING: Use --illegal-access=warn to enable warnings of further illegal reflective access operations
WARNING: All illegal access operations will be denied in a future release
The dependency classifier-reborn (~> 2.2) will be unused by any of the platforms Bundler is installing for. Bundler is installing for java but the dependency is only for ruby, x86-mswin32, x86-mingw32, x64-mingw32. To add those platforms to the bundle, run `bundle lock --add-platform ruby x86-mswin32 x86-mingw32 x64-mingw32`.
The dependency liquid-c (~> 4.0) will be unused by any of the platforms Bundler is installing for. Bundler is installing for java but the dependency is only for ruby, x86-mswin32, x86-mingw32, x64-mingw32. To add those platforms to the bundle, run `bundle lock --add-platform ruby x86-mswin32 x86-mingw32 x64-mingw32`.
The dependency yajl-ruby (~> 1.4) will be unused by any of the platforms Bundler is installing for. Bundler is installing for java but the dependency is only for ruby, x86-mswin32, x86-mingw32, x64-mingw32. To add those platforms to the bundle, run `bundle lock --add-platform ruby x86-mswin32 x86-mingw32 x64-mingw32`.
Using rake 12.3.3
Using concurrent-ruby 1.1.5
Using i18n 1.2.0
Using minitest 5.11.3
Using thread_safe 0.3.6 (java)
Using tzinfo 1.2.5
Using activesupport 5.2.3
Using public_suffix 3.1.1
Using addressable 2.6.0
Using ansi 1.5.0
Using ast 2.4.0
Using backports 3.15.0
Using builder 3.2.3
Using bundler 2.0.2
Using coderay 1.1.2
Using coffee-script-source 1.12.2
Using execjs 2.7.0
Using coffee-script 2.4.1
Using colorator 1.1.0
Using cucumber-tag_expressions 1.1.1
Using gherkin 5.1.0
Using cucumber-core 3.2.1
Using cucumber-expressions 6.0.1
Using cucumber-wire 0.0.1
Using diff-lcs 1.3
Using multi_json 1.13.1
Using multi_test 0.1.2
Using cucumber 3.1.2
Using docile 1.3.2
Using eventmachine 1.2.7 (java)
Using http_parser.rb 0.6.0 (java)
Using em-websocket 0.5.1
Using multipart-post 2.1.1
Using faraday 0.15.4
Using ffi 1.11.1 (java)
Using forwardable-extended 2.6.0
Using gemoji 3.0.1
Using nokogiri 1.10.3 (java)
Using html-pipeline 2.11.1
Using httpclient 2.8.3
Using jaro_winkler 1.5.3 (java)
Using rb-fsevent 0.10.3
Using rb-inotify 0.10.0
Using sass-listen 4.0.0
Using sass 3.7.4
Using jekyll-sass-converter 1.5.2
Using ruby_dep 1.5.0
Using listen 3.1.5
Using jekyll-watch 2.2.1
Using kramdown 2.1.0
Using kramdown-parser-gfm 1.1.0
Using liquid 4.0.3
Using mercenary 0.3.6
Using pathutil 0.16.2
Using rouge 3.7.0
Using safe_yaml 1.0.5
Using jekyll 4.0.0.pre.alpha1 from source at `.`
Using jekyll-avatar 0.6.0
Using jekyll-coffeescript 1.2.2
Using jekyll-feed 0.12.1
Using sawyer 0.8.2
Using octokit 4.14.0
Using jekyll-gist 1.5.0
Using jekyll-mentions 1.5.1
Using jekyll-paginate 1.1.0
Using jekyll-redirect-from 0.15.0
Using jekyll-seo-tag 2.6.1
Using jekyll-sitemap 1.3.1
Using jekyll_test_plugin 0.1.0
Using jekyll_test_plugin_malicious 0.2.0
Using jemoji 0.11.0
Using jruby-openssl 0.10.2 (java)
Using json 2.2.0 (java)
Using kramdown-syntax-coderay 1.0.1
Using memory_profiler 0.9.14
Using mime-types-data 3.2019.0331
Using mime-types 3.2.2
Using minitest-profile 0.0.2
Using ruby-progressbar 1.10.1
Using minitest-reporters 1.3.6
Using parallel 1.17.0
Using parser 2.6.3.0
Using rainbow 3.0.0
Using rdoc 6.1.1
Using rspec-support 3.8.2
Using rspec-core 3.8.2
Using rspec-expectations 3.8.4
Using rspec-mocks 3.8.1
Using rspec 3.8.0
Using unicode-display_width 1.6.0
Using rubocop 0.72.0
Using rubocop-performance 1.4.1
Using shoulda-context 1.2.2
Using shoulda-matchers 3.1.3
Using shoulda 3.6.0
Using simplecov-html 0.10.2
Using simplecov 0.17.0
Using test-dependency-theme 0.1.0 from source at `test/fixtures/test-dependency-theme`
Using test-theme 0.1.0 from source at `test/fixtures/test-theme`
Using test-theme-skinny 0.1.0 from source at `test/fixtures/test-theme-skinny`
Using test-theme-symlink 0.1.0 from source at `test/fixtures/test-theme-symlink`
Using tomlrb 1.2.8
Using tzinfo-data 1.2019.2
Bundle complete! 44 Gemfile dependencies, 103 gems now installed.
Gems in the groups benchmark and development were not installed.
Bundled gems are installed into `../vendor/bundle`
................F................................................................................................................................................................................

Finished tests in 298.643787s, 2.9065 tests/s, 5.1566 assertions/s.


Skipped:
TestRelatedPosts#test_: building related posts with LSI should find related Jekyll::Post objects, given a Jekyll::Post object.  [/home/travis/build/jekyll/jekyll/test/test_related_posts.rb:26]:
JRuby does not perform well with CExt, test disabled.

Skipped:
TestRelatedPosts#test_: building related posts with LSI should index Jekyll::Post objects.  [/home/travis/build/jekyll/jekyll/test/test_related_posts.rb:26]:
JRuby does not perform well with CExt, test disabled.

Skipped:
TestRelatedPosts#test_: building related posts with LSI should use LSI for the related posts.  [/home/travis/build/jekyll/jekyll/test/test_related_posts.rb:26]:
JRuby does not perform well with CExt, test disabled.

Skipped:
TestCommandsServe#test_: using LiveReload should serve livereload.js over HTTP on the default LiveReload port.  [/home/travis/build/jekyll/jekyll/test/test_commands_serve.rb:47]:
Refinements are not fully supported in JRuby

Skipped:
TestCommandsServe#test_: using LiveReload should serve nothing else over HTTP on the default LiveReload port.  [/home/travis/build/jekyll/jekyll/test/test_commands_serve.rb:47]:
Refinements are not fully supported in JRuby

Skipped:
TestCommandsServe#test_: using LiveReload should apply the max and min delay options.  [/home/travis/build/jekyll/jekyll/test/test_commands_serve.rb:47]:
Refinements are not fully supported in JRuby

Skipped:
TestCommandsServe#test_: using LiveReload should insert the LiveReload script tags.  [/home/travis/build/jekyll/jekyll/test/test_commands_serve.rb:47]:
Refinements are not fully supported in JRuby

Failure:
TestKramdown#test_: kramdown when a custom highlighter is chosen should use the chosen highlighter if it's available.  [/home/travis/build/jekyll/jekyll/test/test_kramdown.rb:106]
Minitest::Assertion: Expected true to not be truthy.

868 tests, 1540 assertions, 1 failures, 0 errors, 7 skips

================================================================================
Your 10 Slowest Tests
================================================================================

15.8382ms - TestNewCommand#test_: when args contains a path should force created folder. 
 8.8829ms - TestNewCommand#test_: when args contains a path should create a Gemfile. 
 8.2495ms - TestNewCommand#test_: when args contains a path should process any ERB files. 
 8.1023ms - TestNewCommand#test_: when args contains a path should create a new directory. 
 7.8766ms - TestNewCommand#test_: when args contains a path should copy the static files in site template to the new directory. 
 7.8596ms - TestNewCommand#test_: when multiple args are given should create a new directory. 
 7.7445ms - TestNewCommand#test_: when args contains a path should display a success message. 
 5.8509ms - TestSite#test_: creating sites should write static files if not modified but missing in destination. 
 5.8258ms - TestSite#test_: creating sites should write only modified static files. 
 4.6846ms - TestSite#test_: creating sites incremental build should build incrementally. 

Coverage report generated for Unit Tests to /home/travis/build/jekyll/jekyll/coverage. 0 / 8270 LOC (0.0%) covered.
SimpleCov failed with exit 1rake aborted!
Command failed with status (1): [ruby -w -I"lib:lib:test" -I"/home/travis/build/jekyll/jekyll/vendor/bundle/jruby/2.5.0/gems/rake-12.3.3/lib" "/home/travis/build/jekyll/jekyll/vendor/bundle/jruby/2.5.0/gems/rake-12.3.3/lib/rake/rake_test_loader.rb" "test/test_ansi.rb" "test/test_cleaner.rb" "test/test_coffeescript.rb" "test/test_collections.rb" "test/test_command.rb" "test/test_commands_serve.rb" "test/test_commands_serve_servlet.rb" "test/test_configuration.rb" "test/test_convertible.rb" "test/test_data_reader.rb" "test/test_doctor_command.rb" "test/test_document.rb" "test/test_drop.rb" "test/test_entry_filter.rb" "test/test_excerpt.rb" "test/test_excerpt_drop.rb" "test/test_filters.rb" "test/test_front_matter_defaults.rb" "test/test_generated_site.rb" "test/test_kramdown.rb" "test/test_layout_reader.rb" "test/test_liquid_extensions.rb" "test/test_liquid_renderer.rb" "test/test_log_adapter.rb" "test/test_new_command.rb" "test/test_page.rb" "test/test_page_without_a_file.rb" "test/test_path_sanitization.rb" "test/test_plugin_manager.rb" "test/test_post_reader.rb" "test/test_regenerator.rb" "test/test_related_posts.rb" "test/test_sass.rb" "test/test_site.rb" "test/test_site_drop.rb" "test/test_static_file.rb" "test/test_tags.rb" "test/test_theme.rb" "test/test_theme_assets_reader.rb" "test/test_url.rb" "test/test_utils.rb" --profile]
/home/travis/build/jekyll/jekyll/vendor/bundle/jruby/2.5.0/gems/rake-12.3.3/exe/rake:27:in `<main>'
/home/travis/build/jekyll/jekyll/vendor/bundle/jruby/2.5.0/bin/jruby_executable_hooks:24:in `eval'
/home/travis/build/jekyll/jekyll/vendor/bundle/jruby/2.5.0/bin/jruby_executable_hooks:24:in `<main>'
Tasks: TOP => test
(See full trace by running task with --trace)
travis_time:end:3152611b:start=1564691122237204622,finish=1564691441958655746,duration=319721451124[0K[31;1mThe command "script/cibuild" exited with 1.[0m

travis_fold:start:cache.2[0Kstore build cache
$ bundle clean
2019-08-01T20:30:44.586Z [main] WARN FilenoUtil : Native subprocess control requires open access to sun.nio.ch
Pass '--add-opens java.base/sun.nio.ch=org.jruby.dist' or '=org.jruby.core' to enable.
java.lang.IllegalCallerException: sun.nio.ch is not open to module org.jruby.dist
	at java.base/java.lang.Module.addOpens(Module.java:763)
	at org.jruby.dist/com.headius.backport9.modules.impl.Module9.addOpens(Module9.java:28)
	at org.jruby.dist/com.headius.backport9.modules.Modules.addOpens(Modules.java:22)
	at org.jruby.dist/org.jruby.util.io.FilenoUtil$ReflectiveAccess.<clinit>(FilenoUtil.java:140)
	at org.jruby.dist/org.jruby.util.io.FilenoUtil.getFilenoUsingReflection(FilenoUtil.java:111)
	at org.jruby.dist/org.jruby.util.io.FilenoUtil.filenoFrom(FilenoUtil.java:107)
	at org.jruby.dist/org.jruby.util.io.ChannelFD.initFileno(ChannelFD.java:42)
	at org.jruby.dist/org.jruby.util.io.ChannelFD.<init>(ChannelFD.java:32)
	at org.jruby.dist/org.jruby.RubyIO.<init>(RubyIO.java:174)
	at org.jruby.dist/org.jruby.RubyFile.<init>(RubyFile.java:281)
	at org.jruby.dist/org.jruby.parser.Parser.parse(Parser.java:99)
	at org.jruby.dist/org.jruby.Ruby.parseFileAndGetAST(Ruby.java:2709)
	at org.jruby.dist/org.jruby.Ruby.parseFileFromMainAndGetAST(Ruby.java:2702)
	at org.jruby.dist/org.jruby.Ruby.parseFileFromMain(Ruby.java:2686)
	at org.jruby.dist/org.jruby.Ruby.parseFromMain(Ruby.java:642)
	at org.jruby.dist/org.jruby.Ruby.runFromMain(Ruby.java:588)
	at org.jruby.dist/org.jruby.Main.doRunFromMain(Main.java:415)
	at org.jruby.dist/org.jruby.Main.internalRun(Main.java:307)
	at org.jruby.dist/org.jruby.Main.run(Main.java:234)
	at org.jruby.dist/org.jruby.Main.main(Main.java:206)
The dependency classifier-reborn (~> 2.2) will be unused by any of the platforms Bundler is installing for. Bundler is installing for java but the dependency is only for ruby, x86-mswin32, x86-mingw32, x64-mingw32. To add those platforms to the bundle, run `bundle lock --add-platform ruby x86-mswin32 x86-mingw32 x64-mingw32`.
The dependency liquid-c (~> 4.0) will be unused by any of the platforms Bundler is installing for. Bundler is installing for java but the dependency is only for ruby, x86-mswin32, x86-mingw32, x64-mingw32. To add those platforms to the bundle, run `bundle lock --add-platform ruby x86-mswin32 x86-mingw32 x64-mingw32`.
The dependency yajl-ruby (~> 1.4) will be unused by any of the platforms Bundler is installing for. Bundler is installing for java but the dependency is only for ruby, x86-mswin32, x86-mingw32, x64-mingw32. To add those platforms to the bundle, run `bundle lock --add-platform ruby x86-mswin32 x86-mingw32 x64-mingw32`.
travis_time:start:1c1f855f[0Ktravis_time:end:1c1f855f:start=1564691447812541010,finish=1564691447816797260,duration=4256250[0Ktravis_time:start:041a50f0[0K[32;1mnothing changed[0m
travis_time:end:041a50f0:start=1564691447824759591,finish=1564691449457105909,duration=1632346318[0Ktravis_fold:end:cache.2[0K
travis_fold:start:after_script[0Ktravis_time:start:056a5d4c[0K$ ./cc-test-reporter after-build --exit-code $TRAVIS_TEST_RESULT
Error: will not run after-build due to previous exit code of 1
Usage:
  cc-test-reporter after-build [flags]

Flags:
  -s, --batch-size int               batch size for source files (default 500)
  -e, --coverage-endpoint string     endpoint to upload coverage information to (default "https://api.codeclimate.com/v1/test_reports")
  -t, --coverage-input-type string   type of input source to use [clover, cobertura, coverage.py, excoveralls, gcov, gocov, jacoco, lcov, simplecov, xccov]
      --exit-code int                exit code of the test run
  -r, --id string                    reporter identifier (default "[secure]")
      --insecure                     send coverage insecurely (without HTTPS)
  -p, --prefix string                the root directory where the coverage analysis was performed (default "/home/travis/build/jekyll/jekyll")

Global Flags:
  -d, --debug   run in debug mode

travis_time:end:056a5d4c:start=1564691449466802095,finish=1564691449493735170,duration=26933075[0Ktravis_fold:end:after_script[0K
Done. Your build exited with 1.
