<?xml version="1.0" encoding="utf-8" ?>
<AnalysisProgramOfRegionAnalysisSessionString xmlns:xsd="http://www.w3.org/2001/XMLSchema" xmlns:xsi="http://www.w3.org/2001/XMLSchema-instance">
  <SaveName>BuildFailureReason/Swift/SwiftyJSON@SwiftyJSON</SaveName>
  <LearningData>
    <InputPaths>
      <string>Swift/SwiftyJSON@SwiftyJSON/failed/347096816.log</string>
      <string>Swift/SwiftyJSON@SwiftyJSON/failed/364917910.log</string>
      <string>Swift/SwiftyJSON@SwiftyJSON/failed/364918572.log</string>
      <string>Swift/SwiftyJSON@SwiftyJSON/failed/431807215.log</string>
      <string>Swift/SwiftyJSON@SwiftyJSON/failed/431807746.log</string>
      <string>Swift/SwiftyJSON@SwiftyJSON/failed/431812608.log</string>
      <string>Swift/SwiftyJSON@SwiftyJSON/failed/431817062.log</string>
      <string>Swift/SwiftyJSON@SwiftyJSON/failed/431821442.log</string>
      <string>Swift/SwiftyJSON@SwiftyJSON/failed/431826490.log</string>
      <string>Swift/SwiftyJSON@SwiftyJSON/failed/512286699.log</string>
    </InputPaths>
    <Examples>
      <ExampleDataOfString>
        <InputPath>Swift/SwiftyJSON@SwiftyJSON/failed/347096816.log</InputPath>
        <Keywords>exited with 1, , </Keywords>
        <Category>0</Category>
        <Output>The program 'swift' is currently not installed. To run 'swift' please ask your administrator to install the package 'python-swiftclient'</Output>
      </ExampleDataOfString>
      <ExampleDataOfString>
        <InputPath>Swift/SwiftyJSON@SwiftyJSON/failed/364917910.log</InputPath>
        <Keywords>error, , </Keywords>
        <Category>1</Category>
        <Output>xcodebuild: error: Unable to find a destination matching the provided destination specifier:

		{ platform:tvOS Simulator, name:Apple TV 1080p }</Output>
      </ExampleDataOfString>
      <ExampleDataOfString>
        <InputPath>Swift/SwiftyJSON@SwiftyJSON/failed/364918572.log</InputPath>
        <Keywords>error, , </Keywords>
        <Category>1</Category>
        <Output>xcodebuild: error: Unable to find a destination matching the provided destination specifier:

		{ platform:tvOS Simulator, name:Apple TV 1080p }</Output>
      </ExampleDataOfString>
      <ExampleDataOfString>
        <InputPath>Swift/SwiftyJSON@SwiftyJSON/failed/431807215.log</InputPath>
        <Keywords>‚ùå, , </Keywords>
        <Category>2</Category>
        <Output>[31m‚ùå  [0m/Users/travis/build/SwiftyJSON/SwiftyJSON/Source/SwiftyJSON.swift:97:2: [31munknown attribute 'dynamicMemberLookup'[0m



@dynamicMemberLookup

[36m ^[0m</Output>
      </ExampleDataOfString>
      <ExampleDataOfString>
        <InputPath>Swift/SwiftyJSON@SwiftyJSON/failed/431807746.log</InputPath>
        <Keywords>‚ùå, , </Keywords>
        <Category>2</Category>
        <Output>[31m‚ùå  [0m/Users/travis/build/SwiftyJSON/SwiftyJSON/Source/SwiftyJSON.swift:97:2: [31munknown attribute 'dynamicMemberLookup'[0m



@dynamicMemberLookup

[36m ^[0m</Output>
      </ExampleDataOfString>
      <ExampleDataOfString>
        <InputPath>Swift/SwiftyJSON@SwiftyJSON/failed/431812608.log</InputPath>
        <Keywords>‚ùå, , </Keywords>
        <Category>2</Category>
        <Output>[31m‚ùå  [0m/Users/travis/build/SwiftyJSON/SwiftyJSON/Source/SwiftyJSON.swift:97:2: [31munknown attribute 'dynamicMemberLookup'[0m



@dynamicMemberLookup

[36m ^[0m</Output>
      </ExampleDataOfString>
      <ExampleDataOfString>
        <InputPath>Swift/SwiftyJSON@SwiftyJSON/failed/431817062.log</InputPath>
        <Keywords>‚ùå, , </Keywords>
        <Category>2</Category>
        <Output>[31m‚ùå  [0m/Users/travis/build/SwiftyJSON/SwiftyJSON/Source/SwiftyJSON.swift:97:2: [31munknown attribute 'dynamicMemberLookup'[0m



@dynamicMemberLookup

[36m ^[0m</Output>
      </ExampleDataOfString>
      <ExampleDataOfString>
        <InputPath>Swift/SwiftyJSON@SwiftyJSON/failed/431821442.log</InputPath>
        <Keywords>‚ùå, , </Keywords>
        <Category>2</Category>
        <Output>[31m‚ùå  [0m/Users/travis/build/SwiftyJSON/SwiftyJSON/Source/SwiftyJSON.swift:97:2: [31munknown attribute 'dynamicMemberLookup'[0m



@dynamicMemberLookup

[36m ^[0m</Output>
      </ExampleDataOfString>
      <ExampleDataOfString>
        <InputPath>Swift/SwiftyJSON@SwiftyJSON/failed/431826490.log</InputPath>
        <Keywords>‚ùå, , </Keywords>
        <Category>2</Category>
        <Output>[31m‚ùå  [0m/Users/travis/build/SwiftyJSON/SwiftyJSON/Source/SwiftyJSON.swift:97:2: [31munknown attribute 'dynamicMemberLookup'[0m



@dynamicMemberLookup

[36m ^[0m</Output>
      </ExampleDataOfString>
      <ExampleDataOfString>
        <InputPath>Swift/SwiftyJSON@SwiftyJSON/failed/512286699.log</InputPath>
        <Keywords>‚ùå, , </Keywords>
        <Category>2</Category>
        <Output>[31m‚ùå  error: Build input file cannot be found: '/Users/travis/build/SwiftyJSON/SwiftyJSON/Source/Info-iOS.plist'[0m</Output>
      </ExampleDataOfString>
    </Examples>
  </LearningData>
  <LogKind>
    <Language>java</Language>
    <BuildTool>android</BuildTool>
  </LogKind>
  <Target>BuildFailureReason</Target>
</AnalysisProgramOfRegionAnalysisSessionString>