<?xml version="1.0" encoding="utf-8" ?>
<AnalysisProgramOfRegionAnalysisSessionString xmlns:xsd="http://www.w3.org/2001/XMLSchema" xmlns:xsi="http://www.w3.org/2001/XMLSchema-instance">
  <SaveName>BuildFailureReason/TypeScript/angular@angular</SaveName>
  <LearningData>
    <InputPaths>
      <string>TypeScript/angular@angular/failed/476567056.log</string>
      <string>TypeScript/angular@angular/failed/476594458.log</string>
      <string>TypeScript/angular@angular/failed/476598534.log</string>
      <string>TypeScript/angular@angular/failed/499899891.log</string>
      <string>TypeScript/angular@angular/failed/502325280.log</string>
      <string>TypeScript/angular@angular/failed/502325876.log</string>
      <string>TypeScript/angular@angular/failed/502664562.log</string>
      <string>TypeScript/angular@angular/failed/502677197.log</string>
      <string>TypeScript/angular@angular/failed/504754325.log</string>
      <string>TypeScript/angular@angular/failed/504763230.log</string>
    </InputPaths>
    <Examples>
      <ExampleDataOfString>
        <InputPath>TypeScript/angular@angular/failed/476567056.log</InputPath>
        <Output>rake aborted!
No Rakefile found (looking for: rakefile, Rakefile, rakefile.rb, Rakefile.rb)</Output>
      </ExampleDataOfString>
      <ExampleDataOfString>
        <InputPath>TypeScript/angular@angular/failed/476594458.log</InputPath>
        <Output>[31mIE 10.0.0 (Windows 8.0.0) bootstrap factory method should invoke the default exception handler when bootstrap fails FAILED[39m
	TypeError: Unable to get property 'element' of undefined or null reference
	error properties: Object({ number: -2146823281, ngDebugContext: DebugContext_({ view: Object({ def: Object({ factory: Function, nodeFlags: 999427, rootNodeFlags: 3, nodeMatchedQueries: 0, flags: 0, nodes: [ Object({ nodeIndex: 0, parent: null, renderParent: null, bindingIndex: 0, outputIndex: 0, checkIndex: -1, flags: 2, childFlags: 0, directChildFlags: 0, childMatchedQueries: 0, matchedQueries: Object({  }), matchedQueryIds: 0, references: Object({  }), ngContentIndex: null, childCount: 0, bindings: [  ], bindingFlags: 8, outputs: [  ], element: null, provider: null, text: Object({ prefix: 'ng2A(' }), query: null, ngContent: null }), Object({ nodeIndex: 1, parent: null, renderParent: null, bindingIndex: 0, outputIndex: 0, checkIndex: 1, flags: 1, childFlags: 999424, directChildFlags: 999424, childMatchedQueries: 0, matchedQueries: Object({  }), matchedQueryIds: 0, references: Object({  }), ngContentIndex: null, childCount: 1, bindings: [  ], bindingFlags: 0, outputs: [  ], element: Object({ ns: '',  ...
	    at &lt;Jasmine>
	   at cleanData (Unknown script code:77:48)
	   at onDestroy (Unknown script code:99:9)
	   at ngOnDestroy (Unknown script code:176:9)
	   at callProviderLifecycles (Unknown script code:516:9)
	   at callElementProvidersLifecycles (Unknown script code:484:13)
	   at callLifecycleHooksChildrenFirst (Unknown script code:473:17)
	   at destroyView (Unknown script code:470:5)
	   at callViewAction (Unknown script code:597:13)
	   at execComponentViewsAction (Unknown script code:519:13)
	   at destroyView (Unknown script code:469:5)
	   at callWithDebugContext (Unknown script code:590:9)
	   at debugDestroyView (Unknown script code:298:5)
	   at destroy (Unknown script code:301:9)
	   at Anonymous function (Unknown script code:521:55)
	   at ngOnDestroy (Unknown script code:521:9)
	   at callNgModuleLifecycle (Unknown script code:207:21)
	   at destroy (Unknown script code:520:9)
	   at Anonymous function (Unknown script code:281:59)
	   at destroy (Unknown script code:281:9)
	   at destroyPlatform (Unknown script code:141:9)
	   at Anonymous function (Unknown script code:222:13)
	   at execute (Unknown script code:348:9)
	   at Anonymous function (Unknown script code:518:30)
	   at Anonymous function (Unknown script code:63:43)
	   at run (Unknown script code:63:9)
	   at Anonymous function (Unknown script code:156:9)
	   at invoke (node_modules/zone.js/dist/zone.js:386:13)
	   at onInvoke (node_modules/zone.js/dist/zone-testing.js:288:13)
	   at invoke (node_modules/zone.js/dist/zone.js:386:13)
	   at run (node_modules/zone.js/dist/zone.js:138:17)
	   at runInTestZone (node_modules/zone.js/dist/zone-testing.js:506:13)
	   at Anonymous function (node_modules/zone.js/dist/zone-testing.js:522:13)
	    at &lt;Jasmine>
	   at invokeTask (node_modules/zone.js/dist/zone.js:419:13)
	   at runTask (node_modules/zone.js/dist/zone.js:188:21)
	   at drainMicroTaskQueue (node_modules/zone.js/dist/zone.js:595:25)
	   at run (node_modules/core-js/client/core.js:6252:13)
	   at Anonymous function (node_modules/core-js/client/core.js:6269:30)
	   at flush (node_modules/core-js/client/core.js:2471:9)
	Error: The ng module Ng2ModuleA has already been destroyed.
	   at destroy (Unknown script code:517:13)
	   at Anonymous function (Unknown script code:281:59)
	   at destroy (Unknown script code:281:9)
	   at destroyPlatform (Unknown script code:141:9)
	   at invoke (node_modules/zone.js/dist/zone.js:386:13)
	   at onInvoke (node_modules/zone.js/dist/zone-testing.js:288:13)
	   at invoke (node_modules/zone.js/dist/zone.js:386:13)
	   at run (node_modules/zone.js/dist/zone.js:138:17)
	   at runInTestZone (node_modules/zone.js/dist/zone-testing.js:509:13)
	   at Anonymous function (node_modules/zone.js/dist/zone-testing.js:524:13)
	    at &lt;Jasmine>
	   at invokeTask (node_modules/zone.js/dist/zone.js:419:13)
	   at runTask (node_modules/zone.js/dist/zone.js:188:21)
	   at drainMicroTaskQueue (node_modules/zone.js/dist/zone.js:595:25)
	   at run (node_modules/core-js/client/core.js:6252:13)
	   at Anonymous function (node_modules/core-js/client/core.js:6269:30)
	   at flush (node_modules/core-js/client/core.js:2471:9)
[31mIE 10.0.0 (Windows 8.0.0) bootstrap factory method should forward the error to promise when bootstrap fails FAILED[39m
	Error: The ng module Ng2ModuleA has already been destroyed.
	   at destroy (Unknown script code:517:13)
	   at Anonymous function (Unknown script code:281:59)
	   at destroy (Unknown script code:281:9)
	   at destroyPlatform (Unknown script code:141:9)
	   at Anonymous function (Unknown script code:222:13)
	   at execute (Unknown script code:348:9)
	   at Anonymous function (Unknown script code:518:30)
	   at Anonymous function (Unknown script code:63:43)
	   at run (Unknown script code:63:9)
	   at Anonymous function (Unknown script code:156:9)
	   at invoke (node_modules/zone.js/dist/zone.js:386:13)
	   at onInvoke (node_modules/zone.js/dist/zone-testing.js:288:13)
	   at invoke (node_modules/zone.js/dist/zone.js:386:13)
	   at run (node_modules/zone.js/dist/zone.js:138:17)
	   at runInTestZone (node_modules/zone.js/dist/zone-testing.js:506:13)
	   at Anonymous function (node_modules/zone.js/dist/zone-testing.js:522:13)
	    at &lt;Jasmine>
	   at invokeTask (node_modules/zone.js/dist/zone.js:419:13)
	   at runTask (node_modules/zone.js/dist/zone.js:188:21)
	   at drainMicroTaskQueue (node_modules/zone.js/dist/zone.js:595:25)
	   at run (node_modules/core-js/client/core.js:6252:13)
	   at Anonymous function (node_modules/core-js/client/core.js:6269:30)
	   at flush (node_modules/core-js/client/core.js:2471:9)
	Error: The ng module Ng2ModuleA has already been destroyed.
	   at destroy (Unknown script code:517:13)
	   at Anonymous function (Unknown script code:281:59)
	   at destroy (Unknown script code:281:9)
	   at destroyPlatform (Unknown script code:141:9)
	   at invoke (node_modules/zone.js/dist/zone.js:386:13)
	   at onInvoke (node_modules/zone.js/dist/zone-testing.js:288:13)
	   at invoke (node_modules/zone.js/dist/zone.js:386:13)
	   at run (node_modules/zone.js/dist/zone.js:138:17)
	   at runInTestZone (node_modules/zone.js/dist/zone-testing.js:509:13)
	   at Anonymous function (node_modules/zone.js/dist/zone-testing.js:524:13)
	    at &lt;Jasmine>
	   at invokeTask (node_modules/zone.js/dist/zone.js:419:13)
	   at runTask (node_modules/zone.js/dist/zone.js:188:21)
	   at drainMicroTaskQueue (node_modules/zone.js/dist/zone.js:595:25)
	   at run (node_modules/core-js/client/core.js:6252:13)
	   at Anonymous function (node_modules/core-js/client/core.js:6269:30)
	   at flush (node_modules/core-js/client/core.js:2471:9)
[31mIE 10.0.0 (Windows 8.0.0) bootstrap factory method should allow to pass schemas FAILED[39m
	Error: The ng module Ng2ModuleA has already been destroyed.
	   at destroy (Unknown script code:517:13)
	   at Anonymous function (Unknown script code:281:59)
	   at destroy (Unknown script code:281:9)
	   at destroyPlatform (Unknown script code:141:9)
	   at Anonymous function (Unknown script code:222:13)
	   at execute (Unknown script code:348:9)
	   at Anonymous function (Unknown script code:518:30)
	   at Anonymous function (Unknown script code:63:43)
	   at run (Unknown script code:63:9)
	   at Anonymous function (Unknown script code:156:9)
	   at invoke (node_modules/zone.js/dist/zone.js:386:13)
	   at onInvoke (node_modules/zone.js/dist/zone-testing.js:288:13)
	   at invoke (node_modules/zone.js/dist/zone.js:386:13)
	   at run (node_modules/zone.js/dist/zone.js:138:17)
	   at runInTestZone (node_modules/zone.js/dist/zone-testing.js:506:13)
	   at Anonymous function (node_modules/zone.js/dist/zone-testing.js:522:13)
	    at &lt;Jasmine>
	   at invokeTask (node_modules/zone.js/dist/zone.js:419:13)
	   at runTask (node_modules/zone.js/dist/zone.js:188:21)
	   at drainMicroTaskQueue (node_modules/zone.js/dist/zone.js:595:25)
	   at run (node_modules/core-js/client/core.js:6252:13)
	   at Anonymous function (node_modules/core-js/client/core.js:6269:30)
	   at flush (node_modules/core-js/client/core.js:2471:9)
	Error: The ng module Ng2ModuleA has already been destroyed.
	   at destroy (Unknown script code:517:13)
	   at Anonymous function (Unknown script code:281:59)
	   at destroy (Unknown script code:281:9)
	   at destroyPlatform (Unknown script code:141:9)
	   at invoke (node_modules/zone.js/dist/zone.js:386:13)
	   at onInvoke (node_modules/zone.js/dist/zone-testing.js:288:13)
	   at invoke (node_modules/zone.js/dist/zone.js:386:13)
	   at run (node_modules/zone.js/dist/zone.js:138:17)
	   at runInTestZone (node_modules/zone.js/dist/zone-testing.js:509:13)
	   at Anonymous function (node_modules/zone.js/dist/zone-testing.js:524:13)
	    at &lt;Jasmine>
	   at invokeTask (node_modules/zone.js/dist/zone.js:419:13)
	   at runTask (node_modules/zone.js/dist/zone.js:188:21)
	   at drainMicroTaskQueue (node_modules/zone.js/dist/zone.js:595:25)
	   at run (node_modules/core-js/client/core.js:6252:13)
	   at Anonymous function (node_modules/core-js/client/core.js:6269:30)
	   at flush (node_modules/core-js/client/core.js:2471:9)
[31mIE 10.0.0 (Windows 8.0.0) bootstrap factory method should throw if bootstrapped Directive is not a Component FAILED[39m
	Error: The ng module Ng2ModuleA has already been destroyed.
	   at destroy (Unknown script code:517:13)
	   at Anonymous function (Unknown script code:281:59)
	   at destroy (Unknown script code:281:9)
	   at destroyPlatform (Unknown script code:141:9)
	   at Anonymous function (Unknown script code:222:13)
	   at execute (Unknown script code:348:9)
	   at Anonymous function (Unknown script code:518:30)
	   at Anonymous function (Unknown script code:63:43)
	   at run (Unknown script code:63:9)
	   at Anonymous function (Unknown script code:156:9)
	   at invoke (node_modules/zone.js/dist/zone.js:386:13)
	   at onInvoke (node_modules/zone.js/dist/zone-testing.js:288:13)
	   at invoke (node_modules/zone.js/dist/zone.js:386:13)
	   at run (node_modules/zone.js/dist/zone.js:138:17)
	   at runInTestZone (node_modules/zone.js/dist/zone-testing.js:506:13)
	   at Anonymous function (node_modules/zone.js/dist/zone-testing.js:522:13)
	    at &lt;Jasmine>
	   at invokeTask (node_modules/zone.js/dist/zone.js:419:13)
	   at runTask (node_modules/zone.js/dist/zone.js:188:21)
	   at drainMicroTaskQueue (node_modules/zone.js/dist/zone.js:595:25)
	   at run (node_modules/core-js/client/core.js:6252:13)
	   at Anonymous function (node_modules/core-js/client/core.js:6269:30)
	   at flush (node_modules/core-js/client/core.js:2471:9)
	Error: The ng module Ng2ModuleA has already been destroyed.
	   at destroy (Unknown script code:517:13)
	   at Anonymous function (Unknown script code:281:59)
	   at destroy (Unknown script code:281:9)
	   at destroyPlatform (Unknown script code:141:9)
	   at invoke (node_modules/zone.js/dist/zone.js:386:13)
	   at onInvoke (node_modules/zone.js/dist/zone-testing.js:288:13)
	   at invoke (node_modules/zone.js/dist/zone.js:386:13)
	   at run (node_modules/zone.js/dist/zone.js:138:17)
	   at runInTestZone (node_modules/zone.js/dist/zone-testing.js:509:13)
	   at Anonymous function (node_modules/zone.js/dist/zone-testing.js:524:13)
	    at &lt;Jasmine>
	   at invokeTask (node_modules/zone.js/dist/zone.js:419:13)
	   at runTask (node_modules/zone.js/dist/zone.js:188:21)
	   at drainMicroTaskQueue (node_modules/zone.js/dist/zone.js:595:25)
	   at run (node_modules/core-js/client/core.js:6252:13)
	   at Anonymous function (node_modules/core-js/client/core.js:6269:30)
	   at flush (node_modules/core-js/client/core.js:2471:9)
[31mIE 10.0.0 (Windows 8.0.0) bootstrap factory method should throw if no provider FAILED[39m
	Error: The ng module Ng2ModuleA has already been destroyed.
	   at destroy (Unknown script code:517:13)
	   at Anonymous function (Unknown script code:281:59)
	   at destroy (Unknown script code:281:9)
	   at destroyPlatform (Unknown script code:141:9)
	   at Anonymous function (Unknown script code:222:13)
	   at execute (Unknown script code:348:9)
	   at Anonymous function (Unknown script code:518:30)
	   at Anonymous function (Unknown script code:63:43)
	   at run (Unknown script code:63:9)
	   at Anonymous function (Unknown script code:156:9)
	   at invoke (node_modules/zone.js/dist/zone.js:386:13)
	   at onInvoke (node_modules/zone.js/dist/zone-testing.js:288:13)
	   at invoke (node_modules/zone.js/dist/zone.js:386:13)
	   at run (node_modules/zone.js/dist/zone.js:138:17)
	   at runInTestZone (node_modules/zone.js/dist/zone-testing.js:506:13)
	   at Anonymous function (node_modules/zone.js/dist/zone-testing.js:522:13)
	    at &lt;Jasmine>
	   at invokeTask (node_modules/zone.js/dist/zone.js:419:13)
	   at runTask (node_modules/zone.js/dist/zone.js:188:21)
	   at drainMicroTaskQueue (node_modules/zone.js/dist/zone.js:595:25)
	   at run (node_modules/core-js/client/core.js:6252:13)
	   at Anonymous function (node_modules/core-js/client/core.js:6269:30)
	   at flush (node_modules/core-js/client/core.js:2471:9)
	Error: The ng module Ng2ModuleA has already been destroyed.
	   at destroy (Unknown script code:517:13)
	   at Anonymous function (Unknown script code:281:59)
	   at destroy (Unknown script code:281:9)
	   at destroyPlatform (Unknown script code:141:9)
	   at invoke (node_modules/zone.js/dist/zone.js:386:13)
	   at onInvoke (node_modules/zone.js/dist/zone-testing.js:288:13)
	   at invoke (node_modules/zone.js/dist/zone.js:386:13)
	   at run (node_modules/zone.js/dist/zone.js:138:17)
	   at runInTestZone (node_modules/zone.js/dist/zone-testing.js:509:13)
	   at Anonymous function (node_modules/zone.js/dist/zone-testing.js:524:13)
	    at &lt;Jasmine>
	   at invokeTask (node_modules/zone.js/dist/zone.js:419:13)
	   at runTask (node_modules/zone.js/dist/zone.js:188:21)
	   at drainMicroTaskQueue (node_modules/zone.js/dist/zone.js:595:25)
	   at run (node_modules/core-js/client/core.js:6252:13)
	   at Anonymous function (node_modules/core-js/client/core.js:6269:30)
	   at flush (node_modules/core-js/client/core.js:2471:9)
[31mIE 10.0.0 (Windows 8.0.0) bootstrap factory method should register each application with the testability registry FAILED[39m
	Error: The ng module Ng2ModuleA has already been destroyed.
	   at destroy (Unknown script code:517:13)
	   at Anonymous function (Unknown script code:281:59)
	   at destroy (Unknown script code:281:9)
	   at destroyPlatform (Unknown script code:141:9)
	   at Anonymous function (Unknown script code:222:13)
	   at execute (Unknown script code:348:9)
	   at Anonymous function (Unknown script code:518:30)
	   at Anonymous function (Unknown script code:63:43)
	   at run (Unknown script code:63:9)
	   at Anonymous function (Unknown script code:156:9)
	   at invoke (node_modules/zone.js/dist/zone.js:386:13)
	   at onInvoke (node_modules/zone.js/dist/zone-testing.js:288:13)
	   at invoke (node_modules/zone.js/dist/zone.js:386:13)
	   at run (node_modules/zone.js/dist/zone.js:138:17)
	   at runInTestZone (node_modules/zone.js/dist/zone-testing.js:506:13)
	   at Anonymous function (node_modules/zone.js/dist/zone-testing.js:522:13)
	    at &lt;Jasmine>
	   at invokeTask (node_modules/zone.js/dist/zone.js:419:13)
	   at runTask (node_modules/zone.js/dist/zone.js:188:21)
	   at drainMicroTaskQueue (node_modules/zone.js/dist/zone.js:595:25)
	   at run (node_modules/core-js/client/core.js:6252:13)
	   at Anonymous function (node_modules/core-js/client/core.js:6269:30)
	   at flush (node_modules/core-js/client/core.js:2471:9)
	Error: The ng module Ng2ModuleA has already been destroyed.
	   at destroy (Unknown script code:517:13)
	   at Anonymous function (Unknown script code:281:59)
	   at destroy (Unknown script code:281:9)
	   at destroyPlatform (Unknown script code:141:9)
	   at invoke (node_modules/zone.js/dist/zone.js:386:13)
	   at onInvoke (node_modules/zone.js/dist/zone-testing.js:288:13)
	   at invoke (node_modules/zone.js/dist/zone.js:386:13)
	   at run (node_modules/zone.js/dist/zone.js:138:17)
	   at runInTestZone (node_modules/zone.js/dist/zone-testing.js:509:13)
	   at Anonymous function (node_modules/zone.js/dist/zone-testing.js:524:13)
	    at &lt;Jasmine>
	   at invokeTask (node_modules/zone.js/dist/zone.js:419:13)
	   at runTask (node_modules/zone.js/dist/zone.js:188:21)
	   at drainMicroTaskQueue (node_modules/zone.js/dist/zone.js:595:25)
	   at run (node_modules/core-js/client/core.js:6252:13)
	   at Anonymous function (node_modules/core-js/client/core.js:6269:30)
	   at flush (node_modules/core-js/client/core.js:2471:9)
[31mIE 10.0.0 (Windows 8.0.0) bootstrap factory method should throw if no element is found FAILED[39m
	Error: The ng module Ng2ModuleA has already been destroyed.
	   at destroy (Unknown script code:517:13)
	   at Anonymous function (Unknown script code:281:59)
	   at destroy (Unknown script code:281:9)
	   at destroyPlatform (Unknown script code:141:9)
	   at Anonymous function (Unknown script code:222:13)
	   at execute (Unknown script code:348:9)
	   at Anonymous function (Unknown script code:518:30)
	   at Anonymous function (Unknown script code:63:43)
	   at run (Unknown script code:63:9)
	   at Anonymous function (Unknown script code:156:9)
	   at invoke (node_modules/zone.js/dist/zone.js:386:13)
	   at onInvoke (node_modules/zone.js/dist/zone-testing.js:288:13)
	   at invoke (node_modules/zone.js/dist/zone.js:386:13)
	   at run (node_modules/zone.js/dist/zone.js:138:17)
	   at runInTestZone (node_modules/zone.js/dist/zone-testing.js:506:13)
	   at Anonymous function (node_modules/zone.js/dist/zone-testing.js:522:13)
	    at &lt;Jasmine>
	   at invokeTask (node_modules/zone.js/dist/zone.js:419:13)
	   at runTask (node_modules/zone.js/dist/zone.js:188:21)
	   at drainMicroTaskQueue (node_modules/zone.js/dist/zone.js:595:25)
	   at run (node_modules/core-js/client/core.js:6252:13)
	   at Anonymous function (node_modules/core-js/client/core.js:6269:30)
	   at flush (node_modules/core-js/client/core.js:2471:9)
	Error: The ng module Ng2ModuleA has already been destroyed.
	   at destroy (Unknown script code:517:13)
	   at Anonymous function (Unknown script code:281:59)
	   at destroy (Unknown script code:281:9)
	   at destroyPlatform (Unknown script code:141:9)
	   at invoke (node_modules/zone.js/dist/zone.js:386:13)
	   at onInvoke (node_modules/zone.js/dist/zone-testing.js:288:13)
	   at invoke (node_modules/zone.js/dist/zone.js:386:13)
	   at run (node_modules/zone.js/dist/zone.js:138:17)
	   at runInTestZone (node_modules/zone.js/dist/zone-testing.js:509:13)
	   at Anonymous function (node_modules/zone.js/dist/zone-testing.js:524:13)
	    at &lt;Jasmine>
	   at invokeTask (node_modules/zone.js/dist/zone.js:419:13)
	   at runTask (node_modules/zone.js/dist/zone.js:188:21)
	   at drainMicroTaskQueue (node_modules/zone.js/dist/zone.js:595:25)
	   at run (node_modules/core-js/client/core.js:6252:13)
	   at Anonymous function (node_modules/core-js/client/core.js:6269:30)
	   at flush (node_modules/core-js/client/core.js:2471:9)
[31mIE 10.0.0 (Windows 8.0.0) bootstrap factory method should display hello world FAILED[39m
	Error: The ng module Ng2ModuleA has already been destroyed.
	   at destroy (Unknown script code:517:13)
	   at Anonymous function (Unknown script code:281:59)
	   at destroy (Unknown script code:281:9)
	   at destroyPlatform (Unknown script code:141:9)
	   at Anonymous function (Unknown script code:222:13)
	   at execute (Unknown script code:348:9)
	   at Anonymous function (Unknown script code:518:30)
	   at Anonymous function (Unknown script code:63:43)
	   at run (Unknown script code:63:9)
	   at Anonymous function (Unknown script code:156:9)
	   at invoke (node_modules/zone.js/dist/zone.js:386:13)
	   at onInvoke (node_modules/zone.js/dist/zone-testing.js:288:13)
	   at invoke (node_modules/zone.js/dist/zone.js:386:13)
	   at run (node_modules/zone.js/dist/zone.js:138:17)
	   at runInTestZone (node_modules/zone.js/dist/zone-testing.js:506:13)
	   at Anonymous function (node_modules/zone.js/dist/zone-testing.js:522:13)
	    at &lt;Jasmine>
	   at invokeTask (node_modules/zone.js/dist/zone.js:419:13)
	   at runTask (node_modules/zone.js/dist/zone.js:188:21)
	   at drainMicroTaskQueue (node_modules/zone.js/dist/zone.js:595:25)
	   at run (node_modules/core-js/client/core.js:6252:13)
	   at Anonymous function (node_modules/core-js/client/core.js:6269:30)
	   at flush (node_modules/core-js/client/core.js:2471:9)
	Error: The ng module Ng2ModuleA has already been destroyed.
	   at destroy (Unknown script code:517:13)
	   at Anonymous function (Unknown script code:281:59)
	   at destroy (Unknown script code:281:9)
	   at destroyPlatform (Unknown script code:141:9)
	   at invoke (node_modules/zone.js/dist/zone.js:386:13)
	   at onInvoke (node_modules/zone.js/dist/zone-testing.js:288:13)
	   at invoke (node_modules/zone.js/dist/zone.js:386:13)
	   at run (node_modules/zone.js/dist/zone.js:138:17)
	   at runInTestZone (node_modules/zone.js/dist/zone-testing.js:509:13)
	   at Anonymous function (node_modules/zone.js/dist/zone-testing.js:524:13)
	    at &lt;Jasmine>
	   at invokeTask (node_modules/zone.js/dist/zone.js:419:13)
	   at runTask (node_modules/zone.js/dist/zone.js:188:21)
	   at drainMicroTaskQueue (node_modules/zone.js/dist/zone.js:595:25)
	   at run (node_modules/core-js/client/core.js:6252:13)
	   at Anonymous function (node_modules/core-js/client/core.js:6269:30)
	   at flush (node_modules/core-js/client/core.js:2471:9)
[31mIE 10.0.0 (Windows 8.0.0) bootstrap factory method should throw a descriptive error if BrowserModule is installed again via a lazily loaded module FAILED[39m
	Error: The ng module Ng2ModuleA has already been destroyed.
	   at destroy (Unknown script code:517:13)
	   at Anonymous function (Unknown script code:281:59)
	   at destroy (Unknown script code:281:9)
	   at destroyPlatform (Unknown script code:141:9)
	   at Anonymous function (Unknown script code:222:13)
	   at execute (Unknown script code:348:9)
	   at Anonymous function (Unknown script code:518:30)
	   at Anonymous function (Unknown script code:63:43)
	   at run (Unknown script code:63:9)
	   at Anonymous function (Unknown script code:156:9)
	   at invoke (node_modules/zone.js/dist/zone.js:386:13)
	   at onInvoke (node_modules/zone.js/dist/zone-testing.js:288:13)
	   at invoke (node_modules/zone.js/dist/zone.js:386:13)
	   at run (node_modules/zone.js/dist/zone.js:138:17)
	   at runInTestZone (node_modules/zone.js/dist/zone-testing.js:506:13)
	   at Anonymous function (node_modules/zone.js/dist/zone-testing.js:522:13)
	    at &lt;Jasmine>
	   at invokeTask (node_modules/zone.js/dist/zone.js:419:13)
	   at runTask (node_modules/zone.js/dist/zone.js:188:21)
	   at drainMicroTaskQueue (node_modules/zone.js/dist/zone.js:595:25)
	   at run (node_modules/core-js/client/core.js:6252:13)
	   at Anonymous function (node_modules/core-js/client/core.js:6269:30)
	   at flush (node_modules/core-js/client/core.js:2471:9)
	Error: The ng module Ng2ModuleA has already been destroyed.
	   at destroy (Unknown script code:517:13)
	   at Anonymous function (Unknown script code:281:59)
	   at destroy (Unknown script code:281:9)
	   at destroyPlatform (Unknown script code:141:9)
	   at invoke (node_modules/zone.js/dist/zone.js:386:13)
	   at onInvoke (node_modules/zone.js/dist/zone-testing.js:288:13)
	   at invoke (node_modules/zone.js/dist/zone.js:386:13)
	   at run (node_modules/zone.js/dist/zone.js:138:17)
	   at runInTestZone (node_modules/zone.js/dist/zone-testing.js:509:13)
	   at Anonymous function (node_modules/zone.js/dist/zone-testing.js:524:13)
	    at &lt;Jasmine>
	   at invokeTask (node_modules/zone.js/dist/zone.js:419:13)
	   at runTask (node_modules/zone.js/dist/zone.js:188:21)
	   at drainMicroTaskQueue (node_modules/zone.js/dist/zone.js:595:25)
	   at run (node_modules/core-js/client/core.js:6252:13)
	   at Anonymous function (node_modules/core-js/client/core.js:6269:30)
	   at flush (node_modules/core-js/client/core.js:2471:9)
[31mIE 10.0.0 (Windows 8.0.0) bootstrap factory method should remove styles when transitioning from a server render FAILED[39m
	Error: The ng module Ng2ModuleA has already been destroyed.
	   at destroy (Unknown script code:517:13)
	   at Anonymous function (Unknown script code:281:59)
	   at destroy (Unknown script code:281:9)
	   at destroyPlatform (Unknown script code:141:9)
	   at Anonymous function (Unknown script code:222:13)
	   at execute (Unknown script code:348:9)
	   at Anonymous function (Unknown script code:518:30)
	   at Anonymous function (Unknown script code:63:43)
	   at run (Unknown script code:63:9)
	   at Anonymous function (Unknown script code:156:9)
	   at invoke (node_modules/zone.js/dist/zone.js:386:13)
	   at onInvoke (node_modules/zone.js/dist/zone-testing.js:288:13)
	   at invoke (node_modules/zone.js/dist/zone.js:386:13)
	   at run (node_modules/zone.js/dist/zone.js:138:17)
	   at runInTestZone (node_modules/zone.js/dist/zone-testing.js:506:13)
	   at Anonymous function (node_modules/zone.js/dist/zone-testing.js:522:13)
	    at &lt;Jasmine>
	   at invokeTask (node_modules/zone.js/dist/zone.js:419:13)
	   at runTask (node_modules/zone.js/dist/zone.js:188:21)
	   at drainMicroTaskQueue (node_modules/zone.js/dist/zone.js:595:25)
	   at run (node_modules/core-js/client/core.js:6252:13)
	   at Anonymous function (node_modules/core-js/client/core.js:6269:30)
	   at flush (node_modules/core-js/client/core.js:2471:9)
	Error: The ng module Ng2ModuleA has already been destroyed.
	   at destroy (Unknown script code:517:13)
	   at Anonymous function (Unknown script code:281:59)
	   at destroy (Unknown script code:281:9)
	   at destroyPlatform (Unknown script code:141:9)
	   at invoke (node_modules/zone.js/dist/zone.js:386:13)
	   at onInvoke (node_modules/zone.js/dist/zone-testing.js:288:13)
	   at invoke (node_modules/zone.js/dist/zone.js:386:13)
	   at run (node_modules/zone.js/dist/zone.js:138:17)
	   at runInTestZone (node_modules/zone.js/dist/zone-testing.js:509:13)
	   at Anonymous function (node_modules/zone.js/dist/zone-testing.js:524:13)
	    at &lt;Jasmine>
	   at invokeTask (node_modules/zone.js/dist/zone.js:419:13)
	   at runTask (node_modules/zone.js/dist/zone.js:188:21)
	   at drainMicroTaskQueue (node_modules/zone.js/dist/zone.js:595:25)
	   at run (node_modules/core-js/client/core.js:6252:13)
	   at Anonymous function (node_modules/core-js/client/core.js:6269:30)
	   at flush (node_modules/core-js/client/core.js:2471:9)
[31mIE 10.0.0 (Windows 8.0.0) bootstrap factory method should run platform initializers FAILED[39m
	Error: The ng module Ng2ModuleA has already been destroyed.
	   at destroy (Unknown script code:517:13)
	   at Anonymous function (Unknown script code:281:59)
	   at destroy (Unknown script code:281:9)
	   at destroyPlatform (Unknown script code:141:9)
	   at Anonymous function (Unknown script code:222:13)
	   at execute (Unknown script code:348:9)
	   at Anonymous function (Unknown script code:518:30)
	   at Anonymous function (Unknown script code:63:43)
	   at run (Unknown script code:63:9)
	   at Anonymous function (Unknown script code:156:9)
	   at invoke (node_modules/zone.js/dist/zone.js:386:13)
	   at onInvoke (node_modules/zone.js/dist/zone-testing.js:288:13)
	   at invoke (node_modules/zone.js/dist/zone.js:386:13)
	   at run (node_modules/zone.js/dist/zone.js:138:17)
	   at runInTestZone (node_modules/zone.js/dist/zone-testing.js:506:13)
	   at Anonymous function (node_modules/zone.js/dist/zone-testing.js:522:13)
	    at &lt;Jasmine>
	   at invokeTask (node_modules/zone.js/dist/zone.js:419:13)
	   at runTask (node_modules/zone.js/dist/zone.js:188:21)
	   at drainMicroTaskQueue (node_modules/zone.js/dist/zone.js:595:25)
	   at run (node_modules/core-js/client/core.js:6252:13)
	   at Anonymous function (node_modules/core-js/client/core.js:6269:30)
	   at flush (node_modules/core-js/client/core.js:2471:9)
	Error: The ng module Ng2ModuleA has already been destroyed.
	   at destroy (Unknown script code:517:13)
	   at Anonymous function (Unknown script code:281:59)
	   at destroy (Unknown script code:281:9)
	   at destroyPlatform (Unknown script code:141:9)
	   at invoke (node_modules/zone.js/dist/zone.js:386:13)
	   at onInvoke (node_modules/zone.js/dist/zone-testing.js:288:13)
	   at invoke (node_modules/zone.js/dist/zone.js:386:13)
	   at run (node_modules/zone.js/dist/zone.js:138:17)
	   at runInTestZone (node_modules/zone.js/dist/zone-testing.js:509:13)
	   at Anonymous function (node_modules/zone.js/dist/zone-testing.js:524:13)
	    at &lt;Jasmine>
	   at invokeTask (node_modules/zone.js/dist/zone.js:419:13)
	   at runTask (node_modules/zone.js/dist/zone.js:188:21)
	   at drainMicroTaskQueue (node_modules/zone.js/dist/zone.js:595:25)
	   at run (node_modules/core-js/client/core.js:6252:13)
	   at Anonymous function (node_modules/core-js/client/core.js:6269:30)
	   at flush (node_modules/core-js/client/core.js:2471:9)
[31mIE 10.0.0 (Windows 8.0.0) bootstrap factory method should support multiple calls to bootstrap FAILED[39m
	Error: The ng module Ng2ModuleA has already been destroyed.
	   at destroy (Unknown script code:517:13)
	   at Anonymous function (Unknown script code:281:59)
	   at destroy (Unknown script code:281:9)
	   at destroyPlatform (Unknown script code:141:9)
	   at Anonymous function (Unknown script code:222:13)
	   at execute (Unknown script code:348:9)
	   at Anonymous function (Unknown script code:518:30)
	   at Anonymous function (Unknown script code:63:43)
	   at run (Unknown script code:63:9)
	   at Anonymous function (Unknown script code:156:9)
	   at invoke (node_modules/zone.js/dist/zone.js:386:13)
	   at onInvoke (node_modules/zone.js/dist/zone-testing.js:288:13)
	   at invoke (node_modules/zone.js/dist/zone.js:386:13)
	   at run (node_modules/zone.js/dist/zone.js:138:17)
	   at runInTestZone (node_modules/zone.js/dist/zone-testing.js:506:13)
	   at Anonymous function (node_modules/zone.js/dist/zone-testing.js:522:13)
	    at &lt;Jasmine>
	   at invokeTask (node_modules/zone.js/dist/zone.js:419:13)
	   at runTask (node_modules/zone.js/dist/zone.js:188:21)
	   at drainMicroTaskQueue (node_modules/zone.js/dist/zone.js:595:25)
	   at run (node_modules/core-js/client/core.js:6252:13)
	   at Anonymous function (node_modules/core-js/client/core.js:6269:30)
	   at flush (node_modules/core-js/client/core.js:2471:9)
	Error: The ng module Ng2ModuleA has already been destroyed.
	   at destroy (Unknown script code:517:13)
	   at Anonymous function (Unknown script code:281:59)
	   at destroy (Unknown script code:281:9)
	   at destroyPlatform (Unknown script code:141:9)
	   at invoke (node_modules/zone.js/dist/zone.js:386:13)
	   at onInvoke (node_modules/zone.js/dist/zone-testing.js:288:13)
	   at invoke (node_modules/zone.js/dist/zone.js:386:13)
	   at run (node_modules/zone.js/dist/zone.js:138:17)
	   at runInTestZone (node_modules/zone.js/dist/zone-testing.js:509:13)
	   at Anonymous function (node_modules/zone.js/dist/zone-testing.js:524:13)
	    at &lt;Jasmine>
	   at invokeTask (node_modules/zone.js/dist/zone.js:419:13)
	   at runTask (node_modules/zone.js/dist/zone.js:188:21)
	   at drainMicroTaskQueue (node_modules/zone.js/dist/zone.js:595:25)
	   at run (node_modules/core-js/client/core.js:6252:13)
	   at Anonymous function (node_modules/core-js/client/core.js:6269:30)
	   at flush (node_modules/core-js/client/core.js:2471:9)
[31mIE 10.0.0 (Windows 8.0.0) bootstrap factory method should avoid cyclic dependencies when root component requires Lifecycle through DI FAILED[39m
	Error: The ng module Ng2ModuleA has already been destroyed.
	   at destroy (Unknown script code:517:13)
	   at Anonymous function (Unknown script code:281:59)
	   at destroy (Unknown script code:281:9)
	   at destroyPlatform (Unknown script code:141:9)
	   at Anonymous function (Unknown script code:222:13)
	   at execute (Unknown script code:348:9)
	   at Anonymous function (Unknown script code:518:30)
	   at Anonymous function (Unknown script code:63:43)
	   at run (Unknown script code:63:9)
	   at Anonymous function (Unknown script code:156:9)
	   at invoke (node_modules/zone.js/dist/zone.js:386:13)
	   at onInvoke (node_modules/zone.js/dist/zone-testing.js:288:13)
	   at invoke (node_modules/zone.js/dist/zone.js:386:13)
	   at run (node_modules/zone.js/dist/zone.js:138:17)
	   at runInTestZone (node_modules/zone.js/dist/zone-testing.js:506:13)
	   at Anonymous function (node_modules/zone.js/dist/zone-testing.js:522:13)
	    at &lt;Jasmine>
	   at invokeTask (node_modules/zone.js/dist/zone.js:419:13)
	   at runTask (node_modules/zone.js/dist/zone.js:188:21)
	   at drainMicroTaskQueue (node_modules/zone.js/dist/zone.js:595:25)
	   at run (node_modules/core-js/client/core.js:6252:13)
	   at Anonymous function (node_modules/core-js/client/core.js:6269:30)
	   at flush (node_modules/core-js/client/core.js:2471:9)
	Error: The ng module Ng2ModuleA has already been destroyed.
	   at destroy (Unknown script code:517:13)
	   at Anonymous function (Unknown script code:281:59)
	   at destroy (Unknown script code:281:9)
	   at destroyPlatform (Unknown script code:141:9)
	   at invoke (node_modules/zone.js/dist/zone.js:386:13)
	   at onInvoke (node_modules/zone.js/dist/zone-testing.js:288:13)
	   at invoke (node_modules/zone.js/dist/zone.js:386:13)
	   at run (node_modules/zone.js/dist/zone.js:138:17)
	   at runInTestZone (node_modules/zone.js/dist/zone-testing.js:509:13)
	   at Anonymous function (node_modules/zone.js/dist/zone-testing.js:524:13)
	    at &lt;Jasmine>
	   at invokeTask (node_modules/zone.js/dist/zone.js:419:13)
	   at runTask (node_modules/zone.js/dist/zone.js:188:21)
	   at drainMicroTaskQueue (node_modules/zone.js/dist/zone.js:595:25)
	   at run (node_modules/core-js/client/core.js:6252:13)
	   at Anonymous function (node_modules/core-js/client/core.js:6269:30)
	   at flush (node_modules/core-js/client/core.js:2471:9)
[31mIE 10.0.0 (Windows 8.0.0) bootstrap factory method should not crash if change detection is invoked when the root component is disposed FAILED[39m
	Error: The ng module Ng2ModuleA has already been destroyed.
	   at destroy (Unknown script code:517:13)
	   at Anonymous function (Unknown script code:281:59)
	   at destroy (Unknown script code:281:9)
	   at destroyPlatform (Unknown script code:141:9)
	   at Anonymous function (Unknown script code:222:13)
	   at execute (Unknown script code:348:9)
	   at Anonymous function (Unknown script code:518:30)
	   at Anonymous function (Unknown script code:63:43)
	   at run (Unknown script code:63:9)
	   at Anonymous function (Unknown script code:156:9)
	   at invoke (node_modules/zone.js/dist/zone.js:386:13)
	   at onInvoke (node_modules/zone.js/dist/zone-testing.js:288:13)
	   at invoke (node_modules/zone.js/dist/zone.js:386:13)
	   at run (node_modules/zone.js/dist/zone.js:138:17)
	   at runInTestZone (node_modules/zone.js/dist/zone-testing.js:506:13)
	   at Anonymous function (node_modules/zone.js/dist/zone-testing.js:522:13)
	    at &lt;Jasmine>
	   at invokeTask (node_modules/zone.js/dist/zone.js:419:13)
	   at runTask (node_modules/zone.js/dist/zone.js:188:21)
	   at drainMicroTaskQueue (node_modules/zone.js/dist/zone.js:595:25)
	   at run (node_modules/core-js/client/core.js:6252:13)
	   at Anonymous function (node_modules/core-js/client/core.js:6269:30)
	   at flush (node_modules/core-js/client/core.js:2471:9)
	Error: The ng module Ng2ModuleA has already been destroyed.
	   at destroy (Unknown script code:517:13)
	   at Anonymous function (Unknown script code:281:59)
	   at destroy (Unknown script code:281:9)
	   at destroyPlatform (Unknown script code:141:9)
	   at invoke (node_modules/zone.js/dist/zone.js:386:13)
	   at onInvoke (node_modules/zone.js/dist/zone-testing.js:288:13)
	   at invoke (node_modules/zone.js/dist/zone.js:386:13)
	   at run (node_modules/zone.js/dist/zone.js:138:17)
	   at runInTestZone (node_modules/zone.js/dist/zone-testing.js:509:13)
	   at Anonymous function (node_modules/zone.js/dist/zone-testing.js:524:13)
	    at &lt;Jasmine>
	   at invokeTask (node_modules/zone.js/dist/zone.js:419:13)
	   at runTask (node_modules/zone.js/dist/zone.js:188:21)
	   at drainMicroTaskQueue (node_modules/zone.js/dist/zone.js:595:25)
	   at run (node_modules/core-js/client/core.js:6252:13)
	   at Anonymous function (node_modules/core-js/client/core.js:6269:30)
	   at flush (node_modules/core-js/client/core.js:2471:9)
[31mIE 10.0.0 (Windows 8.0.0) bootstrap factory method should not override locale provided during bootstrap FAILED[39m
	Error: The ng module Ng2ModuleA has already been destroyed.
	   at destroy (Unknown script code:517:13)
	   at Anonymous function (Unknown script code:281:59)
	   at destroy (Unknown script code:281:9)
	   at destroyPlatform (Unknown script code:141:9)
	   at Anonymous function (Unknown script code:222:13)
	   at execute (Unknown script code:348:9)
	   at Anonymous function (Unknown script code:518:30)
	   at Anonymous function (Unknown script code:63:43)
	   at run (Unknown script code:63:9)
	   at Anonymous function (Unknown script code:156:9)
	   at invoke (node_modules/zone.js/dist/zone.js:386:13)
	   at onInvoke (node_modules/zone.js/dist/zone-testing.js:288:13)
	   at invoke (node_modules/zone.js/dist/zone.js:386:13)
	   at run (node_modules/zone.js/dist/zone.js:138:17)
	   at runInTestZone (node_modules/zone.js/dist/zone-testing.js:506:13)
	   at Anonymous function (node_modules/zone.js/dist/zone-testing.js:522:13)
	    at &lt;Jasmine>
	   at invokeTask (node_modules/zone.js/dist/zone.js:419:13)
	   at runTask (node_modules/zone.js/dist/zone.js:188:21)
	   at drainMicroTaskQueue (node_modules/zone.js/dist/zone.js:595:25)
	   at run (node_modules/core-js/client/core.js:6252:13)
	   at Anonymous function (node_modules/core-js/client/core.js:6269:30)
	   at flush (node_modules/core-js/client/core.js:2471:9)
	Error: The ng module Ng2ModuleA has already been destroyed.
	   at destroy (Unknown script code:517:13)
	   at Anonymous function (Unknown script code:281:59)
	   at destroy (Unknown script code:281:9)
	   at destroyPlatform (Unknown script code:141:9)
	   at invoke (node_modules/zone.js/dist/zone.js:386:13)
	   at onInvoke (node_modules/zone.js/dist/zone-testing.js:288:13)
	   at invoke (node_modules/zone.js/dist/zone.js:386:13)
	   at run (node_modules/zone.js/dist/zone.js:138:17)
	   at runInTestZone (node_modules/zone.js/dist/zone-testing.js:509:13)
	   at Anonymous function (node_modules/zone.js/dist/zone-testing.js:524:13)
	    at &lt;Jasmine>
	   at invokeTask (node_modules/zone.js/dist/zone.js:419:13)
	   at runTask (node_modules/zone.js/dist/zone.js:188:21)
	   at drainMicroTaskQueue (node_modules/zone.js/dist/zone.js:595:25)
	   at run (node_modules/core-js/client/core.js:6252:13)
	   at Anonymous function (node_modules/core-js/client/core.js:6269:30)
	   at flush (node_modules/core-js/client/core.js:2471:9)
[31mIE 10.0.0 (Windows 8.0.0) bootstrap factory method should unregister change detectors when components are disposed FAILED[39m
	Error: The ng module Ng2ModuleA has already been destroyed.
	   at destroy (Unknown script code:517:13)
	   at Anonymous function (Unknown script code:281:59)
	   at destroy (Unknown script code:281:9)
	   at destroyPlatform (Unknown script code:141:9)
	   at Anonymous function (Unknown script code:222:13)
	   at execute (Unknown script code:348:9)
	   at Anonymous function (Unknown script code:518:30)
	   at Anonymous function (Unknown script code:63:43)
	   at run (Unknown script code:63:9)
	   at Anonymous function (Unknown script code:156:9)
	   at invoke (node_modules/zone.js/dist/zone.js:386:13)
	   at onInvoke (node_modules/zone.js/dist/zone-testing.js:288:13)
	   at invoke (node_modules/zone.js/dist/zone.js:386:13)
	   at run (node_modules/zone.js/dist/zone.js:138:17)
	   at runInTestZone (node_modules/zone.js/dist/zone-testing.js:506:13)
	   at Anonymous function (node_modules/zone.js/dist/zone-testing.js:522:13)
	    at &lt;Jasmine>
	   at invokeTask (node_modules/zone.js/dist/zone.js:419:13)
	   at runTask (node_modules/zone.js/dist/zone.js:188:21)
	   at drainMicroTaskQueue (node_modules/zone.js/dist/zone.js:595:25)
	   at run (node_modules/core-js/client/core.js:6252:13)
	   at Anonymous function (node_modules/core-js/client/core.js:6269:30)
	   at flush (node_modules/core-js/client/core.js:2471:9)
	Error: The ng module Ng2ModuleA has already been destroyed.
	   at destroy (Unknown script code:517:13)
	   at Anonymous function (Unknown script code:281:59)
	   at destroy (Unknown script code:281:9)
	   at destroyPlatform (Unknown script code:141:9)
	   at invoke (node_modules/zone.js/dist/zone.js:386:13)
	   at onInvoke (node_modules/zone.js/dist/zone-testing.js:288:13)
	   at invoke (node_modules/zone.js/dist/zone.js:386:13)
	   at run (node_modules/zone.js/dist/zone.js:138:17)
	   at runInTestZone (node_modules/zone.js/dist/zone-testing.js:509:13)
	   at Anonymous function (node_modules/zone.js/dist/zone-testing.js:524:13)
	    at &lt;Jasmine>
	   at invokeTask (node_modules/zone.js/dist/zone.js:419:13)
	   at runTask (node_modules/zone.js/dist/zone.js:188:21)
	   at drainMicroTaskQueue (node_modules/zone.js/dist/zone.js:595:25)
	   at run (node_modules/core-js/client/core.js:6252:13)
	   at Anonymous function (node_modules/core-js/client/core.js:6269:30)
	   at flush (node_modules/core-js/client/core.js:2471:9)
[31mIE 10.0.0 (Windows 8.0.0) bootstrap factory method should make the provided bindings available to the application component FAILED[39m
	Error: The ng module Ng2ModuleA has already been destroyed.
	   at destroy (Unknown script code:517:13)
	   at Anonymous function (Unknown script code:281:59)
	   at destroy (Unknown script code:281:9)
	   at destroyPlatform (Unknown script code:141:9)
	   at Anonymous function (Unknown script code:222:13)
	   at execute (Unknown script code:348:9)
	   at Anonymous function (Unknown script code:518:30)
	   at Anonymous function (Unknown script code:63:43)
	   at run (Unknown script code:63:9)
	   at Anonymous function (Unknown script code:156:9)
	   at invoke (node_modules/zone.js/dist/zone.js:386:13)
	   at onInvoke (node_modules/zone.js/dist/zone-testing.js:288:13)
	   at invoke (node_modules/zone.js/dist/zone.js:386:13)
	   at run (node_modules/zone.js/dist/zone.js:138:17)
	   at runInTestZone (node_modules/zone.js/dist/zone-testing.js:506:13)
	   at Anonymous function (node_modules/zone.js/dist/zone-testing.js:522:13)
	    at &lt;Jasmine>
	   at invokeTask (node_modules/zone.js/dist/zone.js:419:13)
	   at runTask (node_modules/zone.js/dist/zone.js:188:21)
	   at drainMicroTaskQueue (node_modules/zone.js/dist/zone.js:595:25)
	   at run (node_modules/core-js/client/core.js:6252:13)
	   at Anonymous function (node_modules/core-js/client/core.js:6269:30)
	   at flush (node_modules/core-js/client/core.js:2471:9)
	Error: The ng module Ng2ModuleA has already been destroyed.
	   at destroy (Unknown script code:517:13)
	   at Anonymous function (Unknown script code:281:59)
	   at destroy (Unknown script code:281:9)
	   at destroyPlatform (Unknown script code:141:9)
	   at invoke (node_modules/zone.js/dist/zone.js:386:13)
	   at onInvoke (node_modules/zone.js/dist/zone-testing.js:288:13)
	   at invoke (node_modules/zone.js/dist/zone.js:386:13)
	   at run (node_modules/zone.js/dist/zone.js:138:17)
	   at runInTestZone (node_modules/zone.js/dist/zone-testing.js:509:13)
	   at Anonymous function (node_modules/zone.js/dist/zone-testing.js:524:13)
	    at &lt;Jasmine>
	   at invokeTask (node_modules/zone.js/dist/zone.js:419:13)
	   at runTask (node_modules/zone.js/dist/zone.js:188:21)
	   at drainMicroTaskQueue (node_modules/zone.js/dist/zone.js:595:25)
	   at run (node_modules/core-js/client/core.js:6252:13)
	   at Anonymous function (node_modules/core-js/client/core.js:6269:30)
	   at flush (node_modules/core-js/client/core.js:2471:9)
[31mIE 10.0.0 (Windows 8.0.0) bootstrap factory method should set platform name to browser FAILED[39m
	Error: The ng module Ng2ModuleA has already been destroyed.
	   at destroy (Unknown script code:517:13)
	   at Anonymous function (Unknown script code:281:59)
	   at destroy (Unknown script code:281:9)
	   at destroyPlatform (Unknown script code:141:9)
	   at Anonymous function (Unknown script code:222:13)
	   at execute (Unknown script code:348:9)
	   at Anonymous function (Unknown script code:518:30)
	   at Anonymous function (Unknown script code:63:43)
	   at run (Unknown script code:63:9)
	   at Anonymous function (Unknown script code:156:9)
	   at invoke (node_modules/zone.js/dist/zone.js:386:13)
	   at onInvoke (node_modules/zone.js/dist/zone-testing.js:288:13)
	   at invoke (node_modules/zone.js/dist/zone.js:386:13)
	   at run (node_modules/zone.js/dist/zone.js:138:17)
	   at runInTestZone (node_modules/zone.js/dist/zone-testing.js:506:13)
	   at Anonymous function (node_modules/zone.js/dist/zone-testing.js:522:13)
	    at &lt;Jasmine>
	   at invokeTask (node_modules/zone.js/dist/zone.js:419:13)
	   at runTask (node_modules/zone.js/dist/zone.js:188:21)
	   at drainMicroTaskQueue (node_modules/zone.js/dist/zone.js:595:25)
	   at run (node_modules/core-js/client/core.js:6252:13)
	   at Anonymous function (node_modules/core-js/client/core.js:6269:30)
	   at flush (node_modules/core-js/client/core.js:2471:9)
	Error: The ng module Ng2ModuleA has already been destroyed.
	   at destroy (Unknown script code:517:13)
	   at Anonymous function (Unknown script code:281:59)
	   at destroy (Unknown script code:281:9)
	   at destroyPlatform (Unknown script code:141:9)
	   at invoke (node_modules/zone.js/dist/zone.js:386:13)
	   at onInvoke (node_modules/zone.js/dist/zone-testing.js:288:13)
	   at invoke (node_modules/zone.js/dist/zone.js:386:13)
	   at run (node_modules/zone.js/dist/zone.js:138:17)
	   at runInTestZone (node_modules/zone.js/dist/zone-testing.js:509:13)
	   at Anonymous function (node_modules/zone.js/dist/zone-testing.js:524:13)
	    at &lt;Jasmine>
	   at invokeTask (node_modules/zone.js/dist/zone.js:419:13)
	   at runTask (node_modules/zone.js/dist/zone.js:188:21)
	   at drainMicroTaskQueue (node_modules/zone.js/dist/zone.js:595:25)
	   at run (node_modules/core-js/client/core.js:6252:13)
	   at Anonymous function (node_modules/core-js/client/core.js:6269:30)
	   at flush (node_modules/core-js/client/core.js:2471:9)
[31mIE 10.0.0 (Windows 8.0.0) bootstrap factory method should create an injector promise FAILED[39m
	Error: The ng module Ng2ModuleA has already been destroyed.
	   at destroy (Unknown script code:517:13)
	   at Anonymous function (Unknown script code:281:59)
	   at destroy (Unknown script code:281:9)
	   at destroyPlatform (Unknown script code:141:9)
	   at Anonymous function (Unknown script code:222:13)
	   at execute (Unknown script code:348:9)
	   at Anonymous function (Unknown script code:518:30)
	   at Anonymous function (Unknown script code:63:43)
	   at run (Unknown script code:63:9)
	   at Anonymous function (Unknown script code:156:9)
	   at invoke (node_modules/zone.js/dist/zone.js:386:13)
	   at onInvoke (node_modules/zone.js/dist/zone-testing.js:288:13)
	   at invoke (node_modules/zone.js/dist/zone.js:386:13)
	   at run (node_modules/zone.js/dist/zone.js:138:17)
	   at runInTestZone (node_modules/zone.js/dist/zone-testing.js:506:13)
	   at Anonymous function (node_modules/zone.js/dist/zone-testing.js:522:13)
	    at &lt;Jasmine>
	   at invokeTask (node_modules/zone.js/dist/zone.js:419:13)
	   at runTask (node_modules/zone.js/dist/zone.js:188:21)
	   at drainMicroTaskQueue (node_modules/zone.js/dist/zone.js:595:25)
	   at run (node_modules/core-js/client/core.js:6252:13)
	   at Anonymous function (node_modules/core-js/client/core.js:6269:30)
	   at flush (node_modules/core-js/client/core.js:2471:9)
	Error: The ng module Ng2ModuleA has already been destroyed.
	   at destroy (Unknown script code:517:13)
	   at Anonymous function (Unknown script code:281:59)
	   at destroy (Unknown script code:281:9)
	   at destroyPlatform (Unknown script code:141:9)
	   at invoke (node_modules/zone.js/dist/zone.js:386:13)
	   at onInvoke (node_modules/zone.js/dist/zone-testing.js:288:13)
	   at invoke (node_modules/zone.js/dist/zone.js:386:13)
	   at run (node_modules/zone.js/dist/zone.js:138:17)
	   at runInTestZone (node_modules/zone.js/dist/zone-testing.js:509:13)
	   at Anonymous function (node_modules/zone.js/dist/zone-testing.js:524:13)
	    at &lt;Jasmine>
	   at invokeTask (node_modules/zone.js/dist/zone.js:419:13)
	   at runTask (node_modules/zone.js/dist/zone.js:188:21)
	   at drainMicroTaskQueue (node_modules/zone.js/dist/zone.js:595:25)
	   at run (node_modules/core-js/client/core.js:6252:13)
	   at Anonymous function (node_modules/core-js/client/core.js:6269:30)
	   at flush (node_modules/core-js/client/core.js:2471:9)</Output>
      </ExampleDataOfString>
      <ExampleDataOfString>
        <InputPath>TypeScript/angular@angular/failed/476598534.log</InputPath>
        <Output>[31mFirefox 60.0.0 (Windows 7.0.0) upgrade angular1_providers injectorFactory should throw if the injector value has not been set yet FAILED[39m
	Expected function to throw an Error.
	&lt;Jasmine>
	@packages/upgrade/test/static/angular1_providers_spec.ts:33:8 &lt;- dist/all/@angular/upgrade/test/static/angular1_providers_spec.js:29:17
	ZoneDelegate.prototype.invoke@node_modules/zone.js/dist/zone.js:388:17
	ProxyZoneSpec.prototype.onInvoke@node_modules/zone.js/dist/zone-testing.js:288:20
	ZoneDelegate.prototype.invoke@node_modules/zone.js/dist/zone.js:387:17
	Zone.prototype.run@node_modules/zone.js/dist/zone.js:138:24
	runInTestZone@node_modules/zone.js/dist/zone-testing.js:509:20
	wrapTestInZone/&lt;@node_modules/zone.js/dist/zone-testing.js:524:20
	&lt;Jasmine>
	ZoneDelegate.prototype.invokeTask@node_modules/zone.js/dist/zone.js:421:17
	Zone.prototype.runTask@node_modules/zone.js/dist/zone.js:188:28
	drainMicroTaskQueue@node_modules/zone.js/dist/zone.js:595:25
	run@node_modules/core-js/client/core.js:6252:22
	notify/&lt;@node_modules/core-js/client/core.js:6269:30
	flush@node_modules/core-js/client/core.js:2471:9</Output>
      </ExampleDataOfString>
      <ExampleDataOfString>
        <InputPath>TypeScript/angular@angular/failed/499899891.log</InputPath>
        <Output>[16:40:38] E/launcher - Error: TSError: ⨯ Unable to compile TypeScript
e2e/app.e2e-spec.ts (5,1): Cannot find name 'describe'. (2304)
e2e/app.e2e-spec.ts (7,13): Argument of type '() => void' is not assignable to parameter of type '(done: any) => Promise&lt;void>'.
  Type 'void' is not assignable to type 'Promise&lt;void>'. (2345)
e2e/app.e2e-spec.ts (11,57): Argument of type '() => void' is not assignable to parameter of type '(done: any) => Promise&lt;void>'.
  Type 'void' is not assignable to type 'Promise&lt;void>'. (2345)
e2e/app.e2e-spec.ts (15,42): Argument of type '() => void' is not assignable to parameter of type '(done: any) => Promise&lt;void>'.
  Type 'void' is not assignable to type 'Promise&lt;void>'. (2345)
e2e/app.e2e-spec.ts (45,9): Cannot find name 'expect'. (2304)
e2e/app.e2e-spec.ts (47,9): Cannot find name 'expect'. (2304)
e2e/app.e2e-spec.ts (49,9): Cannot find name 'expect'. (2304)
e2e/app.e2e-spec.ts (54,49): Argument of type '() => void' is not assignable to parameter of type '(done: any) => Promise&lt;void>'.
  Type 'void' is not assignable to type 'Promise&lt;void>'. (2345)
e2e/app.e2e-spec.ts (58,46): Argument of type '() => void' is not assignable to parameter of type '(done: any) => Promise&lt;void>'.
  Type 'void' is not assignable to type 'Promise&lt;void>'. (2345)
e2e/app.e2e-spec.ts (62,68): Argument of type '() => void' is not assignable to parameter of type '(done: any) => Promise&lt;void>'.
  Type 'void' is not assignable to type 'Promise&lt;void>'. (2345)
e2e/app.e2e-spec.ts (66,45): Argument of type '() => void' is not assignable to parameter of type '(done: any) => Promise&lt;void>'.
  Type 'void' is not assignable to type 'Promise&lt;void>'. (2345)
e2e/app.e2e-spec.ts (70,45): Argument of type '() => void' is not assignable to parameter of type '(done: any) => Promise&lt;void>'.
  Type 'void' is not assignable to type 'Promise&lt;void>'. (2345)
e2e/app.e2e-spec.ts (78,5): Cannot find name 'expect'. (2304)
e2e/app.e2e-spec.ts (81,7): Cannot find name 'expect'. (2304)
e2e/app.e2e-spec.ts (87,5): Cannot find name 'expect'. (2304)
e2e/app.e2e-spec.ts (106,7): Cannot find name 'expect'. (2304)
e2e/app.e2e-spec.ts (108,9): Cannot find name 'expect'. (2304)
e2e/app.e2e-spec.ts (109,9): Cannot find name 'expect'. (2304)
e2e/app.e2e-spec.ts (111,9): Cannot find name 'expect'. (2304)
    at getOutput (/home/travis/build/angular/angular/aio/tools/examples/shared/node_modules/ts-node/src/index.ts:307:15)
    at /home/travis/build/angular/angular/aio/tools/examples/shared/node_modules/ts-node/src/index.ts:336:16
    at Object.compile (/home/travis/build/angular/angular/aio/tools/examples/shared/node_modules/ts-node/src/index.ts:498:11)
    at Module.m._compile (/home/travis/build/angular/angular/aio/tools/examples/shared/node_modules/ts-node/src/index.ts:392:43)
    at Module._extensions..js (module.js:646:10)
    at Object.require.extensions.(anonymous function) [as .ts] (/home/travis/build/angular/angular/aio/tools/examples/shared/node_modules/ts-node/src/index.ts:395:12)
    at Module.load (/home/travis/build/angular/angular/aio/node_modules/coffee-script/lib/coffee-script/register.js:45:36)
    at tryModuleLoad (module.js:497:12)
    at Function.Module._load (module.js:489:3)
    at Module.require (module.js:579:17)
    at require (internal/module.js:11:18)
    at /home/travis/build/angular/angular/aio/tools/examples/shared/node_modules/protractor/node_modules/jasmine/lib/jasmine.js:93:5
    at Array.forEach (&lt;anonymous>)
    at Jasmine.loadSpecs (/home/travis/build/angular/angular/aio/tools/examples/shared/node_modules/protractor/node_modules/jasmine/lib/jasmine.js:92:18)
    at Jasmine.execute (/home/travis/build/angular/angular/aio/tools/examples/shared/node_modules/protractor/node_modules/jasmine/lib/jasmine.js:197:8)
    at /home/travis/build/angular/angular/aio/tools/examples/shared/node_modules/protractor/built/frameworks/jasmine.js:132:15
    at Function.promise (/home/travis/build/angular/angular/aio/tools/examples/shared/node_modules/protractor/node_modules/q/q.js:682:9)
    at /home/travis/build/angular/angular/aio/tools/examples/shared/node_modules/protractor/built/frameworks/jasmine.js:104:14
    at _fulfilled (/home/travis/build/angular/angular/aio/tools/examples/shared/node_modules/protractor/node_modules/q/q.js:834:54)
    at self.promiseDispatch.done (/home/travis/build/angular/angular/aio/tools/examples/shared/node_modules/protractor/node_modules/q/q.js:863:30)
    at Promise.promise.promiseDispatch (/home/travis/build/angular/angular/aio/tools/examples/shared/node_modules/protractor/node_modules/q/q.js:796:13)
    at /home/travis/build/angular/angular/aio/tools/examples/shared/node_modules/protractor/node_modules/q/q.js:556:49
    at runSingle (/home/travis/build/angular/angular/aio/tools/examples/shared/node_modules/protractor/node_modules/q/q.js:137:13)
    at flush (/home/travis/build/angular/angular/aio/tools/examples/shared/node_modules/protractor/node_modules/q/q.js:125:13)
    at _combinedTickCallback (internal/process/next_tick.js:131:7)
    at process._tickCallback (internal/process/next_tick.js:180:9)</Output>
      </ExampleDataOfString>
      <ExampleDataOfString>
        <InputPath>TypeScript/angular@angular/failed/502325280.log</InputPath>
        <Output>=== Deploying to 'v6-angular-io'...

i  deploying database, hosting
i  database: checking rules syntax...
✔  database: rules syntax is valid
i  hosting: preparing dist directory for upload...

i  Progress: [
Error: An unexpected error has occurred.
error Command failed with exit code 1.</Output>
      </ExampleDataOfString>
      <ExampleDataOfString>
        <InputPath>TypeScript/angular@angular/failed/502325876.log</InputPath>
        <Output>=== Deploying to 'v5-angular-io'...

i  deploying database, hosting
i  database: checking rules syntax...
✔  database: rules syntax is valid
i  hosting: preparing dist directory for upload...

i  Progress: [
Error: An unexpected error has occurred.
error Command failed with exit code 1.</Output>
      </ExampleDataOfString>
      <ExampleDataOfString>
        <InputPath>TypeScript/angular@angular/failed/502664562.log</InputPath>
        <Output>[17:11:01] E/launcher - Error: TSError: ⨯ Unable to compile TypeScript
e2e/app.e2e-spec.ts (5,1): Cannot find name 'describe'. (2304)
e2e/app.e2e-spec.ts (7,13): Argument of type '() => void' is not assignable to parameter of type '(done: any) => Promise&lt;void>'.
  Type 'void' is not assignable to type 'Promise&lt;void>'. (2345)
e2e/app.e2e-spec.ts (11,57): Argument of type '() => void' is not assignable to parameter of type '(done: any) => Promise&lt;void>'.
  Type 'void' is not assignable to type 'Promise&lt;void>'. (2345)
e2e/app.e2e-spec.ts (15,42): Argument of type '() => void' is not assignable to parameter of type '(done: any) => Promise&lt;void>'.
  Type 'void' is not assignable to type 'Promise&lt;void>'. (2345)
e2e/app.e2e-spec.ts (45,9): Cannot find name 'expect'. (2304)
e2e/app.e2e-spec.ts (47,9): Cannot find name 'expect'. (2304)
e2e/app.e2e-spec.ts (49,9): Cannot find name 'expect'. (2304)
e2e/app.e2e-spec.ts (54,49): Argument of type '() => void' is not assignable to parameter of type '(done: any) => Promise&lt;void>'.
  Type 'void' is not assignable to type 'Promise&lt;void>'. (2345)
e2e/app.e2e-spec.ts (58,46): Argument of type '() => void' is not assignable to parameter of type '(done: any) => Promise&lt;void>'.
  Type 'void' is not assignable to type 'Promise&lt;void>'. (2345)
e2e/app.e2e-spec.ts (62,68): Argument of type '() => void' is not assignable to parameter of type '(done: any) => Promise&lt;void>'.
  Type 'void' is not assignable to type 'Promise&lt;void>'. (2345)
e2e/app.e2e-spec.ts (66,45): Argument of type '() => void' is not assignable to parameter of type '(done: any) => Promise&lt;void>'.
  Type 'void' is not assignable to type 'Promise&lt;void>'. (2345)
e2e/app.e2e-spec.ts (70,45): Argument of type '() => void' is not assignable to parameter of type '(done: any) => Promise&lt;void>'.
  Type 'void' is not assignable to type 'Promise&lt;void>'. (2345)
e2e/app.e2e-spec.ts (78,5): Cannot find name 'expect'. (2304)
e2e/app.e2e-spec.ts (81,7): Cannot find name 'expect'. (2304)
e2e/app.e2e-spec.ts (87,5): Cannot find name 'expect'. (2304)
e2e/app.e2e-spec.ts (106,7): Cannot find name 'expect'. (2304)
e2e/app.e2e-spec.ts (108,9): Cannot find name 'expect'. (2304)
e2e/app.e2e-spec.ts (109,9): Cannot find name 'expect'. (2304)
e2e/app.e2e-spec.ts (111,9): Cannot find name 'expect'. (2304)
    at getOutput (/home/travis/build/angular/angular/aio/tools/examples/shared/node_modules/ts-node/src/index.ts:307:15)
    at /home/travis/build/angular/angular/aio/tools/examples/shared/node_modules/ts-node/src/index.ts:336:16
    at Object.compile (/home/travis/build/angular/angular/aio/tools/examples/shared/node_modules/ts-node/src/index.ts:498:11)
    at Module.m._compile (/home/travis/build/angular/angular/aio/tools/examples/shared/node_modules/ts-node/src/index.ts:392:43)
    at Module._extensions..js (module.js:646:10)
    at Object.require.extensions.(anonymous function) [as .ts] (/home/travis/build/angular/angular/aio/tools/examples/shared/node_modules/ts-node/src/index.ts:395:12)
    at Module.load (/home/travis/build/angular/angular/aio/node_modules/coffee-script/lib/coffee-script/register.js:45:36)
    at tryModuleLoad (module.js:497:12)
    at Function.Module._load (module.js:489:3)
    at Module.require (module.js:579:17)
    at require (internal/module.js:11:18)
    at /home/travis/build/angular/angular/aio/tools/examples/shared/node_modules/protractor/node_modules/jasmine/lib/jasmine.js:93:5
    at Array.forEach (&lt;anonymous>)
    at Jasmine.loadSpecs (/home/travis/build/angular/angular/aio/tools/examples/shared/node_modules/protractor/node_modules/jasmine/lib/jasmine.js:92:18)
    at Jasmine.execute (/home/travis/build/angular/angular/aio/tools/examples/shared/node_modules/protractor/node_modules/jasmine/lib/jasmine.js:197:8)
    at /home/travis/build/angular/angular/aio/tools/examples/shared/node_modules/protractor/built/frameworks/jasmine.js:132:15
    at Function.promise (/home/travis/build/angular/angular/aio/tools/examples/shared/node_modules/protractor/node_modules/q/q.js:682:9)
    at /home/travis/build/angular/angular/aio/tools/examples/shared/node_modules/protractor/built/frameworks/jasmine.js:104:14
    at _fulfilled (/home/travis/build/angular/angular/aio/tools/examples/shared/node_modules/protractor/node_modules/q/q.js:834:54)
    at self.promiseDispatch.done (/home/travis/build/angular/angular/aio/tools/examples/shared/node_modules/protractor/node_modules/q/q.js:863:30)
    at Promise.promise.promiseDispatch (/home/travis/build/angular/angular/aio/tools/examples/shared/node_modules/protractor/node_modules/q/q.js:796:13)
    at /home/travis/build/angular/angular/aio/tools/examples/shared/node_modules/protractor/node_modules/q/q.js:556:49
    at runSingle (/home/travis/build/angular/angular/aio/tools/examples/shared/node_modules/protractor/node_modules/q/q.js:137:13)
    at flush (/home/travis/build/angular/angular/aio/tools/examples/shared/node_modules/protractor/node_modules/q/q.js:125:13)
    at _combinedTickCallback (internal/process/next_tick.js:131:7)
    at process._tickCallback (internal/process/next_tick.js:180:9)</Output>
      </ExampleDataOfString>
      <ExampleDataOfString>
        <InputPath>TypeScript/angular@angular/failed/502677197.log</InputPath>
        <Output>1) NgPackagesInstaller installLocalDependencies() when there is no local package marker should overwrite package.json with modified config
  Message:
[31m    Expected spy writeFileSync to have been called with [ '/home/travis/build/angular/angular/aio/root/dir/package.json', '{
      "dependencies": {
        "@angular/core": "file:/home/travis/build/angular/angular/dist/packages-dist/core",
        "@angular/common": "file:/home/travis/build/angular/angular/dist/packages-dist/common",
        "rxjs": "^6.4.0"
      },
      "devDependencies": {
        "@angular/compiler-cli": "file:/home/travis/build/angular/angular/dist/tools/@angular/compiler-cli",
        "zone.js": "^0.8.26",
        "some-package": "5.0.1",
        "typescript": "^2.4.2"
      },
      "__angular": {
        "local": true
      }
    }' ] but actual calls were [ '/home/travis/build/angular/angular/dist/packages-dist/core/package.json', '{
      "peerDependencies": {
        "rxjs": "^6.4.0",
        "some-package": "5.0.1",
        "zone.js": "~0.8.26"
      },
      "private": true
    }' ], [ '/home/travis/build/angular/angular/dist/packages-dist/common/package.json', '{
      "peerDependencies": {
        "@angular/core": "4.4.4-1ab23cd4"
      },
      "private": true
    }' ], [ '/home/travis/build/angular/angular/dist/packages-dist/compiler/package.json', '{
      "peerDependencies": {
        "@angular/common": "4.4.4-1ab23cd4"
      },
      "private": true
    }' ], [ '/home/travis/build/angular/angular/dist/tools/@angular/compiler-cli/package.json', '{
      "dependencies": {
        "@angular/tsc-wrapped": "file:/home/travis/build/angular/angular/dist/tools/@angular/tsc-wrapped"
      },
      "peerDependencies": {
        "typescript": "^2.4.2",
        "@angular/compiler": "4.4.4-1ab23cd4"
      },
      "private": true
    }' ], [ '/home/travis/build/angular/angular/dist/tools/@angular/tsc-wrapped/package.json', '{
      "devDependencies": {
        "@angular/common": "file:/home/travis/build/angular/angular/dist/packages-dist/common"
      },
      "peerDependencies": {
        "tsickle": "^1.4.0"
      },
      "private": true
    }' ], [ '/home/travis/build/angular/angular/aio/root/dir/package.json', '{
      "dependencies": {
        "@angular/core": "file:/home/travis/build/angular/angular/dist/packages-dist/core",
        "@angular/common": "file:/home/travis/build/angular/angular/dist/packages-dist/common",
        "rxjs": "file:/home/travis/build/angular/angular/node_modules/rxjs"
      },
      "devDependencies": {
        "@angular/compiler-cli": "file:/home/travis/build/angular/angular/dist/tools/@angular/compiler-cli",
        "zone.js": "^0.8.26",
        "some-package": "5.0.1",
        "typescript": "^2.4.2"
      },
      "__angular": {
        "local": true
      }
    }' ], [ '/home/travis/build/angular/angular/aio/root/dir/package.json', '{"dependencies":{"@angular/core":"4.4.1","@angular/common":"4.4.1","rxjs":"^6.3.0"},"devDependencies":{"@angular/compiler-cli":"4.4.1","zone.js":"^0.8.26"}}' ], [ '/home/travis/build/angular/angular/dist/packages-dist/core/package.json', '{
      "peerDependencies": {
        "rxjs": "^6.4.0",
        "some-package": "5.0.1",
        "zone.js": "~0.8.26"
      }
    }' ], [ '/home/travis/build/angular/angular/dist/packages-dist/common/package.json', '{
      "peerDependencies": {
        "@angular/core": "4.4.4-1ab23cd4"
      }
    }' ], [ '/home/travis/build/angular/angular/dist/packages-dist/compiler/package.json', '{
      "peerDependencies": {
        "@angular/common": "4.4.4-1ab23cd4"
      }
    }' ], [ '/home/travis/build/angular/angular/dist/tools/@angular/compiler-cli/package.json', '{
      "dependencies": {
        "@angular/tsc-wrapped": "4.4.4-1ab23cd4"
      },
      "peerDependencies": {
        "typescript": "^2.4.2",
        "@angular/compiler": "4.4.4-1ab23cd4"
      }
    }' ], [ '/home/travis/build/angular/angular/dist/tools/@angular/tsc-wrapped/package.json', '{
      "devDependencies": {
        "@angular/common": "4.4.4-1ab23cd4"
      },
      "peerDependencies": {
        "tsickle": "^1.4.0"
      }
    }' ].[0m
  Stack:
    Error: Expected spy writeFileSync to have been called with [ '/home/travis/build/angular/angular/aio/root/dir/package.json', '{
      "dependencies": {
        "@angular/core": "file:/home/travis/build/angular/angular/dist/packages-dist/core",
        "@angular/common": "file:/home/travis/build/angular/angular/dist/packages-dist/common",
        "rxjs": "^6.4.0"
      },
      "devDependencies": {
        "@angular/compiler-cli": "file:/home/travis/build/angular/angular/dist/tools/@angular/compiler-cli",
        "zone.js": "^0.8.26",
        "some-package": "5.0.1",
        "typescript": "^2.4.2"
      },
      "__angular": {
        "local": true
      }
    }' ] but actual calls were [ '/home/travis/build/angular/angular/dist/packages-dist/core/package.json', '{
      "peerDependencies": {
        "rxjs": "^6.4.0",
        "some-package": "5.0.1",
        "zone.js": "~0.8.26"
      },
      "private": true
    }' ], [ '/home/travis/build/angular/angular/dist/packages-dist/common/package.json', '{
      "peerDependencies": {
        "@angular/core": "4.4.4-1ab23cd4"
      },
      "private": true
    }' ], [ '/home/travis/build/angular/angular/dist/packages-dist/compiler/package.json', '{
      "peerDependencies": {
        "@angular/common": "4.4.4-1ab23cd4"
      },
      "private": true
    }' ], [ '/home/travis/build/angular/angular/dist/tools/@angular/compiler-cli/package.json', '{
      "dependencies": {
        "@angular/tsc-wrapped": "file:/home/travis/build/angular/angular/dist/tools/@angular/tsc-wrapped"
      },
      "peerDependencies": {
        "typescript": "^2.4.2",
        "@angular/compiler": "4.4.4-1ab23cd4"
      },
      "private": true
    }' ], [ '/home/travis/build/angular/angular/dist/tools/@angular/tsc-wrapped/package.json', '{
      "devDependencies": {
        "@angular/common": "file:/home/travis/build/angular/angular/dist/packages-dist/common"
      },
      "peerDependencies": {
        "tsickle": "^1.4.0"
      },
      "private": true
    }' ], [ '/home/travis/build/angular/angular/aio/root/dir/package.json', '{
      "dependencies": {
        "@angular/core": "file:/home/travis/build/angular/angular/dist/packages-dist/core",
        "@angular/common": "file:/home/travis/build/angular/angular/dist/packages-dist/common",
        "rxjs": "file:/home/travis/build/angular/angular/node_modules/rxjs"
      },
      "devDependencies": {
        "@angular/compiler-cli": "file:/home/travis/build/angular/angular/dist/tools/@angular/compiler-cli",
        "zone.js": "^0.8.26",
        "some-package": "5.0.1",
        "typescript": "^2.4.2"
      },
      "__angular": {
        "local": true
      }
    }' ], [ '/home/travis/build/angular/angular/aio/root/dir/package.json', '{"dependencies":{"@angular/core":"4.4.1","@angular/common":"4.4.1","rxjs":"^6.3.0"},"devDependencies":{"@angular/compiler-cli":"4.4.1","zone.js":"^0.8.26"}}' ], [ '/home/travis/build/angular/angular/dist/packages-dist/core/package.json', '{
      "peerDependencies": {
        "rxjs": "^6.4.0",
        "some-package": "5.0.1",
        "zone.js": "~0.8.26"
      }
    }' ], [ '/home/travis/build/angular/angular/dist/packages-dist/common/package.json', '{
      "peerDependencies": {
        "@angular/core": "4.4.4-1ab23cd4"
      }
    }' ], [ '/home/travis/build/angular/angular/dist/packages-dist/compiler/package.json', '{
      "peerDependencies": {
        "@angular/common": "4.4.4-1ab23cd4"
      }
    }' ], [ '/home/travis/build/angular/angular/dist/tools/@angular/compiler-cli/package.json', '{
      "dependencies": {
        "@angular/tsc-wrapped": "4.4.4-1ab23cd4"
      },
      "peerDependencies": {
        "typescript": "^2.4.2",
        "@angular/compiler": "4.4.4-1ab23cd4"
      }
    }' ], [ '/home/travis/build/angular/angular/dist/tools/@angular/tsc-wrapped/package.json', '{
      "devDependencies": {
        "@angular/common": "4.4.4-1ab23cd4"
      },
      "peerDependencies": {
        "tsickle": "^1.4.0"
      }
    }' ].
        at UserContext.it (/home/travis/build/angular/angular/aio/tools/ng-packages-installer/index.spec.js:216:34)

2) NgPackagesInstaller installLocalDependencies() when there is no local package marker should overwrite package.json, then install deps, then restore original package.json
  Message:
[31m    Expected $[0] = 'writeFile: {
      "dependencies": {
        "@angular/core": "file:/home/travis/build/angular/angular/dist/packages-dist/core",
        "@angular/common": "file:/home/travis/build/angular/angular/dist/packages-dist/common",
        "rxjs": "file:/home/travis/build/angular/angular/node_modules/rxjs"
      },
      "devDependencies": {
        "@angular/compiler-cli": "file:/home/travis/build/angular/angular/dist/tools/@angular/compiler-cli",
        "zone.js": "^0.8.26",
        "some-package": "5.0.1",
        "typescript": "^2.4.2"
      },
      "__angular": {
        "local": true
      }
    }' to equal 'writeFile: {
      "dependencies": {
        "@angular/core": "file:/home/travis/build/angular/angular/dist/packages-dist/core",
        "@angular/common": "file:/home/travis/build/angular/angular/dist/packages-dist/common",
        "rxjs": "^6.4.0"
      },
      "devDependencies": {
        "@angular/compiler-cli": "file:/home/travis/build/angular/angular/dist/tools/@angular/compiler-cli",
        "zone.js": "^0.8.26",
        "some-package": "5.0.1",
        "typescript": "^2.4.2"
      },
      "__angular": {
        "local": true
      }
    }'.[0m
  Stack:
    Error: Expected $[0] = 'writeFile: {
      "dependencies": {
        "@angular/core": "file:/home/travis/build/angular/angular/dist/packages-dist/core",
        "@angular/common": "file:/home/travis/build/angular/angular/dist/packages-dist/common",
        "rxjs": "file:/home/travis/build/angular/angular/node_modules/rxjs"
      },
      "devDependencies": {
        "@angular/compiler-cli": "file:/home/travis/build/angular/angular/dist/tools/@angular/compiler-cli",
        "zone.js": "^0.8.26",
        "some-package": "5.0.1",
        "typescript": "^2.4.2"
      },
      "__angular": {
        "local": true
      }
    }' to equal 'writeFile: {
      "dependencies": {
        "@angular/core": "file:/home/travis/build/angular/angular/dist/packages-dist/core",
        "@angular/common": "file:/home/travis/build/angular/angular/dist/packages-dist/common",
        "rxjs": "^6.4.0"
      },
      "devDependencies": {
        "@angular/compiler-cli": "file:/home/travis/build/angular/angular/dist/tools/@angular/compiler-cli",
        "zone.js": "^0.8.26",
        "some-package": "5.0.1",
        "typescript": "^2.4.2"
      },
      "__angular": {
        "local": true
      }
    }'.
        at UserContext.it (/home/travis/build/angular/angular/aio/tools/ng-packages-installer/index.spec.js:224:21)

3) NgPackagesInstaller installLocalDependencies() when there is no local package marker should set the local marker file with the contents of the modified package.json
  Message:
[31m    Expected spy _setLocalMarker to have been called with [ '{
      "dependencies": {
        "@angular/core": "file:/home/travis/build/angular/angular/dist/packages-dist/core",
        "@angular/common": "file:/home/travis/build/angular/angular/dist/packages-dist/common",
        "rxjs": "^6.4.0"
      },
      "devDependencies": {
        "@angular/compiler-cli": "file:/home/travis/build/angular/angular/dist/tools/@angular/compiler-cli",
        "zone.js": "^0.8.26",
        "some-package": "5.0.1",
        "typescript": "^2.4.2"
      },
      "__angular": {
        "local": true
      }
    }' ] but actual calls were [ '{
      "dependencies": {
        "@angular/core": "file:/home/travis/build/angular/angular/dist/packages-dist/core",
        "@angular/common": "file:/home/travis/build/angular/angular/dist/packages-dist/common",
        "rxjs": "file:/home/travis/build/angular/angular/node_modules/rxjs"
      },
      "devDependencies": {
        "@angular/compiler-cli": "file:/home/travis/build/angular/angular/dist/tools/@angular/compiler-cli",
        "zone.js": "^0.8.26",
        "some-package": "5.0.1",
        "typescript": "^2.4.2"
      },
      "__angular": {
        "local": true
      }
    }' ].[0m
  Stack:
    Error: Expected spy _setLocalMarker to have been called with [ '{
      "dependencies": {
        "@angular/core": "file:/home/travis/build/angular/angular/dist/packages-dist/core",
        "@angular/common": "file:/home/travis/build/angular/angular/dist/packages-dist/common",
        "rxjs": "^6.4.0"
      },
      "devDependencies": {
        "@angular/compiler-cli": "file:/home/travis/build/angular/angular/dist/tools/@angular/compiler-cli",
        "zone.js": "^0.8.26",
        "some-package": "5.0.1",
        "typescript": "^2.4.2"
      },
      "__angular": {
        "local": true
      }
    }' ] but actual calls were [ '{
      "dependencies": {
        "@angular/core": "file:/home/travis/build/angular/angular/dist/packages-dist/core",
        "@angular/common": "file:/home/travis/build/angular/angular/dist/packages-dist/common",
        "rxjs": "file:/home/travis/build/angular/angular/node_modules/rxjs"
      },
      "devDependencies": {
        "@angular/compiler-cli": "file:/home/travis/build/angular/angular/dist/tools/@angular/compiler-cli",
        "zone.js": "^0.8.26",
        "some-package": "5.0.1",
        "typescript": "^2.4.2"
      },
      "__angular": {
        "local": true
      }
    }' ].
        at UserContext.it (/home/travis/build/angular/angular/aio/tools/ng-packages-installer/index.spec.js:232:43)</Output>
      </ExampleDataOfString>
      <ExampleDataOfString>
        <InputPath>TypeScript/angular@angular/failed/504754325.log</InputPath>
        <Output>rake aborted!
No Rakefile found (looking for: rakefile, Rakefile, rakefile.rb, Rakefile.rb)</Output>
      </ExampleDataOfString>
      <ExampleDataOfString>
        <InputPath>TypeScript/angular@angular/failed/504763230.log</InputPath>
        <Output>rake aborted!
No Rakefile found (looking for: rakefile, Rakefile, rakefile.rb, Rakefile.rb)</Output>
      </ExampleDataOfString>
    </Examples>
  </LearningData>
  <LogKind>
    <Language>java</Language>
    <BuildTool>android</BuildTool>
  </LogKind>
  <Target>BuildFailureReason</Target>
</AnalysisProgramOfRegionAnalysisSessionString>