<?xml version="1.0" encoding="utf-8" ?>
<AnalysisProgramOfRegionAnalysisSessionString xmlns:xsd="http://www.w3.org/2001/XMLSchema" xmlns:xsi="http://www.w3.org/2001/XMLSchema-instance">
  <SaveName>BuildFailureReason/TypeScript/Microsoft@TypeScript</SaveName>
  <LearningData>
    <InputPaths>
      <string>TypeScript/Microsoft@TypeScript/failed/566234931.log</string>
      <string>TypeScript/Microsoft@TypeScript/failed/566236265.log</string>
      <string>TypeScript/Microsoft@TypeScript/failed/566547811.log</string>
      <string>TypeScript/Microsoft@TypeScript/failed/566574811.log</string>
      <string>TypeScript/Microsoft@TypeScript/failed/566591714.log</string>
      <string>TypeScript/Microsoft@TypeScript/failed/566744351.log</string>
      <string>TypeScript/Microsoft@TypeScript/failed/566745214.log</string>
      <string>TypeScript/Microsoft@TypeScript/failed/567134594.log</string>
      <string>TypeScript/Microsoft@TypeScript/failed/567323035.log</string>
      <string>TypeScript/Microsoft@TypeScript/failed/567573637.log</string>
    </InputPaths>
    <Examples>
      <ExampleDataOfString>
        <InputPath>TypeScript/Microsoft@TypeScript/failed/566234931.log</InputPath>
        <Keywords>
          <string></string>
          <string></string>
          <string></string>
        </Keywords>
        <Category></Category>
        <Output>1) 
       
         unittests:: Reuse program structure:: General
           fails if change affects tripleslash references:
     AssertionError: expected 1 to equal 2
      at Context.&lt;anonymous> (src/testRunner/unittests/reuseProgramStructure.ts:259:20)
      at processImmediate (internal/timers.js:439:21)

  2) 
       
         unittests:: Reuse program structure:: General
           fails if change affects imports:
     AssertionError: expected 1 to equal 2
      at Context.&lt;anonymous> (src/testRunner/unittests/reuseProgramStructure.ts:279:20)
      at processImmediate (internal/timers.js:439:21)

  3) 
       
         unittests:: Reuse program structure:: General
           fails if change affects type directives:
     AssertionError: expected 1 to equal 2
      at Context.&lt;anonymous> (src/testRunner/unittests/reuseProgramStructure.ts:291:20)
      at processImmediate (internal/timers.js:439:21)

  4) 
       
         unittests:: Reuse program structure:: General
           resolution cache follows imports:
     AssertionError: expected 1 to equal 2
      at Context.&lt;anonymous> (src/testRunner/unittests/reuseProgramStructure.ts:363:20)
      at processImmediate (internal/timers.js:439:21)

  5) 
       
         unittests:: Reuse program structure:: General
           resolved type directives cache follows type directives:
     AssertionError: expected 1 to equal 2
      at Context.&lt;anonymous> (src/testRunner/unittests/reuseProgramStructure.ts:438:20)
      at processImmediate (internal/timers.js:439:21)</Output>
      </ExampleDataOfString>
      <ExampleDataOfString>
        <InputPath>TypeScript/Microsoft@TypeScript/failed/566236265.log</InputPath>
        <Keywords>
          <string></string>
          <string></string>
          <string></string>
        </Keywords>
        <Category></Category>
        <Output>1) 
       
         unittests:: Reuse program structure:: General
           fails if change affects tripleslash references:
     AssertionError: expected 1 to equal 2
      at Context.&lt;anonymous> (src/testRunner/unittests/reuseProgramStructure.ts:259:20)
      at processImmediate (internal/timers.js:439:21)

  2) 
       
         unittests:: Reuse program structure:: General
           fails if change affects imports:
     AssertionError: expected 1 to equal 2
      at Context.&lt;anonymous> (src/testRunner/unittests/reuseProgramStructure.ts:279:20)
      at processImmediate (internal/timers.js:439:21)

  3) 
       
         unittests:: Reuse program structure:: General
           fails if change affects type directives:
     AssertionError: expected 1 to equal 2
      at Context.&lt;anonymous> (src/testRunner/unittests/reuseProgramStructure.ts:291:20)
      at processImmediate (internal/timers.js:439:21)

  4) 
       
         unittests:: Reuse program structure:: General
           resolution cache follows imports:
     AssertionError: expected 1 to equal 2
      at Context.&lt;anonymous> (src/testRunner/unittests/reuseProgramStructure.ts:363:20)
      at processImmediate (internal/timers.js:439:21)

  5) 
       
         unittests:: Reuse program structure:: General
           resolved type directives cache follows type directives:
     AssertionError: expected 1 to equal 2
      at Context.&lt;anonymous> (src/testRunner/unittests/reuseProgramStructure.ts:438:20)
      at processImmediate (internal/timers.js:439:21)</Output>
      </ExampleDataOfString>
      <ExampleDataOfString>
        <InputPath>TypeScript/Microsoft@TypeScript/failed/566547811.log</InputPath>
        <Keywords>
          <string></string>
          <string></string>
          <string></string>
        </Keywords>
        <Category></Category>
        <Output>1) 
       
         unittests:: Reuse program structure:: General
           fails if change affects tripleslash references:
     AssertionError: expected 1 to equal 2
      at Context.&lt;anonymous> (src/testRunner/unittests/reuseProgramStructure.ts:259:20)
      at processImmediate (internal/timers.js:439:21)

  2) 
       
         unittests:: Reuse program structure:: General
           fails if change affects imports:
     AssertionError: expected 1 to equal 2
      at Context.&lt;anonymous> (src/testRunner/unittests/reuseProgramStructure.ts:279:20)
      at processImmediate (internal/timers.js:439:21)

  3) 
       
         unittests:: Reuse program structure:: General
           fails if change affects type directives:
     AssertionError: expected 1 to equal 2
      at Context.&lt;anonymous> (src/testRunner/unittests/reuseProgramStructure.ts:291:20)
      at processImmediate (internal/timers.js:439:21)

  4) 
       
         unittests:: Reuse program structure:: General
           resolution cache follows imports:
     AssertionError: expected 1 to equal 2
      at Context.&lt;anonymous> (src/testRunner/unittests/reuseProgramStructure.ts:363:20)
      at processImmediate (internal/timers.js:439:21)

  5) 
       
         unittests:: Reuse program structure:: General
           resolved type directives cache follows type directives:
     AssertionError: expected 1 to equal 2
      at Context.&lt;anonymous> (src/testRunner/unittests/reuseProgramStructure.ts:438:20)
      at processImmediate (internal/timers.js:439:21)</Output>
      </ExampleDataOfString>
      <ExampleDataOfString>
        <InputPath>TypeScript/Microsoft@TypeScript/failed/566574811.log</InputPath>
        <Keywords>
          <string></string>
          <string></string>
          <string></string>
        </Keywords>
        <Category></Category>
        <Output>1) 
       
         fourslash tests
           tests/cases/fourslash/importNameCodeFixNewImportExportEqualsESModuleInterop.ts
             fourslash test importNameCodeFixNewImportExportEqualsESModuleInterop.ts runs correctly:
     Error: At line 1, col 3: Should find at least 1 codefix(es), but 0 found.
      at TestState.raiseError (src/harness/fourslash.ts:475:19)
      at TestState.getAndApplyCodeActions (src/harness/fourslash.ts:2314:26)
      at Verify.getAndApplyCodeFix (src/harness/fourslash.ts:4131:24)
      at eval (eval at runCode (src/harness/fourslash.ts:3251:23), &lt;anonymous>:13:8)
      at runCode (src/harness/fourslash.ts:3252:13)
      at runFourSlashTestContent (src/harness/fourslash.ts:3232:9)
      at Object.runFourSlashTest (src/harness/fourslash.ts:3217:9)
      at Context.&lt;anonymous> (src/testRunner/fourslashRunner.ts:56:39)
      at processImmediate (internal/timers.js:439:21)

  2) 
       
         fourslash tests
           tests/cases/fourslash/importNameCodeFixNewImportExportEqualsESNext.ts
             fourslash test importNameCodeFixNewImportExportEqualsESNext.ts runs correctly:
     Error: At line 1, col 3: Should find at least 1 codefix(es), but 0 found.
      at TestState.raiseError (src/harness/fourslash.ts:475:19)
      at TestState.getAndApplyCodeActions (src/harness/fourslash.ts:2314:26)
      at Verify.getAndApplyCodeFix (src/harness/fourslash.ts:4131:24)
      at eval (eval at runCode (src/harness/fourslash.ts:3251:23), &lt;anonymous>:12:8)
      at runCode (src/harness/fourslash.ts:3252:13)
      at runFourSlashTestContent (src/harness/fourslash.ts:3232:9)
      at Object.runFourSlashTest (src/harness/fourslash.ts:3217:9)
      at Context.&lt;anonymous> (src/testRunner/fourslashRunner.ts:56:39)
      at processImmediate (internal/timers.js:439:21)</Output>
      </ExampleDataOfString>
      <ExampleDataOfString>
        <InputPath>TypeScript/Microsoft@TypeScript/failed/566591714.log</InputPath>
        <Keywords>
          <string></string>
          <string></string>
          <string></string>
        </Keywords>
        <Category></Category>
        <Output>1) 
       
         fourslash tests
           tests/cases/fourslash/importNameCodeFixNewImportExportEqualsESModuleInterop.ts
             fourslash test importNameCodeFixNewImportExportEqualsESModuleInterop.ts runs correctly:
     Error: At line 1, col 3: Should find at least 1 codefix(es), but 0 found.
      at TestState.raiseError (src/harness/fourslash.ts:475:19)
      at TestState.getAndApplyCodeActions (src/harness/fourslash.ts:2314:26)
      at Verify.getAndApplyCodeFix (src/harness/fourslash.ts:4131:24)
      at eval (eval at runCode (src/harness/fourslash.ts:3251:23), &lt;anonymous>:13:8)
      at runCode (src/harness/fourslash.ts:3252:13)
      at runFourSlashTestContent (src/harness/fourslash.ts:3232:9)
      at Object.runFourSlashTest (src/harness/fourslash.ts:3217:9)
      at Context.&lt;anonymous> (src/testRunner/fourslashRunner.ts:56:39)
      at processImmediate (internal/timers.js:439:21)

  2) 
       
         fourslash tests
           tests/cases/fourslash/importNameCodeFixNewImportExportEqualsJavaScript.ts
             fourslash test importNameCodeFixNewImportExportEqualsJavaScript.ts runs correctly:
     Error: verifyFileContent failed:

[1mExpected[0m[31m:
import foo from "foo";

foo

[1mActual[0m[31m:
// @ts-ignore
foo
      at TestState.verifyFileContent (src/harness/fourslash.ts:2121:23)
      at TestState.verifyCurrentFileContent (src/harness/fourslash.ts:2115:18)
      at Verify.currentFileContentIs (src/harness/fourslash.ts:3977:24)
      at eval (eval at runCode (src/harness/fourslash.ts:3251:23), &lt;anonymous>:14:8)
      at runCode (src/harness/fourslash.ts:3252:13)
      at runFourSlashTestContent (src/harness/fourslash.ts:3232:9)
      at Object.runFourSlashTest (src/harness/fourslash.ts:3217:9)
      at Context.&lt;anonymous> (src/testRunner/fourslashRunner.ts:56:39)
      at processImmediate (internal/timers.js:439:21)

  3) 
       
         fourslash tests
           tests/cases/fourslash/importNameCodeFixNewImportExportEqualsESNext.ts
             fourslash test importNameCodeFixNewImportExportEqualsESNext.ts runs correctly:
     Error: At line 1, col 3: Should find at least 1 codefix(es), but 0 found.
      at TestState.raiseError (src/harness/fourslash.ts:475:19)
      at TestState.getAndApplyCodeActions (src/harness/fourslash.ts:2314:26)
      at Verify.getAndApplyCodeFix (src/harness/fourslash.ts:4131:24)
      at eval (eval at runCode (src/harness/fourslash.ts:3251:23), &lt;anonymous>:12:8)
      at runCode (src/harness/fourslash.ts:3252:13)
      at runFourSlashTestContent (src/harness/fourslash.ts:3232:9)
      at Object.runFourSlashTest (src/harness/fourslash.ts:3217:9)
      at Context.&lt;anonymous> (src/testRunner/fourslashRunner.ts:56:39)
      at processImmediate (internal/timers.js:439:21)</Output>
      </ExampleDataOfString>
      <ExampleDataOfString>
        <InputPath>TypeScript/Microsoft@TypeScript/failed/566744351.log</InputPath>
        <Keywords>
          <string></string>
          <string></string>
          <string></string>
        </Keywords>
        <Category></Category>
        <Output>1) 
       
         conformance tests
           conformance tests for tests/cases/conformance/jsdoc/declarations/jsDeclarationsTypeReassignmentFromDeclaration.ts
             Correct JS output for tests/cases/conformance/jsdoc/declarations/jsDeclarationsTypeReassignmentFromDeclaration.ts:
     Error: The baseline file jsDeclarationsTypeReassignmentFromDeclaration.js has changed.
      at writeComparison (src/harness/harness.ts:1724:23)
      at Object.runBaseline (src/harness/harness.ts:1734:13)
      at Object.doJsEmitBaseline (src/harness/harness.ts:1342:22)
      at CompilerTest.verifyJavaScriptOutput (src/testRunner/compilerRunner.ts:234:30)
      at Context.&lt;anonymous> (src/testRunner/compilerRunner.ts:88:85)
      at processImmediate (internal/timers.js:439:21)

  2) 
       
         conformance tests
           conformance tests for tests/cases/conformance/jsdoc/declarations/jsDeclarationsExportAssignmentExpressionPlusSecondary.ts
             "before all" hook for "Correct errors for tests/cases/conformance/jsdoc/declarations/jsDeclarationsExportAssignmentExpressionPlusSecondary.ts":
     TypeError: Cannot read property 'parent' of undefined
      at serializeSymbolWorker (src/compiler/checker.ts:5205:65)
      at serializeSymbol (src/compiler/checker.ts:5776:40)
      at /home/travis/build/microsoft/TypeScript/src/compiler/checker.ts:5032:25
      at Map.forEach (&lt;anonymous>)
      at visitSymbolTable (src/compiler/checker.ts:5031:33)
      at symbolTableToDeclarationStatements (src/compiler/checker.ts:4882:21)
      at /home/travis/build/microsoft/TypeScript/src/compiler/checker.ts:3631:82
      at withContext (src/compiler/checker.ts:3651:39)
      at Object.symbolTableToDeclarationStatements (src/compiler/checker.ts:3631:21)
      at Object.getDeclarationStatementsForSourceFile (src/compiler/checker.ts:33072:60)
      at transformDeclarationsForJS (src/compiler/transformers/declarations.ts:199:37)
      at transformRoot (src/compiler/transformers/declarations.ts:288:54)
      at transformation (src/compiler/transformer.ts:202:24)
      at transformRoot (src/compiler/transformer.ts:228:79)
      at Object.map (src/compiler/core.ts:559:29)
      at Object.transformNodes (src/compiler/transformer.ts:211:29)
      at emitDeclarationFileOrBundle (src/compiler/emitter.ts:363:42)
      at emitSourceFileOrBundle (src/compiler/emitter.ts:259:13)
      at forEachEmittedFile (src/compiler/emitter.ts:41:36)
      at Object.emitFiles (src/compiler/emitter.ts:237:9)
      at emitWorker (src/compiler/program.ts:1579:32)
      at /home/travis/build/microsoft/TypeScript/src/compiler/program.ts:1526:51
      at runWithCancellationToken (src/compiler/program.ts:1648:24)
      at Object.emit (src/compiler/program.ts:1526:20)
      at Object.compileFiles (src/harness/compiler.ts:260:36)
      at Object.compileFiles (src/harness/harness.ts:859:37)
      at new CompilerTest (src/testRunner/compilerRunner.ts:185:40)
      at Context.&lt;anonymous> (src/testRunner/compilerRunner.ts:83:28)
      at processImmediate (internal/timers.js:439:21)

  3) 
       
         conformance tests
           conformance tests for tests/cases/conformance/jsdoc/declarations/jsDeclarationsFunctionsCjs.ts
             "before all" hook for "Correct errors for tests/cases/conformance/jsdoc/declarations/jsDeclarationsFunctionsCjs.ts":
     TypeError: Cannot read property 'parent' of undefined
      at serializeSymbolWorker (src/compiler/checker.ts:5205:65)
      at serializeSymbol (src/compiler/checker.ts:5776:40)
      at /home/travis/build/microsoft/TypeScript/src/compiler/checker.ts:5032:25
      at Map.forEach (&lt;anonymous>)
      at visitSymbolTable (src/compiler/checker.ts:5031:33)
      at symbolTableToDeclarationStatements (src/compiler/checker.ts:4936:17)
      at /home/travis/build/microsoft/TypeScript/src/compiler/checker.ts:3631:82
      at withContext (src/compiler/checker.ts:3651:39)
      at Object.symbolTableToDeclarationStatements (src/compiler/checker.ts:3631:21)
      at Object.getDeclarationStatementsForSourceFile (src/compiler/checker.ts:33072:60)
      at transformDeclarationsForJS (src/compiler/transformers/declarations.ts:199:37)
      at transformRoot (src/compiler/transformers/declarations.ts:288:54)
      at transformation (src/compiler/transformer.ts:202:24)
      at transformRoot (src/compiler/transformer.ts:228:79)
      at Object.map (src/compiler/core.ts:559:29)
      at Object.transformNodes (src/compiler/transformer.ts:211:29)
      at emitDeclarationFileOrBundle (src/compiler/emitter.ts:363:42)
      at emitSourceFileOrBundle (src/compiler/emitter.ts:259:13)
      at forEachEmittedFile (src/compiler/emitter.ts:41:36)
      at Object.emitFiles (src/compiler/emitter.ts:237:9)
      at emitWorker (src/compiler/program.ts:1579:32)
      at /home/travis/build/microsoft/TypeScript/src/compiler/program.ts:1526:51
      at runWithCancellationToken (src/compiler/program.ts:1648:24)
      at Object.emit (src/compiler/program.ts:1526:20)
      at Object.compileFiles (src/harness/compiler.ts:260:36)
      at Object.compileFiles (src/harness/harness.ts:859:37)
      at new CompilerTest (src/testRunner/compilerRunner.ts:185:40)
      at Context.&lt;anonymous> (src/testRunner/compilerRunner.ts:83:28)
      at processImmediate (internal/timers.js:439:21)

  4) 
       
         conformance tests
           conformance tests for tests/cases/conformance/jsdoc/declarations/jsDeclarationsTypedefPropertyAndExportAssignment.ts
             Correct JS output for tests/cases/conformance/jsdoc/declarations/jsDeclarationsTypedefPropertyAndExportAssignment.ts:
     Error: The baseline file jsDeclarationsTypedefPropertyAndExportAssignment.js has changed.
      at writeComparison (src/harness/harness.ts:1724:23)
      at Object.runBaseline (src/harness/harness.ts:1734:13)
      at Object.doJsEmitBaseline (src/harness/harness.ts:1342:22)
      at CompilerTest.verifyJavaScriptOutput (src/testRunner/compilerRunner.ts:234:30)
      at Context.&lt;anonymous> (src/testRunner/compilerRunner.ts:88:85)
      at processImmediate (internal/timers.js:439:21)

  5) 
       
         conformance tests
           conformance tests for tests/cases/conformance/jsdoc/declarations/jsDeclarationsEnumTag.ts
             Correct JS output for tests/cases/conformance/jsdoc/declarations/jsDeclarationsEnumTag.ts:
     Error: The baseline file jsDeclarationsEnumTag.js has changed.
      at writeComparison (src/harness/harness.ts:1724:23)
      at Object.runBaseline (src/harness/harness.ts:1734:13)
      at Object.doJsEmitBaseline (src/harness/harness.ts:1342:22)
      at CompilerTest.verifyJavaScriptOutput (src/testRunner/compilerRunner.ts:234:30)
      at Context.&lt;anonymous> (src/testRunner/compilerRunner.ts:88:85)
      at processImmediate (internal/timers.js:439:21)

  6) 
       
         conformance tests
           conformance tests for tests/cases/conformance/jsdoc/declarations/jsDeclarationsExportForms.ts
             "before all" hook for "Correct errors for tests/cases/conformance/jsdoc/declarations/jsDeclarationsExportForms.ts":
     TypeError: Cannot read property 'parent' of undefined
      at serializeSymbolWorker (src/compiler/checker.ts:5205:65)
      at serializeSymbol (src/compiler/checker.ts:5776:40)
      at /home/travis/build/microsoft/TypeScript/src/compiler/checker.ts:5032:25
      at Map.forEach (&lt;anonymous>)
      at visitSymbolTable (src/compiler/checker.ts:5031:33)
      at symbolTableToDeclarationStatements (src/compiler/checker.ts:4936:17)
      at /home/travis/build/microsoft/TypeScript/src/compiler/checker.ts:3631:82
      at withContext (src/compiler/checker.ts:3651:39)
      at Object.symbolTableToDeclarationStatements (src/compiler/checker.ts:3631:21)
      at Object.getDeclarationStatementsForSourceFile (src/compiler/checker.ts:33072:60)
      at transformDeclarationsForJS (src/compiler/transformers/declarations.ts:199:37)
      at transformRoot (src/compiler/transformers/declarations.ts:288:54)
      at transformation (src/compiler/transformer.ts:202:24)
      at transformRoot (src/compiler/transformer.ts:228:79)
      at Object.map (src/compiler/core.ts:559:29)
      at Object.transformNodes (src/compiler/transformer.ts:211:29)
      at emitDeclarationFileOrBundle (src/compiler/emitter.ts:363:42)
      at emitSourceFileOrBundle (src/compiler/emitter.ts:259:13)
      at forEachEmittedFile (src/compiler/emitter.ts:41:36)
      at Object.emitFiles (src/compiler/emitter.ts:237:9)
      at emitWorker (src/compiler/program.ts:1579:32)
      at /home/travis/build/microsoft/TypeScript/src/compiler/program.ts:1526:51
      at runWithCancellationToken (src/compiler/program.ts:1648:24)
      at Object.emit (src/compiler/program.ts:1526:20)
      at Object.compileFiles (src/harness/compiler.ts:260:36)
      at Object.compileFiles (src/harness/harness.ts:859:37)
      at new CompilerTest (src/testRunner/compilerRunner.ts:185:40)
      at Context.&lt;anonymous> (src/testRunner/compilerRunner.ts:83:28)
      at processImmediate (internal/timers.js:439:21)

  7) 
       
         conformance tests
           conformance tests for tests/cases/conformance/jsdoc/declarations/jsDeclarationsExportSubAssignments.ts
             "before all" hook for "Correct errors for tests/cases/conformance/jsdoc/declarations/jsDeclarationsExportSubAssignments.ts":
     TypeError: Cannot read property 'parent' of undefined
      at serializeSymbolWorker (src/compiler/checker.ts:5205:65)
      at serializeSymbol (src/compiler/checker.ts:5776:40)
      at /home/travis/build/microsoft/TypeScript/src/compiler/checker.ts:5032:25
      at Map.forEach (&lt;anonymous>)
      at visitSymbolTable (src/compiler/checker.ts:5031:33)
      at symbolTableToDeclarationStatements (src/compiler/checker.ts:4882:21)
      at /home/travis/build/microsoft/TypeScript/src/compiler/checker.ts:3631:82
      at withContext (src/compiler/checker.ts:3651:39)
      at Object.symbolTableToDeclarationStatements (src/compiler/checker.ts:3631:21)
      at Object.getDeclarationStatementsForSourceFile (src/compiler/checker.ts:33072:60)
      at transformDeclarationsForJS (src/compiler/transformers/declarations.ts:199:37)
      at transformRoot (src/compiler/transformers/declarations.ts:288:54)
      at transformation (src/compiler/transformer.ts:202:24)
      at transformRoot (src/compiler/transformer.ts:228:79)
      at Object.map (src/compiler/core.ts:559:29)
      at Object.transformNodes (src/compiler/transformer.ts:211:29)
      at emitDeclarationFileOrBundle (src/compiler/emitter.ts:363:42)
      at emitSourceFileOrBundle (src/compiler/emitter.ts:259:13)
      at forEachEmittedFile (src/compiler/emitter.ts:41:36)
      at Object.emitFiles (src/compiler/emitter.ts:237:9)
      at emitWorker (src/compiler/program.ts:1579:32)
      at /home/travis/build/microsoft/TypeScript/src/compiler/program.ts:1526:51
      at runWithCancellationToken (src/compiler/program.ts:1648:24)
      at Object.emit (src/compiler/program.ts:1526:20)
      at Object.compileFiles (src/harness/compiler.ts:260:36)
      at Object.compileFiles (src/harness/harness.ts:859:37)
      at new CompilerTest (src/testRunner/compilerRunner.ts:185:40)
      at Context.&lt;anonymous> (src/testRunner/compilerRunner.ts:83:28)
      at processImmediate (internal/timers.js:439:21)

  8) 
       
         conformance tests
           conformance tests for tests/cases/conformance/jsdoc/declarations/jsDeclarationsDefault.ts
             "before all" hook for "Correct errors for tests/cases/conformance/jsdoc/declarations/jsDeclarationsDefault.ts":
     TypeError: Cannot read property 'parent' of undefined
      at serializeSymbolWorker (src/compiler/checker.ts:5205:65)
      at serializeSymbol (src/compiler/checker.ts:5776:40)
      at /home/travis/build/microsoft/TypeScript/src/compiler/checker.ts:5032:25
      at Map.forEach (&lt;anonymous>)
      at visitSymbolTable (src/compiler/checker.ts:5031:33)
      at symbolTableToDeclarationStatements (src/compiler/checker.ts:4936:17)
      at /home/travis/build/microsoft/TypeScript/src/compiler/checker.ts:3631:82
      at withContext (src/compiler/checker.ts:3651:39)
      at Object.symbolTableToDeclarationStatements (src/compiler/checker.ts:3631:21)
      at Object.getDeclarationStatementsForSourceFile (src/compiler/checker.ts:33072:60)
      at transformDeclarationsForJS (src/compiler/transformers/declarations.ts:199:37)
      at transformRoot (src/compiler/transformers/declarations.ts:288:54)
      at transformation (src/compiler/transformer.ts:202:24)
      at transformRoot (src/compiler/transformer.ts:228:79)
      at Object.map (src/compiler/core.ts:559:29)
      at Object.transformNodes (src/compiler/transformer.ts:211:29)
      at emitDeclarationFileOrBundle (src/compiler/emitter.ts:363:42)
      at emitSourceFileOrBundle (src/compiler/emitter.ts:259:13)
      at forEachEmittedFile (src/compiler/emitter.ts:41:36)
      at Object.emitFiles (src/compiler/emitter.ts:237:9)
      at emitWorker (src/compiler/program.ts:1579:32)
      at /home/travis/build/microsoft/TypeScript/src/compiler/program.ts:1526:51
      at runWithCancellationToken (src/compiler/program.ts:1648:24)
      at Object.emit (src/compiler/program.ts:1526:20)
      at Object.compileFiles (src/harness/compiler.ts:260:36)
      at Object.compileFiles (src/harness/harness.ts:859:37)
      at new CompilerTest (src/testRunner/compilerRunner.ts:185:40)
      at Context.&lt;anonymous> (src/testRunner/compilerRunner.ts:83:28)
      at processImmediate (internal/timers.js:439:21)

  9) 
       
         conformance tests
           conformance tests for tests/cases/conformance/jsdoc/declarations/jsDeclarationsReusesExistingNodesMappingJSDocTypes.ts
             Correct JS output for tests/cases/conformance/jsdoc/declarations/jsDeclarationsReusesExistingNodesMappingJSDocTypes.ts:
     Error: The baseline file jsDeclarationsReusesExistingNodesMappingJSDocTypes.js has changed.
      at writeComparison (src/harness/harness.ts:1724:23)
      at Object.runBaseline (src/harness/harness.ts:1734:13)
      at Object.doJsEmitBaseline (src/harness/harness.ts:1342:22)
      at CompilerTest.verifyJavaScriptOutput (src/testRunner/compilerRunner.ts:234:30)
      at Context.&lt;anonymous> (src/testRunner/compilerRunner.ts:88:85)
      at processImmediate (internal/timers.js:439:21)

  10) 
       
         conformance tests
           conformance tests for tests/cases/conformance/jsdoc/declarations/jsDeclarationsImportTypeBundled.ts
             Correct JS output for tests/cases/conformance/jsdoc/declarations/jsDeclarationsImportTypeBundled.ts:
     Error: The baseline file jsDeclarationsImportTypeBundled.js has changed.
      at writeComparison (src/harness/harness.ts:1724:23)
      at Object.runBaseline (src/harness/harness.ts:1734:13)
      at Object.doJsEmitBaseline (src/harness/harness.ts:1342:22)
      at CompilerTest.verifyJavaScriptOutput (src/testRunner/compilerRunner.ts:234:30)
      at Context.&lt;anonymous> (src/testRunner/compilerRunner.ts:88:85)
      at processImmediate (internal/timers.js:439:21)

  11) 
       
         conformance tests
           conformance tests for tests/cases/conformance/jsdoc/declarations/jsDeclarationsClassExtendsVisibility.ts
             "before all" hook for "Correct errors for tests/cases/conformance/jsdoc/declarations/jsDeclarationsClassExtendsVisibility.ts":
     TypeError: Cannot read property 'parent' of undefined
      at serializeSymbolWorker (src/compiler/checker.ts:5205:65)
      at serializeSymbol (src/compiler/checker.ts:5776:40)
      at /home/travis/build/microsoft/TypeScript/src/compiler/checker.ts:5032:25
      at Map.forEach (&lt;anonymous>)
      at visitSymbolTable (src/compiler/checker.ts:5031:33)
      at symbolTableToDeclarationStatements (src/compiler/checker.ts:4882:21)
      at /home/travis/build/microsoft/TypeScript/src/compiler/checker.ts:3631:82
      at withContext (src/compiler/checker.ts:3651:39)
      at Object.symbolTableToDeclarationStatements (src/compiler/checker.ts:3631:21)
      at Object.getDeclarationStatementsForSourceFile (src/compiler/checker.ts:33072:60)
      at transformDeclarationsForJS (src/compiler/transformers/declarations.ts:199:37)
      at transformRoot (src/compiler/transformers/declarations.ts:288:54)
      at transformation (src/compiler/transformer.ts:202:24)
      at transformRoot (src/compiler/transformer.ts:228:79)
      at Object.map (src/compiler/core.ts:559:29)
      at Object.transformNodes (src/compiler/transformer.ts:211:29)
      at emitDeclarationFileOrBundle (src/compiler/emitter.ts:363:42)
      at emitSourceFileOrBundle (src/compiler/emitter.ts:259:13)
      at forEachEmittedFile (src/compiler/emitter.ts:41:36)
      at Object.emitFiles (src/compiler/emitter.ts:237:9)
      at emitWorker (src/compiler/program.ts:1579:32)
      at /home/travis/build/microsoft/TypeScript/src/compiler/program.ts:1526:51
      at runWithCancellationToken (src/compiler/program.ts:1648:24)
      at Object.emit (src/compiler/program.ts:1526:20)
      at Object.compileFiles (src/harness/compiler.ts:260:36)
      at Object.compileFiles (src/harness/harness.ts:859:37)
      at new CompilerTest (src/testRunner/compilerRunner.ts:185:40)
      at Context.&lt;anonymous> (src/testRunner/compilerRunner.ts:83:28)
      at processImmediate (internal/timers.js:439:21)</Output>
      </ExampleDataOfString>
      <ExampleDataOfString>
        <InputPath>TypeScript/Microsoft@TypeScript/failed/566745214.log</InputPath>
        <Keywords>
          <string></string>
          <string></string>
          <string></string>
        </Keywords>
        <Category></Category>
        <Output>1) 
       
         conformance tests
           conformance tests for tests/cases/conformance/jsdoc/declarations/jsDeclarationsTypeReassignmentFromDeclaration.ts
             Correct JS output for tests/cases/conformance/jsdoc/declarations/jsDeclarationsTypeReassignmentFromDeclaration.ts:
     Error: The baseline file jsDeclarationsTypeReassignmentFromDeclaration.js has changed.
      at writeComparison (src/harness/harness.ts:1724:23)
      at Object.runBaseline (src/harness/harness.ts:1734:13)
      at Object.doJsEmitBaseline (src/harness/harness.ts:1342:22)
      at CompilerTest.verifyJavaScriptOutput (src/testRunner/compilerRunner.ts:234:30)
      at Context.&lt;anonymous> (src/testRunner/compilerRunner.ts:88:85)
      at processImmediate (internal/timers.js:439:21)

  2) 
       
         conformance tests
           conformance tests for tests/cases/conformance/jsdoc/declarations/jsDeclarationsTypedefPropertyAndExportAssignment.ts
             Correct JS output for tests/cases/conformance/jsdoc/declarations/jsDeclarationsTypedefPropertyAndExportAssignment.ts:
     Error: The baseline file jsDeclarationsTypedefPropertyAndExportAssignment.js has changed.
      at writeComparison (src/harness/harness.ts:1724:23)
      at Object.runBaseline (src/harness/harness.ts:1734:13)
      at Object.doJsEmitBaseline (src/harness/harness.ts:1342:22)
      at CompilerTest.verifyJavaScriptOutput (src/testRunner/compilerRunner.ts:234:30)
      at Context.&lt;anonymous> (src/testRunner/compilerRunner.ts:88:85)
      at processImmediate (internal/timers.js:439:21)

  3) 
       
         conformance tests
           conformance tests for tests/cases/conformance/jsdoc/declarations/jsDeclarationsEnumTag.ts
             Correct JS output for tests/cases/conformance/jsdoc/declarations/jsDeclarationsEnumTag.ts:
     Error: The baseline file jsDeclarationsEnumTag.js has changed.
      at writeComparison (src/harness/harness.ts:1724:23)
      at Object.runBaseline (src/harness/harness.ts:1734:13)
      at Object.doJsEmitBaseline (src/harness/harness.ts:1342:22)
      at CompilerTest.verifyJavaScriptOutput (src/testRunner/compilerRunner.ts:234:30)
      at Context.&lt;anonymous> (src/testRunner/compilerRunner.ts:88:85)
      at processImmediate (internal/timers.js:439:21)

  4) 
       
         conformance tests
           conformance tests for tests/cases/conformance/jsdoc/declarations/jsDeclarationsReusesExistingNodesMappingJSDocTypes.ts
             Correct JS output for tests/cases/conformance/jsdoc/declarations/jsDeclarationsReusesExistingNodesMappingJSDocTypes.ts:
     Error: The baseline file jsDeclarationsReusesExistingNodesMappingJSDocTypes.js has changed.
      at writeComparison (src/harness/harness.ts:1724:23)
      at Object.runBaseline (src/harness/harness.ts:1734:13)
      at Object.doJsEmitBaseline (src/harness/harness.ts:1342:22)
      at CompilerTest.verifyJavaScriptOutput (src/testRunner/compilerRunner.ts:234:30)
      at Context.&lt;anonymous> (src/testRunner/compilerRunner.ts:88:85)
      at processImmediate (internal/timers.js:439:21)

  5) 
       
         conformance tests
           conformance tests for tests/cases/conformance/jsdoc/declarations/jsDeclarationsImportTypeBundled.ts
             Correct JS output for tests/cases/conformance/jsdoc/declarations/jsDeclarationsImportTypeBundled.ts:
     Error: The baseline file jsDeclarationsImportTypeBundled.js has changed.
      at writeComparison (src/harness/harness.ts:1724:23)
      at Object.runBaseline (src/harness/harness.ts:1734:13)
      at Object.doJsEmitBaseline (src/harness/harness.ts:1342:22)
      at CompilerTest.verifyJavaScriptOutput (src/testRunner/compilerRunner.ts:234:30)
      at Context.&lt;anonymous> (src/testRunner/compilerRunner.ts:88:85)
      at processImmediate (internal/timers.js:439:21)</Output>
      </ExampleDataOfString>
      <ExampleDataOfString>
        <InputPath>TypeScript/Microsoft@TypeScript/failed/567134594.log</InputPath>
        <Keywords>
          <string></string>
          <string></string>
          <string></string>
        </Keywords>
        <Category></Category>
        <Output>1) 
       
         conformance tests
           conformance tests for tests/cases/conformance/types/conditional/inferTypes1.ts
             Correct type/symbol baselines for tests/cases/conformance/types/conditional/inferTypes1.ts:
     Error: The baseline file inferTypes1.types has changed.
      at writeComparison (src/harness/harness.ts:1724:23)
      at Object.runBaseline (src/harness/harness.ts:1734:13)
      at checkBaseLines (src/harness/harness.ts:1189:30)
      at Object.doTypeAndSymbolBaseline (src/harness/harness.ts:1152:17)
      at CompilerTest.verifyTypesAndSymbols (src/testRunner/compilerRunner.ts:259:26)
      at Context.&lt;anonymous> (src/testRunner/compilerRunner.ts:90:82)
      at processImmediate (internal/timers.js:439:21)

  2) 
       
         conformance tests
           conformance tests for tests/cases/conformance/types/conditional/inferTypes2.ts
             Correct errors for tests/cases/conformance/types/conditional/inferTypes2.ts:
     Error: The baseline file inferTypes2.errors.txt has changed.
      at writeComparison (src/harness/harness.ts:1724:23)
      at Object.runBaseline (src/harness/harness.ts:1734:13)
      at Object.doErrorBaseline (src/harness/harness.ts:1125:22)
      at CompilerTest.verifyDiagnostics (src/testRunner/compilerRunner.ts:207:26)
      at Context.&lt;anonymous> (src/testRunner/compilerRunner.ts:85:67)
      at processImmediate (internal/timers.js:439:21)

  3) 
       
         conformance tests
           conformance tests for tests/cases/conformance/types/conditional/inferTypes2.ts
             Correct type/symbol baselines for tests/cases/conformance/types/conditional/inferTypes2.ts:
     Error: The baseline file inferTypes2.types has changed.
      at writeComparison (src/harness/harness.ts:1724:23)
      at Object.runBaseline (src/harness/harness.ts:1734:13)
      at checkBaseLines (src/harness/harness.ts:1189:30)
      at Object.doTypeAndSymbolBaseline (src/harness/harness.ts:1152:17)
      at CompilerTest.verifyTypesAndSymbols (src/testRunner/compilerRunner.ts:259:26)
      at Context.&lt;anonymous> (src/testRunner/compilerRunner.ts:90:82)
      at processImmediate (internal/timers.js:439:21)</Output>
      </ExampleDataOfString>
      <ExampleDataOfString>
        <InputPath>TypeScript/Microsoft@TypeScript/failed/567323035.log</InputPath>
        <Keywords>
          <string></string>
          <string></string>
          <string></string>
        </Keywords>
        <Category></Category>
        <Output>1) 
       
         Public APIs
           for the language service and compiler
             should be acknowledged when they change:
     Error: The baseline file api/typescript.d.ts has changed.
      at writeComparison (src/harness/harness.ts:1724:23)
      at Object.runBaseline (src/harness/harness.ts:1734:13)
      at Context.&lt;anonymous> (src/testRunner/unittests/publicApi.ts:13:30)
      at processImmediate (internal/timers.js:439:21)

  2) 
       
         Public APIs
           for the language server
             should be acknowledged when they change:
     Error: The baseline file api/tsserverlibrary.d.ts has changed.
      at writeComparison (src/harness/harness.ts:1724:23)
      at Object.runBaseline (src/harness/harness.ts:1734:13)
      at Context.&lt;anonymous> (src/testRunner/unittests/publicApi.ts:13:30)
      at processImmediate (internal/timers.js:439:21)</Output>
      </ExampleDataOfString>
      <ExampleDataOfString>
        <InputPath>TypeScript/Microsoft@TypeScript/failed/567573637.log</InputPath>
        <Keywords>
          <string></string>
          <string></string>
          <string></string>
        </Keywords>
        <Category></Category>
        <Output>Error: Process exited with code: 2
    at ChildProcess.&lt;anonymous> (/home/travis/build/microsoft/TypeScript/scripts/build/utils.js:52:24)
    at ChildProcess.emit (events.js:203:13)
    at ChildProcess.EventEmitter.emit (domain.js:494:23)
    at Process.ChildProcess._handle.onexit (internal/child_process.js:272:12)</Output>
      </ExampleDataOfString>
    </Examples>
  </LearningData>
  <LogKind>
    <Language>java</Language>
    <BuildTool>android</BuildTool>
  </LogKind>
  <Target>BuildFailureReason</Target>
</AnalysisProgramOfRegionAnalysisSessionString>