<?xml version="1.0" encoding="utf-8" ?>
<AnalysisProgramOfRegionAnalysisSessionString xmlns:xsd="http://www.w3.org/2001/XMLSchema" xmlns:xsi="http://www.w3.org/2001/XMLSchema-instance">
  <SaveName>BuildFailureReason/TypeScript/Microsoft@vscode</SaveName>
  <LearningData>
    <InputPaths>
      <string>TypeScript/Microsoft@vscode/failed/374142911.log</string>
      <string>TypeScript/Microsoft@vscode/failed/374149107.log</string>
      <string>TypeScript/Microsoft@vscode/failed/374196125.log</string>
      <string>TypeScript/Microsoft@vscode/failed/374222868.log</string>
      <string>TypeScript/Microsoft@vscode/failed/374263682.log</string>
      <string>TypeScript/Microsoft@vscode/failed/374267223.log</string>
      <string>TypeScript/Microsoft@vscode/failed/374276530.log</string>
      <string>TypeScript/Microsoft@vscode/failed/374277077.log</string>
      <string>TypeScript/Microsoft@vscode/failed/374281279.log</string>
      <string>TypeScript/Microsoft@vscode/failed/374286928.log</string>
    </InputPaths>
    <Examples>
      <ExampleDataOfString>
        <InputPath>TypeScript/Microsoft@vscode/failed/374142911.log</InputPath>
        <Keywords>failing, 1), </Keywords>
        <Category>0</Category>
        <Output>1) window namespace tests issue #25801 - default column when opening a file:



      [31mAssertionError: wanted fileName:/var/folders/bb/n7t3rs157850byt_jfdcq9k80000gn/T/dkwnjrjb/viewColumn:1 but got fileName:/var/folders/bb/n7t3rs157850byt_jfdcq9k80000gn/T/goslwd/viewColumn:2. a:/var/folders/bb/n7t3rs157850byt_jfdcq9k80000gn/T/vgdjefj, b:/var/folders/bb/n7t3rs157850byt_jfdcq9k80000gn/T/goslwd, c:/var/folders/bb/n7t3rs157850byt_jfdcq9k80000gn/T/dkwnjrjb[0m

      [32m+ expected[0m [31m- actual[0m



      [31m-false[0m

      [32m+true[0m

      [0m[90m

      at Object.&lt;anonymous> (extensions/vscode-api-tests/src/singlefolder-tests/window.test.ts:137:10)

      at step (extensions/vscode-api-tests/out/singlefolder-tests/window.test.js:36:23)

      at Object.f [as next] (extensions/vscode-api-tests/out/singlefolder-tests/window.test.js:17:53)

      at fulfilled (extensions/vscode-api-tests/out/singlefolder-tests/window.test.js:8:58)

      at &lt;anonymous>

[0m</Output>
      </ExampleDataOfString>
      <ExampleDataOfString>
        <InputPath>TypeScript/Microsoft@vscode/failed/374149107.log</InputPath>
        <Keywords>failing, 1), </Keywords>
        <Category>0</Category>
        <Output>1) window namespace tests issue #25801 - default column when opening a file:



      [31mAssertionError: wanted fileName:/var/folders/bb/n7t3rs157850byt_jfdcq9k80000gn/T/roalebzwu/viewColumn:1 but got fileName:/var/folders/bb/n7t3rs157850byt_jfdcq9k80000gn/T/omavtvdwvu/viewColumn:2. a:/var/folders/bb/n7t3rs157850byt_jfdcq9k80000gn/T/emdheeip, b:/var/folders/bb/n7t3rs157850byt_jfdcq9k80000gn/T/omavtvdwvu, c:/var/folders/bb/n7t3rs157850byt_jfdcq9k80000gn/T/roalebzwu[0m

      [32m+ expected[0m [31m- actual[0m



      [31m-false[0m

      [32m+true[0m

      [0m[90m

      at Object.&lt;anonymous> (extensions/vscode-api-tests/src/singlefolder-tests/window.test.ts:137:10)

      at step (extensions/vscode-api-tests/out/singlefolder-tests/window.test.js:36:23)

      at Object.f [as next] (extensions/vscode-api-tests/out/singlefolder-tests/window.test.js:17:53)

      at fulfilled (extensions/vscode-api-tests/out/singlefolder-tests/window.test.js:8:58)

      at &lt;anonymous>

[0m</Output>
      </ExampleDataOfString>
      <ExampleDataOfString>
        <InputPath>TypeScript/Microsoft@vscode/failed/374196125.log</InputPath>
        <Keywords>failing, 1), </Keywords>
        <Category>0</Category>
        <Output>1) window namespace tests issue #25801 - default column when opening a file:



      [31mAssertionError: wanted fileName:/var/folders/bb/n7t3rs157850byt_jfdcq9k80000gn/T/rmmkp/viewColumn:1 but got fileName:/var/folders/bb/n7t3rs157850byt_jfdcq9k80000gn/T/ijojtn/viewColumn:2. a:/var/folders/bb/n7t3rs157850byt_jfdcq9k80000gn/T/hidnvmm, b:/var/folders/bb/n7t3rs157850byt_jfdcq9k80000gn/T/ijojtn, c:/var/folders/bb/n7t3rs157850byt_jfdcq9k80000gn/T/rmmkp[0m

      [32m+ expected[0m [31m- actual[0m



      [31m-false[0m

      [32m+true[0m

      [0m[90m

      at Object.&lt;anonymous> (extensions/vscode-api-tests/src/singlefolder-tests/window.test.ts:137:10)

      at step (extensions/vscode-api-tests/out/singlefolder-tests/window.test.js:36:23)

      at Object.f [as next] (extensions/vscode-api-tests/out/singlefolder-tests/window.test.js:17:53)

      at fulfilled (extensions/vscode-api-tests/out/singlefolder-tests/window.test.js:8:58)

      at &lt;anonymous>

[0m</Output>
      </ExampleDataOfString>
      <ExampleDataOfString>
        <InputPath>TypeScript/Microsoft@vscode/failed/374222868.log</InputPath>
        <Keywords>failing, 1), </Keywords>
        <Category>0</Category>
        <Output>1) window namespace tests issue #25801 - default column when opening a file:



      [31mAssertionError: wanted fileName:/var/folders/bb/n7t3rs157850byt_jfdcq9k80000gn/T/nvygakhddm/viewColumn:1 but got fileName:/var/folders/bb/n7t3rs157850byt_jfdcq9k80000gn/T/jcckhnwh/viewColumn:2. a:/var/folders/bb/n7t3rs157850byt_jfdcq9k80000gn/T/gypfx, b:/var/folders/bb/n7t3rs157850byt_jfdcq9k80000gn/T/jcckhnwh, c:/var/folders/bb/n7t3rs157850byt_jfdcq9k80000gn/T/nvygakhddm[0m

      [32m+ expected[0m [31m- actual[0m



      [31m-false[0m

      [32m+true[0m

      [0m[90m

      at Object.&lt;anonymous> (extensions/vscode-api-tests/src/singlefolder-tests/window.test.ts:137:10)

      at step (extensions/vscode-api-tests/out/singlefolder-tests/window.test.js:36:23)

      at Object.f [as next] (extensions/vscode-api-tests/out/singlefolder-tests/window.test.js:17:53)

      at fulfilled (extensions/vscode-api-tests/out/singlefolder-tests/window.test.js:8:58)

      at &lt;anonymous>

[0m</Output>
      </ExampleDataOfString>
      <ExampleDataOfString>
        <InputPath>TypeScript/Microsoft@vscode/failed/374263682.log</InputPath>
        <Keywords>failing, 1), </Keywords>
        <Category>0</Category>
        <Output>1) commands namespace tests editorCommand with extra args:
[0m[31m     Error: Failed to show text document file:///home/travis/build/Microsoft/vscode/extensions/vscode-api-tests/testWorkspace/far.js, should show in editor #undefined[0m[90m
      at out/vs/workbench/api/node/file:/home/travis/build/Microsoft/vscode/src/vs/workbench/api/node/extHostTextEditors.ts:86:11
      at Object.notifySuccess [as _notify] (out/vs/base/common/winjs.base.js:1185:59)
      at Object.enter (out/vs/base/common/winjs.base.js:867:30)
      at Promise_ctor._run (out/vs/base/common/winjs.base.js:1083:29)
      at Promise_ctor._completed (out/vs/base/common/winjs.base.js:1051:18)
      at LazyPromise.resolveOk (out/vs/workbench/services/extensions/node/file:/home/travis/build/Microsoft/vscode/src/vs/workbench/services/extensions/node/lazyPromise.ts:65:9)
      at RPCProtocol._receiveReply (out/vs/workbench/services/extensions/node/file:/home/travis/build/Microsoft/vscode/src/vs/workbench/services/extensions/node/rpcProtocol.ts:226:16)
      at RPCProtocol._receiveOneMessage (out/vs/workbench/services/extensions/node/file:/home/travis/build/Microsoft/vscode/src/vs/workbench/services/extensions/node/rpcProtocol.ts:184:10)
      at out/vs/workbench/services/extensions/node/file:/home/travis/build/Microsoft/vscode/src/vs/workbench/services/extensions/node/rpcProtocol.ts:111:66
      at out/vs/workbench/services/extensions/node/file:/home/travis/build/Microsoft/vscode/src/vs/workbench/services/extensions/node/rpcProtocol.ts:307:5
      at out/vs/base/common/file:/home/travis/build/Microsoft/vscode/src/vs/base/common/event.ts:381:87
      at Emitter.fire (out/vs/base/common/file:/home/travis/build/Microsoft/vscode/src/vs/base/common/event.ts:140:16)
      at Socket.&lt;anonymous> (out/vs/base/parts/ipc/node/file:/home/travis/build/Microsoft/vscode/src/vs/base/parts/ipc/node/ipc.net.ts:81:23)
      at readableAddChunk (_stream_readable.js:178:18)
      at Socket.Readable.push (_stream_readable.js:136:10)
      at Pipe.onread (net.js:560:20)
[0m
[0m  2) editor tests insert snippet:
[0m[31m     Error: Failed to show text document file:///tmp/zogzksr, should show in editor #undefined[0m[90m
      at out/vs/workbench/api/node/file:/home/travis/build/Microsoft/vscode/src/vs/workbench/api/node/extHostTextEditors.ts:86:11
      at Object.notifySuccess [as _notify] (out/vs/base/common/winjs.base.js:1185:59)
      at Object.enter (out/vs/base/common/winjs.base.js:867:30)
      at Promise_ctor._run (out/vs/base/common/winjs.base.js:1083:29)
      at Promise_ctor._completed (out/vs/base/common/winjs.base.js:1051:18)
      at LazyPromise.resolveOk (out/vs/workbench/services/extensions/node/file:/home/travis/build/Microsoft/vscode/src/vs/workbench/services/extensions/node/lazyPromise.ts:65:9)
      at RPCProtocol._receiveReply (out/vs/workbench/services/extensions/node/file:/home/travis/build/Microsoft/vscode/src/vs/workbench/services/extensions/node/rpcProtocol.ts:226:16)
      at RPCProtocol._receiveOneMessage (out/vs/workbench/services/extensions/node/file:/home/travis/build/Microsoft/vscode/src/vs/workbench/services/extensions/node/rpcProtocol.ts:184:10)
      at out/vs/workbench/services/extensions/node/file:/home/travis/build/Microsoft/vscode/src/vs/workbench/services/extensions/node/rpcProtocol.ts:111:66
      at out/vs/workbench/services/extensions/node/file:/home/travis/build/Microsoft/vscode/src/vs/workbench/services/extensions/node/rpcProtocol.ts:307:5
      at out/vs/base/common/file:/home/travis/build/Microsoft/vscode/src/vs/base/common/event.ts:381:87
      at Emitter.fire (out/vs/base/common/file:/home/travis/build/Microsoft/vscode/src/vs/base/common/event.ts:140:16)
      at Socket.&lt;anonymous> (out/vs/base/parts/ipc/node/file:/home/travis/build/Microsoft/vscode/src/vs/base/parts/ipc/node/ipc.net.ts:81:23)
      at readableAddChunk (_stream_readable.js:178:18)
      at Socket.Readable.push (_stream_readable.js:136:10)
      at Pipe.onread (net.js:560:20)
[0m
[0m  3) editor tests insert snippet with replacement, editor selection:
[0m[31m     Error: Failed to show text document file:///tmp/inlqcg, should show in editor #undefined[0m[90m
      at out/vs/workbench/api/node/file:/home/travis/build/Microsoft/vscode/src/vs/workbench/api/node/extHostTextEditors.ts:86:11
      at Object.notifySuccess [as _notify] (out/vs/base/common/winjs.base.js:1185:59)
      at Object.enter (out/vs/base/common/winjs.base.js:867:30)
      at Promise_ctor._run (out/vs/base/common/winjs.base.js:1083:29)
      at Promise_ctor._completed (out/vs/base/common/winjs.base.js:1051:18)
      at LazyPromise.resolveOk (out/vs/workbench/services/extensions/node/file:/home/travis/build/Microsoft/vscode/src/vs/workbench/services/extensions/node/lazyPromise.ts:65:9)
      at RPCProtocol._receiveReply (out/vs/workbench/services/extensions/node/file:/home/travis/build/Microsoft/vscode/src/vs/workbench/services/extensions/node/rpcProtocol.ts:226:16)
      at RPCProtocol._receiveOneMessage (out/vs/workbench/services/extensions/node/file:/home/travis/build/Microsoft/vscode/src/vs/workbench/services/extensions/node/rpcProtocol.ts:184:10)
      at out/vs/workbench/services/extensions/node/file:/home/travis/build/Microsoft/vscode/src/vs/workbench/services/extensions/node/rpcProtocol.ts:111:66
      at out/vs/workbench/services/extensions/node/file:/home/travis/build/Microsoft/vscode/src/vs/workbench/services/extensions/node/rpcProtocol.ts:307:5
      at out/vs/base/common/file:/home/travis/build/Microsoft/vscode/src/vs/base/common/event.ts:381:87
      at Emitter.fire (out/vs/base/common/file:/home/travis/build/Microsoft/vscode/src/vs/base/common/event.ts:140:16)
      at Socket.&lt;anonymous> (out/vs/base/parts/ipc/node/file:/home/travis/build/Microsoft/vscode/src/vs/base/parts/ipc/node/ipc.net.ts:81:23)
      at readableAddChunk (_stream_readable.js:178:18)
      at Socket.Readable.push (_stream_readable.js:136:10)
      at Pipe.onread (net.js:560:20)
[0m
[0m  4) editor tests insert snippet with replacement, selection as argument:
[0m[31m     Error: Failed to show text document file:///tmp/rvwgnyd, should show in editor #undefined[0m[90m
      at out/vs/workbench/api/node/file:/home/travis/build/Microsoft/vscode/src/vs/workbench/api/node/extHostTextEditors.ts:86:11
      at Object.notifySuccess [as _notify] (out/vs/base/common/winjs.base.js:1185:59)
      at Object.enter (out/vs/base/common/winjs.base.js:867:30)
      at Promise_ctor._run (out/vs/base/common/winjs.base.js:1083:29)
      at Promise_ctor._completed (out/vs/base/common/winjs.base.js:1051:18)
      at LazyPromise.resolveOk (out/vs/workbench/services/extensions/node/file:/home/travis/build/Microsoft/vscode/src/vs/workbench/services/extensions/node/lazyPromise.ts:65:9)
      at RPCProtocol._receiveReply (out/vs/workbench/services/extensions/node/file:/home/travis/build/Microsoft/vscode/src/vs/workbench/services/extensions/node/rpcProtocol.ts:226:16)
      at RPCProtocol._receiveOneMessage (out/vs/workbench/services/extensions/node/file:/home/travis/build/Microsoft/vscode/src/vs/workbench/services/extensions/node/rpcProtocol.ts:184:10)
      at out/vs/workbench/services/extensions/node/file:/home/travis/build/Microsoft/vscode/src/vs/workbench/services/extensions/node/rpcProtocol.ts:111:66
      at out/vs/workbench/services/extensions/node/file:/home/travis/build/Microsoft/vscode/src/vs/workbench/services/extensions/node/rpcProtocol.ts:307:5
      at out/vs/base/common/file:/home/travis/build/Microsoft/vscode/src/vs/base/common/event.ts:381:87
      at Emitter.fire (out/vs/base/common/file:/home/travis/build/Microsoft/vscode/src/vs/base/common/event.ts:140:16)
      at Socket.&lt;anonymous> (out/vs/base/parts/ipc/node/file:/home/travis/build/Microsoft/vscode/src/vs/base/parts/ipc/node/ipc.net.ts:81:23)
      at readableAddChunk (_stream_readable.js:178:18)
      at Socket.Readable.push (_stream_readable.js:136:10)
      at Pipe.onread (net.js:560:20)
[0m
[0m  5) editor tests make edit:
[0m[31m     Error: Failed to show text document file:///tmp/aloquevyb, should show in editor #undefined[0m[90m
      at out/vs/workbench/api/node/file:/home/travis/build/Microsoft/vscode/src/vs/workbench/api/node/extHostTextEditors.ts:86:11
      at Object.notifySuccess [as _notify] (out/vs/base/common/winjs.base.js:1185:59)
      at Object.enter (out/vs/base/common/winjs.base.js:867:30)
      at Promise_ctor._run (out/vs/base/common/winjs.base.js:1083:29)
      at Promise_ctor._completed (out/vs/base/common/winjs.base.js:1051:18)
      at LazyPromise.resolveOk (out/vs/workbench/services/extensions/node/file:/home/travis/build/Microsoft/vscode/src/vs/workbench/services/extensions/node/lazyPromise.ts:65:9)
      at RPCProtocol._receiveReply (out/vs/workbench/services/extensions/node/file:/home/travis/build/Microsoft/vscode/src/vs/workbench/services/extensions/node/rpcProtocol.ts:226:16)
      at RPCProtocol._receiveOneMessage (out/vs/workbench/services/extensions/node/file:/home/travis/build/Microsoft/vscode/src/vs/workbench/services/extensions/node/rpcProtocol.ts:184:10)
      at out/vs/workbench/services/extensions/node/file:/home/travis/build/Microsoft/vscode/src/vs/workbench/services/extensions/node/rpcProtocol.ts:111:66
      at out/vs/workbench/services/extensions/node/file:/home/travis/build/Microsoft/vscode/src/vs/workbench/services/extensions/node/rpcProtocol.ts:307:5
      at out/vs/base/common/file:/home/travis/build/Microsoft/vscode/src/vs/base/common/event.ts:381:87
      at Emitter.fire (out/vs/base/common/file:/home/travis/build/Microsoft/vscode/src/vs/base/common/event.ts:140:16)
      at Socket.&lt;anonymous> (out/vs/base/parts/ipc/node/file:/home/travis/build/Microsoft/vscode/src/vs/base/parts/ipc/node/ipc.net.ts:81:23)
      at readableAddChunk (_stream_readable.js:178:18)
      at Socket.Readable.push (_stream_readable.js:136:10)
      at Pipe.onread (net.js:560:20)
[0m
[0m  6) editor tests issue #6281: Edits fail to validate ranges correctly before applying:
[0m[31m     Error: Failed to show text document file:///tmp/hfwljfkxi, should show in editor #undefined[0m[90m
      at out/vs/workbench/api/node/file:/home/travis/build/Microsoft/vscode/src/vs/workbench/api/node/extHostTextEditors.ts:86:11
      at Object.notifySuccess [as _notify] (out/vs/base/common/winjs.base.js:1185:59)
      at Object.enter (out/vs/base/common/winjs.base.js:867:30)
      at Promise_ctor._run (out/vs/base/common/winjs.base.js:1083:29)
      at Promise_ctor._completed (out/vs/base/common/winjs.base.js:1051:18)
      at LazyPromise.resolveOk (out/vs/workbench/services/extensions/node/file:/home/travis/build/Microsoft/vscode/src/vs/workbench/services/extensions/node/lazyPromise.ts:65:9)
      at RPCProtocol._receiveReply (out/vs/workbench/services/extensions/node/file:/home/travis/build/Microsoft/vscode/src/vs/workbench/services/extensions/node/rpcProtocol.ts:226:16)
      at RPCProtocol._receiveOneMessage (out/vs/workbench/services/extensions/node/file:/home/travis/build/Microsoft/vscode/src/vs/workbench/services/extensions/node/rpcProtocol.ts:184:10)
      at out/vs/workbench/services/extensions/node/file:/home/travis/build/Microsoft/vscode/src/vs/workbench/services/extensions/node/rpcProtocol.ts:111:66
      at out/vs/workbench/services/extensions/node/file:/home/travis/build/Microsoft/vscode/src/vs/workbench/services/extensions/node/rpcProtocol.ts:307:5
      at out/vs/base/common/file:/home/travis/build/Microsoft/vscode/src/vs/base/common/event.ts:381:87
      at Emitter.fire (out/vs/base/common/file:/home/travis/build/Microsoft/vscode/src/vs/base/common/event.ts:140:16)
      at Socket.&lt;anonymous> (out/vs/base/parts/ipc/node/file:/home/travis/build/Microsoft/vscode/src/vs/base/parts/ipc/node/ipc.net.ts:81:23)
      at readableAddChunk (_stream_readable.js:178:18)
      at Socket.Readable.push (_stream_readable.js:136:10)
      at Pipe.onread (net.js:560:20)
[0m
[0m  7) editor tests TextEditor.edit can control undo/redo stack 1:
[0m[31m     Error: Failed to show text document file:///tmp/lzrtvxy, should show in editor #undefined[0m[90m
      at out/vs/workbench/api/node/file:/home/travis/build/Microsoft/vscode/src/vs/workbench/api/node/extHostTextEditors.ts:86:11
      at Object.notifySuccess [as _notify] (out/vs/base/common/winjs.base.js:1185:59)
      at Object.enter (out/vs/base/common/winjs.base.js:867:30)
      at Promise_ctor._run (out/vs/base/common/winjs.base.js:1083:29)
      at Promise_ctor._completed (out/vs/base/common/winjs.base.js:1051:18)
      at LazyPromise.resolveOk (out/vs/workbench/services/extensions/node/file:/home/travis/build/Microsoft/vscode/src/vs/workbench/services/extensions/node/lazyPromise.ts:65:9)
      at RPCProtocol._receiveReply (out/vs/workbench/services/extensions/node/file:/home/travis/build/Microsoft/vscode/src/vs/workbench/services/extensions/node/rpcProtocol.ts:226:16)
      at RPCProtocol._receiveOneMessage (out/vs/workbench/services/extensions/node/file:/home/travis/build/Microsoft/vscode/src/vs/workbench/services/extensions/node/rpcProtocol.ts:184:10)
      at out/vs/workbench/services/extensions/node/file:/home/travis/build/Microsoft/vscode/src/vs/workbench/services/extensions/node/rpcProtocol.ts:111:66
      at out/vs/workbench/services/extensions/node/file:/home/travis/build/Microsoft/vscode/src/vs/workbench/services/extensions/node/rpcProtocol.ts:307:5
      at out/vs/base/common/file:/home/travis/build/Microsoft/vscode/src/vs/base/common/event.ts:381:87
      at Emitter.fire (out/vs/base/common/file:/home/travis/build/Microsoft/vscode/src/vs/base/common/event.ts:140:16)
      at Socket.&lt;anonymous> (out/vs/base/parts/ipc/node/file:/home/travis/build/Microsoft/vscode/src/vs/base/parts/ipc/node/ipc.net.ts:81:23)
      at readableAddChunk (_stream_readable.js:178:18)
      at Socket.Readable.push (_stream_readable.js:136:10)
      at Pipe.onread (net.js:560:20)
[0m
[0m  8) editor tests TextEditor.edit can control undo/redo stack 2:
[0m[31m     Error: Failed to show text document file:///tmp/tofmt, should show in editor #undefined[0m[90m
      at out/vs/workbench/api/node/file:/home/travis/build/Microsoft/vscode/src/vs/workbench/api/node/extHostTextEditors.ts:86:11
      at Object.notifySuccess [as _notify] (out/vs/base/common/winjs.base.js:1185:59)
      at Object.enter (out/vs/base/common/winjs.base.js:867:30)
      at Promise_ctor._run (out/vs/base/common/winjs.base.js:1083:29)
      at Promise_ctor._completed (out/vs/base/common/winjs.base.js:1051:18)
      at LazyPromise.resolveOk (out/vs/workbench/services/extensions/node/file:/home/travis/build/Microsoft/vscode/src/vs/workbench/services/extensions/node/lazyPromise.ts:65:9)
      at RPCProtocol._receiveReply (out/vs/workbench/services/extensions/node/file:/home/travis/build/Microsoft/vscode/src/vs/workbench/services/extensions/node/rpcProtocol.ts:226:16)
      at RPCProtocol._receiveOneMessage (out/vs/workbench/services/extensions/node/file:/home/travis/build/Microsoft/vscode/src/vs/workbench/services/extensions/node/rpcProtocol.ts:184:10)
      at out/vs/workbench/services/extensions/node/file:/home/travis/build/Microsoft/vscode/src/vs/workbench/services/extensions/node/rpcProtocol.ts:111:66
      at out/vs/workbench/services/extensions/node/file:/home/travis/build/Microsoft/vscode/src/vs/workbench/services/extensions/node/rpcProtocol.ts:307:5
      at out/vs/base/common/file:/home/travis/build/Microsoft/vscode/src/vs/base/common/event.ts:381:87
      at Emitter.fire (out/vs/base/common/file:/home/travis/build/Microsoft/vscode/src/vs/base/common/event.ts:140:16)
      at Socket.&lt;anonymous> (out/vs/base/parts/ipc/node/file:/home/travis/build/Microsoft/vscode/src/vs/base/parts/ipc/node/ipc.net.ts:81:23)
      at readableAddChunk (_stream_readable.js:178:18)
      at Socket.Readable.push (_stream_readable.js:136:10)
      at Pipe.onread (net.js:560:20)
[0m
[0m  9) editor tests issue #16573: Extension API: insertSpaces and tabSize are undefined:
[0m[31m     Error: Failed to show text document file:///tmp/tactmdhe, should show in editor #undefined[0m[90m
      at out/vs/workbench/api/node/file:/home/travis/build/Microsoft/vscode/src/vs/workbench/api/node/extHostTextEditors.ts:86:11
      at Object.notifySuccess [as _notify] (out/vs/base/common/winjs.base.js:1185:59)
      at Object.enter (out/vs/base/common/winjs.base.js:867:30)
      at Promise_ctor._run (out/vs/base/common/winjs.base.js:1083:29)
      at Promise_ctor._completed (out/vs/base/common/winjs.base.js:1051:18)
      at LazyPromise.resolveOk (out/vs/workbench/services/extensions/node/file:/home/travis/build/Microsoft/vscode/src/vs/workbench/services/extensions/node/lazyPromise.ts:65:9)
      at RPCProtocol._receiveReply (out/vs/workbench/services/extensions/node/file:/home/travis/build/Microsoft/vscode/src/vs/workbench/services/extensions/node/rpcProtocol.ts:226:16)
      at RPCProtocol._receiveOneMessage (out/vs/workbench/services/extensions/node/file:/home/travis/build/Microsoft/vscode/src/vs/workbench/services/extensions/node/rpcProtocol.ts:184:10)
      at out/vs/workbench/services/extensions/node/file:/home/travis/build/Microsoft/vscode/src/vs/workbench/services/extensions/node/rpcProtocol.ts:111:66
      at out/vs/workbench/services/extensions/node/file:/home/travis/build/Microsoft/vscode/src/vs/workbench/services/extensions/node/rpcProtocol.ts:307:5
      at out/vs/base/common/file:/home/travis/build/Microsoft/vscode/src/vs/base/common/event.ts:381:87
      at Emitter.fire (out/vs/base/common/file:/home/travis/build/Microsoft/vscode/src/vs/base/common/event.ts:140:16)
      at Socket.&lt;anonymous> (out/vs/base/parts/ipc/node/file:/home/travis/build/Microsoft/vscode/src/vs/base/parts/ipc/node/ipc.net.ts:81:23)
      at readableAddChunk (_stream_readable.js:178:18)
      at Socket.Readable.push (_stream_readable.js:136:10)
      at Pipe.onread (net.js:560:20)
[0m
[0m  10) editor tests issue #20757: Overlapping ranges are not allowed!:
[0m[31m     Error: Failed to show text document file:///tmp/qdlsrjks, should show in editor #undefined[0m[90m
      at out/vs/workbench/api/node/file:/home/travis/build/Microsoft/vscode/src/vs/workbench/api/node/extHostTextEditors.ts:86:11
      at Object.notifySuccess [as _notify] (out/vs/base/common/winjs.base.js:1185:59)
      at Object.enter (out/vs/base/common/winjs.base.js:867:30)
      at Promise_ctor._run (out/vs/base/common/winjs.base.js:1083:29)
      at Promise_ctor._completed (out/vs/base/common/winjs.base.js:1051:18)
      at LazyPromise.resolveOk (out/vs/workbench/services/extensions/node/file:/home/travis/build/Microsoft/vscode/src/vs/workbench/services/extensions/node/lazyPromise.ts:65:9)
      at RPCProtocol._receiveReply (out/vs/workbench/services/extensions/node/file:/home/travis/build/Microsoft/vscode/src/vs/workbench/services/extensions/node/rpcProtocol.ts:226:16)
      at RPCProtocol._receiveOneMessage (out/vs/workbench/services/extensions/node/file:/home/travis/build/Microsoft/vscode/src/vs/workbench/services/extensions/node/rpcProtocol.ts:184:10)
      at out/vs/workbench/services/extensions/node/file:/home/travis/build/Microsoft/vscode/src/vs/workbench/services/extensions/node/rpcProtocol.ts:111:66
      at out/vs/workbench/services/extensions/node/file:/home/travis/build/Microsoft/vscode/src/vs/workbench/services/extensions/node/rpcProtocol.ts:307:5
      at out/vs/base/common/file:/home/travis/build/Microsoft/vscode/src/vs/base/common/event.ts:381:87
      at Emitter.fire (out/vs/base/common/file:/home/travis/build/Microsoft/vscode/src/vs/base/common/event.ts:140:16)
      at Socket.&lt;anonymous> (out/vs/base/parts/ipc/node/file:/home/travis/build/Microsoft/vscode/src/vs/base/parts/ipc/node/ipc.net.ts:81:23)
      at readableAddChunk (_stream_readable.js:178:18)
      at Socket.Readable.push (_stream_readable.js:136:10)
      at Pipe.onread (net.js:560:20)
[0m
[0m  11) window namespace tests editor, active text editor:
[0m[31m     Error: Failed to show text document file:///home/travis/build/Microsoft/vscode/extensions/vscode-api-tests/testWorkspace/far.js, should show in editor #undefined[0m[90m
      at out/vs/workbench/api/node/file:/home/travis/build/Microsoft/vscode/src/vs/workbench/api/node/extHostTextEditors.ts:86:11
      at Object.notifySuccess [as _notify] (out/vs/base/common/winjs.base.js:1185:59)
      at Object.enter (out/vs/base/common/winjs.base.js:867:30)
      at Promise_ctor._run (out/vs/base/common/winjs.base.js:1083:29)
      at Promise_ctor._completed (out/vs/base/common/winjs.base.js:1051:18)
      at LazyPromise.resolveOk (out/vs/workbench/services/extensions/node/file:/home/travis/build/Microsoft/vscode/src/vs/workbench/services/extensions/node/lazyPromise.ts:65:9)
      at RPCProtocol._receiveReply (out/vs/workbench/services/extensions/node/file:/home/travis/build/Microsoft/vscode/src/vs/workbench/services/extensions/node/rpcProtocol.ts:226:16)
      at RPCProtocol._receiveOneMessage (out/vs/workbench/services/extensions/node/file:/home/travis/build/Microsoft/vscode/src/vs/workbench/services/extensions/node/rpcProtocol.ts:184:10)
      at out/vs/workbench/services/extensions/node/file:/home/travis/build/Microsoft/vscode/src/vs/workbench/services/extensions/node/rpcProtocol.ts:111:66
      at out/vs/workbench/services/extensions/node/file:/home/travis/build/Microsoft/vscode/src/vs/workbench/services/extensions/node/rpcProtocol.ts:307:5
      at out/vs/base/common/file:/home/travis/build/Microsoft/vscode/src/vs/base/common/event.ts:381:87
      at Emitter.fire (out/vs/base/common/file:/home/travis/build/Microsoft/vscode/src/vs/base/common/event.ts:140:16)
      at Socket.&lt;anonymous> (out/vs/base/parts/ipc/node/file:/home/travis/build/Microsoft/vscode/src/vs/base/parts/ipc/node/ipc.net.ts:81:23)
      at readableAddChunk (_stream_readable.js:178:18)
      at Socket.Readable.push (_stream_readable.js:136:10)
      at Pipe.onread (net.js:560:20)
[0m
[0m  12) window namespace tests editor, opened via resource:
[0m[31m     Error: Failed to show text document file:///home/travis/build/Microsoft/vscode/extensions/vscode-api-tests/testWorkspace/far.js, should show in editor #undefined[0m[90m
      at out/vs/workbench/api/node/file:/home/travis/build/Microsoft/vscode/src/vs/workbench/api/node/extHostTextEditors.ts:86:11
      at Object.notifySuccess [as _notify] (out/vs/base/common/winjs.base.js:1185:59)
      at Object.enter (out/vs/base/common/winjs.base.js:867:30)
      at Promise_ctor._run (out/vs/base/common/winjs.base.js:1083:29)
      at Promise_ctor._completed (out/vs/base/common/winjs.base.js:1051:18)
      at LazyPromise.resolveOk (out/vs/workbench/services/extensions/node/file:/home/travis/build/Microsoft/vscode/src/vs/workbench/services/extensions/node/lazyPromise.ts:65:9)
      at RPCProtocol._receiveReply (out/vs/workbench/services/extensions/node/file:/home/travis/build/Microsoft/vscode/src/vs/workbench/services/extensions/node/rpcProtocol.ts:226:16)
      at RPCProtocol._receiveOneMessage (out/vs/workbench/services/extensions/node/file:/home/travis/build/Microsoft/vscode/src/vs/workbench/services/extensions/node/rpcProtocol.ts:184:10)
      at out/vs/workbench/services/extensions/node/file:/home/travis/build/Microsoft/vscode/src/vs/workbench/services/extensions/node/rpcProtocol.ts:111:66
      at out/vs/workbench/services/extensions/node/file:/home/travis/build/Microsoft/vscode/src/vs/workbench/services/extensions/node/rpcProtocol.ts:307:5
      at out/vs/base/common/file:/home/travis/build/Microsoft/vscode/src/vs/base/common/event.ts:381:87
      at Emitter.fire (out/vs/base/common/file:/home/travis/build/Microsoft/vscode/src/vs/base/common/event.ts:140:16)
      at Socket.&lt;anonymous> (out/vs/base/parts/ipc/node/file:/home/travis/build/Microsoft/vscode/src/vs/base/parts/ipc/node/ipc.net.ts:81:23)
      at readableAddChunk (_stream_readable.js:178:18)
      at Socket.Readable.push (_stream_readable.js:136:10)
      at Pipe.onread (net.js:560:20)
[0m
[0m  13) window namespace tests editor, assign and check view columns:
[0m[31m     Error: Failed to show text document file:///home/travis/build/Microsoft/vscode/extensions/vscode-api-tests/testWorkspace/far.js, should show in editor #undefined[0m[90m
      at out/vs/workbench/api/node/file:/home/travis/build/Microsoft/vscode/src/vs/workbench/api/node/extHostTextEditors.ts:86:11
      at Object.notifySuccess [as _notify] (out/vs/base/common/winjs.base.js:1185:59)
      at Object.enter (out/vs/base/common/winjs.base.js:867:30)
      at Promise_ctor._run (out/vs/base/common/winjs.base.js:1083:29)
      at Promise_ctor._completed (out/vs/base/common/winjs.base.js:1051:18)
      at LazyPromise.resolveOk (out/vs/workbench/services/extensions/node/file:/home/travis/build/Microsoft/vscode/src/vs/workbench/services/extensions/node/lazyPromise.ts:65:9)
      at RPCProtocol._receiveReply (out/vs/workbench/services/extensions/node/file:/home/travis/build/Microsoft/vscode/src/vs/workbench/services/extensions/node/rpcProtocol.ts:226:16)
      at RPCProtocol._receiveOneMessage (out/vs/workbench/services/extensions/node/file:/home/travis/build/Microsoft/vscode/src/vs/workbench/services/extensions/node/rpcProtocol.ts:184:10)
      at out/vs/workbench/services/extensions/node/file:/home/travis/build/Microsoft/vscode/src/vs/workbench/services/extensions/node/rpcProtocol.ts:111:66
      at out/vs/workbench/services/extensions/node/file:/home/travis/build/Microsoft/vscode/src/vs/workbench/services/extensions/node/rpcProtocol.ts:307:5
      at out/vs/base/common/file:/home/travis/build/Microsoft/vscode/src/vs/base/common/event.ts:381:87
      at Emitter.fire (out/vs/base/common/file:/home/travis/build/Microsoft/vscode/src/vs/base/common/event.ts:140:16)
      at Socket.&lt;anonymous> (out/vs/base/parts/ipc/node/file:/home/travis/build/Microsoft/vscode/src/vs/base/parts/ipc/node/ipc.net.ts:81:23)
      at readableAddChunk (_stream_readable.js:178:18)
      at Socket.Readable.push (_stream_readable.js:136:10)
      at Pipe.onread (net.js:560:20)
[0m
[0m  14) window namespace tests editor, onDidChangeVisibleTextEditors:
[0m[31m     Error: Failed to show text document file:///home/travis/build/Microsoft/vscode/extensions/vscode-api-tests/testWorkspace/far.js, should show in editor #undefined[0m[90m
      at out/vs/workbench/api/node/file:/home/travis/build/Microsoft/vscode/src/vs/workbench/api/node/extHostTextEditors.ts:86:11
      at Object.notifySuccess [as _notify] (out/vs/base/common/winjs.base.js:1185:59)
      at Object.enter (out/vs/base/common/winjs.base.js:867:30)
      at Promise_ctor._run (out/vs/base/common/winjs.base.js:1083:29)
      at Promise_ctor._completed (out/vs/base/common/winjs.base.js:1051:18)
      at LazyPromise.resolveOk (out/vs/workbench/services/extensions/node/file:/home/travis/build/Microsoft/vscode/src/vs/workbench/services/extensions/node/lazyPromise.ts:65:9)
      at RPCProtocol._receiveReply (out/vs/workbench/services/extensions/node/file:/home/travis/build/Microsoft/vscode/src/vs/workbench/services/extensions/node/rpcProtocol.ts:226:16)
      at RPCProtocol._receiveOneMessage (out/vs/workbench/services/extensions/node/file:/home/travis/build/Microsoft/vscode/src/vs/workbench/services/extensions/node/rpcProtocol.ts:184:10)
      at out/vs/workbench/services/extensions/node/file:/home/travis/build/Microsoft/vscode/src/vs/workbench/services/extensions/node/rpcProtocol.ts:111:66
      at out/vs/workbench/services/extensions/node/file:/home/travis/build/Microsoft/vscode/src/vs/workbench/services/extensions/node/rpcProtocol.ts:307:5
      at out/vs/base/common/file:/home/travis/build/Microsoft/vscode/src/vs/base/common/event.ts:381:87
      at Emitter.fire (out/vs/base/common/file:/home/travis/build/Microsoft/vscode/src/vs/base/common/event.ts:140:16)
      at Socket.&lt;anonymous> (out/vs/base/parts/ipc/node/file:/home/travis/build/Microsoft/vscode/src/vs/base/parts/ipc/node/ipc.net.ts:81:23)
      at readableAddChunk (_stream_readable.js:178:18)
      at Socket.Readable.push (_stream_readable.js:136:10)
      at Pipe.onread (net.js:560:20)
[0m
[0m  15) window namespace tests editor, onDidChangeTextEditorViewColumn:
[0m[31m     Error: Failed to show text document bikes://testing/one, should show in editor #undefined[0m[90m
      at out/vs/workbench/api/node/file:/home/travis/build/Microsoft/vscode/src/vs/workbench/api/node/extHostTextEditors.ts:86:11
      at Object.notifySuccess [as _notify] (out/vs/base/common/winjs.base.js:1185:59)
      at Object.enter (out/vs/base/common/winjs.base.js:867:30)
      at Promise_ctor._run (out/vs/base/common/winjs.base.js:1083:29)
      at Promise_ctor._completed (out/vs/base/common/winjs.base.js:1051:18)
      at LazyPromise.resolveOk (out/vs/workbench/services/extensions/node/file:/home/travis/build/Microsoft/vscode/src/vs/workbench/services/extensions/node/lazyPromise.ts:65:9)
      at RPCProtocol._receiveReply (out/vs/workbench/services/extensions/node/file:/home/travis/build/Microsoft/vscode/src/vs/workbench/services/extensions/node/rpcProtocol.ts:226:16)
      at RPCProtocol._receiveOneMessage (out/vs/workbench/services/extensions/node/file:/home/travis/build/Microsoft/vscode/src/vs/workbench/services/extensions/node/rpcProtocol.ts:184:10)
      at out/vs/workbench/services/extensions/node/file:/home/travis/build/Microsoft/vscode/src/vs/workbench/services/extensions/node/rpcProtocol.ts:111:66
      at out/vs/workbench/services/extensions/node/file:/home/travis/build/Microsoft/vscode/src/vs/workbench/services/extensions/node/rpcProtocol.ts:307:5
      at out/vs/base/common/file:/home/travis/build/Microsoft/vscode/src/vs/base/common/event.ts:381:87
      at Emitter.fire (out/vs/base/common/file:/home/travis/build/Microsoft/vscode/src/vs/base/common/event.ts:140:16)
      at Socket.&lt;anonymous> (out/vs/base/parts/ipc/node/file:/home/travis/build/Microsoft/vscode/src/vs/base/parts/ipc/node/ipc.net.ts:81:23)
      at readableAddChunk (_stream_readable.js:178:18)
      at Socket.Readable.push (_stream_readable.js:136:10)
      at Pipe.onread (net.js:560:20)
[0m
[0m  16) window namespace tests issue #25801 - default column when opening a file:
[0m[31m     Error: Failed to show text document file:///tmp/drfsteuw, should show in editor #undefined[0m[90m
      at out/vs/workbench/api/node/file:/home/travis/build/Microsoft/vscode/src/vs/workbench/api/node/extHostTextEditors.ts:86:11
      at Object.notifySuccess [as _notify] (out/vs/base/common/winjs.base.js:1185:59)
      at Object.enter (out/vs/base/common/winjs.base.js:867:30)
      at Promise_ctor._run (out/vs/base/common/winjs.base.js:1083:29)
      at Promise_ctor._completed (out/vs/base/common/winjs.base.js:1051:18)
      at LazyPromise.resolveOk (out/vs/workbench/services/extensions/node/file:/home/travis/build/Microsoft/vscode/src/vs/workbench/services/extensions/node/lazyPromise.ts:65:9)
      at RPCProtocol._receiveReply (out/vs/workbench/services/extensions/node/file:/home/travis/build/Microsoft/vscode/src/vs/workbench/services/extensions/node/rpcProtocol.ts:226:16)
      at RPCProtocol._receiveOneMessage (out/vs/workbench/services/extensions/node/file:/home/travis/build/Microsoft/vscode/src/vs/workbench/services/extensions/node/rpcProtocol.ts:184:10)
      at out/vs/workbench/services/extensions/node/file:/home/travis/build/Microsoft/vscode/src/vs/workbench/services/extensions/node/rpcProtocol.ts:111:66
      at out/vs/workbench/services/extensions/node/file:/home/travis/build/Microsoft/vscode/src/vs/workbench/services/extensions/node/rpcProtocol.ts:307:5
      at out/vs/base/common/file:/home/travis/build/Microsoft/vscode/src/vs/base/common/event.ts:381:87
      at Emitter.fire (out/vs/base/common/file:/home/travis/build/Microsoft/vscode/src/vs/base/common/event.ts:140:16)
      at Socket.&lt;anonymous> (out/vs/base/parts/ipc/node/file:/home/travis/build/Microsoft/vscode/src/vs/base/parts/ipc/node/ipc.net.ts:81:23)
      at readableAddChunk (_stream_readable.js:178:18)
      at Socket.Readable.push (_stream_readable.js:136:10)
      at Pipe.onread (net.js:560:20)
[0m
[0m  17) window namespace tests issue #27408 - showTextDocument &amp; vscode.diff always default to ViewColumn.One:
[0m[31m     Error: Failed to show text document file:///tmp/jscbavbxfo, should show in editor #undefined[0m[90m
      at out/vs/workbench/api/node/file:/home/travis/build/Microsoft/vscode/src/vs/workbench/api/node/extHostTextEditors.ts:86:11
      at Object.notifySuccess [as _notify] (out/vs/base/common/winjs.base.js:1185:59)
      at Object.enter (out/vs/base/common/winjs.base.js:867:30)
      at Promise_ctor._run (out/vs/base/common/winjs.base.js:1083:29)
      at Promise_ctor._completed (out/vs/base/common/winjs.base.js:1051:18)
      at LazyPromise.resolveOk (out/vs/workbench/services/extensions/node/file:/home/travis/build/Microsoft/vscode/src/vs/workbench/services/extensions/node/lazyPromise.ts:65:9)
      at RPCProtocol._receiveReply (out/vs/workbench/services/extensions/node/file:/home/travis/build/Microsoft/vscode/src/vs/workbench/services/extensions/node/rpcProtocol.ts:226:16)
      at RPCProtocol._receiveOneMessage (out/vs/workbench/services/extensions/node/file:/home/travis/build/Microsoft/vscode/src/vs/workbench/services/extensions/node/rpcProtocol.ts:184:10)
      at out/vs/workbench/services/extensions/node/file:/home/travis/build/Microsoft/vscode/src/vs/workbench/services/extensions/node/rpcProtocol.ts:111:66
      at out/vs/workbench/services/extensions/node/file:/home/travis/build/Microsoft/vscode/src/vs/workbench/services/extensions/node/rpcProtocol.ts:307:5
      at out/vs/base/common/file:/home/travis/build/Microsoft/vscode/src/vs/base/common/event.ts:381:87
      at Emitter.fire (out/vs/base/common/file:/home/travis/build/Microsoft/vscode/src/vs/base/common/event.ts:140:16)
      at Socket.&lt;anonymous> (out/vs/base/parts/ipc/node/file:/home/travis/build/Microsoft/vscode/src/vs/base/parts/ipc/node/ipc.net.ts:81:23)
      at readableAddChunk (_stream_readable.js:178:18)
      at Socket.Readable.push (_stream_readable.js:136:10)
      at Pipe.onread (net.js:560:20)
[0m
[0m  18) window namespace tests issue #5362 - Incorrect TextEditor passed by onDidChangeTextEditorSelection:
[0m[31m     Error: Failed to show text document file:///home/travis/build/Microsoft/vscode/extensions/vscode-api-tests/testWorkspace/10linefile.ts, should show in editor #undefined[0m[90m
      at out/vs/workbench/api/node/file:/home/travis/build/Microsoft/vscode/src/vs/workbench/api/node/extHostTextEditors.ts:86:11
      at Object.notifySuccess [as _notify] (out/vs/base/common/winjs.base.js:1185:59)
      at Object.enter (out/vs/base/common/winjs.base.js:867:30)
      at Promise_ctor._run (out/vs/base/common/winjs.base.js:1083:29)
      at Promise_ctor._completed (out/vs/base/common/winjs.base.js:1051:18)
      at LazyPromise.resolveOk (out/vs/workbench/services/extensions/node/file:/home/travis/build/Microsoft/vscode/src/vs/workbench/services/extensions/node/lazyPromise.ts:65:9)
      at RPCProtocol._receiveReply (out/vs/workbench/services/extensions/node/file:/home/travis/build/Microsoft/vscode/src/vs/workbench/services/extensions/node/rpcProtocol.ts:226:16)
      at RPCProtocol._receiveOneMessage (out/vs/workbench/services/extensions/node/file:/home/travis/build/Microsoft/vscode/src/vs/workbench/services/extensions/node/rpcProtocol.ts:184:10)
      at out/vs/workbench/services/extensions/node/file:/home/travis/build/Microsoft/vscode/src/vs/workbench/services/extensions/node/rpcProtocol.ts:111:66
      at out/vs/workbench/services/extensions/node/file:/home/travis/build/Microsoft/vscode/src/vs/workbench/services/extensions/node/rpcProtocol.ts:307:5
      at out/vs/base/common/file:/home/travis/build/Microsoft/vscode/src/vs/base/common/event.ts:381:87
      at Emitter.fire (out/vs/base/common/file:/home/travis/build/Microsoft/vscode/src/vs/base/common/event.ts:140:16)
      at Socket.&lt;anonymous> (out/vs/base/parts/ipc/node/file:/home/travis/build/Microsoft/vscode/src/vs/base/parts/ipc/node/ipc.net.ts:81:23)
      at readableAddChunk (_stream_readable.js:178:18)
      at Socket.Readable.push (_stream_readable.js:136:10)
      at Pipe.onread (net.js:560:20)
[0m
[0m  19) window namespace tests editor, selection change kind:
[0m[31m     Error: Failed to show text document file:///home/travis/build/Microsoft/vscode/extensions/vscode-api-tests/testWorkspace/far.js, should show in editor #undefined[0m[90m
      at out/vs/workbench/api/node/file:/home/travis/build/Microsoft/vscode/src/vs/workbench/api/node/extHostTextEditors.ts:86:11
      at Object.notifySuccess [as _notify] (out/vs/base/common/winjs.base.js:1185:59)
      at Object.enter (out/vs/base/common/winjs.base.js:867:30)
      at Promise_ctor._run (out/vs/base/common/winjs.base.js:1083:29)
      at Promise_ctor._completed (out/vs/base/common/winjs.base.js:1051:18)
      at LazyPromise.resolveOk (out/vs/workbench/services/extensions/node/file:/home/travis/build/Microsoft/vscode/src/vs/workbench/services/extensions/node/lazyPromise.ts:65:9)
      at RPCProtocol._receiveReply (out/vs/workbench/services/extensions/node/file:/home/travis/build/Microsoft/vscode/src/vs/workbench/services/extensions/node/rpcProtocol.ts:226:16)
      at RPCProtocol._receiveOneMessage (out/vs/workbench/services/extensions/node/file:/home/travis/build/Microsoft/vscode/src/vs/workbench/services/extensions/node/rpcProtocol.ts:184:10)
      at out/vs/workbench/services/extensions/node/file:/home/travis/build/Microsoft/vscode/src/vs/workbench/services/extensions/node/rpcProtocol.ts:111:66
      at out/vs/workbench/services/extensions/node/file:/home/travis/build/Microsoft/vscode/src/vs/workbench/services/extensions/node/rpcProtocol.ts:307:5
      at out/vs/base/common/file:/home/travis/build/Microsoft/vscode/src/vs/base/common/event.ts:381:87
      at Emitter.fire (out/vs/base/common/file:/home/travis/build/Microsoft/vscode/src/vs/base/common/event.ts:140:16)
      at Socket.&lt;anonymous> (out/vs/base/parts/ipc/node/file:/home/travis/build/Microsoft/vscode/src/vs/base/parts/ipc/node/ipc.net.ts:81:23)
      at readableAddChunk (_stream_readable.js:178:18)
      at Socket.Readable.push (_stream_readable.js:136:10)
      at Pipe.onread (net.js:560:20)
[0m
[0m  20) workspace-namespace openTextDocument, untitled closes on save:
[0m[31m     Error: Failed to show text document untitled:/home/travis/build/Microsoft/vscode/extensions/vscode-api-tests/testWorkspace/newfile.txt, should show in editor #undefined[0m[90m
      at out/vs/workbench/api/node/file:/home/travis/build/Microsoft/vscode/src/vs/workbench/api/node/extHostTextEditors.ts:86:11
      at Object.notifySuccess [as _notify] (out/vs/base/common/winjs.base.js:1185:59)
      at Object.enter (out/vs/base/common/winjs.base.js:867:30)
      at Promise_ctor._run (out/vs/base/common/winjs.base.js:1083:29)
      at Promise_ctor._completed (out/vs/base/common/winjs.base.js:1051:18)
      at LazyPromise.resolveOk (out/vs/workbench/services/extensions/node/file:/home/travis/build/Microsoft/vscode/src/vs/workbench/services/extensions/node/lazyPromise.ts:65:9)
      at RPCProtocol._receiveReply (out/vs/workbench/services/extensions/node/file:/home/travis/build/Microsoft/vscode/src/vs/workbench/services/extensions/node/rpcProtocol.ts:226:16)
      at RPCProtocol._receiveOneMessage (out/vs/workbench/services/extensions/node/file:/home/travis/build/Microsoft/vscode/src/vs/workbench/services/extensions/node/rpcProtocol.ts:184:10)
      at out/vs/workbench/services/extensions/node/file:/home/travis/build/Microsoft/vscode/src/vs/workbench/services/extensions/node/rpcProtocol.ts:111:66
      at out/vs/workbench/services/extensions/node/file:/home/travis/build/Microsoft/vscode/src/vs/workbench/services/extensions/node/rpcProtocol.ts:307:5
      at out/vs/base/common/file:/home/travis/build/Microsoft/vscode/src/vs/base/common/event.ts:381:87
      at Emitter.fire (out/vs/base/common/file:/home/travis/build/Microsoft/vscode/src/vs/base/common/event.ts:140:16)
      at Socket.&lt;anonymous> (out/vs/base/parts/ipc/node/file:/home/travis/build/Microsoft/vscode/src/vs/base/parts/ipc/node/ipc.net.ts:81:23)
      at readableAddChunk (_stream_readable.js:178:18)
      at Socket.Readable.push (_stream_readable.js:136:10)
      at Pipe.onread (net.js:560:20)
[0m
[0m  21) workspace-namespace eol, change via editor:
[0m[31m     Error: Failed to show text document file:///tmp/fcsihsr, should show in editor #undefined[0m[90m
      at out/vs/workbench/api/node/file:/home/travis/build/Microsoft/vscode/src/vs/workbench/api/node/extHostTextEditors.ts:86:11
      at Object.notifySuccess [as _notify] (out/vs/base/common/winjs.base.js:1185:59)
      at Object.enter (out/vs/base/common/winjs.base.js:867:30)
      at Promise_ctor._run (out/vs/base/common/winjs.base.js:1083:29)
      at Promise_ctor._completed (out/vs/base/common/winjs.base.js:1051:18)
      at LazyPromise.resolveOk (out/vs/workbench/services/extensions/node/file:/home/travis/build/Microsoft/vscode/src/vs/workbench/services/extensions/node/lazyPromise.ts:65:9)
      at RPCProtocol._receiveReply (out/vs/workbench/services/extensions/node/file:/home/travis/build/Microsoft/vscode/src/vs/workbench/services/extensions/node/rpcProtocol.ts:226:16)
      at RPCProtocol._receiveOneMessage (out/vs/workbench/services/extensions/node/file:/home/travis/build/Microsoft/vscode/src/vs/workbench/services/extensions/node/rpcProtocol.ts:184:10)
      at out/vs/workbench/services/extensions/node/file:/home/travis/build/Microsoft/vscode/src/vs/workbench/services/extensions/node/rpcProtocol.ts:111:66
      at out/vs/workbench/services/extensions/node/file:/home/travis/build/Microsoft/vscode/src/vs/workbench/services/extensions/node/rpcProtocol.ts:307:5
      at out/vs/base/common/file:/home/travis/build/Microsoft/vscode/src/vs/base/common/event.ts:381:87
      at Emitter.fire (out/vs/base/common/file:/home/travis/build/Microsoft/vscode/src/vs/base/common/event.ts:140:16)
      at Socket.&lt;anonymous> (out/vs/base/parts/ipc/node/file:/home/travis/build/Microsoft/vscode/src/vs/base/parts/ipc/node/ipc.net.ts:81:23)
      at readableAddChunk (_stream_readable.js:178:18)
      at Socket.Readable.push (_stream_readable.js:136:10)
      at Pipe.onread (net.js:560:20)
[0m
[0m  22) workspace-namespace events: onDidOpenTextDocument, onDidChangeTextDocument, onDidSaveTextDocument:
[0m[31m     Error: Failed to show text document file:///tmp/ipotrcur, should show in editor #undefined[0m[90m
      at out/vs/workbench/api/node/file:/home/travis/build/Microsoft/vscode/src/vs/workbench/api/node/extHostTextEditors.ts:86:11
      at Object.notifySuccess [as _notify] (out/vs/base/common/winjs.base.js:1185:59)
      at Object.enter (out/vs/base/common/winjs.base.js:867:30)
      at Promise_ctor._run (out/vs/base/common/winjs.base.js:1083:29)
      at Promise_ctor._completed (out/vs/base/common/winjs.base.js:1051:18)
      at LazyPromise.resolveOk (out/vs/workbench/services/extensions/node/file:/home/travis/build/Microsoft/vscode/src/vs/workbench/services/extensions/node/lazyPromise.ts:65:9)
      at RPCProtocol._receiveReply (out/vs/workbench/services/extensions/node/file:/home/travis/build/Microsoft/vscode/src/vs/workbench/services/extensions/node/rpcProtocol.ts:226:16)
      at RPCProtocol._receiveOneMessage (out/vs/workbench/services/extensions/node/file:/home/travis/build/Microsoft/vscode/src/vs/workbench/services/extensions/node/rpcProtocol.ts:184:10)
      at out/vs/workbench/services/extensions/node/file:/home/travis/build/Microsoft/vscode/src/vs/workbench/services/extensions/node/rpcProtocol.ts:111:66
      at out/vs/workbench/services/extensions/node/file:/home/travis/build/Microsoft/vscode/src/vs/workbench/services/extensions/node/rpcProtocol.ts:307:5
      at out/vs/base/common/file:/home/travis/build/Microsoft/vscode/src/vs/base/common/event.ts:381:87
      at Emitter.fire (out/vs/base/common/file:/home/travis/build/Microsoft/vscode/src/vs/base/common/event.ts:140:16)
      at Socket.&lt;anonymous> (out/vs/base/parts/ipc/node/file:/home/travis/build/Microsoft/vscode/src/vs/base/parts/ipc/node/ipc.net.ts:81:23)
      at readableAddChunk (_stream_readable.js:178:18)
      at Socket.Readable.push (_stream_readable.js:136:10)
      at Pipe.onread (net.js:560:20)
[0m
[0m  23) workspace-namespace openTextDocument, with selection:
[0m[31m     Error: Failed to show text document file:///tmp/eqbuylo, should show in editor #undefined[0m[90m
      at out/vs/workbench/api/node/file:/home/travis/build/Microsoft/vscode/src/vs/workbench/api/node/extHostTextEditors.ts:86:11
      at Object.notifySuccess [as _notify] (out/vs/base/common/winjs.base.js:1185:59)
      at Object.enter (out/vs/base/common/winjs.base.js:867:30)
      at Promise_ctor._run (out/vs/base/common/winjs.base.js:1083:29)
      at Promise_ctor._completed (out/vs/base/common/winjs.base.js:1051:18)
      at LazyPromise.resolveOk (out/vs/workbench/services/extensions/node/file:/home/travis/build/Microsoft/vscode/src/vs/workbench/services/extensions/node/lazyPromise.ts:65:9)
      at RPCProtocol._receiveReply (out/vs/workbench/services/extensions/node/file:/home/travis/build/Microsoft/vscode/src/vs/workbench/services/extensions/node/rpcProtocol.ts:226:16)
      at RPCProtocol._receiveOneMessage (out/vs/workbench/services/extensions/node/file:/home/travis/build/Microsoft/vscode/src/vs/workbench/services/extensions/node/rpcProtocol.ts:184:10)
      at out/vs/workbench/services/extensions/node/file:/home/travis/build/Microsoft/vscode/src/vs/workbench/services/extensions/node/rpcProtocol.ts:111:66
      at out/vs/workbench/services/extensions/node/file:/home/travis/build/Microsoft/vscode/src/vs/workbench/services/extensions/node/rpcProtocol.ts:307:5
      at out/vs/base/common/file:/home/travis/build/Microsoft/vscode/src/vs/base/common/event.ts:381:87
      at Emitter.fire (out/vs/base/common/file:/home/travis/build/Microsoft/vscode/src/vs/base/common/event.ts:140:16)
      at Socket.&lt;anonymous> (out/vs/base/parts/ipc/node/file:/home/travis/build/Microsoft/vscode/src/vs/base/parts/ipc/node/ipc.net.ts:81:23)
      at readableAddChunk (_stream_readable.js:178:18)
      at Socket.Readable.push (_stream_readable.js:136:10)
      at Pipe.onread (net.js:560:20)
[0m
[0m  24) workspace-namespace registerTextDocumentContentProvider, show virtual document:
[0m[31m     Error: Failed to show text document foo://something/path, should show in editor #undefined[0m[90m
      at out/vs/workbench/api/node/file:/home/travis/build/Microsoft/vscode/src/vs/workbench/api/node/extHostTextEditors.ts:86:11
      at Object.notifySuccess [as _notify] (out/vs/base/common/winjs.base.js:1185:59)
      at Object.enter (out/vs/base/common/winjs.base.js:867:30)
      at Promise_ctor._run (out/vs/base/common/winjs.base.js:1083:29)
      at Promise_ctor._completed (out/vs/base/common/winjs.base.js:1051:18)
      at LazyPromise.resolveOk (out/vs/workbench/services/extensions/node/file:/home/travis/build/Microsoft/vscode/src/vs/workbench/services/extensions/node/lazyPromise.ts:65:9)
      at RPCProtocol._receiveReply (out/vs/workbench/services/extensions/node/file:/home/travis/build/Microsoft/vscode/src/vs/workbench/services/extensions/node/rpcProtocol.ts:226:16)
      at RPCProtocol._receiveOneMessage (out/vs/workbench/services/extensions/node/file:/home/travis/build/Microsoft/vscode/src/vs/workbench/services/extensions/node/rpcProtocol.ts:184:10)
      at out/vs/workbench/services/extensions/node/file:/home/travis/build/Microsoft/vscode/src/vs/workbench/services/extensions/node/rpcProtocol.ts:111:66
      at out/vs/workbench/services/extensions/node/file:/home/travis/build/Microsoft/vscode/src/vs/workbench/services/extensions/node/rpcProtocol.ts:307:5
      at out/vs/base/common/file:/home/travis/build/Microsoft/vscode/src/vs/base/common/event.ts:381:87
      at Emitter.fire (out/vs/base/common/file:/home/travis/build/Microsoft/vscode/src/vs/base/common/event.ts:140:16)
      at Socket.&lt;anonymous> (out/vs/base/parts/ipc/node/file:/home/travis/build/Microsoft/vscode/src/vs/base/parts/ipc/node/ipc.net.ts:81:23)
      at readableAddChunk (_stream_readable.js:178:18)
      at Socket.Readable.push (_stream_readable.js:136:10)
      at Pipe.onread (net.js:560:20)
[0m</Output>
      </ExampleDataOfString>
      <ExampleDataOfString>
        <InputPath>TypeScript/Microsoft@vscode/failed/374267223.log</InputPath>
        <Keywords>failing, 1), </Keywords>
        <Category>0</Category>
        <Output>1) commands namespace tests editorCommand with extra args:
[0m[31m     Error: Failed to show text document file:///home/travis/build/Microsoft/vscode/extensions/vscode-api-tests/testWorkspace/far.js, should show in editor #undefined[0m[90m
      at out/vs/workbench/api/node/file:/home/travis/build/Microsoft/vscode/src/vs/workbench/api/node/extHostTextEditors.ts:86:11
      at Object.notifySuccess [as _notify] (out/vs/base/common/winjs.base.js:1185:59)
      at Object.enter (out/vs/base/common/winjs.base.js:867:30)
      at Promise_ctor._run (out/vs/base/common/winjs.base.js:1083:29)
      at Promise_ctor._completed (out/vs/base/common/winjs.base.js:1051:18)
      at LazyPromise.resolveOk (out/vs/workbench/services/extensions/node/file:/home/travis/build/Microsoft/vscode/src/vs/workbench/services/extensions/node/lazyPromise.ts:65:9)
      at RPCProtocol._receiveReply (out/vs/workbench/services/extensions/node/file:/home/travis/build/Microsoft/vscode/src/vs/workbench/services/extensions/node/rpcProtocol.ts:226:16)
      at RPCProtocol._receiveOneMessage (out/vs/workbench/services/extensions/node/file:/home/travis/build/Microsoft/vscode/src/vs/workbench/services/extensions/node/rpcProtocol.ts:184:10)
      at out/vs/workbench/services/extensions/node/file:/home/travis/build/Microsoft/vscode/src/vs/workbench/services/extensions/node/rpcProtocol.ts:111:66
      at out/vs/workbench/services/extensions/node/file:/home/travis/build/Microsoft/vscode/src/vs/workbench/services/extensions/node/rpcProtocol.ts:307:5
      at out/vs/base/common/file:/home/travis/build/Microsoft/vscode/src/vs/base/common/event.ts:381:87
      at Emitter.fire (out/vs/base/common/file:/home/travis/build/Microsoft/vscode/src/vs/base/common/event.ts:140:16)
      at Socket.&lt;anonymous> (out/vs/base/parts/ipc/node/file:/home/travis/build/Microsoft/vscode/src/vs/base/parts/ipc/node/ipc.net.ts:81:23)
      at readableAddChunk (_stream_readable.js:178:18)
      at Socket.Readable.push (_stream_readable.js:136:10)
      at Pipe.onread (net.js:560:20)
[0m
[0m  2) editor tests insert snippet:
[0m[31m     Error: Failed to show text document file:///tmp/uvtyvscdkv, should show in editor #undefined[0m[90m
      at out/vs/workbench/api/node/file:/home/travis/build/Microsoft/vscode/src/vs/workbench/api/node/extHostTextEditors.ts:86:11
      at Object.notifySuccess [as _notify] (out/vs/base/common/winjs.base.js:1185:59)
      at Object.enter (out/vs/base/common/winjs.base.js:867:30)
      at Promise_ctor._run (out/vs/base/common/winjs.base.js:1083:29)
      at Promise_ctor._completed (out/vs/base/common/winjs.base.js:1051:18)
      at LazyPromise.resolveOk (out/vs/workbench/services/extensions/node/file:/home/travis/build/Microsoft/vscode/src/vs/workbench/services/extensions/node/lazyPromise.ts:65:9)
      at RPCProtocol._receiveReply (out/vs/workbench/services/extensions/node/file:/home/travis/build/Microsoft/vscode/src/vs/workbench/services/extensions/node/rpcProtocol.ts:226:16)
      at RPCProtocol._receiveOneMessage (out/vs/workbench/services/extensions/node/file:/home/travis/build/Microsoft/vscode/src/vs/workbench/services/extensions/node/rpcProtocol.ts:184:10)
      at out/vs/workbench/services/extensions/node/file:/home/travis/build/Microsoft/vscode/src/vs/workbench/services/extensions/node/rpcProtocol.ts:111:66
      at out/vs/workbench/services/extensions/node/file:/home/travis/build/Microsoft/vscode/src/vs/workbench/services/extensions/node/rpcProtocol.ts:307:5
      at out/vs/base/common/file:/home/travis/build/Microsoft/vscode/src/vs/base/common/event.ts:381:87
      at Emitter.fire (out/vs/base/common/file:/home/travis/build/Microsoft/vscode/src/vs/base/common/event.ts:140:16)
      at Socket.&lt;anonymous> (out/vs/base/parts/ipc/node/file:/home/travis/build/Microsoft/vscode/src/vs/base/parts/ipc/node/ipc.net.ts:81:23)
      at readableAddChunk (_stream_readable.js:178:18)
      at Socket.Readable.push (_stream_readable.js:136:10)
      at Pipe.onread (net.js:560:20)
[0m
[0m  3) editor tests insert snippet with replacement, editor selection:
[0m[31m     Error: Failed to show text document file:///tmp/bddrtskjvo, should show in editor #undefined[0m[90m
      at out/vs/workbench/api/node/file:/home/travis/build/Microsoft/vscode/src/vs/workbench/api/node/extHostTextEditors.ts:86:11
      at Object.notifySuccess [as _notify] (out/vs/base/common/winjs.base.js:1185:59)
      at Object.enter (out/vs/base/common/winjs.base.js:867:30)
      at Promise_ctor._run (out/vs/base/common/winjs.base.js:1083:29)
      at Promise_ctor._completed (out/vs/base/common/winjs.base.js:1051:18)
      at LazyPromise.resolveOk (out/vs/workbench/services/extensions/node/file:/home/travis/build/Microsoft/vscode/src/vs/workbench/services/extensions/node/lazyPromise.ts:65:9)
      at RPCProtocol._receiveReply (out/vs/workbench/services/extensions/node/file:/home/travis/build/Microsoft/vscode/src/vs/workbench/services/extensions/node/rpcProtocol.ts:226:16)
      at RPCProtocol._receiveOneMessage (out/vs/workbench/services/extensions/node/file:/home/travis/build/Microsoft/vscode/src/vs/workbench/services/extensions/node/rpcProtocol.ts:184:10)
      at out/vs/workbench/services/extensions/node/file:/home/travis/build/Microsoft/vscode/src/vs/workbench/services/extensions/node/rpcProtocol.ts:111:66
      at out/vs/workbench/services/extensions/node/file:/home/travis/build/Microsoft/vscode/src/vs/workbench/services/extensions/node/rpcProtocol.ts:307:5
      at out/vs/base/common/file:/home/travis/build/Microsoft/vscode/src/vs/base/common/event.ts:381:87
      at Emitter.fire (out/vs/base/common/file:/home/travis/build/Microsoft/vscode/src/vs/base/common/event.ts:140:16)
      at Socket.&lt;anonymous> (out/vs/base/parts/ipc/node/file:/home/travis/build/Microsoft/vscode/src/vs/base/parts/ipc/node/ipc.net.ts:81:23)
      at readableAddChunk (_stream_readable.js:178:18)
      at Socket.Readable.push (_stream_readable.js:136:10)
      at Pipe.onread (net.js:560:20)
[0m
[0m  4) editor tests insert snippet with replacement, selection as argument:
[0m[31m     Error: Failed to show text document file:///tmp/brzloe, should show in editor #undefined[0m[90m
      at out/vs/workbench/api/node/file:/home/travis/build/Microsoft/vscode/src/vs/workbench/api/node/extHostTextEditors.ts:86:11
      at Object.notifySuccess [as _notify] (out/vs/base/common/winjs.base.js:1185:59)
      at Object.enter (out/vs/base/common/winjs.base.js:867:30)
      at Promise_ctor._run (out/vs/base/common/winjs.base.js:1083:29)
      at Promise_ctor._completed (out/vs/base/common/winjs.base.js:1051:18)
      at LazyPromise.resolveOk (out/vs/workbench/services/extensions/node/file:/home/travis/build/Microsoft/vscode/src/vs/workbench/services/extensions/node/lazyPromise.ts:65:9)
      at RPCProtocol._receiveReply (out/vs/workbench/services/extensions/node/file:/home/travis/build/Microsoft/vscode/src/vs/workbench/services/extensions/node/rpcProtocol.ts:226:16)
      at RPCProtocol._receiveOneMessage (out/vs/workbench/services/extensions/node/file:/home/travis/build/Microsoft/vscode/src/vs/workbench/services/extensions/node/rpcProtocol.ts:184:10)
      at out/vs/workbench/services/extensions/node/file:/home/travis/build/Microsoft/vscode/src/vs/workbench/services/extensions/node/rpcProtocol.ts:111:66
      at out/vs/workbench/services/extensions/node/file:/home/travis/build/Microsoft/vscode/src/vs/workbench/services/extensions/node/rpcProtocol.ts:307:5
      at out/vs/base/common/file:/home/travis/build/Microsoft/vscode/src/vs/base/common/event.ts:381:87
      at Emitter.fire (out/vs/base/common/file:/home/travis/build/Microsoft/vscode/src/vs/base/common/event.ts:140:16)
      at Socket.&lt;anonymous> (out/vs/base/parts/ipc/node/file:/home/travis/build/Microsoft/vscode/src/vs/base/parts/ipc/node/ipc.net.ts:81:23)
      at readableAddChunk (_stream_readable.js:178:18)
      at Socket.Readable.push (_stream_readable.js:136:10)
      at Pipe.onread (net.js:560:20)
[0m
[0m  5) editor tests make edit:
[0m[31m     Error: Failed to show text document file:///tmp/nlwuwlqh, should show in editor #undefined[0m[90m
      at out/vs/workbench/api/node/file:/home/travis/build/Microsoft/vscode/src/vs/workbench/api/node/extHostTextEditors.ts:86:11
      at Object.notifySuccess [as _notify] (out/vs/base/common/winjs.base.js:1185:59)
      at Object.enter (out/vs/base/common/winjs.base.js:867:30)
      at Promise_ctor._run (out/vs/base/common/winjs.base.js:1083:29)
      at Promise_ctor._completed (out/vs/base/common/winjs.base.js:1051:18)
      at LazyPromise.resolveOk (out/vs/workbench/services/extensions/node/file:/home/travis/build/Microsoft/vscode/src/vs/workbench/services/extensions/node/lazyPromise.ts:65:9)
      at RPCProtocol._receiveReply (out/vs/workbench/services/extensions/node/file:/home/travis/build/Microsoft/vscode/src/vs/workbench/services/extensions/node/rpcProtocol.ts:226:16)
      at RPCProtocol._receiveOneMessage (out/vs/workbench/services/extensions/node/file:/home/travis/build/Microsoft/vscode/src/vs/workbench/services/extensions/node/rpcProtocol.ts:184:10)
      at out/vs/workbench/services/extensions/node/file:/home/travis/build/Microsoft/vscode/src/vs/workbench/services/extensions/node/rpcProtocol.ts:111:66
      at out/vs/workbench/services/extensions/node/file:/home/travis/build/Microsoft/vscode/src/vs/workbench/services/extensions/node/rpcProtocol.ts:307:5
      at out/vs/base/common/file:/home/travis/build/Microsoft/vscode/src/vs/base/common/event.ts:381:87
      at Emitter.fire (out/vs/base/common/file:/home/travis/build/Microsoft/vscode/src/vs/base/common/event.ts:140:16)
      at Socket.&lt;anonymous> (out/vs/base/parts/ipc/node/file:/home/travis/build/Microsoft/vscode/src/vs/base/parts/ipc/node/ipc.net.ts:81:23)
      at readableAddChunk (_stream_readable.js:178:18)
      at Socket.Readable.push (_stream_readable.js:136:10)
      at Pipe.onread (net.js:560:20)
[0m
[0m  6) editor tests issue #6281: Edits fail to validate ranges correctly before applying:
[0m[31m     Error: Failed to show text document file:///tmp/ezjfei, should show in editor #undefined[0m[90m
      at out/vs/workbench/api/node/file:/home/travis/build/Microsoft/vscode/src/vs/workbench/api/node/extHostTextEditors.ts:86:11
      at Object.notifySuccess [as _notify] (out/vs/base/common/winjs.base.js:1185:59)
      at Object.enter (out/vs/base/common/winjs.base.js:867:30)
      at Promise_ctor._run (out/vs/base/common/winjs.base.js:1083:29)
      at Promise_ctor._completed (out/vs/base/common/winjs.base.js:1051:18)
      at LazyPromise.resolveOk (out/vs/workbench/services/extensions/node/file:/home/travis/build/Microsoft/vscode/src/vs/workbench/services/extensions/node/lazyPromise.ts:65:9)
      at RPCProtocol._receiveReply (out/vs/workbench/services/extensions/node/file:/home/travis/build/Microsoft/vscode/src/vs/workbench/services/extensions/node/rpcProtocol.ts:226:16)
      at RPCProtocol._receiveOneMessage (out/vs/workbench/services/extensions/node/file:/home/travis/build/Microsoft/vscode/src/vs/workbench/services/extensions/node/rpcProtocol.ts:184:10)
      at out/vs/workbench/services/extensions/node/file:/home/travis/build/Microsoft/vscode/src/vs/workbench/services/extensions/node/rpcProtocol.ts:111:66
      at out/vs/workbench/services/extensions/node/file:/home/travis/build/Microsoft/vscode/src/vs/workbench/services/extensions/node/rpcProtocol.ts:307:5
      at out/vs/base/common/file:/home/travis/build/Microsoft/vscode/src/vs/base/common/event.ts:381:87
      at Emitter.fire (out/vs/base/common/file:/home/travis/build/Microsoft/vscode/src/vs/base/common/event.ts:140:16)
      at Socket.&lt;anonymous> (out/vs/base/parts/ipc/node/file:/home/travis/build/Microsoft/vscode/src/vs/base/parts/ipc/node/ipc.net.ts:81:23)
      at readableAddChunk (_stream_readable.js:178:18)
      at Socket.Readable.push (_stream_readable.js:136:10)
      at Pipe.onread (net.js:560:20)
[0m
[0m  7) editor tests TextEditor.edit can control undo/redo stack 1:
[0m[31m     Error: Failed to show text document file:///tmp/cdisktw, should show in editor #undefined[0m[90m
      at out/vs/workbench/api/node/file:/home/travis/build/Microsoft/vscode/src/vs/workbench/api/node/extHostTextEditors.ts:86:11
      at Object.notifySuccess [as _notify] (out/vs/base/common/winjs.base.js:1185:59)
      at Object.enter (out/vs/base/common/winjs.base.js:867:30)
      at Promise_ctor._run (out/vs/base/common/winjs.base.js:1083:29)
      at Promise_ctor._completed (out/vs/base/common/winjs.base.js:1051:18)
      at LazyPromise.resolveOk (out/vs/workbench/services/extensions/node/file:/home/travis/build/Microsoft/vscode/src/vs/workbench/services/extensions/node/lazyPromise.ts:65:9)
      at RPCProtocol._receiveReply (out/vs/workbench/services/extensions/node/file:/home/travis/build/Microsoft/vscode/src/vs/workbench/services/extensions/node/rpcProtocol.ts:226:16)
      at RPCProtocol._receiveOneMessage (out/vs/workbench/services/extensions/node/file:/home/travis/build/Microsoft/vscode/src/vs/workbench/services/extensions/node/rpcProtocol.ts:184:10)
      at out/vs/workbench/services/extensions/node/file:/home/travis/build/Microsoft/vscode/src/vs/workbench/services/extensions/node/rpcProtocol.ts:111:66
      at out/vs/workbench/services/extensions/node/file:/home/travis/build/Microsoft/vscode/src/vs/workbench/services/extensions/node/rpcProtocol.ts:307:5
      at out/vs/base/common/file:/home/travis/build/Microsoft/vscode/src/vs/base/common/event.ts:381:87
      at Emitter.fire (out/vs/base/common/file:/home/travis/build/Microsoft/vscode/src/vs/base/common/event.ts:140:16)
      at Socket.&lt;anonymous> (out/vs/base/parts/ipc/node/file:/home/travis/build/Microsoft/vscode/src/vs/base/parts/ipc/node/ipc.net.ts:81:23)
      at readableAddChunk (_stream_readable.js:178:18)
      at Socket.Readable.push (_stream_readable.js:136:10)
      at Pipe.onread (net.js:560:20)
[0m
[0m  8) editor tests TextEditor.edit can control undo/redo stack 2:
[0m[31m     Error: Failed to show text document file:///tmp/qkvkaiyvo, should show in editor #undefined[0m[90m
      at out/vs/workbench/api/node/file:/home/travis/build/Microsoft/vscode/src/vs/workbench/api/node/extHostTextEditors.ts:86:11
      at Object.notifySuccess [as _notify] (out/vs/base/common/winjs.base.js:1185:59)
      at Object.enter (out/vs/base/common/winjs.base.js:867:30)
      at Promise_ctor._run (out/vs/base/common/winjs.base.js:1083:29)
      at Promise_ctor._completed (out/vs/base/common/winjs.base.js:1051:18)
      at LazyPromise.resolveOk (out/vs/workbench/services/extensions/node/file:/home/travis/build/Microsoft/vscode/src/vs/workbench/services/extensions/node/lazyPromise.ts:65:9)
      at RPCProtocol._receiveReply (out/vs/workbench/services/extensions/node/file:/home/travis/build/Microsoft/vscode/src/vs/workbench/services/extensions/node/rpcProtocol.ts:226:16)
      at RPCProtocol._receiveOneMessage (out/vs/workbench/services/extensions/node/file:/home/travis/build/Microsoft/vscode/src/vs/workbench/services/extensions/node/rpcProtocol.ts:184:10)
      at out/vs/workbench/services/extensions/node/file:/home/travis/build/Microsoft/vscode/src/vs/workbench/services/extensions/node/rpcProtocol.ts:111:66
      at out/vs/workbench/services/extensions/node/file:/home/travis/build/Microsoft/vscode/src/vs/workbench/services/extensions/node/rpcProtocol.ts:307:5
      at out/vs/base/common/file:/home/travis/build/Microsoft/vscode/src/vs/base/common/event.ts:381:87
      at Emitter.fire (out/vs/base/common/file:/home/travis/build/Microsoft/vscode/src/vs/base/common/event.ts:140:16)
      at Socket.&lt;anonymous> (out/vs/base/parts/ipc/node/file:/home/travis/build/Microsoft/vscode/src/vs/base/parts/ipc/node/ipc.net.ts:81:23)
      at readableAddChunk (_stream_readable.js:178:18)
      at Socket.Readable.push (_stream_readable.js:136:10)
      at Pipe.onread (net.js:560:20)
[0m
[0m  9) editor tests issue #16573: Extension API: insertSpaces and tabSize are undefined:
[0m[31m     Error: Failed to show text document file:///tmp/owxrekfo, should show in editor #undefined[0m[90m
      at out/vs/workbench/api/node/file:/home/travis/build/Microsoft/vscode/src/vs/workbench/api/node/extHostTextEditors.ts:86:11
      at Object.notifySuccess [as _notify] (out/vs/base/common/winjs.base.js:1185:59)
      at Object.enter (out/vs/base/common/winjs.base.js:867:30)
      at Promise_ctor._run (out/vs/base/common/winjs.base.js:1083:29)
      at Promise_ctor._completed (out/vs/base/common/winjs.base.js:1051:18)
      at LazyPromise.resolveOk (out/vs/workbench/services/extensions/node/file:/home/travis/build/Microsoft/vscode/src/vs/workbench/services/extensions/node/lazyPromise.ts:65:9)
      at RPCProtocol._receiveReply (out/vs/workbench/services/extensions/node/file:/home/travis/build/Microsoft/vscode/src/vs/workbench/services/extensions/node/rpcProtocol.ts:226:16)
      at RPCProtocol._receiveOneMessage (out/vs/workbench/services/extensions/node/file:/home/travis/build/Microsoft/vscode/src/vs/workbench/services/extensions/node/rpcProtocol.ts:184:10)
      at out/vs/workbench/services/extensions/node/file:/home/travis/build/Microsoft/vscode/src/vs/workbench/services/extensions/node/rpcProtocol.ts:111:66
      at out/vs/workbench/services/extensions/node/file:/home/travis/build/Microsoft/vscode/src/vs/workbench/services/extensions/node/rpcProtocol.ts:307:5
      at out/vs/base/common/file:/home/travis/build/Microsoft/vscode/src/vs/base/common/event.ts:381:87
      at Emitter.fire (out/vs/base/common/file:/home/travis/build/Microsoft/vscode/src/vs/base/common/event.ts:140:16)
      at Socket.&lt;anonymous> (out/vs/base/parts/ipc/node/file:/home/travis/build/Microsoft/vscode/src/vs/base/parts/ipc/node/ipc.net.ts:81:23)
      at readableAddChunk (_stream_readable.js:178:18)
      at Socket.Readable.push (_stream_readable.js:136:10)
      at Pipe.onread (net.js:560:20)
[0m
[0m  10) editor tests issue #20757: Overlapping ranges are not allowed!:
[0m[31m     Error: Failed to show text document file:///tmp/jkdbbqevc, should show in editor #undefined[0m[90m
      at out/vs/workbench/api/node/file:/home/travis/build/Microsoft/vscode/src/vs/workbench/api/node/extHostTextEditors.ts:86:11
      at Object.notifySuccess [as _notify] (out/vs/base/common/winjs.base.js:1185:59)
      at Object.enter (out/vs/base/common/winjs.base.js:867:30)
      at Promise_ctor._run (out/vs/base/common/winjs.base.js:1083:29)
      at Promise_ctor._completed (out/vs/base/common/winjs.base.js:1051:18)
      at LazyPromise.resolveOk (out/vs/workbench/services/extensions/node/file:/home/travis/build/Microsoft/vscode/src/vs/workbench/services/extensions/node/lazyPromise.ts:65:9)
      at RPCProtocol._receiveReply (out/vs/workbench/services/extensions/node/file:/home/travis/build/Microsoft/vscode/src/vs/workbench/services/extensions/node/rpcProtocol.ts:226:16)
      at RPCProtocol._receiveOneMessage (out/vs/workbench/services/extensions/node/file:/home/travis/build/Microsoft/vscode/src/vs/workbench/services/extensions/node/rpcProtocol.ts:184:10)
      at out/vs/workbench/services/extensions/node/file:/home/travis/build/Microsoft/vscode/src/vs/workbench/services/extensions/node/rpcProtocol.ts:111:66
      at out/vs/workbench/services/extensions/node/file:/home/travis/build/Microsoft/vscode/src/vs/workbench/services/extensions/node/rpcProtocol.ts:307:5
      at out/vs/base/common/file:/home/travis/build/Microsoft/vscode/src/vs/base/common/event.ts:381:87
      at Emitter.fire (out/vs/base/common/file:/home/travis/build/Microsoft/vscode/src/vs/base/common/event.ts:140:16)
      at Socket.&lt;anonymous> (out/vs/base/parts/ipc/node/file:/home/travis/build/Microsoft/vscode/src/vs/base/parts/ipc/node/ipc.net.ts:81:23)
      at readableAddChunk (_stream_readable.js:178:18)
      at Socket.Readable.push (_stream_readable.js:136:10)
      at Pipe.onread (net.js:560:20)
[0m
[0m  11) window namespace tests editor, active text editor:
[0m[31m     Error: Failed to show text document file:///home/travis/build/Microsoft/vscode/extensions/vscode-api-tests/testWorkspace/far.js, should show in editor #undefined[0m[90m
      at out/vs/workbench/api/node/file:/home/travis/build/Microsoft/vscode/src/vs/workbench/api/node/extHostTextEditors.ts:86:11
      at Object.notifySuccess [as _notify] (out/vs/base/common/winjs.base.js:1185:59)
      at Object.enter (out/vs/base/common/winjs.base.js:867:30)
      at Promise_ctor._run (out/vs/base/common/winjs.base.js:1083:29)
      at Promise_ctor._completed (out/vs/base/common/winjs.base.js:1051:18)
      at LazyPromise.resolveOk (out/vs/workbench/services/extensions/node/file:/home/travis/build/Microsoft/vscode/src/vs/workbench/services/extensions/node/lazyPromise.ts:65:9)
      at RPCProtocol._receiveReply (out/vs/workbench/services/extensions/node/file:/home/travis/build/Microsoft/vscode/src/vs/workbench/services/extensions/node/rpcProtocol.ts:226:16)
      at RPCProtocol._receiveOneMessage (out/vs/workbench/services/extensions/node/file:/home/travis/build/Microsoft/vscode/src/vs/workbench/services/extensions/node/rpcProtocol.ts:184:10)
      at out/vs/workbench/services/extensions/node/file:/home/travis/build/Microsoft/vscode/src/vs/workbench/services/extensions/node/rpcProtocol.ts:111:66
      at out/vs/workbench/services/extensions/node/file:/home/travis/build/Microsoft/vscode/src/vs/workbench/services/extensions/node/rpcProtocol.ts:307:5
      at out/vs/base/common/file:/home/travis/build/Microsoft/vscode/src/vs/base/common/event.ts:381:87
      at Emitter.fire (out/vs/base/common/file:/home/travis/build/Microsoft/vscode/src/vs/base/common/event.ts:140:16)
      at Socket.&lt;anonymous> (out/vs/base/parts/ipc/node/file:/home/travis/build/Microsoft/vscode/src/vs/base/parts/ipc/node/ipc.net.ts:81:23)
      at readableAddChunk (_stream_readable.js:178:18)
      at Socket.Readable.push (_stream_readable.js:136:10)
      at Pipe.onread (net.js:560:20)
[0m
[0m  12) window namespace tests editor, opened via resource:
[0m[31m     Error: Failed to show text document file:///home/travis/build/Microsoft/vscode/extensions/vscode-api-tests/testWorkspace/far.js, should show in editor #undefined[0m[90m
      at out/vs/workbench/api/node/file:/home/travis/build/Microsoft/vscode/src/vs/workbench/api/node/extHostTextEditors.ts:86:11
      at Object.notifySuccess [as _notify] (out/vs/base/common/winjs.base.js:1185:59)
      at Object.enter (out/vs/base/common/winjs.base.js:867:30)
      at Promise_ctor._run (out/vs/base/common/winjs.base.js:1083:29)
      at Promise_ctor._completed (out/vs/base/common/winjs.base.js:1051:18)
      at LazyPromise.resolveOk (out/vs/workbench/services/extensions/node/file:/home/travis/build/Microsoft/vscode/src/vs/workbench/services/extensions/node/lazyPromise.ts:65:9)
      at RPCProtocol._receiveReply (out/vs/workbench/services/extensions/node/file:/home/travis/build/Microsoft/vscode/src/vs/workbench/services/extensions/node/rpcProtocol.ts:226:16)
      at RPCProtocol._receiveOneMessage (out/vs/workbench/services/extensions/node/file:/home/travis/build/Microsoft/vscode/src/vs/workbench/services/extensions/node/rpcProtocol.ts:184:10)
      at out/vs/workbench/services/extensions/node/file:/home/travis/build/Microsoft/vscode/src/vs/workbench/services/extensions/node/rpcProtocol.ts:111:66
      at out/vs/workbench/services/extensions/node/file:/home/travis/build/Microsoft/vscode/src/vs/workbench/services/extensions/node/rpcProtocol.ts:307:5
      at out/vs/base/common/file:/home/travis/build/Microsoft/vscode/src/vs/base/common/event.ts:381:87
      at Emitter.fire (out/vs/base/common/file:/home/travis/build/Microsoft/vscode/src/vs/base/common/event.ts:140:16)
      at Socket.&lt;anonymous> (out/vs/base/parts/ipc/node/file:/home/travis/build/Microsoft/vscode/src/vs/base/parts/ipc/node/ipc.net.ts:81:23)
      at readableAddChunk (_stream_readable.js:178:18)
      at Socket.Readable.push (_stream_readable.js:136:10)
      at Pipe.onread (net.js:560:20)
[0m
[0m  13) window namespace tests editor, assign and check view columns:
[0m[31m     Error: Failed to show text document file:///home/travis/build/Microsoft/vscode/extensions/vscode-api-tests/testWorkspace/far.js, should show in editor #undefined[0m[90m
      at out/vs/workbench/api/node/file:/home/travis/build/Microsoft/vscode/src/vs/workbench/api/node/extHostTextEditors.ts:86:11
      at Object.notifySuccess [as _notify] (out/vs/base/common/winjs.base.js:1185:59)
      at Object.enter (out/vs/base/common/winjs.base.js:867:30)
      at Promise_ctor._run (out/vs/base/common/winjs.base.js:1083:29)
      at Promise_ctor._completed (out/vs/base/common/winjs.base.js:1051:18)
      at LazyPromise.resolveOk (out/vs/workbench/services/extensions/node/file:/home/travis/build/Microsoft/vscode/src/vs/workbench/services/extensions/node/lazyPromise.ts:65:9)
      at RPCProtocol._receiveReply (out/vs/workbench/services/extensions/node/file:/home/travis/build/Microsoft/vscode/src/vs/workbench/services/extensions/node/rpcProtocol.ts:226:16)
      at RPCProtocol._receiveOneMessage (out/vs/workbench/services/extensions/node/file:/home/travis/build/Microsoft/vscode/src/vs/workbench/services/extensions/node/rpcProtocol.ts:184:10)
      at out/vs/workbench/services/extensions/node/file:/home/travis/build/Microsoft/vscode/src/vs/workbench/services/extensions/node/rpcProtocol.ts:111:66
      at out/vs/workbench/services/extensions/node/file:/home/travis/build/Microsoft/vscode/src/vs/workbench/services/extensions/node/rpcProtocol.ts:307:5
      at out/vs/base/common/file:/home/travis/build/Microsoft/vscode/src/vs/base/common/event.ts:381:87
      at Emitter.fire (out/vs/base/common/file:/home/travis/build/Microsoft/vscode/src/vs/base/common/event.ts:140:16)
      at Socket.&lt;anonymous> (out/vs/base/parts/ipc/node/file:/home/travis/build/Microsoft/vscode/src/vs/base/parts/ipc/node/ipc.net.ts:81:23)
      at readableAddChunk (_stream_readable.js:178:18)
      at Socket.Readable.push (_stream_readable.js:136:10)
      at Pipe.onread (net.js:560:20)
[0m
[0m  14) window namespace tests editor, onDidChangeVisibleTextEditors:
[0m[31m     Error: Failed to show text document file:///home/travis/build/Microsoft/vscode/extensions/vscode-api-tests/testWorkspace/far.js, should show in editor #undefined[0m[90m
      at out/vs/workbench/api/node/file:/home/travis/build/Microsoft/vscode/src/vs/workbench/api/node/extHostTextEditors.ts:86:11
      at Object.notifySuccess [as _notify] (out/vs/base/common/winjs.base.js:1185:59)
      at Object.enter (out/vs/base/common/winjs.base.js:867:30)
      at Promise_ctor._run (out/vs/base/common/winjs.base.js:1083:29)
      at Promise_ctor._completed (out/vs/base/common/winjs.base.js:1051:18)
      at LazyPromise.resolveOk (out/vs/workbench/services/extensions/node/file:/home/travis/build/Microsoft/vscode/src/vs/workbench/services/extensions/node/lazyPromise.ts:65:9)
      at RPCProtocol._receiveReply (out/vs/workbench/services/extensions/node/file:/home/travis/build/Microsoft/vscode/src/vs/workbench/services/extensions/node/rpcProtocol.ts:226:16)
      at RPCProtocol._receiveOneMessage (out/vs/workbench/services/extensions/node/file:/home/travis/build/Microsoft/vscode/src/vs/workbench/services/extensions/node/rpcProtocol.ts:184:10)
      at out/vs/workbench/services/extensions/node/file:/home/travis/build/Microsoft/vscode/src/vs/workbench/services/extensions/node/rpcProtocol.ts:111:66
      at out/vs/workbench/services/extensions/node/file:/home/travis/build/Microsoft/vscode/src/vs/workbench/services/extensions/node/rpcProtocol.ts:307:5
      at out/vs/base/common/file:/home/travis/build/Microsoft/vscode/src/vs/base/common/event.ts:381:87
      at Emitter.fire (out/vs/base/common/file:/home/travis/build/Microsoft/vscode/src/vs/base/common/event.ts:140:16)
      at Socket.&lt;anonymous> (out/vs/base/parts/ipc/node/file:/home/travis/build/Microsoft/vscode/src/vs/base/parts/ipc/node/ipc.net.ts:81:23)
      at readableAddChunk (_stream_readable.js:178:18)
      at Socket.Readable.push (_stream_readable.js:136:10)
      at Pipe.onread (net.js:560:20)
[0m
[0m  15) window namespace tests editor, onDidChangeTextEditorViewColumn:
[0m[31m     Error: Failed to show text document bikes://testing/one, should show in editor #undefined[0m[90m
      at out/vs/workbench/api/node/file:/home/travis/build/Microsoft/vscode/src/vs/workbench/api/node/extHostTextEditors.ts:86:11
      at Object.notifySuccess [as _notify] (out/vs/base/common/winjs.base.js:1185:59)
      at Object.enter (out/vs/base/common/winjs.base.js:867:30)
      at Promise_ctor._run (out/vs/base/common/winjs.base.js:1083:29)
      at Promise_ctor._completed (out/vs/base/common/winjs.base.js:1051:18)
      at LazyPromise.resolveOk (out/vs/workbench/services/extensions/node/file:/home/travis/build/Microsoft/vscode/src/vs/workbench/services/extensions/node/lazyPromise.ts:65:9)
      at RPCProtocol._receiveReply (out/vs/workbench/services/extensions/node/file:/home/travis/build/Microsoft/vscode/src/vs/workbench/services/extensions/node/rpcProtocol.ts:226:16)
      at RPCProtocol._receiveOneMessage (out/vs/workbench/services/extensions/node/file:/home/travis/build/Microsoft/vscode/src/vs/workbench/services/extensions/node/rpcProtocol.ts:184:10)
      at out/vs/workbench/services/extensions/node/file:/home/travis/build/Microsoft/vscode/src/vs/workbench/services/extensions/node/rpcProtocol.ts:111:66
      at out/vs/workbench/services/extensions/node/file:/home/travis/build/Microsoft/vscode/src/vs/workbench/services/extensions/node/rpcProtocol.ts:307:5
      at out/vs/base/common/file:/home/travis/build/Microsoft/vscode/src/vs/base/common/event.ts:381:87
      at Emitter.fire (out/vs/base/common/file:/home/travis/build/Microsoft/vscode/src/vs/base/common/event.ts:140:16)
      at Socket.&lt;anonymous> (out/vs/base/parts/ipc/node/file:/home/travis/build/Microsoft/vscode/src/vs/base/parts/ipc/node/ipc.net.ts:81:23)
      at readableAddChunk (_stream_readable.js:178:18)
      at Socket.Readable.push (_stream_readable.js:136:10)
      at Pipe.onread (net.js:560:20)
[0m
[0m  16) window namespace tests issue #25801 - default column when opening a file:
[0m[31m     Error: Failed to show text document file:///tmp/uazzvbyo, should show in editor #undefined[0m[90m
      at out/vs/workbench/api/node/file:/home/travis/build/Microsoft/vscode/src/vs/workbench/api/node/extHostTextEditors.ts:86:11
      at Object.notifySuccess [as _notify] (out/vs/base/common/winjs.base.js:1185:59)
      at Object.enter (out/vs/base/common/winjs.base.js:867:30)
      at Promise_ctor._run (out/vs/base/common/winjs.base.js:1083:29)
      at Promise_ctor._completed (out/vs/base/common/winjs.base.js:1051:18)
      at LazyPromise.resolveOk (out/vs/workbench/services/extensions/node/file:/home/travis/build/Microsoft/vscode/src/vs/workbench/services/extensions/node/lazyPromise.ts:65:9)
      at RPCProtocol._receiveReply (out/vs/workbench/services/extensions/node/file:/home/travis/build/Microsoft/vscode/src/vs/workbench/services/extensions/node/rpcProtocol.ts:226:16)
      at RPCProtocol._receiveOneMessage (out/vs/workbench/services/extensions/node/file:/home/travis/build/Microsoft/vscode/src/vs/workbench/services/extensions/node/rpcProtocol.ts:184:10)
      at out/vs/workbench/services/extensions/node/file:/home/travis/build/Microsoft/vscode/src/vs/workbench/services/extensions/node/rpcProtocol.ts:111:66
      at out/vs/workbench/services/extensions/node/file:/home/travis/build/Microsoft/vscode/src/vs/workbench/services/extensions/node/rpcProtocol.ts:307:5
      at out/vs/base/common/file:/home/travis/build/Microsoft/vscode/src/vs/base/common/event.ts:381:87
      at Emitter.fire (out/vs/base/common/file:/home/travis/build/Microsoft/vscode/src/vs/base/common/event.ts:140:16)
      at Socket.&lt;anonymous> (out/vs/base/parts/ipc/node/file:/home/travis/build/Microsoft/vscode/src/vs/base/parts/ipc/node/ipc.net.ts:81:23)
      at readableAddChunk (_stream_readable.js:178:18)
      at Socket.Readable.push (_stream_readable.js:136:10)
      at Pipe.onread (net.js:560:20)
[0m
[0m  17) window namespace tests issue #27408 - showTextDocument &amp; vscode.diff always default to ViewColumn.One:
[0m[31m     Error: Failed to show text document file:///tmp/okjngenjl, should show in editor #undefined[0m[90m
      at out/vs/workbench/api/node/file:/home/travis/build/Microsoft/vscode/src/vs/workbench/api/node/extHostTextEditors.ts:86:11
      at Object.notifySuccess [as _notify] (out/vs/base/common/winjs.base.js:1185:59)
      at Object.enter (out/vs/base/common/winjs.base.js:867:30)
      at Promise_ctor._run (out/vs/base/common/winjs.base.js:1083:29)
      at Promise_ctor._completed (out/vs/base/common/winjs.base.js:1051:18)
      at LazyPromise.resolveOk (out/vs/workbench/services/extensions/node/file:/home/travis/build/Microsoft/vscode/src/vs/workbench/services/extensions/node/lazyPromise.ts:65:9)
      at RPCProtocol._receiveReply (out/vs/workbench/services/extensions/node/file:/home/travis/build/Microsoft/vscode/src/vs/workbench/services/extensions/node/rpcProtocol.ts:226:16)
      at RPCProtocol._receiveOneMessage (out/vs/workbench/services/extensions/node/file:/home/travis/build/Microsoft/vscode/src/vs/workbench/services/extensions/node/rpcProtocol.ts:184:10)
      at out/vs/workbench/services/extensions/node/file:/home/travis/build/Microsoft/vscode/src/vs/workbench/services/extensions/node/rpcProtocol.ts:111:66
      at out/vs/workbench/services/extensions/node/file:/home/travis/build/Microsoft/vscode/src/vs/workbench/services/extensions/node/rpcProtocol.ts:307:5
      at out/vs/base/common/file:/home/travis/build/Microsoft/vscode/src/vs/base/common/event.ts:381:87
      at Emitter.fire (out/vs/base/common/file:/home/travis/build/Microsoft/vscode/src/vs/base/common/event.ts:140:16)
      at Socket.&lt;anonymous> (out/vs/base/parts/ipc/node/file:/home/travis/build/Microsoft/vscode/src/vs/base/parts/ipc/node/ipc.net.ts:81:23)
      at readableAddChunk (_stream_readable.js:178:18)
      at Socket.Readable.push (_stream_readable.js:136:10)
      at Pipe.onread (net.js:560:20)
[0m
[0m  18) window namespace tests issue #5362 - Incorrect TextEditor passed by onDidChangeTextEditorSelection:
[0m[31m     Error: Failed to show text document file:///home/travis/build/Microsoft/vscode/extensions/vscode-api-tests/testWorkspace/10linefile.ts, should show in editor #undefined[0m[90m
      at out/vs/workbench/api/node/file:/home/travis/build/Microsoft/vscode/src/vs/workbench/api/node/extHostTextEditors.ts:86:11
      at Object.notifySuccess [as _notify] (out/vs/base/common/winjs.base.js:1185:59)
      at Object.enter (out/vs/base/common/winjs.base.js:867:30)
      at Promise_ctor._run (out/vs/base/common/winjs.base.js:1083:29)
      at Promise_ctor._completed (out/vs/base/common/winjs.base.js:1051:18)
      at LazyPromise.resolveOk (out/vs/workbench/services/extensions/node/file:/home/travis/build/Microsoft/vscode/src/vs/workbench/services/extensions/node/lazyPromise.ts:65:9)
      at RPCProtocol._receiveReply (out/vs/workbench/services/extensions/node/file:/home/travis/build/Microsoft/vscode/src/vs/workbench/services/extensions/node/rpcProtocol.ts:226:16)
      at RPCProtocol._receiveOneMessage (out/vs/workbench/services/extensions/node/file:/home/travis/build/Microsoft/vscode/src/vs/workbench/services/extensions/node/rpcProtocol.ts:184:10)
      at out/vs/workbench/services/extensions/node/file:/home/travis/build/Microsoft/vscode/src/vs/workbench/services/extensions/node/rpcProtocol.ts:111:66
      at out/vs/workbench/services/extensions/node/file:/home/travis/build/Microsoft/vscode/src/vs/workbench/services/extensions/node/rpcProtocol.ts:307:5
      at out/vs/base/common/file:/home/travis/build/Microsoft/vscode/src/vs/base/common/event.ts:381:87
      at Emitter.fire (out/vs/base/common/file:/home/travis/build/Microsoft/vscode/src/vs/base/common/event.ts:140:16)
      at Socket.&lt;anonymous> (out/vs/base/parts/ipc/node/file:/home/travis/build/Microsoft/vscode/src/vs/base/parts/ipc/node/ipc.net.ts:81:23)
      at readableAddChunk (_stream_readable.js:178:18)
      at Socket.Readable.push (_stream_readable.js:136:10)
      at Pipe.onread (net.js:560:20)
[0m
[0m  19) window namespace tests editor, selection change kind:
[0m[31m     Error: Failed to show text document file:///home/travis/build/Microsoft/vscode/extensions/vscode-api-tests/testWorkspace/far.js, should show in editor #undefined[0m[90m
      at out/vs/workbench/api/node/file:/home/travis/build/Microsoft/vscode/src/vs/workbench/api/node/extHostTextEditors.ts:86:11
      at Object.notifySuccess [as _notify] (out/vs/base/common/winjs.base.js:1185:59)
      at Object.enter (out/vs/base/common/winjs.base.js:867:30)
      at Promise_ctor._run (out/vs/base/common/winjs.base.js:1083:29)
      at Promise_ctor._completed (out/vs/base/common/winjs.base.js:1051:18)
      at LazyPromise.resolveOk (out/vs/workbench/services/extensions/node/file:/home/travis/build/Microsoft/vscode/src/vs/workbench/services/extensions/node/lazyPromise.ts:65:9)
      at RPCProtocol._receiveReply (out/vs/workbench/services/extensions/node/file:/home/travis/build/Microsoft/vscode/src/vs/workbench/services/extensions/node/rpcProtocol.ts:226:16)
      at RPCProtocol._receiveOneMessage (out/vs/workbench/services/extensions/node/file:/home/travis/build/Microsoft/vscode/src/vs/workbench/services/extensions/node/rpcProtocol.ts:184:10)
      at out/vs/workbench/services/extensions/node/file:/home/travis/build/Microsoft/vscode/src/vs/workbench/services/extensions/node/rpcProtocol.ts:111:66
      at out/vs/workbench/services/extensions/node/file:/home/travis/build/Microsoft/vscode/src/vs/workbench/services/extensions/node/rpcProtocol.ts:307:5
      at out/vs/base/common/file:/home/travis/build/Microsoft/vscode/src/vs/base/common/event.ts:381:87
      at Emitter.fire (out/vs/base/common/file:/home/travis/build/Microsoft/vscode/src/vs/base/common/event.ts:140:16)
      at Socket.&lt;anonymous> (out/vs/base/parts/ipc/node/file:/home/travis/build/Microsoft/vscode/src/vs/base/parts/ipc/node/ipc.net.ts:81:23)
      at readableAddChunk (_stream_readable.js:178:18)
      at Socket.Readable.push (_stream_readable.js:136:10)
      at Pipe.onread (net.js:560:20)
[0m
[0m  20) workspace-namespace openTextDocument, untitled closes on save:
[0m[31m     Error: Failed to show text document untitled:/home/travis/build/Microsoft/vscode/extensions/vscode-api-tests/testWorkspace/newfile.txt, should show in editor #undefined[0m[90m
      at out/vs/workbench/api/node/file:/home/travis/build/Microsoft/vscode/src/vs/workbench/api/node/extHostTextEditors.ts:86:11
      at Object.notifySuccess [as _notify] (out/vs/base/common/winjs.base.js:1185:59)
      at Object.enter (out/vs/base/common/winjs.base.js:867:30)
      at Promise_ctor._run (out/vs/base/common/winjs.base.js:1083:29)
      at Promise_ctor._completed (out/vs/base/common/winjs.base.js:1051:18)
      at LazyPromise.resolveOk (out/vs/workbench/services/extensions/node/file:/home/travis/build/Microsoft/vscode/src/vs/workbench/services/extensions/node/lazyPromise.ts:65:9)
      at RPCProtocol._receiveReply (out/vs/workbench/services/extensions/node/file:/home/travis/build/Microsoft/vscode/src/vs/workbench/services/extensions/node/rpcProtocol.ts:226:16)
      at RPCProtocol._receiveOneMessage (out/vs/workbench/services/extensions/node/file:/home/travis/build/Microsoft/vscode/src/vs/workbench/services/extensions/node/rpcProtocol.ts:184:10)
      at out/vs/workbench/services/extensions/node/file:/home/travis/build/Microsoft/vscode/src/vs/workbench/services/extensions/node/rpcProtocol.ts:111:66
      at out/vs/workbench/services/extensions/node/file:/home/travis/build/Microsoft/vscode/src/vs/workbench/services/extensions/node/rpcProtocol.ts:307:5
      at out/vs/base/common/file:/home/travis/build/Microsoft/vscode/src/vs/base/common/event.ts:381:87
      at Emitter.fire (out/vs/base/common/file:/home/travis/build/Microsoft/vscode/src/vs/base/common/event.ts:140:16)
      at Socket.&lt;anonymous> (out/vs/base/parts/ipc/node/file:/home/travis/build/Microsoft/vscode/src/vs/base/parts/ipc/node/ipc.net.ts:81:23)
      at readableAddChunk (_stream_readable.js:178:18)
      at Socket.Readable.push (_stream_readable.js:136:10)
      at Pipe.onread (net.js:560:20)
[0m
[0m  21) workspace-namespace eol, change via editor:
[0m[31m     Error: Failed to show text document file:///tmp/uxywwgoy, should show in editor #undefined[0m[90m
      at out/vs/workbench/api/node/file:/home/travis/build/Microsoft/vscode/src/vs/workbench/api/node/extHostTextEditors.ts:86:11
      at Object.notifySuccess [as _notify] (out/vs/base/common/winjs.base.js:1185:59)
      at Object.enter (out/vs/base/common/winjs.base.js:867:30)
      at Promise_ctor._run (out/vs/base/common/winjs.base.js:1083:29)
      at Promise_ctor._completed (out/vs/base/common/winjs.base.js:1051:18)
      at LazyPromise.resolveOk (out/vs/workbench/services/extensions/node/file:/home/travis/build/Microsoft/vscode/src/vs/workbench/services/extensions/node/lazyPromise.ts:65:9)
      at RPCProtocol._receiveReply (out/vs/workbench/services/extensions/node/file:/home/travis/build/Microsoft/vscode/src/vs/workbench/services/extensions/node/rpcProtocol.ts:226:16)
      at RPCProtocol._receiveOneMessage (out/vs/workbench/services/extensions/node/file:/home/travis/build/Microsoft/vscode/src/vs/workbench/services/extensions/node/rpcProtocol.ts:184:10)
      at out/vs/workbench/services/extensions/node/file:/home/travis/build/Microsoft/vscode/src/vs/workbench/services/extensions/node/rpcProtocol.ts:111:66
      at out/vs/workbench/services/extensions/node/file:/home/travis/build/Microsoft/vscode/src/vs/workbench/services/extensions/node/rpcProtocol.ts:307:5
      at out/vs/base/common/file:/home/travis/build/Microsoft/vscode/src/vs/base/common/event.ts:381:87
      at Emitter.fire (out/vs/base/common/file:/home/travis/build/Microsoft/vscode/src/vs/base/common/event.ts:140:16)
      at Socket.&lt;anonymous> (out/vs/base/parts/ipc/node/file:/home/travis/build/Microsoft/vscode/src/vs/base/parts/ipc/node/ipc.net.ts:81:23)
      at readableAddChunk (_stream_readable.js:178:18)
      at Socket.Readable.push (_stream_readable.js:136:10)
      at Pipe.onread (net.js:560:20)
[0m
[0m  22) workspace-namespace events: onDidOpenTextDocument, onDidChangeTextDocument, onDidSaveTextDocument:
[0m[31m     Error: Failed to show text document file:///tmp/ruziownpd, should show in editor #undefined[0m[90m
      at out/vs/workbench/api/node/file:/home/travis/build/Microsoft/vscode/src/vs/workbench/api/node/extHostTextEditors.ts:86:11
      at Object.notifySuccess [as _notify] (out/vs/base/common/winjs.base.js:1185:59)
      at Object.enter (out/vs/base/common/winjs.base.js:867:30)
      at Promise_ctor._run (out/vs/base/common/winjs.base.js:1083:29)
      at Promise_ctor._completed (out/vs/base/common/winjs.base.js:1051:18)
      at LazyPromise.resolveOk (out/vs/workbench/services/extensions/node/file:/home/travis/build/Microsoft/vscode/src/vs/workbench/services/extensions/node/lazyPromise.ts:65:9)
      at RPCProtocol._receiveReply (out/vs/workbench/services/extensions/node/file:/home/travis/build/Microsoft/vscode/src/vs/workbench/services/extensions/node/rpcProtocol.ts:226:16)
      at RPCProtocol._receiveOneMessage (out/vs/workbench/services/extensions/node/file:/home/travis/build/Microsoft/vscode/src/vs/workbench/services/extensions/node/rpcProtocol.ts:184:10)
      at out/vs/workbench/services/extensions/node/file:/home/travis/build/Microsoft/vscode/src/vs/workbench/services/extensions/node/rpcProtocol.ts:111:66
      at out/vs/workbench/services/extensions/node/file:/home/travis/build/Microsoft/vscode/src/vs/workbench/services/extensions/node/rpcProtocol.ts:307:5
      at out/vs/base/common/file:/home/travis/build/Microsoft/vscode/src/vs/base/common/event.ts:381:87
      at Emitter.fire (out/vs/base/common/file:/home/travis/build/Microsoft/vscode/src/vs/base/common/event.ts:140:16)
      at Socket.&lt;anonymous> (out/vs/base/parts/ipc/node/file:/home/travis/build/Microsoft/vscode/src/vs/base/parts/ipc/node/ipc.net.ts:81:23)
      at readableAddChunk (_stream_readable.js:178:18)
      at Socket.Readable.push (_stream_readable.js:136:10)
      at Pipe.onread (net.js:560:20)
[0m
[0m  23) workspace-namespace openTextDocument, with selection:
[0m[31m     Error: Failed to show text document file:///tmp/lensinbdm, should show in editor #undefined[0m[90m
      at out/vs/workbench/api/node/file:/home/travis/build/Microsoft/vscode/src/vs/workbench/api/node/extHostTextEditors.ts:86:11
      at Object.notifySuccess [as _notify] (out/vs/base/common/winjs.base.js:1185:59)
      at Object.enter (out/vs/base/common/winjs.base.js:867:30)
      at Promise_ctor._run (out/vs/base/common/winjs.base.js:1083:29)
      at Promise_ctor._completed (out/vs/base/common/winjs.base.js:1051:18)
      at LazyPromise.resolveOk (out/vs/workbench/services/extensions/node/file:/home/travis/build/Microsoft/vscode/src/vs/workbench/services/extensions/node/lazyPromise.ts:65:9)
      at RPCProtocol._receiveReply (out/vs/workbench/services/extensions/node/file:/home/travis/build/Microsoft/vscode/src/vs/workbench/services/extensions/node/rpcProtocol.ts:226:16)
      at RPCProtocol._receiveOneMessage (out/vs/workbench/services/extensions/node/file:/home/travis/build/Microsoft/vscode/src/vs/workbench/services/extensions/node/rpcProtocol.ts:184:10)
      at out/vs/workbench/services/extensions/node/file:/home/travis/build/Microsoft/vscode/src/vs/workbench/services/extensions/node/rpcProtocol.ts:111:66
      at out/vs/workbench/services/extensions/node/file:/home/travis/build/Microsoft/vscode/src/vs/workbench/services/extensions/node/rpcProtocol.ts:307:5
      at out/vs/base/common/file:/home/travis/build/Microsoft/vscode/src/vs/base/common/event.ts:381:87
      at Emitter.fire (out/vs/base/common/file:/home/travis/build/Microsoft/vscode/src/vs/base/common/event.ts:140:16)
      at Socket.&lt;anonymous> (out/vs/base/parts/ipc/node/file:/home/travis/build/Microsoft/vscode/src/vs/base/parts/ipc/node/ipc.net.ts:81:23)
      at readableAddChunk (_stream_readable.js:178:18)
      at Socket.Readable.push (_stream_readable.js:136:10)
      at Pipe.onread (net.js:560:20)
[0m
[0m  24) workspace-namespace registerTextDocumentContentProvider, show virtual document:
[0m[31m     Error: Failed to show text document foo://something/path, should show in editor #undefined[0m[90m
      at out/vs/workbench/api/node/file:/home/travis/build/Microsoft/vscode/src/vs/workbench/api/node/extHostTextEditors.ts:86:11
      at Object.notifySuccess [as _notify] (out/vs/base/common/winjs.base.js:1185:59)
      at Object.enter (out/vs/base/common/winjs.base.js:867:30)
      at Promise_ctor._run (out/vs/base/common/winjs.base.js:1083:29)
      at Promise_ctor._completed (out/vs/base/common/winjs.base.js:1051:18)
      at LazyPromise.resolveOk (out/vs/workbench/services/extensions/node/file:/home/travis/build/Microsoft/vscode/src/vs/workbench/services/extensions/node/lazyPromise.ts:65:9)
      at RPCProtocol._receiveReply (out/vs/workbench/services/extensions/node/file:/home/travis/build/Microsoft/vscode/src/vs/workbench/services/extensions/node/rpcProtocol.ts:226:16)
      at RPCProtocol._receiveOneMessage (out/vs/workbench/services/extensions/node/file:/home/travis/build/Microsoft/vscode/src/vs/workbench/services/extensions/node/rpcProtocol.ts:184:10)
      at out/vs/workbench/services/extensions/node/file:/home/travis/build/Microsoft/vscode/src/vs/workbench/services/extensions/node/rpcProtocol.ts:111:66
      at out/vs/workbench/services/extensions/node/file:/home/travis/build/Microsoft/vscode/src/vs/workbench/services/extensions/node/rpcProtocol.ts:307:5
      at out/vs/base/common/file:/home/travis/build/Microsoft/vscode/src/vs/base/common/event.ts:381:87
      at Emitter.fire (out/vs/base/common/file:/home/travis/build/Microsoft/vscode/src/vs/base/common/event.ts:140:16)
      at Socket.&lt;anonymous> (out/vs/base/parts/ipc/node/file:/home/travis/build/Microsoft/vscode/src/vs/base/parts/ipc/node/ipc.net.ts:81:23)
      at readableAddChunk (_stream_readable.js:178:18)
      at Socket.Readable.push (_stream_readable.js:136:10)
      at Pipe.onread (net.js:560:20)
[0m</Output>
      </ExampleDataOfString>
      <ExampleDataOfString>
        <InputPath>TypeScript/Microsoft@vscode/failed/374276530.log</InputPath>
        <Keywords>failing, 1), </Keywords>
        <Category>0</Category>
        <Output>1) commands namespace tests editorCommand with extra args:
[0m[31m     Error: Failed to show text document file:///home/travis/build/Microsoft/vscode/extensions/vscode-api-tests/testWorkspace/far.js, should show in editor #undefined[0m[90m
      at out/vs/workbench/api/node/file:/home/travis/build/Microsoft/vscode/src/vs/workbench/api/node/extHostTextEditors.ts:86:11
      at Object.notifySuccess [as _notify] (out/vs/base/common/winjs.base.js:1185:59)
      at Object.enter (out/vs/base/common/winjs.base.js:867:30)
      at Promise_ctor._run (out/vs/base/common/winjs.base.js:1083:29)
      at Promise_ctor._completed (out/vs/base/common/winjs.base.js:1051:18)
      at LazyPromise.resolveOk (out/vs/workbench/services/extensions/node/file:/home/travis/build/Microsoft/vscode/src/vs/workbench/services/extensions/node/lazyPromise.ts:65:9)
      at RPCProtocol._receiveReply (out/vs/workbench/services/extensions/node/file:/home/travis/build/Microsoft/vscode/src/vs/workbench/services/extensions/node/rpcProtocol.ts:226:16)
      at RPCProtocol._receiveOneMessage (out/vs/workbench/services/extensions/node/file:/home/travis/build/Microsoft/vscode/src/vs/workbench/services/extensions/node/rpcProtocol.ts:184:10)
      at out/vs/workbench/services/extensions/node/file:/home/travis/build/Microsoft/vscode/src/vs/workbench/services/extensions/node/rpcProtocol.ts:111:66
      at out/vs/workbench/services/extensions/node/file:/home/travis/build/Microsoft/vscode/src/vs/workbench/services/extensions/node/rpcProtocol.ts:307:5
      at out/vs/base/common/file:/home/travis/build/Microsoft/vscode/src/vs/base/common/event.ts:381:87
      at Emitter.fire (out/vs/base/common/file:/home/travis/build/Microsoft/vscode/src/vs/base/common/event.ts:140:16)
      at Socket.&lt;anonymous> (out/vs/base/parts/ipc/node/file:/home/travis/build/Microsoft/vscode/src/vs/base/parts/ipc/node/ipc.net.ts:81:23)
      at readableAddChunk (_stream_readable.js:178:18)
      at Socket.Readable.push (_stream_readable.js:136:10)
      at Pipe.onread (net.js:560:20)
[0m
[0m  2) editor tests insert snippet:
[0m[31m     Error: Failed to show text document file:///tmp/jjrwzfded, should show in editor #undefined[0m[90m
      at out/vs/workbench/api/node/file:/home/travis/build/Microsoft/vscode/src/vs/workbench/api/node/extHostTextEditors.ts:86:11
      at Object.notifySuccess [as _notify] (out/vs/base/common/winjs.base.js:1185:59)
      at Object.enter (out/vs/base/common/winjs.base.js:867:30)
      at Promise_ctor._run (out/vs/base/common/winjs.base.js:1083:29)
      at Promise_ctor._completed (out/vs/base/common/winjs.base.js:1051:18)
      at LazyPromise.resolveOk (out/vs/workbench/services/extensions/node/file:/home/travis/build/Microsoft/vscode/src/vs/workbench/services/extensions/node/lazyPromise.ts:65:9)
      at RPCProtocol._receiveReply (out/vs/workbench/services/extensions/node/file:/home/travis/build/Microsoft/vscode/src/vs/workbench/services/extensions/node/rpcProtocol.ts:226:16)
      at RPCProtocol._receiveOneMessage (out/vs/workbench/services/extensions/node/file:/home/travis/build/Microsoft/vscode/src/vs/workbench/services/extensions/node/rpcProtocol.ts:184:10)
      at out/vs/workbench/services/extensions/node/file:/home/travis/build/Microsoft/vscode/src/vs/workbench/services/extensions/node/rpcProtocol.ts:111:66
      at out/vs/workbench/services/extensions/node/file:/home/travis/build/Microsoft/vscode/src/vs/workbench/services/extensions/node/rpcProtocol.ts:307:5
      at out/vs/base/common/file:/home/travis/build/Microsoft/vscode/src/vs/base/common/event.ts:381:87
      at Emitter.fire (out/vs/base/common/file:/home/travis/build/Microsoft/vscode/src/vs/base/common/event.ts:140:16)
      at Socket.&lt;anonymous> (out/vs/base/parts/ipc/node/file:/home/travis/build/Microsoft/vscode/src/vs/base/parts/ipc/node/ipc.net.ts:81:23)
      at readableAddChunk (_stream_readable.js:178:18)
      at Socket.Readable.push (_stream_readable.js:136:10)
      at Pipe.onread (net.js:560:20)
[0m
[0m  3) editor tests insert snippet with replacement, editor selection:
[0m[31m     Error: Failed to show text document file:///tmp/icinekj, should show in editor #undefined[0m[90m
      at out/vs/workbench/api/node/file:/home/travis/build/Microsoft/vscode/src/vs/workbench/api/node/extHostTextEditors.ts:86:11
      at Object.notifySuccess [as _notify] (out/vs/base/common/winjs.base.js:1185:59)
      at Object.enter (out/vs/base/common/winjs.base.js:867:30)
      at Promise_ctor._run (out/vs/base/common/winjs.base.js:1083:29)
      at Promise_ctor._completed (out/vs/base/common/winjs.base.js:1051:18)
      at LazyPromise.resolveOk (out/vs/workbench/services/extensions/node/file:/home/travis/build/Microsoft/vscode/src/vs/workbench/services/extensions/node/lazyPromise.ts:65:9)
      at RPCProtocol._receiveReply (out/vs/workbench/services/extensions/node/file:/home/travis/build/Microsoft/vscode/src/vs/workbench/services/extensions/node/rpcProtocol.ts:226:16)
      at RPCProtocol._receiveOneMessage (out/vs/workbench/services/extensions/node/file:/home/travis/build/Microsoft/vscode/src/vs/workbench/services/extensions/node/rpcProtocol.ts:184:10)
      at out/vs/workbench/services/extensions/node/file:/home/travis/build/Microsoft/vscode/src/vs/workbench/services/extensions/node/rpcProtocol.ts:111:66
      at out/vs/workbench/services/extensions/node/file:/home/travis/build/Microsoft/vscode/src/vs/workbench/services/extensions/node/rpcProtocol.ts:307:5
      at out/vs/base/common/file:/home/travis/build/Microsoft/vscode/src/vs/base/common/event.ts:381:87
      at Emitter.fire (out/vs/base/common/file:/home/travis/build/Microsoft/vscode/src/vs/base/common/event.ts:140:16)
      at Socket.&lt;anonymous> (out/vs/base/parts/ipc/node/file:/home/travis/build/Microsoft/vscode/src/vs/base/parts/ipc/node/ipc.net.ts:81:23)
      at readableAddChunk (_stream_readable.js:178:18)
      at Socket.Readable.push (_stream_readable.js:136:10)
      at Pipe.onread (net.js:560:20)
[0m
[0m  4) editor tests insert snippet with replacement, selection as argument:
[0m[31m     Error: Failed to show text document file:///tmp/vvbeylrh, should show in editor #undefined[0m[90m
      at out/vs/workbench/api/node/file:/home/travis/build/Microsoft/vscode/src/vs/workbench/api/node/extHostTextEditors.ts:86:11
      at Object.notifySuccess [as _notify] (out/vs/base/common/winjs.base.js:1185:59)
      at Object.enter (out/vs/base/common/winjs.base.js:867:30)
      at Promise_ctor._run (out/vs/base/common/winjs.base.js:1083:29)
      at Promise_ctor._completed (out/vs/base/common/winjs.base.js:1051:18)
      at LazyPromise.resolveOk (out/vs/workbench/services/extensions/node/file:/home/travis/build/Microsoft/vscode/src/vs/workbench/services/extensions/node/lazyPromise.ts:65:9)
      at RPCProtocol._receiveReply (out/vs/workbench/services/extensions/node/file:/home/travis/build/Microsoft/vscode/src/vs/workbench/services/extensions/node/rpcProtocol.ts:226:16)
      at RPCProtocol._receiveOneMessage (out/vs/workbench/services/extensions/node/file:/home/travis/build/Microsoft/vscode/src/vs/workbench/services/extensions/node/rpcProtocol.ts:184:10)
      at out/vs/workbench/services/extensions/node/file:/home/travis/build/Microsoft/vscode/src/vs/workbench/services/extensions/node/rpcProtocol.ts:111:66
      at out/vs/workbench/services/extensions/node/file:/home/travis/build/Microsoft/vscode/src/vs/workbench/services/extensions/node/rpcProtocol.ts:307:5
      at out/vs/base/common/file:/home/travis/build/Microsoft/vscode/src/vs/base/common/event.ts:381:87
      at Emitter.fire (out/vs/base/common/file:/home/travis/build/Microsoft/vscode/src/vs/base/common/event.ts:140:16)
      at Socket.&lt;anonymous> (out/vs/base/parts/ipc/node/file:/home/travis/build/Microsoft/vscode/src/vs/base/parts/ipc/node/ipc.net.ts:81:23)
      at readableAddChunk (_stream_readable.js:178:18)
      at Socket.Readable.push (_stream_readable.js:136:10)
      at Pipe.onread (net.js:560:20)
[0m
[0m  5) editor tests make edit:
[0m[31m     Error: Failed to show text document file:///tmp/mycefkm, should show in editor #undefined[0m[90m
      at out/vs/workbench/api/node/file:/home/travis/build/Microsoft/vscode/src/vs/workbench/api/node/extHostTextEditors.ts:86:11
      at Object.notifySuccess [as _notify] (out/vs/base/common/winjs.base.js:1185:59)
      at Object.enter (out/vs/base/common/winjs.base.js:867:30)
      at Promise_ctor._run (out/vs/base/common/winjs.base.js:1083:29)
      at Promise_ctor._completed (out/vs/base/common/winjs.base.js:1051:18)
      at LazyPromise.resolveOk (out/vs/workbench/services/extensions/node/file:/home/travis/build/Microsoft/vscode/src/vs/workbench/services/extensions/node/lazyPromise.ts:65:9)
      at RPCProtocol._receiveReply (out/vs/workbench/services/extensions/node/file:/home/travis/build/Microsoft/vscode/src/vs/workbench/services/extensions/node/rpcProtocol.ts:226:16)
      at RPCProtocol._receiveOneMessage (out/vs/workbench/services/extensions/node/file:/home/travis/build/Microsoft/vscode/src/vs/workbench/services/extensions/node/rpcProtocol.ts:184:10)
      at out/vs/workbench/services/extensions/node/file:/home/travis/build/Microsoft/vscode/src/vs/workbench/services/extensions/node/rpcProtocol.ts:111:66
      at out/vs/workbench/services/extensions/node/file:/home/travis/build/Microsoft/vscode/src/vs/workbench/services/extensions/node/rpcProtocol.ts:307:5
      at out/vs/base/common/file:/home/travis/build/Microsoft/vscode/src/vs/base/common/event.ts:381:87
      at Emitter.fire (out/vs/base/common/file:/home/travis/build/Microsoft/vscode/src/vs/base/common/event.ts:140:16)
      at Socket.&lt;anonymous> (out/vs/base/parts/ipc/node/file:/home/travis/build/Microsoft/vscode/src/vs/base/parts/ipc/node/ipc.net.ts:81:23)
      at readableAddChunk (_stream_readable.js:178:18)
      at Socket.Readable.push (_stream_readable.js:136:10)
      at Pipe.onread (net.js:560:20)
[0m
[0m  6) editor tests issue #6281: Edits fail to validate ranges correctly before applying:
[0m[31m     Error: Failed to show text document file:///tmp/rijhjyvm, should show in editor #undefined[0m[90m
      at out/vs/workbench/api/node/file:/home/travis/build/Microsoft/vscode/src/vs/workbench/api/node/extHostTextEditors.ts:86:11
      at Object.notifySuccess [as _notify] (out/vs/base/common/winjs.base.js:1185:59)
      at Object.enter (out/vs/base/common/winjs.base.js:867:30)
      at Promise_ctor._run (out/vs/base/common/winjs.base.js:1083:29)
      at Promise_ctor._completed (out/vs/base/common/winjs.base.js:1051:18)
      at LazyPromise.resolveOk (out/vs/workbench/services/extensions/node/file:/home/travis/build/Microsoft/vscode/src/vs/workbench/services/extensions/node/lazyPromise.ts:65:9)
      at RPCProtocol._receiveReply (out/vs/workbench/services/extensions/node/file:/home/travis/build/Microsoft/vscode/src/vs/workbench/services/extensions/node/rpcProtocol.ts:226:16)
      at RPCProtocol._receiveOneMessage (out/vs/workbench/services/extensions/node/file:/home/travis/build/Microsoft/vscode/src/vs/workbench/services/extensions/node/rpcProtocol.ts:184:10)
      at out/vs/workbench/services/extensions/node/file:/home/travis/build/Microsoft/vscode/src/vs/workbench/services/extensions/node/rpcProtocol.ts:111:66
      at out/vs/workbench/services/extensions/node/file:/home/travis/build/Microsoft/vscode/src/vs/workbench/services/extensions/node/rpcProtocol.ts:307:5
      at out/vs/base/common/file:/home/travis/build/Microsoft/vscode/src/vs/base/common/event.ts:381:87
      at Emitter.fire (out/vs/base/common/file:/home/travis/build/Microsoft/vscode/src/vs/base/common/event.ts:140:16)
      at Socket.&lt;anonymous> (out/vs/base/parts/ipc/node/file:/home/travis/build/Microsoft/vscode/src/vs/base/parts/ipc/node/ipc.net.ts:81:23)
      at readableAddChunk (_stream_readable.js:178:18)
      at Socket.Readable.push (_stream_readable.js:136:10)
      at Pipe.onread (net.js:560:20)
[0m
[0m  7) editor tests TextEditor.edit can control undo/redo stack 1:
[0m[31m     Error: Failed to show text document file:///tmp/wmjsmbfgbh, should show in editor #undefined[0m[90m
      at out/vs/workbench/api/node/file:/home/travis/build/Microsoft/vscode/src/vs/workbench/api/node/extHostTextEditors.ts:86:11
      at Object.notifySuccess [as _notify] (out/vs/base/common/winjs.base.js:1185:59)
      at Object.enter (out/vs/base/common/winjs.base.js:867:30)
      at Promise_ctor._run (out/vs/base/common/winjs.base.js:1083:29)
      at Promise_ctor._completed (out/vs/base/common/winjs.base.js:1051:18)
      at LazyPromise.resolveOk (out/vs/workbench/services/extensions/node/file:/home/travis/build/Microsoft/vscode/src/vs/workbench/services/extensions/node/lazyPromise.ts:65:9)
      at RPCProtocol._receiveReply (out/vs/workbench/services/extensions/node/file:/home/travis/build/Microsoft/vscode/src/vs/workbench/services/extensions/node/rpcProtocol.ts:226:16)
      at RPCProtocol._receiveOneMessage (out/vs/workbench/services/extensions/node/file:/home/travis/build/Microsoft/vscode/src/vs/workbench/services/extensions/node/rpcProtocol.ts:184:10)
      at out/vs/workbench/services/extensions/node/file:/home/travis/build/Microsoft/vscode/src/vs/workbench/services/extensions/node/rpcProtocol.ts:111:66
      at out/vs/workbench/services/extensions/node/file:/home/travis/build/Microsoft/vscode/src/vs/workbench/services/extensions/node/rpcProtocol.ts:307:5
      at out/vs/base/common/file:/home/travis/build/Microsoft/vscode/src/vs/base/common/event.ts:381:87
      at Emitter.fire (out/vs/base/common/file:/home/travis/build/Microsoft/vscode/src/vs/base/common/event.ts:140:16)
      at Socket.&lt;anonymous> (out/vs/base/parts/ipc/node/file:/home/travis/build/Microsoft/vscode/src/vs/base/parts/ipc/node/ipc.net.ts:81:23)
      at readableAddChunk (_stream_readable.js:178:18)
      at Socket.Readable.push (_stream_readable.js:136:10)
      at Pipe.onread (net.js:560:20)
[0m
[0m  8) editor tests TextEditor.edit can control undo/redo stack 2:
[0m[31m     Error: Failed to show text document file:///tmp/odcusig, should show in editor #undefined[0m[90m
      at out/vs/workbench/api/node/file:/home/travis/build/Microsoft/vscode/src/vs/workbench/api/node/extHostTextEditors.ts:86:11
      at Object.notifySuccess [as _notify] (out/vs/base/common/winjs.base.js:1185:59)
      at Object.enter (out/vs/base/common/winjs.base.js:867:30)
      at Promise_ctor._run (out/vs/base/common/winjs.base.js:1083:29)
      at Promise_ctor._completed (out/vs/base/common/winjs.base.js:1051:18)
      at LazyPromise.resolveOk (out/vs/workbench/services/extensions/node/file:/home/travis/build/Microsoft/vscode/src/vs/workbench/services/extensions/node/lazyPromise.ts:65:9)
      at RPCProtocol._receiveReply (out/vs/workbench/services/extensions/node/file:/home/travis/build/Microsoft/vscode/src/vs/workbench/services/extensions/node/rpcProtocol.ts:226:16)
      at RPCProtocol._receiveOneMessage (out/vs/workbench/services/extensions/node/file:/home/travis/build/Microsoft/vscode/src/vs/workbench/services/extensions/node/rpcProtocol.ts:184:10)
      at out/vs/workbench/services/extensions/node/file:/home/travis/build/Microsoft/vscode/src/vs/workbench/services/extensions/node/rpcProtocol.ts:111:66
      at out/vs/workbench/services/extensions/node/file:/home/travis/build/Microsoft/vscode/src/vs/workbench/services/extensions/node/rpcProtocol.ts:307:5
      at out/vs/base/common/file:/home/travis/build/Microsoft/vscode/src/vs/base/common/event.ts:381:87
      at Emitter.fire (out/vs/base/common/file:/home/travis/build/Microsoft/vscode/src/vs/base/common/event.ts:140:16)
      at Socket.&lt;anonymous> (out/vs/base/parts/ipc/node/file:/home/travis/build/Microsoft/vscode/src/vs/base/parts/ipc/node/ipc.net.ts:81:23)
      at readableAddChunk (_stream_readable.js:178:18)
      at Socket.Readable.push (_stream_readable.js:136:10)
      at Pipe.onread (net.js:560:20)
[0m
[0m  9) editor tests issue #16573: Extension API: insertSpaces and tabSize are undefined:
[0m[31m     Error: Failed to show text document file:///tmp/guwrmag, should show in editor #undefined[0m[90m
      at out/vs/workbench/api/node/file:/home/travis/build/Microsoft/vscode/src/vs/workbench/api/node/extHostTextEditors.ts:86:11
      at Object.notifySuccess [as _notify] (out/vs/base/common/winjs.base.js:1185:59)
      at Object.enter (out/vs/base/common/winjs.base.js:867:30)
      at Promise_ctor._run (out/vs/base/common/winjs.base.js:1083:29)
      at Promise_ctor._completed (out/vs/base/common/winjs.base.js:1051:18)
      at LazyPromise.resolveOk (out/vs/workbench/services/extensions/node/file:/home/travis/build/Microsoft/vscode/src/vs/workbench/services/extensions/node/lazyPromise.ts:65:9)
      at RPCProtocol._receiveReply (out/vs/workbench/services/extensions/node/file:/home/travis/build/Microsoft/vscode/src/vs/workbench/services/extensions/node/rpcProtocol.ts:226:16)
      at RPCProtocol._receiveOneMessage (out/vs/workbench/services/extensions/node/file:/home/travis/build/Microsoft/vscode/src/vs/workbench/services/extensions/node/rpcProtocol.ts:184:10)
      at out/vs/workbench/services/extensions/node/file:/home/travis/build/Microsoft/vscode/src/vs/workbench/services/extensions/node/rpcProtocol.ts:111:66
      at out/vs/workbench/services/extensions/node/file:/home/travis/build/Microsoft/vscode/src/vs/workbench/services/extensions/node/rpcProtocol.ts:307:5
      at out/vs/base/common/file:/home/travis/build/Microsoft/vscode/src/vs/base/common/event.ts:381:87
      at Emitter.fire (out/vs/base/common/file:/home/travis/build/Microsoft/vscode/src/vs/base/common/event.ts:140:16)
      at Socket.&lt;anonymous> (out/vs/base/parts/ipc/node/file:/home/travis/build/Microsoft/vscode/src/vs/base/parts/ipc/node/ipc.net.ts:81:23)
      at readableAddChunk (_stream_readable.js:178:18)
      at Socket.Readable.push (_stream_readable.js:136:10)
      at Pipe.onread (net.js:560:20)
[0m
[0m  10) editor tests issue #20757: Overlapping ranges are not allowed!:
[0m[31m     Error: Failed to show text document file:///tmp/vtepplhe, should show in editor #undefined[0m[90m
      at out/vs/workbench/api/node/file:/home/travis/build/Microsoft/vscode/src/vs/workbench/api/node/extHostTextEditors.ts:86:11
      at Object.notifySuccess [as _notify] (out/vs/base/common/winjs.base.js:1185:59)
      at Object.enter (out/vs/base/common/winjs.base.js:867:30)
      at Promise_ctor._run (out/vs/base/common/winjs.base.js:1083:29)
      at Promise_ctor._completed (out/vs/base/common/winjs.base.js:1051:18)
      at LazyPromise.resolveOk (out/vs/workbench/services/extensions/node/file:/home/travis/build/Microsoft/vscode/src/vs/workbench/services/extensions/node/lazyPromise.ts:65:9)
      at RPCProtocol._receiveReply (out/vs/workbench/services/extensions/node/file:/home/travis/build/Microsoft/vscode/src/vs/workbench/services/extensions/node/rpcProtocol.ts:226:16)
      at RPCProtocol._receiveOneMessage (out/vs/workbench/services/extensions/node/file:/home/travis/build/Microsoft/vscode/src/vs/workbench/services/extensions/node/rpcProtocol.ts:184:10)
      at out/vs/workbench/services/extensions/node/file:/home/travis/build/Microsoft/vscode/src/vs/workbench/services/extensions/node/rpcProtocol.ts:111:66
      at out/vs/workbench/services/extensions/node/file:/home/travis/build/Microsoft/vscode/src/vs/workbench/services/extensions/node/rpcProtocol.ts:307:5
      at out/vs/base/common/file:/home/travis/build/Microsoft/vscode/src/vs/base/common/event.ts:381:87
      at Emitter.fire (out/vs/base/common/file:/home/travis/build/Microsoft/vscode/src/vs/base/common/event.ts:140:16)
      at Socket.&lt;anonymous> (out/vs/base/parts/ipc/node/file:/home/travis/build/Microsoft/vscode/src/vs/base/parts/ipc/node/ipc.net.ts:81:23)
      at readableAddChunk (_stream_readable.js:178:18)
      at Socket.Readable.push (_stream_readable.js:136:10)
      at Pipe.onread (net.js:560:20)
[0m
[0m  11) window namespace tests editor, active text editor:
[0m[31m     Error: Failed to show text document file:///home/travis/build/Microsoft/vscode/extensions/vscode-api-tests/testWorkspace/far.js, should show in editor #undefined[0m[90m
      at out/vs/workbench/api/node/file:/home/travis/build/Microsoft/vscode/src/vs/workbench/api/node/extHostTextEditors.ts:86:11
      at Object.notifySuccess [as _notify] (out/vs/base/common/winjs.base.js:1185:59)
      at Object.enter (out/vs/base/common/winjs.base.js:867:30)
      at Promise_ctor._run (out/vs/base/common/winjs.base.js:1083:29)
      at Promise_ctor._completed (out/vs/base/common/winjs.base.js:1051:18)
      at LazyPromise.resolveOk (out/vs/workbench/services/extensions/node/file:/home/travis/build/Microsoft/vscode/src/vs/workbench/services/extensions/node/lazyPromise.ts:65:9)
      at RPCProtocol._receiveReply (out/vs/workbench/services/extensions/node/file:/home/travis/build/Microsoft/vscode/src/vs/workbench/services/extensions/node/rpcProtocol.ts:226:16)
      at RPCProtocol._receiveOneMessage (out/vs/workbench/services/extensions/node/file:/home/travis/build/Microsoft/vscode/src/vs/workbench/services/extensions/node/rpcProtocol.ts:184:10)
      at out/vs/workbench/services/extensions/node/file:/home/travis/build/Microsoft/vscode/src/vs/workbench/services/extensions/node/rpcProtocol.ts:111:66
      at out/vs/workbench/services/extensions/node/file:/home/travis/build/Microsoft/vscode/src/vs/workbench/services/extensions/node/rpcProtocol.ts:307:5
      at out/vs/base/common/file:/home/travis/build/Microsoft/vscode/src/vs/base/common/event.ts:381:87
      at Emitter.fire (out/vs/base/common/file:/home/travis/build/Microsoft/vscode/src/vs/base/common/event.ts:140:16)
      at Socket.&lt;anonymous> (out/vs/base/parts/ipc/node/file:/home/travis/build/Microsoft/vscode/src/vs/base/parts/ipc/node/ipc.net.ts:81:23)
      at readableAddChunk (_stream_readable.js:178:18)
      at Socket.Readable.push (_stream_readable.js:136:10)
      at Pipe.onread (net.js:560:20)
[0m
[0m  12) window namespace tests editor, opened via resource:
[0m[31m     Error: Failed to show text document file:///home/travis/build/Microsoft/vscode/extensions/vscode-api-tests/testWorkspace/far.js, should show in editor #undefined[0m[90m
      at out/vs/workbench/api/node/file:/home/travis/build/Microsoft/vscode/src/vs/workbench/api/node/extHostTextEditors.ts:86:11
      at Object.notifySuccess [as _notify] (out/vs/base/common/winjs.base.js:1185:59)
      at Object.enter (out/vs/base/common/winjs.base.js:867:30)
      at Promise_ctor._run (out/vs/base/common/winjs.base.js:1083:29)
      at Promise_ctor._completed (out/vs/base/common/winjs.base.js:1051:18)
      at LazyPromise.resolveOk (out/vs/workbench/services/extensions/node/file:/home/travis/build/Microsoft/vscode/src/vs/workbench/services/extensions/node/lazyPromise.ts:65:9)
      at RPCProtocol._receiveReply (out/vs/workbench/services/extensions/node/file:/home/travis/build/Microsoft/vscode/src/vs/workbench/services/extensions/node/rpcProtocol.ts:226:16)
      at RPCProtocol._receiveOneMessage (out/vs/workbench/services/extensions/node/file:/home/travis/build/Microsoft/vscode/src/vs/workbench/services/extensions/node/rpcProtocol.ts:184:10)
      at out/vs/workbench/services/extensions/node/file:/home/travis/build/Microsoft/vscode/src/vs/workbench/services/extensions/node/rpcProtocol.ts:111:66
      at out/vs/workbench/services/extensions/node/file:/home/travis/build/Microsoft/vscode/src/vs/workbench/services/extensions/node/rpcProtocol.ts:307:5
      at out/vs/base/common/file:/home/travis/build/Microsoft/vscode/src/vs/base/common/event.ts:381:87
      at Emitter.fire (out/vs/base/common/file:/home/travis/build/Microsoft/vscode/src/vs/base/common/event.ts:140:16)
      at Socket.&lt;anonymous> (out/vs/base/parts/ipc/node/file:/home/travis/build/Microsoft/vscode/src/vs/base/parts/ipc/node/ipc.net.ts:81:23)
      at readableAddChunk (_stream_readable.js:178:18)
      at Socket.Readable.push (_stream_readable.js:136:10)
      at Pipe.onread (net.js:560:20)
[0m
[0m  13) window namespace tests editor, assign and check view columns:
[0m[31m     Error: Failed to show text document file:///home/travis/build/Microsoft/vscode/extensions/vscode-api-tests/testWorkspace/far.js, should show in editor #undefined[0m[90m
      at out/vs/workbench/api/node/file:/home/travis/build/Microsoft/vscode/src/vs/workbench/api/node/extHostTextEditors.ts:86:11
      at Object.notifySuccess [as _notify] (out/vs/base/common/winjs.base.js:1185:59)
      at Object.enter (out/vs/base/common/winjs.base.js:867:30)
      at Promise_ctor._run (out/vs/base/common/winjs.base.js:1083:29)
      at Promise_ctor._completed (out/vs/base/common/winjs.base.js:1051:18)
      at LazyPromise.resolveOk (out/vs/workbench/services/extensions/node/file:/home/travis/build/Microsoft/vscode/src/vs/workbench/services/extensions/node/lazyPromise.ts:65:9)
      at RPCProtocol._receiveReply (out/vs/workbench/services/extensions/node/file:/home/travis/build/Microsoft/vscode/src/vs/workbench/services/extensions/node/rpcProtocol.ts:226:16)
      at RPCProtocol._receiveOneMessage (out/vs/workbench/services/extensions/node/file:/home/travis/build/Microsoft/vscode/src/vs/workbench/services/extensions/node/rpcProtocol.ts:184:10)
      at out/vs/workbench/services/extensions/node/file:/home/travis/build/Microsoft/vscode/src/vs/workbench/services/extensions/node/rpcProtocol.ts:111:66
      at out/vs/workbench/services/extensions/node/file:/home/travis/build/Microsoft/vscode/src/vs/workbench/services/extensions/node/rpcProtocol.ts:307:5
      at out/vs/base/common/file:/home/travis/build/Microsoft/vscode/src/vs/base/common/event.ts:381:87
      at Emitter.fire (out/vs/base/common/file:/home/travis/build/Microsoft/vscode/src/vs/base/common/event.ts:140:16)
      at Socket.&lt;anonymous> (out/vs/base/parts/ipc/node/file:/home/travis/build/Microsoft/vscode/src/vs/base/parts/ipc/node/ipc.net.ts:81:23)
      at readableAddChunk (_stream_readable.js:178:18)
      at Socket.Readable.push (_stream_readable.js:136:10)
      at Pipe.onread (net.js:560:20)
[0m
[0m  14) window namespace tests editor, onDidChangeVisibleTextEditors:
[0m[31m     Error: Failed to show text document file:///home/travis/build/Microsoft/vscode/extensions/vscode-api-tests/testWorkspace/far.js, should show in editor #undefined[0m[90m
      at out/vs/workbench/api/node/file:/home/travis/build/Microsoft/vscode/src/vs/workbench/api/node/extHostTextEditors.ts:86:11
      at Object.notifySuccess [as _notify] (out/vs/base/common/winjs.base.js:1185:59)
      at Object.enter (out/vs/base/common/winjs.base.js:867:30)
      at Promise_ctor._run (out/vs/base/common/winjs.base.js:1083:29)
      at Promise_ctor._completed (out/vs/base/common/winjs.base.js:1051:18)
      at LazyPromise.resolveOk (out/vs/workbench/services/extensions/node/file:/home/travis/build/Microsoft/vscode/src/vs/workbench/services/extensions/node/lazyPromise.ts:65:9)
      at RPCProtocol._receiveReply (out/vs/workbench/services/extensions/node/file:/home/travis/build/Microsoft/vscode/src/vs/workbench/services/extensions/node/rpcProtocol.ts:226:16)
      at RPCProtocol._receiveOneMessage (out/vs/workbench/services/extensions/node/file:/home/travis/build/Microsoft/vscode/src/vs/workbench/services/extensions/node/rpcProtocol.ts:184:10)
      at out/vs/workbench/services/extensions/node/file:/home/travis/build/Microsoft/vscode/src/vs/workbench/services/extensions/node/rpcProtocol.ts:111:66
      at out/vs/workbench/services/extensions/node/file:/home/travis/build/Microsoft/vscode/src/vs/workbench/services/extensions/node/rpcProtocol.ts:307:5
      at out/vs/base/common/file:/home/travis/build/Microsoft/vscode/src/vs/base/common/event.ts:381:87
      at Emitter.fire (out/vs/base/common/file:/home/travis/build/Microsoft/vscode/src/vs/base/common/event.ts:140:16)
      at Socket.&lt;anonymous> (out/vs/base/parts/ipc/node/file:/home/travis/build/Microsoft/vscode/src/vs/base/parts/ipc/node/ipc.net.ts:81:23)
      at readableAddChunk (_stream_readable.js:178:18)
      at Socket.Readable.push (_stream_readable.js:136:10)
      at Pipe.onread (net.js:560:20)
[0m
[0m  15) window namespace tests editor, onDidChangeTextEditorViewColumn:
[0m[31m     Error: Failed to show text document bikes://testing/one, should show in editor #undefined[0m[90m
      at out/vs/workbench/api/node/file:/home/travis/build/Microsoft/vscode/src/vs/workbench/api/node/extHostTextEditors.ts:86:11
      at Object.notifySuccess [as _notify] (out/vs/base/common/winjs.base.js:1185:59)
      at Object.enter (out/vs/base/common/winjs.base.js:867:30)
      at Promise_ctor._run (out/vs/base/common/winjs.base.js:1083:29)
      at Promise_ctor._completed (out/vs/base/common/winjs.base.js:1051:18)
      at LazyPromise.resolveOk (out/vs/workbench/services/extensions/node/file:/home/travis/build/Microsoft/vscode/src/vs/workbench/services/extensions/node/lazyPromise.ts:65:9)
      at RPCProtocol._receiveReply (out/vs/workbench/services/extensions/node/file:/home/travis/build/Microsoft/vscode/src/vs/workbench/services/extensions/node/rpcProtocol.ts:226:16)
      at RPCProtocol._receiveOneMessage (out/vs/workbench/services/extensions/node/file:/home/travis/build/Microsoft/vscode/src/vs/workbench/services/extensions/node/rpcProtocol.ts:184:10)
      at out/vs/workbench/services/extensions/node/file:/home/travis/build/Microsoft/vscode/src/vs/workbench/services/extensions/node/rpcProtocol.ts:111:66
      at out/vs/workbench/services/extensions/node/file:/home/travis/build/Microsoft/vscode/src/vs/workbench/services/extensions/node/rpcProtocol.ts:307:5
      at out/vs/base/common/file:/home/travis/build/Microsoft/vscode/src/vs/base/common/event.ts:381:87
      at Emitter.fire (out/vs/base/common/file:/home/travis/build/Microsoft/vscode/src/vs/base/common/event.ts:140:16)
      at Socket.&lt;anonymous> (out/vs/base/parts/ipc/node/file:/home/travis/build/Microsoft/vscode/src/vs/base/parts/ipc/node/ipc.net.ts:81:23)
      at readableAddChunk (_stream_readable.js:178:18)
      at Socket.Readable.push (_stream_readable.js:136:10)
      at Pipe.onread (net.js:560:20)
[0m
[0m  16) window namespace tests issue #25801 - default column when opening a file:
[0m[31m     Error: Failed to show text document file:///tmp/wbvmxrwvn, should show in editor #undefined[0m[90m
      at out/vs/workbench/api/node/file:/home/travis/build/Microsoft/vscode/src/vs/workbench/api/node/extHostTextEditors.ts:86:11
      at Object.notifySuccess [as _notify] (out/vs/base/common/winjs.base.js:1185:59)
      at Object.enter (out/vs/base/common/winjs.base.js:867:30)
      at Promise_ctor._run (out/vs/base/common/winjs.base.js:1083:29)
      at Promise_ctor._completed (out/vs/base/common/winjs.base.js:1051:18)
      at LazyPromise.resolveOk (out/vs/workbench/services/extensions/node/file:/home/travis/build/Microsoft/vscode/src/vs/workbench/services/extensions/node/lazyPromise.ts:65:9)
      at RPCProtocol._receiveReply (out/vs/workbench/services/extensions/node/file:/home/travis/build/Microsoft/vscode/src/vs/workbench/services/extensions/node/rpcProtocol.ts:226:16)
      at RPCProtocol._receiveOneMessage (out/vs/workbench/services/extensions/node/file:/home/travis/build/Microsoft/vscode/src/vs/workbench/services/extensions/node/rpcProtocol.ts:184:10)
      at out/vs/workbench/services/extensions/node/file:/home/travis/build/Microsoft/vscode/src/vs/workbench/services/extensions/node/rpcProtocol.ts:111:66
      at out/vs/workbench/services/extensions/node/file:/home/travis/build/Microsoft/vscode/src/vs/workbench/services/extensions/node/rpcProtocol.ts:307:5
      at out/vs/base/common/file:/home/travis/build/Microsoft/vscode/src/vs/base/common/event.ts:381:87
      at Emitter.fire (out/vs/base/common/file:/home/travis/build/Microsoft/vscode/src/vs/base/common/event.ts:140:16)
      at Socket.&lt;anonymous> (out/vs/base/parts/ipc/node/file:/home/travis/build/Microsoft/vscode/src/vs/base/parts/ipc/node/ipc.net.ts:81:23)
      at readableAddChunk (_stream_readable.js:178:18)
      at Socket.Readable.push (_stream_readable.js:136:10)
      at Pipe.onread (net.js:560:20)
[0m
[0m  17) window namespace tests issue #27408 - showTextDocument &amp; vscode.diff always default to ViewColumn.One:
[0m[31m     Error: Failed to show text document file:///tmp/uossvrnwud, should show in editor #undefined[0m[90m
      at out/vs/workbench/api/node/file:/home/travis/build/Microsoft/vscode/src/vs/workbench/api/node/extHostTextEditors.ts:86:11
      at Object.notifySuccess [as _notify] (out/vs/base/common/winjs.base.js:1185:59)
      at Object.enter (out/vs/base/common/winjs.base.js:867:30)
      at Promise_ctor._run (out/vs/base/common/winjs.base.js:1083:29)
      at Promise_ctor._completed (out/vs/base/common/winjs.base.js:1051:18)
      at LazyPromise.resolveOk (out/vs/workbench/services/extensions/node/file:/home/travis/build/Microsoft/vscode/src/vs/workbench/services/extensions/node/lazyPromise.ts:65:9)
      at RPCProtocol._receiveReply (out/vs/workbench/services/extensions/node/file:/home/travis/build/Microsoft/vscode/src/vs/workbench/services/extensions/node/rpcProtocol.ts:226:16)
      at RPCProtocol._receiveOneMessage (out/vs/workbench/services/extensions/node/file:/home/travis/build/Microsoft/vscode/src/vs/workbench/services/extensions/node/rpcProtocol.ts:184:10)
      at out/vs/workbench/services/extensions/node/file:/home/travis/build/Microsoft/vscode/src/vs/workbench/services/extensions/node/rpcProtocol.ts:111:66
      at out/vs/workbench/services/extensions/node/file:/home/travis/build/Microsoft/vscode/src/vs/workbench/services/extensions/node/rpcProtocol.ts:307:5
      at out/vs/base/common/file:/home/travis/build/Microsoft/vscode/src/vs/base/common/event.ts:381:87
      at Emitter.fire (out/vs/base/common/file:/home/travis/build/Microsoft/vscode/src/vs/base/common/event.ts:140:16)
      at Socket.&lt;anonymous> (out/vs/base/parts/ipc/node/file:/home/travis/build/Microsoft/vscode/src/vs/base/parts/ipc/node/ipc.net.ts:81:23)
      at readableAddChunk (_stream_readable.js:178:18)
      at Socket.Readable.push (_stream_readable.js:136:10)
      at Pipe.onread (net.js:560:20)
[0m
[0m  18) window namespace tests issue #5362 - Incorrect TextEditor passed by onDidChangeTextEditorSelection:
[0m[31m     Error: Failed to show text document file:///home/travis/build/Microsoft/vscode/extensions/vscode-api-tests/testWorkspace/10linefile.ts, should show in editor #undefined[0m[90m
      at out/vs/workbench/api/node/file:/home/travis/build/Microsoft/vscode/src/vs/workbench/api/node/extHostTextEditors.ts:86:11
      at Object.notifySuccess [as _notify] (out/vs/base/common/winjs.base.js:1185:59)
      at Object.enter (out/vs/base/common/winjs.base.js:867:30)
      at Promise_ctor._run (out/vs/base/common/winjs.base.js:1083:29)
      at Promise_ctor._completed (out/vs/base/common/winjs.base.js:1051:18)
      at LazyPromise.resolveOk (out/vs/workbench/services/extensions/node/file:/home/travis/build/Microsoft/vscode/src/vs/workbench/services/extensions/node/lazyPromise.ts:65:9)
      at RPCProtocol._receiveReply (out/vs/workbench/services/extensions/node/file:/home/travis/build/Microsoft/vscode/src/vs/workbench/services/extensions/node/rpcProtocol.ts:226:16)
      at RPCProtocol._receiveOneMessage (out/vs/workbench/services/extensions/node/file:/home/travis/build/Microsoft/vscode/src/vs/workbench/services/extensions/node/rpcProtocol.ts:184:10)
      at out/vs/workbench/services/extensions/node/file:/home/travis/build/Microsoft/vscode/src/vs/workbench/services/extensions/node/rpcProtocol.ts:111:66
      at out/vs/workbench/services/extensions/node/file:/home/travis/build/Microsoft/vscode/src/vs/workbench/services/extensions/node/rpcProtocol.ts:307:5
      at out/vs/base/common/file:/home/travis/build/Microsoft/vscode/src/vs/base/common/event.ts:381:87
      at Emitter.fire (out/vs/base/common/file:/home/travis/build/Microsoft/vscode/src/vs/base/common/event.ts:140:16)
      at Socket.&lt;anonymous> (out/vs/base/parts/ipc/node/file:/home/travis/build/Microsoft/vscode/src/vs/base/parts/ipc/node/ipc.net.ts:81:23)
      at readableAddChunk (_stream_readable.js:178:18)
      at Socket.Readable.push (_stream_readable.js:136:10)
      at Pipe.onread (net.js:560:20)
[0m
[0m  19) window namespace tests editor, selection change kind:
[0m[31m     Error: Failed to show text document file:///home/travis/build/Microsoft/vscode/extensions/vscode-api-tests/testWorkspace/far.js, should show in editor #undefined[0m[90m
      at out/vs/workbench/api/node/file:/home/travis/build/Microsoft/vscode/src/vs/workbench/api/node/extHostTextEditors.ts:86:11
      at Object.notifySuccess [as _notify] (out/vs/base/common/winjs.base.js:1185:59)
      at Object.enter (out/vs/base/common/winjs.base.js:867:30)
      at Promise_ctor._run (out/vs/base/common/winjs.base.js:1083:29)
      at Promise_ctor._completed (out/vs/base/common/winjs.base.js:1051:18)
      at LazyPromise.resolveOk (out/vs/workbench/services/extensions/node/file:/home/travis/build/Microsoft/vscode/src/vs/workbench/services/extensions/node/lazyPromise.ts:65:9)
      at RPCProtocol._receiveReply (out/vs/workbench/services/extensions/node/file:/home/travis/build/Microsoft/vscode/src/vs/workbench/services/extensions/node/rpcProtocol.ts:226:16)
      at RPCProtocol._receiveOneMessage (out/vs/workbench/services/extensions/node/file:/home/travis/build/Microsoft/vscode/src/vs/workbench/services/extensions/node/rpcProtocol.ts:184:10)
      at out/vs/workbench/services/extensions/node/file:/home/travis/build/Microsoft/vscode/src/vs/workbench/services/extensions/node/rpcProtocol.ts:111:66
      at out/vs/workbench/services/extensions/node/file:/home/travis/build/Microsoft/vscode/src/vs/workbench/services/extensions/node/rpcProtocol.ts:307:5
      at out/vs/base/common/file:/home/travis/build/Microsoft/vscode/src/vs/base/common/event.ts:381:87
      at Emitter.fire (out/vs/base/common/file:/home/travis/build/Microsoft/vscode/src/vs/base/common/event.ts:140:16)
      at Socket.&lt;anonymous> (out/vs/base/parts/ipc/node/file:/home/travis/build/Microsoft/vscode/src/vs/base/parts/ipc/node/ipc.net.ts:81:23)
      at readableAddChunk (_stream_readable.js:178:18)
      at Socket.Readable.push (_stream_readable.js:136:10)
      at Pipe.onread (net.js:560:20)
[0m
[0m  20) workspace-namespace openTextDocument, untitled closes on save:
[0m[31m     Error: Failed to show text document untitled:/home/travis/build/Microsoft/vscode/extensions/vscode-api-tests/testWorkspace/newfile.txt, should show in editor #undefined[0m[90m
      at out/vs/workbench/api/node/file:/home/travis/build/Microsoft/vscode/src/vs/workbench/api/node/extHostTextEditors.ts:86:11
      at Object.notifySuccess [as _notify] (out/vs/base/common/winjs.base.js:1185:59)
      at Object.enter (out/vs/base/common/winjs.base.js:867:30)
      at Promise_ctor._run (out/vs/base/common/winjs.base.js:1083:29)
      at Promise_ctor._completed (out/vs/base/common/winjs.base.js:1051:18)
      at LazyPromise.resolveOk (out/vs/workbench/services/extensions/node/file:/home/travis/build/Microsoft/vscode/src/vs/workbench/services/extensions/node/lazyPromise.ts:65:9)
      at RPCProtocol._receiveReply (out/vs/workbench/services/extensions/node/file:/home/travis/build/Microsoft/vscode/src/vs/workbench/services/extensions/node/rpcProtocol.ts:226:16)
      at RPCProtocol._receiveOneMessage (out/vs/workbench/services/extensions/node/file:/home/travis/build/Microsoft/vscode/src/vs/workbench/services/extensions/node/rpcProtocol.ts:184:10)
      at out/vs/workbench/services/extensions/node/file:/home/travis/build/Microsoft/vscode/src/vs/workbench/services/extensions/node/rpcProtocol.ts:111:66
      at out/vs/workbench/services/extensions/node/file:/home/travis/build/Microsoft/vscode/src/vs/workbench/services/extensions/node/rpcProtocol.ts:307:5
      at out/vs/base/common/file:/home/travis/build/Microsoft/vscode/src/vs/base/common/event.ts:381:87
      at Emitter.fire (out/vs/base/common/file:/home/travis/build/Microsoft/vscode/src/vs/base/common/event.ts:140:16)
      at Socket.&lt;anonymous> (out/vs/base/parts/ipc/node/file:/home/travis/build/Microsoft/vscode/src/vs/base/parts/ipc/node/ipc.net.ts:81:23)
      at readableAddChunk (_stream_readable.js:178:18)
      at Socket.Readable.push (_stream_readable.js:136:10)
      at Pipe.onread (net.js:560:20)
[0m
[0m  21) workspace-namespace eol, change via editor:
[0m[31m     Error: Failed to show text document file:///tmp/xbonxqigb, should show in editor #undefined[0m[90m
      at out/vs/workbench/api/node/file:/home/travis/build/Microsoft/vscode/src/vs/workbench/api/node/extHostTextEditors.ts:86:11
      at Object.notifySuccess [as _notify] (out/vs/base/common/winjs.base.js:1185:59)
      at Object.enter (out/vs/base/common/winjs.base.js:867:30)
      at Promise_ctor._run (out/vs/base/common/winjs.base.js:1083:29)
      at Promise_ctor._completed (out/vs/base/common/winjs.base.js:1051:18)
      at LazyPromise.resolveOk (out/vs/workbench/services/extensions/node/file:/home/travis/build/Microsoft/vscode/src/vs/workbench/services/extensions/node/lazyPromise.ts:65:9)
      at RPCProtocol._receiveReply (out/vs/workbench/services/extensions/node/file:/home/travis/build/Microsoft/vscode/src/vs/workbench/services/extensions/node/rpcProtocol.ts:226:16)
      at RPCProtocol._receiveOneMessage (out/vs/workbench/services/extensions/node/file:/home/travis/build/Microsoft/vscode/src/vs/workbench/services/extensions/node/rpcProtocol.ts:184:10)
      at out/vs/workbench/services/extensions/node/file:/home/travis/build/Microsoft/vscode/src/vs/workbench/services/extensions/node/rpcProtocol.ts:111:66
      at out/vs/workbench/services/extensions/node/file:/home/travis/build/Microsoft/vscode/src/vs/workbench/services/extensions/node/rpcProtocol.ts:307:5
      at out/vs/base/common/file:/home/travis/build/Microsoft/vscode/src/vs/base/common/event.ts:381:87
      at Emitter.fire (out/vs/base/common/file:/home/travis/build/Microsoft/vscode/src/vs/base/common/event.ts:140:16)
      at Socket.&lt;anonymous> (out/vs/base/parts/ipc/node/file:/home/travis/build/Microsoft/vscode/src/vs/base/parts/ipc/node/ipc.net.ts:81:23)
      at readableAddChunk (_stream_readable.js:178:18)
      at Socket.Readable.push (_stream_readable.js:136:10)
      at Pipe.onread (net.js:560:20)
[0m
[0m  22) workspace-namespace events: onDidOpenTextDocument, onDidChangeTextDocument, onDidSaveTextDocument:
[0m[31m     Error: Failed to show text document file:///tmp/gwltemles, should show in editor #undefined[0m[90m
      at out/vs/workbench/api/node/file:/home/travis/build/Microsoft/vscode/src/vs/workbench/api/node/extHostTextEditors.ts:86:11
      at Object.notifySuccess [as _notify] (out/vs/base/common/winjs.base.js:1185:59)
      at Object.enter (out/vs/base/common/winjs.base.js:867:30)
      at Promise_ctor._run (out/vs/base/common/winjs.base.js:1083:29)
      at Promise_ctor._completed (out/vs/base/common/winjs.base.js:1051:18)
      at LazyPromise.resolveOk (out/vs/workbench/services/extensions/node/file:/home/travis/build/Microsoft/vscode/src/vs/workbench/services/extensions/node/lazyPromise.ts:65:9)
      at RPCProtocol._receiveReply (out/vs/workbench/services/extensions/node/file:/home/travis/build/Microsoft/vscode/src/vs/workbench/services/extensions/node/rpcProtocol.ts:226:16)
      at RPCProtocol._receiveOneMessage (out/vs/workbench/services/extensions/node/file:/home/travis/build/Microsoft/vscode/src/vs/workbench/services/extensions/node/rpcProtocol.ts:184:10)
      at out/vs/workbench/services/extensions/node/file:/home/travis/build/Microsoft/vscode/src/vs/workbench/services/extensions/node/rpcProtocol.ts:111:66
      at out/vs/workbench/services/extensions/node/file:/home/travis/build/Microsoft/vscode/src/vs/workbench/services/extensions/node/rpcProtocol.ts:307:5
      at out/vs/base/common/file:/home/travis/build/Microsoft/vscode/src/vs/base/common/event.ts:381:87
      at Emitter.fire (out/vs/base/common/file:/home/travis/build/Microsoft/vscode/src/vs/base/common/event.ts:140:16)
      at Socket.&lt;anonymous> (out/vs/base/parts/ipc/node/file:/home/travis/build/Microsoft/vscode/src/vs/base/parts/ipc/node/ipc.net.ts:81:23)
      at readableAddChunk (_stream_readable.js:178:18)
      at Socket.Readable.push (_stream_readable.js:136:10)
      at Pipe.onread (net.js:560:20)
[0m
[0m  23) workspace-namespace openTextDocument, with selection:
[0m[31m     Error: Failed to show text document file:///tmp/fwfwgafiik, should show in editor #undefined[0m[90m
      at out/vs/workbench/api/node/file:/home/travis/build/Microsoft/vscode/src/vs/workbench/api/node/extHostTextEditors.ts:86:11
      at Object.notifySuccess [as _notify] (out/vs/base/common/winjs.base.js:1185:59)
      at Object.enter (out/vs/base/common/winjs.base.js:867:30)
      at Promise_ctor._run (out/vs/base/common/winjs.base.js:1083:29)
      at Promise_ctor._completed (out/vs/base/common/winjs.base.js:1051:18)
      at LazyPromise.resolveOk (out/vs/workbench/services/extensions/node/file:/home/travis/build/Microsoft/vscode/src/vs/workbench/services/extensions/node/lazyPromise.ts:65:9)
      at RPCProtocol._receiveReply (out/vs/workbench/services/extensions/node/file:/home/travis/build/Microsoft/vscode/src/vs/workbench/services/extensions/node/rpcProtocol.ts:226:16)
      at RPCProtocol._receiveOneMessage (out/vs/workbench/services/extensions/node/file:/home/travis/build/Microsoft/vscode/src/vs/workbench/services/extensions/node/rpcProtocol.ts:184:10)
      at out/vs/workbench/services/extensions/node/file:/home/travis/build/Microsoft/vscode/src/vs/workbench/services/extensions/node/rpcProtocol.ts:111:66
      at out/vs/workbench/services/extensions/node/file:/home/travis/build/Microsoft/vscode/src/vs/workbench/services/extensions/node/rpcProtocol.ts:307:5
      at out/vs/base/common/file:/home/travis/build/Microsoft/vscode/src/vs/base/common/event.ts:381:87
      at Emitter.fire (out/vs/base/common/file:/home/travis/build/Microsoft/vscode/src/vs/base/common/event.ts:140:16)
      at Socket.&lt;anonymous> (out/vs/base/parts/ipc/node/file:/home/travis/build/Microsoft/vscode/src/vs/base/parts/ipc/node/ipc.net.ts:81:23)
      at readableAddChunk (_stream_readable.js:178:18)
      at Socket.Readable.push (_stream_readable.js:136:10)
      at Pipe.onread (net.js:560:20)
[0m
[0m  24) workspace-namespace registerTextDocumentContentProvider, show virtual document:
[0m[31m     Error: Failed to show text document foo://something/path, should show in editor #undefined[0m[90m
      at out/vs/workbench/api/node/file:/home/travis/build/Microsoft/vscode/src/vs/workbench/api/node/extHostTextEditors.ts:86:11
      at Object.notifySuccess [as _notify] (out/vs/base/common/winjs.base.js:1185:59)
      at Object.enter (out/vs/base/common/winjs.base.js:867:30)
      at Promise_ctor._run (out/vs/base/common/winjs.base.js:1083:29)
      at Promise_ctor._completed (out/vs/base/common/winjs.base.js:1051:18)
      at LazyPromise.resolveOk (out/vs/workbench/services/extensions/node/file:/home/travis/build/Microsoft/vscode/src/vs/workbench/services/extensions/node/lazyPromise.ts:65:9)
      at RPCProtocol._receiveReply (out/vs/workbench/services/extensions/node/file:/home/travis/build/Microsoft/vscode/src/vs/workbench/services/extensions/node/rpcProtocol.ts:226:16)
      at RPCProtocol._receiveOneMessage (out/vs/workbench/services/extensions/node/file:/home/travis/build/Microsoft/vscode/src/vs/workbench/services/extensions/node/rpcProtocol.ts:184:10)
      at out/vs/workbench/services/extensions/node/file:/home/travis/build/Microsoft/vscode/src/vs/workbench/services/extensions/node/rpcProtocol.ts:111:66
      at out/vs/workbench/services/extensions/node/file:/home/travis/build/Microsoft/vscode/src/vs/workbench/services/extensions/node/rpcProtocol.ts:307:5
      at out/vs/base/common/file:/home/travis/build/Microsoft/vscode/src/vs/base/common/event.ts:381:87
      at Emitter.fire (out/vs/base/common/file:/home/travis/build/Microsoft/vscode/src/vs/base/common/event.ts:140:16)
      at Socket.&lt;anonymous> (out/vs/base/parts/ipc/node/file:/home/travis/build/Microsoft/vscode/src/vs/base/parts/ipc/node/ipc.net.ts:81:23)
      at readableAddChunk (_stream_readable.js:178:18)
      at Socket.Readable.push (_stream_readable.js:136:10)
      at Pipe.onread (net.js:560:20)
[0m</Output>
      </ExampleDataOfString>
      <ExampleDataOfString>
        <InputPath>TypeScript/Microsoft@vscode/failed/374277077.log</InputPath>
        <Keywords>failing, 1), </Keywords>
        <Category>0</Category>
        <Output>1) window namespace tests issue #25801 - default column when opening a file:



      [31mAssertionError: wanted fileName:/var/folders/bb/n7t3rs157850byt_jfdcq9k80000gn/T/vetuaw/viewColumn:1 but got fileName:/var/folders/bb/n7t3rs157850byt_jfdcq9k80000gn/T/nogmhiglnp/viewColumn:2. a:/var/folders/bb/n7t3rs157850byt_jfdcq9k80000gn/T/wzmrrh, b:/var/folders/bb/n7t3rs157850byt_jfdcq9k80000gn/T/nogmhiglnp, c:/var/folders/bb/n7t3rs157850byt_jfdcq9k80000gn/T/vetuaw[0m

      [32m+ expected[0m [31m- actual[0m



      [31m-false[0m

      [32m+true[0m

      [0m[90m

      at Object.&lt;anonymous> (extensions/vscode-api-tests/src/singlefolder-tests/window.test.ts:137:10)

      at step (extensions/vscode-api-tests/out/singlefolder-tests/window.test.js:36:23)

      at Object.f [as next] (extensions/vscode-api-tests/out/singlefolder-tests/window.test.js:17:53)

      at fulfilled (extensions/vscode-api-tests/out/singlefolder-tests/window.test.js:8:58)

      at &lt;anonymous>

[0m</Output>
      </ExampleDataOfString>
      <ExampleDataOfString>
        <InputPath>TypeScript/Microsoft@vscode/failed/374281279.log</InputPath>
        <Keywords>failing, 1), </Keywords>
        <Category>0</Category>
        <Output>


      [31mAssertionError: wanted fileName:/var/folders/bb/n7t3rs157850byt_jfdcq9k80000gn/T/vbufhekp/viewColumn:1 but got fileName:/var/folders/bb/n7t3rs157850byt_jfdcq9k80000gn/T/pxotgvov/viewColumn:2. a:/var/folders/bb/n7t3rs157850byt_jfdcq9k80000gn/T/qosfclb, b:/var/folders/bb/n7t3rs157850byt_jfdcq9k80000gn/T/pxotgvov, c:/var/folders/bb/n7t3rs157850byt_jfdcq9k80000gn/T/vbufhekp[0m

      [32m+ expected[0m [31m- actual[0m



      [31m-false[0m

      [32m+true[0m

      [0m[90m

      at Object.&lt;anonymous> (extensions/vscode-api-tests/src/singlefolder-tests/window.test.ts:137:10)

      at step (extensions/vscode-api-tests/out/singlefolder-tests/window.test.js:36:23)

      at Object.f [as next] (extensions/vscode-api-tests/out/singlefolder-tests/window.test.js:17:53)

      at fulfilled (extensions/vscode-api-tests/out/singlefolder-tests/window.test.js:8:58)

      at &lt;anonymous>

[0m</Output>
      </ExampleDataOfString>
      <ExampleDataOfString>
        <InputPath>TypeScript/Microsoft@vscode/failed/374286928.log</InputPath>
        <Keywords>failing, 1), </Keywords>
        <Category>0</Category>
        <Output>1) commands namespace tests editorCommand with extra args:
[0m[31m     Error: Failed to show text document file:///home/travis/build/Microsoft/vscode/extensions/vscode-api-tests/testWorkspace/far.js, should show in editor #undefined[0m[90m
      at out/vs/workbench/api/node/file:/home/travis/build/Microsoft/vscode/src/vs/workbench/api/node/extHostTextEditors.ts:86:11
      at Object.notifySuccess [as _notify] (out/vs/base/common/winjs.base.js:1185:59)
      at Object.enter (out/vs/base/common/winjs.base.js:867:30)
      at Promise_ctor._run (out/vs/base/common/winjs.base.js:1083:29)
      at Promise_ctor._completed (out/vs/base/common/winjs.base.js:1051:18)
      at LazyPromise.resolveOk (out/vs/workbench/services/extensions/node/file:/home/travis/build/Microsoft/vscode/src/vs/workbench/services/extensions/node/lazyPromise.ts:65:9)
      at RPCProtocol._receiveReply (out/vs/workbench/services/extensions/node/file:/home/travis/build/Microsoft/vscode/src/vs/workbench/services/extensions/node/rpcProtocol.ts:226:16)
      at RPCProtocol._receiveOneMessage (out/vs/workbench/services/extensions/node/file:/home/travis/build/Microsoft/vscode/src/vs/workbench/services/extensions/node/rpcProtocol.ts:184:10)
      at out/vs/workbench/services/extensions/node/file:/home/travis/build/Microsoft/vscode/src/vs/workbench/services/extensions/node/rpcProtocol.ts:111:66
      at out/vs/workbench/services/extensions/node/file:/home/travis/build/Microsoft/vscode/src/vs/workbench/services/extensions/node/rpcProtocol.ts:307:5
      at out/vs/base/common/file:/home/travis/build/Microsoft/vscode/src/vs/base/common/event.ts:381:87
      at Emitter.fire (out/vs/base/common/file:/home/travis/build/Microsoft/vscode/src/vs/base/common/event.ts:140:16)
      at Socket.&lt;anonymous> (out/vs/base/parts/ipc/node/file:/home/travis/build/Microsoft/vscode/src/vs/base/parts/ipc/node/ipc.net.ts:81:23)
      at readableAddChunk (_stream_readable.js:178:18)
      at Socket.Readable.push (_stream_readable.js:136:10)
      at Pipe.onread (net.js:560:20)
[0m
[0m  2) editor tests insert snippet:
[0m[31m     Error: Failed to show text document file:///tmp/bnwmjxfl, should show in editor #undefined[0m[90m
      at out/vs/workbench/api/node/file:/home/travis/build/Microsoft/vscode/src/vs/workbench/api/node/extHostTextEditors.ts:86:11
      at Object.notifySuccess [as _notify] (out/vs/base/common/winjs.base.js:1185:59)
      at Object.enter (out/vs/base/common/winjs.base.js:867:30)
      at Promise_ctor._run (out/vs/base/common/winjs.base.js:1083:29)
      at Promise_ctor._completed (out/vs/base/common/winjs.base.js:1051:18)
      at LazyPromise.resolveOk (out/vs/workbench/services/extensions/node/file:/home/travis/build/Microsoft/vscode/src/vs/workbench/services/extensions/node/lazyPromise.ts:65:9)
      at RPCProtocol._receiveReply (out/vs/workbench/services/extensions/node/file:/home/travis/build/Microsoft/vscode/src/vs/workbench/services/extensions/node/rpcProtocol.ts:226:16)
      at RPCProtocol._receiveOneMessage (out/vs/workbench/services/extensions/node/file:/home/travis/build/Microsoft/vscode/src/vs/workbench/services/extensions/node/rpcProtocol.ts:184:10)
      at out/vs/workbench/services/extensions/node/file:/home/travis/build/Microsoft/vscode/src/vs/workbench/services/extensions/node/rpcProtocol.ts:111:66
      at out/vs/workbench/services/extensions/node/file:/home/travis/build/Microsoft/vscode/src/vs/workbench/services/extensions/node/rpcProtocol.ts:307:5
      at out/vs/base/common/file:/home/travis/build/Microsoft/vscode/src/vs/base/common/event.ts:381:87
      at Emitter.fire (out/vs/base/common/file:/home/travis/build/Microsoft/vscode/src/vs/base/common/event.ts:140:16)
      at Socket.&lt;anonymous> (out/vs/base/parts/ipc/node/file:/home/travis/build/Microsoft/vscode/src/vs/base/parts/ipc/node/ipc.net.ts:81:23)
      at readableAddChunk (_stream_readable.js:178:18)
      at Socket.Readable.push (_stream_readable.js:136:10)
      at Pipe.onread (net.js:560:20)
[0m
[0m  3) editor tests insert snippet with replacement, editor selection:
[0m[31m     Error: Failed to show text document file:///tmp/tunvp, should show in editor #undefined[0m[90m
      at out/vs/workbench/api/node/file:/home/travis/build/Microsoft/vscode/src/vs/workbench/api/node/extHostTextEditors.ts:86:11
      at Object.notifySuccess [as _notify] (out/vs/base/common/winjs.base.js:1185:59)
      at Object.enter (out/vs/base/common/winjs.base.js:867:30)
      at Promise_ctor._run (out/vs/base/common/winjs.base.js:1083:29)
      at Promise_ctor._completed (out/vs/base/common/winjs.base.js:1051:18)
      at LazyPromise.resolveOk (out/vs/workbench/services/extensions/node/file:/home/travis/build/Microsoft/vscode/src/vs/workbench/services/extensions/node/lazyPromise.ts:65:9)
      at RPCProtocol._receiveReply (out/vs/workbench/services/extensions/node/file:/home/travis/build/Microsoft/vscode/src/vs/workbench/services/extensions/node/rpcProtocol.ts:226:16)
      at RPCProtocol._receiveOneMessage (out/vs/workbench/services/extensions/node/file:/home/travis/build/Microsoft/vscode/src/vs/workbench/services/extensions/node/rpcProtocol.ts:184:10)
      at out/vs/workbench/services/extensions/node/file:/home/travis/build/Microsoft/vscode/src/vs/workbench/services/extensions/node/rpcProtocol.ts:111:66
      at out/vs/workbench/services/extensions/node/file:/home/travis/build/Microsoft/vscode/src/vs/workbench/services/extensions/node/rpcProtocol.ts:307:5
      at out/vs/base/common/file:/home/travis/build/Microsoft/vscode/src/vs/base/common/event.ts:381:87
      at Emitter.fire (out/vs/base/common/file:/home/travis/build/Microsoft/vscode/src/vs/base/common/event.ts:140:16)
      at Socket.&lt;anonymous> (out/vs/base/parts/ipc/node/file:/home/travis/build/Microsoft/vscode/src/vs/base/parts/ipc/node/ipc.net.ts:81:23)
      at readableAddChunk (_stream_readable.js:178:18)
      at Socket.Readable.push (_stream_readable.js:136:10)
      at Pipe.onread (net.js:560:20)
[0m
[0m  4) editor tests insert snippet with replacement, selection as argument:
[0m[31m     Error: Failed to show text document file:///tmp/rpqnxomk, should show in editor #undefined[0m[90m
      at out/vs/workbench/api/node/file:/home/travis/build/Microsoft/vscode/src/vs/workbench/api/node/extHostTextEditors.ts:86:11
      at Object.notifySuccess [as _notify] (out/vs/base/common/winjs.base.js:1185:59)
      at Object.enter (out/vs/base/common/winjs.base.js:867:30)
      at Promise_ctor._run (out/vs/base/common/winjs.base.js:1083:29)
      at Promise_ctor._completed (out/vs/base/common/winjs.base.js:1051:18)
      at LazyPromise.resolveOk (out/vs/workbench/services/extensions/node/file:/home/travis/build/Microsoft/vscode/src/vs/workbench/services/extensions/node/lazyPromise.ts:65:9)
      at RPCProtocol._receiveReply (out/vs/workbench/services/extensions/node/file:/home/travis/build/Microsoft/vscode/src/vs/workbench/services/extensions/node/rpcProtocol.ts:226:16)
      at RPCProtocol._receiveOneMessage (out/vs/workbench/services/extensions/node/file:/home/travis/build/Microsoft/vscode/src/vs/workbench/services/extensions/node/rpcProtocol.ts:184:10)
      at out/vs/workbench/services/extensions/node/file:/home/travis/build/Microsoft/vscode/src/vs/workbench/services/extensions/node/rpcProtocol.ts:111:66
      at out/vs/workbench/services/extensions/node/file:/home/travis/build/Microsoft/vscode/src/vs/workbench/services/extensions/node/rpcProtocol.ts:307:5
      at out/vs/base/common/file:/home/travis/build/Microsoft/vscode/src/vs/base/common/event.ts:381:87
      at Emitter.fire (out/vs/base/common/file:/home/travis/build/Microsoft/vscode/src/vs/base/common/event.ts:140:16)
      at Socket.&lt;anonymous> (out/vs/base/parts/ipc/node/file:/home/travis/build/Microsoft/vscode/src/vs/base/parts/ipc/node/ipc.net.ts:81:23)
      at readableAddChunk (_stream_readable.js:178:18)
      at Socket.Readable.push (_stream_readable.js:136:10)
      at Pipe.onread (net.js:560:20)
[0m
[0m  5) editor tests make edit:
[0m[31m     Error: Failed to show text document file:///tmp/iobxpnojzh, should show in editor #undefined[0m[90m
      at out/vs/workbench/api/node/file:/home/travis/build/Microsoft/vscode/src/vs/workbench/api/node/extHostTextEditors.ts:86:11
      at Object.notifySuccess [as _notify] (out/vs/base/common/winjs.base.js:1185:59)
      at Object.enter (out/vs/base/common/winjs.base.js:867:30)
      at Promise_ctor._run (out/vs/base/common/winjs.base.js:1083:29)
      at Promise_ctor._completed (out/vs/base/common/winjs.base.js:1051:18)
      at LazyPromise.resolveOk (out/vs/workbench/services/extensions/node/file:/home/travis/build/Microsoft/vscode/src/vs/workbench/services/extensions/node/lazyPromise.ts:65:9)
      at RPCProtocol._receiveReply (out/vs/workbench/services/extensions/node/file:/home/travis/build/Microsoft/vscode/src/vs/workbench/services/extensions/node/rpcProtocol.ts:226:16)
      at RPCProtocol._receiveOneMessage (out/vs/workbench/services/extensions/node/file:/home/travis/build/Microsoft/vscode/src/vs/workbench/services/extensions/node/rpcProtocol.ts:184:10)
      at out/vs/workbench/services/extensions/node/file:/home/travis/build/Microsoft/vscode/src/vs/workbench/services/extensions/node/rpcProtocol.ts:111:66
      at out/vs/workbench/services/extensions/node/file:/home/travis/build/Microsoft/vscode/src/vs/workbench/services/extensions/node/rpcProtocol.ts:307:5
      at out/vs/base/common/file:/home/travis/build/Microsoft/vscode/src/vs/base/common/event.ts:381:87
      at Emitter.fire (out/vs/base/common/file:/home/travis/build/Microsoft/vscode/src/vs/base/common/event.ts:140:16)
      at Socket.&lt;anonymous> (out/vs/base/parts/ipc/node/file:/home/travis/build/Microsoft/vscode/src/vs/base/parts/ipc/node/ipc.net.ts:81:23)
      at readableAddChunk (_stream_readable.js:178:18)
      at Socket.Readable.push (_stream_readable.js:136:10)
      at Pipe.onread (net.js:560:20)
[0m
[0m  6) editor tests issue #6281: Edits fail to validate ranges correctly before applying:
[0m[31m     Error: Failed to show text document file:///tmp/ysqzjkkc, should show in editor #undefined[0m[90m
      at out/vs/workbench/api/node/file:/home/travis/build/Microsoft/vscode/src/vs/workbench/api/node/extHostTextEditors.ts:86:11
      at Object.notifySuccess [as _notify] (out/vs/base/common/winjs.base.js:1185:59)
      at Object.enter (out/vs/base/common/winjs.base.js:867:30)
      at Promise_ctor._run (out/vs/base/common/winjs.base.js:1083:29)
      at Promise_ctor._completed (out/vs/base/common/winjs.base.js:1051:18)
      at LazyPromise.resolveOk (out/vs/workbench/services/extensions/node/file:/home/travis/build/Microsoft/vscode/src/vs/workbench/services/extensions/node/lazyPromise.ts:65:9)
      at RPCProtocol._receiveReply (out/vs/workbench/services/extensions/node/file:/home/travis/build/Microsoft/vscode/src/vs/workbench/services/extensions/node/rpcProtocol.ts:226:16)
      at RPCProtocol._receiveOneMessage (out/vs/workbench/services/extensions/node/file:/home/travis/build/Microsoft/vscode/src/vs/workbench/services/extensions/node/rpcProtocol.ts:184:10)
      at out/vs/workbench/services/extensions/node/file:/home/travis/build/Microsoft/vscode/src/vs/workbench/services/extensions/node/rpcProtocol.ts:111:66
      at out/vs/workbench/services/extensions/node/file:/home/travis/build/Microsoft/vscode/src/vs/workbench/services/extensions/node/rpcProtocol.ts:307:5
      at out/vs/base/common/file:/home/travis/build/Microsoft/vscode/src/vs/base/common/event.ts:381:87
      at Emitter.fire (out/vs/base/common/file:/home/travis/build/Microsoft/vscode/src/vs/base/common/event.ts:140:16)
      at Socket.&lt;anonymous> (out/vs/base/parts/ipc/node/file:/home/travis/build/Microsoft/vscode/src/vs/base/parts/ipc/node/ipc.net.ts:81:23)
      at readableAddChunk (_stream_readable.js:178:18)
      at Socket.Readable.push (_stream_readable.js:136:10)
      at Pipe.onread (net.js:560:20)
[0m
[0m  7) editor tests TextEditor.edit can control undo/redo stack 1:
[0m[31m     Error: Failed to show text document file:///tmp/dmpjfiwn, should show in editor #undefined[0m[90m
      at out/vs/workbench/api/node/file:/home/travis/build/Microsoft/vscode/src/vs/workbench/api/node/extHostTextEditors.ts:86:11
      at Object.notifySuccess [as _notify] (out/vs/base/common/winjs.base.js:1185:59)
      at Object.enter (out/vs/base/common/winjs.base.js:867:30)
      at Promise_ctor._run (out/vs/base/common/winjs.base.js:1083:29)
      at Promise_ctor._completed (out/vs/base/common/winjs.base.js:1051:18)
      at LazyPromise.resolveOk (out/vs/workbench/services/extensions/node/file:/home/travis/build/Microsoft/vscode/src/vs/workbench/services/extensions/node/lazyPromise.ts:65:9)
      at RPCProtocol._receiveReply (out/vs/workbench/services/extensions/node/file:/home/travis/build/Microsoft/vscode/src/vs/workbench/services/extensions/node/rpcProtocol.ts:226:16)
      at RPCProtocol._receiveOneMessage (out/vs/workbench/services/extensions/node/file:/home/travis/build/Microsoft/vscode/src/vs/workbench/services/extensions/node/rpcProtocol.ts:184:10)
      at out/vs/workbench/services/extensions/node/file:/home/travis/build/Microsoft/vscode/src/vs/workbench/services/extensions/node/rpcProtocol.ts:111:66
      at out/vs/workbench/services/extensions/node/file:/home/travis/build/Microsoft/vscode/src/vs/workbench/services/extensions/node/rpcProtocol.ts:307:5
      at out/vs/base/common/file:/home/travis/build/Microsoft/vscode/src/vs/base/common/event.ts:381:87
      at Emitter.fire (out/vs/base/common/file:/home/travis/build/Microsoft/vscode/src/vs/base/common/event.ts:140:16)
      at Socket.&lt;anonymous> (out/vs/base/parts/ipc/node/file:/home/travis/build/Microsoft/vscode/src/vs/base/parts/ipc/node/ipc.net.ts:81:23)
      at readableAddChunk (_stream_readable.js:178:18)
      at Socket.Readable.push (_stream_readable.js:136:10)
      at Pipe.onread (net.js:560:20)
[0m
[0m  8) editor tests TextEditor.edit can control undo/redo stack 2:
[0m[31m     Error: Failed to show text document file:///tmp/bbywiezkeo, should show in editor #undefined[0m[90m
      at out/vs/workbench/api/node/file:/home/travis/build/Microsoft/vscode/src/vs/workbench/api/node/extHostTextEditors.ts:86:11
      at Object.notifySuccess [as _notify] (out/vs/base/common/winjs.base.js:1185:59)
      at Object.enter (out/vs/base/common/winjs.base.js:867:30)
      at Promise_ctor._run (out/vs/base/common/winjs.base.js:1083:29)
      at Promise_ctor._completed (out/vs/base/common/winjs.base.js:1051:18)
      at LazyPromise.resolveOk (out/vs/workbench/services/extensions/node/file:/home/travis/build/Microsoft/vscode/src/vs/workbench/services/extensions/node/lazyPromise.ts:65:9)
      at RPCProtocol._receiveReply (out/vs/workbench/services/extensions/node/file:/home/travis/build/Microsoft/vscode/src/vs/workbench/services/extensions/node/rpcProtocol.ts:226:16)
      at RPCProtocol._receiveOneMessage (out/vs/workbench/services/extensions/node/file:/home/travis/build/Microsoft/vscode/src/vs/workbench/services/extensions/node/rpcProtocol.ts:184:10)
      at out/vs/workbench/services/extensions/node/file:/home/travis/build/Microsoft/vscode/src/vs/workbench/services/extensions/node/rpcProtocol.ts:111:66
      at out/vs/workbench/services/extensions/node/file:/home/travis/build/Microsoft/vscode/src/vs/workbench/services/extensions/node/rpcProtocol.ts:307:5
      at out/vs/base/common/file:/home/travis/build/Microsoft/vscode/src/vs/base/common/event.ts:381:87
      at Emitter.fire (out/vs/base/common/file:/home/travis/build/Microsoft/vscode/src/vs/base/common/event.ts:140:16)
      at Socket.&lt;anonymous> (out/vs/base/parts/ipc/node/file:/home/travis/build/Microsoft/vscode/src/vs/base/parts/ipc/node/ipc.net.ts:81:23)
      at readableAddChunk (_stream_readable.js:178:18)
      at Socket.Readable.push (_stream_readable.js:136:10)
      at Pipe.onread (net.js:560:20)
[0m
[0m  9) editor tests issue #16573: Extension API: insertSpaces and tabSize are undefined:
[0m[31m     Error: Failed to show text document file:///tmp/jblecesq, should show in editor #undefined[0m[90m
      at out/vs/workbench/api/node/file:/home/travis/build/Microsoft/vscode/src/vs/workbench/api/node/extHostTextEditors.ts:86:11
      at Object.notifySuccess [as _notify] (out/vs/base/common/winjs.base.js:1185:59)
      at Object.enter (out/vs/base/common/winjs.base.js:867:30)
      at Promise_ctor._run (out/vs/base/common/winjs.base.js:1083:29)
      at Promise_ctor._completed (out/vs/base/common/winjs.base.js:1051:18)
      at LazyPromise.resolveOk (out/vs/workbench/services/extensions/node/file:/home/travis/build/Microsoft/vscode/src/vs/workbench/services/extensions/node/lazyPromise.ts:65:9)
      at RPCProtocol._receiveReply (out/vs/workbench/services/extensions/node/file:/home/travis/build/Microsoft/vscode/src/vs/workbench/services/extensions/node/rpcProtocol.ts:226:16)
      at RPCProtocol._receiveOneMessage (out/vs/workbench/services/extensions/node/file:/home/travis/build/Microsoft/vscode/src/vs/workbench/services/extensions/node/rpcProtocol.ts:184:10)
      at out/vs/workbench/services/extensions/node/file:/home/travis/build/Microsoft/vscode/src/vs/workbench/services/extensions/node/rpcProtocol.ts:111:66
      at out/vs/workbench/services/extensions/node/file:/home/travis/build/Microsoft/vscode/src/vs/workbench/services/extensions/node/rpcProtocol.ts:307:5
      at out/vs/base/common/file:/home/travis/build/Microsoft/vscode/src/vs/base/common/event.ts:381:87
      at Emitter.fire (out/vs/base/common/file:/home/travis/build/Microsoft/vscode/src/vs/base/common/event.ts:140:16)
      at Socket.&lt;anonymous> (out/vs/base/parts/ipc/node/file:/home/travis/build/Microsoft/vscode/src/vs/base/parts/ipc/node/ipc.net.ts:81:23)
      at readableAddChunk (_stream_readable.js:178:18)
      at Socket.Readable.push (_stream_readable.js:136:10)
      at Pipe.onread (net.js:560:20)
[0m
[0m  10) editor tests issue #20757: Overlapping ranges are not allowed!:
[0m[31m     Error: Failed to show text document file:///tmp/zspksrm, should show in editor #undefined[0m[90m
      at out/vs/workbench/api/node/file:/home/travis/build/Microsoft/vscode/src/vs/workbench/api/node/extHostTextEditors.ts:86:11
      at Object.notifySuccess [as _notify] (out/vs/base/common/winjs.base.js:1185:59)
      at Object.enter (out/vs/base/common/winjs.base.js:867:30)
      at Promise_ctor._run (out/vs/base/common/winjs.base.js:1083:29)
      at Promise_ctor._completed (out/vs/base/common/winjs.base.js:1051:18)
      at LazyPromise.resolveOk (out/vs/workbench/services/extensions/node/file:/home/travis/build/Microsoft/vscode/src/vs/workbench/services/extensions/node/lazyPromise.ts:65:9)
      at RPCProtocol._receiveReply (out/vs/workbench/services/extensions/node/file:/home/travis/build/Microsoft/vscode/src/vs/workbench/services/extensions/node/rpcProtocol.ts:226:16)
      at RPCProtocol._receiveOneMessage (out/vs/workbench/services/extensions/node/file:/home/travis/build/Microsoft/vscode/src/vs/workbench/services/extensions/node/rpcProtocol.ts:184:10)
      at out/vs/workbench/services/extensions/node/file:/home/travis/build/Microsoft/vscode/src/vs/workbench/services/extensions/node/rpcProtocol.ts:111:66
      at out/vs/workbench/services/extensions/node/file:/home/travis/build/Microsoft/vscode/src/vs/workbench/services/extensions/node/rpcProtocol.ts:307:5
      at out/vs/base/common/file:/home/travis/build/Microsoft/vscode/src/vs/base/common/event.ts:381:87
      at Emitter.fire (out/vs/base/common/file:/home/travis/build/Microsoft/vscode/src/vs/base/common/event.ts:140:16)
      at Socket.&lt;anonymous> (out/vs/base/parts/ipc/node/file:/home/travis/build/Microsoft/vscode/src/vs/base/parts/ipc/node/ipc.net.ts:81:23)
      at readableAddChunk (_stream_readable.js:178:18)
      at Socket.Readable.push (_stream_readable.js:136:10)
      at Pipe.onread (net.js:560:20)
[0m
[0m  11) window namespace tests editor, active text editor:
[0m[31m     Error: Failed to show text document file:///home/travis/build/Microsoft/vscode/extensions/vscode-api-tests/testWorkspace/far.js, should show in editor #undefined[0m[90m
      at out/vs/workbench/api/node/file:/home/travis/build/Microsoft/vscode/src/vs/workbench/api/node/extHostTextEditors.ts:86:11
      at Object.notifySuccess [as _notify] (out/vs/base/common/winjs.base.js:1185:59)
      at Object.enter (out/vs/base/common/winjs.base.js:867:30)
      at Promise_ctor._run (out/vs/base/common/winjs.base.js:1083:29)
      at Promise_ctor._completed (out/vs/base/common/winjs.base.js:1051:18)
      at LazyPromise.resolveOk (out/vs/workbench/services/extensions/node/file:/home/travis/build/Microsoft/vscode/src/vs/workbench/services/extensions/node/lazyPromise.ts:65:9)
      at RPCProtocol._receiveReply (out/vs/workbench/services/extensions/node/file:/home/travis/build/Microsoft/vscode/src/vs/workbench/services/extensions/node/rpcProtocol.ts:226:16)
      at RPCProtocol._receiveOneMessage (out/vs/workbench/services/extensions/node/file:/home/travis/build/Microsoft/vscode/src/vs/workbench/services/extensions/node/rpcProtocol.ts:184:10)
      at out/vs/workbench/services/extensions/node/file:/home/travis/build/Microsoft/vscode/src/vs/workbench/services/extensions/node/rpcProtocol.ts:111:66
      at out/vs/workbench/services/extensions/node/file:/home/travis/build/Microsoft/vscode/src/vs/workbench/services/extensions/node/rpcProtocol.ts:307:5
      at out/vs/base/common/file:/home/travis/build/Microsoft/vscode/src/vs/base/common/event.ts:381:87
      at Emitter.fire (out/vs/base/common/file:/home/travis/build/Microsoft/vscode/src/vs/base/common/event.ts:140:16)
      at Socket.&lt;anonymous> (out/vs/base/parts/ipc/node/file:/home/travis/build/Microsoft/vscode/src/vs/base/parts/ipc/node/ipc.net.ts:81:23)
      at readableAddChunk (_stream_readable.js:178:18)
      at Socket.Readable.push (_stream_readable.js:136:10)
      at Pipe.onread (net.js:560:20)
[0m
[0m  12) window namespace tests editor, opened via resource:
[0m[31m     Error: Failed to show text document file:///home/travis/build/Microsoft/vscode/extensions/vscode-api-tests/testWorkspace/far.js, should show in editor #undefined[0m[90m
      at out/vs/workbench/api/node/file:/home/travis/build/Microsoft/vscode/src/vs/workbench/api/node/extHostTextEditors.ts:86:11
      at Object.notifySuccess [as _notify] (out/vs/base/common/winjs.base.js:1185:59)
      at Object.enter (out/vs/base/common/winjs.base.js:867:30)
      at Promise_ctor._run (out/vs/base/common/winjs.base.js:1083:29)
      at Promise_ctor._completed (out/vs/base/common/winjs.base.js:1051:18)
      at LazyPromise.resolveOk (out/vs/workbench/services/extensions/node/file:/home/travis/build/Microsoft/vscode/src/vs/workbench/services/extensions/node/lazyPromise.ts:65:9)
      at RPCProtocol._receiveReply (out/vs/workbench/services/extensions/node/file:/home/travis/build/Microsoft/vscode/src/vs/workbench/services/extensions/node/rpcProtocol.ts:226:16)
      at RPCProtocol._receiveOneMessage (out/vs/workbench/services/extensions/node/file:/home/travis/build/Microsoft/vscode/src/vs/workbench/services/extensions/node/rpcProtocol.ts:184:10)
      at out/vs/workbench/services/extensions/node/file:/home/travis/build/Microsoft/vscode/src/vs/workbench/services/extensions/node/rpcProtocol.ts:111:66
      at out/vs/workbench/services/extensions/node/file:/home/travis/build/Microsoft/vscode/src/vs/workbench/services/extensions/node/rpcProtocol.ts:307:5
      at out/vs/base/common/file:/home/travis/build/Microsoft/vscode/src/vs/base/common/event.ts:381:87
      at Emitter.fire (out/vs/base/common/file:/home/travis/build/Microsoft/vscode/src/vs/base/common/event.ts:140:16)
      at Socket.&lt;anonymous> (out/vs/base/parts/ipc/node/file:/home/travis/build/Microsoft/vscode/src/vs/base/parts/ipc/node/ipc.net.ts:81:23)
      at readableAddChunk (_stream_readable.js:178:18)
      at Socket.Readable.push (_stream_readable.js:136:10)
      at Pipe.onread (net.js:560:20)
[0m
[0m  13) window namespace tests editor, assign and check view columns:
[0m[31m     Error: Failed to show text document file:///home/travis/build/Microsoft/vscode/extensions/vscode-api-tests/testWorkspace/far.js, should show in editor #undefined[0m[90m
      at out/vs/workbench/api/node/file:/home/travis/build/Microsoft/vscode/src/vs/workbench/api/node/extHostTextEditors.ts:86:11
      at Object.notifySuccess [as _notify] (out/vs/base/common/winjs.base.js:1185:59)
      at Object.enter (out/vs/base/common/winjs.base.js:867:30)
      at Promise_ctor._run (out/vs/base/common/winjs.base.js:1083:29)
      at Promise_ctor._completed (out/vs/base/common/winjs.base.js:1051:18)
      at LazyPromise.resolveOk (out/vs/workbench/services/extensions/node/file:/home/travis/build/Microsoft/vscode/src/vs/workbench/services/extensions/node/lazyPromise.ts:65:9)
      at RPCProtocol._receiveReply (out/vs/workbench/services/extensions/node/file:/home/travis/build/Microsoft/vscode/src/vs/workbench/services/extensions/node/rpcProtocol.ts:226:16)
      at RPCProtocol._receiveOneMessage (out/vs/workbench/services/extensions/node/file:/home/travis/build/Microsoft/vscode/src/vs/workbench/services/extensions/node/rpcProtocol.ts:184:10)
      at out/vs/workbench/services/extensions/node/file:/home/travis/build/Microsoft/vscode/src/vs/workbench/services/extensions/node/rpcProtocol.ts:111:66
      at out/vs/workbench/services/extensions/node/file:/home/travis/build/Microsoft/vscode/src/vs/workbench/services/extensions/node/rpcProtocol.ts:307:5
      at out/vs/base/common/file:/home/travis/build/Microsoft/vscode/src/vs/base/common/event.ts:381:87
      at Emitter.fire (out/vs/base/common/file:/home/travis/build/Microsoft/vscode/src/vs/base/common/event.ts:140:16)
      at Socket.&lt;anonymous> (out/vs/base/parts/ipc/node/file:/home/travis/build/Microsoft/vscode/src/vs/base/parts/ipc/node/ipc.net.ts:81:23)
      at readableAddChunk (_stream_readable.js:178:18)
      at Socket.Readable.push (_stream_readable.js:136:10)
      at Pipe.onread (net.js:560:20)
[0m
[0m  14) window namespace tests editor, onDidChangeVisibleTextEditors:
[0m[31m     Error: Failed to show text document file:///home/travis/build/Microsoft/vscode/extensions/vscode-api-tests/testWorkspace/far.js, should show in editor #undefined[0m[90m
      at out/vs/workbench/api/node/file:/home/travis/build/Microsoft/vscode/src/vs/workbench/api/node/extHostTextEditors.ts:86:11
      at Object.notifySuccess [as _notify] (out/vs/base/common/winjs.base.js:1185:59)
      at Object.enter (out/vs/base/common/winjs.base.js:867:30)
      at Promise_ctor._run (out/vs/base/common/winjs.base.js:1083:29)
      at Promise_ctor._completed (out/vs/base/common/winjs.base.js:1051:18)
      at LazyPromise.resolveOk (out/vs/workbench/services/extensions/node/file:/home/travis/build/Microsoft/vscode/src/vs/workbench/services/extensions/node/lazyPromise.ts:65:9)
      at RPCProtocol._receiveReply (out/vs/workbench/services/extensions/node/file:/home/travis/build/Microsoft/vscode/src/vs/workbench/services/extensions/node/rpcProtocol.ts:226:16)
      at RPCProtocol._receiveOneMessage (out/vs/workbench/services/extensions/node/file:/home/travis/build/Microsoft/vscode/src/vs/workbench/services/extensions/node/rpcProtocol.ts:184:10)
      at out/vs/workbench/services/extensions/node/file:/home/travis/build/Microsoft/vscode/src/vs/workbench/services/extensions/node/rpcProtocol.ts:111:66
      at out/vs/workbench/services/extensions/node/file:/home/travis/build/Microsoft/vscode/src/vs/workbench/services/extensions/node/rpcProtocol.ts:307:5
      at out/vs/base/common/file:/home/travis/build/Microsoft/vscode/src/vs/base/common/event.ts:381:87
      at Emitter.fire (out/vs/base/common/file:/home/travis/build/Microsoft/vscode/src/vs/base/common/event.ts:140:16)
      at Socket.&lt;anonymous> (out/vs/base/parts/ipc/node/file:/home/travis/build/Microsoft/vscode/src/vs/base/parts/ipc/node/ipc.net.ts:81:23)
      at readableAddChunk (_stream_readable.js:178:18)
      at Socket.Readable.push (_stream_readable.js:136:10)
      at Pipe.onread (net.js:560:20)
[0m
[0m  15) window namespace tests editor, onDidChangeTextEditorViewColumn:
[0m[31m     Error: Failed to show text document bikes://testing/one, should show in editor #undefined[0m[90m
      at out/vs/workbench/api/node/file:/home/travis/build/Microsoft/vscode/src/vs/workbench/api/node/extHostTextEditors.ts:86:11
      at Object.notifySuccess [as _notify] (out/vs/base/common/winjs.base.js:1185:59)
      at Object.enter (out/vs/base/common/winjs.base.js:867:30)
      at Promise_ctor._run (out/vs/base/common/winjs.base.js:1083:29)
      at Promise_ctor._completed (out/vs/base/common/winjs.base.js:1051:18)
      at LazyPromise.resolveOk (out/vs/workbench/services/extensions/node/file:/home/travis/build/Microsoft/vscode/src/vs/workbench/services/extensions/node/lazyPromise.ts:65:9)
      at RPCProtocol._receiveReply (out/vs/workbench/services/extensions/node/file:/home/travis/build/Microsoft/vscode/src/vs/workbench/services/extensions/node/rpcProtocol.ts:226:16)
      at RPCProtocol._receiveOneMessage (out/vs/workbench/services/extensions/node/file:/home/travis/build/Microsoft/vscode/src/vs/workbench/services/extensions/node/rpcProtocol.ts:184:10)
      at out/vs/workbench/services/extensions/node/file:/home/travis/build/Microsoft/vscode/src/vs/workbench/services/extensions/node/rpcProtocol.ts:111:66
      at out/vs/workbench/services/extensions/node/file:/home/travis/build/Microsoft/vscode/src/vs/workbench/services/extensions/node/rpcProtocol.ts:307:5
      at out/vs/base/common/file:/home/travis/build/Microsoft/vscode/src/vs/base/common/event.ts:381:87
      at Emitter.fire (out/vs/base/common/file:/home/travis/build/Microsoft/vscode/src/vs/base/common/event.ts:140:16)
      at Socket.&lt;anonymous> (out/vs/base/parts/ipc/node/file:/home/travis/build/Microsoft/vscode/src/vs/base/parts/ipc/node/ipc.net.ts:81:23)
      at readableAddChunk (_stream_readable.js:178:18)
      at Socket.Readable.push (_stream_readable.js:136:10)
      at Pipe.onread (net.js:560:20)
[0m
[0m  16) window namespace tests issue #25801 - default column when opening a file:
[0m[31m     Error: Failed to show text document file:///tmp/hrrahhn, should show in editor #undefined[0m[90m
      at out/vs/workbench/api/node/file:/home/travis/build/Microsoft/vscode/src/vs/workbench/api/node/extHostTextEditors.ts:86:11
      at Object.notifySuccess [as _notify] (out/vs/base/common/winjs.base.js:1185:59)
      at Object.enter (out/vs/base/common/winjs.base.js:867:30)
      at Promise_ctor._run (out/vs/base/common/winjs.base.js:1083:29)
      at Promise_ctor._completed (out/vs/base/common/winjs.base.js:1051:18)
      at LazyPromise.resolveOk (out/vs/workbench/services/extensions/node/file:/home/travis/build/Microsoft/vscode/src/vs/workbench/services/extensions/node/lazyPromise.ts:65:9)
      at RPCProtocol._receiveReply (out/vs/workbench/services/extensions/node/file:/home/travis/build/Microsoft/vscode/src/vs/workbench/services/extensions/node/rpcProtocol.ts:226:16)
      at RPCProtocol._receiveOneMessage (out/vs/workbench/services/extensions/node/file:/home/travis/build/Microsoft/vscode/src/vs/workbench/services/extensions/node/rpcProtocol.ts:184:10)
      at out/vs/workbench/services/extensions/node/file:/home/travis/build/Microsoft/vscode/src/vs/workbench/services/extensions/node/rpcProtocol.ts:111:66
      at out/vs/workbench/services/extensions/node/file:/home/travis/build/Microsoft/vscode/src/vs/workbench/services/extensions/node/rpcProtocol.ts:307:5
      at out/vs/base/common/file:/home/travis/build/Microsoft/vscode/src/vs/base/common/event.ts:381:87
      at Emitter.fire (out/vs/base/common/file:/home/travis/build/Microsoft/vscode/src/vs/base/common/event.ts:140:16)
      at Socket.&lt;anonymous> (out/vs/base/parts/ipc/node/file:/home/travis/build/Microsoft/vscode/src/vs/base/parts/ipc/node/ipc.net.ts:81:23)
      at readableAddChunk (_stream_readable.js:178:18)
      at Socket.Readable.push (_stream_readable.js:136:10)
      at Pipe.onread (net.js:560:20)
[0m
[0m  17) window namespace tests issue #27408 - showTextDocument &amp; vscode.diff always default to ViewColumn.One:
[0m[31m     Error: Failed to show text document file:///tmp/tydnapauo, should show in editor #undefined[0m[90m
      at out/vs/workbench/api/node/file:/home/travis/build/Microsoft/vscode/src/vs/workbench/api/node/extHostTextEditors.ts:86:11
      at Object.notifySuccess [as _notify] (out/vs/base/common/winjs.base.js:1185:59)
      at Object.enter (out/vs/base/common/winjs.base.js:867:30)
      at Promise_ctor._run (out/vs/base/common/winjs.base.js:1083:29)
      at Promise_ctor._completed (out/vs/base/common/winjs.base.js:1051:18)
      at LazyPromise.resolveOk (out/vs/workbench/services/extensions/node/file:/home/travis/build/Microsoft/vscode/src/vs/workbench/services/extensions/node/lazyPromise.ts:65:9)
      at RPCProtocol._receiveReply (out/vs/workbench/services/extensions/node/file:/home/travis/build/Microsoft/vscode/src/vs/workbench/services/extensions/node/rpcProtocol.ts:226:16)
      at RPCProtocol._receiveOneMessage (out/vs/workbench/services/extensions/node/file:/home/travis/build/Microsoft/vscode/src/vs/workbench/services/extensions/node/rpcProtocol.ts:184:10)
      at out/vs/workbench/services/extensions/node/file:/home/travis/build/Microsoft/vscode/src/vs/workbench/services/extensions/node/rpcProtocol.ts:111:66
      at out/vs/workbench/services/extensions/node/file:/home/travis/build/Microsoft/vscode/src/vs/workbench/services/extensions/node/rpcProtocol.ts:307:5
      at out/vs/base/common/file:/home/travis/build/Microsoft/vscode/src/vs/base/common/event.ts:381:87
      at Emitter.fire (out/vs/base/common/file:/home/travis/build/Microsoft/vscode/src/vs/base/common/event.ts:140:16)
      at Socket.&lt;anonymous> (out/vs/base/parts/ipc/node/file:/home/travis/build/Microsoft/vscode/src/vs/base/parts/ipc/node/ipc.net.ts:81:23)
      at readableAddChunk (_stream_readable.js:178:18)
      at Socket.Readable.push (_stream_readable.js:136:10)
      at Pipe.onread (net.js:560:20)
[0m
[0m  18) window namespace tests issue #5362 - Incorrect TextEditor passed by onDidChangeTextEditorSelection:
[0m[31m     Error: Failed to show text document file:///home/travis/build/Microsoft/vscode/extensions/vscode-api-tests/testWorkspace/10linefile.ts, should show in editor #undefined[0m[90m
      at out/vs/workbench/api/node/file:/home/travis/build/Microsoft/vscode/src/vs/workbench/api/node/extHostTextEditors.ts:86:11
      at Object.notifySuccess [as _notify] (out/vs/base/common/winjs.base.js:1185:59)
      at Object.enter (out/vs/base/common/winjs.base.js:867:30)
      at Promise_ctor._run (out/vs/base/common/winjs.base.js:1083:29)
      at Promise_ctor._completed (out/vs/base/common/winjs.base.js:1051:18)
      at LazyPromise.resolveOk (out/vs/workbench/services/extensions/node/file:/home/travis/build/Microsoft/vscode/src/vs/workbench/services/extensions/node/lazyPromise.ts:65:9)
      at RPCProtocol._receiveReply (out/vs/workbench/services/extensions/node/file:/home/travis/build/Microsoft/vscode/src/vs/workbench/services/extensions/node/rpcProtocol.ts:226:16)
      at RPCProtocol._receiveOneMessage (out/vs/workbench/services/extensions/node/file:/home/travis/build/Microsoft/vscode/src/vs/workbench/services/extensions/node/rpcProtocol.ts:184:10)
      at out/vs/workbench/services/extensions/node/file:/home/travis/build/Microsoft/vscode/src/vs/workbench/services/extensions/node/rpcProtocol.ts:111:66
      at out/vs/workbench/services/extensions/node/file:/home/travis/build/Microsoft/vscode/src/vs/workbench/services/extensions/node/rpcProtocol.ts:307:5
      at out/vs/base/common/file:/home/travis/build/Microsoft/vscode/src/vs/base/common/event.ts:381:87
      at Emitter.fire (out/vs/base/common/file:/home/travis/build/Microsoft/vscode/src/vs/base/common/event.ts:140:16)
      at Socket.&lt;anonymous> (out/vs/base/parts/ipc/node/file:/home/travis/build/Microsoft/vscode/src/vs/base/parts/ipc/node/ipc.net.ts:81:23)
      at readableAddChunk (_stream_readable.js:178:18)
      at Socket.Readable.push (_stream_readable.js:136:10)
      at Pipe.onread (net.js:560:20)
[0m
[0m  19) window namespace tests editor, selection change kind:
[0m[31m     Error: Failed to show text document file:///home/travis/build/Microsoft/vscode/extensions/vscode-api-tests/testWorkspace/far.js, should show in editor #undefined[0m[90m
      at out/vs/workbench/api/node/file:/home/travis/build/Microsoft/vscode/src/vs/workbench/api/node/extHostTextEditors.ts:86:11
      at Object.notifySuccess [as _notify] (out/vs/base/common/winjs.base.js:1185:59)
      at Object.enter (out/vs/base/common/winjs.base.js:867:30)
      at Promise_ctor._run (out/vs/base/common/winjs.base.js:1083:29)
      at Promise_ctor._completed (out/vs/base/common/winjs.base.js:1051:18)
      at LazyPromise.resolveOk (out/vs/workbench/services/extensions/node/file:/home/travis/build/Microsoft/vscode/src/vs/workbench/services/extensions/node/lazyPromise.ts:65:9)
      at RPCProtocol._receiveReply (out/vs/workbench/services/extensions/node/file:/home/travis/build/Microsoft/vscode/src/vs/workbench/services/extensions/node/rpcProtocol.ts:226:16)
      at RPCProtocol._receiveOneMessage (out/vs/workbench/services/extensions/node/file:/home/travis/build/Microsoft/vscode/src/vs/workbench/services/extensions/node/rpcProtocol.ts:184:10)
      at out/vs/workbench/services/extensions/node/file:/home/travis/build/Microsoft/vscode/src/vs/workbench/services/extensions/node/rpcProtocol.ts:111:66
      at out/vs/workbench/services/extensions/node/file:/home/travis/build/Microsoft/vscode/src/vs/workbench/services/extensions/node/rpcProtocol.ts:307:5
      at out/vs/base/common/file:/home/travis/build/Microsoft/vscode/src/vs/base/common/event.ts:381:87
      at Emitter.fire (out/vs/base/common/file:/home/travis/build/Microsoft/vscode/src/vs/base/common/event.ts:140:16)
      at Socket.&lt;anonymous> (out/vs/base/parts/ipc/node/file:/home/travis/build/Microsoft/vscode/src/vs/base/parts/ipc/node/ipc.net.ts:81:23)
      at readableAddChunk (_stream_readable.js:178:18)
      at Socket.Readable.push (_stream_readable.js:136:10)
      at Pipe.onread (net.js:560:20)
[0m
[0m  20) workspace-namespace openTextDocument, untitled closes on save:
[0m[31m     Error: Failed to show text document untitled:/home/travis/build/Microsoft/vscode/extensions/vscode-api-tests/testWorkspace/newfile.txt, should show in editor #undefined[0m[90m
      at out/vs/workbench/api/node/file:/home/travis/build/Microsoft/vscode/src/vs/workbench/api/node/extHostTextEditors.ts:86:11
      at Object.notifySuccess [as _notify] (out/vs/base/common/winjs.base.js:1185:59)
      at Object.enter (out/vs/base/common/winjs.base.js:867:30)
      at Promise_ctor._run (out/vs/base/common/winjs.base.js:1083:29)
      at Promise_ctor._completed (out/vs/base/common/winjs.base.js:1051:18)
      at LazyPromise.resolveOk (out/vs/workbench/services/extensions/node/file:/home/travis/build/Microsoft/vscode/src/vs/workbench/services/extensions/node/lazyPromise.ts:65:9)
      at RPCProtocol._receiveReply (out/vs/workbench/services/extensions/node/file:/home/travis/build/Microsoft/vscode/src/vs/workbench/services/extensions/node/rpcProtocol.ts:226:16)
      at RPCProtocol._receiveOneMessage (out/vs/workbench/services/extensions/node/file:/home/travis/build/Microsoft/vscode/src/vs/workbench/services/extensions/node/rpcProtocol.ts:184:10)
      at out/vs/workbench/services/extensions/node/file:/home/travis/build/Microsoft/vscode/src/vs/workbench/services/extensions/node/rpcProtocol.ts:111:66
      at out/vs/workbench/services/extensions/node/file:/home/travis/build/Microsoft/vscode/src/vs/workbench/services/extensions/node/rpcProtocol.ts:307:5
      at out/vs/base/common/file:/home/travis/build/Microsoft/vscode/src/vs/base/common/event.ts:381:87
      at Emitter.fire (out/vs/base/common/file:/home/travis/build/Microsoft/vscode/src/vs/base/common/event.ts:140:16)
      at Socket.&lt;anonymous> (out/vs/base/parts/ipc/node/file:/home/travis/build/Microsoft/vscode/src/vs/base/parts/ipc/node/ipc.net.ts:81:23)
      at readableAddChunk (_stream_readable.js:178:18)
      at Socket.Readable.push (_stream_readable.js:136:10)
      at Pipe.onread (net.js:560:20)
[0m
[0m  21) workspace-namespace eol, change via editor:
[0m[31m     Error: Failed to show text document file:///tmp/morwbi, should show in editor #undefined[0m[90m
      at out/vs/workbench/api/node/file:/home/travis/build/Microsoft/vscode/src/vs/workbench/api/node/extHostTextEditors.ts:86:11
      at Object.notifySuccess [as _notify] (out/vs/base/common/winjs.base.js:1185:59)
      at Object.enter (out/vs/base/common/winjs.base.js:867:30)
      at Promise_ctor._run (out/vs/base/common/winjs.base.js:1083:29)
      at Promise_ctor._completed (out/vs/base/common/winjs.base.js:1051:18)
      at LazyPromise.resolveOk (out/vs/workbench/services/extensions/node/file:/home/travis/build/Microsoft/vscode/src/vs/workbench/services/extensions/node/lazyPromise.ts:65:9)
      at RPCProtocol._receiveReply (out/vs/workbench/services/extensions/node/file:/home/travis/build/Microsoft/vscode/src/vs/workbench/services/extensions/node/rpcProtocol.ts:226:16)
      at RPCProtocol._receiveOneMessage (out/vs/workbench/services/extensions/node/file:/home/travis/build/Microsoft/vscode/src/vs/workbench/services/extensions/node/rpcProtocol.ts:184:10)
      at out/vs/workbench/services/extensions/node/file:/home/travis/build/Microsoft/vscode/src/vs/workbench/services/extensions/node/rpcProtocol.ts:111:66
      at out/vs/workbench/services/extensions/node/file:/home/travis/build/Microsoft/vscode/src/vs/workbench/services/extensions/node/rpcProtocol.ts:307:5
      at out/vs/base/common/file:/home/travis/build/Microsoft/vscode/src/vs/base/common/event.ts:381:87
      at Emitter.fire (out/vs/base/common/file:/home/travis/build/Microsoft/vscode/src/vs/base/common/event.ts:140:16)
      at Socket.&lt;anonymous> (out/vs/base/parts/ipc/node/file:/home/travis/build/Microsoft/vscode/src/vs/base/parts/ipc/node/ipc.net.ts:81:23)
      at readableAddChunk (_stream_readable.js:178:18)
      at Socket.Readable.push (_stream_readable.js:136:10)
      at Pipe.onread (net.js:560:20)
[0m
[0m  22) workspace-namespace events: onDidOpenTextDocument, onDidChangeTextDocument, onDidSaveTextDocument:
[0m[31m     Error: Failed to show text document file:///tmp/powzxax, should show in editor #undefined[0m[90m
      at out/vs/workbench/api/node/file:/home/travis/build/Microsoft/vscode/src/vs/workbench/api/node/extHostTextEditors.ts:86:11
      at Object.notifySuccess [as _notify] (out/vs/base/common/winjs.base.js:1185:59)
      at Object.enter (out/vs/base/common/winjs.base.js:867:30)
      at Promise_ctor._run (out/vs/base/common/winjs.base.js:1083:29)
      at Promise_ctor._completed (out/vs/base/common/winjs.base.js:1051:18)
      at LazyPromise.resolveOk (out/vs/workbench/services/extensions/node/file:/home/travis/build/Microsoft/vscode/src/vs/workbench/services/extensions/node/lazyPromise.ts:65:9)
      at RPCProtocol._receiveReply (out/vs/workbench/services/extensions/node/file:/home/travis/build/Microsoft/vscode/src/vs/workbench/services/extensions/node/rpcProtocol.ts:226:16)
      at RPCProtocol._receiveOneMessage (out/vs/workbench/services/extensions/node/file:/home/travis/build/Microsoft/vscode/src/vs/workbench/services/extensions/node/rpcProtocol.ts:184:10)
      at out/vs/workbench/services/extensions/node/file:/home/travis/build/Microsoft/vscode/src/vs/workbench/services/extensions/node/rpcProtocol.ts:111:66
      at out/vs/workbench/services/extensions/node/file:/home/travis/build/Microsoft/vscode/src/vs/workbench/services/extensions/node/rpcProtocol.ts:307:5
      at out/vs/base/common/file:/home/travis/build/Microsoft/vscode/src/vs/base/common/event.ts:381:87
      at Emitter.fire (out/vs/base/common/file:/home/travis/build/Microsoft/vscode/src/vs/base/common/event.ts:140:16)
      at Socket.&lt;anonymous> (out/vs/base/parts/ipc/node/file:/home/travis/build/Microsoft/vscode/src/vs/base/parts/ipc/node/ipc.net.ts:81:23)
      at readableAddChunk (_stream_readable.js:178:18)
      at Socket.Readable.push (_stream_readable.js:136:10)
      at Pipe.onread (net.js:560:20)
[0m
[0m  23) workspace-namespace openTextDocument, with selection:
[0m[31m     Error: Failed to show text document file:///tmp/jpaygqn, should show in editor #undefined[0m[90m
      at out/vs/workbench/api/node/file:/home/travis/build/Microsoft/vscode/src/vs/workbench/api/node/extHostTextEditors.ts:86:11
      at Object.notifySuccess [as _notify] (out/vs/base/common/winjs.base.js:1185:59)
      at Object.enter (out/vs/base/common/winjs.base.js:867:30)
      at Promise_ctor._run (out/vs/base/common/winjs.base.js:1083:29)
      at Promise_ctor._completed (out/vs/base/common/winjs.base.js:1051:18)
      at LazyPromise.resolveOk (out/vs/workbench/services/extensions/node/file:/home/travis/build/Microsoft/vscode/src/vs/workbench/services/extensions/node/lazyPromise.ts:65:9)
      at RPCProtocol._receiveReply (out/vs/workbench/services/extensions/node/file:/home/travis/build/Microsoft/vscode/src/vs/workbench/services/extensions/node/rpcProtocol.ts:226:16)
      at RPCProtocol._receiveOneMessage (out/vs/workbench/services/extensions/node/file:/home/travis/build/Microsoft/vscode/src/vs/workbench/services/extensions/node/rpcProtocol.ts:184:10)
      at out/vs/workbench/services/extensions/node/file:/home/travis/build/Microsoft/vscode/src/vs/workbench/services/extensions/node/rpcProtocol.ts:111:66
      at out/vs/workbench/services/extensions/node/file:/home/travis/build/Microsoft/vscode/src/vs/workbench/services/extensions/node/rpcProtocol.ts:307:5
      at out/vs/base/common/file:/home/travis/build/Microsoft/vscode/src/vs/base/common/event.ts:381:87
      at Emitter.fire (out/vs/base/common/file:/home/travis/build/Microsoft/vscode/src/vs/base/common/event.ts:140:16)
      at Socket.&lt;anonymous> (out/vs/base/parts/ipc/node/file:/home/travis/build/Microsoft/vscode/src/vs/base/parts/ipc/node/ipc.net.ts:81:23)
      at readableAddChunk (_stream_readable.js:178:18)
      at Socket.Readable.push (_stream_readable.js:136:10)
      at Pipe.onread (net.js:560:20)
[0m
[0m  24) workspace-namespace registerTextDocumentContentProvider, show virtual document:
[0m[31m     Error: Failed to show text document foo://something/path, should show in editor #undefined[0m[90m
      at out/vs/workbench/api/node/file:/home/travis/build/Microsoft/vscode/src/vs/workbench/api/node/extHostTextEditors.ts:86:11
      at Object.notifySuccess [as _notify] (out/vs/base/common/winjs.base.js:1185:59)
      at Object.enter (out/vs/base/common/winjs.base.js:867:30)
      at Promise_ctor._run (out/vs/base/common/winjs.base.js:1083:29)
      at Promise_ctor._completed (out/vs/base/common/winjs.base.js:1051:18)
      at LazyPromise.resolveOk (out/vs/workbench/services/extensions/node/file:/home/travis/build/Microsoft/vscode/src/vs/workbench/services/extensions/node/lazyPromise.ts:65:9)
      at RPCProtocol._receiveReply (out/vs/workbench/services/extensions/node/file:/home/travis/build/Microsoft/vscode/src/vs/workbench/services/extensions/node/rpcProtocol.ts:226:16)
      at RPCProtocol._receiveOneMessage (out/vs/workbench/services/extensions/node/file:/home/travis/build/Microsoft/vscode/src/vs/workbench/services/extensions/node/rpcProtocol.ts:184:10)
      at out/vs/workbench/services/extensions/node/file:/home/travis/build/Microsoft/vscode/src/vs/workbench/services/extensions/node/rpcProtocol.ts:111:66
      at out/vs/workbench/services/extensions/node/file:/home/travis/build/Microsoft/vscode/src/vs/workbench/services/extensions/node/rpcProtocol.ts:307:5
      at out/vs/base/common/file:/home/travis/build/Microsoft/vscode/src/vs/base/common/event.ts:381:87
      at Emitter.fire (out/vs/base/common/file:/home/travis/build/Microsoft/vscode/src/vs/base/common/event.ts:140:16)
      at Socket.&lt;anonymous> (out/vs/base/parts/ipc/node/file:/home/travis/build/Microsoft/vscode/src/vs/base/parts/ipc/node/ipc.net.ts:81:23)
      at readableAddChunk (_stream_readable.js:178:18)
      at Socket.Readable.push (_stream_readable.js:136:10)
      at Pipe.onread (net.js:560:20)
[0m</Output>
      </ExampleDataOfString>
    </Examples>
  </LearningData>
  <LogKind>
    <Language>java</Language>
    <BuildTool>android</BuildTool>
  </LogKind>
  <Target>BuildFailureReason</Target>
</AnalysisProgramOfRegionAnalysisSessionString>