<?xml version="1.0" encoding="utf-8" ?>
<AnalysisProgramOfRegionAnalysisSessionString xmlns:xsd="http://www.w3.org/2001/XMLSchema" xmlns:xsi="http://www.w3.org/2001/XMLSchema-instance">
  <SaveName>BuildFailureReason/PHP/bcit-ci@CodeIgniter</SaveName>
  <LearningData>
    <InputPaths>
      <string>PHP/bcit-ci@CodeIgniter/failed/476896825.log</string>
      <string>PHP/bcit-ci@CodeIgniter/failed/496514022.log</string>
      <string>PHP/bcit-ci@CodeIgniter/failed/496530269.log</string>
      <string>PHP/bcit-ci@CodeIgniter/failed/507107253.log</string>
      <string>PHP/bcit-ci@CodeIgniter/failed/507195141.log</string>
      <string>PHP/bcit-ci@CodeIgniter/failed/507199842.log</string>
      <string>PHP/bcit-ci@CodeIgniter/failed/514356719.log</string>
      <string>PHP/bcit-ci@CodeIgniter/failed/523143840.log</string>
      <string>PHP/bcit-ci@CodeIgniter/failed/523684642.log</string>
      <string>PHP/bcit-ci@CodeIgniter/failed/532942148.log</string>
    </InputPaths>
    <Examples>
      <ExampleDataOfString>
        <InputPath>PHP/bcit-ci@CodeIgniter/failed/476896825.log</InputPath>
        <Output>1) Inflector_helper_test::test_plural
Failed asserting that two strings are equal.
--- Expected
+++ Actual
@@ @@
-'tellies'
+'telly'

/home/travis/build/bcit-ci/CodeIgniter/tests/codeigniter/helpers/inflector_helper_test.php:43
/home/travis/build/bcit-ci/CodeIgniter/tests/mocks/ci_testcase.php:351</Output>
      </ExampleDataOfString>
      <ExampleDataOfString>
        <InputPath>PHP/bcit-ci@CodeIgniter/failed/496514022.log</InputPath>
        <Output>1) DB_test::test_db_valid
RuntimeException: Undefined property: CI_DB_mysql_driver::$_is_unbuffered

/home/travis/build/bcit-ci/CodeIgniter/tests/mocks/database/db.php:136
/home/travis/build/bcit-ci/CodeIgniter/tests/codeigniter/database/DB_test.php:37
/home/travis/build/bcit-ci/CodeIgniter/tests/mocks/ci_testcase.php:351

2) Count_test::test_count_all
RuntimeException: Undefined property: CI_DB_mysql_driver::$_is_unbuffered

/home/travis/build/bcit-ci/CodeIgniter/tests/mocks/database/db.php:136
/home/travis/build/bcit-ci/CodeIgniter/tests/mocks/database/schema/skeleton.php:36
/home/travis/build/bcit-ci/CodeIgniter/tests/codeigniter/database/query_builder/count_test.php:12
/home/travis/build/bcit-ci/CodeIgniter/tests/mocks/ci_testcase.php:45
/home/travis/build/bcit-ci/CodeIgniter/tests/mocks/ci_testcase.php:351

3) Count_test::test_count_all_results
RuntimeException: Undefined property: CI_DB_mysql_driver::$_is_unbuffered

/home/travis/build/bcit-ci/CodeIgniter/tests/mocks/database/db.php:136
/home/travis/build/bcit-ci/CodeIgniter/tests/mocks/database/schema/skeleton.php:36
/home/travis/build/bcit-ci/CodeIgniter/tests/codeigniter/database/query_builder/count_test.php:12
/home/travis/build/bcit-ci/CodeIgniter/tests/mocks/ci_testcase.php:45
/home/travis/build/bcit-ci/CodeIgniter/tests/mocks/ci_testcase.php:351

4) Count_test::test_count_all_results_limit
RuntimeException: Undefined property: CI_DB_mysql_driver::$_is_unbuffered

/home/travis/build/bcit-ci/CodeIgniter/tests/mocks/database/db.php:136
/home/travis/build/bcit-ci/CodeIgniter/tests/mocks/database/schema/skeleton.php:36
/home/travis/build/bcit-ci/CodeIgniter/tests/codeigniter/database/query_builder/count_test.php:12
/home/travis/build/bcit-ci/CodeIgniter/tests/mocks/ci_testcase.php:45
/home/travis/build/bcit-ci/CodeIgniter/tests/mocks/ci_testcase.php:351

5) Delete_test::test_delete
RuntimeException: Undefined property: CI_DB_mysql_driver::$_is_unbuffered

/home/travis/build/bcit-ci/CodeIgniter/tests/mocks/database/db.php:136
/home/travis/build/bcit-ci/CodeIgniter/tests/mocks/database/schema/skeleton.php:36
/home/travis/build/bcit-ci/CodeIgniter/tests/codeigniter/database/query_builder/delete_test.php:12
/home/travis/build/bcit-ci/CodeIgniter/tests/mocks/ci_testcase.php:45
/home/travis/build/bcit-ci/CodeIgniter/tests/mocks/ci_testcase.php:351

6) Delete_test::test_delete_several_tables
RuntimeException: Undefined property: CI_DB_mysql_driver::$_is_unbuffered

/home/travis/build/bcit-ci/CodeIgniter/tests/mocks/database/db.php:136
/home/travis/build/bcit-ci/CodeIgniter/tests/mocks/database/schema/skeleton.php:36
/home/travis/build/bcit-ci/CodeIgniter/tests/codeigniter/database/query_builder/delete_test.php:12
/home/travis/build/bcit-ci/CodeIgniter/tests/mocks/ci_testcase.php:45
/home/travis/build/bcit-ci/CodeIgniter/tests/mocks/ci_testcase.php:351

7) Distinct_test::test_distinct
RuntimeException: Undefined property: CI_DB_mysql_driver::$_is_unbuffered

/home/travis/build/bcit-ci/CodeIgniter/tests/mocks/database/db.php:136
/home/travis/build/bcit-ci/CodeIgniter/tests/mocks/database/schema/skeleton.php:36
/home/travis/build/bcit-ci/CodeIgniter/tests/codeigniter/database/query_builder/distinct_test.php:12
/home/travis/build/bcit-ci/CodeIgniter/tests/mocks/ci_testcase.php:45
/home/travis/build/bcit-ci/CodeIgniter/tests/mocks/ci_testcase.php:351

8) Empty_test::test_empty_table
RuntimeException: Undefined property: CI_DB_mysql_driver::$_is_unbuffered

/home/travis/build/bcit-ci/CodeIgniter/tests/mocks/database/db.php:136
/home/travis/build/bcit-ci/CodeIgniter/tests/mocks/database/schema/skeleton.php:36
/home/travis/build/bcit-ci/CodeIgniter/tests/codeigniter/database/query_builder/empty_test.php:12
/home/travis/build/bcit-ci/CodeIgniter/tests/mocks/ci_testcase.php:45
/home/travis/build/bcit-ci/CodeIgniter/tests/mocks/ci_testcase.php:351

9) Escape_test::test_escape_like_percent_sign
RuntimeException: Undefined property: CI_DB_mysql_driver::$_is_unbuffered

/home/travis/build/bcit-ci/CodeIgniter/tests/mocks/database/db.php:136
/home/travis/build/bcit-ci/CodeIgniter/tests/mocks/database/schema/skeleton.php:36
/home/travis/build/bcit-ci/CodeIgniter/tests/codeigniter/database/query_builder/escape_test.php:12
/home/travis/build/bcit-ci/CodeIgniter/tests/mocks/ci_testcase.php:45
/home/travis/build/bcit-ci/CodeIgniter/tests/mocks/ci_testcase.php:351

10) Escape_test::test_escape_like_backslash_sign
RuntimeException: Undefined property: CI_DB_mysql_driver::$_is_unbuffered

/home/travis/build/bcit-ci/CodeIgniter/tests/mocks/database/db.php:136
/home/travis/build/bcit-ci/CodeIgniter/tests/mocks/database/schema/skeleton.php:36
/home/travis/build/bcit-ci/CodeIgniter/tests/codeigniter/database/query_builder/escape_test.php:12
/home/travis/build/bcit-ci/CodeIgniter/tests/mocks/ci_testcase.php:45
/home/travis/build/bcit-ci/CodeIgniter/tests/mocks/ci_testcase.php:351

11) From_test::test_from_simple
RuntimeException: Undefined property: CI_DB_mysql_driver::$_is_unbuffered

/home/travis/build/bcit-ci/CodeIgniter/tests/mocks/database/db.php:136
/home/travis/build/bcit-ci/CodeIgniter/tests/mocks/database/schema/skeleton.php:36
/home/travis/build/bcit-ci/CodeIgniter/tests/codeigniter/database/query_builder/from_test.php:12
/home/travis/build/bcit-ci/CodeIgniter/tests/mocks/ci_testcase.php:45
/home/travis/build/bcit-ci/CodeIgniter/tests/mocks/ci_testcase.php:351

12) From_test::test_from_with_where
RuntimeException: Undefined property: CI_DB_mysql_driver::$_is_unbuffered

/home/travis/build/bcit-ci/CodeIgniter/tests/mocks/database/db.php:136
/home/travis/build/bcit-ci/CodeIgniter/tests/mocks/database/schema/skeleton.php:36
/home/travis/build/bcit-ci/CodeIgniter/tests/codeigniter/database/query_builder/from_test.php:12
/home/travis/build/bcit-ci/CodeIgniter/tests/mocks/ci_testcase.php:45
/home/travis/build/bcit-ci/CodeIgniter/tests/mocks/ci_testcase.php:351

13) Get_test::test_get_simple
RuntimeException: Undefined property: CI_DB_mysql_driver::$_is_unbuffered

/home/travis/build/bcit-ci/CodeIgniter/tests/mocks/database/db.php:136
/home/travis/build/bcit-ci/CodeIgniter/tests/mocks/database/schema/skeleton.php:36
/home/travis/build/bcit-ci/CodeIgniter/tests/codeigniter/database/query_builder/get_test.php:12
/home/travis/build/bcit-ci/CodeIgniter/tests/mocks/ci_testcase.php:45
/home/travis/build/bcit-ci/CodeIgniter/tests/mocks/ci_testcase.php:351

14) Get_test::test_get_where
RuntimeException: Undefined property: CI_DB_mysql_driver::$_is_unbuffered

/home/travis/build/bcit-ci/CodeIgniter/tests/mocks/database/db.php:136
/home/travis/build/bcit-ci/CodeIgniter/tests/mocks/database/schema/skeleton.php:36
/home/travis/build/bcit-ci/CodeIgniter/tests/codeigniter/database/query_builder/get_test.php:12
/home/travis/build/bcit-ci/CodeIgniter/tests/mocks/ci_testcase.php:45
/home/travis/build/bcit-ci/CodeIgniter/tests/mocks/ci_testcase.php:351

15) Group_test::test_group_by
RuntimeException: Undefined property: CI_DB_mysql_driver::$_is_unbuffered

/home/travis/build/bcit-ci/CodeIgniter/tests/mocks/database/db.php:136
/home/travis/build/bcit-ci/CodeIgniter/tests/mocks/database/schema/skeleton.php:36
/home/travis/build/bcit-ci/CodeIgniter/tests/codeigniter/database/query_builder/group_test.php:12
/home/travis/build/bcit-ci/CodeIgniter/tests/mocks/ci_testcase.php:45
/home/travis/build/bcit-ci/CodeIgniter/tests/mocks/ci_testcase.php:351

16) Group_test::test_having_by
RuntimeException: Undefined property: CI_DB_mysql_driver::$_is_unbuffered

/home/travis/build/bcit-ci/CodeIgniter/tests/mocks/database/db.php:136
/home/travis/build/bcit-ci/CodeIgniter/tests/mocks/database/schema/skeleton.php:36
/home/travis/build/bcit-ci/CodeIgniter/tests/codeigniter/database/query_builder/group_test.php:12
/home/travis/build/bcit-ci/CodeIgniter/tests/mocks/ci_testcase.php:45
/home/travis/build/bcit-ci/CodeIgniter/tests/mocks/ci_testcase.php:351

17) Group_test::test_having_in
RuntimeException: Undefined property: CI_DB_mysql_driver::$_is_unbuffered

/home/travis/build/bcit-ci/CodeIgniter/tests/mocks/database/db.php:136
/home/travis/build/bcit-ci/CodeIgniter/tests/mocks/database/schema/skeleton.php:36
/home/travis/build/bcit-ci/CodeIgniter/tests/codeigniter/database/query_builder/group_test.php:12
/home/travis/build/bcit-ci/CodeIgniter/tests/mocks/ci_testcase.php:45
/home/travis/build/bcit-ci/CodeIgniter/tests/mocks/ci_testcase.php:351

18) Group_test::test_or_having_in
RuntimeException: Undefined property: CI_DB_mysql_driver::$_is_unbuffered

/home/travis/build/bcit-ci/CodeIgniter/tests/mocks/database/db.php:136
/home/travis/build/bcit-ci/CodeIgniter/tests/mocks/database/schema/skeleton.php:36
/home/travis/build/bcit-ci/CodeIgniter/tests/codeigniter/database/query_builder/group_test.php:12
/home/travis/build/bcit-ci/CodeIgniter/tests/mocks/ci_testcase.php:45
/home/travis/build/bcit-ci/CodeIgniter/tests/mocks/ci_testcase.php:351

19) Group_test::test_having_not_in
RuntimeException: Undefined property: CI_DB_mysql_driver::$_is_unbuffered

/home/travis/build/bcit-ci/CodeIgniter/tests/mocks/database/db.php:136
/home/travis/build/bcit-ci/CodeIgniter/tests/mocks/database/schema/skeleton.php:36
/home/travis/build/bcit-ci/CodeIgniter/tests/codeigniter/database/query_builder/group_test.php:12
/home/travis/build/bcit-ci/CodeIgniter/tests/mocks/ci_testcase.php:45
/home/travis/build/bcit-ci/CodeIgniter/tests/mocks/ci_testcase.php:351

20) Group_test::test_or_having_not_in
RuntimeException: Undefined property: CI_DB_mysql_driver::$_is_unbuffered

/home/travis/build/bcit-ci/CodeIgniter/tests/mocks/database/db.php:136
/home/travis/build/bcit-ci/CodeIgniter/tests/mocks/database/schema/skeleton.php:36
/home/travis/build/bcit-ci/CodeIgniter/tests/codeigniter/database/query_builder/group_test.php:12
/home/travis/build/bcit-ci/CodeIgniter/tests/mocks/ci_testcase.php:45
/home/travis/build/bcit-ci/CodeIgniter/tests/mocks/ci_testcase.php:351

21) Insert_test::test_insert
RuntimeException: Undefined property: CI_DB_mysql_driver::$_is_unbuffered

/home/travis/build/bcit-ci/CodeIgniter/tests/mocks/database/db.php:136
/home/travis/build/bcit-ci/CodeIgniter/tests/mocks/database/schema/skeleton.php:36
/home/travis/build/bcit-ci/CodeIgniter/tests/codeigniter/database/query_builder/insert_test.php:13
/home/travis/build/bcit-ci/CodeIgniter/tests/mocks/ci_testcase.php:45
/home/travis/build/bcit-ci/CodeIgniter/tests/mocks/ci_testcase.php:351

22) Insert_test::test_insert_batch
RuntimeException: Undefined property: CI_DB_mysql_driver::$_is_unbuffered

/home/travis/build/bcit-ci/CodeIgniter/tests/mocks/database/db.php:136
/home/travis/build/bcit-ci/CodeIgniter/tests/mocks/database/schema/skeleton.php:36
/home/travis/build/bcit-ci/CodeIgniter/tests/codeigniter/database/query_builder/insert_test.php:13
/home/travis/build/bcit-ci/CodeIgniter/tests/mocks/ci_testcase.php:45
/home/travis/build/bcit-ci/CodeIgniter/tests/mocks/ci_testcase.php:351

23) Join_test::test_join_simple
RuntimeException: Undefined property: CI_DB_mysql_driver::$_is_unbuffered

/home/travis/build/bcit-ci/CodeIgniter/tests/mocks/database/db.php:136
/home/travis/build/bcit-ci/CodeIgniter/tests/mocks/database/schema/skeleton.php:36
/home/travis/build/bcit-ci/CodeIgniter/tests/codeigniter/database/query_builder/join_test.php:12
/home/travis/build/bcit-ci/CodeIgniter/tests/mocks/ci_testcase.php:45
/home/travis/build/bcit-ci/CodeIgniter/tests/mocks/ci_testcase.php:351

24) Join_test::test_join_escape_is_null
RuntimeException: Undefined property: CI_DB_mysql_driver::$_is_unbuffered

/home/travis/build/bcit-ci/CodeIgniter/tests/mocks/database/db.php:136
/home/travis/build/bcit-ci/CodeIgniter/tests/mocks/database/schema/skeleton.php:36
/home/travis/build/bcit-ci/CodeIgniter/tests/codeigniter/database/query_builder/join_test.php:12
/home/travis/build/bcit-ci/CodeIgniter/tests/mocks/ci_testcase.php:45
/home/travis/build/bcit-ci/CodeIgniter/tests/mocks/ci_testcase.php:351

25) Join_test::test_join_escape_multiple_conditions
RuntimeException: Undefined property: CI_DB_mysql_driver::$_is_unbuffered

/home/travis/build/bcit-ci/CodeIgniter/tests/mocks/database/db.php:136
/home/travis/build/bcit-ci/CodeIgniter/tests/mocks/database/schema/skeleton.php:36
/home/travis/build/bcit-ci/CodeIgniter/tests/codeigniter/database/query_builder/join_test.php:12
/home/travis/build/bcit-ci/CodeIgniter/tests/mocks/ci_testcase.php:45
/home/travis/build/bcit-ci/CodeIgniter/tests/mocks/ci_testcase.php:351

26) Join_test::test_join_escape_multiple_conditions_with_parentheses
RuntimeException: Undefined property: CI_DB_mysql_driver::$_is_unbuffered

/home/travis/build/bcit-ci/CodeIgniter/tests/mocks/database/db.php:136
/home/travis/build/bcit-ci/CodeIgniter/tests/mocks/database/schema/skeleton.php:36
/home/travis/build/bcit-ci/CodeIgniter/tests/codeigniter/database/query_builder/join_test.php:12
/home/travis/build/bcit-ci/CodeIgniter/tests/mocks/ci_testcase.php:45
/home/travis/build/bcit-ci/CodeIgniter/tests/mocks/ci_testcase.php:351

27) Like_test::test_like
RuntimeException: Undefined property: CI_DB_mysql_driver::$_is_unbuffered

/home/travis/build/bcit-ci/CodeIgniter/tests/mocks/database/db.php:136
/home/travis/build/bcit-ci/CodeIgniter/tests/mocks/database/schema/skeleton.php:36
/home/travis/build/bcit-ci/CodeIgniter/tests/codeigniter/database/query_builder/like_test.php:12
/home/travis/build/bcit-ci/CodeIgniter/tests/mocks/ci_testcase.php:45
/home/travis/build/bcit-ci/CodeIgniter/tests/mocks/ci_testcase.php:351

28) Like_test::test_or_like
RuntimeException: Undefined property: CI_DB_mysql_driver::$_is_unbuffered

/home/travis/build/bcit-ci/CodeIgniter/tests/mocks/database/db.php:136
/home/travis/build/bcit-ci/CodeIgniter/tests/mocks/database/schema/skeleton.php:36
/home/travis/build/bcit-ci/CodeIgniter/tests/codeigniter/database/query_builder/like_test.php:12
/home/travis/build/bcit-ci/CodeIgniter/tests/mocks/ci_testcase.php:45
/home/travis/build/bcit-ci/CodeIgniter/tests/mocks/ci_testcase.php:351

29) Like_test::test_not_like
RuntimeException: Undefined property: CI_DB_mysql_driver::$_is_unbuffered

/home/travis/build/bcit-ci/CodeIgniter/tests/mocks/database/db.php:136
/home/travis/build/bcit-ci/CodeIgniter/tests/mocks/database/schema/skeleton.php:36
/home/travis/build/bcit-ci/CodeIgniter/tests/codeigniter/database/query_builder/like_test.php:12
/home/travis/build/bcit-ci/CodeIgniter/tests/mocks/ci_testcase.php:45
/home/travis/build/bcit-ci/CodeIgniter/tests/mocks/ci_testcase.php:351

30) Like_test::test_or_not_like
RuntimeException: Undefined property: CI_DB_mysql_driver::$_is_unbuffered

/home/travis/build/bcit-ci/CodeIgniter/tests/mocks/database/db.php:136
/home/travis/build/bcit-ci/CodeIgniter/tests/mocks/database/schema/skeleton.php:36
/home/travis/build/bcit-ci/CodeIgniter/tests/codeigniter/database/query_builder/like_test.php:12
/home/travis/build/bcit-ci/CodeIgniter/tests/mocks/ci_testcase.php:45
/home/travis/build/bcit-ci/CodeIgniter/tests/mocks/ci_testcase.php:351

31) Like_test::test_like_spaces_and_tabs
RuntimeException: Undefined property: CI_DB_mysql_driver::$_is_unbuffered

/home/travis/build/bcit-ci/CodeIgniter/tests/mocks/database/db.php:136
/home/travis/build/bcit-ci/CodeIgniter/tests/mocks/database/schema/skeleton.php:36
/home/travis/build/bcit-ci/CodeIgniter/tests/codeigniter/database/query_builder/like_test.php:12
/home/travis/build/bcit-ci/CodeIgniter/tests/mocks/ci_testcase.php:45
/home/travis/build/bcit-ci/CodeIgniter/tests/mocks/ci_testcase.php:351

32) Like_test::test_like_set_side with data set #0 ('Developer', 'none', 'Developer')
RuntimeException: Undefined property: CI_DB_mysql_driver::$_is_unbuffered

/home/travis/build/bcit-ci/CodeIgniter/tests/mocks/database/db.php:136
/home/travis/build/bcit-ci/CodeIgniter/tests/mocks/database/schema/skeleton.php:36
/home/travis/build/bcit-ci/CodeIgniter/tests/codeigniter/database/query_builder/like_test.php:12
/home/travis/build/bcit-ci/CodeIgniter/tests/mocks/ci_testcase.php:45
/home/travis/build/bcit-ci/CodeIgniter/tests/mocks/ci_testcase.php:351

33) Like_test::test_like_set_side with data set #1 ('tician', 'before', 'Politician')
RuntimeException: Undefined property: CI_DB_mysql_driver::$_is_unbuffered

/home/travis/build/bcit-ci/CodeIgniter/tests/mocks/database/db.php:136
/home/travis/build/bcit-ci/CodeIgniter/tests/mocks/database/schema/skeleton.php:36
/home/travis/build/bcit-ci/CodeIgniter/tests/codeigniter/database/query_builder/like_test.php:12
/home/travis/build/bcit-ci/CodeIgniter/tests/mocks/ci_testcase.php:45
/home/travis/build/bcit-ci/CodeIgniter/tests/mocks/ci_testcase.php:351

34) Like_test::test_like_set_side with data set #2 ('Accou', 'after', 'Accountant')
RuntimeException: Undefined property: CI_DB_mysql_driver::$_is_unbuffered

/home/travis/build/bcit-ci/CodeIgniter/tests/mocks/database/db.php:136
/home/travis/build/bcit-ci/CodeIgniter/tests/mocks/database/schema/skeleton.php:36
/home/travis/build/bcit-ci/CodeIgniter/tests/codeigniter/database/query_builder/like_test.php:12
/home/travis/build/bcit-ci/CodeIgniter/tests/mocks/ci_testcase.php:45
/home/travis/build/bcit-ci/CodeIgniter/tests/mocks/ci_testcase.php:351

35) Like_test::test_like_set_side with data set #3 ('usicia', 'both', 'Musician')
RuntimeException: Undefined property: CI_DB_mysql_driver::$_is_unbuffered

/home/travis/build/bcit-ci/CodeIgniter/tests/mocks/database/db.php:136
/home/travis/build/bcit-ci/CodeIgniter/tests/mocks/database/schema/skeleton.php:36
/home/travis/build/bcit-ci/CodeIgniter/tests/codeigniter/database/query_builder/like_test.php:12
/home/travis/build/bcit-ci/CodeIgniter/tests/mocks/ci_testcase.php:45
/home/travis/build/bcit-ci/CodeIgniter/tests/mocks/ci_testcase.php:351

36) Limit_test::test_limit
RuntimeException: Undefined property: CI_DB_mysql_driver::$_is_unbuffered

/home/travis/build/bcit-ci/CodeIgniter/tests/mocks/database/db.php:136
/home/travis/build/bcit-ci/CodeIgniter/tests/mocks/database/schema/skeleton.php:36
/home/travis/build/bcit-ci/CodeIgniter/tests/codeigniter/database/query_builder/limit_test.php:12
/home/travis/build/bcit-ci/CodeIgniter/tests/mocks/ci_testcase.php:45
/home/travis/build/bcit-ci/CodeIgniter/tests/mocks/ci_testcase.php:351

37) Limit_test::test_limit_and_offset
RuntimeException: Undefined property: CI_DB_mysql_driver::$_is_unbuffered

/home/travis/build/bcit-ci/CodeIgniter/tests/mocks/database/db.php:136
/home/travis/build/bcit-ci/CodeIgniter/tests/mocks/database/schema/skeleton.php:36
/home/travis/build/bcit-ci/CodeIgniter/tests/codeigniter/database/query_builder/limit_test.php:12
/home/travis/build/bcit-ci/CodeIgniter/tests/mocks/ci_testcase.php:45
/home/travis/build/bcit-ci/CodeIgniter/tests/mocks/ci_testcase.php:351

38) Order_test::test_order_ascending
RuntimeException: Undefined property: CI_DB_mysql_driver::$_is_unbuffered

/home/travis/build/bcit-ci/CodeIgniter/tests/mocks/database/db.php:136
/home/travis/build/bcit-ci/CodeIgniter/tests/mocks/database/schema/skeleton.php:36
/home/travis/build/bcit-ci/CodeIgniter/tests/codeigniter/database/query_builder/order_test.php:12
/home/travis/build/bcit-ci/CodeIgniter/tests/mocks/ci_testcase.php:45
/home/travis/build/bcit-ci/CodeIgniter/tests/mocks/ci_testcase.php:351

39) Order_test::test_order_descending
RuntimeException: Undefined property: CI_DB_mysql_driver::$_is_unbuffered

/home/travis/build/bcit-ci/CodeIgniter/tests/mocks/database/db.php:136
/home/travis/build/bcit-ci/CodeIgniter/tests/mocks/database/schema/skeleton.php:36
/home/travis/build/bcit-ci/CodeIgniter/tests/codeigniter/database/query_builder/order_test.php:12
/home/travis/build/bcit-ci/CodeIgniter/tests/mocks/ci_testcase.php:45
/home/travis/build/bcit-ci/CodeIgniter/tests/mocks/ci_testcase.php:351

40) Select_test::test_select_only_one_collumn
RuntimeException: Undefined property: CI_DB_mysql_driver::$_is_unbuffered

/home/travis/build/bcit-ci/CodeIgniter/tests/mocks/database/db.php:136
/home/travis/build/bcit-ci/CodeIgniter/tests/mocks/database/schema/skeleton.php:36
/home/travis/build/bcit-ci/CodeIgniter/tests/codeigniter/database/query_builder/select_test.php:12
/home/travis/build/bcit-ci/CodeIgniter/tests/mocks/ci_testcase.php:45
/home/travis/build/bcit-ci/CodeIgniter/tests/mocks/ci_testcase.php:351

41) Select_test::test_select_min
RuntimeException: Undefined property: CI_DB_mysql_driver::$_is_unbuffered

/home/travis/build/bcit-ci/CodeIgniter/tests/mocks/database/db.php:136
/home/travis/build/bcit-ci/CodeIgniter/tests/mocks/database/schema/skeleton.php:36
/home/travis/build/bcit-ci/CodeIgniter/tests/codeigniter/database/query_builder/select_test.php:12
/home/travis/build/bcit-ci/CodeIgniter/tests/mocks/ci_testcase.php:45
/home/travis/build/bcit-ci/CodeIgniter/tests/mocks/ci_testcase.php:351

42) Select_test::test_select_max
RuntimeException: Undefined property: CI_DB_mysql_driver::$_is_unbuffered

/home/travis/build/bcit-ci/CodeIgniter/tests/mocks/database/db.php:136
/home/travis/build/bcit-ci/CodeIgniter/tests/mocks/database/schema/skeleton.php:36
/home/travis/build/bcit-ci/CodeIgniter/tests/codeigniter/database/query_builder/select_test.php:12
/home/travis/build/bcit-ci/CodeIgniter/tests/mocks/ci_testcase.php:45
/home/travis/build/bcit-ci/CodeIgniter/tests/mocks/ci_testcase.php:351

43) Select_test::test_select_avg
RuntimeException: Undefined property: CI_DB_mysql_driver::$_is_unbuffered

/home/travis/build/bcit-ci/CodeIgniter/tests/mocks/database/db.php:136
/home/travis/build/bcit-ci/CodeIgniter/tests/mocks/database/schema/skeleton.php:36
/home/travis/build/bcit-ci/CodeIgniter/tests/codeigniter/database/query_builder/select_test.php:12
/home/travis/build/bcit-ci/CodeIgniter/tests/mocks/ci_testcase.php:45
/home/travis/build/bcit-ci/CodeIgniter/tests/mocks/ci_testcase.php:351

44) Select_test::test_select_sum
RuntimeException: Undefined property: CI_DB_mysql_driver::$_is_unbuffered

/home/travis/build/bcit-ci/CodeIgniter/tests/mocks/database/db.php:136
/home/travis/build/bcit-ci/CodeIgniter/tests/mocks/database/schema/skeleton.php:36
/home/travis/build/bcit-ci/CodeIgniter/tests/codeigniter/database/query_builder/select_test.php:12
/home/travis/build/bcit-ci/CodeIgniter/tests/mocks/ci_testcase.php:45
/home/travis/build/bcit-ci/CodeIgniter/tests/mocks/ci_testcase.php:351

45) Truncate_test::test_truncate
RuntimeException: Undefined property: CI_DB_mysql_driver::$_is_unbuffered

/home/travis/build/bcit-ci/CodeIgniter/tests/mocks/database/db.php:136
/home/travis/build/bcit-ci/CodeIgniter/tests/mocks/database/schema/skeleton.php:36
/home/travis/build/bcit-ci/CodeIgniter/tests/codeigniter/database/query_builder/truncate_test.php:12
/home/travis/build/bcit-ci/CodeIgniter/tests/mocks/ci_testcase.php:45
/home/travis/build/bcit-ci/CodeIgniter/tests/mocks/ci_testcase.php:351

46) Truncate_test::test_truncate_with_from
RuntimeException: Undefined property: CI_DB_mysql_driver::$_is_unbuffered

/home/travis/build/bcit-ci/CodeIgniter/tests/mocks/database/db.php:136
/home/travis/build/bcit-ci/CodeIgniter/tests/mocks/database/schema/skeleton.php:36
/home/travis/build/bcit-ci/CodeIgniter/tests/codeigniter/database/query_builder/truncate_test.php:12
/home/travis/build/bcit-ci/CodeIgniter/tests/mocks/ci_testcase.php:45
/home/travis/build/bcit-ci/CodeIgniter/tests/mocks/ci_testcase.php:351

47) Update_test::test_update
RuntimeException: Undefined property: CI_DB_mysql_driver::$_is_unbuffered

/home/travis/build/bcit-ci/CodeIgniter/tests/mocks/database/db.php:136
/home/travis/build/bcit-ci/CodeIgniter/tests/mocks/database/schema/skeleton.php:36
/home/travis/build/bcit-ci/CodeIgniter/tests/codeigniter/database/query_builder/update_test.php:12
/home/travis/build/bcit-ci/CodeIgniter/tests/mocks/ci_testcase.php:45
/home/travis/build/bcit-ci/CodeIgniter/tests/mocks/ci_testcase.php:351

48) Update_test::test_update_with_set
RuntimeException: Undefined property: CI_DB_mysql_driver::$_is_unbuffered

/home/travis/build/bcit-ci/CodeIgniter/tests/mocks/database/db.php:136
/home/travis/build/bcit-ci/CodeIgniter/tests/mocks/database/schema/skeleton.php:36
/home/travis/build/bcit-ci/CodeIgniter/tests/codeigniter/database/query_builder/update_test.php:12
/home/travis/build/bcit-ci/CodeIgniter/tests/mocks/ci_testcase.php:45
/home/travis/build/bcit-ci/CodeIgniter/tests/mocks/ci_testcase.php:351

49) Where_test::test_where_simple_key_value
RuntimeException: Undefined property: CI_DB_mysql_driver::$_is_unbuffered

/home/travis/build/bcit-ci/CodeIgniter/tests/mocks/database/db.php:136
/home/travis/build/bcit-ci/CodeIgniter/tests/mocks/database/schema/skeleton.php:36
/home/travis/build/bcit-ci/CodeIgniter/tests/codeigniter/database/query_builder/where_test.php:12
/home/travis/build/bcit-ci/CodeIgniter/tests/mocks/ci_testcase.php:45
/home/travis/build/bcit-ci/CodeIgniter/tests/mocks/ci_testcase.php:351

50) Where_test::test_where_custom_key_value
RuntimeException: Undefined property: CI_DB_mysql_driver::$_is_unbuffered

/home/travis/build/bcit-ci/CodeIgniter/tests/mocks/database/db.php:136
/home/travis/build/bcit-ci/CodeIgniter/tests/mocks/database/schema/skeleton.php:36
/home/travis/build/bcit-ci/CodeIgniter/tests/codeigniter/database/query_builder/where_test.php:12
/home/travis/build/bcit-ci/CodeIgniter/tests/mocks/ci_testcase.php:45
/home/travis/build/bcit-ci/CodeIgniter/tests/mocks/ci_testcase.php:351

51) Where_test::test_where_associative_array
RuntimeException: Undefined property: CI_DB_mysql_driver::$_is_unbuffered

/home/travis/build/bcit-ci/CodeIgniter/tests/mocks/database/db.php:136
/home/travis/build/bcit-ci/CodeIgniter/tests/mocks/database/schema/skeleton.php:36
/home/travis/build/bcit-ci/CodeIgniter/tests/codeigniter/database/query_builder/where_test.php:12
/home/travis/build/bcit-ci/CodeIgniter/tests/mocks/ci_testcase.php:45
/home/travis/build/bcit-ci/CodeIgniter/tests/mocks/ci_testcase.php:351

52) Where_test::test_where_custom_string
RuntimeException: Undefined property: CI_DB_mysql_driver::$_is_unbuffered

/home/travis/build/bcit-ci/CodeIgniter/tests/mocks/database/db.php:136
/home/travis/build/bcit-ci/CodeIgniter/tests/mocks/database/schema/skeleton.php:36
/home/travis/build/bcit-ci/CodeIgniter/tests/codeigniter/database/query_builder/where_test.php:12
/home/travis/build/bcit-ci/CodeIgniter/tests/mocks/ci_testcase.php:45
/home/travis/build/bcit-ci/CodeIgniter/tests/mocks/ci_testcase.php:351

53) Where_test::test_where_or
RuntimeException: Undefined property: CI_DB_mysql_driver::$_is_unbuffered

/home/travis/build/bcit-ci/CodeIgniter/tests/mocks/database/db.php:136
/home/travis/build/bcit-ci/CodeIgniter/tests/mocks/database/schema/skeleton.php:36
/home/travis/build/bcit-ci/CodeIgniter/tests/codeigniter/database/query_builder/where_test.php:12
/home/travis/build/bcit-ci/CodeIgniter/tests/mocks/ci_testcase.php:45
/home/travis/build/bcit-ci/CodeIgniter/tests/mocks/ci_testcase.php:351

54) Where_test::test_where_in
RuntimeException: Undefined property: CI_DB_mysql_driver::$_is_unbuffered

/home/travis/build/bcit-ci/CodeIgniter/tests/mocks/database/db.php:136
/home/travis/build/bcit-ci/CodeIgniter/tests/mocks/database/schema/skeleton.php:36
/home/travis/build/bcit-ci/CodeIgniter/tests/codeigniter/database/query_builder/where_test.php:12
/home/travis/build/bcit-ci/CodeIgniter/tests/mocks/ci_testcase.php:45
/home/travis/build/bcit-ci/CodeIgniter/tests/mocks/ci_testcase.php:351

55) Where_test::test_where_not_in
RuntimeException: Undefined property: CI_DB_mysql_driver::$_is_unbuffered

/home/travis/build/bcit-ci/CodeIgniter/tests/mocks/database/db.php:136
/home/travis/build/bcit-ci/CodeIgniter/tests/mocks/database/schema/skeleton.php:36
/home/travis/build/bcit-ci/CodeIgniter/tests/codeigniter/database/query_builder/where_test.php:12
/home/travis/build/bcit-ci/CodeIgniter/tests/mocks/ci_testcase.php:45
/home/travis/build/bcit-ci/CodeIgniter/tests/mocks/ci_testcase.php:351

56) Where_test::test_issue4093
RuntimeException: Undefined property: CI_DB_mysql_driver::$_is_unbuffered

/home/travis/build/bcit-ci/CodeIgniter/tests/mocks/database/db.php:136
/home/travis/build/bcit-ci/CodeIgniter/tests/mocks/database/schema/skeleton.php:36
/home/travis/build/bcit-ci/CodeIgniter/tests/codeigniter/database/query_builder/where_test.php:12
/home/travis/build/bcit-ci/CodeIgniter/tests/mocks/ci_testcase.php:45
/home/travis/build/bcit-ci/CodeIgniter/tests/mocks/ci_testcase.php:351</Output>
      </ExampleDataOfString>
      <ExampleDataOfString>
        <InputPath>PHP/bcit-ci@CodeIgniter/failed/496530269.log</InputPath>
        <Output>1) DB_test::test_db_valid
RuntimeException: Undefined property: CI_DB_mysql_driver::$_is_unbuffered

/home/travis/build/bcit-ci/CodeIgniter/tests/mocks/database/db.php:136
/home/travis/build/bcit-ci/CodeIgniter/tests/codeigniter/database/DB_test.php:37
/home/travis/build/bcit-ci/CodeIgniter/tests/mocks/ci_testcase.php:351

2) Count_test::test_count_all
RuntimeException: Undefined property: CI_DB_mysql_driver::$_is_unbuffered

/home/travis/build/bcit-ci/CodeIgniter/tests/mocks/database/db.php:136
/home/travis/build/bcit-ci/CodeIgniter/tests/mocks/database/schema/skeleton.php:36
/home/travis/build/bcit-ci/CodeIgniter/tests/codeigniter/database/query_builder/count_test.php:12
/home/travis/build/bcit-ci/CodeIgniter/tests/mocks/ci_testcase.php:45
/home/travis/build/bcit-ci/CodeIgniter/tests/mocks/ci_testcase.php:351

3) Count_test::test_count_all_results
RuntimeException: Undefined property: CI_DB_mysql_driver::$_is_unbuffered

/home/travis/build/bcit-ci/CodeIgniter/tests/mocks/database/db.php:136
/home/travis/build/bcit-ci/CodeIgniter/tests/mocks/database/schema/skeleton.php:36
/home/travis/build/bcit-ci/CodeIgniter/tests/codeigniter/database/query_builder/count_test.php:12
/home/travis/build/bcit-ci/CodeIgniter/tests/mocks/ci_testcase.php:45
/home/travis/build/bcit-ci/CodeIgniter/tests/mocks/ci_testcase.php:351

4) Count_test::test_count_all_results_limit
RuntimeException: Undefined property: CI_DB_mysql_driver::$_is_unbuffered

/home/travis/build/bcit-ci/CodeIgniter/tests/mocks/database/db.php:136
/home/travis/build/bcit-ci/CodeIgniter/tests/mocks/database/schema/skeleton.php:36
/home/travis/build/bcit-ci/CodeIgniter/tests/codeigniter/database/query_builder/count_test.php:12
/home/travis/build/bcit-ci/CodeIgniter/tests/mocks/ci_testcase.php:45
/home/travis/build/bcit-ci/CodeIgniter/tests/mocks/ci_testcase.php:351

5) Delete_test::test_delete
RuntimeException: Undefined property: CI_DB_mysql_driver::$_is_unbuffered

/home/travis/build/bcit-ci/CodeIgniter/tests/mocks/database/db.php:136
/home/travis/build/bcit-ci/CodeIgniter/tests/mocks/database/schema/skeleton.php:36
/home/travis/build/bcit-ci/CodeIgniter/tests/codeigniter/database/query_builder/delete_test.php:12
/home/travis/build/bcit-ci/CodeIgniter/tests/mocks/ci_testcase.php:45
/home/travis/build/bcit-ci/CodeIgniter/tests/mocks/ci_testcase.php:351

6) Delete_test::test_delete_several_tables
RuntimeException: Undefined property: CI_DB_mysql_driver::$_is_unbuffered

/home/travis/build/bcit-ci/CodeIgniter/tests/mocks/database/db.php:136
/home/travis/build/bcit-ci/CodeIgniter/tests/mocks/database/schema/skeleton.php:36
/home/travis/build/bcit-ci/CodeIgniter/tests/codeigniter/database/query_builder/delete_test.php:12
/home/travis/build/bcit-ci/CodeIgniter/tests/mocks/ci_testcase.php:45
/home/travis/build/bcit-ci/CodeIgniter/tests/mocks/ci_testcase.php:351

7) Distinct_test::test_distinct
RuntimeException: Undefined property: CI_DB_mysql_driver::$_is_unbuffered

/home/travis/build/bcit-ci/CodeIgniter/tests/mocks/database/db.php:136
/home/travis/build/bcit-ci/CodeIgniter/tests/mocks/database/schema/skeleton.php:36
/home/travis/build/bcit-ci/CodeIgniter/tests/codeigniter/database/query_builder/distinct_test.php:12
/home/travis/build/bcit-ci/CodeIgniter/tests/mocks/ci_testcase.php:45
/home/travis/build/bcit-ci/CodeIgniter/tests/mocks/ci_testcase.php:351

8) Empty_test::test_empty_table
RuntimeException: Undefined property: CI_DB_mysql_driver::$_is_unbuffered

/home/travis/build/bcit-ci/CodeIgniter/tests/mocks/database/db.php:136
/home/travis/build/bcit-ci/CodeIgniter/tests/mocks/database/schema/skeleton.php:36
/home/travis/build/bcit-ci/CodeIgniter/tests/codeigniter/database/query_builder/empty_test.php:12
/home/travis/build/bcit-ci/CodeIgniter/tests/mocks/ci_testcase.php:45
/home/travis/build/bcit-ci/CodeIgniter/tests/mocks/ci_testcase.php:351

9) Escape_test::test_escape_like_percent_sign
RuntimeException: Undefined property: CI_DB_mysql_driver::$_is_unbuffered

/home/travis/build/bcit-ci/CodeIgniter/tests/mocks/database/db.php:136
/home/travis/build/bcit-ci/CodeIgniter/tests/mocks/database/schema/skeleton.php:36
/home/travis/build/bcit-ci/CodeIgniter/tests/codeigniter/database/query_builder/escape_test.php:12
/home/travis/build/bcit-ci/CodeIgniter/tests/mocks/ci_testcase.php:45
/home/travis/build/bcit-ci/CodeIgniter/tests/mocks/ci_testcase.php:351

10) Escape_test::test_escape_like_backslash_sign
RuntimeException: Undefined property: CI_DB_mysql_driver::$_is_unbuffered

/home/travis/build/bcit-ci/CodeIgniter/tests/mocks/database/db.php:136
/home/travis/build/bcit-ci/CodeIgniter/tests/mocks/database/schema/skeleton.php:36
/home/travis/build/bcit-ci/CodeIgniter/tests/codeigniter/database/query_builder/escape_test.php:12
/home/travis/build/bcit-ci/CodeIgniter/tests/mocks/ci_testcase.php:45
/home/travis/build/bcit-ci/CodeIgniter/tests/mocks/ci_testcase.php:351

11) From_test::test_from_simple
RuntimeException: Undefined property: CI_DB_mysql_driver::$_is_unbuffered

/home/travis/build/bcit-ci/CodeIgniter/tests/mocks/database/db.php:136
/home/travis/build/bcit-ci/CodeIgniter/tests/mocks/database/schema/skeleton.php:36
/home/travis/build/bcit-ci/CodeIgniter/tests/codeigniter/database/query_builder/from_test.php:12
/home/travis/build/bcit-ci/CodeIgniter/tests/mocks/ci_testcase.php:45
/home/travis/build/bcit-ci/CodeIgniter/tests/mocks/ci_testcase.php:351

12) From_test::test_from_with_where
RuntimeException: Undefined property: CI_DB_mysql_driver::$_is_unbuffered

/home/travis/build/bcit-ci/CodeIgniter/tests/mocks/database/db.php:136
/home/travis/build/bcit-ci/CodeIgniter/tests/mocks/database/schema/skeleton.php:36
/home/travis/build/bcit-ci/CodeIgniter/tests/codeigniter/database/query_builder/from_test.php:12
/home/travis/build/bcit-ci/CodeIgniter/tests/mocks/ci_testcase.php:45
/home/travis/build/bcit-ci/CodeIgniter/tests/mocks/ci_testcase.php:351

13) Get_test::test_get_simple
RuntimeException: Undefined property: CI_DB_mysql_driver::$_is_unbuffered

/home/travis/build/bcit-ci/CodeIgniter/tests/mocks/database/db.php:136
/home/travis/build/bcit-ci/CodeIgniter/tests/mocks/database/schema/skeleton.php:36
/home/travis/build/bcit-ci/CodeIgniter/tests/codeigniter/database/query_builder/get_test.php:12
/home/travis/build/bcit-ci/CodeIgniter/tests/mocks/ci_testcase.php:45
/home/travis/build/bcit-ci/CodeIgniter/tests/mocks/ci_testcase.php:351

14) Get_test::test_get_where
RuntimeException: Undefined property: CI_DB_mysql_driver::$_is_unbuffered

/home/travis/build/bcit-ci/CodeIgniter/tests/mocks/database/db.php:136
/home/travis/build/bcit-ci/CodeIgniter/tests/mocks/database/schema/skeleton.php:36
/home/travis/build/bcit-ci/CodeIgniter/tests/codeigniter/database/query_builder/get_test.php:12
/home/travis/build/bcit-ci/CodeIgniter/tests/mocks/ci_testcase.php:45
/home/travis/build/bcit-ci/CodeIgniter/tests/mocks/ci_testcase.php:351

15) Group_test::test_group_by
RuntimeException: Undefined property: CI_DB_mysql_driver::$_is_unbuffered

/home/travis/build/bcit-ci/CodeIgniter/tests/mocks/database/db.php:136
/home/travis/build/bcit-ci/CodeIgniter/tests/mocks/database/schema/skeleton.php:36
/home/travis/build/bcit-ci/CodeIgniter/tests/codeigniter/database/query_builder/group_test.php:12
/home/travis/build/bcit-ci/CodeIgniter/tests/mocks/ci_testcase.php:45
/home/travis/build/bcit-ci/CodeIgniter/tests/mocks/ci_testcase.php:351

16) Group_test::test_having_by
RuntimeException: Undefined property: CI_DB_mysql_driver::$_is_unbuffered

/home/travis/build/bcit-ci/CodeIgniter/tests/mocks/database/db.php:136
/home/travis/build/bcit-ci/CodeIgniter/tests/mocks/database/schema/skeleton.php:36
/home/travis/build/bcit-ci/CodeIgniter/tests/codeigniter/database/query_builder/group_test.php:12
/home/travis/build/bcit-ci/CodeIgniter/tests/mocks/ci_testcase.php:45
/home/travis/build/bcit-ci/CodeIgniter/tests/mocks/ci_testcase.php:351

17) Group_test::test_having_in
RuntimeException: Undefined property: CI_DB_mysql_driver::$_is_unbuffered

/home/travis/build/bcit-ci/CodeIgniter/tests/mocks/database/db.php:136
/home/travis/build/bcit-ci/CodeIgniter/tests/mocks/database/schema/skeleton.php:36
/home/travis/build/bcit-ci/CodeIgniter/tests/codeigniter/database/query_builder/group_test.php:12
/home/travis/build/bcit-ci/CodeIgniter/tests/mocks/ci_testcase.php:45
/home/travis/build/bcit-ci/CodeIgniter/tests/mocks/ci_testcase.php:351

18) Group_test::test_or_having_in
RuntimeException: Undefined property: CI_DB_mysql_driver::$_is_unbuffered

/home/travis/build/bcit-ci/CodeIgniter/tests/mocks/database/db.php:136
/home/travis/build/bcit-ci/CodeIgniter/tests/mocks/database/schema/skeleton.php:36
/home/travis/build/bcit-ci/CodeIgniter/tests/codeigniter/database/query_builder/group_test.php:12
/home/travis/build/bcit-ci/CodeIgniter/tests/mocks/ci_testcase.php:45
/home/travis/build/bcit-ci/CodeIgniter/tests/mocks/ci_testcase.php:351

19) Group_test::test_having_not_in
RuntimeException: Undefined property: CI_DB_mysql_driver::$_is_unbuffered

/home/travis/build/bcit-ci/CodeIgniter/tests/mocks/database/db.php:136
/home/travis/build/bcit-ci/CodeIgniter/tests/mocks/database/schema/skeleton.php:36
/home/travis/build/bcit-ci/CodeIgniter/tests/codeigniter/database/query_builder/group_test.php:12
/home/travis/build/bcit-ci/CodeIgniter/tests/mocks/ci_testcase.php:45
/home/travis/build/bcit-ci/CodeIgniter/tests/mocks/ci_testcase.php:351

20) Group_test::test_or_having_not_in
RuntimeException: Undefined property: CI_DB_mysql_driver::$_is_unbuffered

/home/travis/build/bcit-ci/CodeIgniter/tests/mocks/database/db.php:136
/home/travis/build/bcit-ci/CodeIgniter/tests/mocks/database/schema/skeleton.php:36
/home/travis/build/bcit-ci/CodeIgniter/tests/codeigniter/database/query_builder/group_test.php:12
/home/travis/build/bcit-ci/CodeIgniter/tests/mocks/ci_testcase.php:45
/home/travis/build/bcit-ci/CodeIgniter/tests/mocks/ci_testcase.php:351

21) Insert_test::test_insert
RuntimeException: Undefined property: CI_DB_mysql_driver::$_is_unbuffered

/home/travis/build/bcit-ci/CodeIgniter/tests/mocks/database/db.php:136
/home/travis/build/bcit-ci/CodeIgniter/tests/mocks/database/schema/skeleton.php:36
/home/travis/build/bcit-ci/CodeIgniter/tests/codeigniter/database/query_builder/insert_test.php:13
/home/travis/build/bcit-ci/CodeIgniter/tests/mocks/ci_testcase.php:45
/home/travis/build/bcit-ci/CodeIgniter/tests/mocks/ci_testcase.php:351

22) Insert_test::test_insert_batch
RuntimeException: Undefined property: CI_DB_mysql_driver::$_is_unbuffered

/home/travis/build/bcit-ci/CodeIgniter/tests/mocks/database/db.php:136
/home/travis/build/bcit-ci/CodeIgniter/tests/mocks/database/schema/skeleton.php:36
/home/travis/build/bcit-ci/CodeIgniter/tests/codeigniter/database/query_builder/insert_test.php:13
/home/travis/build/bcit-ci/CodeIgniter/tests/mocks/ci_testcase.php:45
/home/travis/build/bcit-ci/CodeIgniter/tests/mocks/ci_testcase.php:351

23) Join_test::test_join_simple
RuntimeException: Undefined property: CI_DB_mysql_driver::$_is_unbuffered

/home/travis/build/bcit-ci/CodeIgniter/tests/mocks/database/db.php:136
/home/travis/build/bcit-ci/CodeIgniter/tests/mocks/database/schema/skeleton.php:36
/home/travis/build/bcit-ci/CodeIgniter/tests/codeigniter/database/query_builder/join_test.php:12
/home/travis/build/bcit-ci/CodeIgniter/tests/mocks/ci_testcase.php:45
/home/travis/build/bcit-ci/CodeIgniter/tests/mocks/ci_testcase.php:351

24) Join_test::test_join_escape_is_null
RuntimeException: Undefined property: CI_DB_mysql_driver::$_is_unbuffered

/home/travis/build/bcit-ci/CodeIgniter/tests/mocks/database/db.php:136
/home/travis/build/bcit-ci/CodeIgniter/tests/mocks/database/schema/skeleton.php:36
/home/travis/build/bcit-ci/CodeIgniter/tests/codeigniter/database/query_builder/join_test.php:12
/home/travis/build/bcit-ci/CodeIgniter/tests/mocks/ci_testcase.php:45
/home/travis/build/bcit-ci/CodeIgniter/tests/mocks/ci_testcase.php:351

25) Join_test::test_join_escape_multiple_conditions
RuntimeException: Undefined property: CI_DB_mysql_driver::$_is_unbuffered

/home/travis/build/bcit-ci/CodeIgniter/tests/mocks/database/db.php:136
/home/travis/build/bcit-ci/CodeIgniter/tests/mocks/database/schema/skeleton.php:36
/home/travis/build/bcit-ci/CodeIgniter/tests/codeigniter/database/query_builder/join_test.php:12
/home/travis/build/bcit-ci/CodeIgniter/tests/mocks/ci_testcase.php:45
/home/travis/build/bcit-ci/CodeIgniter/tests/mocks/ci_testcase.php:351

26) Join_test::test_join_escape_multiple_conditions_with_parentheses
RuntimeException: Undefined property: CI_DB_mysql_driver::$_is_unbuffered

/home/travis/build/bcit-ci/CodeIgniter/tests/mocks/database/db.php:136
/home/travis/build/bcit-ci/CodeIgniter/tests/mocks/database/schema/skeleton.php:36
/home/travis/build/bcit-ci/CodeIgniter/tests/codeigniter/database/query_builder/join_test.php:12
/home/travis/build/bcit-ci/CodeIgniter/tests/mocks/ci_testcase.php:45
/home/travis/build/bcit-ci/CodeIgniter/tests/mocks/ci_testcase.php:351

27) Like_test::test_like
RuntimeException: Undefined property: CI_DB_mysql_driver::$_is_unbuffered

/home/travis/build/bcit-ci/CodeIgniter/tests/mocks/database/db.php:136
/home/travis/build/bcit-ci/CodeIgniter/tests/mocks/database/schema/skeleton.php:36
/home/travis/build/bcit-ci/CodeIgniter/tests/codeigniter/database/query_builder/like_test.php:12
/home/travis/build/bcit-ci/CodeIgniter/tests/mocks/ci_testcase.php:45
/home/travis/build/bcit-ci/CodeIgniter/tests/mocks/ci_testcase.php:351

28) Like_test::test_or_like
RuntimeException: Undefined property: CI_DB_mysql_driver::$_is_unbuffered

/home/travis/build/bcit-ci/CodeIgniter/tests/mocks/database/db.php:136
/home/travis/build/bcit-ci/CodeIgniter/tests/mocks/database/schema/skeleton.php:36
/home/travis/build/bcit-ci/CodeIgniter/tests/codeigniter/database/query_builder/like_test.php:12
/home/travis/build/bcit-ci/CodeIgniter/tests/mocks/ci_testcase.php:45
/home/travis/build/bcit-ci/CodeIgniter/tests/mocks/ci_testcase.php:351

29) Like_test::test_not_like
RuntimeException: Undefined property: CI_DB_mysql_driver::$_is_unbuffered

/home/travis/build/bcit-ci/CodeIgniter/tests/mocks/database/db.php:136
/home/travis/build/bcit-ci/CodeIgniter/tests/mocks/database/schema/skeleton.php:36
/home/travis/build/bcit-ci/CodeIgniter/tests/codeigniter/database/query_builder/like_test.php:12
/home/travis/build/bcit-ci/CodeIgniter/tests/mocks/ci_testcase.php:45
/home/travis/build/bcit-ci/CodeIgniter/tests/mocks/ci_testcase.php:351

30) Like_test::test_or_not_like
RuntimeException: Undefined property: CI_DB_mysql_driver::$_is_unbuffered

/home/travis/build/bcit-ci/CodeIgniter/tests/mocks/database/db.php:136
/home/travis/build/bcit-ci/CodeIgniter/tests/mocks/database/schema/skeleton.php:36
/home/travis/build/bcit-ci/CodeIgniter/tests/codeigniter/database/query_builder/like_test.php:12
/home/travis/build/bcit-ci/CodeIgniter/tests/mocks/ci_testcase.php:45
/home/travis/build/bcit-ci/CodeIgniter/tests/mocks/ci_testcase.php:351

31) Like_test::test_like_spaces_and_tabs
RuntimeException: Undefined property: CI_DB_mysql_driver::$_is_unbuffered

/home/travis/build/bcit-ci/CodeIgniter/tests/mocks/database/db.php:136
/home/travis/build/bcit-ci/CodeIgniter/tests/mocks/database/schema/skeleton.php:36
/home/travis/build/bcit-ci/CodeIgniter/tests/codeigniter/database/query_builder/like_test.php:12
/home/travis/build/bcit-ci/CodeIgniter/tests/mocks/ci_testcase.php:45
/home/travis/build/bcit-ci/CodeIgniter/tests/mocks/ci_testcase.php:351

32) Like_test::test_like_set_side with data set #0 ('Developer', 'none', 'Developer')
RuntimeException: Undefined property: CI_DB_mysql_driver::$_is_unbuffered

/home/travis/build/bcit-ci/CodeIgniter/tests/mocks/database/db.php:136
/home/travis/build/bcit-ci/CodeIgniter/tests/mocks/database/schema/skeleton.php:36
/home/travis/build/bcit-ci/CodeIgniter/tests/codeigniter/database/query_builder/like_test.php:12
/home/travis/build/bcit-ci/CodeIgniter/tests/mocks/ci_testcase.php:45
/home/travis/build/bcit-ci/CodeIgniter/tests/mocks/ci_testcase.php:351

33) Like_test::test_like_set_side with data set #1 ('tician', 'before', 'Politician')
RuntimeException: Undefined property: CI_DB_mysql_driver::$_is_unbuffered

/home/travis/build/bcit-ci/CodeIgniter/tests/mocks/database/db.php:136
/home/travis/build/bcit-ci/CodeIgniter/tests/mocks/database/schema/skeleton.php:36
/home/travis/build/bcit-ci/CodeIgniter/tests/codeigniter/database/query_builder/like_test.php:12
/home/travis/build/bcit-ci/CodeIgniter/tests/mocks/ci_testcase.php:45
/home/travis/build/bcit-ci/CodeIgniter/tests/mocks/ci_testcase.php:351

34) Like_test::test_like_set_side with data set #2 ('Accou', 'after', 'Accountant')
RuntimeException: Undefined property: CI_DB_mysql_driver::$_is_unbuffered

/home/travis/build/bcit-ci/CodeIgniter/tests/mocks/database/db.php:136
/home/travis/build/bcit-ci/CodeIgniter/tests/mocks/database/schema/skeleton.php:36
/home/travis/build/bcit-ci/CodeIgniter/tests/codeigniter/database/query_builder/like_test.php:12
/home/travis/build/bcit-ci/CodeIgniter/tests/mocks/ci_testcase.php:45
/home/travis/build/bcit-ci/CodeIgniter/tests/mocks/ci_testcase.php:351

35) Like_test::test_like_set_side with data set #3 ('usicia', 'both', 'Musician')
RuntimeException: Undefined property: CI_DB_mysql_driver::$_is_unbuffered

/home/travis/build/bcit-ci/CodeIgniter/tests/mocks/database/db.php:136
/home/travis/build/bcit-ci/CodeIgniter/tests/mocks/database/schema/skeleton.php:36
/home/travis/build/bcit-ci/CodeIgniter/tests/codeigniter/database/query_builder/like_test.php:12
/home/travis/build/bcit-ci/CodeIgniter/tests/mocks/ci_testcase.php:45
/home/travis/build/bcit-ci/CodeIgniter/tests/mocks/ci_testcase.php:351

36) Limit_test::test_limit
RuntimeException: Undefined property: CI_DB_mysql_driver::$_is_unbuffered

/home/travis/build/bcit-ci/CodeIgniter/tests/mocks/database/db.php:136
/home/travis/build/bcit-ci/CodeIgniter/tests/mocks/database/schema/skeleton.php:36
/home/travis/build/bcit-ci/CodeIgniter/tests/codeigniter/database/query_builder/limit_test.php:12
/home/travis/build/bcit-ci/CodeIgniter/tests/mocks/ci_testcase.php:45
/home/travis/build/bcit-ci/CodeIgniter/tests/mocks/ci_testcase.php:351

37) Limit_test::test_limit_and_offset
RuntimeException: Undefined property: CI_DB_mysql_driver::$_is_unbuffered

/home/travis/build/bcit-ci/CodeIgniter/tests/mocks/database/db.php:136
/home/travis/build/bcit-ci/CodeIgniter/tests/mocks/database/schema/skeleton.php:36
/home/travis/build/bcit-ci/CodeIgniter/tests/codeigniter/database/query_builder/limit_test.php:12
/home/travis/build/bcit-ci/CodeIgniter/tests/mocks/ci_testcase.php:45
/home/travis/build/bcit-ci/CodeIgniter/tests/mocks/ci_testcase.php:351

38) Order_test::test_order_ascending
RuntimeException: Undefined property: CI_DB_mysql_driver::$_is_unbuffered

/home/travis/build/bcit-ci/CodeIgniter/tests/mocks/database/db.php:136
/home/travis/build/bcit-ci/CodeIgniter/tests/mocks/database/schema/skeleton.php:36
/home/travis/build/bcit-ci/CodeIgniter/tests/codeigniter/database/query_builder/order_test.php:12
/home/travis/build/bcit-ci/CodeIgniter/tests/mocks/ci_testcase.php:45
/home/travis/build/bcit-ci/CodeIgniter/tests/mocks/ci_testcase.php:351

39) Order_test::test_order_descending
RuntimeException: Undefined property: CI_DB_mysql_driver::$_is_unbuffered

/home/travis/build/bcit-ci/CodeIgniter/tests/mocks/database/db.php:136
/home/travis/build/bcit-ci/CodeIgniter/tests/mocks/database/schema/skeleton.php:36
/home/travis/build/bcit-ci/CodeIgniter/tests/codeigniter/database/query_builder/order_test.php:12
/home/travis/build/bcit-ci/CodeIgniter/tests/mocks/ci_testcase.php:45
/home/travis/build/bcit-ci/CodeIgniter/tests/mocks/ci_testcase.php:351

40) Select_test::test_select_only_one_collumn
RuntimeException: Undefined property: CI_DB_mysql_driver::$_is_unbuffered

/home/travis/build/bcit-ci/CodeIgniter/tests/mocks/database/db.php:136
/home/travis/build/bcit-ci/CodeIgniter/tests/mocks/database/schema/skeleton.php:36
/home/travis/build/bcit-ci/CodeIgniter/tests/codeigniter/database/query_builder/select_test.php:12
/home/travis/build/bcit-ci/CodeIgniter/tests/mocks/ci_testcase.php:45
/home/travis/build/bcit-ci/CodeIgniter/tests/mocks/ci_testcase.php:351

41) Select_test::test_select_min
RuntimeException: Undefined property: CI_DB_mysql_driver::$_is_unbuffered

/home/travis/build/bcit-ci/CodeIgniter/tests/mocks/database/db.php:136
/home/travis/build/bcit-ci/CodeIgniter/tests/mocks/database/schema/skeleton.php:36
/home/travis/build/bcit-ci/CodeIgniter/tests/codeigniter/database/query_builder/select_test.php:12
/home/travis/build/bcit-ci/CodeIgniter/tests/mocks/ci_testcase.php:45
/home/travis/build/bcit-ci/CodeIgniter/tests/mocks/ci_testcase.php:351

42) Select_test::test_select_max
RuntimeException: Undefined property: CI_DB_mysql_driver::$_is_unbuffered

/home/travis/build/bcit-ci/CodeIgniter/tests/mocks/database/db.php:136
/home/travis/build/bcit-ci/CodeIgniter/tests/mocks/database/schema/skeleton.php:36
/home/travis/build/bcit-ci/CodeIgniter/tests/codeigniter/database/query_builder/select_test.php:12
/home/travis/build/bcit-ci/CodeIgniter/tests/mocks/ci_testcase.php:45
/home/travis/build/bcit-ci/CodeIgniter/tests/mocks/ci_testcase.php:351

43) Select_test::test_select_avg
RuntimeException: Undefined property: CI_DB_mysql_driver::$_is_unbuffered

/home/travis/build/bcit-ci/CodeIgniter/tests/mocks/database/db.php:136
/home/travis/build/bcit-ci/CodeIgniter/tests/mocks/database/schema/skeleton.php:36
/home/travis/build/bcit-ci/CodeIgniter/tests/codeigniter/database/query_builder/select_test.php:12
/home/travis/build/bcit-ci/CodeIgniter/tests/mocks/ci_testcase.php:45
/home/travis/build/bcit-ci/CodeIgniter/tests/mocks/ci_testcase.php:351

44) Select_test::test_select_sum
RuntimeException: Undefined property: CI_DB_mysql_driver::$_is_unbuffered

/home/travis/build/bcit-ci/CodeIgniter/tests/mocks/database/db.php:136
/home/travis/build/bcit-ci/CodeIgniter/tests/mocks/database/schema/skeleton.php:36
/home/travis/build/bcit-ci/CodeIgniter/tests/codeigniter/database/query_builder/select_test.php:12
/home/travis/build/bcit-ci/CodeIgniter/tests/mocks/ci_testcase.php:45
/home/travis/build/bcit-ci/CodeIgniter/tests/mocks/ci_testcase.php:351

45) Truncate_test::test_truncate
RuntimeException: Undefined property: CI_DB_mysql_driver::$_is_unbuffered

/home/travis/build/bcit-ci/CodeIgniter/tests/mocks/database/db.php:136
/home/travis/build/bcit-ci/CodeIgniter/tests/mocks/database/schema/skeleton.php:36
/home/travis/build/bcit-ci/CodeIgniter/tests/codeigniter/database/query_builder/truncate_test.php:12
/home/travis/build/bcit-ci/CodeIgniter/tests/mocks/ci_testcase.php:45
/home/travis/build/bcit-ci/CodeIgniter/tests/mocks/ci_testcase.php:351

46) Truncate_test::test_truncate_with_from
RuntimeException: Undefined property: CI_DB_mysql_driver::$_is_unbuffered

/home/travis/build/bcit-ci/CodeIgniter/tests/mocks/database/db.php:136
/home/travis/build/bcit-ci/CodeIgniter/tests/mocks/database/schema/skeleton.php:36
/home/travis/build/bcit-ci/CodeIgniter/tests/codeigniter/database/query_builder/truncate_test.php:12
/home/travis/build/bcit-ci/CodeIgniter/tests/mocks/ci_testcase.php:45
/home/travis/build/bcit-ci/CodeIgniter/tests/mocks/ci_testcase.php:351

47) Update_test::test_update
RuntimeException: Undefined property: CI_DB_mysql_driver::$_is_unbuffered

/home/travis/build/bcit-ci/CodeIgniter/tests/mocks/database/db.php:136
/home/travis/build/bcit-ci/CodeIgniter/tests/mocks/database/schema/skeleton.php:36
/home/travis/build/bcit-ci/CodeIgniter/tests/codeigniter/database/query_builder/update_test.php:12
/home/travis/build/bcit-ci/CodeIgniter/tests/mocks/ci_testcase.php:45
/home/travis/build/bcit-ci/CodeIgniter/tests/mocks/ci_testcase.php:351

48) Update_test::test_update_with_set
RuntimeException: Undefined property: CI_DB_mysql_driver::$_is_unbuffered

/home/travis/build/bcit-ci/CodeIgniter/tests/mocks/database/db.php:136
/home/travis/build/bcit-ci/CodeIgniter/tests/mocks/database/schema/skeleton.php:36
/home/travis/build/bcit-ci/CodeIgniter/tests/codeigniter/database/query_builder/update_test.php:12
/home/travis/build/bcit-ci/CodeIgniter/tests/mocks/ci_testcase.php:45
/home/travis/build/bcit-ci/CodeIgniter/tests/mocks/ci_testcase.php:351

49) Where_test::test_where_simple_key_value
RuntimeException: Undefined property: CI_DB_mysql_driver::$_is_unbuffered

/home/travis/build/bcit-ci/CodeIgniter/tests/mocks/database/db.php:136
/home/travis/build/bcit-ci/CodeIgniter/tests/mocks/database/schema/skeleton.php:36
/home/travis/build/bcit-ci/CodeIgniter/tests/codeigniter/database/query_builder/where_test.php:12
/home/travis/build/bcit-ci/CodeIgniter/tests/mocks/ci_testcase.php:45
/home/travis/build/bcit-ci/CodeIgniter/tests/mocks/ci_testcase.php:351

50) Where_test::test_where_custom_key_value
RuntimeException: Undefined property: CI_DB_mysql_driver::$_is_unbuffered

/home/travis/build/bcit-ci/CodeIgniter/tests/mocks/database/db.php:136
/home/travis/build/bcit-ci/CodeIgniter/tests/mocks/database/schema/skeleton.php:36
/home/travis/build/bcit-ci/CodeIgniter/tests/codeigniter/database/query_builder/where_test.php:12
/home/travis/build/bcit-ci/CodeIgniter/tests/mocks/ci_testcase.php:45
/home/travis/build/bcit-ci/CodeIgniter/tests/mocks/ci_testcase.php:351

51) Where_test::test_where_associative_array
RuntimeException: Undefined property: CI_DB_mysql_driver::$_is_unbuffered

/home/travis/build/bcit-ci/CodeIgniter/tests/mocks/database/db.php:136
/home/travis/build/bcit-ci/CodeIgniter/tests/mocks/database/schema/skeleton.php:36
/home/travis/build/bcit-ci/CodeIgniter/tests/codeigniter/database/query_builder/where_test.php:12
/home/travis/build/bcit-ci/CodeIgniter/tests/mocks/ci_testcase.php:45
/home/travis/build/bcit-ci/CodeIgniter/tests/mocks/ci_testcase.php:351

52) Where_test::test_where_custom_string
RuntimeException: Undefined property: CI_DB_mysql_driver::$_is_unbuffered

/home/travis/build/bcit-ci/CodeIgniter/tests/mocks/database/db.php:136
/home/travis/build/bcit-ci/CodeIgniter/tests/mocks/database/schema/skeleton.php:36
/home/travis/build/bcit-ci/CodeIgniter/tests/codeigniter/database/query_builder/where_test.php:12
/home/travis/build/bcit-ci/CodeIgniter/tests/mocks/ci_testcase.php:45
/home/travis/build/bcit-ci/CodeIgniter/tests/mocks/ci_testcase.php:351

53) Where_test::test_where_or
RuntimeException: Undefined property: CI_DB_mysql_driver::$_is_unbuffered

/home/travis/build/bcit-ci/CodeIgniter/tests/mocks/database/db.php:136
/home/travis/build/bcit-ci/CodeIgniter/tests/mocks/database/schema/skeleton.php:36
/home/travis/build/bcit-ci/CodeIgniter/tests/codeigniter/database/query_builder/where_test.php:12
/home/travis/build/bcit-ci/CodeIgniter/tests/mocks/ci_testcase.php:45
/home/travis/build/bcit-ci/CodeIgniter/tests/mocks/ci_testcase.php:351

54) Where_test::test_where_in
RuntimeException: Undefined property: CI_DB_mysql_driver::$_is_unbuffered

/home/travis/build/bcit-ci/CodeIgniter/tests/mocks/database/db.php:136
/home/travis/build/bcit-ci/CodeIgniter/tests/mocks/database/schema/skeleton.php:36
/home/travis/build/bcit-ci/CodeIgniter/tests/codeigniter/database/query_builder/where_test.php:12
/home/travis/build/bcit-ci/CodeIgniter/tests/mocks/ci_testcase.php:45
/home/travis/build/bcit-ci/CodeIgniter/tests/mocks/ci_testcase.php:351

55) Where_test::test_where_not_in
RuntimeException: Undefined property: CI_DB_mysql_driver::$_is_unbuffered

/home/travis/build/bcit-ci/CodeIgniter/tests/mocks/database/db.php:136
/home/travis/build/bcit-ci/CodeIgniter/tests/mocks/database/schema/skeleton.php:36
/home/travis/build/bcit-ci/CodeIgniter/tests/codeigniter/database/query_builder/where_test.php:12
/home/travis/build/bcit-ci/CodeIgniter/tests/mocks/ci_testcase.php:45
/home/travis/build/bcit-ci/CodeIgniter/tests/mocks/ci_testcase.php:351

56) Where_test::test_issue4093
RuntimeException: Undefined property: CI_DB_mysql_driver::$_is_unbuffered

/home/travis/build/bcit-ci/CodeIgniter/tests/mocks/database/db.php:136
/home/travis/build/bcit-ci/CodeIgniter/tests/mocks/database/schema/skeleton.php:36
/home/travis/build/bcit-ci/CodeIgniter/tests/codeigniter/database/query_builder/where_test.php:12
/home/travis/build/bcit-ci/CodeIgniter/tests/mocks/ci_testcase.php:45
/home/travis/build/bcit-ci/CodeIgniter/tests/mocks/ci_testcase.php:351</Output>
      </ExampleDataOfString>
      <ExampleDataOfString>
        <InputPath>PHP/bcit-ci@CodeIgniter/failed/507107253.log</InputPath>
        <Output>1) Form_validation_test::test_rule_valid_date
Failed asserting that false is true.

/home/travis/build/bcit-ci/CodeIgniter/tests/codeigniter/libraries/Form_validation_test.php:318
/home/travis/build/bcit-ci/CodeIgniter/tests/mocks/ci_testcase.php:351</Output>
      </ExampleDataOfString>
      <ExampleDataOfString>
        <InputPath>PHP/bcit-ci@CodeIgniter/failed/507195141.log</InputPath>
        <Output>1) Form_validation_test::test_rule_valid_date
Failed asserting that false is true.

/home/travis/build/bcit-ci/CodeIgniter/tests/codeigniter/libraries/Form_validation_test.php:318
/home/travis/build/bcit-ci/CodeIgniter/tests/mocks/ci_testcase.php:351</Output>
      </ExampleDataOfString>
      <ExampleDataOfString>
        <InputPath>PHP/bcit-ci@CodeIgniter/failed/507199842.log</InputPath>
        <Output>1) Form_validation_test::test_rule_valid_date
Failed asserting that false is true.

/home/travis/build/bcit-ci/CodeIgniter/tests/codeigniter/libraries/Form_validation_test.php:318
/home/travis/build/bcit-ci/CodeIgniter/tests/mocks/ci_testcase.php:351</Output>
      </ExampleDataOfString>
      <ExampleDataOfString>
        <InputPath>PHP/bcit-ci@CodeIgniter/failed/514356719.log</InputPath>
        <Output>1) Form_validation_test::test_rule_valid_date
Failed asserting that false is true.

/home/travis/build/bcit-ci/CodeIgniter/tests/codeigniter/libraries/Form_validation_test.php:318
/home/travis/build/bcit-ci/CodeIgniter/tests/mocks/ci_testcase.php:351</Output>
      </ExampleDataOfString>
      <ExampleDataOfString>
        <InputPath>PHP/bcit-ci@CodeIgniter/failed/523143840.log</InputPath>
        <Output>1) Log_test::test_format_line
Failed asserting that two strings are equal.
--- Expected
+++ Actual
@@ @@
 'LEVEL - Timestamp --> Message
 '

/home/travis/build/bcit-ci/CodeIgniter/tests/codeigniter/core/Log_test.php:61
/home/travis/build/bcit-ci/CodeIgniter/tests/mocks/ci_testcase.php:351</Output>
      </ExampleDataOfString>
      <ExampleDataOfString>
        <InputPath>PHP/bcit-ci@CodeIgniter/failed/523684642.log</InputPath>
        <Output>1) Log_test::test_format_line
Failed asserting that two strings are equal.
--- Expected
+++ Actual
@@ @@
 'LEVEL - Timestamp --> Message
 '

/home/travis/build/bcit-ci/CodeIgniter/tests/codeigniter/core/Log_test.php:61
/home/travis/build/bcit-ci/CodeIgniter/tests/mocks/ci_testcase.php:351</Output>
      </ExampleDataOfString>
      <ExampleDataOfString>
        <InputPath>PHP/bcit-ci@CodeIgniter/failed/532942148.log</InputPath>
        <Output>1) Input_test::test_get_exist_with_xss_clean
Failed asserting that two strings are equal.
--- Expected
+++ Actual
@@ @@
-'Hello, i try to [removed]alert&amp;#40;'Hack'&amp;#41;;[removed] your site'
+''

/home/travis/build/bcit-ci/CodeIgniter/tests/codeigniter/core/Input_test.php:51
/home/travis/build/bcit-ci/CodeIgniter/tests/mocks/ci_testcase.php:351

2) Input_test::test_post_exist_with_xss_clean
Failed asserting that two strings are equal.
--- Expected
+++ Actual
@@ @@
-'Hello, i try to [removed]alert&amp;#40;'Hack'&amp;#41;;[removed] your site'
+''

/home/travis/build/bcit-ci/CodeIgniter/tests/codeigniter/core/Input_test.php:82
/home/travis/build/bcit-ci/CodeIgniter/tests/mocks/ci_testcase.php:351

3) Input_test::test_fetch_from_array
Failed asserting that two strings are equal.
--- Expected
+++ Actual
@@ @@
-'Hello, i try to [removed]alert&amp;#40;'Hack'&amp;#41;;[removed] your site'
+''

/home/travis/build/bcit-ci/CodeIgniter/tests/codeigniter/core/Input_test.php:136
/home/travis/build/bcit-ci/CodeIgniter/tests/mocks/ci_testcase.php:351

4) Security_test::test_xss_clean
Failed asserting that two strings are equal.
--- Expected
+++ Actual
@@ @@
-'Hello, i try to [removed]alert&amp;#40;'Hack'&amp;#41;;[removed] your site'
+''

/home/travis/build/bcit-ci/CodeIgniter/tests/codeigniter/core/Security_test.php:71
/home/travis/build/bcit-ci/CodeIgniter/tests/mocks/ci_testcase.php:351

5) Security_test::test_xss_clean_string_array
Failed asserting that two strings are equal.
--- Expected
+++ Actual
@@ @@
-'Hello, i try to [removed]alert&amp;#40;'Hack'&amp;#41;;[removed] your site'
+''

/home/travis/build/bcit-ci/CodeIgniter/tests/codeigniter/core/Security_test.php:86
/home/travis/build/bcit-ci/CodeIgniter/tests/mocks/ci_testcase.php:351

6) Security_test::test_xss_clean_image_invalid
Failed asserting that '' is false.

/home/travis/build/bcit-ci/CodeIgniter/tests/codeigniter/core/Security_test.php:110
/home/travis/build/bcit-ci/CodeIgniter/tests/mocks/ci_testcase.php:351

7) Security_test::test_xss_clean_entity_double_encoded
Failed asserting that two strings are equal.
--- Expected
+++ Actual
@@ @@
-'<a>Clickhere</a>'
+''

/home/travis/build/bcit-ci/CodeIgniter/tests/codeigniter/core/Security_test.php:118
/home/travis/build/bcit-ci/CodeIgniter/tests/mocks/ci_testcase.php:351

8) Security_test::test_xss_clean_js_img_removal
Failed asserting that two strings are equal.
--- Expected
+++ Actual
@@ @@
-'<img>'
+''

/home/travis/build/bcit-ci/CodeIgniter/tests/codeigniter/core/Security_test.php:137
/home/travis/build/bcit-ci/CodeIgniter/tests/mocks/ci_testcase.php:351

9) Security_test::test_xss_clean_sanitize_naughty_html_tags
Failed asserting that two strings are equal.
--- Expected
+++ Actual
@@ @@
-'&amp;lt;unclosedTag'
+''

/home/travis/build/bcit-ci/CodeIgniter/tests/codeigniter/core/Security_test.php:144
/home/travis/build/bcit-ci/CodeIgniter/tests/mocks/ci_testcase.php:351

10) Security_test::test_xss_clean_sanitize_naughty_html_attributes
Failed asserting that two strings are equal.
--- Expected
+++ Actual
@@ @@
-'<foo xss=removed>'
+''

/home/travis/build/bcit-ci/CodeIgniter/tests/codeigniter/core/Security_test.php:168
/home/travis/build/bcit-ci/CodeIgniter/tests/mocks/ci_testcase.php:351

11) Cookie_helper_test::test_get_cookie
Failed asserting that two strings are equal.
--- Expected
+++ Actual
@@ @@
-'bar'
+''

/home/travis/build/bcit-ci/CodeIgniter/tests/codeigniter/helpers/cookie_helper_test.php:37
/home/travis/build/bcit-ci/CodeIgniter/tests/mocks/ci_testcase.php:351

12) Security_helper_tests::test_xss_clean
Failed asserting that two strings are equal.
--- Expected
+++ Actual
@@ @@
-'foo'
+''

/home/travis/build/bcit-ci/CodeIgniter/tests/codeigniter/helpers/security_helper_test.php:15
/home/travis/build/bcit-ci/CodeIgniter/tests/mocks/ci_testcase.php:351

13) Upload_test::test_do_xss_clean
Failed asserting that '' is true.

/home/travis/build/bcit-ci/CodeIgniter/tests/codeigniter/libraries/Upload_test.php:265
/home/travis/build/bcit-ci/CodeIgniter/tests/mocks/ci_testcase.php:351</Output>
      </ExampleDataOfString>
    </Examples>
  </LearningData>
  <LogKind>
    <Language>java</Language>
    <BuildTool>android</BuildTool>
  </LogKind>
  <Target>BuildFailureReason</Target>
</AnalysisProgramOfRegionAnalysisSessionString>